2017-10-07 08:23:30: select * from `users` where `id` = '36' and `users`.`deleted_at` is null limit 1
2017-10-07 08:23:30: select * from `doctors` where `doctors`.`users_id` = 36 and `doctors`.`users_id` is not null and `doctors`.`deleted_at` is null limit 1
2017-10-07 08:23:30: select count(*) as aggregate from `member_requests` where `member_requests`.`deleted_at` is null
2017-10-07 08:23:30: select count(*) as aggregate from `member_request_doctors` where `doctors_id` = '36'
2017-10-07 08:23:30: select count(*) as aggregate from `services` where `doctors_id` = '36' and `opened_at` is null and `services`.`deleted_at` is null
2017-10-07 08:23:30: select * from `messages` where `doctors_id` = '36' and `doctor_readed_at` is null and `visible` = 1 order by `created_at` desc
2017-10-07 08:23:30: select * from `services` where `members_id` = 37 and `payment_status` = 1 and `services`.`deleted_at` is null order by `id` desc limit 1
2017-10-07 08:23:30: select * from `parameters` where `type` = 'banner'
2017-10-07 08:23:30: select * from `parameters` where `type` = 'setting' and `key` = 'service_email' limit 1
2017-10-07 08:23:55: select * from `users` where `id` = '36' and `users`.`deleted_at` is null limit 1
2017-10-07 08:23:55: select * from `doctors` where `doctors`.`users_id` = 36 and `doctors`.`users_id` is not null and `doctors`.`deleted_at` is null limit 1
2017-10-07 08:23:55: select count(*) as aggregate from `member_requests` where `member_requests`.`deleted_at` is null
2017-10-07 08:23:55: select count(*) as aggregate from `member_request_doctors` where `doctors_id` = '36'
2017-10-07 08:23:55: select count(*) as aggregate from `services` where `doctors_id` = '36' and `opened_at` is null and `services`.`deleted_at` is null
2017-10-07 08:23:55: select * from `messages` where `doctors_id` = '36' and `doctor_readed_at` is null and `visible` = 1 order by `created_at` desc
2017-10-07 08:23:55: select * from `services` where `members_id` = 37 and `payment_status` = 1 and `services`.`deleted_at` is null order by `id` desc limit 1
2017-10-07 08:23:55: select * from `parameters` where `type` = 'banner'
2017-10-07 08:23:55: select * from `parameters` where `type` = 'setting' and `key` = 'service_email' limit 1
2017-10-07 08:24:17: select * from `users` where `id` = '36' and `users`.`deleted_at` is null limit 1
2017-10-07 08:24:17: select * from `doctors` where `doctors`.`users_id` = 36 and `doctors`.`users_id` is not null and `doctors`.`deleted_at` is null limit 1
2017-10-07 08:24:17: select count(*) as aggregate from `member_requests` where `member_requests`.`deleted_at` is null
2017-10-07 08:24:17: select count(*) as aggregate from `member_request_doctors` where `doctors_id` = '36'
2017-10-07 08:24:17: select count(*) as aggregate from `services` where `doctors_id` = '36' and `opened_at` is null and `services`.`deleted_at` is null
2017-10-07 08:24:17: select * from `messages` where `doctors_id` = '36' and `doctor_readed_at` is null and `visible` = 1 order by `created_at` desc
2017-10-07 08:24:17: select * from `services` where `members_id` = 37 and `payment_status` = 1 and `services`.`deleted_at` is null order by `id` desc limit 1
2017-10-07 08:24:17: select * from `parameters` where `type` = 'banner'
2017-10-07 08:24:17: select * from `parameters` where `type` = 'setting' and `key` = 'service_email' limit 1
2017-10-07 08:25:06: select count(*) as aggregate from `users` where `id` = '41'
2017-10-07 08:25:06: select * from `users` where `id` = '41' and `users`.`deleted_at` is null limit 1
2017-10-07 08:25:06: select * from `users` where `city_id` = 1 and `login_type` = '2' and `online` = 1 and `users`.`deleted_at` is null order by `online_at` desc
2017-10-07 08:25:06: select * from `messages` where `source` = 'doctor' and `started_at` is not null and `messages`.`doctors_id` in (3, 6, 8, 22, 25, 28, 29, 30, 31, 32, 33, 34, 36, 39, 42) and `members_id` = '41' order by `started_at` desc
2017-10-07 08:25:06: select * from `doctors` where `users_id` = 36 and `doctors`.`deleted_at` is null limit 1
2017-10-07 08:25:06: select * from `services` where `members_id` = '41' and `payment_status` = 1 and `services`.`deleted_at` is null order by `id` desc limit 1
2017-10-07 08:25:06: select * from `doctors` where `users_id` = 39 and `doctors`.`deleted_at` is null limit 1
2017-10-07 08:25:06: select * from `services` where `members_id` = '41' and `payment_status` = 1 and `services`.`deleted_at` is null order by `id` desc limit 1
2017-10-07 08:25:06: select * from `doctors` where `users_id` = 34 and `doctors`.`deleted_at` is null limit 1
2017-10-07 08:25:06: select * from `services` where `members_id` = '41' and `payment_status` = 1 and `services`.`deleted_at` is null order by `id` desc limit 1
2017-10-07 08:25:06: select * from `doctors` where `users_id` = 22 and `doctors`.`deleted_at` is null limit 1
2017-10-07 08:25:06: select * from `services` where `members_id` = '41' and `payment_status` = 1 and `services`.`deleted_at` is null order by `id` desc limit 1
2017-10-07 08:25:06: select * from `doctors` where `users_id` = 30 and `doctors`.`deleted_at` is null limit 1
2017-10-07 08:25:06: select * from `services` where `members_id` = '41' and `payment_status` = 1 and `services`.`deleted_at` is null order by `id` desc limit 1
2017-10-07 08:25:06: select * from `doctors` where `users_id` = 42 and `doctors`.`deleted_at` is null limit 1
2017-10-07 08:25:06: select * from `services` where `members_id` = '41' and `payment_status` = 1 and `services`.`deleted_at` is null order by `id` desc limit 1
2017-10-07 08:25:06: select * from `doctors` where `users_id` = 8 and `doctors`.`deleted_at` is null limit 1
2017-10-07 08:25:06: select * from `services` where `members_id` = '41' and `payment_status` = 1 and `services`.`deleted_at` is null order by `id` desc limit 1
2017-10-07 08:25:06: select * from `doctors` where `users_id` = 29 and `doctors`.`deleted_at` is null limit 1
2017-10-07 08:25:06: select * from `services` where `members_id` = '41' and `payment_status` = 1 and `services`.`deleted_at` is null order by `id` desc limit 1
2017-10-07 08:25:06: select * from `doctors` where `users_id` = 32 and `doctors`.`deleted_at` is null limit 1
2017-10-07 08:25:06: select * from `services` where `members_id` = '41' and `payment_status` = 1 and `services`.`deleted_at` is null order by `id` desc limit 1
2017-10-07 08:25:06: select * from `doctors` where `users_id` = 33 and `doctors`.`deleted_at` is null limit 1
2017-10-07 08:25:06: select * from `services` where `members_id` = '41' and `payment_status` = 1 and `services`.`deleted_at` is null order by `id` desc limit 1
2017-10-07 08:25:06: select * from `doctors` where `users_id` = 31 and `doctors`.`deleted_at` is null limit 1
2017-10-07 08:25:06: select * from `services` where `members_id` = '41' and `payment_status` = 1 and `services`.`deleted_at` is null order by `id` desc limit 1
2017-10-07 08:25:06: select * from `doctors` where `users_id` = 25 and `doctors`.`deleted_at` is null limit 1
2017-10-07 08:25:06: select * from `services` where `members_id` = '41' and `payment_status` = 1 and `services`.`deleted_at` is null order by `id` desc limit 1
2017-10-07 08:25:06: select * from `doctors` where `users_id` = 28 and `doctors`.`deleted_at` is null limit 1
2017-10-07 08:25:06: select * from `services` where `members_id` = '41' and `payment_status` = 1 and `services`.`deleted_at` is null order by `id` desc limit 1
2017-10-07 08:25:06: select * from `doctors` where `users_id` = 6 and `doctors`.`deleted_at` is null limit 1
2017-10-07 08:25:06: select * from `services` where `members_id` = '41' and `payment_status` = 1 and `services`.`deleted_at` is null order by `id` desc limit 1
2017-10-07 08:25:06: select * from `doctors` where `users_id` = 3 and `doctors`.`deleted_at` is null limit 1
2017-10-07 08:25:06: select * from `services` where `members_id` = '41' and `payment_status` = 1 and `services`.`deleted_at` is null order by `id` desc limit 1
2017-10-07 08:25:17: select count(*) as aggregate from `users` where `id` = '41'
2017-10-07 08:25:17: select * from `users` where `id` = '41' and `users`.`deleted_at` is null limit 1
2017-10-07 08:25:17: select * from `users` where `city_id` = 1 and `login_type` = '2' and `online` = 1 and `users`.`deleted_at` is null order by `online_at` desc
2017-10-07 08:25:17: select * from `messages` where `source` = 'doctor' and `started_at` is not null and `messages`.`doctors_id` in (3, 6, 8, 22, 25, 28, 29, 30, 31, 32, 33, 34, 36, 39, 42) and `members_id` = '41' order by `started_at` desc
2017-10-07 08:25:17: select * from `doctors` where `users_id` = 36 and `doctors`.`deleted_at` is null limit 1
2017-10-07 08:25:17: select * from `services` where `members_id` = '41' and `payment_status` = 1 and `services`.`deleted_at` is null order by `id` desc limit 1
2017-10-07 08:25:17: select * from `doctors` where `users_id` = 39 and `doctors`.`deleted_at` is null limit 1
2017-10-07 08:25:17: select * from `services` where `members_id` = '41' and `payment_status` = 1 and `services`.`deleted_at` is null order by `id` desc limit 1
2017-10-07 08:25:17: select * from `doctors` where `users_id` = 34 and `doctors`.`deleted_at` is null limit 1
2017-10-07 08:25:17: select * from `services` where `members_id` = '41' and `payment_status` = 1 and `services`.`deleted_at` is null order by `id` desc limit 1
2017-10-07 08:25:17: select * from `doctors` where `users_id` = 22 and `doctors`.`deleted_at` is null limit 1
2017-10-07 08:25:17: select * from `services` where `members_id` = '41' and `payment_status` = 1 and `services`.`deleted_at` is null order by `id` desc limit 1
2017-10-07 08:25:17: select * from `doctors` where `users_id` = 30 and `doctors`.`deleted_at` is null limit 1
2017-10-07 08:25:17: select * from `services` where `members_id` = '41' and `payment_status` = 1 and `services`.`deleted_at` is null order by `id` desc limit 1
2017-10-07 08:25:17: select * from `doctors` where `users_id` = 42 and `doctors`.`deleted_at` is null limit 1
2017-10-07 08:25:17: select * from `services` where `members_id` = '41' and `payment_status` = 1 and `services`.`deleted_at` is null order by `id` desc limit 1
2017-10-07 08:25:17: select * from `doctors` where `users_id` = 8 and `doctors`.`deleted_at` is null limit 1
2017-10-07 08:25:17: select * from `services` where `members_id` = '41' and `payment_status` = 1 and `services`.`deleted_at` is null order by `id` desc limit 1
2017-10-07 08:25:17: select * from `doctors` where `users_id` = 29 and `doctors`.`deleted_at` is null limit 1
2017-10-07 08:25:17: select * from `services` where `members_id` = '41' and `payment_status` = 1 and `services`.`deleted_at` is null order by `id` desc limit 1
2017-10-07 08:25:17: select * from `doctors` where `users_id` = 32 and `doctors`.`deleted_at` is null limit 1
2017-10-07 08:25:17: select * from `services` where `members_id` = '41' and `payment_status` = 1 and `services`.`deleted_at` is null order by `id` desc limit 1
2017-10-07 08:25:17: select * from `doctors` where `users_id` = 33 and `doctors`.`deleted_at` is null limit 1
2017-10-07 08:25:17: select * from `services` where `members_id` = '41' and `payment_status` = 1 and `services`.`deleted_at` is null order by `id` desc limit 1
2017-10-07 08:25:17: select * from `doctors` where `users_id` = 31 and `doctors`.`deleted_at` is null limit 1
2017-10-07 08:25:17: select * from `services` where `members_id` = '41' and `payment_status` = 1 and `services`.`deleted_at` is null order by `id` desc limit 1
2017-10-07 08:25:17: select * from `doctors` where `users_id` = 25 and `doctors`.`deleted_at` is null limit 1
2017-10-07 08:25:17: select * from `services` where `members_id` = '41' and `payment_status` = 1 and `services`.`deleted_at` is null order by `id` desc limit 1
2017-10-07 08:25:17: select * from `doctors` where `users_id` = 28 and `doctors`.`deleted_at` is null limit 1
2017-10-07 08:25:17: select * from `services` where `members_id` = '41' and `payment_status` = 1 and `services`.`deleted_at` is null order by `id` desc limit 1
2017-10-07 08:25:17: select * from `doctors` where `users_id` = 6 and `doctors`.`deleted_at` is null limit 1
2017-10-07 08:25:17: select * from `services` where `members_id` = '41' and `payment_status` = 1 and `services`.`deleted_at` is null order by `id` desc limit 1
2017-10-07 08:25:17: select * from `doctors` where `users_id` = 3 and `doctors`.`deleted_at` is null limit 1
2017-10-07 08:25:17: select * from `services` where `members_id` = '41' and `payment_status` = 1 and `services`.`deleted_at` is null order by `id` desc limit 1
2017-10-07 08:25:27: select count(*) as aggregate from `users` where `id` = '41'
2017-10-07 08:25:27: select * from `users` where `id` = '41' and `users`.`deleted_at` is null limit 1
2017-10-07 08:25:27: select * from `users` where `city_id` = 1 and `login_type` = '2' and `online` = 1 and `users`.`deleted_at` is null order by `online_at` desc
2017-10-07 08:25:27: select * from `messages` where `source` = 'doctor' and `started_at` is not null and `messages`.`doctors_id` in (3, 6, 8, 22, 25, 28, 29, 30, 31, 32, 33, 34, 36, 39, 42) and `members_id` = '41' order by `started_at` desc
2017-10-07 08:25:27: select * from `doctors` where `users_id` = 36 and `doctors`.`deleted_at` is null limit 1
2017-10-07 08:25:27: select * from `services` where `members_id` = '41' and `payment_status` = 1 and `services`.`deleted_at` is null order by `id` desc limit 1
2017-10-07 08:25:27: select * from `doctors` where `users_id` = 39 and `doctors`.`deleted_at` is null limit 1
2017-10-07 08:25:27: select * from `services` where `members_id` = '41' and `payment_status` = 1 and `services`.`deleted_at` is null order by `id` desc limit 1
2017-10-07 08:25:27: select * from `doctors` where `users_id` = 34 and `doctors`.`deleted_at` is null limit 1
2017-10-07 08:25:27: select * from `services` where `members_id` = '41' and `payment_status` = 1 and `services`.`deleted_at` is null order by `id` desc limit 1
2017-10-07 08:25:27: select * from `doctors` where `users_id` = 22 and `doctors`.`deleted_at` is null limit 1
2017-10-07 08:25:27: select * from `services` where `members_id` = '41' and `payment_status` = 1 and `services`.`deleted_at` is null order by `id` desc limit 1
2017-10-07 08:25:27: select * from `doctors` where `users_id` = 30 and `doctors`.`deleted_at` is null limit 1
2017-10-07 08:25:27: select * from `services` where `members_id` = '41' and `payment_status` = 1 and `services`.`deleted_at` is null order by `id` desc limit 1
2017-10-07 08:25:27: select * from `doctors` where `users_id` = 42 and `doctors`.`deleted_at` is null limit 1
2017-10-07 08:25:27: select * from `services` where `members_id` = '41' and `payment_status` = 1 and `services`.`deleted_at` is null order by `id` desc limit 1
2017-10-07 08:25:27: select * from `doctors` where `users_id` = 8 and `doctors`.`deleted_at` is null limit 1
2017-10-07 08:25:27: select * from `services` where `members_id` = '41' and `payment_status` = 1 and `services`.`deleted_at` is null order by `id` desc limit 1
2017-10-07 08:25:27: select * from `doctors` where `users_id` = 29 and `doctors`.`deleted_at` is null limit 1
2017-10-07 08:25:27: select * from `services` where `members_id` = '41' and `payment_status` = 1 and `services`.`deleted_at` is null order by `id` desc limit 1
2017-10-07 08:25:27: select * from `doctors` where `users_id` = 32 and `doctors`.`deleted_at` is null limit 1
2017-10-07 08:25:27: select * from `services` where `members_id` = '41' and `payment_status` = 1 and `services`.`deleted_at` is null order by `id` desc limit 1
2017-10-07 08:25:27: select * from `doctors` where `users_id` = 33 and `doctors`.`deleted_at` is null limit 1
2017-10-07 08:25:27: select * from `services` where `members_id` = '41' and `payment_status` = 1 and `services`.`deleted_at` is null order by `id` desc limit 1
2017-10-07 08:25:27: select * from `doctors` where `users_id` = 31 and `doctors`.`deleted_at` is null limit 1
2017-10-07 08:25:27: select * from `services` where `members_id` = '41' and `payment_status` = 1 and `services`.`deleted_at` is null order by `id` desc limit 1
2017-10-07 08:25:27: select * from `doctors` where `users_id` = 25 and `doctors`.`deleted_at` is null limit 1
2017-10-07 08:25:27: select * from `services` where `members_id` = '41' and `payment_status` = 1 and `services`.`deleted_at` is null order by `id` desc limit 1
2017-10-07 08:25:27: select * from `doctors` where `users_id` = 28 and `doctors`.`deleted_at` is null limit 1
2017-10-07 08:25:27: select * from `services` where `members_id` = '41' and `payment_status` = 1 and `services`.`deleted_at` is null order by `id` desc limit 1
2017-10-07 08:25:27: select * from `doctors` where `users_id` = 6 and `doctors`.`deleted_at` is null limit 1
2017-10-07 08:25:27: select * from `services` where `members_id` = '41' and `payment_status` = 1 and `services`.`deleted_at` is null order by `id` desc limit 1
2017-10-07 08:25:27: select * from `doctors` where `users_id` = 3 and `doctors`.`deleted_at` is null limit 1
2017-10-07 08:25:27: select * from `services` where `members_id` = '41' and `payment_status` = 1 and `services`.`deleted_at` is null order by `id` desc limit 1
2017-10-07 08:25:55: select count(*) as aggregate from `users` where `id` = '41'
2017-10-07 08:25:55: select * from `users` where `id` = '41' and `users`.`deleted_at` is null limit 1
2017-10-07 08:25:55: select * from `users` where `city_id` = 1 and `login_type` = '2' and `online` = 1 and `users`.`deleted_at` is null order by `online_at` desc
2017-10-07 08:25:55: select * from `messages` where `source` = 'doctor' and `started_at` is not null and `messages`.`doctors_id` in (3, 6, 8, 22, 25, 28, 29, 30, 31, 32, 33, 34, 36, 39, 42) and `members_id` = '41' order by `started_at` desc
2017-10-07 08:25:55: select * from `doctors` where `users_id` = 36 and `doctors`.`deleted_at` is null limit 1
2017-10-07 08:25:55: select * from `services` where `members_id` = '41' and `payment_status` = 1 and `services`.`deleted_at` is null order by `id` desc limit 1
2017-10-07 08:25:55: select * from `doctors` where `users_id` = 39 and `doctors`.`deleted_at` is null limit 1
2017-10-07 08:25:55: select * from `services` where `members_id` = '41' and `payment_status` = 1 and `services`.`deleted_at` is null order by `id` desc limit 1
2017-10-07 08:25:55: select * from `doctors` where `users_id` = 34 and `doctors`.`deleted_at` is null limit 1
2017-10-07 08:25:55: select * from `services` where `members_id` = '41' and `payment_status` = 1 and `services`.`deleted_at` is null order by `id` desc limit 1
2017-10-07 08:25:55: select * from `doctors` where `users_id` = 22 and `doctors`.`deleted_at` is null limit 1
2017-10-07 08:25:55: select * from `services` where `members_id` = '41' and `payment_status` = 1 and `services`.`deleted_at` is null order by `id` desc limit 1
2017-10-07 08:25:55: select * from `doctors` where `users_id` = 30 and `doctors`.`deleted_at` is null limit 1
2017-10-07 08:25:55: select * from `services` where `members_id` = '41' and `payment_status` = 1 and `services`.`deleted_at` is null order by `id` desc limit 1
2017-10-07 08:25:55: select * from `doctors` where `users_id` = 42 and `doctors`.`deleted_at` is null limit 1
2017-10-07 08:25:55: select * from `services` where `members_id` = '41' and `payment_status` = 1 and `services`.`deleted_at` is null order by `id` desc limit 1
2017-10-07 08:25:55: select * from `doctors` where `users_id` = 8 and `doctors`.`deleted_at` is null limit 1
2017-10-07 08:25:55: select * from `services` where `members_id` = '41' and `payment_status` = 1 and `services`.`deleted_at` is null order by `id` desc limit 1
2017-10-07 08:25:55: select * from `doctors` where `users_id` = 29 and `doctors`.`deleted_at` is null limit 1
2017-10-07 08:25:55: select * from `services` where `members_id` = '41' and `payment_status` = 1 and `services`.`deleted_at` is null order by `id` desc limit 1
2017-10-07 08:25:55: select * from `doctors` where `users_id` = 32 and `doctors`.`deleted_at` is null limit 1
2017-10-07 08:25:55: select * from `services` where `members_id` = '41' and `payment_status` = 1 and `services`.`deleted_at` is null order by `id` desc limit 1
2017-10-07 08:25:55: select * from `doctors` where `users_id` = 33 and `doctors`.`deleted_at` is null limit 1
2017-10-07 08:25:55: select * from `services` where `members_id` = '41' and `payment_status` = 1 and `services`.`deleted_at` is null order by `id` desc limit 1
2017-10-07 08:25:55: select * from `doctors` where `users_id` = 31 and `doctors`.`deleted_at` is null limit 1
2017-10-07 08:25:55: select * from `services` where `members_id` = '41' and `payment_status` = 1 and `services`.`deleted_at` is null order by `id` desc limit 1
2017-10-07 08:25:55: select * from `doctors` where `users_id` = 25 and `doctors`.`deleted_at` is null limit 1
2017-10-07 08:25:55: select * from `services` where `members_id` = '41' and `payment_status` = 1 and `services`.`deleted_at` is null order by `id` desc limit 1
2017-10-07 08:25:55: select * from `doctors` where `users_id` = 28 and `doctors`.`deleted_at` is null limit 1
2017-10-07 08:25:55: select * from `services` where `members_id` = '41' and `payment_status` = 1 and `services`.`deleted_at` is null order by `id` desc limit 1
2017-10-07 08:25:55: select * from `doctors` where `users_id` = 6 and `doctors`.`deleted_at` is null limit 1
2017-10-07 08:25:55: select * from `services` where `members_id` = '41' and `payment_status` = 1 and `services`.`deleted_at` is null order by `id` desc limit 1
2017-10-07 08:25:55: select * from `doctors` where `users_id` = 3 and `doctors`.`deleted_at` is null limit 1
2017-10-07 08:25:55: select * from `services` where `members_id` = '41' and `payment_status` = 1 and `services`.`deleted_at` is null order by `id` desc limit 1
2017-10-07 08:26:29: select * from `users` where `id` = '36' and `users`.`deleted_at` is null limit 1
2017-10-07 08:26:29: select * from `doctors` where `doctors`.`users_id` = 36 and `doctors`.`users_id` is not null and `doctors`.`deleted_at` is null limit 1
2017-10-07 08:26:29: select count(*) as aggregate from `member_requests` where `member_requests`.`deleted_at` is null
2017-10-07 08:26:29: select count(*) as aggregate from `member_request_doctors` where `doctors_id` = '36'
2017-10-07 08:26:29: select count(*) as aggregate from `services` where `doctors_id` = '36' and `opened_at` is null and `services`.`deleted_at` is null
2017-10-07 08:26:29: select * from `messages` where `doctors_id` = '36' and `doctor_readed_at` is null and `visible` = 1 order by `created_at` desc
2017-10-07 08:26:29: select * from `services` where `members_id` = 37 and `payment_status` = 1 and `services`.`deleted_at` is null order by `id` desc limit 1
2017-10-07 08:26:29: select * from `parameters` where `type` = 'banner'
2017-10-07 08:26:29: select * from `parameters` where `type` = 'setting' and `key` = 'service_email' limit 1
2017-10-07 08:26:38: select * from `users` where `id` = '36' and `users`.`deleted_at` is null limit 1
2017-10-07 08:26:38: select * from `doctors` where `doctors`.`users_id` = 36 and `doctors`.`users_id` is not null and `doctors`.`deleted_at` is null limit 1
2017-10-07 08:26:38: select count(*) as aggregate from `member_requests` where `member_requests`.`deleted_at` is null
2017-10-07 08:26:38: select count(*) as aggregate from `member_request_doctors` where `doctors_id` = '36'
2017-10-07 08:26:38: select count(*) as aggregate from `services` where `doctors_id` = '36' and `opened_at` is null and `services`.`deleted_at` is null
2017-10-07 08:26:38: select * from `messages` where `doctors_id` = '36' and `doctor_readed_at` is null and `visible` = 1 order by `created_at` desc
2017-10-07 08:26:38: select * from `services` where `members_id` = 37 and `payment_status` = 1 and `services`.`deleted_at` is null order by `id` desc limit 1
2017-10-07 08:26:38: select * from `parameters` where `type` = 'banner'
2017-10-07 08:26:38: select * from `parameters` where `type` = 'setting' and `key` = 'service_email' limit 1
2017-10-07 10:11:43: select * from `users` where `id` = '36' and `users`.`deleted_at` is null limit 1
2017-10-07 10:11:43: select * from `doctors` where `doctors`.`users_id` = 36 and `doctors`.`users_id` is not null and `doctors`.`deleted_at` is null limit 1
2017-10-07 10:11:43: select count(*) as aggregate from `member_requests` where `member_requests`.`deleted_at` is null
2017-10-07 10:11:43: select count(*) as aggregate from `member_request_doctors` where `doctors_id` = '36'
2017-10-07 10:11:43: select count(*) as aggregate from `services` where `doctors_id` = '36' and `opened_at` is null and `services`.`deleted_at` is null
2017-10-07 10:11:43: select * from `messages` where `doctors_id` = '36' and `doctor_readed_at` is null and `visible` = 1 order by `created_at` desc
2017-10-07 10:11:43: select * from `services` where `members_id` = 37 and `payment_status` = 1 and `services`.`deleted_at` is null order by `id` desc limit 1
2017-10-07 10:11:43: select * from `parameters` where `type` = 'banner'
2017-10-07 10:11:43: select * from `parameters` where `type` = 'setting' and `key` = 'service_email' limit 1
2017-10-07 10:11:57: select * from `users` where `id` = '36' and `login_type` = 2 and `status` = 1 and `users`.`deleted_at` is null limit 1
2017-10-07 10:11:57: select * from `doctors` where `doctors`.`users_id` in (36) and `doctors`.`deleted_at` is null
2017-10-07 10:11:57: select * from `services` where `doctors_id` = '36' and `payment_status` = 1 and `paid_at` > '2017-09-07 10:11:57' and `services`.`deleted_at` is null
2017-10-07 10:11:57: select * from `messages` where `doctors_id` = '36' and `members_id` not in (23) and `visible` = 1
2017-10-07 10:11:57: select count(*) as aggregate from `users` where `id` in (37, 41) and `login_type` = 1 and `users`.`deleted_at` is null
2017-10-07 10:11:57: select * from `users` where `id` in (37, 41) and `login_type` = 1 and `users`.`deleted_at` is null limit 10 offset 0
2017-10-07 10:11:57: select * from `member_requests` where `member_requests`.`members_id` in (37, 41) and `member_requests`.`deleted_at` is null order by `created_at` desc
2017-10-07 10:11:57: select * from `doctors` where `doctors`.`users_id` = 37 and `doctors`.`users_id` is not null and `doctors`.`deleted_at` is null limit 1
2017-10-07 10:11:57: select * from `doctors` where `doctors`.`users_id` = 41 and `doctors`.`users_id` is not null and `doctors`.`deleted_at` is null limit 1
2017-10-07 10:12:18: select count(*) as aggregate from `users` where `id` = '41'
2017-10-07 10:12:18: select * from `users` where `id` = '41' and `users`.`deleted_at` is null limit 1
2017-10-07 10:12:18: select * from `users` where `city_id` = 1 and `login_type` = '2' and `online` = 1 and `users`.`deleted_at` is null order by `online_at` desc
2017-10-07 10:12:18: select * from `messages` where `source` = 'doctor' and `started_at` is not null and `messages`.`doctors_id` in (3, 6, 8, 22, 25, 28, 29, 30, 31, 32, 33, 34, 36, 39, 42) and `members_id` = '41' order by `started_at` desc
2017-10-07 10:12:18: select * from `doctors` where `users_id` = 36 and `doctors`.`deleted_at` is null limit 1
2017-10-07 10:12:18: select * from `services` where `members_id` = '41' and `payment_status` = 1 and `services`.`deleted_at` is null order by `id` desc limit 1
2017-10-07 10:12:18: select * from `doctors` where `users_id` = 39 and `doctors`.`deleted_at` is null limit 1
2017-10-07 10:12:18: select * from `services` where `members_id` = '41' and `payment_status` = 1 and `services`.`deleted_at` is null order by `id` desc limit 1
2017-10-07 10:12:18: select * from `doctors` where `users_id` = 34 and `doctors`.`deleted_at` is null limit 1
2017-10-07 10:12:18: select * from `services` where `members_id` = '41' and `payment_status` = 1 and `services`.`deleted_at` is null order by `id` desc limit 1
2017-10-07 10:12:18: select * from `doctors` where `users_id` = 22 and `doctors`.`deleted_at` is null limit 1
2017-10-07 10:12:18: select * from `services` where `members_id` = '41' and `payment_status` = 1 and `services`.`deleted_at` is null order by `id` desc limit 1
2017-10-07 10:12:18: select * from `doctors` where `users_id` = 30 and `doctors`.`deleted_at` is null limit 1
2017-10-07 10:12:18: select * from `services` where `members_id` = '41' and `payment_status` = 1 and `services`.`deleted_at` is null order by `id` desc limit 1
2017-10-07 10:12:18: select * from `doctors` where `users_id` = 42 and `doctors`.`deleted_at` is null limit 1
2017-10-07 10:12:18: select * from `services` where `members_id` = '41' and `payment_status` = 1 and `services`.`deleted_at` is null order by `id` desc limit 1
2017-10-07 10:12:18: select * from `doctors` where `users_id` = 8 and `doctors`.`deleted_at` is null limit 1
2017-10-07 10:12:18: select * from `services` where `members_id` = '41' and `payment_status` = 1 and `services`.`deleted_at` is null order by `id` desc limit 1
2017-10-07 10:12:18: select * from `doctors` where `users_id` = 29 and `doctors`.`deleted_at` is null limit 1
2017-10-07 10:12:18: select * from `services` where `members_id` = '41' and `payment_status` = 1 and `services`.`deleted_at` is null order by `id` desc limit 1
2017-10-07 10:12:18: select * from `doctors` where `users_id` = 32 and `doctors`.`deleted_at` is null limit 1
2017-10-07 10:12:18: select * from `services` where `members_id` = '41' and `payment_status` = 1 and `services`.`deleted_at` is null order by `id` desc limit 1
2017-10-07 10:12:18: select * from `doctors` where `users_id` = 33 and `doctors`.`deleted_at` is null limit 1
2017-10-07 10:12:18: select * from `services` where `members_id` = '41' and `payment_status` = 1 and `services`.`deleted_at` is null order by `id` desc limit 1
2017-10-07 10:12:18: select * from `doctors` where `users_id` = 31 and `doctors`.`deleted_at` is null limit 1
2017-10-07 10:12:18: select * from `services` where `members_id` = '41' and `payment_status` = 1 and `services`.`deleted_at` is null order by `id` desc limit 1
2017-10-07 10:12:18: select * from `doctors` where `users_id` = 25 and `doctors`.`deleted_at` is null limit 1
2017-10-07 10:12:18: select * from `services` where `members_id` = '41' and `payment_status` = 1 and `services`.`deleted_at` is null order by `id` desc limit 1
2017-10-07 10:12:18: select * from `doctors` where `users_id` = 28 and `doctors`.`deleted_at` is null limit 1
2017-10-07 10:12:18: select * from `services` where `members_id` = '41' and `payment_status` = 1 and `services`.`deleted_at` is null order by `id` desc limit 1
2017-10-07 10:12:18: select * from `doctors` where `users_id` = 6 and `doctors`.`deleted_at` is null limit 1
2017-10-07 10:12:18: select * from `services` where `members_id` = '41' and `payment_status` = 1 and `services`.`deleted_at` is null order by `id` desc limit 1
2017-10-07 10:12:18: select * from `doctors` where `users_id` = 3 and `doctors`.`deleted_at` is null limit 1
2017-10-07 10:12:18: select * from `services` where `members_id` = '41' and `payment_status` = 1 and `services`.`deleted_at` is null order by `id` desc limit 1
2017-10-07 10:12:26: select count(*) as aggregate from `users` where `id` = '41'
2017-10-07 10:12:26: select * from `users` where `id` = '41' and `users`.`deleted_at` is null limit 1
2017-10-07 10:12:26: select * from `users` where `city_id` = 1 and `login_type` = '2' and `online` = 1 and `users`.`deleted_at` is null order by `online_at` desc
2017-10-07 10:12:26: select * from `messages` where `source` = 'doctor' and `started_at` is not null and `messages`.`doctors_id` in (3, 6, 8, 22, 25, 28, 29, 30, 31, 32, 33, 34, 36, 39, 42) and `members_id` = '41' order by `started_at` desc
2017-10-07 10:12:26: select * from `doctors` where `users_id` = 36 and `doctors`.`deleted_at` is null limit 1
2017-10-07 10:12:26: select * from `services` where `members_id` = '41' and `payment_status` = 1 and `services`.`deleted_at` is null order by `id` desc limit 1
2017-10-07 10:12:26: select * from `doctors` where `users_id` = 39 and `doctors`.`deleted_at` is null limit 1
2017-10-07 10:12:26: select * from `services` where `members_id` = '41' and `payment_status` = 1 and `services`.`deleted_at` is null order by `id` desc limit 1
2017-10-07 10:12:26: select * from `doctors` where `users_id` = 34 and `doctors`.`deleted_at` is null limit 1
2017-10-07 10:12:26: select * from `services` where `members_id` = '41' and `payment_status` = 1 and `services`.`deleted_at` is null order by `id` desc limit 1
2017-10-07 10:12:26: select * from `doctors` where `users_id` = 22 and `doctors`.`deleted_at` is null limit 1
2017-10-07 10:12:26: select * from `services` where `members_id` = '41' and `payment_status` = 1 and `services`.`deleted_at` is null order by `id` desc limit 1
2017-10-07 10:12:26: select * from `doctors` where `users_id` = 30 and `doctors`.`deleted_at` is null limit 1
2017-10-07 10:12:26: select * from `services` where `members_id` = '41' and `payment_status` = 1 and `services`.`deleted_at` is null order by `id` desc limit 1
2017-10-07 10:12:26: select * from `doctors` where `users_id` = 42 and `doctors`.`deleted_at` is null limit 1
2017-10-07 10:12:26: select * from `services` where `members_id` = '41' and `payment_status` = 1 and `services`.`deleted_at` is null order by `id` desc limit 1
2017-10-07 10:12:26: select * from `doctors` where `users_id` = 8 and `doctors`.`deleted_at` is null limit 1
2017-10-07 10:12:26: select * from `services` where `members_id` = '41' and `payment_status` = 1 and `services`.`deleted_at` is null order by `id` desc limit 1
2017-10-07 10:12:26: select * from `doctors` where `users_id` = 29 and `doctors`.`deleted_at` is null limit 1
2017-10-07 10:12:26: select * from `services` where `members_id` = '41' and `payment_status` = 1 and `services`.`deleted_at` is null order by `id` desc limit 1
2017-10-07 10:12:26: select * from `doctors` where `users_id` = 32 and `doctors`.`deleted_at` is null limit 1
2017-10-07 10:12:26: select * from `services` where `members_id` = '41' and `payment_status` = 1 and `services`.`deleted_at` is null order by `id` desc limit 1
2017-10-07 10:12:26: select * from `doctors` where `users_id` = 33 and `doctors`.`deleted_at` is null limit 1
2017-10-07 10:12:26: select * from `services` where `members_id` = '41' and `payment_status` = 1 and `services`.`deleted_at` is null order by `id` desc limit 1
2017-10-07 10:12:26: select * from `doctors` where `users_id` = 31 and `doctors`.`deleted_at` is null limit 1
2017-10-07 10:12:26: select * from `services` where `members_id` = '41' and `payment_status` = 1 and `services`.`deleted_at` is null order by `id` desc limit 1
2017-10-07 10:12:26: select * from `doctors` where `users_id` = 25 and `doctors`.`deleted_at` is null limit 1
2017-10-07 10:12:26: select * from `services` where `members_id` = '41' and `payment_status` = 1 and `services`.`deleted_at` is null order by `id` desc limit 1
2017-10-07 10:12:26: select * from `doctors` where `users_id` = 28 and `doctors`.`deleted_at` is null limit 1
2017-10-07 10:12:26: select * from `services` where `members_id` = '41' and `payment_status` = 1 and `services`.`deleted_at` is null order by `id` desc limit 1
2017-10-07 10:12:26: select * from `doctors` where `users_id` = 6 and `doctors`.`deleted_at` is null limit 1
2017-10-07 10:12:26: select * from `services` where `members_id` = '41' and `payment_status` = 1 and `services`.`deleted_at` is null order by `id` desc limit 1
2017-10-07 10:12:26: select * from `doctors` where `users_id` = 3 and `doctors`.`deleted_at` is null limit 1
2017-10-07 10:12:26: select * from `services` where `members_id` = '41' and `payment_status` = 1 and `services`.`deleted_at` is null order by `id` desc limit 1
2017-10-07 12:47:07: select * from `users` where `id` = '22' and `users`.`deleted_at` is null limit 1
2017-10-07 12:47:07: select * from `doctors` where `doctors`.`users_id` = 22 and `doctors`.`users_id` is not null and `doctors`.`deleted_at` is null limit 1
2017-10-07 12:47:07: select count(*) as aggregate from `member_requests` where `member_requests`.`deleted_at` is null
2017-10-07 12:47:07: select count(*) as aggregate from `member_request_doctors` where `doctors_id` = '22'
2017-10-07 12:47:07: select count(*) as aggregate from `services` where `doctors_id` = '22' and `opened_at` is null and `services`.`deleted_at` is null
2017-10-07 12:47:07: select * from `messages` where `doctors_id` = '22' and `doctor_readed_at` is null and `visible` = 1 order by `created_at` desc
2017-10-07 12:47:07: select * from `parameters` where `type` = 'banner'
2017-10-07 12:47:07: select * from `parameters` where `type` = 'setting' and `key` = 'service_email' limit 1
2017-10-07 12:48:00: select * from `users` where `id` = '22' and `users`.`deleted_at` is null limit 1
2017-10-07 12:48:00: select * from `doctors` where `doctors`.`users_id` = 22 and `doctors`.`users_id` is not null and `doctors`.`deleted_at` is null limit 1
2017-10-07 12:48:00: select count(*) as aggregate from `member_requests` where `member_requests`.`deleted_at` is null
2017-10-07 12:48:00: select count(*) as aggregate from `member_request_doctors` where `doctors_id` = '22'
2017-10-07 12:48:00: select count(*) as aggregate from `services` where `doctors_id` = '22' and `opened_at` is null and `services`.`deleted_at` is null
2017-10-07 12:48:00: select * from `messages` where `doctors_id` = '22' and `doctor_readed_at` is null and `visible` = 1 order by `created_at` desc
2017-10-07 12:48:00: select * from `parameters` where `type` = 'banner'
2017-10-07 12:48:00: select * from `parameters` where `type` = 'setting' and `key` = 'service_email' limit 1
