2017-12-08 09:01:12: select * from `users` where `id` = '9' and `users`.`deleted_at` is null limit 1
2017-12-08 09:01:12: select * from `doctors` where `doctors`.`users_id` = 9 and `doctors`.`users_id` is not null and `doctors`.`deleted_at` is null limit 1
2017-12-08 09:01:12: select count(*) as aggregate from `member_requests` where `member_requests`.`deleted_at` is null
2017-12-08 09:01:12: select count(*) as aggregate from `member_request_doctors` where `doctors_id` = '9'
2017-12-08 09:01:12: select count(*) as aggregate from `services` where `doctors_id` = '9' and `opened_at` is null and `services`.`deleted_at` is null
2017-12-08 09:01:12: select * from `messages` where `doctors_id` = '9' and `doctor_readed_at` is null and `visible` = 1 order by `created_at` desc
2017-12-08 09:01:12: select * from `parameters` where `type` = 'banner'
2017-12-08 09:01:12: select * from `parameters` where `type` = 'setting' and `key` = 'service_email' limit 1
2017-12-08 09:01:19: select * from `users` where `id` = '9' and `login_type` = 2 and `status` = 1 and `users`.`deleted_at` is null limit 1
2017-12-08 09:01:19: select * from `doctors` where `doctors`.`users_id` in (9) and `doctors`.`deleted_at` is null
2017-12-08 09:01:19: select * from `services` where `doctors_id` = '9' and `members_id` is not null and `services`.`deleted_at` is null
2017-12-08 09:01:19: select * from `services` where `doctors_id` = '9' and `members_id` in (10) and `payment_status` in (0, 1) and `services`.`deleted_at` is null order by `created_at` desc
2017-12-08 09:01:19: select * from `users` where `login_type` = 1 and `users`.`id` in (10) and `users`.`deleted_at` is null
2017-12-08 09:01:19: select * from `parameters` where `type` = 'setting' and `key` = 'message_expire_time' limit 1
2017-12-08 09:01:19: select * from `messages` where `doctors_id` = 9 and `members_id` = 10 and `source` = 'member' order by `created_at` desc limit 1
2017-12-08 09:01:19: select * from `messages` where `doctors_id` = 9 and `members_id` = 10 and `source` = 'doctor' order by `created_at` desc limit 1
2017-12-08 09:01:19: update `services` set `opened_at` = '2017-12-08 09:01:19', `updated_at` = '2017-12-08 09:01:19' where `doctors_id` = '9' and `opened_at` is null and `services`.`deleted_at` is null
2017-12-08 09:01:19: select * from `parameters` where `type` = 'setting' and `key` = 'treatment_days_1' limit 1
2017-12-08 09:01:19: select * from `doctors` where `doctors`.`users_id` = 10 and `doctors`.`users_id` is not null and `doctors`.`deleted_at` is null limit 1
2017-12-08 09:01:45: select * from `users` where `id` = '9' and `users`.`deleted_at` is null limit 1
2017-12-08 09:01:45: select * from `doctors` where `doctors`.`users_id` = 9 and `doctors`.`users_id` is not null and `doctors`.`deleted_at` is null limit 1
2017-12-08 09:01:45: select count(*) as aggregate from `member_requests` where `member_requests`.`deleted_at` is null
2017-12-08 09:01:45: select count(*) as aggregate from `member_request_doctors` where `doctors_id` = '9'
2017-12-08 09:01:45: select count(*) as aggregate from `services` where `doctors_id` = '9' and `opened_at` is null and `services`.`deleted_at` is null
2017-12-08 09:01:45: select * from `messages` where `doctors_id` = '9' and `doctor_readed_at` is null and `visible` = 1 order by `created_at` desc
2017-12-08 09:01:45: select * from `parameters` where `type` = 'banner'
2017-12-08 09:01:45: select * from `parameters` where `type` = 'setting' and `key` = 'service_email' limit 1
2017-12-08 09:01:46: select * from `users` where `id` = '9' and `login_type` = 2 and `status` = 1 and `users`.`deleted_at` is null limit 1
2017-12-08 09:01:46: select * from `doctors` where `doctors`.`users_id` in (9) and `doctors`.`deleted_at` is null
2017-12-08 09:01:46: select * from `services` where `doctors_id` = '9' and `members_id` is not null and `services`.`deleted_at` is null
2017-12-08 09:01:46: select * from `services` where `doctors_id` = '9' and `members_id` in (10) and `payment_status` in (0, 1) and `services`.`deleted_at` is null order by `created_at` desc
2017-12-08 09:01:46: select * from `users` where `login_type` = 1 and `users`.`id` in (10) and `users`.`deleted_at` is null
2017-12-08 09:01:46: select * from `parameters` where `type` = 'setting' and `key` = 'message_expire_time' limit 1
2017-12-08 09:01:46: select * from `messages` where `doctors_id` = 9 and `members_id` = 10 and `source` = 'member' order by `created_at` desc limit 1
2017-12-08 09:01:46: select * from `messages` where `doctors_id` = 9 and `members_id` = 10 and `source` = 'doctor' order by `created_at` desc limit 1
2017-12-08 09:01:46: update `services` set `opened_at` = '2017-12-08 09:01:46', `updated_at` = '2017-12-08 09:01:46' where `doctors_id` = '9' and `opened_at` is null and `services`.`deleted_at` is null
2017-12-08 09:01:46: select * from `parameters` where `type` = 'setting' and `key` = 'treatment_days_1' limit 1
2017-12-08 09:01:46: select * from `doctors` where `doctors`.`users_id` = 10 and `doctors`.`users_id` is not null and `doctors`.`deleted_at` is null limit 1
2017-12-08 09:01:48: select * from `users` where `id` = '9' and `users`.`deleted_at` is null limit 1
2017-12-08 09:01:48: select * from `doctors` where `doctors`.`users_id` = 9 and `doctors`.`users_id` is not null and `doctors`.`deleted_at` is null limit 1
2017-12-08 09:01:48: select count(*) as aggregate from `member_requests` where `member_requests`.`deleted_at` is null
2017-12-08 09:01:48: select count(*) as aggregate from `member_request_doctors` where `doctors_id` = '9'
2017-12-08 09:01:48: select count(*) as aggregate from `services` where `doctors_id` = '9' and `opened_at` is null and `services`.`deleted_at` is null
2017-12-08 09:01:48: select * from `messages` where `doctors_id` = '9' and `doctor_readed_at` is null and `visible` = 1 order by `created_at` desc
2017-12-08 09:01:48: select * from `parameters` where `type` = 'banner'
2017-12-08 09:01:48: select * from `parameters` where `type` = 'setting' and `key` = 'service_email' limit 1
2017-12-08 12:13:50: select * from `users` where `id` = '13' and `users`.`deleted_at` is null limit 1
2017-12-08 12:13:50: select * from `doctors` where `doctors`.`users_id` = 13 and `doctors`.`users_id` is not null and `doctors`.`deleted_at` is null limit 1
2017-12-08 12:13:50: select count(*) as aggregate from `member_requests` where `member_requests`.`deleted_at` is null
2017-12-08 12:13:50: select count(*) as aggregate from `member_request_doctors` where `doctors_id` = '13'
2017-12-08 12:13:50: select count(*) as aggregate from `services` where `doctors_id` = '13' and `opened_at` is null and `services`.`deleted_at` is null
2017-12-08 12:13:50: select * from `messages` where `doctors_id` = '13' and `doctor_readed_at` is null and `visible` = 1 order by `created_at` desc
2017-12-08 12:13:50: select * from `parameters` where `type` = 'banner'
2017-12-08 12:13:50: select * from `parameters` where `type` = 'setting' and `key` = 'service_email' limit 1
2017-12-08 16:32:34: select count(*) as aggregate from `users` where `id` = '19'
2017-12-08 16:32:34: select * from `users` where `id` = '19' and `users`.`deleted_at` is null limit 1
2017-12-08 16:32:34: select * from `users` where `city_id` = 1 and `login_type` = '2' and `online` = 1 and `users`.`deleted_at` is null order by `online_at` desc
2017-12-08 16:32:34: select * from `messages` where `source` = 'doctor' and `started_at` is not null and `messages`.`doctors_id` in (9, 11, 13, 14) and `members_id` = '19' order by `started_at` desc
2017-12-08 16:32:34: select * from `doctors` where `users_id` = 14 and `doctors`.`deleted_at` is null limit 1
2017-12-08 16:32:34: select * from `services` where `members_id` = '19' and `payment_status` = 1 and `services`.`deleted_at` is null order by `id` desc limit 1
2017-12-08 16:32:34: select * from `doctors` where `users_id` = 13 and `doctors`.`deleted_at` is null limit 1
2017-12-08 16:32:34: select * from `services` where `members_id` = '19' and `payment_status` = 1 and `services`.`deleted_at` is null order by `id` desc limit 1
2017-12-08 16:32:34: select * from `doctors` where `users_id` = 9 and `doctors`.`deleted_at` is null limit 1
2017-12-08 16:32:34: select * from `services` where `members_id` = '19' and `payment_status` = 1 and `services`.`deleted_at` is null order by `id` desc limit 1
2017-12-08 16:32:34: select * from `doctors` where `users_id` = 11 and `doctors`.`deleted_at` is null limit 1
2017-12-08 16:32:34: select * from `services` where `members_id` = '19' and `payment_status` = 1 and `services`.`deleted_at` is null order by `id` desc limit 1
2017-12-08 16:33:02: select count(*) as aggregate from `users` where `id` = '19'
2017-12-08 16:33:02: select * from `users` where `id` = '19' and `users`.`deleted_at` is null limit 1
2017-12-08 16:33:02: select * from `users` where `city_id` = 1 and `login_type` = '2' and `online` = 1 and `users`.`deleted_at` is null order by `online_at` desc
2017-12-08 16:33:02: select * from `messages` where `source` = 'doctor' and `started_at` is not null and `messages`.`doctors_id` in (9, 11, 13, 14) and `members_id` = '19' order by `started_at` desc
2017-12-08 16:33:02: select * from `doctors` where `users_id` = 14 and `doctors`.`deleted_at` is null limit 1
2017-12-08 16:33:02: select * from `services` where `members_id` = '19' and `payment_status` = 1 and `services`.`deleted_at` is null order by `id` desc limit 1
2017-12-08 16:33:02: select * from `doctors` where `users_id` = 13 and `doctors`.`deleted_at` is null limit 1
2017-12-08 16:33:02: select * from `services` where `members_id` = '19' and `payment_status` = 1 and `services`.`deleted_at` is null order by `id` desc limit 1
2017-12-08 16:33:02: select * from `doctors` where `users_id` = 9 and `doctors`.`deleted_at` is null limit 1
2017-12-08 16:33:02: select * from `services` where `members_id` = '19' and `payment_status` = 1 and `services`.`deleted_at` is null order by `id` desc limit 1
2017-12-08 16:33:02: select * from `doctors` where `users_id` = 11 and `doctors`.`deleted_at` is null limit 1
2017-12-08 16:33:02: select * from `services` where `members_id` = '19' and `payment_status` = 1 and `services`.`deleted_at` is null order by `id` desc limit 1
2017-12-08 16:33:13: select count(*) as aggregate from `users` where `id` = '19'
2017-12-08 16:33:13: select * from `users` where `id` = '19' and `users`.`deleted_at` is null limit 1
2017-12-08 16:33:13: select * from `users` where `city_id` = 1 and `login_type` = '2' and `online` = 1 and `users`.`deleted_at` is null order by `online_at` desc
2017-12-08 16:33:13: select * from `messages` where `source` = 'doctor' and `started_at` is not null and `messages`.`doctors_id` in (9, 11, 13, 14) and `members_id` = '19' order by `started_at` desc
2017-12-08 16:33:13: select * from `doctors` where `users_id` = 14 and `doctors`.`deleted_at` is null limit 1
2017-12-08 16:33:13: select * from `services` where `members_id` = '19' and `payment_status` = 1 and `services`.`deleted_at` is null order by `id` desc limit 1
2017-12-08 16:33:13: select * from `doctors` where `users_id` = 13 and `doctors`.`deleted_at` is null limit 1
2017-12-08 16:33:13: select * from `services` where `members_id` = '19' and `payment_status` = 1 and `services`.`deleted_at` is null order by `id` desc limit 1
2017-12-08 16:33:13: select * from `doctors` where `users_id` = 9 and `doctors`.`deleted_at` is null limit 1
2017-12-08 16:33:13: select * from `services` where `members_id` = '19' and `payment_status` = 1 and `services`.`deleted_at` is null order by `id` desc limit 1
2017-12-08 16:33:13: select * from `doctors` where `users_id` = 11 and `doctors`.`deleted_at` is null limit 1
2017-12-08 16:33:13: select * from `services` where `members_id` = '19' and `payment_status` = 1 and `services`.`deleted_at` is null order by `id` desc limit 1
2017-12-08 16:33:23: select count(*) as aggregate from `users` where `id` = '19'
2017-12-08 16:33:23: select * from `users` where `id` = '19' and `users`.`deleted_at` is null limit 1
2017-12-08 16:33:23: select * from `users` where `city_id` = 1 and `login_type` = '2' and `online` = 1 and `users`.`deleted_at` is null order by `online_at` desc
2017-12-08 16:33:23: select * from `messages` where `source` = 'doctor' and `started_at` is not null and `messages`.`doctors_id` in (9, 11, 13, 14) and `members_id` = '19' order by `started_at` desc
2017-12-08 16:33:23: select * from `doctors` where `users_id` = 14 and `doctors`.`deleted_at` is null limit 1
2017-12-08 16:33:23: select * from `services` where `members_id` = '19' and `payment_status` = 1 and `services`.`deleted_at` is null order by `id` desc limit 1
2017-12-08 16:33:23: select * from `doctors` where `users_id` = 13 and `doctors`.`deleted_at` is null limit 1
2017-12-08 16:33:23: select * from `services` where `members_id` = '19' and `payment_status` = 1 and `services`.`deleted_at` is null order by `id` desc limit 1
2017-12-08 16:33:23: select * from `doctors` where `users_id` = 9 and `doctors`.`deleted_at` is null limit 1
2017-12-08 16:33:23: select * from `services` where `members_id` = '19' and `payment_status` = 1 and `services`.`deleted_at` is null order by `id` desc limit 1
2017-12-08 16:33:23: select * from `doctors` where `users_id` = 11 and `doctors`.`deleted_at` is null limit 1
2017-12-08 16:33:23: select * from `services` where `members_id` = '19' and `payment_status` = 1 and `services`.`deleted_at` is null order by `id` desc limit 1
2017-12-08 16:33:34: select count(*) as aggregate from `users` where `id` = '19'
2017-12-08 16:33:34: select * from `users` where `id` = '19' and `users`.`deleted_at` is null limit 1
2017-12-08 16:33:34: select * from `users` where `city_id` = 1 and `login_type` = '2' and `online` = 1 and `users`.`deleted_at` is null order by `online_at` desc
2017-12-08 16:33:34: select * from `messages` where `source` = 'doctor' and `started_at` is not null and `messages`.`doctors_id` in (9, 11, 13, 14) and `members_id` = '19' order by `started_at` desc
2017-12-08 16:33:34: select * from `doctors` where `users_id` = 14 and `doctors`.`deleted_at` is null limit 1
2017-12-08 16:33:34: select * from `services` where `members_id` = '19' and `payment_status` = 1 and `services`.`deleted_at` is null order by `id` desc limit 1
2017-12-08 16:33:34: select * from `doctors` where `users_id` = 13 and `doctors`.`deleted_at` is null limit 1
2017-12-08 16:33:34: select * from `services` where `members_id` = '19' and `payment_status` = 1 and `services`.`deleted_at` is null order by `id` desc limit 1
2017-12-08 16:33:34: select * from `doctors` where `users_id` = 9 and `doctors`.`deleted_at` is null limit 1
2017-12-08 16:33:34: select * from `services` where `members_id` = '19' and `payment_status` = 1 and `services`.`deleted_at` is null order by `id` desc limit 1
2017-12-08 16:33:34: select * from `doctors` where `users_id` = 11 and `doctors`.`deleted_at` is null limit 1
2017-12-08 16:33:34: select * from `services` where `members_id` = '19' and `payment_status` = 1 and `services`.`deleted_at` is null order by `id` desc limit 1
2017-12-08 16:33:41: select count(*) as aggregate from `users` where `id` = '19'
2017-12-08 16:33:41: select * from `users` where `id` = '19' and `users`.`deleted_at` is null limit 1
2017-12-08 16:33:41: select * from `users` where `city_id` = 1 and `login_type` = '2' and `online` = 1 and `users`.`deleted_at` is null order by `online_at` desc
2017-12-08 16:33:41: select * from `messages` where `source` = 'doctor' and `started_at` is not null and `messages`.`doctors_id` in (9, 11, 13, 14) and `members_id` = '19' order by `started_at` desc
2017-12-08 16:33:41: select * from `doctors` where `users_id` = 14 and `doctors`.`deleted_at` is null limit 1
2017-12-08 16:33:41: select * from `services` where `members_id` = '19' and `payment_status` = 1 and `services`.`deleted_at` is null order by `id` desc limit 1
2017-12-08 16:33:41: select * from `doctors` where `users_id` = 13 and `doctors`.`deleted_at` is null limit 1
2017-12-08 16:33:41: select * from `services` where `members_id` = '19' and `payment_status` = 1 and `services`.`deleted_at` is null order by `id` desc limit 1
2017-12-08 16:33:41: select * from `doctors` where `users_id` = 9 and `doctors`.`deleted_at` is null limit 1
2017-12-08 16:33:41: select * from `services` where `members_id` = '19' and `payment_status` = 1 and `services`.`deleted_at` is null order by `id` desc limit 1
2017-12-08 16:33:41: select * from `doctors` where `users_id` = 11 and `doctors`.`deleted_at` is null limit 1
2017-12-08 16:33:41: select * from `services` where `members_id` = '19' and `payment_status` = 1 and `services`.`deleted_at` is null order by `id` desc limit 1
2017-12-08 16:33:50: select count(*) as aggregate from `users` where `id` = '19'
2017-12-08 16:33:50: select * from `users` where `id` = '19' and `users`.`deleted_at` is null limit 1
2017-12-08 16:33:50: select * from `users` where `city_id` = 1 and `login_type` = '2' and `online` = 1 and `users`.`deleted_at` is null order by `online_at` desc
2017-12-08 16:33:50: select * from `messages` where `source` = 'doctor' and `started_at` is not null and `messages`.`doctors_id` in (9, 11, 13, 14) and `members_id` = '19' order by `started_at` desc
2017-12-08 16:33:50: select * from `doctors` where `users_id` = 14 and `doctors`.`deleted_at` is null limit 1
2017-12-08 16:33:50: select * from `services` where `members_id` = '19' and `payment_status` = 1 and `services`.`deleted_at` is null order by `id` desc limit 1
2017-12-08 16:33:50: select * from `doctors` where `users_id` = 13 and `doctors`.`deleted_at` is null limit 1
2017-12-08 16:33:50: select * from `services` where `members_id` = '19' and `payment_status` = 1 and `services`.`deleted_at` is null order by `id` desc limit 1
2017-12-08 16:33:50: select * from `doctors` where `users_id` = 9 and `doctors`.`deleted_at` is null limit 1
2017-12-08 16:33:50: select * from `services` where `members_id` = '19' and `payment_status` = 1 and `services`.`deleted_at` is null order by `id` desc limit 1
2017-12-08 16:33:50: select * from `doctors` where `users_id` = 11 and `doctors`.`deleted_at` is null limit 1
2017-12-08 16:33:50: select * from `services` where `members_id` = '19' and `payment_status` = 1 and `services`.`deleted_at` is null order by `id` desc limit 1
2017-12-08 16:34:13: select count(*) as aggregate from `users` where `id` = '19'
2017-12-08 16:34:13: select * from `users` where `id` = '19' and `users`.`deleted_at` is null limit 1
2017-12-08 16:34:13: select * from `users` where `city_id` = 1 and `login_type` = '2' and `online` = 1 and `users`.`deleted_at` is null order by `online_at` desc
2017-12-08 16:34:13: select * from `messages` where `source` = 'doctor' and `started_at` is not null and `messages`.`doctors_id` in (9, 11, 13, 14) and `members_id` = '19' order by `started_at` desc
2017-12-08 16:34:13: select * from `doctors` where `users_id` = 14 and `doctors`.`deleted_at` is null limit 1
2017-12-08 16:34:13: select * from `services` where `members_id` = '19' and `payment_status` = 1 and `services`.`deleted_at` is null order by `id` desc limit 1
2017-12-08 16:34:13: select * from `doctors` where `users_id` = 13 and `doctors`.`deleted_at` is null limit 1
2017-12-08 16:34:13: select * from `services` where `members_id` = '19' and `payment_status` = 1 and `services`.`deleted_at` is null order by `id` desc limit 1
2017-12-08 16:34:13: select * from `doctors` where `users_id` = 9 and `doctors`.`deleted_at` is null limit 1
2017-12-08 16:34:13: select * from `services` where `members_id` = '19' and `payment_status` = 1 and `services`.`deleted_at` is null order by `id` desc limit 1
2017-12-08 16:34:13: select * from `doctors` where `users_id` = 11 and `doctors`.`deleted_at` is null limit 1
2017-12-08 16:34:13: select * from `services` where `members_id` = '19' and `payment_status` = 1 and `services`.`deleted_at` is null order by `id` desc limit 1
