2017-12-05 14:49:45: select count(*) as aggregate from `users` where `id` = '4'
2017-12-05 14:49:45: select * from `users` where `id` = '4' and `users`.`deleted_at` is null limit 1
2017-12-05 14:49:45: select * from `users` where `city_id` = 1 and `login_type` = '2' and `online` = 1 and `users`.`deleted_at` is null order by `online_at` desc
2017-12-05 14:49:45: select * from `messages` where `source` = 'doctor' and `started_at` is not null and `messages`.`doctors_id` in (9, 11, 13, 14) and `members_id` = '4' order by `started_at` desc
2017-12-05 14:49:45: select * from `doctors` where `users_id` = 14 and `doctors`.`deleted_at` is null limit 1
2017-12-05 14:49:45: select * from `services` where `members_id` = '4' and `payment_status` = 1 and `services`.`deleted_at` is null order by `id` desc limit 1
2017-12-05 14:49:45: select * from `doctors` where `users_id` = 13 and `doctors`.`deleted_at` is null limit 1
2017-12-05 14:49:45: select * from `services` where `members_id` = '4' and `payment_status` = 1 and `services`.`deleted_at` is null order by `id` desc limit 1
2017-12-05 14:49:45: select * from `doctors` where `users_id` = 9 and `doctors`.`deleted_at` is null limit 1
2017-12-05 14:49:45: select * from `services` where `members_id` = '4' and `payment_status` = 1 and `services`.`deleted_at` is null order by `id` desc limit 1
2017-12-05 14:49:45: select * from `doctors` where `users_id` = 11 and `doctors`.`deleted_at` is null limit 1
2017-12-05 14:49:45: select * from `services` where `members_id` = '4' and `payment_status` = 1 and `services`.`deleted_at` is null order by `id` desc limit 1
2017-12-05 14:51:00: select count(*) as aggregate from `users` where `id` = '4'
2017-12-05 14:51:00: select * from `users` where `id` = '4' and `users`.`deleted_at` is null limit 1
2017-12-05 14:51:00: select * from `users` where `city_id` = 1 and `login_type` = '2' and `online` = 1 and `users`.`deleted_at` is null order by `online_at` desc
2017-12-05 14:51:00: select * from `messages` where `source` = 'doctor' and `started_at` is not null and `messages`.`doctors_id` in (9, 11, 13, 14) and `members_id` = '4' order by `started_at` desc
2017-12-05 14:51:00: select * from `doctors` where `users_id` = 14 and `doctors`.`deleted_at` is null limit 1
2017-12-05 14:51:00: select * from `services` where `members_id` = '4' and `payment_status` = 1 and `services`.`deleted_at` is null order by `id` desc limit 1
2017-12-05 14:51:00: select * from `doctors` where `users_id` = 13 and `doctors`.`deleted_at` is null limit 1
2017-12-05 14:51:00: select * from `services` where `members_id` = '4' and `payment_status` = 1 and `services`.`deleted_at` is null order by `id` desc limit 1
2017-12-05 14:51:00: select * from `doctors` where `users_id` = 9 and `doctors`.`deleted_at` is null limit 1
2017-12-05 14:51:00: select * from `services` where `members_id` = '4' and `payment_status` = 1 and `services`.`deleted_at` is null order by `id` desc limit 1
2017-12-05 14:51:00: select * from `doctors` where `users_id` = 11 and `doctors`.`deleted_at` is null limit 1
2017-12-05 14:51:00: select * from `services` where `members_id` = '4' and `payment_status` = 1 and `services`.`deleted_at` is null order by `id` desc limit 1
2017-12-05 16:50:42: select * from `users` where `id` = '14' and `users`.`deleted_at` is null limit 1
2017-12-05 16:50:42: select * from `doctors` where `doctors`.`users_id` in (14) and `doctors`.`deleted_at` is null
2017-12-05 16:50:42: update `users` set `treatment_type` = '0', `updated_at` = '2017-12-05 16:50:42' where `id` = 14
2017-12-05 16:50:42: update `doctors` set `longitude` = '0', `latitude` = '0', `due_at` = '2018-03-04 00:00:00', `updated_at` = '2017-12-05 16:50:42' where `id` = 8
2017-12-05 20:29:38: select * from `users` where `id` = '9' and `users`.`deleted_at` is null limit 1
2017-12-05 20:29:38: select * from `doctors` where `doctors`.`users_id` = 9 and `doctors`.`users_id` is not null and `doctors`.`deleted_at` is null limit 1
2017-12-05 20:29:38: select count(*) as aggregate from `member_requests` where `member_requests`.`deleted_at` is null
2017-12-05 20:29:38: select count(*) as aggregate from `member_request_doctors` where `doctors_id` = '9'
2017-12-05 20:29:38: select count(*) as aggregate from `services` where `doctors_id` = '9' and `opened_at` is null and `services`.`deleted_at` is null
2017-12-05 20:29:38: select * from `messages` where `doctors_id` = '9' and `doctor_readed_at` is null and `visible` = 1 order by `created_at` desc
2017-12-05 20:29:38: select * from `parameters` where `type` = 'banner'
2017-12-05 20:29:38: select * from `parameters` where `type` = 'setting' and `key` = 'service_email' limit 1
2017-12-05 20:29:42: select * from `users` where `id` = '9' and `login_type` = 2 and `status` = 1 and `users`.`deleted_at` is null limit 1
2017-12-05 20:29:42: select * from `doctors` where `doctors`.`users_id` in (9) and `doctors`.`deleted_at` is null
2017-12-05 20:29:42: select * from `services` where `doctors_id` = '9' and `members_id` is not null and `services`.`deleted_at` is null
2017-12-05 20:29:42: select * from `services` where `doctors_id` = '9' and `members_id` in (10) and `payment_status` in (0, 1) and `services`.`deleted_at` is null order by `created_at` desc
2017-12-05 20:29:42: select * from `users` where `login_type` = 1 and `users`.`id` in (10) and `users`.`deleted_at` is null
2017-12-05 20:29:42: select * from `parameters` where `type` = 'setting' and `key` = 'message_expire_time' limit 1
2017-12-05 20:29:42: select * from `messages` where `doctors_id` = 9 and `members_id` = 10 and `source` = 'member' order by `created_at` desc limit 1
2017-12-05 20:29:42: select * from `messages` where `doctors_id` = 9 and `members_id` = 10 and `source` = 'doctor' order by `created_at` desc limit 1
2017-12-05 20:29:42: update `services` set `opened_at` = '2017-12-05 20:29:42', `updated_at` = '2017-12-05 20:29:42' where `doctors_id` = '9' and `opened_at` is null and `services`.`deleted_at` is null
2017-12-05 20:29:42: select * from `parameters` where `type` = 'setting' and `key` = 'treatment_days_1' limit 1
2017-12-05 20:29:42: select * from `doctors` where `doctors`.`users_id` = 10 and `doctors`.`users_id` is not null and `doctors`.`deleted_at` is null limit 1
2017-12-05 20:29:44: select * from `users` where `id` = '9' and `users`.`deleted_at` is null limit 1
2017-12-05 20:29:44: select * from `doctors` where `doctors`.`users_id` = 9 and `doctors`.`users_id` is not null and `doctors`.`deleted_at` is null limit 1
2017-12-05 20:29:44: select count(*) as aggregate from `member_requests` where `member_requests`.`deleted_at` is null
2017-12-05 20:29:44: select count(*) as aggregate from `member_request_doctors` where `doctors_id` = '9'
2017-12-05 20:29:44: select count(*) as aggregate from `services` where `doctors_id` = '9' and `opened_at` is null and `services`.`deleted_at` is null
2017-12-05 20:29:44: select * from `messages` where `doctors_id` = '9' and `doctor_readed_at` is null and `visible` = 1 order by `created_at` desc
2017-12-05 20:29:44: select * from `parameters` where `type` = 'banner'
2017-12-05 20:29:44: select * from `parameters` where `type` = 'setting' and `key` = 'service_email' limit 1
2017-12-05 20:30:38: select count(*) as aggregate from `users` where `id` = '4'
2017-12-05 20:30:38: select * from `users` where `id` = '4' and `users`.`deleted_at` is null limit 1
2017-12-05 20:30:38: select * from `users` where `city_id` = 1 and `login_type` = '2' and `online` = 1 and `users`.`deleted_at` is null order by `online_at` desc
2017-12-05 20:30:38: select * from `messages` where `source` = 'doctor' and `started_at` is not null and `messages`.`doctors_id` in (9, 11, 13, 14) and `members_id` = '4' order by `started_at` desc
2017-12-05 20:30:38: select * from `doctors` where `users_id` = 14 and `doctors`.`deleted_at` is null limit 1
2017-12-05 20:30:38: select * from `services` where `members_id` = '4' and `payment_status` = 1 and `services`.`deleted_at` is null order by `id` desc limit 1
2017-12-05 20:30:38: select * from `doctors` where `users_id` = 13 and `doctors`.`deleted_at` is null limit 1
2017-12-05 20:30:38: select * from `services` where `members_id` = '4' and `payment_status` = 1 and `services`.`deleted_at` is null order by `id` desc limit 1
2017-12-05 20:30:38: select * from `doctors` where `users_id` = 9 and `doctors`.`deleted_at` is null limit 1
2017-12-05 20:30:38: select * from `services` where `members_id` = '4' and `payment_status` = 1 and `services`.`deleted_at` is null order by `id` desc limit 1
2017-12-05 20:30:38: select * from `doctors` where `users_id` = 11 and `doctors`.`deleted_at` is null limit 1
2017-12-05 20:30:38: select * from `services` where `members_id` = '4' and `payment_status` = 1 and `services`.`deleted_at` is null order by `id` desc limit 1
2017-12-05 20:30:47: select count(*) as aggregate from `users` where `id` = '4'
2017-12-05 20:30:47: select * from `users` where `id` = '4' and `users`.`deleted_at` is null limit 1
2017-12-05 20:30:47: select * from `users` where `city_id` = 1 and `login_type` = '2' and `online` = 1 and `users`.`deleted_at` is null order by `online_at` desc
2017-12-05 20:30:47: select * from `messages` where `source` = 'doctor' and `started_at` is not null and `messages`.`doctors_id` in (9, 11, 13, 14) and `members_id` = '4' order by `started_at` desc
2017-12-05 20:30:47: select * from `doctors` where `users_id` = 14 and `doctors`.`deleted_at` is null limit 1
2017-12-05 20:30:47: select * from `services` where `members_id` = '4' and `payment_status` = 1 and `services`.`deleted_at` is null order by `id` desc limit 1
2017-12-05 20:30:47: select * from `doctors` where `users_id` = 13 and `doctors`.`deleted_at` is null limit 1
2017-12-05 20:30:47: select * from `services` where `members_id` = '4' and `payment_status` = 1 and `services`.`deleted_at` is null order by `id` desc limit 1
2017-12-05 20:30:47: select * from `doctors` where `users_id` = 9 and `doctors`.`deleted_at` is null limit 1
2017-12-05 20:30:47: select * from `services` where `members_id` = '4' and `payment_status` = 1 and `services`.`deleted_at` is null order by `id` desc limit 1
2017-12-05 20:30:47: select * from `doctors` where `users_id` = 11 and `doctors`.`deleted_at` is null limit 1
2017-12-05 20:30:47: select * from `services` where `members_id` = '4' and `payment_status` = 1 and `services`.`deleted_at` is null order by `id` desc limit 1
2017-12-05 20:30:53: select count(*) as aggregate from `users` where `id` = '4'
2017-12-05 20:30:53: select * from `users` where `id` = '4' and `users`.`deleted_at` is null limit 1
2017-12-05 20:30:53: select * from `users` where `city_id` = 1 and `login_type` = '2' and `online` = 1 and `users`.`deleted_at` is null order by `online_at` desc
2017-12-05 20:30:53: select * from `messages` where `source` = 'doctor' and `started_at` is not null and `messages`.`doctors_id` in (9, 11, 13, 14) and `members_id` = '4' order by `started_at` desc
2017-12-05 20:30:53: select * from `doctors` where `users_id` = 14 and `doctors`.`deleted_at` is null limit 1
2017-12-05 20:30:53: select * from `services` where `members_id` = '4' and `payment_status` = 1 and `services`.`deleted_at` is null order by `id` desc limit 1
2017-12-05 20:30:53: select * from `doctors` where `users_id` = 13 and `doctors`.`deleted_at` is null limit 1
2017-12-05 20:30:53: select * from `services` where `members_id` = '4' and `payment_status` = 1 and `services`.`deleted_at` is null order by `id` desc limit 1
2017-12-05 20:30:53: select * from `doctors` where `users_id` = 9 and `doctors`.`deleted_at` is null limit 1
2017-12-05 20:30:53: select * from `services` where `members_id` = '4' and `payment_status` = 1 and `services`.`deleted_at` is null order by `id` desc limit 1
2017-12-05 20:30:53: select * from `doctors` where `users_id` = 11 and `doctors`.`deleted_at` is null limit 1
2017-12-05 20:30:53: select * from `services` where `members_id` = '4' and `payment_status` = 1 and `services`.`deleted_at` is null order by `id` desc limit 1
2017-12-05 21:11:19: select count(*) as aggregate from `users` where `account` = '0937546008'
2017-12-05 21:11:19: insert into `users` (`account`, `password`, `status`, `online`, `name`, `male`, `birthday`, `city_id`, `district_id`, `treatment_type`, `login_type`, `updated_at`, `created_at`) values ('0937546008', '$2y$10$J9dUAgBAjAlDZ.l9QOI0ZOBDC6rACCKaLVZ92j3XXzgNWypRimUcW', '1', 'true', '單尹璽', '0', '1989-08-16', '1', '108', 'null', 2, '2017-12-05 21:11:19', '2017-12-05 21:11:19')
2017-12-05 21:11:19: insert into `doctors` (`due_at`, `longitude`, `latitude`, `title`, `number`, `treatment_type`, `experience_year`, `education_bonus`, `experience`, `specialty`, `education`, `license`, `users_id`, `updated_at`, `created_at`) values ('2018-03-05 00:00:00', 'null', 'null', '物理治療師', 'null', 'null', '4', 'null', '["null"]', '["null"]', '["null"]', '["null"]', 16, '2017-12-05 21:11:19', '2017-12-05 21:11:19')
2017-12-05 21:11:19: update `users` set `avatar` = '/doctors/avatar_16.JPG', `updated_at` = '2017-12-05 21:11:19' where `id` = 16
2017-12-05 21:11:19: select * from `doctors` where `doctors`.`users_id` = 16 and `doctors`.`users_id` is not null and `doctors`.`deleted_at` is null limit 1
2017-12-05 21:13:15: select * from `users` where `id` = '16' and `users`.`deleted_at` is null limit 1
2017-12-05 21:13:15: select * from `doctors` where `doctors`.`users_id` = 16 and `doctors`.`users_id` is not null and `doctors`.`deleted_at` is null limit 1
2017-12-05 21:13:15: select count(*) as aggregate from `member_requests` where `member_requests`.`deleted_at` is null
2017-12-05 21:13:15: select count(*) as aggregate from `member_request_doctors` where `doctors_id` = '16'
2017-12-05 21:13:15: select count(*) as aggregate from `services` where `doctors_id` = '16' and `opened_at` is null and `services`.`deleted_at` is null
2017-12-05 21:13:15: select * from `messages` where `doctors_id` = '16' and `doctor_readed_at` is null and `visible` = 1 order by `created_at` desc
2017-12-05 21:13:15: select * from `parameters` where `type` = 'banner'
2017-12-05 21:13:15: select * from `parameters` where `type` = 'setting' and `key` = 'service_email' limit 1
2017-12-05 21:13:31: select * from `users` where `id` = '16' and `users`.`deleted_at` is null limit 1
2017-12-05 21:13:31: select * from `doctors` where `doctors`.`users_id` = 16 and `doctors`.`users_id` is not null and `doctors`.`deleted_at` is null limit 1
2017-12-05 21:13:31: select count(*) as aggregate from `member_requests` where `member_requests`.`deleted_at` is null
2017-12-05 21:13:31: select count(*) as aggregate from `member_request_doctors` where `doctors_id` = '16'
2017-12-05 21:13:31: select count(*) as aggregate from `services` where `doctors_id` = '16' and `opened_at` is null and `services`.`deleted_at` is null
2017-12-05 21:13:31: select * from `messages` where `doctors_id` = '16' and `doctor_readed_at` is null and `visible` = 1 order by `created_at` desc
2017-12-05 21:13:31: select * from `parameters` where `type` = 'banner'
2017-12-05 21:13:31: select * from `parameters` where `type` = 'setting' and `key` = 'service_email' limit 1
2017-12-05 21:23:29: select count(*) as aggregate from `users` where `account` = '0989236304'
2017-12-05 21:23:29: insert into `users` (`account`, `password`, `status`, `online`, `name`, `male`, `birthday`, `city_id`, `district_id`, `treatment_type`, `login_type`, `updated_at`, `created_at`) values ('0989236304', '$2y$10$eMrucSIvpjgMZ88uGtY5YOMQt05ex.mqidkhHsQeFOlv1j7jsdwsC', '1', 'true', '陸怡璇', '1', '1991-08-29', '1', '100', 'null', 2, '2017-12-05 21:23:29', '2017-12-05 21:23:29')
2017-12-05 21:23:29: insert into `doctors` (`due_at`, `longitude`, `latitude`, `title`, `number`, `treatment_type`, `experience_year`, `education_bonus`, `experience`, `specialty`, `education`, `license`, `users_id`, `updated_at`, `created_at`) values ('2018-03-05 00:00:00', 'null', 'null', '物理治療師', 'null', 'null', '3', 'null', '["null"]', '["null"]', '["null"]', '["null"]', 17, '2017-12-05 21:23:29', '2017-12-05 21:23:29')
2017-12-05 21:23:29: update `users` set `avatar` = '/doctors/avatar_17.JPG', `updated_at` = '2017-12-05 21:23:29' where `id` = 17
2017-12-05 21:23:29: select * from `doctors` where `doctors`.`users_id` = 17 and `doctors`.`users_id` is not null and `doctors`.`deleted_at` is null limit 1
