2017-10-04 00:13:55: select * from `users` where `id` = '39' and `users`.`deleted_at` is null limit 1
2017-10-04 00:13:55: select * from `doctors` where `doctors`.`users_id` = 39 and `doctors`.`users_id` is not null and `doctors`.`deleted_at` is null limit 1
2017-10-04 00:13:55: select count(*) as aggregate from `member_requests` where `member_requests`.`deleted_at` is null
2017-10-04 00:13:55: select count(*) as aggregate from `member_request_doctors` where `doctors_id` = '39'
2017-10-04 00:13:55: select count(*) as aggregate from `services` where `doctors_id` = '39' and `opened_at` is null and `services`.`deleted_at` is null
2017-10-04 00:13:55: select * from `messages` where `doctors_id` = '39' and `doctor_readed_at` is null and `visible` = 1 order by `created_at` desc
2017-10-04 00:13:55: select * from `services` where `members_id` = 37 and `payment_status` = 1 and `services`.`deleted_at` is null order by `id` desc limit 1
2017-10-04 00:13:55: select * from `parameters` where `type` = 'setting' and `key` = 'treatment_days_2' limit 1
2017-10-04 00:13:55: select * from `parameters` where `type` = 'banner'
2017-10-04 00:13:55: select * from `parameters` where `type` = 'setting' and `key` = 'service_email' limit 1
2017-10-04 00:13:56: select * from `users` where `id` = '39' and `users`.`deleted_at` is null limit 1
2017-10-04 00:13:56: select * from `doctors` where `doctors`.`users_id` = 39 and `doctors`.`users_id` is not null and `doctors`.`deleted_at` is null limit 1
2017-10-04 00:13:56: select count(*) as aggregate from `member_requests` where `member_requests`.`deleted_at` is null
2017-10-04 00:13:56: select count(*) as aggregate from `member_request_doctors` where `doctors_id` = '39'
2017-10-04 00:13:56: select count(*) as aggregate from `services` where `doctors_id` = '39' and `opened_at` is null and `services`.`deleted_at` is null
2017-10-04 00:13:56: select * from `messages` where `doctors_id` = '39' and `doctor_readed_at` is null and `visible` = 1 order by `created_at` desc
2017-10-04 00:13:56: select * from `services` where `members_id` = 37 and `payment_status` = 1 and `services`.`deleted_at` is null order by `id` desc limit 1
2017-10-04 00:13:56: select * from `parameters` where `type` = 'setting' and `key` = 'treatment_days_2' limit 1
2017-10-04 00:13:56: select * from `parameters` where `type` = 'banner'
2017-10-04 00:13:56: select * from `parameters` where `type` = 'setting' and `key` = 'service_email' limit 1
2017-10-04 00:14:02: select * from `users` where `id` = '39' and `login_type` = 2 and `status` = 1 and `users`.`deleted_at` is null limit 1
2017-10-04 00:14:02: select * from `doctors` where `doctors`.`users_id` in (39) and `doctors`.`deleted_at` is null
2017-10-04 00:14:02: select * from `services` where `doctors_id` = '39' and `members_id` is not null and `services`.`deleted_at` is null
2017-10-04 00:14:02: select * from `services` where `doctors_id` = '39' and `members_id` in (37, 40) and `payment_status` = 1 and `services`.`deleted_at` is null order by `created_at` desc
2017-10-04 00:14:02: select * from `users` where `login_type` = 1 and `users`.`id` in (37, 40) and `users`.`deleted_at` is null
2017-10-04 00:14:02: select * from `parameters` where `type` = 'setting' and `key` = 'treatment_days_2' limit 1
2017-10-04 00:14:02: select * from `parameters` where `type` = 'setting' and `key` = 'treatment_days_2' limit 1
2017-10-04 00:14:02: select * from `parameters` where `type` = 'setting' and `key` = 'treatment_days_1' limit 1
2017-10-04 00:14:02: select * from `parameters` where `type` = 'setting' and `key` = 'treatment_days_2' limit 1
2017-10-04 00:14:02: select * from `parameters` where `type` = 'setting' and `key` = 'treatment_days_2' limit 1
2017-10-04 00:14:02: select * from `parameters` where `type` = 'setting' and `key` = 'treatment_days_1' limit 1
2017-10-04 00:14:02: select * from `parameters` where `type` = 'setting' and `key` = 'treatment_days_2' limit 1
2017-10-04 00:14:02: select * from `parameters` where `type` = 'setting' and `key` = 'treatment_days_2' limit 1
2017-10-04 00:14:02: select * from `parameters` where `type` = 'setting' and `key` = 'treatment_days_1' limit 1
2017-10-04 00:14:02: select * from `parameters` where `type` = 'setting' and `key` = 'treatment_days_1' limit 1
2017-10-04 00:14:02: select * from `parameters` where `type` = 'setting' and `key` = 'treatment_days_1' limit 1
2017-10-04 00:14:02: select * from `parameters` where `type` = 'setting' and `key` = 'message_expire_time' limit 1
2017-10-04 00:14:02: select * from `messages` where `doctors_id` = 39 and `members_id` = 40 and `source` = 'member' order by `created_at` desc limit 1
2017-10-04 00:14:02: select * from `messages` where `doctors_id` = 39 and `members_id` = 40 and `source` = 'doctor' order by `created_at` desc limit 1
2017-10-04 00:14:02: select * from `messages` where `doctors_id` = 39 and `members_id` = 37 and `source` = 'member' order by `created_at` desc limit 1
2017-10-04 00:14:02: select * from `messages` where `doctors_id` = 39 and `members_id` = 37 and `source` = 'doctor' order by `created_at` desc limit 1
2017-10-04 00:14:02: update `services` set `opened_at` = '2017-10-04 00:14:02', `updated_at` = '2017-10-04 00:14:02' where `doctors_id` = '39' and `opened_at` is null and `services`.`deleted_at` is null
2017-10-04 00:14:02: select * from `parameters` where `type` = 'setting' and `key` = 'treatment_days_2' limit 1
2017-10-04 00:14:02: select * from `doctors` where `doctors`.`users_id` = 40 and `doctors`.`users_id` is not null and `doctors`.`deleted_at` is null limit 1
2017-10-04 00:14:02: select * from `parameters` where `type` = 'setting' and `key` = 'treatment_days_2' limit 1
2017-10-04 00:14:02: select * from `doctors` where `doctors`.`users_id` = 37 and `doctors`.`users_id` is not null and `doctors`.`deleted_at` is null limit 1
2017-10-04 00:14:04: select * from `users` where `id` = '39' and `login_type` = 2 and `status` = 1 and `users`.`deleted_at` is null limit 1
2017-10-04 00:14:04: select * from `doctors` where `doctors`.`users_id` in (39) and `doctors`.`deleted_at` is null
2017-10-04 00:14:04: select * from `services` where `doctors_id` = '39' and `members_id` is not null and `services`.`deleted_at` is null
2017-10-04 00:14:04: select * from `services` where `doctors_id` = '39' and `members_id` in (37, 40) and `payment_status` = 1 and `services`.`deleted_at` is null order by `created_at` desc
2017-10-04 00:14:04: select * from `users` where `login_type` = 1 and `users`.`id` in (37, 40) and `users`.`deleted_at` is null
2017-10-04 00:14:04: select * from `parameters` where `type` = 'setting' and `key` = 'treatment_days_2' limit 1
2017-10-04 00:14:04: select * from `parameters` where `type` = 'setting' and `key` = 'treatment_days_2' limit 1
2017-10-04 00:14:04: select * from `parameters` where `type` = 'setting' and `key` = 'treatment_days_1' limit 1
2017-10-04 00:14:04: select * from `parameters` where `type` = 'setting' and `key` = 'treatment_days_2' limit 1
2017-10-04 00:14:04: select * from `parameters` where `type` = 'setting' and `key` = 'treatment_days_2' limit 1
2017-10-04 00:14:04: select * from `parameters` where `type` = 'setting' and `key` = 'treatment_days_1' limit 1
2017-10-04 00:14:04: select * from `parameters` where `type` = 'setting' and `key` = 'treatment_days_2' limit 1
2017-10-04 00:14:04: select * from `parameters` where `type` = 'setting' and `key` = 'treatment_days_2' limit 1
2017-10-04 00:14:04: select * from `parameters` where `type` = 'setting' and `key` = 'treatment_days_1' limit 1
2017-10-04 00:14:04: select * from `parameters` where `type` = 'setting' and `key` = 'treatment_days_1' limit 1
2017-10-04 00:14:04: select * from `parameters` where `type` = 'setting' and `key` = 'treatment_days_1' limit 1
2017-10-04 00:14:04: select * from `parameters` where `type` = 'setting' and `key` = 'message_expire_time' limit 1
2017-10-04 00:14:04: select * from `messages` where `doctors_id` = 39 and `members_id` = 40 and `source` = 'member' order by `created_at` desc limit 1
2017-10-04 00:14:04: select * from `messages` where `doctors_id` = 39 and `members_id` = 40 and `source` = 'doctor' order by `created_at` desc limit 1
2017-10-04 00:14:04: select * from `messages` where `doctors_id` = 39 and `members_id` = 37 and `source` = 'member' order by `created_at` desc limit 1
2017-10-04 00:14:04: select * from `messages` where `doctors_id` = 39 and `members_id` = 37 and `source` = 'doctor' order by `created_at` desc limit 1
2017-10-04 00:14:04: update `services` set `opened_at` = '2017-10-04 00:14:04', `updated_at` = '2017-10-04 00:14:04' where `doctors_id` = '39' and `opened_at` is null and `services`.`deleted_at` is null
2017-10-04 00:14:04: select * from `parameters` where `type` = 'setting' and `key` = 'treatment_days_2' limit 1
2017-10-04 00:14:04: select * from `doctors` where `doctors`.`users_id` = 40 and `doctors`.`users_id` is not null and `doctors`.`deleted_at` is null limit 1
2017-10-04 00:14:04: select * from `parameters` where `type` = 'setting' and `key` = 'treatment_days_2' limit 1
2017-10-04 00:14:04: select * from `doctors` where `doctors`.`users_id` = 37 and `doctors`.`users_id` is not null and `doctors`.`deleted_at` is null limit 1
2017-10-04 00:14:05: select * from `users` where `id` = '39' and `users`.`deleted_at` is null limit 1
2017-10-04 00:14:05: select * from `doctors` where `doctors`.`users_id` = 39 and `doctors`.`users_id` is not null and `doctors`.`deleted_at` is null limit 1
2017-10-04 00:14:05: select count(*) as aggregate from `member_requests` where `member_requests`.`deleted_at` is null
2017-10-04 00:14:05: select count(*) as aggregate from `member_request_doctors` where `doctors_id` = '39'
2017-10-04 00:14:05: select count(*) as aggregate from `services` where `doctors_id` = '39' and `opened_at` is null and `services`.`deleted_at` is null
2017-10-04 00:14:05: select * from `messages` where `doctors_id` = '39' and `doctor_readed_at` is null and `visible` = 1 order by `created_at` desc
2017-10-04 00:14:05: select * from `services` where `members_id` = 37 and `payment_status` = 1 and `services`.`deleted_at` is null order by `id` desc limit 1
2017-10-04 00:14:05: select * from `parameters` where `type` = 'setting' and `key` = 'treatment_days_2' limit 1
2017-10-04 00:14:05: select * from `parameters` where `type` = 'banner'
2017-10-04 00:14:05: select * from `parameters` where `type` = 'setting' and `key` = 'service_email' limit 1
2017-10-04 00:14:06: select * from `users` where `id` = '39' and `login_type` = 2 and `status` = 1 and `users`.`deleted_at` is null limit 1
2017-10-04 00:14:06: select * from `doctors` where `doctors`.`users_id` in (39) and `doctors`.`deleted_at` is null
2017-10-04 00:14:06: select * from `services` where `doctors_id` = '39' and `members_id` is not null and `services`.`deleted_at` is null
2017-10-04 00:14:06: select * from `services` where `doctors_id` = '39' and `members_id` in (37, 40) and `payment_status` in (0, 1) and `services`.`deleted_at` is null order by `created_at` desc
2017-10-04 00:14:06: select * from `users` where `login_type` = 1 and `users`.`id` in (37, 40) and `users`.`deleted_at` is null
2017-10-04 00:14:06: select * from `parameters` where `type` = 'setting' and `key` = 'message_expire_time' limit 1
2017-10-04 00:14:06: select * from `messages` where `doctors_id` = 39 and `members_id` = 40 and `source` = 'member' order by `created_at` desc limit 1
2017-10-04 00:14:06: select * from `messages` where `doctors_id` = 39 and `members_id` = 40 and `source` = 'doctor' order by `created_at` desc limit 1
2017-10-04 00:14:06: select * from `messages` where `doctors_id` = 39 and `members_id` = 37 and `source` = 'member' order by `created_at` desc limit 1
2017-10-04 00:14:06: select * from `messages` where `doctors_id` = 39 and `members_id` = 37 and `source` = 'doctor' order by `created_at` desc limit 1
2017-10-04 00:14:06: update `services` set `opened_at` = '2017-10-04 00:14:06', `updated_at` = '2017-10-04 00:14:06' where `doctors_id` = '39' and `opened_at` is null and `services`.`deleted_at` is null
2017-10-04 00:14:06: select * from `parameters` where `type` = 'setting' and `key` = 'treatment_days_2' limit 1
2017-10-04 00:14:06: select * from `doctors` where `doctors`.`users_id` = 40 and `doctors`.`users_id` is not null and `doctors`.`deleted_at` is null limit 1
2017-10-04 00:14:06: select * from `parameters` where `type` = 'setting' and `key` = 'treatment_days_2' limit 1
2017-10-04 00:14:06: select * from `doctors` where `doctors`.`users_id` = 37 and `doctors`.`users_id` is not null and `doctors`.`deleted_at` is null limit 1
2017-10-04 00:14:12: select * from `users` where `id` = '39' and `login_type` = 2 and `status` = 1 and `users`.`deleted_at` is null limit 1
2017-10-04 00:14:12: select * from `doctors` where `doctors`.`users_id` in (39) and `doctors`.`deleted_at` is null
2017-10-04 00:14:12: select * from `services` where `doctors_id` = '39' and `members_id` is not null and `services`.`deleted_at` is null
2017-10-04 00:14:12: select * from `services` where `doctors_id` = '39' and `members_id` in (37, 40) and `payment_status` in (0, 1) and `services`.`deleted_at` is null order by `created_at` desc
2017-10-04 00:14:12: select * from `users` where `login_type` = 1 and `users`.`id` in (37, 40) and `users`.`deleted_at` is null
2017-10-04 00:14:12: select * from `parameters` where `type` = 'setting' and `key` = 'message_expire_time' limit 1
2017-10-04 00:14:12: select * from `messages` where `doctors_id` = 39 and `members_id` = 40 and `source` = 'member' order by `created_at` desc limit 1
2017-10-04 00:14:12: select * from `messages` where `doctors_id` = 39 and `members_id` = 40 and `source` = 'doctor' order by `created_at` desc limit 1
2017-10-04 00:14:12: select * from `messages` where `doctors_id` = 39 and `members_id` = 37 and `source` = 'member' order by `created_at` desc limit 1
2017-10-04 00:14:12: select * from `messages` where `doctors_id` = 39 and `members_id` = 37 and `source` = 'doctor' order by `created_at` desc limit 1
2017-10-04 00:14:12: update `services` set `opened_at` = '2017-10-04 00:14:12', `updated_at` = '2017-10-04 00:14:12' where `doctors_id` = '39' and `opened_at` is null and `services`.`deleted_at` is null
2017-10-04 00:14:12: select * from `parameters` where `type` = 'setting' and `key` = 'treatment_days_2' limit 1
2017-10-04 00:14:12: select * from `doctors` where `doctors`.`users_id` = 40 and `doctors`.`users_id` is not null and `doctors`.`deleted_at` is null limit 1
2017-10-04 00:14:12: select * from `parameters` where `type` = 'setting' and `key` = 'treatment_days_2' limit 1
2017-10-04 00:14:12: select * from `doctors` where `doctors`.`users_id` = 37 and `doctors`.`users_id` is not null and `doctors`.`deleted_at` is null limit 1
2017-10-04 00:14:50: select * from `users` where `id` = '39' and `login_type` = 2 and `status` = 1 and `users`.`deleted_at` is null limit 1
2017-10-04 00:14:50: select * from `doctors` where `doctors`.`users_id` in (39) and `doctors`.`deleted_at` is null
2017-10-04 00:14:50: select * from `services` where `doctors_id` = '39' and `members_id` is not null and `services`.`deleted_at` is null
2017-10-04 00:14:50: select * from `services` where `doctors_id` = '39' and `members_id` in (37, 40) and `payment_status` in (0, 1) and `services`.`deleted_at` is null order by `created_at` desc
2017-10-04 00:14:50: select * from `users` where `login_type` = 1 and `users`.`id` in (37, 40) and `users`.`deleted_at` is null
2017-10-04 00:14:50: select * from `parameters` where `type` = 'setting' and `key` = 'message_expire_time' limit 1
2017-10-04 00:14:50: select * from `messages` where `doctors_id` = 39 and `members_id` = 40 and `source` = 'member' order by `created_at` desc limit 1
2017-10-04 00:14:50: select * from `messages` where `doctors_id` = 39 and `members_id` = 40 and `source` = 'doctor' order by `created_at` desc limit 1
2017-10-04 00:14:50: select * from `messages` where `doctors_id` = 39 and `members_id` = 37 and `source` = 'member' order by `created_at` desc limit 1
2017-10-04 00:14:50: select * from `messages` where `doctors_id` = 39 and `members_id` = 37 and `source` = 'doctor' order by `created_at` desc limit 1
2017-10-04 00:14:50: update `services` set `opened_at` = '2017-10-04 00:14:50', `updated_at` = '2017-10-04 00:14:50' where `doctors_id` = '39' and `opened_at` is null and `services`.`deleted_at` is null
2017-10-04 00:14:50: select * from `parameters` where `type` = 'setting' and `key` = 'treatment_days_2' limit 1
2017-10-04 00:14:50: select * from `doctors` where `doctors`.`users_id` = 40 and `doctors`.`users_id` is not null and `doctors`.`deleted_at` is null limit 1
2017-10-04 00:14:50: select * from `parameters` where `type` = 'setting' and `key` = 'treatment_days_2' limit 1
2017-10-04 00:14:50: select * from `doctors` where `doctors`.`users_id` = 37 and `doctors`.`users_id` is not null and `doctors`.`deleted_at` is null limit 1
2017-10-04 00:14:50: select * from `users` where `id` = '39' and `users`.`deleted_at` is null limit 1
2017-10-04 00:14:50: select * from `doctors` where `doctors`.`users_id` = 39 and `doctors`.`users_id` is not null and `doctors`.`deleted_at` is null limit 1
2017-10-04 00:14:50: select count(*) as aggregate from `member_requests` where `member_requests`.`deleted_at` is null
2017-10-04 00:14:50: select count(*) as aggregate from `member_request_doctors` where `doctors_id` = '39'
2017-10-04 00:14:50: select count(*) as aggregate from `services` where `doctors_id` = '39' and `opened_at` is null and `services`.`deleted_at` is null
2017-10-04 00:14:50: select * from `messages` where `doctors_id` = '39' and `doctor_readed_at` is null and `visible` = 1 order by `created_at` desc
2017-10-04 00:14:50: select * from `services` where `members_id` = 37 and `payment_status` = 1 and `services`.`deleted_at` is null order by `id` desc limit 1
2017-10-04 00:14:50: select * from `parameters` where `type` = 'setting' and `key` = 'treatment_days_2' limit 1
2017-10-04 00:14:50: select * from `parameters` where `type` = 'banner'
2017-10-04 00:14:50: select * from `parameters` where `type` = 'setting' and `key` = 'service_email' limit 1
2017-10-04 00:14:53: select * from `users` where `id` = '39' and `users`.`deleted_at` is null limit 1
2017-10-04 00:14:53: select * from `doctors` where `doctors`.`users_id` = 39 and `doctors`.`users_id` is not null and `doctors`.`deleted_at` is null limit 1
2017-10-04 00:14:53: select count(*) as aggregate from `member_requests` where `member_requests`.`deleted_at` is null
2017-10-04 00:14:53: select count(*) as aggregate from `member_request_doctors` where `doctors_id` = '39'
2017-10-04 00:14:53: select count(*) as aggregate from `services` where `doctors_id` = '39' and `opened_at` is null and `services`.`deleted_at` is null
2017-10-04 00:14:53: select * from `messages` where `doctors_id` = '39' and `doctor_readed_at` is null and `visible` = 1 order by `created_at` desc
2017-10-04 00:14:53: select * from `services` where `members_id` = 37 and `payment_status` = 1 and `services`.`deleted_at` is null order by `id` desc limit 1
2017-10-04 00:14:53: select * from `parameters` where `type` = 'setting' and `key` = 'treatment_days_2' limit 1
2017-10-04 00:14:53: select * from `parameters` where `type` = 'banner'
2017-10-04 00:14:53: select * from `parameters` where `type` = 'setting' and `key` = 'service_email' limit 1
2017-10-04 00:16:56: select * from `users` where `id` = '39' and `users`.`deleted_at` is null limit 1
2017-10-04 00:16:56: select * from `doctors` where `doctors`.`users_id` = 39 and `doctors`.`users_id` is not null and `doctors`.`deleted_at` is null limit 1
2017-10-04 00:16:56: select count(*) as aggregate from `member_requests` where `member_requests`.`deleted_at` is null
2017-10-04 00:16:56: select count(*) as aggregate from `member_request_doctors` where `doctors_id` = '39'
2017-10-04 00:16:56: select count(*) as aggregate from `services` where `doctors_id` = '39' and `opened_at` is null and `services`.`deleted_at` is null
2017-10-04 00:16:56: select * from `messages` where `doctors_id` = '39' and `doctor_readed_at` is null and `visible` = 1 order by `created_at` desc
2017-10-04 00:16:56: select * from `services` where `members_id` = 37 and `payment_status` = 1 and `services`.`deleted_at` is null order by `id` desc limit 1
2017-10-04 00:16:56: select * from `parameters` where `type` = 'setting' and `key` = 'treatment_days_2' limit 1
2017-10-04 00:16:56: select * from `parameters` where `type` = 'banner'
2017-10-04 00:16:56: select * from `parameters` where `type` = 'setting' and `key` = 'service_email' limit 1
2017-10-04 00:16:58: select * from `users` where `id` = '39' and `login_type` = 2 and `status` = 1 and `users`.`deleted_at` is null limit 1
2017-10-04 00:16:58: select * from `doctors` where `doctors`.`users_id` in (39) and `doctors`.`deleted_at` is null
2017-10-04 00:16:58: select * from `services` where `doctors_id` = '39' and `members_id` is not null and `services`.`deleted_at` is null
2017-10-04 00:16:58: select * from `services` where `doctors_id` = '39' and `members_id` in (37, 40) and `payment_status` in (0, 1) and `services`.`deleted_at` is null order by `created_at` desc
2017-10-04 00:16:58: select * from `users` where `login_type` = 1 and `users`.`id` in (37, 40) and `users`.`deleted_at` is null
2017-10-04 00:16:58: select * from `parameters` where `type` = 'setting' and `key` = 'message_expire_time' limit 1
2017-10-04 00:16:58: select * from `messages` where `doctors_id` = 39 and `members_id` = 37 and `source` = 'member' order by `created_at` desc limit 1
2017-10-04 00:16:58: select * from `messages` where `doctors_id` = 39 and `members_id` = 37 and `source` = 'doctor' order by `created_at` desc limit 1
2017-10-04 00:16:58: select * from `messages` where `doctors_id` = 39 and `members_id` = 40 and `source` = 'member' order by `created_at` desc limit 1
2017-10-04 00:16:58: select * from `messages` where `doctors_id` = 39 and `members_id` = 40 and `source` = 'doctor' order by `created_at` desc limit 1
2017-10-04 00:16:58: update `services` set `opened_at` = '2017-10-04 00:16:58', `updated_at` = '2017-10-04 00:16:58' where `doctors_id` = '39' and `opened_at` is null and `services`.`deleted_at` is null
2017-10-04 00:16:58: select * from `parameters` where `type` = 'setting' and `key` = 'treatment_days_2' limit 1
2017-10-04 00:16:58: select * from `doctors` where `doctors`.`users_id` = 37 and `doctors`.`users_id` is not null and `doctors`.`deleted_at` is null limit 1
2017-10-04 00:16:58: select * from `parameters` where `type` = 'setting' and `key` = 'treatment_days_2' limit 1
2017-10-04 00:16:58: select * from `doctors` where `doctors`.`users_id` = 40 and `doctors`.`users_id` is not null and `doctors`.`deleted_at` is null limit 1
2017-10-04 00:17:07: select * from `users` where `id` = '39' and `login_type` = 2 and `status` = 1 and `users`.`deleted_at` is null limit 1
2017-10-04 00:17:07: select * from `doctors` where `doctors`.`users_id` in (39) and `doctors`.`deleted_at` is null
2017-10-04 00:17:07: select * from `services` where `doctors_id` = '39' and `members_id` is not null and `services`.`deleted_at` is null
2017-10-04 00:17:07: select * from `services` where `doctors_id` = '39' and `members_id` in (37, 40) and `payment_status` in (0, 1) and `services`.`deleted_at` is null order by `created_at` desc
2017-10-04 00:17:07: select * from `users` where `login_type` = 1 and `users`.`id` in (37, 40) and `users`.`deleted_at` is null
2017-10-04 00:17:07: select * from `parameters` where `type` = 'setting' and `key` = 'message_expire_time' limit 1
2017-10-04 00:17:07: select * from `messages` where `doctors_id` = 39 and `members_id` = 37 and `source` = 'member' order by `created_at` desc limit 1
2017-10-04 00:17:07: select * from `messages` where `doctors_id` = 39 and `members_id` = 37 and `source` = 'doctor' order by `created_at` desc limit 1
2017-10-04 00:17:07: select * from `messages` where `doctors_id` = 39 and `members_id` = 40 and `source` = 'member' order by `created_at` desc limit 1
2017-10-04 00:17:07: select * from `messages` where `doctors_id` = 39 and `members_id` = 40 and `source` = 'doctor' order by `created_at` desc limit 1
2017-10-04 00:17:07: update `services` set `opened_at` = '2017-10-04 00:17:07', `updated_at` = '2017-10-04 00:17:07' where `doctors_id` = '39' and `opened_at` is null and `services`.`deleted_at` is null
2017-10-04 00:17:07: select * from `parameters` where `type` = 'setting' and `key` = 'treatment_days_2' limit 1
2017-10-04 00:17:07: select * from `doctors` where `doctors`.`users_id` = 37 and `doctors`.`users_id` is not null and `doctors`.`deleted_at` is null limit 1
2017-10-04 00:17:07: select * from `parameters` where `type` = 'setting' and `key` = 'treatment_days_2' limit 1
2017-10-04 00:17:07: select * from `doctors` where `doctors`.`users_id` = 40 and `doctors`.`users_id` is not null and `doctors`.`deleted_at` is null limit 1
2017-10-04 00:17:43: select * from `users` where `id` = '39' and `users`.`deleted_at` is null limit 1
2017-10-04 00:17:43: select * from `doctors` where `doctors`.`users_id` = 39 and `doctors`.`users_id` is not null and `doctors`.`deleted_at` is null limit 1
2017-10-04 00:17:43: select count(*) as aggregate from `member_requests` where `member_requests`.`deleted_at` is null
2017-10-04 00:17:43: select count(*) as aggregate from `member_request_doctors` where `doctors_id` = '39'
2017-10-04 00:17:43: select count(*) as aggregate from `services` where `doctors_id` = '39' and `opened_at` is null and `services`.`deleted_at` is null
2017-10-04 00:17:43: select * from `messages` where `doctors_id` = '39' and `doctor_readed_at` is null and `visible` = 1 order by `created_at` desc
2017-10-04 00:17:43: select * from `services` where `members_id` = 37 and `payment_status` = 1 and `services`.`deleted_at` is null order by `id` desc limit 1
2017-10-04 00:17:43: select * from `parameters` where `type` = 'setting' and `key` = 'treatment_days_2' limit 1
2017-10-04 00:17:43: select * from `parameters` where `type` = 'banner'
2017-10-04 00:17:43: select * from `parameters` where `type` = 'setting' and `key` = 'service_email' limit 1
2017-10-04 00:17:45: select * from `users` where `id` = '39' and `login_type` = 2 and `status` = 1 and `users`.`deleted_at` is null limit 1
2017-10-04 00:17:45: select * from `doctors` where `doctors`.`users_id` in (39) and `doctors`.`deleted_at` is null
2017-10-04 00:17:45: select * from `services` where `doctors_id` = '39' and `members_id` is not null and `services`.`deleted_at` is null
2017-10-04 00:17:45: select * from `services` where `doctors_id` = '39' and `members_id` in (37, 40) and `payment_status` in (0, 1) and `services`.`deleted_at` is null order by `created_at` desc
2017-10-04 00:17:45: select * from `users` where `login_type` = 1 and `users`.`id` in (37, 40) and `users`.`deleted_at` is null
2017-10-04 00:17:45: select * from `parameters` where `type` = 'setting' and `key` = 'message_expire_time' limit 1
2017-10-04 00:17:45: select * from `messages` where `doctors_id` = 39 and `members_id` = 37 and `source` = 'member' order by `created_at` desc limit 1
2017-10-04 00:17:45: select * from `messages` where `doctors_id` = 39 and `members_id` = 37 and `source` = 'doctor' order by `created_at` desc limit 1
2017-10-04 00:17:45: select * from `messages` where `doctors_id` = 39 and `members_id` = 40 and `source` = 'member' order by `created_at` desc limit 1
2017-10-04 00:17:45: select * from `messages` where `doctors_id` = 39 and `members_id` = 40 and `source` = 'doctor' order by `created_at` desc limit 1
2017-10-04 00:17:45: update `services` set `opened_at` = '2017-10-04 00:17:45', `updated_at` = '2017-10-04 00:17:45' where `doctors_id` = '39' and `opened_at` is null and `services`.`deleted_at` is null
2017-10-04 00:17:45: select * from `parameters` where `type` = 'setting' and `key` = 'treatment_days_2' limit 1
2017-10-04 00:17:45: select * from `doctors` where `doctors`.`users_id` = 37 and `doctors`.`users_id` is not null and `doctors`.`deleted_at` is null limit 1
2017-10-04 00:17:45: select * from `parameters` where `type` = 'setting' and `key` = 'treatment_days_2' limit 1
2017-10-04 00:17:45: select * from `doctors` where `doctors`.`users_id` = 40 and `doctors`.`users_id` is not null and `doctors`.`deleted_at` is null limit 1
2017-10-04 00:19:21: select * from `users` where `id` = '39' and `users`.`deleted_at` is null limit 1
2017-10-04 00:19:21: select * from `doctors` where `doctors`.`users_id` = 39 and `doctors`.`users_id` is not null and `doctors`.`deleted_at` is null limit 1
2017-10-04 00:19:21: select count(*) as aggregate from `member_requests` where `member_requests`.`deleted_at` is null
2017-10-04 00:19:21: select count(*) as aggregate from `member_request_doctors` where `doctors_id` = '39'
2017-10-04 00:19:21: select count(*) as aggregate from `services` where `doctors_id` = '39' and `opened_at` is null and `services`.`deleted_at` is null
2017-10-04 00:19:21: select * from `messages` where `doctors_id` = '39' and `doctor_readed_at` is null and `visible` = 1 order by `created_at` desc
2017-10-04 00:19:21: select * from `services` where `members_id` = 37 and `payment_status` = 1 and `services`.`deleted_at` is null order by `id` desc limit 1
2017-10-04 00:19:21: select * from `parameters` where `type` = 'setting' and `key` = 'treatment_days_2' limit 1
2017-10-04 00:19:21: select * from `parameters` where `type` = 'banner'
2017-10-04 00:19:21: select * from `parameters` where `type` = 'setting' and `key` = 'service_email' limit 1
2017-10-04 00:20:48: select * from `users` where `id` = '39' and `users`.`deleted_at` is null limit 1
2017-10-04 00:20:48: select * from `doctors` where `doctors`.`users_id` = 39 and `doctors`.`users_id` is not null and `doctors`.`deleted_at` is null limit 1
2017-10-04 00:20:48: select count(*) as aggregate from `member_requests` where `member_requests`.`deleted_at` is null
2017-10-04 00:20:48: select count(*) as aggregate from `member_request_doctors` where `doctors_id` = '39'
2017-10-04 00:20:48: select count(*) as aggregate from `services` where `doctors_id` = '39' and `opened_at` is null and `services`.`deleted_at` is null
2017-10-04 00:20:48: select * from `messages` where `doctors_id` = '39' and `doctor_readed_at` is null and `visible` = 1 order by `created_at` desc
2017-10-04 00:20:48: select * from `services` where `members_id` = 37 and `payment_status` = 1 and `services`.`deleted_at` is null order by `id` desc limit 1
2017-10-04 00:20:48: select * from `parameters` where `type` = 'setting' and `key` = 'treatment_days_2' limit 1
2017-10-04 00:20:48: select * from `parameters` where `type` = 'banner'
2017-10-04 00:20:48: select * from `parameters` where `type` = 'setting' and `key` = 'service_email' limit 1
2017-10-04 00:20:51: select * from `users` where `id` = '39' and `users`.`deleted_at` is null limit 1
2017-10-04 00:20:51: select * from `doctors` where `doctors`.`users_id` = 39 and `doctors`.`users_id` is not null and `doctors`.`deleted_at` is null limit 1
2017-10-04 00:20:51: select count(*) as aggregate from `member_requests` where `member_requests`.`deleted_at` is null
2017-10-04 00:20:51: select count(*) as aggregate from `member_request_doctors` where `doctors_id` = '39'
2017-10-04 00:20:51: select count(*) as aggregate from `services` where `doctors_id` = '39' and `opened_at` is null and `services`.`deleted_at` is null
2017-10-04 00:20:51: select * from `messages` where `doctors_id` = '39' and `doctor_readed_at` is null and `visible` = 1 order by `created_at` desc
2017-10-04 00:20:51: select * from `services` where `members_id` = 37 and `payment_status` = 1 and `services`.`deleted_at` is null order by `id` desc limit 1
2017-10-04 00:20:51: select * from `parameters` where `type` = 'setting' and `key` = 'treatment_days_2' limit 1
2017-10-04 00:20:51: select * from `parameters` where `type` = 'banner'
2017-10-04 00:20:51: select * from `parameters` where `type` = 'setting' and `key` = 'service_email' limit 1
2017-10-04 00:21:17: select * from `users` where `id` = '39' and `users`.`deleted_at` is null limit 1
2017-10-04 00:21:17: select * from `doctors` where `doctors`.`users_id` = 39 and `doctors`.`users_id` is not null and `doctors`.`deleted_at` is null limit 1
2017-10-04 00:21:17: select count(*) as aggregate from `member_requests` where `member_requests`.`deleted_at` is null
2017-10-04 00:21:17: select count(*) as aggregate from `member_request_doctors` where `doctors_id` = '39'
2017-10-04 00:21:17: select count(*) as aggregate from `services` where `doctors_id` = '39' and `opened_at` is null and `services`.`deleted_at` is null
2017-10-04 00:21:17: select * from `messages` where `doctors_id` = '39' and `doctor_readed_at` is null and `visible` = 1 order by `created_at` desc
2017-10-04 00:21:17: select * from `services` where `members_id` = 37 and `payment_status` = 1 and `services`.`deleted_at` is null order by `id` desc limit 1
2017-10-04 00:21:17: select * from `parameters` where `type` = 'setting' and `key` = 'treatment_days_2' limit 1
2017-10-04 00:21:17: select * from `parameters` where `type` = 'banner'
2017-10-04 00:21:17: select * from `parameters` where `type` = 'setting' and `key` = 'service_email' limit 1
2017-10-04 00:22:13: select * from `users` where `id` = '39' and `users`.`deleted_at` is null limit 1
2017-10-04 00:22:13: select * from `doctors` where `doctors`.`users_id` = 39 and `doctors`.`users_id` is not null and `doctors`.`deleted_at` is null limit 1
2017-10-04 00:22:13: select count(*) as aggregate from `member_requests` where `member_requests`.`deleted_at` is null
2017-10-04 00:22:13: select count(*) as aggregate from `member_request_doctors` where `doctors_id` = '39'
2017-10-04 00:22:13: select count(*) as aggregate from `services` where `doctors_id` = '39' and `opened_at` is null and `services`.`deleted_at` is null
2017-10-04 00:22:13: select * from `messages` where `doctors_id` = '39' and `doctor_readed_at` is null and `visible` = 1 order by `created_at` desc
2017-10-04 00:22:13: select * from `services` where `members_id` = 37 and `payment_status` = 1 and `services`.`deleted_at` is null order by `id` desc limit 1
2017-10-04 00:22:13: select * from `parameters` where `type` = 'setting' and `key` = 'treatment_days_1' limit 1
2017-10-04 00:22:13: select * from `parameters` where `type` = 'banner'
2017-10-04 00:22:13: select * from `parameters` where `type` = 'setting' and `key` = 'service_email' limit 1
2017-10-04 00:22:14: select * from `users` where `id` = '39' and `login_type` = 2 and `status` = 1 and `users`.`deleted_at` is null limit 1
2017-10-04 00:22:14: select * from `doctors` where `doctors`.`users_id` in (39) and `doctors`.`deleted_at` is null
2017-10-04 00:22:14: select * from `services` where `doctors_id` = '39' and `members_id` is not null and `services`.`deleted_at` is null
2017-10-04 00:22:14: select * from `services` where `doctors_id` = '39' and `members_id` in (37, 40) and `payment_status` in (0, 1) and `services`.`deleted_at` is null order by `created_at` desc
2017-10-04 00:22:14: select * from `users` where `login_type` = 1 and `users`.`id` in (37, 40) and `users`.`deleted_at` is null
2017-10-04 00:22:14: select * from `parameters` where `type` = 'setting' and `key` = 'message_expire_time' limit 1
2017-10-04 00:22:14: select * from `messages` where `doctors_id` = 39 and `members_id` = 37 and `source` = 'member' order by `created_at` desc limit 1
2017-10-04 00:22:14: select * from `messages` where `doctors_id` = 39 and `members_id` = 37 and `source` = 'doctor' order by `created_at` desc limit 1
2017-10-04 00:22:14: select * from `messages` where `doctors_id` = 39 and `members_id` = 40 and `source` = 'member' order by `created_at` desc limit 1
2017-10-04 00:22:14: select * from `messages` where `doctors_id` = 39 and `members_id` = 40 and `source` = 'doctor' order by `created_at` desc limit 1
2017-10-04 00:22:14: update `services` set `opened_at` = '2017-10-04 00:22:14', `updated_at` = '2017-10-04 00:22:14' where `doctors_id` = '39' and `opened_at` is null and `services`.`deleted_at` is null
2017-10-04 00:22:14: select * from `parameters` where `type` = 'setting' and `key` = 'treatment_days_1' limit 1
2017-10-04 00:22:14: select * from `doctors` where `doctors`.`users_id` = 37 and `doctors`.`users_id` is not null and `doctors`.`deleted_at` is null limit 1
2017-10-04 00:22:14: select * from `parameters` where `type` = 'setting' and `key` = 'treatment_days_2' limit 1
2017-10-04 00:22:14: select * from `doctors` where `doctors`.`users_id` = 40 and `doctors`.`users_id` is not null and `doctors`.`deleted_at` is null limit 1
2017-10-04 00:23:39: select * from `users` where `id` = '39' and `users`.`deleted_at` is null limit 1
2017-10-04 00:23:39: select * from `doctors` where `doctors`.`users_id` = 39 and `doctors`.`users_id` is not null and `doctors`.`deleted_at` is null limit 1
2017-10-04 00:23:39: select count(*) as aggregate from `member_requests` where `member_requests`.`deleted_at` is null
2017-10-04 00:23:39: select count(*) as aggregate from `member_request_doctors` where `doctors_id` = '39'
2017-10-04 00:23:39: select count(*) as aggregate from `services` where `doctors_id` = '39' and `opened_at` is null and `services`.`deleted_at` is null
2017-10-04 00:23:39: select * from `messages` where `doctors_id` = '39' and `doctor_readed_at` is null and `visible` = 1 order by `created_at` desc
2017-10-04 00:23:39: select * from `services` where `members_id` = 37 and `payment_status` = 1 and `services`.`deleted_at` is null order by `id` desc limit 1
2017-10-04 00:23:39: select * from `parameters` where `type` = 'setting' and `key` = 'treatment_days_1' limit 1
2017-10-04 00:23:39: select * from `parameters` where `type` = 'banner'
2017-10-04 00:23:39: select * from `parameters` where `type` = 'setting' and `key` = 'service_email' limit 1
2017-10-04 00:23:40: select * from `users` where `id` = '39' and `login_type` = 2 and `status` = 1 and `users`.`deleted_at` is null limit 1
2017-10-04 00:23:40: select * from `doctors` where `doctors`.`users_id` in (39) and `doctors`.`deleted_at` is null
2017-10-04 00:23:40: select * from `services` where `doctors_id` = '39' and `members_id` is not null and `services`.`deleted_at` is null
2017-10-04 00:23:40: select * from `services` where `doctors_id` = '39' and `members_id` in (37, 40) and `payment_status` in (0, 1) and `services`.`deleted_at` is null order by `created_at` desc
2017-10-04 00:23:40: select * from `users` where `login_type` = 1 and `users`.`id` in (37, 40) and `users`.`deleted_at` is null
2017-10-04 00:23:40: select * from `parameters` where `type` = 'setting' and `key` = 'message_expire_time' limit 1
2017-10-04 00:23:40: select * from `messages` where `doctors_id` = 39 and `members_id` = 37 and `source` = 'member' order by `created_at` desc limit 1
2017-10-04 00:23:40: select * from `messages` where `doctors_id` = 39 and `members_id` = 37 and `source` = 'doctor' order by `created_at` desc limit 1
2017-10-04 00:23:40: select * from `messages` where `doctors_id` = 39 and `members_id` = 40 and `source` = 'member' order by `created_at` desc limit 1
2017-10-04 00:23:40: select * from `messages` where `doctors_id` = 39 and `members_id` = 40 and `source` = 'doctor' order by `created_at` desc limit 1
2017-10-04 00:23:40: update `services` set `opened_at` = '2017-10-04 00:23:40', `updated_at` = '2017-10-04 00:23:40' where `doctors_id` = '39' and `opened_at` is null and `services`.`deleted_at` is null
2017-10-04 00:23:40: select * from `parameters` where `type` = 'setting' and `key` = 'treatment_days_1' limit 1
2017-10-04 00:23:40: select * from `doctors` where `doctors`.`users_id` = 37 and `doctors`.`users_id` is not null and `doctors`.`deleted_at` is null limit 1
2017-10-04 00:23:40: select * from `parameters` where `type` = 'setting' and `key` = 'treatment_days_2' limit 1
2017-10-04 00:23:40: select * from `doctors` where `doctors`.`users_id` = 40 and `doctors`.`users_id` is not null and `doctors`.`deleted_at` is null limit 1
2017-10-04 00:23:44: select * from `users` where `id` = '39' and `login_type` = 2 and `status` = 1 and `users`.`deleted_at` is null limit 1
2017-10-04 00:23:44: select * from `doctors` where `doctors`.`users_id` in (39) and `doctors`.`deleted_at` is null
2017-10-04 00:23:44: select * from `services` where `doctors_id` = '39' and `members_id` is not null and `services`.`deleted_at` is null
2017-10-04 00:23:44: select * from `services` where `doctors_id` = '39' and `members_id` in (37, 40) and `payment_status` in (0, 1) and `services`.`deleted_at` is null order by `created_at` desc
2017-10-04 00:23:44: select * from `users` where `login_type` = 1 and `users`.`id` in (37, 40) and `users`.`deleted_at` is null
2017-10-04 00:23:44: select * from `parameters` where `type` = 'setting' and `key` = 'message_expire_time' limit 1
2017-10-04 00:23:44: select * from `messages` where `doctors_id` = 39 and `members_id` = 37 and `source` = 'member' order by `created_at` desc limit 1
2017-10-04 00:23:44: select * from `messages` where `doctors_id` = 39 and `members_id` = 37 and `source` = 'doctor' order by `created_at` desc limit 1
2017-10-04 00:23:44: select * from `messages` where `doctors_id` = 39 and `members_id` = 40 and `source` = 'member' order by `created_at` desc limit 1
2017-10-04 00:23:44: select * from `messages` where `doctors_id` = 39 and `members_id` = 40 and `source` = 'doctor' order by `created_at` desc limit 1
2017-10-04 00:23:44: update `services` set `opened_at` = '2017-10-04 00:23:44', `updated_at` = '2017-10-04 00:23:44' where `doctors_id` = '39' and `opened_at` is null and `services`.`deleted_at` is null
2017-10-04 00:23:44: select * from `parameters` where `type` = 'setting' and `key` = 'treatment_days_1' limit 1
2017-10-04 00:23:44: select * from `doctors` where `doctors`.`users_id` = 37 and `doctors`.`users_id` is not null and `doctors`.`deleted_at` is null limit 1
2017-10-04 00:23:44: select * from `parameters` where `type` = 'setting' and `key` = 'treatment_days_2' limit 1
2017-10-04 00:23:44: select * from `doctors` where `doctors`.`users_id` = 40 and `doctors`.`users_id` is not null and `doctors`.`deleted_at` is null limit 1
2017-10-04 00:25:42: select * from `users` where `id` = '39' and `users`.`deleted_at` is null limit 1
2017-10-04 00:25:42: select * from `doctors` where `doctors`.`users_id` = 39 and `doctors`.`users_id` is not null and `doctors`.`deleted_at` is null limit 1
2017-10-04 00:25:42: select count(*) as aggregate from `member_requests` where `member_requests`.`deleted_at` is null
2017-10-04 00:25:42: select count(*) as aggregate from `member_request_doctors` where `doctors_id` = '39'
2017-10-04 00:25:42: select count(*) as aggregate from `services` where `doctors_id` = '39' and `opened_at` is null and `services`.`deleted_at` is null
2017-10-04 00:25:42: select * from `messages` where `doctors_id` = '39' and `doctor_readed_at` is null and `visible` = 1 order by `created_at` desc
2017-10-04 00:25:42: select * from `services` where `members_id` = 37 and `payment_status` = 1 and `services`.`deleted_at` is null order by `id` desc limit 1
2017-10-04 00:25:42: select * from `parameters` where `type` = 'setting' and `key` = 'treatment_days_1' limit 1
2017-10-04 00:25:42: select * from `parameters` where `type` = 'banner'
2017-10-04 00:25:42: select * from `parameters` where `type` = 'setting' and `key` = 'service_email' limit 1
2017-10-04 00:25:43: select * from `users` where `id` = '39' and `login_type` = 2 and `status` = 1 and `users`.`deleted_at` is null limit 1
2017-10-04 00:25:43: select * from `doctors` where `doctors`.`users_id` in (39) and `doctors`.`deleted_at` is null
2017-10-04 00:25:43: select * from `services` where `doctors_id` = '39' and `members_id` is not null and `services`.`deleted_at` is null
2017-10-04 00:25:43: select * from `services` where `doctors_id` = '39' and `members_id` in (37, 40) and `payment_status` = 1 and `services`.`deleted_at` is null order by `created_at` desc
2017-10-04 00:25:43: select * from `users` where `login_type` = 1 and `users`.`id` in (37, 40) and `users`.`deleted_at` is null
2017-10-04 00:25:43: select * from `parameters` where `type` = 'setting' and `key` = 'treatment_days_1' limit 1
2017-10-04 00:25:43: select * from `parameters` where `type` = 'setting' and `key` = 'treatment_days_2' limit 1
2017-10-04 00:25:43: select * from `parameters` where `type` = 'setting' and `key` = 'treatment_days_2' limit 1
2017-10-04 00:25:43: select * from `parameters` where `type` = 'setting' and `key` = 'treatment_days_2' limit 1
2017-10-04 00:25:43: select * from `parameters` where `type` = 'setting' and `key` = 'treatment_days_1' limit 1
2017-10-04 00:25:43: select * from `parameters` where `type` = 'setting' and `key` = 'treatment_days_2' limit 1
2017-10-04 00:25:43: select * from `parameters` where `type` = 'setting' and `key` = 'treatment_days_2' limit 1
2017-10-04 00:25:43: select * from `parameters` where `type` = 'setting' and `key` = 'treatment_days_1' limit 1
2017-10-04 00:25:43: select * from `parameters` where `type` = 'setting' and `key` = 'treatment_days_2' limit 1
2017-10-04 00:25:43: select * from `parameters` where `type` = 'setting' and `key` = 'treatment_days_2' limit 1
2017-10-04 00:25:43: select * from `parameters` where `type` = 'setting' and `key` = 'treatment_days_1' limit 1
2017-10-04 00:25:43: select * from `parameters` where `type` = 'setting' and `key` = 'treatment_days_1' limit 1
2017-10-04 00:25:43: select * from `parameters` where `type` = 'setting' and `key` = 'treatment_days_1' limit 1
2017-10-04 00:25:43: select * from `parameters` where `type` = 'setting' and `key` = 'message_expire_time' limit 1
2017-10-04 00:25:43: select * from `messages` where `doctors_id` = 39 and `members_id` = 37 and `source` = 'member' order by `created_at` desc limit 1
2017-10-04 00:25:43: select * from `messages` where `doctors_id` = 39 and `members_id` = 37 and `source` = 'doctor' order by `created_at` desc limit 1
2017-10-04 00:25:43: select * from `messages` where `doctors_id` = 39 and `members_id` = 40 and `source` = 'member' order by `created_at` desc limit 1
2017-10-04 00:25:43: select * from `messages` where `doctors_id` = 39 and `members_id` = 40 and `source` = 'doctor' order by `created_at` desc limit 1
2017-10-04 00:25:43: update `services` set `opened_at` = '2017-10-04 00:25:43', `updated_at` = '2017-10-04 00:25:43' where `doctors_id` = '39' and `opened_at` is null and `services`.`deleted_at` is null
2017-10-04 00:25:43: select * from `parameters` where `type` = 'setting' and `key` = 'treatment_days_1' limit 1
2017-10-04 00:25:43: select * from `doctors` where `doctors`.`users_id` = 37 and `doctors`.`users_id` is not null and `doctors`.`deleted_at` is null limit 1
2017-10-04 00:25:43: select * from `parameters` where `type` = 'setting' and `key` = 'treatment_days_2' limit 1
2017-10-04 00:25:43: select * from `doctors` where `doctors`.`users_id` = 40 and `doctors`.`users_id` is not null and `doctors`.`deleted_at` is null limit 1
2017-10-04 00:25:44: select * from `users` where `id` = '39' and `login_type` = 2 and `status` = 1 and `users`.`deleted_at` is null limit 1
2017-10-04 00:25:44: select * from `doctors` where `doctors`.`users_id` in (39) and `doctors`.`deleted_at` is null
2017-10-04 00:25:44: select * from `services` where `doctors_id` = '39' and `members_id` is not null and `services`.`deleted_at` is null
2017-10-04 00:25:44: select * from `services` where `doctors_id` = '39' and `members_id` in (37, 40) and `payment_status` = 1 and `services`.`deleted_at` is null order by `created_at` desc
2017-10-04 00:25:44: select * from `users` where `login_type` = 1 and `users`.`id` in (37, 40) and `users`.`deleted_at` is null
2017-10-04 00:25:44: select * from `parameters` where `type` = 'setting' and `key` = 'treatment_days_1' limit 1
2017-10-04 00:25:44: select * from `parameters` where `type` = 'setting' and `key` = 'treatment_days_2' limit 1
2017-10-04 00:25:44: select * from `parameters` where `type` = 'setting' and `key` = 'treatment_days_2' limit 1
2017-10-04 00:25:44: select * from `parameters` where `type` = 'setting' and `key` = 'treatment_days_2' limit 1
2017-10-04 00:25:44: select * from `parameters` where `type` = 'setting' and `key` = 'treatment_days_1' limit 1
2017-10-04 00:25:44: select * from `parameters` where `type` = 'setting' and `key` = 'treatment_days_2' limit 1
2017-10-04 00:25:44: select * from `parameters` where `type` = 'setting' and `key` = 'treatment_days_2' limit 1
2017-10-04 00:25:44: select * from `parameters` where `type` = 'setting' and `key` = 'treatment_days_1' limit 1
2017-10-04 00:25:44: select * from `parameters` where `type` = 'setting' and `key` = 'treatment_days_2' limit 1
2017-10-04 00:25:44: select * from `parameters` where `type` = 'setting' and `key` = 'treatment_days_2' limit 1
2017-10-04 00:25:44: select * from `parameters` where `type` = 'setting' and `key` = 'treatment_days_1' limit 1
2017-10-04 00:25:45: select * from `parameters` where `type` = 'setting' and `key` = 'treatment_days_1' limit 1
2017-10-04 00:25:45: select * from `parameters` where `type` = 'setting' and `key` = 'treatment_days_1' limit 1
2017-10-04 00:25:45: select * from `parameters` where `type` = 'setting' and `key` = 'message_expire_time' limit 1
2017-10-04 00:25:45: select * from `messages` where `doctors_id` = 39 and `members_id` = 37 and `source` = 'member' order by `created_at` desc limit 1
2017-10-04 00:25:45: select * from `messages` where `doctors_id` = 39 and `members_id` = 37 and `source` = 'doctor' order by `created_at` desc limit 1
2017-10-04 00:25:45: select * from `messages` where `doctors_id` = 39 and `members_id` = 40 and `source` = 'member' order by `created_at` desc limit 1
2017-10-04 00:25:45: select * from `messages` where `doctors_id` = 39 and `members_id` = 40 and `source` = 'doctor' order by `created_at` desc limit 1
2017-10-04 00:25:45: update `services` set `opened_at` = '2017-10-04 00:25:45', `updated_at` = '2017-10-04 00:25:45' where `doctors_id` = '39' and `opened_at` is null and `services`.`deleted_at` is null
2017-10-04 00:25:45: select * from `parameters` where `type` = 'setting' and `key` = 'treatment_days_1' limit 1
2017-10-04 00:25:45: select * from `doctors` where `doctors`.`users_id` = 37 and `doctors`.`users_id` is not null and `doctors`.`deleted_at` is null limit 1
2017-10-04 00:25:45: select * from `parameters` where `type` = 'setting' and `key` = 'treatment_days_2' limit 1
2017-10-04 00:25:45: select * from `doctors` where `doctors`.`users_id` = 40 and `doctors`.`users_id` is not null and `doctors`.`deleted_at` is null limit 1
2017-10-04 00:25:46: select * from `users` where `id` = '39' and `users`.`deleted_at` is null limit 1
2017-10-04 00:25:46: select * from `doctors` where `doctors`.`users_id` = 39 and `doctors`.`users_id` is not null and `doctors`.`deleted_at` is null limit 1
2017-10-04 00:25:46: select count(*) as aggregate from `member_requests` where `member_requests`.`deleted_at` is null
2017-10-04 00:25:46: select count(*) as aggregate from `member_request_doctors` where `doctors_id` = '39'
2017-10-04 00:25:46: select count(*) as aggregate from `services` where `doctors_id` = '39' and `opened_at` is null and `services`.`deleted_at` is null
2017-10-04 00:25:46: select * from `messages` where `doctors_id` = '39' and `doctor_readed_at` is null and `visible` = 1 order by `created_at` desc
2017-10-04 00:25:46: select * from `services` where `members_id` = 37 and `payment_status` = 1 and `services`.`deleted_at` is null order by `id` desc limit 1
2017-10-04 00:25:46: select * from `parameters` where `type` = 'setting' and `key` = 'treatment_days_1' limit 1
2017-10-04 00:25:46: select * from `parameters` where `type` = 'banner'
2017-10-04 00:25:46: select * from `parameters` where `type` = 'setting' and `key` = 'service_email' limit 1
2017-10-04 00:25:48: select * from `users` where `id` = '39' and `login_type` = 2 and `status` = 1 and `users`.`deleted_at` is null limit 1
2017-10-04 00:25:48: select * from `doctors` where `doctors`.`users_id` in (39) and `doctors`.`deleted_at` is null
2017-10-04 00:25:48: select * from `services` where `doctors_id` = '39' and `members_id` is not null and `services`.`deleted_at` is null
2017-10-04 00:25:48: select * from `services` where `doctors_id` = '39' and `members_id` in (37, 40) and `payment_status` in (0, 1) and `services`.`deleted_at` is null order by `created_at` desc
2017-10-04 00:25:48: select * from `users` where `login_type` = 1 and `users`.`id` in (37, 40) and `users`.`deleted_at` is null
2017-10-04 00:25:48: select * from `parameters` where `type` = 'setting' and `key` = 'message_expire_time' limit 1
2017-10-04 00:25:48: select * from `messages` where `doctors_id` = 39 and `members_id` = 37 and `source` = 'member' order by `created_at` desc limit 1
2017-10-04 00:25:48: select * from `messages` where `doctors_id` = 39 and `members_id` = 37 and `source` = 'doctor' order by `created_at` desc limit 1
2017-10-04 00:25:48: select * from `messages` where `doctors_id` = 39 and `members_id` = 40 and `source` = 'member' order by `created_at` desc limit 1
2017-10-04 00:25:48: select * from `messages` where `doctors_id` = 39 and `members_id` = 40 and `source` = 'doctor' order by `created_at` desc limit 1
2017-10-04 00:25:48: update `services` set `opened_at` = '2017-10-04 00:25:48', `updated_at` = '2017-10-04 00:25:48' where `doctors_id` = '39' and `opened_at` is null and `services`.`deleted_at` is null
2017-10-04 00:25:48: select * from `parameters` where `type` = 'setting' and `key` = 'treatment_days_1' limit 1
2017-10-04 00:25:48: select * from `doctors` where `doctors`.`users_id` = 37 and `doctors`.`users_id` is not null and `doctors`.`deleted_at` is null limit 1
2017-10-04 00:25:48: select * from `parameters` where `type` = 'setting' and `key` = 'treatment_days_2' limit 1
2017-10-04 00:25:48: select * from `doctors` where `doctors`.`users_id` = 40 and `doctors`.`users_id` is not null and `doctors`.`deleted_at` is null limit 1
2017-10-04 00:26:45: select * from `users` where `id` = '39' and `users`.`deleted_at` is null limit 1
2017-10-04 00:26:45: select * from `doctors` where `doctors`.`users_id` = 39 and `doctors`.`users_id` is not null and `doctors`.`deleted_at` is null limit 1
2017-10-04 00:26:45: select count(*) as aggregate from `member_requests` where `member_requests`.`deleted_at` is null
2017-10-04 00:26:45: select count(*) as aggregate from `member_request_doctors` where `doctors_id` = '39'
2017-10-04 00:26:45: select count(*) as aggregate from `services` where `doctors_id` = '39' and `opened_at` is null and `services`.`deleted_at` is null
2017-10-04 00:26:45: select * from `messages` where `doctors_id` = '39' and `doctor_readed_at` is null and `visible` = 1 order by `created_at` desc
2017-10-04 00:26:45: select * from `services` where `members_id` = 37 and `payment_status` = 1 and `services`.`deleted_at` is null order by `id` desc limit 1
2017-10-04 00:26:45: select * from `parameters` where `type` = 'setting' and `key` = 'treatment_days_1' limit 1
2017-10-04 00:26:45: select * from `parameters` where `type` = 'banner'
2017-10-04 00:26:45: select * from `parameters` where `type` = 'setting' and `key` = 'service_email' limit 1
2017-10-04 13:55:07: select * from `users` where `id` = '8' and `users`.`deleted_at` is null limit 1
2017-10-04 13:55:07: select * from `doctors` where `doctors`.`users_id` = 8 and `doctors`.`users_id` is not null and `doctors`.`deleted_at` is null limit 1
2017-10-04 13:55:07: select count(*) as aggregate from `member_requests` where `member_requests`.`deleted_at` is null
2017-10-04 13:55:07: select count(*) as aggregate from `member_request_doctors` where `doctors_id` = '8'
2017-10-04 13:55:07: select count(*) as aggregate from `services` where `doctors_id` = '8' and `opened_at` is null and `services`.`deleted_at` is null
2017-10-04 13:55:07: select * from `messages` where `doctors_id` = '8' and `doctor_readed_at` is null and `visible` = 1 order by `created_at` desc
2017-10-04 13:55:07: select * from `services` where `members_id` = 9 and `payment_status` = 1 and `services`.`deleted_at` is null order by `id` desc limit 1
2017-10-04 13:55:07: select * from `parameters` where `type` = 'setting' and `key` = 'treatment_days_1' limit 1
2017-10-04 13:55:07: select * from `parameters` where `type` = 'banner'
2017-10-04 13:55:07: select * from `parameters` where `type` = 'setting' and `key` = 'service_email' limit 1
2017-10-04 13:55:10: select * from `users` where `id` = '8' and `login_type` = 2 and `status` = 1 and `users`.`deleted_at` is null limit 1
2017-10-04 13:55:10: select * from `doctors` where `doctors`.`users_id` in (8) and `doctors`.`deleted_at` is null
2017-10-04 13:55:10: select * from `services` where `doctors_id` = '8' and `members_id` is not null and `services`.`deleted_at` is null
2017-10-04 13:55:10: select * from `services` where `doctors_id` = '8' and `members_id` in (9) and `payment_status` in (0, 1) and `services`.`deleted_at` is null order by `created_at` desc
2017-10-04 13:55:10: select * from `users` where `login_type` = 1 and `users`.`id` in (9) and `users`.`deleted_at` is null
2017-10-04 13:55:10: select * from `parameters` where `type` = 'setting' and `key` = 'message_expire_time' limit 1
2017-10-04 13:55:10: select * from `messages` where `doctors_id` = 8 and `members_id` = 9 and `source` = 'member' order by `created_at` desc limit 1
2017-10-04 13:55:10: select * from `messages` where `doctors_id` = 8 and `members_id` = 9 and `source` = 'doctor' order by `created_at` desc limit 1
2017-10-04 13:55:10: update `services` set `opened_at` = '2017-10-04 13:55:10', `updated_at` = '2017-10-04 13:55:10' where `doctors_id` = '8' and `opened_at` is null and `services`.`deleted_at` is null
2017-10-04 13:55:10: select * from `parameters` where `type` = 'setting' and `key` = 'treatment_days_1' limit 1
2017-10-04 13:55:10: select * from `doctors` where `doctors`.`users_id` = 9 and `doctors`.`users_id` is not null and `doctors`.`deleted_at` is null limit 1
2017-10-04 13:55:15: select * from `users` where `id` = '8' and `login_type` = 2 and `status` = 1 and `users`.`deleted_at` is null limit 1
2017-10-04 13:55:15: select * from `doctors` where `doctors`.`users_id` in (8) and `doctors`.`deleted_at` is null
2017-10-04 13:55:15: select * from `services` where `doctors_id` = '8' and `members_id` is not null and `services`.`deleted_at` is null
2017-10-04 13:55:15: select * from `services` where `doctors_id` = '8' and `members_id` in (9) and `payment_status` in (0, 1) and `services`.`deleted_at` is null order by `created_at` desc
2017-10-04 13:55:15: select * from `users` where `login_type` = 1 and `users`.`id` in (9) and `users`.`deleted_at` is null
2017-10-04 13:55:15: select * from `parameters` where `type` = 'setting' and `key` = 'message_expire_time' limit 1
2017-10-04 13:55:15: select * from `messages` where `doctors_id` = 8 and `members_id` = 9 and `source` = 'member' order by `created_at` desc limit 1
2017-10-04 13:55:15: select * from `messages` where `doctors_id` = 8 and `members_id` = 9 and `source` = 'doctor' order by `created_at` desc limit 1
2017-10-04 13:55:15: update `services` set `opened_at` = '2017-10-04 13:55:15', `updated_at` = '2017-10-04 13:55:15' where `doctors_id` = '8' and `opened_at` is null and `services`.`deleted_at` is null
2017-10-04 13:55:15: select * from `parameters` where `type` = 'setting' and `key` = 'treatment_days_1' limit 1
2017-10-04 13:55:15: select * from `doctors` where `doctors`.`users_id` = 9 and `doctors`.`users_id` is not null and `doctors`.`deleted_at` is null limit 1
2017-10-04 13:55:17: select * from `users` where `id` = '8' and `users`.`deleted_at` is null limit 1
2017-10-04 13:55:17: select * from `doctors` where `doctors`.`users_id` = 8 and `doctors`.`users_id` is not null and `doctors`.`deleted_at` is null limit 1
2017-10-04 13:55:17: select count(*) as aggregate from `member_requests` where `member_requests`.`deleted_at` is null
2017-10-04 13:55:17: select count(*) as aggregate from `member_request_doctors` where `doctors_id` = '8'
2017-10-04 13:55:17: select count(*) as aggregate from `services` where `doctors_id` = '8' and `opened_at` is null and `services`.`deleted_at` is null
2017-10-04 13:55:17: select * from `messages` where `doctors_id` = '8' and `doctor_readed_at` is null and `visible` = 1 order by `created_at` desc
2017-10-04 13:55:17: select * from `services` where `members_id` = 9 and `payment_status` = 1 and `services`.`deleted_at` is null order by `id` desc limit 1
2017-10-04 13:55:17: select * from `parameters` where `type` = 'setting' and `key` = 'treatment_days_1' limit 1
2017-10-04 13:55:17: select * from `parameters` where `type` = 'banner'
2017-10-04 13:55:17: select * from `parameters` where `type` = 'setting' and `key` = 'service_email' limit 1
2017-10-04 13:55:19: select * from `users` where `id` = '8' and `users`.`deleted_at` is null limit 1
2017-10-04 13:55:19: select * from `doctors` where `doctors`.`users_id` = 8 and `doctors`.`users_id` is not null and `doctors`.`deleted_at` is null limit 1
2017-10-04 13:55:21: select * from `users` where `id` = '8' and `users`.`deleted_at` is null limit 1
2017-10-04 13:55:21: select * from `doctors` where `doctors`.`users_id` = 8 and `doctors`.`users_id` is not null and `doctors`.`deleted_at` is null limit 1
2017-10-04 13:55:21: select count(*) as aggregate from `member_requests` where `member_requests`.`deleted_at` is null
2017-10-04 13:55:21: select count(*) as aggregate from `member_request_doctors` where `doctors_id` = '8'
2017-10-04 13:55:21: select count(*) as aggregate from `services` where `doctors_id` = '8' and `opened_at` is null and `services`.`deleted_at` is null
2017-10-04 13:55:21: select * from `messages` where `doctors_id` = '8' and `doctor_readed_at` is null and `visible` = 1 order by `created_at` desc
2017-10-04 13:55:21: select * from `services` where `members_id` = 9 and `payment_status` = 1 and `services`.`deleted_at` is null order by `id` desc limit 1
2017-10-04 13:55:21: select * from `parameters` where `type` = 'setting' and `key` = 'treatment_days_1' limit 1
2017-10-04 13:55:21: select * from `parameters` where `type` = 'banner'
2017-10-04 13:55:21: select * from `parameters` where `type` = 'setting' and `key` = 'service_email' limit 1
2017-10-04 13:55:29: select * from `users` where `id` = '8' and `login_type` = 2 and `status` = 1 and `users`.`deleted_at` is null limit 1
2017-10-04 13:55:29: select * from `doctors` where `doctors`.`users_id` in (8) and `doctors`.`deleted_at` is null
2017-10-04 13:55:29: select * from `services` where `doctors_id` = '8' and `members_id` is not null and `services`.`deleted_at` is null
2017-10-04 13:55:29: select * from `services` where `doctors_id` = '8' and `members_id` in (9) and `payment_status` in (0, 1) and `services`.`deleted_at` is null order by `created_at` desc
2017-10-04 13:55:29: select * from `users` where `login_type` = 1 and `users`.`id` in (9) and `users`.`deleted_at` is null
2017-10-04 13:55:29: select * from `parameters` where `type` = 'setting' and `key` = 'message_expire_time' limit 1
2017-10-04 13:55:29: select * from `messages` where `doctors_id` = 8 and `members_id` = 9 and `source` = 'member' order by `created_at` desc limit 1
2017-10-04 13:55:29: select * from `messages` where `doctors_id` = 8 and `members_id` = 9 and `source` = 'doctor' order by `created_at` desc limit 1
2017-10-04 13:55:29: update `services` set `opened_at` = '2017-10-04 13:55:29', `updated_at` = '2017-10-04 13:55:29' where `doctors_id` = '8' and `opened_at` is null and `services`.`deleted_at` is null
2017-10-04 13:55:29: select * from `parameters` where `type` = 'setting' and `key` = 'treatment_days_1' limit 1
2017-10-04 13:55:29: select * from `doctors` where `doctors`.`users_id` = 9 and `doctors`.`users_id` is not null and `doctors`.`deleted_at` is null limit 1
2017-10-04 13:56:17: select * from `users` where `id` = '8' and `users`.`deleted_at` is null limit 1
2017-10-04 13:56:17: select * from `doctors` where `doctors`.`users_id` = 8 and `doctors`.`users_id` is not null and `doctors`.`deleted_at` is null limit 1
2017-10-04 13:56:17: select count(*) as aggregate from `member_requests` where `member_requests`.`deleted_at` is null
2017-10-04 13:56:17: select count(*) as aggregate from `member_request_doctors` where `doctors_id` = '8'
2017-10-04 13:56:17: select count(*) as aggregate from `services` where `doctors_id` = '8' and `opened_at` is null and `services`.`deleted_at` is null
2017-10-04 13:56:17: select * from `messages` where `doctors_id` = '8' and `doctor_readed_at` is null and `visible` = 1 order by `created_at` desc
2017-10-04 13:56:17: select * from `services` where `members_id` = 9 and `payment_status` = 1 and `services`.`deleted_at` is null order by `id` desc limit 1
2017-10-04 13:56:17: select * from `parameters` where `type` = 'setting' and `key` = 'treatment_days_1' limit 1
2017-10-04 13:56:17: select * from `parameters` where `type` = 'banner'
2017-10-04 13:56:17: select * from `parameters` where `type` = 'setting' and `key` = 'service_email' limit 1
2017-10-04 13:56:19: select * from `users` where `id` = '8' and `login_type` = 2 and `status` = 1 and `users`.`deleted_at` is null limit 1
2017-10-04 13:56:19: select * from `doctors` where `doctors`.`users_id` in (8) and `doctors`.`deleted_at` is null
2017-10-04 13:56:19: select * from `services` where `doctors_id` = '8' and `members_id` is not null and `services`.`deleted_at` is null
2017-10-04 13:56:19: select * from `services` where `doctors_id` = '8' and `members_id` in (9) and `payment_status` in (0, 1) and `services`.`deleted_at` is null order by `created_at` desc
2017-10-04 13:56:19: select * from `users` where `login_type` = 1 and `users`.`id` in (9) and `users`.`deleted_at` is null
2017-10-04 13:56:19: select * from `parameters` where `type` = 'setting' and `key` = 'message_expire_time' limit 1
2017-10-04 13:56:19: select * from `messages` where `doctors_id` = 8 and `members_id` = 9 and `source` = 'member' order by `created_at` desc limit 1
2017-10-04 13:56:19: select * from `messages` where `doctors_id` = 8 and `members_id` = 9 and `source` = 'doctor' order by `created_at` desc limit 1
2017-10-04 13:56:19: update `services` set `opened_at` = '2017-10-04 13:56:19', `updated_at` = '2017-10-04 13:56:19' where `doctors_id` = '8' and `opened_at` is null and `services`.`deleted_at` is null
2017-10-04 13:56:19: select * from `parameters` where `type` = 'setting' and `key` = 'treatment_days_1' limit 1
2017-10-04 13:56:19: select * from `doctors` where `doctors`.`users_id` = 9 and `doctors`.`users_id` is not null and `doctors`.`deleted_at` is null limit 1
2017-10-04 13:58:11: select * from `users` where `id` = '8' and `users`.`deleted_at` is null limit 1
2017-10-04 13:58:11: select * from `doctors` where `doctors`.`users_id` = 8 and `doctors`.`users_id` is not null and `doctors`.`deleted_at` is null limit 1
2017-10-04 13:58:11: select count(*) as aggregate from `member_requests` where `member_requests`.`deleted_at` is null
2017-10-04 13:58:11: select count(*) as aggregate from `member_request_doctors` where `doctors_id` = '8'
2017-10-04 13:58:11: select count(*) as aggregate from `services` where `doctors_id` = '8' and `opened_at` is null and `services`.`deleted_at` is null
2017-10-04 13:58:11: select * from `messages` where `doctors_id` = '8' and `doctor_readed_at` is null and `visible` = 1 order by `created_at` desc
2017-10-04 13:58:11: select * from `services` where `members_id` = 9 and `payment_status` = 1 and `services`.`deleted_at` is null order by `id` desc limit 1
2017-10-04 13:58:11: select * from `parameters` where `type` = 'setting' and `key` = 'treatment_days_1' limit 1
2017-10-04 13:58:11: select * from `parameters` where `type` = 'banner'
2017-10-04 13:58:11: select * from `parameters` where `type` = 'setting' and `key` = 'service_email' limit 1
2017-10-04 13:58:15: select * from `users` where `id` = '8' and `login_type` = 2 and `status` = 1 and `users`.`deleted_at` is null limit 1
2017-10-04 13:58:15: select * from `doctors` where `doctors`.`users_id` in (8) and `doctors`.`deleted_at` is null
2017-10-04 13:58:15: select * from `services` where `doctors_id` = '8' and `members_id` is not null and `services`.`deleted_at` is null
2017-10-04 13:58:15: select * from `services` where `doctors_id` = '8' and `members_id` in (9) and `payment_status` in (0, 1) and `services`.`deleted_at` is null order by `created_at` desc
2017-10-04 13:58:15: select * from `users` where `login_type` = 1 and `users`.`id` in (9) and `users`.`deleted_at` is null
2017-10-04 13:58:15: select * from `parameters` where `type` = 'setting' and `key` = 'message_expire_time' limit 1
2017-10-04 13:58:15: select * from `messages` where `doctors_id` = 8 and `members_id` = 9 and `source` = 'member' order by `created_at` desc limit 1
2017-10-04 13:58:15: select * from `messages` where `doctors_id` = 8 and `members_id` = 9 and `source` = 'doctor' order by `created_at` desc limit 1
2017-10-04 13:58:15: update `services` set `opened_at` = '2017-10-04 13:58:15', `updated_at` = '2017-10-04 13:58:15' where `doctors_id` = '8' and `opened_at` is null and `services`.`deleted_at` is null
2017-10-04 13:58:15: select * from `parameters` where `type` = 'setting' and `key` = 'treatment_days_1' limit 1
2017-10-04 13:58:15: select * from `doctors` where `doctors`.`users_id` = 9 and `doctors`.`users_id` is not null and `doctors`.`deleted_at` is null limit 1
2017-10-04 13:59:26: select * from `users` where `id` = '8' and `users`.`deleted_at` is null limit 1
2017-10-04 13:59:26: select * from `doctors` where `doctors`.`users_id` = 8 and `doctors`.`users_id` is not null and `doctors`.`deleted_at` is null limit 1
2017-10-04 13:59:26: select count(*) as aggregate from `member_requests` where `member_requests`.`deleted_at` is null
2017-10-04 13:59:26: select count(*) as aggregate from `member_request_doctors` where `doctors_id` = '8'
2017-10-04 13:59:26: select count(*) as aggregate from `services` where `doctors_id` = '8' and `opened_at` is null and `services`.`deleted_at` is null
2017-10-04 13:59:26: select * from `messages` where `doctors_id` = '8' and `doctor_readed_at` is null and `visible` = 1 order by `created_at` desc
2017-10-04 13:59:26: select * from `services` where `members_id` = 9 and `payment_status` = 1 and `services`.`deleted_at` is null order by `id` desc limit 1
2017-10-04 13:59:26: select * from `parameters` where `type` = 'setting' and `key` = 'treatment_days_1' limit 1
2017-10-04 13:59:26: select * from `parameters` where `type` = 'banner'
2017-10-04 13:59:26: select * from `parameters` where `type` = 'setting' and `key` = 'service_email' limit 1
2017-10-04 13:59:30: select * from `users` where `id` = '8' and `login_type` = 2 and `status` = 1 and `users`.`deleted_at` is null limit 1
2017-10-04 13:59:30: select * from `doctors` where `doctors`.`users_id` in (8) and `doctors`.`deleted_at` is null
2017-10-04 13:59:30: select * from `services` where `doctors_id` = '8' and `members_id` is not null and `services`.`deleted_at` is null
2017-10-04 13:59:30: select * from `services` where `doctors_id` = '8' and `members_id` in (9) and `payment_status` in (0, 1) and `services`.`deleted_at` is null order by `created_at` desc
2017-10-04 13:59:30: select * from `users` where `login_type` = 1 and `users`.`id` in (9) and `users`.`deleted_at` is null
2017-10-04 13:59:30: select * from `parameters` where `type` = 'setting' and `key` = 'message_expire_time' limit 1
2017-10-04 13:59:30: select * from `messages` where `doctors_id` = 8 and `members_id` = 9 and `source` = 'member' order by `created_at` desc limit 1
2017-10-04 13:59:30: select * from `messages` where `doctors_id` = 8 and `members_id` = 9 and `source` = 'doctor' order by `created_at` desc limit 1
2017-10-04 13:59:30: update `services` set `opened_at` = '2017-10-04 13:59:30', `updated_at` = '2017-10-04 13:59:30' where `doctors_id` = '8' and `opened_at` is null and `services`.`deleted_at` is null
2017-10-04 13:59:30: select * from `parameters` where `type` = 'setting' and `key` = 'treatment_days_1' limit 1
2017-10-04 13:59:30: select * from `doctors` where `doctors`.`users_id` = 9 and `doctors`.`users_id` is not null and `doctors`.`deleted_at` is null limit 1
2017-10-04 14:03:59: select * from `users` where `id` = '8' and `users`.`deleted_at` is null limit 1
2017-10-04 14:03:59: select * from `doctors` where `doctors`.`users_id` = 8 and `doctors`.`users_id` is not null and `doctors`.`deleted_at` is null limit 1
2017-10-04 14:03:59: select count(*) as aggregate from `member_requests` where `member_requests`.`deleted_at` is null
2017-10-04 14:03:59: select count(*) as aggregate from `member_request_doctors` where `doctors_id` = '8'
2017-10-04 14:03:59: select count(*) as aggregate from `services` where `doctors_id` = '8' and `opened_at` is null and `services`.`deleted_at` is null
2017-10-04 14:03:59: select * from `messages` where `doctors_id` = '8' and `doctor_readed_at` is null and `visible` = 1 order by `created_at` desc
2017-10-04 14:03:59: select * from `services` where `members_id` = 9 and `payment_status` = 1 and `services`.`deleted_at` is null order by `id` desc limit 1
2017-10-04 14:03:59: select * from `parameters` where `type` = 'setting' and `key` = 'treatment_days_1' limit 1
2017-10-04 14:03:59: select * from `parameters` where `type` = 'banner'
2017-10-04 14:03:59: select * from `parameters` where `type` = 'setting' and `key` = 'service_email' limit 1
2017-10-04 14:04:00: select * from `users` where `id` = '8' and `login_type` = 2 and `status` = 1 and `users`.`deleted_at` is null limit 1
2017-10-04 14:04:00: select * from `doctors` where `doctors`.`users_id` in (8) and `doctors`.`deleted_at` is null
2017-10-04 14:04:00: select * from `services` where `doctors_id` = '8' and `members_id` is not null and `services`.`deleted_at` is null
2017-10-04 14:04:00: select * from `services` where `doctors_id` = '8' and `members_id` in (9) and `payment_status` in (0, 1) and `services`.`deleted_at` is null order by `created_at` desc
2017-10-04 14:04:00: select * from `users` where `login_type` = 1 and `users`.`id` in (9) and `users`.`deleted_at` is null
2017-10-04 14:04:00: select * from `parameters` where `type` = 'setting' and `key` = 'message_expire_time' limit 1
2017-10-04 14:04:00: select * from `messages` where `doctors_id` = 8 and `members_id` = 9 and `source` = 'member' order by `created_at` desc limit 1
2017-10-04 14:04:00: select * from `messages` where `doctors_id` = 8 and `members_id` = 9 and `source` = 'doctor' order by `created_at` desc limit 1
2017-10-04 14:04:00: update `services` set `opened_at` = '2017-10-04 14:04:00', `updated_at` = '2017-10-04 14:04:00' where `doctors_id` = '8' and `opened_at` is null and `services`.`deleted_at` is null
2017-10-04 14:04:00: select * from `parameters` where `type` = 'setting' and `key` = 'treatment_days_1' limit 1
2017-10-04 14:04:00: select * from `doctors` where `doctors`.`users_id` = 9 and `doctors`.`users_id` is not null and `doctors`.`deleted_at` is null limit 1
2017-10-04 14:07:21: select * from `users` where `id` = '8' and `users`.`deleted_at` is null limit 1
2017-10-04 14:07:21: select * from `doctors` where `doctors`.`users_id` = 8 and `doctors`.`users_id` is not null and `doctors`.`deleted_at` is null limit 1
2017-10-04 14:07:21: select count(*) as aggregate from `member_requests` where `member_requests`.`deleted_at` is null
2017-10-04 14:07:21: select count(*) as aggregate from `member_request_doctors` where `doctors_id` = '8'
2017-10-04 14:07:21: select count(*) as aggregate from `services` where `doctors_id` = '8' and `opened_at` is null and `services`.`deleted_at` is null
2017-10-04 14:07:21: select * from `messages` where `doctors_id` = '8' and `doctor_readed_at` is null and `visible` = 1 order by `created_at` desc
2017-10-04 14:07:21: select * from `services` where `members_id` = 9 and `payment_status` = 1 and `services`.`deleted_at` is null order by `id` desc limit 1
2017-10-04 14:07:21: select * from `parameters` where `type` = 'setting' and `key` = 'treatment_days_1' limit 1
2017-10-04 14:07:21: select * from `parameters` where `type` = 'banner'
2017-10-04 14:07:21: select * from `parameters` where `type` = 'setting' and `key` = 'service_email' limit 1
2017-10-04 14:07:24: select * from `users` where `id` = '8' and `login_type` = 2 and `status` = 1 and `users`.`deleted_at` is null limit 1
2017-10-04 14:07:24: select * from `doctors` where `doctors`.`users_id` in (8) and `doctors`.`deleted_at` is null
2017-10-04 14:07:24: select * from `services` where `doctors_id` = '8' and `members_id` is not null and `services`.`deleted_at` is null
2017-10-04 14:07:24: select * from `services` where `doctors_id` = '8' and `members_id` in (9) and `payment_status` in (0, 1) and `services`.`deleted_at` is null order by `created_at` desc
2017-10-04 14:07:24: select * from `users` where `login_type` = 1 and `users`.`id` in (9) and `users`.`deleted_at` is null
2017-10-04 14:07:24: select * from `parameters` where `type` = 'setting' and `key` = 'message_expire_time' limit 1
2017-10-04 14:07:24: select * from `messages` where `doctors_id` = 8 and `members_id` = 9 and `source` = 'member' order by `created_at` desc limit 1
2017-10-04 14:07:24: select * from `messages` where `doctors_id` = 8 and `members_id` = 9 and `source` = 'doctor' order by `created_at` desc limit 1
2017-10-04 14:07:24: update `services` set `opened_at` = '2017-10-04 14:07:24', `updated_at` = '2017-10-04 14:07:24' where `doctors_id` = '8' and `opened_at` is null and `services`.`deleted_at` is null
2017-10-04 14:07:24: select * from `parameters` where `type` = 'setting' and `key` = 'treatment_days_1' limit 1
2017-10-04 14:07:24: select * from `doctors` where `doctors`.`users_id` = 9 and `doctors`.`users_id` is not null and `doctors`.`deleted_at` is null limit 1
2017-10-04 14:18:24: select * from `users` where `id` = '8' and `users`.`deleted_at` is null limit 1
2017-10-04 14:18:24: select * from `doctors` where `doctors`.`users_id` = 8 and `doctors`.`users_id` is not null and `doctors`.`deleted_at` is null limit 1
2017-10-04 14:18:24: select count(*) as aggregate from `member_requests` where `member_requests`.`deleted_at` is null
2017-10-04 14:18:24: select count(*) as aggregate from `member_request_doctors` where `doctors_id` = '8'
2017-10-04 14:18:24: select count(*) as aggregate from `services` where `doctors_id` = '8' and `opened_at` is null and `services`.`deleted_at` is null
2017-10-04 14:18:24: select * from `messages` where `doctors_id` = '8' and `doctor_readed_at` is null and `visible` = 1 order by `created_at` desc
2017-10-04 14:18:24: select * from `services` where `members_id` = 9 and `payment_status` = 1 and `services`.`deleted_at` is null order by `id` desc limit 1
2017-10-04 14:18:24: select * from `parameters` where `type` = 'setting' and `key` = 'treatment_days_1' limit 1
2017-10-04 14:18:24: select * from `parameters` where `type` = 'banner'
2017-10-04 14:18:24: select * from `parameters` where `type` = 'setting' and `key` = 'service_email' limit 1
2017-10-04 14:18:37: select * from `users` where `id` = '8' and `login_type` = 2 and `status` = 1 and `users`.`deleted_at` is null limit 1
2017-10-04 14:18:37: select * from `doctors` where `doctors`.`users_id` in (8) and `doctors`.`deleted_at` is null
2017-10-04 14:18:37: select * from `services` where `doctors_id` = '8' and `members_id` is not null and `services`.`deleted_at` is null
2017-10-04 14:18:37: select * from `services` where `doctors_id` = '8' and `members_id` in (9) and `payment_status` in (0, 1) and `services`.`deleted_at` is null order by `created_at` desc
2017-10-04 14:18:37: select * from `users` where `login_type` = 1 and `users`.`id` in (9) and `users`.`deleted_at` is null
2017-10-04 14:18:37: select * from `parameters` where `type` = 'setting' and `key` = 'message_expire_time' limit 1
2017-10-04 14:18:37: select * from `messages` where `doctors_id` = 8 and `members_id` = 9 and `source` = 'member' order by `created_at` desc limit 1
2017-10-04 14:18:37: select * from `messages` where `doctors_id` = 8 and `members_id` = 9 and `source` = 'doctor' order by `created_at` desc limit 1
2017-10-04 14:18:37: update `services` set `opened_at` = '2017-10-04 14:18:37', `updated_at` = '2017-10-04 14:18:37' where `doctors_id` = '8' and `opened_at` is null and `services`.`deleted_at` is null
2017-10-04 14:18:37: select * from `parameters` where `type` = 'setting' and `key` = 'treatment_days_1' limit 1
2017-10-04 14:18:37: select * from `doctors` where `doctors`.`users_id` = 9 and `doctors`.`users_id` is not null and `doctors`.`deleted_at` is null limit 1
2017-10-04 18:54:17: select * from `users` where `id` = '36' and `users`.`deleted_at` is null limit 1
2017-10-04 18:54:17: select * from `doctors` where `doctors`.`users_id` = 36 and `doctors`.`users_id` is not null and `doctors`.`deleted_at` is null limit 1
2017-10-04 18:54:17: select count(*) as aggregate from `member_requests` where `member_requests`.`deleted_at` is null
2017-10-04 18:54:17: select count(*) as aggregate from `member_request_doctors` where `doctors_id` = '36'
2017-10-04 18:54:17: select count(*) as aggregate from `services` where `doctors_id` = '36' and `opened_at` is null and `services`.`deleted_at` is null
2017-10-04 18:54:17: select * from `messages` where `doctors_id` = '36' and `doctor_readed_at` is null and `visible` = 1 order by `created_at` desc
2017-10-04 18:54:17: select * from `services` where `members_id` = 37 and `payment_status` = 1 and `services`.`deleted_at` is null order by `id` desc limit 1
2017-10-04 18:54:17: select * from `parameters` where `type` = 'banner'
2017-10-04 18:54:17: select * from `parameters` where `type` = 'setting' and `key` = 'service_email' limit 1
2017-10-04 18:54:32: select * from `users` where `id` = '36' and `users`.`deleted_at` is null limit 1
2017-10-04 18:54:32: select * from `doctors` where `doctors`.`users_id` = 36 and `doctors`.`users_id` is not null and `doctors`.`deleted_at` is null limit 1
2017-10-04 18:54:32: select count(*) as aggregate from `member_requests` where `member_requests`.`deleted_at` is null
2017-10-04 18:54:32: select count(*) as aggregate from `member_request_doctors` where `doctors_id` = '36'
2017-10-04 18:54:33: select count(*) as aggregate from `services` where `doctors_id` = '36' and `opened_at` is null and `services`.`deleted_at` is null
2017-10-04 18:54:33: select * from `messages` where `doctors_id` = '36' and `doctor_readed_at` is null and `visible` = 1 order by `created_at` desc
2017-10-04 18:54:33: select * from `services` where `members_id` = 37 and `payment_status` = 1 and `services`.`deleted_at` is null order by `id` desc limit 1
2017-10-04 18:54:33: select * from `parameters` where `type` = 'banner'
2017-10-04 18:54:33: select * from `parameters` where `type` = 'setting' and `key` = 'service_email' limit 1
2017-10-04 18:55:12: select * from `users` where `id` = '36' and `users`.`deleted_at` is null limit 1
2017-10-04 18:55:12: select * from `doctors` where `doctors`.`users_id` = 36 and `doctors`.`users_id` is not null and `doctors`.`deleted_at` is null limit 1
2017-10-04 18:55:12: select count(*) as aggregate from `member_requests` where `member_requests`.`deleted_at` is null
2017-10-04 18:55:12: select count(*) as aggregate from `member_request_doctors` where `doctors_id` = '36'
2017-10-04 18:55:12: select count(*) as aggregate from `services` where `doctors_id` = '36' and `opened_at` is null and `services`.`deleted_at` is null
2017-10-04 18:55:12: select * from `messages` where `doctors_id` = '36' and `doctor_readed_at` is null and `visible` = 1 order by `created_at` desc
2017-10-04 18:55:12: select * from `services` where `members_id` = 37 and `payment_status` = 1 and `services`.`deleted_at` is null order by `id` desc limit 1
2017-10-04 18:55:12: select * from `parameters` where `type` = 'banner'
2017-10-04 18:55:12: select * from `parameters` where `type` = 'setting' and `key` = 'service_email' limit 1
2017-10-04 19:50:20: select count(*) as aggregate from `users` where `id` = '23'
2017-10-04 19:50:20: select * from `users` where `id` = '23' and `users`.`deleted_at` is null limit 1
2017-10-04 19:50:20: select * from `users` where `city_id` = 1 and `login_type` = '2' and `online` = 1 and `users`.`deleted_at` is null order by `online_at` desc
2017-10-04 19:50:20: select * from `messages` where `source` = 'doctor' and `started_at` is not null and `messages`.`doctors_id` in (3, 6, 8, 22, 25, 28, 29, 30, 31, 32, 33, 34, 36, 39, 42) and `members_id` = '23' order by `started_at` desc
2017-10-04 19:50:20: select * from `doctors` where `users_id` = 36 and `doctors`.`deleted_at` is null limit 1
2017-10-04 19:50:20: select * from `services` where `members_id` = '23' and `payment_status` = 1 and `services`.`deleted_at` is null order by `id` desc limit 1
2017-10-04 19:50:20: select * from `doctors` where `users_id` = 34 and `doctors`.`deleted_at` is null limit 1
2017-10-04 19:50:20: select * from `services` where `members_id` = '23' and `payment_status` = 1 and `services`.`deleted_at` is null order by `id` desc limit 1
2017-10-04 19:50:20: select * from `doctors` where `users_id` = 22 and `doctors`.`deleted_at` is null limit 1
2017-10-04 19:50:20: select * from `services` where `members_id` = '23' and `payment_status` = 1 and `services`.`deleted_at` is null order by `id` desc limit 1
2017-10-04 19:50:20: select * from `doctors` where `users_id` = 39 and `doctors`.`deleted_at` is null limit 1
2017-10-04 19:50:20: select * from `services` where `members_id` = '23' and `payment_status` = 1 and `services`.`deleted_at` is null order by `id` desc limit 1
2017-10-04 19:50:20: select * from `doctors` where `users_id` = 30 and `doctors`.`deleted_at` is null limit 1
2017-10-04 19:50:20: select * from `services` where `members_id` = '23' and `payment_status` = 1 and `services`.`deleted_at` is null order by `id` desc limit 1
2017-10-04 19:50:20: select * from `doctors` where `users_id` = 42 and `doctors`.`deleted_at` is null limit 1
2017-10-04 19:50:20: select * from `services` where `members_id` = '23' and `payment_status` = 1 and `services`.`deleted_at` is null order by `id` desc limit 1
2017-10-04 19:50:20: select * from `doctors` where `users_id` = 8 and `doctors`.`deleted_at` is null limit 1
2017-10-04 19:50:20: select * from `services` where `members_id` = '23' and `payment_status` = 1 and `services`.`deleted_at` is null order by `id` desc limit 1
2017-10-04 19:50:20: select * from `doctors` where `users_id` = 29 and `doctors`.`deleted_at` is null limit 1
2017-10-04 19:50:20: select * from `services` where `members_id` = '23' and `payment_status` = 1 and `services`.`deleted_at` is null order by `id` desc limit 1
2017-10-04 19:50:20: select * from `parameters` where `type` = 'setting' and `key` = 'treatment_days_1' limit 1
2017-10-04 19:50:20: select * from `doctors` where `users_id` = 32 and `doctors`.`deleted_at` is null limit 1
2017-10-04 19:50:20: select * from `services` where `members_id` = '23' and `payment_status` = 1 and `services`.`deleted_at` is null order by `id` desc limit 1
2017-10-04 19:50:20: select * from `doctors` where `users_id` = 33 and `doctors`.`deleted_at` is null limit 1
2017-10-04 19:50:20: select * from `services` where `members_id` = '23' and `payment_status` = 1 and `services`.`deleted_at` is null order by `id` desc limit 1
2017-10-04 19:50:20: select * from `doctors` where `users_id` = 31 and `doctors`.`deleted_at` is null limit 1
2017-10-04 19:50:20: select * from `services` where `members_id` = '23' and `payment_status` = 1 and `services`.`deleted_at` is null order by `id` desc limit 1
2017-10-04 19:50:20: select * from `doctors` where `users_id` = 25 and `doctors`.`deleted_at` is null limit 1
2017-10-04 19:50:20: select * from `services` where `members_id` = '23' and `payment_status` = 1 and `services`.`deleted_at` is null order by `id` desc limit 1
2017-10-04 19:50:20: select * from `doctors` where `users_id` = 28 and `doctors`.`deleted_at` is null limit 1
2017-10-04 19:50:20: select * from `services` where `members_id` = '23' and `payment_status` = 1 and `services`.`deleted_at` is null order by `id` desc limit 1
2017-10-04 19:50:20: select * from `doctors` where `users_id` = 6 and `doctors`.`deleted_at` is null limit 1
2017-10-04 19:50:20: select * from `services` where `members_id` = '23' and `payment_status` = 1 and `services`.`deleted_at` is null order by `id` desc limit 1
2017-10-04 19:50:20: select * from `doctors` where `users_id` = 3 and `doctors`.`deleted_at` is null limit 1
2017-10-04 19:50:20: select * from `services` where `members_id` = '23' and `payment_status` = 1 and `services`.`deleted_at` is null order by `id` desc limit 1
