2017-12-20 11:45:00: select * from `users` where `id` = '2' and `users`.`deleted_at` is null limit 1
2017-12-20 11:45:00: select * from `doctors` where `doctors`.`users_id` = 2 and `doctors`.`users_id` is not null and `doctors`.`deleted_at` is null limit 1
2017-12-20 11:45:00: select count(*) as aggregate from `member_requests` where `member_requests`.`deleted_at` is null
2017-12-20 11:45:00: select count(*) as aggregate from `member_request_doctors` where `doctors_id` = '2'
2017-12-20 11:45:00: select count(*) as aggregate from `services` where `doctors_id` = '2' and `opened_at` is null and `services`.`deleted_at` is null
2017-12-20 11:45:00: select * from `messages` where `doctors_id` = '2' and `doctor_readed_at` is null and `visible` = 1 order by `created_at` desc
2017-12-20 11:45:00: select * from `parameters` where `type` = 'banner'
2017-12-20 11:45:00: select * from `parameters` where `type` = 'setting' and `key` = 'service_email' limit 1
2017-12-20 11:45:04: select * from `users` where `id` = '2' and `users`.`deleted_at` is null limit 1
2017-12-20 11:45:04: select * from `doctors` where `doctors`.`users_id` = 2 and `doctors`.`users_id` is not null and `doctors`.`deleted_at` is null limit 1
2017-12-20 11:45:33: select * from `users` where `id` = '2' and `users`.`deleted_at` is null limit 1
2017-12-20 11:45:33: select * from `doctors` where `doctors`.`users_id` = 2 and `doctors`.`users_id` is not null and `doctors`.`deleted_at` is null limit 1
2017-12-20 11:45:33: select count(*) as aggregate from `member_requests` where `member_requests`.`deleted_at` is null
2017-12-20 11:45:33: select count(*) as aggregate from `member_request_doctors` where `doctors_id` = '2'
2017-12-20 11:45:33: select count(*) as aggregate from `services` where `doctors_id` = '2' and `opened_at` is null and `services`.`deleted_at` is null
2017-12-20 11:45:33: select * from `messages` where `doctors_id` = '2' and `doctor_readed_at` is null and `visible` = 1 order by `created_at` desc
2017-12-20 11:45:33: select * from `parameters` where `type` = 'banner'
2017-12-20 11:45:33: select * from `parameters` where `type` = 'setting' and `key` = 'service_email' limit 1
2017-12-20 14:35:41: select * from `users` where `id` = '9' and `users`.`deleted_at` is null limit 1
2017-12-20 14:35:41: select * from `doctors` where `doctors`.`users_id` = 9 and `doctors`.`users_id` is not null and `doctors`.`deleted_at` is null limit 1
2017-12-20 14:35:41: select count(*) as aggregate from `member_requests` where `member_requests`.`deleted_at` is null
2017-12-20 14:35:41: select count(*) as aggregate from `member_request_doctors` where `doctors_id` = '9'
2017-12-20 14:35:41: select count(*) as aggregate from `services` where `doctors_id` = '9' and `opened_at` is null and `services`.`deleted_at` is null
2017-12-20 14:35:41: select * from `messages` where `doctors_id` = '9' and `doctor_readed_at` is null and `visible` = 1 order by `created_at` desc
2017-12-20 14:35:41: select * from `parameters` where `type` = 'banner'
2017-12-20 14:35:41: select * from `parameters` where `type` = 'setting' and `key` = 'service_email' limit 1
2017-12-20 14:35:46: select * from `users` where `id` = '9' and `login_type` = 2 and `status` = 1 and `users`.`deleted_at` is null limit 1
2017-12-20 14:35:46: select * from `doctors` where `doctors`.`users_id` in (9) and `doctors`.`deleted_at` is null
2017-12-20 14:35:46: select * from `services` where `doctors_id` = '9' and `members_id` is not null and `services`.`deleted_at` is null
2017-12-20 14:35:46: select * from `services` where `doctors_id` = '9' and `members_id` in (10) and `payment_status` in (0, 1) and `services`.`deleted_at` is null order by `created_at` desc
2017-12-20 14:35:46: select * from `users` where `login_type` = 1 and `users`.`id` in (10) and `users`.`deleted_at` is null
2017-12-20 14:35:46: select * from `parameters` where `type` = 'setting' and `key` = 'message_expire_time' limit 1
2017-12-20 14:35:46: select * from `messages` where `doctors_id` = 9 and `members_id` = 10 and `source` = 'member' order by `created_at` desc limit 1
2017-12-20 14:35:46: select * from `messages` where `doctors_id` = 9 and `members_id` = 10 and `source` = 'doctor' order by `created_at` desc limit 1
2017-12-20 14:35:46: update `services` set `opened_at` = '2017-12-20 14:35:46', `updated_at` = '2017-12-20 14:35:46' where `doctors_id` = '9' and `opened_at` is null and `services`.`deleted_at` is null
2017-12-20 14:35:46: select * from `parameters` where `type` = 'setting' and `key` = 'treatment_days_1' limit 1
2017-12-20 14:35:46: select * from `doctors` where `doctors`.`users_id` = 10 and `doctors`.`users_id` is not null and `doctors`.`deleted_at` is null limit 1
2017-12-20 14:35:56: select * from `users` where `id` = '9' and `users`.`deleted_at` is null limit 1
2017-12-20 14:35:56: select * from `doctors` where `doctors`.`users_id` = 9 and `doctors`.`users_id` is not null and `doctors`.`deleted_at` is null limit 1
2017-12-20 14:35:56: select count(*) as aggregate from `member_requests` where `member_requests`.`deleted_at` is null
2017-12-20 14:35:56: select count(*) as aggregate from `member_request_doctors` where `doctors_id` = '9'
2017-12-20 14:35:56: select count(*) as aggregate from `services` where `doctors_id` = '9' and `opened_at` is null and `services`.`deleted_at` is null
2017-12-20 14:35:56: select * from `messages` where `doctors_id` = '9' and `doctor_readed_at` is null and `visible` = 1 order by `created_at` desc
2017-12-20 14:35:56: select * from `parameters` where `type` = 'banner'
2017-12-20 14:35:56: select * from `parameters` where `type` = 'setting' and `key` = 'service_email' limit 1
2017-12-20 17:12:43: select * from `users` where `id` = '2' and `users`.`deleted_at` is null limit 1
2017-12-20 17:12:43: select * from `doctors` where `doctors`.`users_id` = 2 and `doctors`.`users_id` is not null and `doctors`.`deleted_at` is null limit 1
2017-12-20 17:12:43: select count(*) as aggregate from `member_requests` where `member_requests`.`deleted_at` is null
2017-12-20 17:12:43: select count(*) as aggregate from `member_request_doctors` where `doctors_id` = '2'
2017-12-20 17:12:43: select count(*) as aggregate from `services` where `doctors_id` = '2' and `opened_at` is null and `services`.`deleted_at` is null
2017-12-20 17:12:43: select * from `messages` where `doctors_id` = '2' and `doctor_readed_at` is null and `visible` = 1 order by `created_at` desc
2017-12-20 17:12:43: select * from `parameters` where `type` = 'banner'
2017-12-20 17:12:43: select * from `parameters` where `type` = 'setting' and `key` = 'service_email' limit 1
2017-12-20 17:12:51: select * from `users` where `id` = '2' and `users`.`deleted_at` is null limit 1
2017-12-20 17:12:51: select * from `doctors` where `doctors`.`users_id` = 2 and `doctors`.`users_id` is not null and `doctors`.`deleted_at` is null limit 1
2017-12-20 17:12:51: select count(*) as aggregate from `member_requests` where `member_requests`.`deleted_at` is null
2017-12-20 17:12:51: select count(*) as aggregate from `member_request_doctors` where `doctors_id` = '2'
2017-12-20 17:12:51: select count(*) as aggregate from `services` where `doctors_id` = '2' and `opened_at` is null and `services`.`deleted_at` is null
2017-12-20 17:12:51: select * from `messages` where `doctors_id` = '2' and `doctor_readed_at` is null and `visible` = 1 order by `created_at` desc
2017-12-20 17:12:51: select * from `parameters` where `type` = 'banner'
2017-12-20 17:12:51: select * from `parameters` where `type` = 'setting' and `key` = 'service_email' limit 1
2017-12-20 17:14:33: select * from `users` where `id` = '2' and `users`.`deleted_at` is null limit 1
2017-12-20 17:14:33: select * from `doctors` where `doctors`.`users_id` = 2 and `doctors`.`users_id` is not null and `doctors`.`deleted_at` is null limit 1
2017-12-20 17:14:33: select count(*) as aggregate from `member_requests` where `member_requests`.`deleted_at` is null
2017-12-20 17:14:33: select count(*) as aggregate from `member_request_doctors` where `doctors_id` = '2'
2017-12-20 17:14:33: select count(*) as aggregate from `services` where `doctors_id` = '2' and `opened_at` is null and `services`.`deleted_at` is null
2017-12-20 17:14:33: select * from `messages` where `doctors_id` = '2' and `doctor_readed_at` is null and `visible` = 1 order by `created_at` desc
2017-12-20 17:14:33: select * from `parameters` where `type` = 'banner'
2017-12-20 17:14:33: select * from `parameters` where `type` = 'setting' and `key` = 'service_email' limit 1
2017-12-20 18:04:14: select count(*) as aggregate from `users` where `id` = '4'
2017-12-20 18:04:14: select * from `users` where `id` = '4' and `users`.`deleted_at` is null limit 1
2017-12-20 18:04:14: select * from `users` where `city_id` = 1 and `login_type` = '2' and `online` = 1 and `users`.`deleted_at` is null order by `online_at` desc
2017-12-20 19:06:12: select count(*) as aggregate from `users` where `account` = '0937862874'
2017-12-20 19:06:13: select count(*) as aggregate from `users` where `account` = '0937862874'
2017-12-20 19:06:16: select count(*) as aggregate from `users` where `account` = '0937862874'
2017-12-20 19:06:16: select count(*) as aggregate from `users` where `account` = '0937862874'
2017-12-20 19:06:26: select count(*) as aggregate from `users` where `account` = '0937862874'
2017-12-20 19:06:27: select count(*) as aggregate from `users` where `account` = '0937862874'
2017-12-20 19:06:30: select count(*) as aggregate from `users` where `account` = '0937862874'
2017-12-20 19:06:54: select count(*) as aggregate from `users` where `account` = '0937862874'
2017-12-20 19:06:54: insert into `users` (`account`, `password`, `status`, `online`, `name`, `male`, `birthday`, `city_id`, `district_id`, `treatment_type`, `login_type`, `updated_at`, `created_at`) values ('0937862874', '$2y$10$GZaMWe/.Z4wqEDWbuuNwJOLs/STVkucaRmDn8Qm4HVIMyLHbs06NK', '1', 'true', '黃思嘉', '1', '1984-06-28', '1', '110', 'null', 2, '2017-12-20 19:06:54', '2017-12-20 19:06:54')
2017-12-20 19:06:54: insert into `doctors` (`due_at`, `longitude`, `latitude`, `title`, `number`, `treatment_type`, `experience_year`, `education_bonus`, `experience`, `specialty`, `education`, `license`, `users_id`, `updated_at`, `created_at`) values ('2018-03-22 00:00:00', 'null', 'null', '物理治療師', 'null', 'null', '10', 'null', '["null"]', '["null"]', '["null"]', '["null"]', 24, '2017-12-20 19:06:54', '2017-12-20 19:06:54')
2017-12-20 19:06:54: update `users` set `avatar` = '/doctors/avatar_24.JPG', `updated_at` = '2017-12-20 19:06:54' where `id` = 24
2017-12-20 19:06:54: select * from `doctors` where `doctors`.`users_id` = 24 and `doctors`.`users_id` is not null and `doctors`.`deleted_at` is null limit 1
2017-12-20 19:10:12: select count(*) as aggregate from `users` where `account` = '0925101679'
2017-12-20 19:10:12: insert into `users` (`account`, `password`, `status`, `online`, `name`, `male`, `birthday`, `city_id`, `district_id`, `treatment_type`, `login_type`, `updated_at`, `created_at`) values ('0925101679', '$2y$10$pZMTCR/i2wO//ZJWlc8SXexj.66E3MCatW/rZHwi5V5aueZAh5eEC', '1', 'true', '蘇姵瑜', '1', '1986-04-16', '1', '105', 'null', 2, '2017-12-20 19:10:12', '2017-12-20 19:10:12')
2017-12-20 19:10:12: insert into `doctors` (`due_at`, `longitude`, `latitude`, `title`, `number`, `treatment_type`, `experience_year`, `education_bonus`, `experience`, `specialty`, `education`, `license`, `users_id`, `updated_at`, `created_at`) values ('2018-03-23 00:00:00', 'null', 'null', '物理治療師', 'null', 'null', '8', 'null', '["null"]', '["null"]', '["null"]', '["null"]', 25, '2017-12-20 19:10:12', '2017-12-20 19:10:12')
2017-12-20 19:10:12: update `users` set `avatar` = '/doctors/avatar_25.jpg', `updated_at` = '2017-12-20 19:10:12' where `id` = 25
2017-12-20 19:10:12: select * from `doctors` where `doctors`.`users_id` = 25 and `doctors`.`users_id` is not null and `doctors`.`deleted_at` is null limit 1
2017-12-20 19:10:42: select * from `users` where `id` = '25' and `users`.`deleted_at` is null limit 1
2017-12-20 19:10:42: select * from `doctors` where `doctors`.`users_id` = 25 and `doctors`.`users_id` is not null and `doctors`.`deleted_at` is null limit 1
2017-12-20 19:10:42: select count(*) as aggregate from `member_requests` where `member_requests`.`deleted_at` is null
2017-12-20 19:10:42: select count(*) as aggregate from `member_request_doctors` where `doctors_id` = '25'
2017-12-20 19:10:42: select count(*) as aggregate from `services` where `doctors_id` = '25' and `opened_at` is null and `services`.`deleted_at` is null
2017-12-20 19:10:42: select * from `messages` where `doctors_id` = '25' and `doctor_readed_at` is null and `visible` = 1 order by `created_at` desc
2017-12-20 19:10:42: select * from `parameters` where `type` = 'banner'
2017-12-20 19:10:42: select * from `parameters` where `type` = 'setting' and `key` = 'service_email' limit 1
2017-12-20 19:10:59: select * from `users` where `id` = '25' and `users`.`deleted_at` is null limit 1
2017-12-20 19:10:59: select * from `doctors` where `doctors`.`users_id` = 25 and `doctors`.`users_id` is not null and `doctors`.`deleted_at` is null limit 1
2017-12-20 19:10:59: select count(*) as aggregate from `member_requests` where `member_requests`.`deleted_at` is null
2017-12-20 19:10:59: select count(*) as aggregate from `member_request_doctors` where `doctors_id` = '25'
2017-12-20 19:10:59: select count(*) as aggregate from `services` where `doctors_id` = '25' and `opened_at` is null and `services`.`deleted_at` is null
2017-12-20 19:10:59: select * from `messages` where `doctors_id` = '25' and `doctor_readed_at` is null and `visible` = 1 order by `created_at` desc
2017-12-20 19:10:59: select * from `parameters` where `type` = 'banner'
2017-12-20 19:10:59: select * from `parameters` where `type` = 'setting' and `key` = 'service_email' limit 1
2017-12-20 19:23:03: select count(*) as aggregate from `users` where `account` = '0983341121'
2017-12-20 19:23:12: select count(*) as aggregate from `users` where `account` = '0983341121'
2017-12-20 19:23:14: select count(*) as aggregate from `users` where `account` = '0983341121'
2017-12-20 19:23:14: select count(*) as aggregate from `users` where `account` = '0983341121'
2017-12-20 19:23:18: select count(*) as aggregate from `users` where `account` = '0983341121'
2017-12-20 19:23:19: select count(*) as aggregate from `users` where `account` = '0983341121'
2017-12-20 19:23:26: select count(*) as aggregate from `users` where `account` = '0983341121'
2017-12-20 19:23:35: select count(*) as aggregate from `users` where `account` = '0983341121'
2017-12-20 19:23:35: select count(*) as aggregate from `users` where `account` = '0983341121'
2017-12-20 19:23:56: select count(*) as aggregate from `users` where `account` = '0983341121'
2017-12-20 19:23:56: insert into `users` (`account`, `password`, `status`, `online`, `name`, `male`, `birthday`, `city_id`, `district_id`, `treatment_type`, `login_type`, `updated_at`, `created_at`) values ('0983341121', '$2y$10$qhLqr9PG5LSw5rvLjM7fkO8a1qgczh4.tX/Bz07AopFNxlKzO/i7.', '1', 'true', '廖偉勝', '0', '1987-06-01', '1', '111', 'null', 2, '2017-12-20 19:23:56', '2017-12-20 19:23:56')
2017-12-20 19:23:56: insert into `doctors` (`due_at`, `longitude`, `latitude`, `title`, `number`, `treatment_type`, `experience_year`, `education_bonus`, `users_id`, `updated_at`, `created_at`) values ('2018-03-16 00:00:00', 'null', 'null', '職能治療師', 'null', 'null', '6', 'null', 26, '2017-12-20 19:23:56', '2017-12-20 19:23:56')
2017-12-20 19:23:56: update `users` set `avatar` = '/doctors/avatar_26.JPG', `updated_at` = '2017-12-20 19:23:56' where `id` = 26
2017-12-20 19:23:56: select * from `doctors` where `doctors`.`users_id` = 26 and `doctors`.`users_id` is not null and `doctors`.`deleted_at` is null limit 1
2017-12-20 19:24:20: select * from `users` where `id` = '26' and `users`.`deleted_at` is null limit 1
2017-12-20 19:24:20: select * from `doctors` where `doctors`.`users_id` = 26 and `doctors`.`users_id` is not null and `doctors`.`deleted_at` is null limit 1
2017-12-20 19:24:20: select count(*) as aggregate from `member_requests` where `member_requests`.`deleted_at` is null
2017-12-20 19:24:20: select count(*) as aggregate from `member_request_doctors` where `doctors_id` = '26'
2017-12-20 19:24:20: select count(*) as aggregate from `services` where `doctors_id` = '26' and `opened_at` is null and `services`.`deleted_at` is null
2017-12-20 19:24:20: select * from `messages` where `doctors_id` = '26' and `doctor_readed_at` is null and `visible` = 1 order by `created_at` desc
2017-12-20 19:24:20: select * from `parameters` where `type` = 'banner'
2017-12-20 19:24:20: select * from `parameters` where `type` = 'setting' and `key` = 'service_email' limit 1
2017-12-20 19:24:26: select * from `users` where `id` = '26' and `users`.`deleted_at` is null limit 1
2017-12-20 19:24:26: select * from `doctors` where `doctors`.`users_id` = 26 and `doctors`.`users_id` is not null and `doctors`.`deleted_at` is null limit 1
2017-12-20 19:24:32: select * from `users` where `id` = '26' and `users`.`deleted_at` is null limit 1
2017-12-20 19:24:32: select * from `doctors` where `doctors`.`users_id` = 26 and `doctors`.`users_id` is not null and `doctors`.`deleted_at` is null limit 1
2017-12-20 19:24:32: select count(*) as aggregate from `member_requests` where `member_requests`.`deleted_at` is null
2017-12-20 19:24:32: select count(*) as aggregate from `member_request_doctors` where `doctors_id` = '26'
2017-12-20 19:24:32: select count(*) as aggregate from `services` where `doctors_id` = '26' and `opened_at` is null and `services`.`deleted_at` is null
2017-12-20 19:24:32: select * from `messages` where `doctors_id` = '26' and `doctor_readed_at` is null and `visible` = 1 order by `created_at` desc
2017-12-20 19:24:32: select * from `parameters` where `type` = 'banner'
2017-12-20 19:24:32: select * from `parameters` where `type` = 'setting' and `key` = 'service_email' limit 1
2017-12-20 21:00:39: select * from `users` where `id` = '24' and `users`.`deleted_at` is null limit 1
2017-12-20 21:00:39: select * from `doctors` where `doctors`.`users_id` = 24 and `doctors`.`users_id` is not null and `doctors`.`deleted_at` is null limit 1
2017-12-20 21:00:39: select count(*) as aggregate from `member_requests` where `member_requests`.`deleted_at` is null
2017-12-20 21:00:39: select count(*) as aggregate from `member_request_doctors` where `doctors_id` = '24'
2017-12-20 21:00:39: select count(*) as aggregate from `services` where `doctors_id` = '24' and `opened_at` is null and `services`.`deleted_at` is null
2017-12-20 21:00:39: select * from `messages` where `doctors_id` = '24' and `doctor_readed_at` is null and `visible` = 1 order by `created_at` desc
2017-12-20 21:00:39: select * from `parameters` where `type` = 'banner'
2017-12-20 21:00:39: select * from `parameters` where `type` = 'setting' and `key` = 'service_email' limit 1
2017-12-20 21:00:46: select * from `users` where `id` = '24' and `users`.`deleted_at` is null limit 1
2017-12-20 21:00:46: select * from `doctors` where `doctors`.`users_id` = 24 and `doctors`.`users_id` is not null and `doctors`.`deleted_at` is null limit 1
2017-12-20 21:00:46: select count(*) as aggregate from `member_requests` where `member_requests`.`deleted_at` is null
2017-12-20 21:00:46: select count(*) as aggregate from `member_request_doctors` where `doctors_id` = '24'
2017-12-20 21:00:46: select count(*) as aggregate from `services` where `doctors_id` = '24' and `opened_at` is null and `services`.`deleted_at` is null
2017-12-20 21:00:46: select * from `messages` where `doctors_id` = '24' and `doctor_readed_at` is null and `visible` = 1 order by `created_at` desc
2017-12-20 21:00:46: select * from `parameters` where `type` = 'banner'
2017-12-20 21:00:46: select * from `parameters` where `type` = 'setting' and `key` = 'service_email' limit 1
2017-12-20 21:31:50: select * from `users` where `id` = '26' and `users`.`deleted_at` is null limit 1
2017-12-20 21:31:50: select * from `doctors` where `doctors`.`users_id` = 26 and `doctors`.`users_id` is not null and `doctors`.`deleted_at` is null limit 1
2017-12-20 21:31:50: select count(*) as aggregate from `member_requests` where `member_requests`.`deleted_at` is null
2017-12-20 21:31:50: select count(*) as aggregate from `member_request_doctors` where `doctors_id` = '26'
2017-12-20 21:31:50: select count(*) as aggregate from `services` where `doctors_id` = '26' and `opened_at` is null and `services`.`deleted_at` is null
2017-12-20 21:31:50: select * from `messages` where `doctors_id` = '26' and `doctor_readed_at` is null and `visible` = 1 order by `created_at` desc
2017-12-20 21:31:50: select * from `parameters` where `type` = 'banner'
2017-12-20 21:31:50: select * from `parameters` where `type` = 'setting' and `key` = 'service_email' limit 1
2017-12-20 21:32:00: select * from `users` where `id` = '26' and `users`.`deleted_at` is null limit 1
2017-12-20 21:32:00: select * from `doctors` where `doctors`.`users_id` = 26 and `doctors`.`users_id` is not null and `doctors`.`deleted_at` is null limit 1
2017-12-20 21:32:00: select count(*) as aggregate from `member_requests` where `member_requests`.`deleted_at` is null
2017-12-20 21:32:00: select count(*) as aggregate from `member_request_doctors` where `doctors_id` = '26'
2017-12-20 21:32:00: select count(*) as aggregate from `services` where `doctors_id` = '26' and `opened_at` is null and `services`.`deleted_at` is null
2017-12-20 21:32:00: select * from `messages` where `doctors_id` = '26' and `doctor_readed_at` is null and `visible` = 1 order by `created_at` desc
2017-12-20 21:32:00: select * from `parameters` where `type` = 'banner'
2017-12-20 21:32:00: select * from `parameters` where `type` = 'setting' and `key` = 'service_email' limit 1
2017-12-20 21:32:01: select * from `users` where `id` = '26' and `login_type` = 2 and `status` = 1 and `users`.`deleted_at` is null limit 1
2017-12-20 21:32:01: select * from `doctors` where `doctors`.`users_id` in (26) and `doctors`.`deleted_at` is null
2017-12-20 21:32:01: select * from `services` where `doctors_id` = '26' and `members_id` is not null and `services`.`deleted_at` is null
2017-12-20 21:32:01: select * from `services` where `doctors_id` = '26' and 0 = 1 and `payment_status` in (0, 1) and `services`.`deleted_at` is null order by `created_at` desc
2017-12-20 21:32:01: select * from `parameters` where `type` = 'setting' and `key` = 'message_expire_time' limit 1
2017-12-20 21:32:01: update `services` set `opened_at` = '2017-12-20 21:32:01', `updated_at` = '2017-12-20 21:32:01' where `doctors_id` = '26' and `opened_at` is null and `services`.`deleted_at` is null
2017-12-20 21:32:04: select * from `users` where `id` = '26' and `users`.`deleted_at` is null limit 1
2017-12-20 21:32:04: select * from `doctors` where `doctors`.`users_id` = 26 and `doctors`.`users_id` is not null and `doctors`.`deleted_at` is null limit 1
2017-12-20 21:32:04: select count(*) as aggregate from `member_requests` where `member_requests`.`deleted_at` is null
2017-12-20 21:32:04: select count(*) as aggregate from `member_request_doctors` where `doctors_id` = '26'
2017-12-20 21:32:04: select count(*) as aggregate from `services` where `doctors_id` = '26' and `opened_at` is null and `services`.`deleted_at` is null
2017-12-20 21:32:04: select * from `messages` where `doctors_id` = '26' and `doctor_readed_at` is null and `visible` = 1 order by `created_at` desc
2017-12-20 21:32:04: select * from `parameters` where `type` = 'banner'
2017-12-20 21:32:04: select * from `parameters` where `type` = 'setting' and `key` = 'service_email' limit 1
2017-12-20 21:32:23: select * from `users` where `id` = '26' and `users`.`deleted_at` is null limit 1
2017-12-20 21:32:23: select * from `doctors` where `doctors`.`users_id` = 26 and `doctors`.`users_id` is not null and `doctors`.`deleted_at` is null limit 1
2017-12-20 21:32:48: select * from `users` where `id` = '26' and `users`.`deleted_at` is null limit 1
2017-12-20 21:32:48: select * from `doctors` where `doctors`.`users_id` = 26 and `doctors`.`users_id` is not null and `doctors`.`deleted_at` is null limit 1
2017-12-20 21:32:48: select count(*) as aggregate from `member_requests` where `member_requests`.`deleted_at` is null
2017-12-20 21:32:48: select count(*) as aggregate from `member_request_doctors` where `doctors_id` = '26'
2017-12-20 21:32:48: select count(*) as aggregate from `services` where `doctors_id` = '26' and `opened_at` is null and `services`.`deleted_at` is null
2017-12-20 21:32:48: select * from `messages` where `doctors_id` = '26' and `doctor_readed_at` is null and `visible` = 1 order by `created_at` desc
2017-12-20 21:32:48: select * from `parameters` where `type` = 'banner'
2017-12-20 21:32:48: select * from `parameters` where `type` = 'setting' and `key` = 'service_email' limit 1
2017-12-20 21:43:57: select * from `users` where `id` = '9' and `users`.`deleted_at` is null limit 1
2017-12-20 21:43:57: select * from `doctors` where `doctors`.`users_id` = 9 and `doctors`.`users_id` is not null and `doctors`.`deleted_at` is null limit 1
2017-12-20 21:43:57: select count(*) as aggregate from `member_requests` where `member_requests`.`deleted_at` is null
2017-12-20 21:43:57: select count(*) as aggregate from `member_request_doctors` where `doctors_id` = '9'
2017-12-20 21:43:57: select count(*) as aggregate from `services` where `doctors_id` = '9' and `opened_at` is null and `services`.`deleted_at` is null
2017-12-20 21:43:57: select * from `messages` where `doctors_id` = '9' and `doctor_readed_at` is null and `visible` = 1 order by `created_at` desc
2017-12-20 21:43:57: select * from `parameters` where `type` = 'banner'
2017-12-20 21:43:57: select * from `parameters` where `type` = 'setting' and `key` = 'service_email' limit 1
2017-12-20 21:44:01: select * from `users` where `id` = '9' and `login_type` = 2 and `status` = 1 and `users`.`deleted_at` is null limit 1
2017-12-20 21:44:01: select * from `doctors` where `doctors`.`users_id` in (9) and `doctors`.`deleted_at` is null
2017-12-20 21:44:01: select * from `services` where `doctors_id` = '9' and `members_id` is not null and `services`.`deleted_at` is null
2017-12-20 21:44:01: select * from `services` where `doctors_id` = '9' and `members_id` in (10) and `payment_status` in (0, 1) and `services`.`deleted_at` is null order by `created_at` desc
2017-12-20 21:44:01: select * from `users` where `login_type` = 1 and `users`.`id` in (10) and `users`.`deleted_at` is null
2017-12-20 21:44:01: select * from `parameters` where `type` = 'setting' and `key` = 'message_expire_time' limit 1
2017-12-20 21:44:01: select * from `messages` where `doctors_id` = 9 and `members_id` = 10 and `source` = 'member' order by `created_at` desc limit 1
2017-12-20 21:44:01: select * from `messages` where `doctors_id` = 9 and `members_id` = 10 and `source` = 'doctor' order by `created_at` desc limit 1
2017-12-20 21:44:01: update `services` set `opened_at` = '2017-12-20 21:44:01', `updated_at` = '2017-12-20 21:44:01' where `doctors_id` = '9' and `opened_at` is null and `services`.`deleted_at` is null
2017-12-20 21:44:01: select * from `parameters` where `type` = 'setting' and `key` = 'treatment_days_1' limit 1
2017-12-20 21:44:01: select * from `doctors` where `doctors`.`users_id` = 10 and `doctors`.`users_id` is not null and `doctors`.`deleted_at` is null limit 1
2017-12-20 21:44:21: select * from `users` where `id` = '9' and `users`.`deleted_at` is null limit 1
2017-12-20 21:44:21: select * from `doctors` where `doctors`.`users_id` = 9 and `doctors`.`users_id` is not null and `doctors`.`deleted_at` is null limit 1
2017-12-20 21:44:21: select count(*) as aggregate from `member_requests` where `member_requests`.`deleted_at` is null
2017-12-20 21:44:21: select count(*) as aggregate from `member_request_doctors` where `doctors_id` = '9'
2017-12-20 21:44:21: select count(*) as aggregate from `services` where `doctors_id` = '9' and `opened_at` is null and `services`.`deleted_at` is null
2017-12-20 21:44:21: select * from `messages` where `doctors_id` = '9' and `doctor_readed_at` is null and `visible` = 1 order by `created_at` desc
2017-12-20 21:44:21: select * from `parameters` where `type` = 'banner'
2017-12-20 21:44:21: select * from `parameters` where `type` = 'setting' and `key` = 'service_email' limit 1
2017-12-20 21:44:22: select * from `users` where `id` = '9' and `login_type` = 2 and `status` = 1 and `users`.`deleted_at` is null limit 1
2017-12-20 21:44:22: select * from `doctors` where `doctors`.`users_id` in (9) and `doctors`.`deleted_at` is null
2017-12-20 21:44:22: select * from `services` where `doctors_id` = '9' and `members_id` is not null and `services`.`deleted_at` is null
2017-12-20 21:44:22: select * from `services` where `doctors_id` = '9' and `members_id` in (10) and `payment_status` in (0, 1) and `services`.`deleted_at` is null order by `created_at` desc
2017-12-20 21:44:22: select * from `users` where `login_type` = 1 and `users`.`id` in (10) and `users`.`deleted_at` is null
2017-12-20 21:44:22: select * from `parameters` where `type` = 'setting' and `key` = 'message_expire_time' limit 1
2017-12-20 21:44:22: select * from `messages` where `doctors_id` = 9 and `members_id` = 10 and `source` = 'member' order by `created_at` desc limit 1
2017-12-20 21:44:22: select * from `messages` where `doctors_id` = 9 and `members_id` = 10 and `source` = 'doctor' order by `created_at` desc limit 1
2017-12-20 21:44:22: update `services` set `opened_at` = '2017-12-20 21:44:22', `updated_at` = '2017-12-20 21:44:22' where `doctors_id` = '9' and `opened_at` is null and `services`.`deleted_at` is null
2017-12-20 21:44:22: select * from `parameters` where `type` = 'setting' and `key` = 'treatment_days_1' limit 1
2017-12-20 21:44:22: select * from `doctors` where `doctors`.`users_id` = 10 and `doctors`.`users_id` is not null and `doctors`.`deleted_at` is null limit 1
2017-12-20 21:44:24: select * from `users` where `id` = '9' and `users`.`deleted_at` is null limit 1
2017-12-20 21:44:24: select * from `doctors` where `doctors`.`users_id` = 9 and `doctors`.`users_id` is not null and `doctors`.`deleted_at` is null limit 1
2017-12-20 21:44:24: select count(*) as aggregate from `member_requests` where `member_requests`.`deleted_at` is null
2017-12-20 21:44:24: select count(*) as aggregate from `member_request_doctors` where `doctors_id` = '9'
2017-12-20 21:44:24: select count(*) as aggregate from `services` where `doctors_id` = '9' and `opened_at` is null and `services`.`deleted_at` is null
2017-12-20 21:44:24: select * from `messages` where `doctors_id` = '9' and `doctor_readed_at` is null and `visible` = 1 order by `created_at` desc
2017-12-20 21:44:24: select * from `parameters` where `type` = 'banner'
2017-12-20 21:44:24: select * from `parameters` where `type` = 'setting' and `key` = 'service_email' limit 1
2017-12-20 21:45:13: select * from `users` where `id` = '9' and `login_type` = 2 and `status` = 1 and `users`.`deleted_at` is null limit 1
2017-12-20 21:45:13: select * from `doctors` where `doctors`.`users_id` in (9) and `doctors`.`deleted_at` is null
2017-12-20 21:45:13: select * from `services` where `doctors_id` = '9' and `members_id` is not null and `services`.`deleted_at` is null
2017-12-20 21:45:13: select * from `services` where `doctors_id` = '9' and `members_id` in (10) and `payment_status` in (0, 1) and `services`.`deleted_at` is null order by `created_at` desc
2017-12-20 21:45:13: select * from `users` where `login_type` = 1 and `users`.`id` in (10) and `users`.`deleted_at` is null
2017-12-20 21:45:13: select * from `parameters` where `type` = 'setting' and `key` = 'message_expire_time' limit 1
2017-12-20 21:45:13: select * from `messages` where `doctors_id` = 9 and `members_id` = 10 and `source` = 'member' order by `created_at` desc limit 1
2017-12-20 21:45:13: select * from `messages` where `doctors_id` = 9 and `members_id` = 10 and `source` = 'doctor' order by `created_at` desc limit 1
2017-12-20 21:45:13: update `services` set `opened_at` = '2017-12-20 21:45:13', `updated_at` = '2017-12-20 21:45:13' where `doctors_id` = '9' and `opened_at` is null and `services`.`deleted_at` is null
2017-12-20 21:45:13: select * from `parameters` where `type` = 'setting' and `key` = 'treatment_days_1' limit 1
2017-12-20 21:45:13: select * from `doctors` where `doctors`.`users_id` = 10 and `doctors`.`users_id` is not null and `doctors`.`deleted_at` is null limit 1
2017-12-20 21:45:15: select * from `users` where `id` = '9' and `users`.`deleted_at` is null limit 1
2017-12-20 21:45:15: select * from `doctors` where `doctors`.`users_id` = 9 and `doctors`.`users_id` is not null and `doctors`.`deleted_at` is null limit 1
2017-12-20 21:45:15: select count(*) as aggregate from `member_requests` where `member_requests`.`deleted_at` is null
2017-12-20 21:45:15: select count(*) as aggregate from `member_request_doctors` where `doctors_id` = '9'
2017-12-20 21:45:15: select count(*) as aggregate from `services` where `doctors_id` = '9' and `opened_at` is null and `services`.`deleted_at` is null
2017-12-20 21:45:15: select * from `messages` where `doctors_id` = '9' and `doctor_readed_at` is null and `visible` = 1 order by `created_at` desc
2017-12-20 21:45:15: select * from `parameters` where `type` = 'banner'
2017-12-20 21:45:15: select * from `parameters` where `type` = 'setting' and `key` = 'service_email' limit 1
2017-12-20 21:46:59: select * from `users` where `id` = '9' and `users`.`deleted_at` is null limit 1
2017-12-20 21:46:59: select * from `doctors` where `doctors`.`users_id` = 9 and `doctors`.`users_id` is not null and `doctors`.`deleted_at` is null limit 1
2017-12-20 21:46:59: select count(*) as aggregate from `member_requests` where `member_requests`.`deleted_at` is null
2017-12-20 21:46:59: select count(*) as aggregate from `member_request_doctors` where `doctors_id` = '9'
2017-12-20 21:46:59: select count(*) as aggregate from `services` where `doctors_id` = '9' and `opened_at` is null and `services`.`deleted_at` is null
2017-12-20 21:46:59: select * from `messages` where `doctors_id` = '9' and `doctor_readed_at` is null and `visible` = 1 order by `created_at` desc
2017-12-20 21:46:59: select * from `parameters` where `type` = 'banner'
2017-12-20 21:46:59: select * from `parameters` where `type` = 'setting' and `key` = 'service_email' limit 1
2017-12-20 21:47:05: select * from `users` where `id` = '9' and `login_type` = 2 and `status` = 1 and `users`.`deleted_at` is null limit 1
2017-12-20 21:47:05: select * from `doctors` where `doctors`.`users_id` in (9) and `doctors`.`deleted_at` is null
2017-12-20 21:47:05: select * from `services` where `doctors_id` = '9' and `members_id` is not null and `services`.`deleted_at` is null
2017-12-20 21:47:05: select * from `services` where `doctors_id` = '9' and `members_id` in (10) and `payment_status` in (0, 1) and `services`.`deleted_at` is null order by `created_at` desc
2017-12-20 21:47:05: select * from `users` where `login_type` = 1 and `users`.`id` in (10) and `users`.`deleted_at` is null
2017-12-20 21:47:05: select * from `parameters` where `type` = 'setting' and `key` = 'message_expire_time' limit 1
2017-12-20 21:47:05: select * from `messages` where `doctors_id` = 9 and `members_id` = 10 and `source` = 'member' order by `created_at` desc limit 1
2017-12-20 21:47:05: select * from `messages` where `doctors_id` = 9 and `members_id` = 10 and `source` = 'doctor' order by `created_at` desc limit 1
2017-12-20 21:47:05: update `services` set `opened_at` = '2017-12-20 21:47:05', `updated_at` = '2017-12-20 21:47:05' where `doctors_id` = '9' and `opened_at` is null and `services`.`deleted_at` is null
2017-12-20 21:47:05: select * from `parameters` where `type` = 'setting' and `key` = 'treatment_days_1' limit 1
2017-12-20 21:47:05: select * from `doctors` where `doctors`.`users_id` = 10 and `doctors`.`users_id` is not null and `doctors`.`deleted_at` is null limit 1
2017-12-20 22:03:32: select * from `users` where `id` = '9' and `users`.`deleted_at` is null limit 1
2017-12-20 22:03:32: select * from `doctors` where `doctors`.`users_id` = 9 and `doctors`.`users_id` is not null and `doctors`.`deleted_at` is null limit 1
2017-12-20 22:03:32: select count(*) as aggregate from `member_requests` where `member_requests`.`deleted_at` is null
2017-12-20 22:03:32: select count(*) as aggregate from `member_request_doctors` where `doctors_id` = '9'
2017-12-20 22:03:32: select count(*) as aggregate from `services` where `doctors_id` = '9' and `opened_at` is null and `services`.`deleted_at` is null
2017-12-20 22:03:32: select * from `messages` where `doctors_id` = '9' and `doctor_readed_at` is null and `visible` = 1 order by `created_at` desc
2017-12-20 22:03:32: select * from `parameters` where `type` = 'banner'
2017-12-20 22:03:32: select * from `parameters` where `type` = 'setting' and `key` = 'service_email' limit 1
2017-12-20 22:03:33: select * from `users` where `id` = '9' and `login_type` = 2 and `status` = 1 and `users`.`deleted_at` is null limit 1
2017-12-20 22:03:33: select * from `doctors` where `doctors`.`users_id` in (9) and `doctors`.`deleted_at` is null
2017-12-20 22:03:33: select * from `services` where `doctors_id` = '9' and `members_id` is not null and `services`.`deleted_at` is null
2017-12-20 22:03:33: select * from `services` where `doctors_id` = '9' and `members_id` in (10) and `payment_status` in (0, 1) and `services`.`deleted_at` is null order by `created_at` desc
2017-12-20 22:03:33: select * from `users` where `login_type` = 1 and `users`.`id` in (10) and `users`.`deleted_at` is null
2017-12-20 22:03:33: select * from `parameters` where `type` = 'setting' and `key` = 'message_expire_time' limit 1
2017-12-20 22:03:33: select * from `messages` where `doctors_id` = 9 and `members_id` = 10 and `source` = 'member' order by `created_at` desc limit 1
2017-12-20 22:03:33: select * from `messages` where `doctors_id` = 9 and `members_id` = 10 and `source` = 'doctor' order by `created_at` desc limit 1
2017-12-20 22:03:33: update `services` set `opened_at` = '2017-12-20 22:03:33', `updated_at` = '2017-12-20 22:03:33' where `doctors_id` = '9' and `opened_at` is null and `services`.`deleted_at` is null
2017-12-20 22:03:33: select * from `parameters` where `type` = 'setting' and `key` = 'treatment_days_1' limit 1
2017-12-20 22:03:33: select * from `doctors` where `doctors`.`users_id` = 10 and `doctors`.`users_id` is not null and `doctors`.`deleted_at` is null limit 1
2017-12-20 22:03:47: select * from `users` where `id` = '9' and `users`.`deleted_at` is null limit 1
2017-12-20 22:03:47: select * from `doctors` where `doctors`.`users_id` = 9 and `doctors`.`users_id` is not null and `doctors`.`deleted_at` is null limit 1
2017-12-20 22:03:47: select count(*) as aggregate from `member_requests` where `member_requests`.`deleted_at` is null
2017-12-20 22:03:47: select count(*) as aggregate from `member_request_doctors` where `doctors_id` = '9'
2017-12-20 22:03:47: select count(*) as aggregate from `services` where `doctors_id` = '9' and `opened_at` is null and `services`.`deleted_at` is null
2017-12-20 22:03:47: select * from `messages` where `doctors_id` = '9' and `doctor_readed_at` is null and `visible` = 1 order by `created_at` desc
2017-12-20 22:03:47: select * from `parameters` where `type` = 'banner'
2017-12-20 22:03:47: select * from `parameters` where `type` = 'setting' and `key` = 'service_email' limit 1
2017-12-20 22:03:48: select * from `users` where `id` = '9' and `login_type` = 2 and `status` = 1 and `users`.`deleted_at` is null limit 1
2017-12-20 22:03:48: select * from `doctors` where `doctors`.`users_id` in (9) and `doctors`.`deleted_at` is null
2017-12-20 22:03:48: select * from `services` where `doctors_id` = '9' and `members_id` is not null and `services`.`deleted_at` is null
2017-12-20 22:03:48: select * from `services` where `doctors_id` = '9' and `members_id` in (10) and `payment_status` in (0, 1) and `services`.`deleted_at` is null order by `created_at` desc
2017-12-20 22:03:48: select * from `users` where `login_type` = 1 and `users`.`id` in (10) and `users`.`deleted_at` is null
2017-12-20 22:03:48: select * from `parameters` where `type` = 'setting' and `key` = 'message_expire_time' limit 1
2017-12-20 22:03:48: select * from `messages` where `doctors_id` = 9 and `members_id` = 10 and `source` = 'member' order by `created_at` desc limit 1
2017-12-20 22:03:48: select * from `messages` where `doctors_id` = 9 and `members_id` = 10 and `source` = 'doctor' order by `created_at` desc limit 1
2017-12-20 22:03:48: update `services` set `opened_at` = '2017-12-20 22:03:48', `updated_at` = '2017-12-20 22:03:48' where `doctors_id` = '9' and `opened_at` is null and `services`.`deleted_at` is null
2017-12-20 22:03:48: select * from `parameters` where `type` = 'setting' and `key` = 'treatment_days_1' limit 1
2017-12-20 22:03:48: select * from `doctors` where `doctors`.`users_id` = 10 and `doctors`.`users_id` is not null and `doctors`.`deleted_at` is null limit 1
2017-12-20 22:05:04: select * from `users` where `id` = '9' and `users`.`deleted_at` is null limit 1
2017-12-20 22:05:04: select * from `doctors` where `doctors`.`users_id` = 9 and `doctors`.`users_id` is not null and `doctors`.`deleted_at` is null limit 1
2017-12-20 22:05:04: select count(*) as aggregate from `member_requests` where `member_requests`.`deleted_at` is null
2017-12-20 22:05:04: select count(*) as aggregate from `member_request_doctors` where `doctors_id` = '9'
2017-12-20 22:05:04: select count(*) as aggregate from `services` where `doctors_id` = '9' and `opened_at` is null and `services`.`deleted_at` is null
2017-12-20 22:05:04: select * from `messages` where `doctors_id` = '9' and `doctor_readed_at` is null and `visible` = 1 order by `created_at` desc
2017-12-20 22:05:04: select * from `parameters` where `type` = 'banner'
2017-12-20 22:05:04: select * from `parameters` where `type` = 'setting' and `key` = 'service_email' limit 1
2017-12-20 22:06:40: select * from `users` where `id` = '9' and `users`.`deleted_at` is null limit 1
2017-12-20 22:06:40: select * from `doctors` where `doctors`.`users_id` = 9 and `doctors`.`users_id` is not null and `doctors`.`deleted_at` is null limit 1
2017-12-20 22:06:40: select count(*) as aggregate from `member_requests` where `member_requests`.`deleted_at` is null
2017-12-20 22:06:40: select count(*) as aggregate from `member_request_doctors` where `doctors_id` = '9'
2017-12-20 22:06:40: select count(*) as aggregate from `services` where `doctors_id` = '9' and `opened_at` is null and `services`.`deleted_at` is null
2017-12-20 22:06:40: select * from `messages` where `doctors_id` = '9' and `doctor_readed_at` is null and `visible` = 1 order by `created_at` desc
2017-12-20 22:06:40: select * from `parameters` where `type` = 'banner'
2017-12-20 22:06:40: select * from `parameters` where `type` = 'setting' and `key` = 'service_email' limit 1
2017-12-20 22:06:41: select * from `users` where `id` = '9' and `login_type` = 2 and `status` = 1 and `users`.`deleted_at` is null limit 1
2017-12-20 22:06:41: select * from `doctors` where `doctors`.`users_id` in (9) and `doctors`.`deleted_at` is null
2017-12-20 22:06:41: select * from `services` where `doctors_id` = '9' and `members_id` is not null and `services`.`deleted_at` is null
2017-12-20 22:06:41: select * from `services` where `doctors_id` = '9' and `members_id` in (10) and `payment_status` in (0, 1) and `services`.`deleted_at` is null order by `created_at` desc
2017-12-20 22:06:41: select * from `users` where `login_type` = 1 and `users`.`id` in (10) and `users`.`deleted_at` is null
2017-12-20 22:06:41: select * from `parameters` where `type` = 'setting' and `key` = 'message_expire_time' limit 1
2017-12-20 22:06:41: select * from `messages` where `doctors_id` = 9 and `members_id` = 10 and `source` = 'member' order by `created_at` desc limit 1
2017-12-20 22:06:41: select * from `messages` where `doctors_id` = 9 and `members_id` = 10 and `source` = 'doctor' order by `created_at` desc limit 1
2017-12-20 22:06:41: update `services` set `opened_at` = '2017-12-20 22:06:41', `updated_at` = '2017-12-20 22:06:41' where `doctors_id` = '9' and `opened_at` is null and `services`.`deleted_at` is null
2017-12-20 22:06:41: select * from `parameters` where `type` = 'setting' and `key` = 'treatment_days_1' limit 1
2017-12-20 22:06:41: select * from `doctors` where `doctors`.`users_id` = 10 and `doctors`.`users_id` is not null and `doctors`.`deleted_at` is null limit 1
2017-12-20 22:07:04: select * from `users` where `id` = '9' and `users`.`deleted_at` is null limit 1
2017-12-20 22:07:04: select * from `doctors` where `doctors`.`users_id` = 9 and `doctors`.`users_id` is not null and `doctors`.`deleted_at` is null limit 1
2017-12-20 22:07:04: select count(*) as aggregate from `member_requests` where `member_requests`.`deleted_at` is null
2017-12-20 22:07:04: select count(*) as aggregate from `member_request_doctors` where `doctors_id` = '9'
2017-12-20 22:07:04: select count(*) as aggregate from `services` where `doctors_id` = '9' and `opened_at` is null and `services`.`deleted_at` is null
2017-12-20 22:07:04: select * from `messages` where `doctors_id` = '9' and `doctor_readed_at` is null and `visible` = 1 order by `created_at` desc
2017-12-20 22:07:04: select * from `parameters` where `type` = 'banner'
2017-12-20 22:07:04: select * from `parameters` where `type` = 'setting' and `key` = 'service_email' limit 1
2017-12-20 22:07:04: select * from `users` where `id` = '9' and `login_type` = 2 and `status` = 1 and `users`.`deleted_at` is null limit 1
2017-12-20 22:07:04: select * from `doctors` where `doctors`.`users_id` in (9) and `doctors`.`deleted_at` is null
2017-12-20 22:07:04: select * from `services` where `doctors_id` = '9' and `members_id` is not null and `services`.`deleted_at` is null
2017-12-20 22:07:04: select * from `services` where `doctors_id` = '9' and `members_id` in (10) and `payment_status` in (0, 1) and `services`.`deleted_at` is null order by `created_at` desc
2017-12-20 22:07:04: select * from `users` where `login_type` = 1 and `users`.`id` in (10) and `users`.`deleted_at` is null
2017-12-20 22:07:04: select * from `parameters` where `type` = 'setting' and `key` = 'message_expire_time' limit 1
2017-12-20 22:07:04: select * from `messages` where `doctors_id` = 9 and `members_id` = 10 and `source` = 'member' order by `created_at` desc limit 1
2017-12-20 22:07:04: select * from `messages` where `doctors_id` = 9 and `members_id` = 10 and `source` = 'doctor' order by `created_at` desc limit 1
2017-12-20 22:07:04: update `services` set `opened_at` = '2017-12-20 22:07:04', `updated_at` = '2017-12-20 22:07:04' where `doctors_id` = '9' and `opened_at` is null and `services`.`deleted_at` is null
2017-12-20 22:07:04: select * from `parameters` where `type` = 'setting' and `key` = 'treatment_days_1' limit 1
2017-12-20 22:07:04: select * from `doctors` where `doctors`.`users_id` = 10 and `doctors`.`users_id` is not null and `doctors`.`deleted_at` is null limit 1
