2017-12-21 00:05:00: select * from `users` where `id` = '24' and `users`.`deleted_at` is null limit 1
2017-12-21 00:05:00: select * from `doctors` where `doctors`.`users_id` = 24 and `doctors`.`users_id` is not null and `doctors`.`deleted_at` is null limit 1
2017-12-21 00:05:00: select count(*) as aggregate from `member_requests` where `member_requests`.`deleted_at` is null
2017-12-21 00:05:00: select count(*) as aggregate from `member_request_doctors` where `doctors_id` = '24'
2017-12-21 00:05:00: select count(*) as aggregate from `services` where `doctors_id` = '24' and `opened_at` is null and `services`.`deleted_at` is null
2017-12-21 00:05:00: select * from `messages` where `doctors_id` = '24' and `doctor_readed_at` is null and `visible` = 1 order by `created_at` desc
2017-12-21 00:05:00: select * from `parameters` where `type` = 'banner'
2017-12-21 00:05:00: select * from `parameters` where `type` = 'setting' and `key` = 'service_email' limit 1
2017-12-21 19:16:50: select * from `users` where `id` = '9' and `users`.`deleted_at` is null limit 1
2017-12-21 19:16:50: select * from `doctors` where `doctors`.`users_id` = 9 and `doctors`.`users_id` is not null and `doctors`.`deleted_at` is null limit 1
2017-12-21 19:16:50: select count(*) as aggregate from `member_requests` where `member_requests`.`deleted_at` is null
2017-12-21 19:16:50: select count(*) as aggregate from `member_request_doctors` where `doctors_id` = '9'
2017-12-21 19:16:50: select count(*) as aggregate from `services` where `doctors_id` = '9' and `opened_at` is null and `services`.`deleted_at` is null
2017-12-21 19:16:50: select * from `messages` where `doctors_id` = '9' and `doctor_readed_at` is null and `visible` = 1 order by `created_at` desc
2017-12-21 19:16:50: select * from `parameters` where `type` = 'banner'
2017-12-21 19:16:50: select * from `parameters` where `type` = 'setting' and `key` = 'service_email' limit 1
2017-12-21 19:16:52: select * from `users` where `id` = '9' and `login_type` = 2 and `status` = 1 and `users`.`deleted_at` is null limit 1
2017-12-21 19:16:52: select * from `doctors` where `doctors`.`users_id` in (9) and `doctors`.`deleted_at` is null
2017-12-21 19:16:52: select * from `services` where `doctors_id` = '9' and `members_id` is not null and `services`.`deleted_at` is null
2017-12-21 19:16:52: select * from `services` where `doctors_id` = '9' and `members_id` in (10) and `payment_status` in (0, 1) and `services`.`deleted_at` is null order by `created_at` desc
2017-12-21 19:16:52: select * from `users` where `login_type` = 1 and `users`.`id` in (10) and `users`.`deleted_at` is null
2017-12-21 19:16:52: select * from `parameters` where `type` = 'setting' and `key` = 'message_expire_time' limit 1
2017-12-21 19:16:52: select * from `messages` where `doctors_id` = 9 and `members_id` = 10 and `source` = 'member' order by `created_at` desc limit 1
2017-12-21 19:16:52: select * from `messages` where `doctors_id` = 9 and `members_id` = 10 and `source` = 'doctor' order by `created_at` desc limit 1
2017-12-21 19:16:52: update `services` set `opened_at` = '2017-12-21 19:16:52', `updated_at` = '2017-12-21 19:16:52' where `doctors_id` = '9' and `opened_at` is null and `services`.`deleted_at` is null
2017-12-21 19:16:52: select * from `parameters` where `type` = 'setting' and `key` = 'treatment_days_1' limit 1
2017-12-21 19:16:52: select * from `doctors` where `doctors`.`users_id` = 10 and `doctors`.`users_id` is not null and `doctors`.`deleted_at` is null limit 1
2017-12-21 19:16:55: select * from `users` where `id` = '9' and `users`.`deleted_at` is null limit 1
2017-12-21 19:16:55: select * from `doctors` where `doctors`.`users_id` = 9 and `doctors`.`users_id` is not null and `doctors`.`deleted_at` is null limit 1
2017-12-21 19:16:55: select count(*) as aggregate from `member_requests` where `member_requests`.`deleted_at` is null
2017-12-21 19:16:55: select count(*) as aggregate from `member_request_doctors` where `doctors_id` = '9'
2017-12-21 19:16:55: select count(*) as aggregate from `services` where `doctors_id` = '9' and `opened_at` is null and `services`.`deleted_at` is null
2017-12-21 19:16:55: select * from `messages` where `doctors_id` = '9' and `doctor_readed_at` is null and `visible` = 1 order by `created_at` desc
2017-12-21 19:16:55: select * from `parameters` where `type` = 'banner'
2017-12-21 19:16:55: select * from `parameters` where `type` = 'setting' and `key` = 'service_email' limit 1
2017-12-21 19:16:56: select * from `users` where `id` = '9' and `login_type` = 2 and `status` = 1 and `users`.`deleted_at` is null limit 1
2017-12-21 19:16:56: select * from `doctors` where `doctors`.`users_id` in (9) and `doctors`.`deleted_at` is null
2017-12-21 19:16:56: select * from `services` where `doctors_id` = '9' and `members_id` is not null and `services`.`deleted_at` is null
2017-12-21 19:16:56: select * from `services` where `doctors_id` = '9' and `members_id` in (10) and `payment_status` in (0, 1) and `services`.`deleted_at` is null order by `created_at` desc
2017-12-21 19:16:56: select * from `users` where `login_type` = 1 and `users`.`id` in (10) and `users`.`deleted_at` is null
2017-12-21 19:16:56: select * from `parameters` where `type` = 'setting' and `key` = 'message_expire_time' limit 1
2017-12-21 19:16:56: select * from `messages` where `doctors_id` = 9 and `members_id` = 10 and `source` = 'member' order by `created_at` desc limit 1
2017-12-21 19:16:56: select * from `messages` where `doctors_id` = 9 and `members_id` = 10 and `source` = 'doctor' order by `created_at` desc limit 1
2017-12-21 19:16:56: update `services` set `opened_at` = '2017-12-21 19:16:56', `updated_at` = '2017-12-21 19:16:56' where `doctors_id` = '9' and `opened_at` is null and `services`.`deleted_at` is null
2017-12-21 19:16:56: select * from `parameters` where `type` = 'setting' and `key` = 'treatment_days_1' limit 1
2017-12-21 19:16:56: select * from `doctors` where `doctors`.`users_id` = 10 and `doctors`.`users_id` is not null and `doctors`.`deleted_at` is null limit 1
2017-12-21 19:17:01: select * from `users` where `id` = '9' and `users`.`deleted_at` is null limit 1
2017-12-21 19:17:01: select * from `doctors` where `doctors`.`users_id` = 9 and `doctors`.`users_id` is not null and `doctors`.`deleted_at` is null limit 1
2017-12-21 19:17:01: select count(*) as aggregate from `member_requests` where `member_requests`.`deleted_at` is null
2017-12-21 19:17:01: select count(*) as aggregate from `member_request_doctors` where `doctors_id` = '9'
2017-12-21 19:17:01: select count(*) as aggregate from `services` where `doctors_id` = '9' and `opened_at` is null and `services`.`deleted_at` is null
2017-12-21 19:17:01: select * from `messages` where `doctors_id` = '9' and `doctor_readed_at` is null and `visible` = 1 order by `created_at` desc
2017-12-21 19:17:01: select * from `parameters` where `type` = 'banner'
2017-12-21 19:17:01: select * from `parameters` where `type` = 'setting' and `key` = 'service_email' limit 1
2017-12-21 20:05:18: select * from `users` where `id` = '9' and `users`.`deleted_at` is null limit 1
2017-12-21 20:05:18: select * from `doctors` where `doctors`.`users_id` = 9 and `doctors`.`users_id` is not null and `doctors`.`deleted_at` is null limit 1
2017-12-21 20:05:18: select count(*) as aggregate from `member_requests` where `member_requests`.`deleted_at` is null
2017-12-21 20:05:18: select count(*) as aggregate from `member_request_doctors` where `doctors_id` = '9'
2017-12-21 20:05:18: select count(*) as aggregate from `services` where `doctors_id` = '9' and `opened_at` is null and `services`.`deleted_at` is null
2017-12-21 20:05:18: select * from `messages` where `doctors_id` = '9' and `doctor_readed_at` is null and `visible` = 1 order by `created_at` desc
2017-12-21 20:05:18: select * from `parameters` where `type` = 'banner'
2017-12-21 20:05:18: select * from `parameters` where `type` = 'setting' and `key` = 'service_email' limit 1
2017-12-21 23:03:03: select * from `users` where `id` = '9' and `users`.`deleted_at` is null limit 1
2017-12-21 23:03:03: select * from `doctors` where `doctors`.`users_id` = 9 and `doctors`.`users_id` is not null and `doctors`.`deleted_at` is null limit 1
2017-12-21 23:03:03: select count(*) as aggregate from `member_requests` where `member_requests`.`deleted_at` is null
2017-12-21 23:03:03: select count(*) as aggregate from `member_request_doctors` where `doctors_id` = '9'
2017-12-21 23:03:03: select count(*) as aggregate from `services` where `doctors_id` = '9' and `opened_at` is null and `services`.`deleted_at` is null
2017-12-21 23:03:03: select * from `messages` where `doctors_id` = '9' and `doctor_readed_at` is null and `visible` = 1 order by `created_at` desc
2017-12-21 23:03:03: select * from `parameters` where `type` = 'banner'
2017-12-21 23:03:03: select * from `parameters` where `type` = 'setting' and `key` = 'service_email' limit 1
2017-12-21 23:03:08: select * from `users` where `id` = '9' and `login_type` = 2 and `status` = 1 and `users`.`deleted_at` is null limit 1
2017-12-21 23:03:08: select * from `doctors` where `doctors`.`users_id` in (9) and `doctors`.`deleted_at` is null
2017-12-21 23:03:08: select * from `services` where `doctors_id` = '9' and `members_id` is not null and `services`.`deleted_at` is null
2017-12-21 23:03:08: select * from `services` where `doctors_id` = '9' and `members_id` in (10) and `payment_status` in (0, 1) and `services`.`deleted_at` is null order by `created_at` desc
2017-12-21 23:03:08: select * from `users` where `login_type` = 1 and `users`.`id` in (10) and `users`.`deleted_at` is null
2017-12-21 23:03:08: select * from `parameters` where `type` = 'setting' and `key` = 'message_expire_time' limit 1
2017-12-21 23:03:08: select * from `messages` where `doctors_id` = 9 and `members_id` = 10 and `source` = 'member' order by `created_at` desc limit 1
2017-12-21 23:03:08: select * from `messages` where `doctors_id` = 9 and `members_id` = 10 and `source` = 'doctor' order by `created_at` desc limit 1
2017-12-21 23:03:08: update `services` set `opened_at` = '2017-12-21 23:03:08', `updated_at` = '2017-12-21 23:03:08' where `doctors_id` = '9' and `opened_at` is null and `services`.`deleted_at` is null
2017-12-21 23:03:08: select * from `parameters` where `type` = 'setting' and `key` = 'treatment_days_1' limit 1
2017-12-21 23:03:08: select * from `doctors` where `doctors`.`users_id` = 10 and `doctors`.`users_id` is not null and `doctors`.`deleted_at` is null limit 1
