2017-09-28 10:46:34: select * from `users` where `id` = '8' and `users`.`deleted_at` is null limit 1
2017-09-28 10:46:34: select * from `doctors` where `doctors`.`users_id` = 8 and `doctors`.`users_id` is not null and `doctors`.`deleted_at` is null limit 1
2017-09-28 10:46:34: select count(*) as aggregate from `member_requests` where `member_requests`.`deleted_at` is null
2017-09-28 10:46:34: select count(*) as aggregate from `member_request_doctors` where `doctors_id` = '8'
2017-09-28 10:46:34: select count(*) as aggregate from `services` where `doctors_id` = '8' and `opened_at` is null and `services`.`deleted_at` is null
2017-09-28 10:46:34: select * from `messages` where `doctors_id` = '8' and `doctor_readed_at` is null and `visible` = 1 order by `created_at` desc
2017-09-28 10:46:34: select * from `parameters` where `type` = 'banner'
2017-09-28 10:46:34: select * from `parameters` where `type` = 'setting' and `key` = 'service_email' limit 1
2017-09-28 10:46:35: select * from `users` where `id` = '8' and `login_type` = 2 and `status` = 1 and `users`.`deleted_at` is null limit 1
2017-09-28 10:46:35: select * from `doctors` where `doctors`.`users_id` in (8) and `doctors`.`deleted_at` is null
2017-09-28 10:46:35: select * from `services` where `doctors_id` = '8' and `members_id` is not null and `services`.`deleted_at` is null
2017-09-28 10:46:35: select * from `services` where `doctors_id` = '8' and `members_id` in (9) and `payment_status` in (0, 1) and `services`.`deleted_at` is null order by `created_at` desc
2017-09-28 10:46:35: select * from `users` where `login_type` = 1 and `users`.`id` in (9) and `users`.`deleted_at` is null
2017-09-28 10:46:35: select * from `parameters` where `type` = 'setting' and `key` = 'message_expire_time' limit 1
2017-09-28 10:46:35: select * from `messages` where `doctors_id` = 8 and `members_id` = 9 and `source` = 'member' order by `created_at` desc limit 1
2017-09-28 10:46:35: select * from `messages` where `doctors_id` = 8 and `members_id` = 9 and `source` = 'doctor' order by `created_at` desc limit 1
2017-09-28 10:46:35: update `services` set `opened_at` = '2017-09-28 10:46:35', `updated_at` = '2017-09-28 10:46:35' where `doctors_id` = '8' and `opened_at` is null and `services`.`deleted_at` is null
2017-09-28 10:46:35: select * from `parameters` where `type` = 'setting' and `key` = 'treatment_days_1' limit 1
2017-09-28 10:46:35: select * from `doctors` where `doctors`.`users_id` = 9 and `doctors`.`users_id` is not null and `doctors`.`deleted_at` is null limit 1
2017-09-28 10:51:50: select * from `users` where `id` = '8' and `users`.`deleted_at` is null limit 1
2017-09-28 10:51:50: select * from `doctors` where `doctors`.`users_id` = 8 and `doctors`.`users_id` is not null and `doctors`.`deleted_at` is null limit 1
2017-09-28 10:51:50: select count(*) as aggregate from `member_requests` where `member_requests`.`deleted_at` is null
2017-09-28 10:51:50: select count(*) as aggregate from `member_request_doctors` where `doctors_id` = '8'
2017-09-28 10:51:50: select count(*) as aggregate from `services` where `doctors_id` = '8' and `opened_at` is null and `services`.`deleted_at` is null
2017-09-28 10:51:50: select * from `messages` where `doctors_id` = '8' and `doctor_readed_at` is null and `visible` = 1 order by `created_at` desc
2017-09-28 10:51:50: select * from `parameters` where `type` = 'banner'
2017-09-28 10:51:50: select * from `parameters` where `type` = 'setting' and `key` = 'service_email' limit 1
2017-09-28 10:52:39: select * from `users` where `id` = '8' and `login_type` = 2 and `status` = 1 and `users`.`deleted_at` is null limit 1
2017-09-28 10:52:39: select * from `doctors` where `doctors`.`users_id` in (8) and `doctors`.`deleted_at` is null
2017-09-28 10:52:39: select * from `services` where `doctors_id` = '8' and `members_id` is not null and `services`.`deleted_at` is null
2017-09-28 10:52:39: select * from `services` where `doctors_id` = '8' and `members_id` in (9) and `payment_status` in (0, 1) and `services`.`deleted_at` is null order by `created_at` desc
2017-09-28 10:52:39: select * from `users` where `login_type` = 1 and `users`.`id` in (9) and `users`.`deleted_at` is null
2017-09-28 10:52:39: select * from `parameters` where `type` = 'setting' and `key` = 'message_expire_time' limit 1
2017-09-28 10:52:39: select * from `messages` where `doctors_id` = 8 and `members_id` = 9 and `source` = 'member' order by `created_at` desc limit 1
2017-09-28 10:52:39: select * from `messages` where `doctors_id` = 8 and `members_id` = 9 and `source` = 'doctor' order by `created_at` desc limit 1
2017-09-28 10:52:39: update `services` set `opened_at` = '2017-09-28 10:52:39', `updated_at` = '2017-09-28 10:52:39' where `doctors_id` = '8' and `opened_at` is null and `services`.`deleted_at` is null
2017-09-28 10:52:39: select * from `parameters` where `type` = 'setting' and `key` = 'treatment_days_1' limit 1
2017-09-28 10:52:39: select * from `doctors` where `doctors`.`users_id` = 9 and `doctors`.`users_id` is not null and `doctors`.`deleted_at` is null limit 1
2017-09-28 10:56:14: select * from `users` where `id` = '8' and `users`.`deleted_at` is null limit 1
2017-09-28 10:56:14: select * from `doctors` where `doctors`.`users_id` = 8 and `doctors`.`users_id` is not null and `doctors`.`deleted_at` is null limit 1
2017-09-28 10:56:14: select count(*) as aggregate from `member_requests` where `member_requests`.`deleted_at` is null
2017-09-28 10:56:14: select count(*) as aggregate from `member_request_doctors` where `doctors_id` = '8'
2017-09-28 10:56:14: select count(*) as aggregate from `services` where `doctors_id` = '8' and `opened_at` is null and `services`.`deleted_at` is null
2017-09-28 10:56:14: select * from `messages` where `doctors_id` = '8' and `doctor_readed_at` is null and `visible` = 1 order by `created_at` desc
2017-09-28 10:56:14: select * from `parameters` where `type` = 'banner'
2017-09-28 10:56:14: select * from `parameters` where `type` = 'setting' and `key` = 'service_email' limit 1
2017-09-28 10:56:18: select * from `users` where `id` = '8' and `login_type` = 2 and `status` = 1 and `users`.`deleted_at` is null limit 1
2017-09-28 10:56:18: select * from `doctors` where `doctors`.`users_id` in (8) and `doctors`.`deleted_at` is null
2017-09-28 10:56:18: select * from `services` where `doctors_id` = '8' and `members_id` is not null and `services`.`deleted_at` is null
2017-09-28 10:56:18: select * from `services` where `doctors_id` = '8' and `members_id` in (9) and `payment_status` in (0, 1) and `services`.`deleted_at` is null order by `created_at` desc
2017-09-28 10:56:19: select * from `users` where `login_type` = 1 and `users`.`id` in (9) and `users`.`deleted_at` is null
2017-09-28 10:56:19: select * from `parameters` where `type` = 'setting' and `key` = 'message_expire_time' limit 1
2017-09-28 10:56:19: select * from `messages` where `doctors_id` = 8 and `members_id` = 9 and `source` = 'member' order by `created_at` desc limit 1
2017-09-28 10:56:19: select * from `messages` where `doctors_id` = 8 and `members_id` = 9 and `source` = 'doctor' order by `created_at` desc limit 1
2017-09-28 10:56:19: update `services` set `opened_at` = '2017-09-28 10:56:19', `updated_at` = '2017-09-28 10:56:19' where `doctors_id` = '8' and `opened_at` is null and `services`.`deleted_at` is null
2017-09-28 10:56:19: select * from `parameters` where `type` = 'setting' and `key` = 'treatment_days_1' limit 1
2017-09-28 10:56:19: select * from `doctors` where `doctors`.`users_id` = 9 and `doctors`.`users_id` is not null and `doctors`.`deleted_at` is null limit 1
2017-09-28 10:58:11: select * from `users` where `id` = '8' and `users`.`deleted_at` is null limit 1
2017-09-28 10:58:11: select * from `doctors` where `doctors`.`users_id` = 8 and `doctors`.`users_id` is not null and `doctors`.`deleted_at` is null limit 1
2017-09-28 10:58:11: select count(*) as aggregate from `member_requests` where `member_requests`.`deleted_at` is null
2017-09-28 10:58:11: select count(*) as aggregate from `member_request_doctors` where `doctors_id` = '8'
2017-09-28 10:58:11: select count(*) as aggregate from `services` where `doctors_id` = '8' and `opened_at` is null and `services`.`deleted_at` is null
2017-09-28 10:58:11: select * from `messages` where `doctors_id` = '8' and `doctor_readed_at` is null and `visible` = 1 order by `created_at` desc
2017-09-28 10:58:11: select * from `parameters` where `type` = 'banner'
2017-09-28 10:58:11: select * from `parameters` where `type` = 'setting' and `key` = 'service_email' limit 1
2017-09-28 10:58:17: select * from `users` where `id` = '8' and `login_type` = 2 and `status` = 1 and `users`.`deleted_at` is null limit 1
2017-09-28 10:58:17: select * from `doctors` where `doctors`.`users_id` in (8) and `doctors`.`deleted_at` is null
2017-09-28 10:58:17: select * from `services` where `doctors_id` = '8' and `members_id` is not null and `services`.`deleted_at` is null
2017-09-28 10:58:17: select * from `services` where `doctors_id` = '8' and `members_id` in (9) and `payment_status` in (0, 1) and `services`.`deleted_at` is null order by `created_at` desc
2017-09-28 10:58:17: select * from `users` where `login_type` = 1 and `users`.`id` in (9) and `users`.`deleted_at` is null
2017-09-28 10:58:17: select * from `parameters` where `type` = 'setting' and `key` = 'message_expire_time' limit 1
2017-09-28 10:58:17: select * from `messages` where `doctors_id` = 8 and `members_id` = 9 and `source` = 'member' order by `created_at` desc limit 1
2017-09-28 10:58:17: select * from `messages` where `doctors_id` = 8 and `members_id` = 9 and `source` = 'doctor' order by `created_at` desc limit 1
2017-09-28 10:58:17: update `services` set `opened_at` = '2017-09-28 10:58:17', `updated_at` = '2017-09-28 10:58:17' where `doctors_id` = '8' and `opened_at` is null and `services`.`deleted_at` is null
2017-09-28 10:58:17: select * from `parameters` where `type` = 'setting' and `key` = 'treatment_days_1' limit 1
2017-09-28 10:58:17: select * from `doctors` where `doctors`.`users_id` = 9 and `doctors`.`users_id` is not null and `doctors`.`deleted_at` is null limit 1
2017-09-28 11:00:01: select * from `users` where `id` = '8' and `users`.`deleted_at` is null limit 1
2017-09-28 11:00:01: select * from `doctors` where `doctors`.`users_id` = 8 and `doctors`.`users_id` is not null and `doctors`.`deleted_at` is null limit 1
2017-09-28 11:00:01: select count(*) as aggregate from `member_requests` where `member_requests`.`deleted_at` is null
2017-09-28 11:00:01: select count(*) as aggregate from `member_request_doctors` where `doctors_id` = '8'
2017-09-28 11:00:01: select count(*) as aggregate from `services` where `doctors_id` = '8' and `opened_at` is null and `services`.`deleted_at` is null
2017-09-28 11:00:01: select * from `messages` where `doctors_id` = '8' and `doctor_readed_at` is null and `visible` = 1 order by `created_at` desc
2017-09-28 11:00:01: select * from `parameters` where `type` = 'banner'
2017-09-28 11:00:01: select * from `parameters` where `type` = 'setting' and `key` = 'service_email' limit 1
2017-09-28 11:00:02: select * from `users` where `id` = '8' and `login_type` = 2 and `status` = 1 and `users`.`deleted_at` is null limit 1
2017-09-28 11:00:02: select * from `doctors` where `doctors`.`users_id` in (8) and `doctors`.`deleted_at` is null
2017-09-28 11:00:02: select * from `services` where `doctors_id` = '8' and `members_id` is not null and `services`.`deleted_at` is null
2017-09-28 11:00:02: select * from `services` where `doctors_id` = '8' and `members_id` in (9) and `payment_status` in (0, 1) and `services`.`deleted_at` is null order by `created_at` desc
2017-09-28 11:00:02: select * from `users` where `login_type` = 1 and `users`.`id` in (9) and `users`.`deleted_at` is null
2017-09-28 11:00:02: select * from `parameters` where `type` = 'setting' and `key` = 'message_expire_time' limit 1
2017-09-28 11:00:02: select * from `messages` where `doctors_id` = 8 and `members_id` = 9 and `source` = 'member' order by `created_at` desc limit 1
2017-09-28 11:00:02: select * from `messages` where `doctors_id` = 8 and `members_id` = 9 and `source` = 'doctor' order by `created_at` desc limit 1
2017-09-28 11:00:02: update `services` set `opened_at` = '2017-09-28 11:00:02', `updated_at` = '2017-09-28 11:00:02' where `doctors_id` = '8' and `opened_at` is null and `services`.`deleted_at` is null
2017-09-28 11:00:02: select * from `parameters` where `type` = 'setting' and `key` = 'treatment_days_1' limit 1
2017-09-28 11:00:02: select * from `doctors` where `doctors`.`users_id` = 9 and `doctors`.`users_id` is not null and `doctors`.`deleted_at` is null limit 1
2017-09-28 11:01:26: select * from `users` where `id` = '8' and `users`.`deleted_at` is null limit 1
2017-09-28 11:01:26: select * from `doctors` where `doctors`.`users_id` = 8 and `doctors`.`users_id` is not null and `doctors`.`deleted_at` is null limit 1
2017-09-28 11:01:26: select count(*) as aggregate from `member_requests` where `member_requests`.`deleted_at` is null
2017-09-28 11:01:26: select count(*) as aggregate from `member_request_doctors` where `doctors_id` = '8'
2017-09-28 11:01:26: select count(*) as aggregate from `services` where `doctors_id` = '8' and `opened_at` is null and `services`.`deleted_at` is null
2017-09-28 11:01:26: select * from `messages` where `doctors_id` = '8' and `doctor_readed_at` is null and `visible` = 1 order by `created_at` desc
2017-09-28 11:01:26: select * from `parameters` where `type` = 'banner'
2017-09-28 11:01:26: select * from `parameters` where `type` = 'setting' and `key` = 'service_email' limit 1
2017-09-28 11:01:30: select * from `users` where `id` = '8' and `login_type` = 2 and `status` = 1 and `users`.`deleted_at` is null limit 1
2017-09-28 11:01:30: select * from `doctors` where `doctors`.`users_id` in (8) and `doctors`.`deleted_at` is null
2017-09-28 11:01:30: select * from `services` where `doctors_id` = '8' and `members_id` is not null and `services`.`deleted_at` is null
2017-09-28 11:01:30: select * from `services` where `doctors_id` = '8' and `members_id` in (9) and `payment_status` in (0, 1) and `services`.`deleted_at` is null order by `created_at` desc
2017-09-28 11:01:30: select * from `users` where `login_type` = 1 and `users`.`id` in (9) and `users`.`deleted_at` is null
2017-09-28 11:01:30: select * from `parameters` where `type` = 'setting' and `key` = 'message_expire_time' limit 1
2017-09-28 11:01:30: select * from `messages` where `doctors_id` = 8 and `members_id` = 9 and `source` = 'member' order by `created_at` desc limit 1
2017-09-28 11:01:30: select * from `messages` where `doctors_id` = 8 and `members_id` = 9 and `source` = 'doctor' order by `created_at` desc limit 1
2017-09-28 11:01:30: update `services` set `opened_at` = '2017-09-28 11:01:30', `updated_at` = '2017-09-28 11:01:30' where `doctors_id` = '8' and `opened_at` is null and `services`.`deleted_at` is null
2017-09-28 11:01:30: select * from `parameters` where `type` = 'setting' and `key` = 'treatment_days_1' limit 1
2017-09-28 11:01:30: select * from `doctors` where `doctors`.`users_id` = 9 and `doctors`.`users_id` is not null and `doctors`.`deleted_at` is null limit 1
2017-09-28 11:02:05: select * from `users` where `id` = '8' and `users`.`deleted_at` is null limit 1
2017-09-28 11:02:05: select * from `doctors` where `doctors`.`users_id` = 8 and `doctors`.`users_id` is not null and `doctors`.`deleted_at` is null limit 1
2017-09-28 11:02:05: select count(*) as aggregate from `member_requests` where `member_requests`.`deleted_at` is null
2017-09-28 11:02:05: select count(*) as aggregate from `member_request_doctors` where `doctors_id` = '8'
2017-09-28 11:02:05: select count(*) as aggregate from `services` where `doctors_id` = '8' and `opened_at` is null and `services`.`deleted_at` is null
2017-09-28 11:02:05: select * from `messages` where `doctors_id` = '8' and `doctor_readed_at` is null and `visible` = 1 order by `created_at` desc
2017-09-28 11:02:05: select * from `parameters` where `type` = 'banner'
2017-09-28 11:02:05: select * from `parameters` where `type` = 'setting' and `key` = 'service_email' limit 1
2017-09-28 11:02:08: select * from `users` where `id` = '8' and `login_type` = 2 and `status` = 1 and `users`.`deleted_at` is null limit 1
2017-09-28 11:02:08: select * from `doctors` where `doctors`.`users_id` in (8) and `doctors`.`deleted_at` is null
2017-09-28 11:02:08: select * from `services` where `doctors_id` = '8' and `members_id` is not null and `services`.`deleted_at` is null
2017-09-28 11:02:08: select * from `services` where `doctors_id` = '8' and `members_id` in (9) and `payment_status` in (0, 1) and `services`.`deleted_at` is null order by `created_at` desc
2017-09-28 11:02:08: select * from `users` where `login_type` = 1 and `users`.`id` in (9) and `users`.`deleted_at` is null
2017-09-28 11:02:08: select * from `parameters` where `type` = 'setting' and `key` = 'message_expire_time' limit 1
2017-09-28 11:02:08: select * from `messages` where `doctors_id` = 8 and `members_id` = 9 and `source` = 'member' order by `created_at` desc limit 1
2017-09-28 11:02:08: select * from `messages` where `doctors_id` = 8 and `members_id` = 9 and `source` = 'doctor' order by `created_at` desc limit 1
2017-09-28 11:02:08: update `services` set `opened_at` = '2017-09-28 11:02:08', `updated_at` = '2017-09-28 11:02:08' where `doctors_id` = '8' and `opened_at` is null and `services`.`deleted_at` is null
2017-09-28 11:02:08: select * from `parameters` where `type` = 'setting' and `key` = 'treatment_days_1' limit 1
2017-09-28 11:02:08: select * from `doctors` where `doctors`.`users_id` = 9 and `doctors`.`users_id` is not null and `doctors`.`deleted_at` is null limit 1
2017-09-28 11:03:27: select * from `users` where `id` = '8' and `users`.`deleted_at` is null limit 1
2017-09-28 11:03:27: select * from `doctors` where `doctors`.`users_id` = 8 and `doctors`.`users_id` is not null and `doctors`.`deleted_at` is null limit 1
2017-09-28 11:03:27: select count(*) as aggregate from `member_requests` where `member_requests`.`deleted_at` is null
2017-09-28 11:03:27: select count(*) as aggregate from `member_request_doctors` where `doctors_id` = '8'
2017-09-28 11:03:27: select count(*) as aggregate from `services` where `doctors_id` = '8' and `opened_at` is null and `services`.`deleted_at` is null
2017-09-28 11:03:27: select * from `messages` where `doctors_id` = '8' and `doctor_readed_at` is null and `visible` = 1 order by `created_at` desc
2017-09-28 11:03:27: select * from `parameters` where `type` = 'banner'
2017-09-28 11:03:27: select * from `parameters` where `type` = 'setting' and `key` = 'service_email' limit 1
2017-09-28 11:03:59: select * from `users` where `id` = '8' and `login_type` = 2 and `status` = 1 and `users`.`deleted_at` is null limit 1
2017-09-28 11:03:59: select * from `doctors` where `doctors`.`users_id` in (8) and `doctors`.`deleted_at` is null
2017-09-28 11:03:59: select * from `services` where `doctors_id` = '8' and `members_id` is not null and `services`.`deleted_at` is null
2017-09-28 11:03:59: select * from `services` where `doctors_id` = '8' and `members_id` in (9) and `payment_status` in (0, 1) and `services`.`deleted_at` is null order by `created_at` desc
2017-09-28 11:03:59: select * from `users` where `login_type` = 1 and `users`.`id` in (9) and `users`.`deleted_at` is null
2017-09-28 11:03:59: select * from `parameters` where `type` = 'setting' and `key` = 'message_expire_time' limit 1
2017-09-28 11:03:59: select * from `messages` where `doctors_id` = 8 and `members_id` = 9 and `source` = 'member' order by `created_at` desc limit 1
2017-09-28 11:03:59: select * from `messages` where `doctors_id` = 8 and `members_id` = 9 and `source` = 'doctor' order by `created_at` desc limit 1
2017-09-28 11:03:59: update `services` set `opened_at` = '2017-09-28 11:03:59', `updated_at` = '2017-09-28 11:03:59' where `doctors_id` = '8' and `opened_at` is null and `services`.`deleted_at` is null
2017-09-28 11:03:59: select * from `parameters` where `type` = 'setting' and `key` = 'treatment_days_1' limit 1
2017-09-28 11:03:59: select * from `doctors` where `doctors`.`users_id` = 9 and `doctors`.`users_id` is not null and `doctors`.`deleted_at` is null limit 1
2017-09-28 11:05:45: select * from `users` where `id` = '8' and `users`.`deleted_at` is null limit 1
2017-09-28 11:05:45: select * from `doctors` where `doctors`.`users_id` = 8 and `doctors`.`users_id` is not null and `doctors`.`deleted_at` is null limit 1
2017-09-28 11:05:45: select count(*) as aggregate from `member_requests` where `member_requests`.`deleted_at` is null
2017-09-28 11:05:45: select count(*) as aggregate from `member_request_doctors` where `doctors_id` = '8'
2017-09-28 11:05:45: select count(*) as aggregate from `services` where `doctors_id` = '8' and `opened_at` is null and `services`.`deleted_at` is null
2017-09-28 11:05:45: select * from `messages` where `doctors_id` = '8' and `doctor_readed_at` is null and `visible` = 1 order by `created_at` desc
2017-09-28 11:05:45: select * from `parameters` where `type` = 'banner'
2017-09-28 11:05:45: select * from `parameters` where `type` = 'setting' and `key` = 'service_email' limit 1
2017-09-28 11:05:47: select * from `users` where `id` = '8' and `login_type` = 2 and `status` = 1 and `users`.`deleted_at` is null limit 1
2017-09-28 11:05:47: select * from `doctors` where `doctors`.`users_id` in (8) and `doctors`.`deleted_at` is null
2017-09-28 11:05:47: select * from `services` where `doctors_id` = '8' and `members_id` is not null and `services`.`deleted_at` is null
2017-09-28 11:05:47: select * from `services` where `doctors_id` = '8' and `members_id` in (9) and `payment_status` in (0, 1) and `services`.`deleted_at` is null order by `created_at` desc
2017-09-28 11:05:47: select * from `users` where `login_type` = 1 and `users`.`id` in (9) and `users`.`deleted_at` is null
2017-09-28 11:05:47: select * from `parameters` where `type` = 'setting' and `key` = 'message_expire_time' limit 1
2017-09-28 11:05:47: select * from `messages` where `doctors_id` = 8 and `members_id` = 9 and `source` = 'member' order by `created_at` desc limit 1
2017-09-28 11:05:47: select * from `messages` where `doctors_id` = 8 and `members_id` = 9 and `source` = 'doctor' order by `created_at` desc limit 1
2017-09-28 11:05:47: update `services` set `opened_at` = '2017-09-28 11:05:47', `updated_at` = '2017-09-28 11:05:47' where `doctors_id` = '8' and `opened_at` is null and `services`.`deleted_at` is null
2017-09-28 11:05:47: select * from `parameters` where `type` = 'setting' and `key` = 'treatment_days_1' limit 1
2017-09-28 11:05:47: select * from `doctors` where `doctors`.`users_id` = 9 and `doctors`.`users_id` is not null and `doctors`.`deleted_at` is null limit 1
2017-09-28 14:07:34: select count(*) as aggregate from `users` where `id` = '23'
2017-09-28 14:07:34: select * from `users` where `id` = '23' and `users`.`deleted_at` is null limit 1
2017-09-28 14:07:34: select * from `users` where `city_id` = 1 and `district_id` = 115 and `login_type` = '2' and `online` = 1 and `users`.`deleted_at` is null order by `online_at` desc
2017-09-28 14:07:34: select * from `messages` where `source` = 'doctor' and `started_at` is not null and `messages`.`doctors_id` in (3, 36) and `members_id` = '23' order by `started_at` desc
2017-09-28 14:07:34: select * from `doctors` where `users_id` = 36 and `doctors`.`deleted_at` is null limit 1
2017-09-28 14:07:34: select * from `services` where `members_id` = '23' and `doctors_id` = 36 and `payment_status` = 1 and `services`.`deleted_at` is null
2017-09-28 14:07:34: select * from `parameters` where `type` = 'setting' and `key` = 'treatment_days_1' limit 1
2017-09-28 14:07:34: select * from `doctors` where `users_id` = 3 and `doctors`.`deleted_at` is null limit 1
2017-09-28 14:07:34: select * from `services` where `members_id` = '23' and `doctors_id` = 3 and `payment_status` = 1 and `services`.`deleted_at` is null
2017-09-28 14:08:00: select count(*) as aggregate from `users` where `id` = '23'
2017-09-28 14:08:00: select * from `users` where `id` = '23' and `users`.`deleted_at` is null limit 1
2017-09-28 14:08:00: select * from `users` where `city_id` = 1 and `district_id` = 115 and `login_type` = '2' and `online` = 1 and `users`.`deleted_at` is null order by `online_at` desc
2017-09-28 14:08:00: select * from `messages` where `source` = 'doctor' and `started_at` is not null and `messages`.`doctors_id` in (3, 36) and `members_id` = '23' order by `started_at` desc
2017-09-28 14:08:00: select * from `doctors` where `users_id` = 36 and `doctors`.`deleted_at` is null limit 1
2017-09-28 14:08:00: select * from `services` where `members_id` = '23' and `doctors_id` = 36 and `payment_status` = 1 and `services`.`deleted_at` is null
2017-09-28 14:08:00: select * from `parameters` where `type` = 'setting' and `key` = 'treatment_days_1' limit 1
2017-09-28 14:08:00: select * from `doctors` where `users_id` = 3 and `doctors`.`deleted_at` is null limit 1
2017-09-28 14:08:00: select * from `services` where `members_id` = '23' and `doctors_id` = 3 and `payment_status` = 1 and `services`.`deleted_at` is null
2017-09-28 14:08:06: select * from `users` where `id` = '22' and `users`.`deleted_at` is null limit 1
2017-09-28 14:08:06: select * from `doctors` where `doctors`.`users_id` = 22 and `doctors`.`users_id` is not null and `doctors`.`deleted_at` is null limit 1
2017-09-28 14:08:06: select count(*) as aggregate from `member_requests` where `member_requests`.`deleted_at` is null
2017-09-28 14:08:06: select count(*) as aggregate from `member_request_doctors` where `doctors_id` = '22'
2017-09-28 14:08:06: select count(*) as aggregate from `services` where `doctors_id` = '22' and `opened_at` is null and `services`.`deleted_at` is null
2017-09-28 14:08:06: select * from `messages` where `doctors_id` = '22' and `doctor_readed_at` is null and `visible` = 1 order by `created_at` desc
2017-09-28 14:08:06: select * from `parameters` where `type` = 'banner'
2017-09-28 14:08:06: select * from `parameters` where `type` = 'setting' and `key` = 'service_email' limit 1
2017-09-28 14:08:23: select * from `users` where `id` = '22' and `users`.`deleted_at` is null limit 1
2017-09-28 14:08:23: select * from `doctors` where `doctors`.`users_id` = 22 and `doctors`.`users_id` is not null and `doctors`.`deleted_at` is null limit 1
2017-09-28 14:08:23: select count(*) as aggregate from `member_requests` where `member_requests`.`deleted_at` is null
2017-09-28 14:08:23: select count(*) as aggregate from `member_request_doctors` where `doctors_id` = '22'
2017-09-28 14:08:23: select count(*) as aggregate from `services` where `doctors_id` = '22' and `opened_at` is null and `services`.`deleted_at` is null
2017-09-28 14:08:23: select * from `messages` where `doctors_id` = '22' and `doctor_readed_at` is null and `visible` = 1 order by `created_at` desc
2017-09-28 14:08:23: select * from `parameters` where `type` = 'banner'
2017-09-28 14:08:23: select * from `parameters` where `type` = 'setting' and `key` = 'service_email' limit 1
2017-09-28 14:08:55: select * from `users` where `id` = '22' and `users`.`deleted_at` is null limit 1
2017-09-28 14:08:55: select * from `doctors` where `doctors`.`users_id` = 22 and `doctors`.`users_id` is not null and `doctors`.`deleted_at` is null limit 1
2017-09-28 14:08:55: select count(*) as aggregate from `member_requests` where `member_requests`.`deleted_at` is null
2017-09-28 14:08:55: select count(*) as aggregate from `member_request_doctors` where `doctors_id` = '22'
2017-09-28 14:08:55: select count(*) as aggregate from `services` where `doctors_id` = '22' and `opened_at` is null and `services`.`deleted_at` is null
2017-09-28 14:08:55: select * from `messages` where `doctors_id` = '22' and `doctor_readed_at` is null and `visible` = 1 order by `created_at` desc
2017-09-28 14:08:55: select * from `parameters` where `type` = 'banner'
2017-09-28 14:08:55: select * from `parameters` where `type` = 'setting' and `key` = 'service_email' limit 1
2017-09-28 14:17:08: select * from `users` where `id` = '8' and `users`.`deleted_at` is null limit 1
2017-09-28 14:17:08: select * from `doctors` where `doctors`.`users_id` = 8 and `doctors`.`users_id` is not null and `doctors`.`deleted_at` is null limit 1
2017-09-28 14:17:08: select count(*) as aggregate from `member_requests` where `member_requests`.`deleted_at` is null
2017-09-28 14:17:08: select count(*) as aggregate from `member_request_doctors` where `doctors_id` = '8'
2017-09-28 14:17:08: select count(*) as aggregate from `services` where `doctors_id` = '8' and `opened_at` is null and `services`.`deleted_at` is null
2017-09-28 14:17:08: select * from `messages` where `doctors_id` = '8' and `doctor_readed_at` is null and `visible` = 1 order by `created_at` desc
2017-09-28 14:17:08: select * from `parameters` where `type` = 'banner'
2017-09-28 14:17:08: select * from `parameters` where `type` = 'setting' and `key` = 'service_email' limit 1
2017-09-28 14:19:44: select count(*) as aggregate from `users` where `id` = '9'
2017-09-28 14:19:44: select * from `users` where `id` = '9' and `users`.`deleted_at` is null limit 1
2017-09-28 14:19:44: select * from `users` where `city_id` = 1 and `district_id` = 103 and `login_type` = '2' and `online` = 1 and `users`.`deleted_at` is null order by `online_at` desc
2017-09-28 14:19:44: select * from `messages` where `source` = 'doctor' and `started_at` is not null and `messages`.`doctors_id` in (6, 8, 34) and `members_id` = '9' order by `started_at` desc
2017-09-28 14:19:44: select * from `doctors` where `users_id` = 8 and `doctors`.`deleted_at` is null limit 1
2017-09-28 14:19:44: select * from `services` where `members_id` = '9' and `doctors_id` = 8 and `payment_status` = 1 and `services`.`deleted_at` is null
2017-09-28 14:19:44: select * from `parameters` where `type` = 'setting' and `key` = 'treatment_days_1' limit 1
2017-09-28 14:19:44: select * from `parameters` where `type` = 'setting' and `key` = 'treatment_days_2' limit 1
2017-09-28 14:19:44: select * from `parameters` where `type` = 'setting' and `key` = 'treatment_days_1' limit 1
2017-09-28 14:19:44: select * from `parameters` where `type` = 'setting' and `key` = 'treatment_days_1' limit 1
2017-09-28 14:19:44: select * from `parameters` where `type` = 'setting' and `key` = 'treatment_days_1' limit 1
2017-09-28 14:19:44: select * from `parameters` where `type` = 'setting' and `key` = 'treatment_days_1' limit 1
2017-09-28 14:19:44: select * from `parameters` where `type` = 'setting' and `key` = 'treatment_days_1' limit 1
2017-09-28 14:19:44: select * from `parameters` where `type` = 'setting' and `key` = 'treatment_days_1' limit 1
2017-09-28 14:19:44: select * from `parameters` where `type` = 'setting' and `key` = 'treatment_days_1' limit 1
2017-09-28 14:19:44: select * from `parameters` where `type` = 'setting' and `key` = 'treatment_days_1' limit 1
2017-09-28 14:19:44: select * from `parameters` where `type` = 'setting' and `key` = 'treatment_days_1' limit 1
2017-09-28 14:19:44: select * from `parameters` where `type` = 'setting' and `key` = 'treatment_days_2' limit 1
2017-09-28 14:19:44: select * from `parameters` where `type` = 'setting' and `key` = 'treatment_days_2' limit 1
2017-09-28 14:19:44: select * from `parameters` where `type` = 'setting' and `key` = 'treatment_days_1' limit 1
2017-09-28 14:19:44: select * from `parameters` where `type` = 'setting' and `key` = 'treatment_days_1' limit 1
2017-09-28 14:19:44: select * from `parameters` where `type` = 'setting' and `key` = 'treatment_days_2' limit 1
2017-09-28 14:19:44: select * from `parameters` where `type` = 'setting' and `key` = 'treatment_days_2' limit 1
2017-09-28 14:19:44: select * from `parameters` where `type` = 'setting' and `key` = 'treatment_days_1' limit 1
2017-09-28 14:19:44: select * from `doctors` where `users_id` = 34 and `doctors`.`deleted_at` is null limit 1
2017-09-28 14:19:44: select * from `services` where `members_id` = '9' and `doctors_id` = 34 and `payment_status` = 1 and `services`.`deleted_at` is null
2017-09-28 14:19:44: select * from `doctors` where `users_id` = 6 and `doctors`.`deleted_at` is null limit 1
2017-09-28 14:19:44: select * from `services` where `members_id` = '9' and `doctors_id` = 6 and `payment_status` = 1 and `services`.`deleted_at` is null
2017-09-28 14:19:48: select count(*) as aggregate from `users` where `id` = '9'
2017-09-28 14:19:48: select * from `users` where `id` = '9' and `users`.`deleted_at` is null limit 1
2017-09-28 14:19:48: select * from `users` where `city_id` = 1 and `district_id` = 103 and `login_type` = '2' and `online` = 1 and `users`.`deleted_at` is null order by `online_at` desc
2017-09-28 14:19:48: select * from `messages` where `source` = 'doctor' and `started_at` is not null and `messages`.`doctors_id` in (6, 8, 34) and `members_id` = '9' order by `started_at` desc
2017-09-28 14:19:48: select * from `doctors` where `users_id` = 8 and `doctors`.`deleted_at` is null limit 1
2017-09-28 14:19:48: select * from `services` where `members_id` = '9' and `doctors_id` = 8 and `payment_status` = 1 and `services`.`deleted_at` is null
2017-09-28 14:19:48: select * from `parameters` where `type` = 'setting' and `key` = 'treatment_days_1' limit 1
2017-09-28 14:19:48: select * from `parameters` where `type` = 'setting' and `key` = 'treatment_days_2' limit 1
2017-09-28 14:19:48: select * from `parameters` where `type` = 'setting' and `key` = 'treatment_days_1' limit 1
2017-09-28 14:19:48: select * from `parameters` where `type` = 'setting' and `key` = 'treatment_days_1' limit 1
2017-09-28 14:19:48: select * from `parameters` where `type` = 'setting' and `key` = 'treatment_days_1' limit 1
2017-09-28 14:19:48: select * from `parameters` where `type` = 'setting' and `key` = 'treatment_days_1' limit 1
2017-09-28 14:19:48: select * from `parameters` where `type` = 'setting' and `key` = 'treatment_days_1' limit 1
2017-09-28 14:19:48: select * from `parameters` where `type` = 'setting' and `key` = 'treatment_days_1' limit 1
2017-09-28 14:19:48: select * from `parameters` where `type` = 'setting' and `key` = 'treatment_days_1' limit 1
2017-09-28 14:19:48: select * from `parameters` where `type` = 'setting' and `key` = 'treatment_days_1' limit 1
2017-09-28 14:19:48: select * from `parameters` where `type` = 'setting' and `key` = 'treatment_days_1' limit 1
2017-09-28 14:19:48: select * from `parameters` where `type` = 'setting' and `key` = 'treatment_days_2' limit 1
2017-09-28 14:19:48: select * from `parameters` where `type` = 'setting' and `key` = 'treatment_days_2' limit 1
2017-09-28 14:19:48: select * from `parameters` where `type` = 'setting' and `key` = 'treatment_days_1' limit 1
2017-09-28 14:19:48: select * from `parameters` where `type` = 'setting' and `key` = 'treatment_days_1' limit 1
2017-09-28 14:19:48: select * from `parameters` where `type` = 'setting' and `key` = 'treatment_days_2' limit 1
2017-09-28 14:19:48: select * from `parameters` where `type` = 'setting' and `key` = 'treatment_days_2' limit 1
2017-09-28 14:19:48: select * from `parameters` where `type` = 'setting' and `key` = 'treatment_days_1' limit 1
2017-09-28 14:19:48: select * from `doctors` where `users_id` = 34 and `doctors`.`deleted_at` is null limit 1
2017-09-28 14:19:48: select * from `services` where `members_id` = '9' and `doctors_id` = 34 and `payment_status` = 1 and `services`.`deleted_at` is null
2017-09-28 14:19:48: select * from `doctors` where `users_id` = 6 and `doctors`.`deleted_at` is null limit 1
2017-09-28 14:19:48: select * from `services` where `members_id` = '9' and `doctors_id` = 6 and `payment_status` = 1 and `services`.`deleted_at` is null
2017-09-28 14:20:24: select count(*) as aggregate from `users` where `id` = '9'
2017-09-28 14:20:24: select * from `users` where `id` = '9' and `users`.`deleted_at` is null limit 1
2017-09-28 14:20:24: select * from `users` where `city_id` = 1 and `district_id` = 103 and `login_type` = '2' and `online` = 1 and `users`.`deleted_at` is null order by `online_at` desc
2017-09-28 14:20:24: select * from `messages` where `source` = 'doctor' and `started_at` is not null and `messages`.`doctors_id` in (6, 8, 34) and `members_id` = '9' order by `started_at` desc
2017-09-28 14:20:24: select * from `doctors` where `users_id` = 8 and `doctors`.`deleted_at` is null limit 1
2017-09-28 14:20:24: select * from `services` where `members_id` = '9' and `doctors_id` = 8 and `payment_status` = 1 and `services`.`deleted_at` is null
2017-09-28 14:20:24: select * from `parameters` where `type` = 'setting' and `key` = 'treatment_days_1' limit 1
2017-09-28 14:20:24: select * from `parameters` where `type` = 'setting' and `key` = 'treatment_days_2' limit 1
2017-09-28 14:20:24: select * from `parameters` where `type` = 'setting' and `key` = 'treatment_days_1' limit 1
2017-09-28 14:20:24: select * from `parameters` where `type` = 'setting' and `key` = 'treatment_days_1' limit 1
2017-09-28 14:20:24: select * from `parameters` where `type` = 'setting' and `key` = 'treatment_days_1' limit 1
2017-09-28 14:20:24: select * from `parameters` where `type` = 'setting' and `key` = 'treatment_days_1' limit 1
2017-09-28 14:20:24: select * from `parameters` where `type` = 'setting' and `key` = 'treatment_days_1' limit 1
2017-09-28 14:20:24: select * from `parameters` where `type` = 'setting' and `key` = 'treatment_days_1' limit 1
2017-09-28 14:20:24: select * from `parameters` where `type` = 'setting' and `key` = 'treatment_days_1' limit 1
2017-09-28 14:20:24: select * from `parameters` where `type` = 'setting' and `key` = 'treatment_days_1' limit 1
2017-09-28 14:20:24: select * from `parameters` where `type` = 'setting' and `key` = 'treatment_days_1' limit 1
2017-09-28 14:20:24: select * from `parameters` where `type` = 'setting' and `key` = 'treatment_days_2' limit 1
2017-09-28 14:20:24: select * from `parameters` where `type` = 'setting' and `key` = 'treatment_days_2' limit 1
2017-09-28 14:20:24: select * from `parameters` where `type` = 'setting' and `key` = 'treatment_days_1' limit 1
2017-09-28 14:20:24: select * from `parameters` where `type` = 'setting' and `key` = 'treatment_days_1' limit 1
2017-09-28 14:20:24: select * from `parameters` where `type` = 'setting' and `key` = 'treatment_days_2' limit 1
2017-09-28 14:20:24: select * from `parameters` where `type` = 'setting' and `key` = 'treatment_days_2' limit 1
2017-09-28 14:20:24: select * from `parameters` where `type` = 'setting' and `key` = 'treatment_days_1' limit 1
2017-09-28 14:20:24: select * from `doctors` where `users_id` = 34 and `doctors`.`deleted_at` is null limit 1
2017-09-28 14:20:24: select * from `services` where `members_id` = '9' and `doctors_id` = 34 and `payment_status` = 1 and `services`.`deleted_at` is null
2017-09-28 14:20:24: select * from `doctors` where `users_id` = 6 and `doctors`.`deleted_at` is null limit 1
2017-09-28 14:20:24: select * from `services` where `members_id` = '9' and `doctors_id` = 6 and `payment_status` = 1 and `services`.`deleted_at` is null
2017-09-28 14:21:07: select * from `users` where `id` = '8' and `users`.`deleted_at` is null limit 1
2017-09-28 14:21:07: select * from `doctors` where `doctors`.`users_id` = 8 and `doctors`.`users_id` is not null and `doctors`.`deleted_at` is null limit 1
2017-09-28 14:21:07: select count(*) as aggregate from `member_requests` where `member_requests`.`deleted_at` is null
2017-09-28 14:21:07: select count(*) as aggregate from `member_request_doctors` where `doctors_id` = '8'
2017-09-28 14:21:07: select count(*) as aggregate from `services` where `doctors_id` = '8' and `opened_at` is null and `services`.`deleted_at` is null
2017-09-28 14:21:07: select * from `messages` where `doctors_id` = '8' and `doctor_readed_at` is null and `visible` = 1 order by `created_at` desc
2017-09-28 14:21:07: select * from `services` where `members_id` = 9 and `doctors_id` = '8' and `payment_status` = 1 and `services`.`deleted_at` is null
2017-09-28 14:21:07: select * from `parameters` where `type` = 'setting' and `key` = 'treatment_days_1' limit 1
2017-09-28 14:21:07: select * from `parameters` where `type` = 'setting' and `key` = 'treatment_days_2' limit 1
2017-09-28 14:21:07: select * from `parameters` where `type` = 'setting' and `key` = 'treatment_days_1' limit 1
2017-09-28 14:21:07: select * from `parameters` where `type` = 'setting' and `key` = 'treatment_days_1' limit 1
2017-09-28 14:21:07: select * from `parameters` where `type` = 'setting' and `key` = 'treatment_days_1' limit 1
2017-09-28 14:21:07: select * from `parameters` where `type` = 'setting' and `key` = 'treatment_days_1' limit 1
2017-09-28 14:21:07: select * from `parameters` where `type` = 'setting' and `key` = 'treatment_days_1' limit 1
2017-09-28 14:21:07: select * from `parameters` where `type` = 'setting' and `key` = 'treatment_days_1' limit 1
2017-09-28 14:21:07: select * from `parameters` where `type` = 'setting' and `key` = 'treatment_days_1' limit 1
2017-09-28 14:21:07: select * from `parameters` where `type` = 'setting' and `key` = 'treatment_days_1' limit 1
2017-09-28 14:21:07: select * from `parameters` where `type` = 'setting' and `key` = 'treatment_days_1' limit 1
2017-09-28 14:21:07: select * from `parameters` where `type` = 'setting' and `key` = 'treatment_days_2' limit 1
2017-09-28 14:21:07: select * from `parameters` where `type` = 'setting' and `key` = 'treatment_days_2' limit 1
2017-09-28 14:21:07: select * from `parameters` where `type` = 'setting' and `key` = 'treatment_days_1' limit 1
2017-09-28 14:21:07: select * from `parameters` where `type` = 'setting' and `key` = 'treatment_days_1' limit 1
2017-09-28 14:21:07: select * from `parameters` where `type` = 'setting' and `key` = 'treatment_days_2' limit 1
2017-09-28 14:21:07: select * from `parameters` where `type` = 'setting' and `key` = 'treatment_days_2' limit 1
2017-09-28 14:21:07: select * from `parameters` where `type` = 'setting' and `key` = 'treatment_days_1' limit 1
2017-09-28 14:21:07: select * from `parameters` where `type` = 'banner'
2017-09-28 14:21:07: select * from `parameters` where `type` = 'setting' and `key` = 'service_email' limit 1
2017-09-28 14:21:08: select * from `users` where `id` = '8' and `users`.`deleted_at` is null limit 1
2017-09-28 14:21:08: select * from `doctors` where `doctors`.`users_id` = 8 and `doctors`.`users_id` is not null and `doctors`.`deleted_at` is null limit 1
2017-09-28 14:21:49: select * from `users` where `id` = '8' and `users`.`deleted_at` is null limit 1
2017-09-28 14:21:49: select * from `doctors` where `doctors`.`users_id` = 8 and `doctors`.`users_id` is not null and `doctors`.`deleted_at` is null limit 1
2017-09-28 14:22:11: select * from `users` where `id` = '8' and `users`.`deleted_at` is null limit 1
2017-09-28 14:22:11: select * from `doctors` where `doctors`.`users_id` = 8 and `doctors`.`users_id` is not null and `doctors`.`deleted_at` is null limit 1
2017-09-28 14:22:11: select count(*) as aggregate from `member_requests` where `member_requests`.`deleted_at` is null
2017-09-28 14:22:11: select count(*) as aggregate from `member_request_doctors` where `doctors_id` = '8'
2017-09-28 14:22:11: select count(*) as aggregate from `services` where `doctors_id` = '8' and `opened_at` is null and `services`.`deleted_at` is null
2017-09-28 14:22:11: select * from `messages` where `doctors_id` = '8' and `doctor_readed_at` is null and `visible` = 1 order by `created_at` desc
2017-09-28 14:22:11: select * from `services` where `members_id` = 9 and `doctors_id` = '8' and `payment_status` = 1 and `services`.`deleted_at` is null
2017-09-28 14:22:11: select * from `parameters` where `type` = 'setting' and `key` = 'treatment_days_1' limit 1
2017-09-28 14:22:11: select * from `parameters` where `type` = 'setting' and `key` = 'treatment_days_2' limit 1
2017-09-28 14:22:11: select * from `parameters` where `type` = 'setting' and `key` = 'treatment_days_1' limit 1
2017-09-28 14:22:11: select * from `parameters` where `type` = 'setting' and `key` = 'treatment_days_1' limit 1
2017-09-28 14:22:11: select * from `parameters` where `type` = 'setting' and `key` = 'treatment_days_1' limit 1
2017-09-28 14:22:11: select * from `parameters` where `type` = 'setting' and `key` = 'treatment_days_1' limit 1
2017-09-28 14:22:11: select * from `parameters` where `type` = 'setting' and `key` = 'treatment_days_1' limit 1
2017-09-28 14:22:11: select * from `parameters` where `type` = 'setting' and `key` = 'treatment_days_1' limit 1
2017-09-28 14:22:11: select * from `parameters` where `type` = 'setting' and `key` = 'treatment_days_1' limit 1
2017-09-28 14:22:11: select * from `parameters` where `type` = 'setting' and `key` = 'treatment_days_1' limit 1
2017-09-28 14:22:11: select * from `parameters` where `type` = 'setting' and `key` = 'treatment_days_1' limit 1
2017-09-28 14:22:11: select * from `parameters` where `type` = 'setting' and `key` = 'treatment_days_2' limit 1
2017-09-28 14:22:11: select * from `parameters` where `type` = 'setting' and `key` = 'treatment_days_2' limit 1
2017-09-28 14:22:11: select * from `parameters` where `type` = 'setting' and `key` = 'treatment_days_1' limit 1
2017-09-28 14:22:11: select * from `parameters` where `type` = 'setting' and `key` = 'treatment_days_1' limit 1
2017-09-28 14:22:11: select * from `parameters` where `type` = 'setting' and `key` = 'treatment_days_2' limit 1
2017-09-28 14:22:11: select * from `parameters` where `type` = 'setting' and `key` = 'treatment_days_2' limit 1
2017-09-28 14:22:11: select * from `parameters` where `type` = 'setting' and `key` = 'treatment_days_1' limit 1
2017-09-28 14:22:11: select * from `parameters` where `type` = 'banner'
2017-09-28 14:22:11: select * from `parameters` where `type` = 'setting' and `key` = 'service_email' limit 1
2017-09-28 15:01:41: select count(*) as aggregate from `users` where `id` = '23'
2017-09-28 15:01:41: select * from `users` where `id` = '23' and `users`.`deleted_at` is null limit 1
2017-09-28 15:01:41: select * from `users` where `city_id` = 1 and `district_id` = 115 and `login_type` = '2' and `online` = 1 and `users`.`deleted_at` is null order by `online_at` desc
2017-09-28 15:01:41: select * from `messages` where `source` = 'doctor' and `started_at` is not null and `messages`.`doctors_id` in (3, 36) and `members_id` = '23' order by `started_at` desc
2017-09-28 15:01:41: select * from `doctors` where `users_id` = 36 and `doctors`.`deleted_at` is null limit 1
2017-09-28 15:01:41: select * from `services` where `members_id` = '23' and `doctors_id` = 36 and `payment_status` = 1 and `services`.`deleted_at` is null
2017-09-28 15:01:41: select * from `parameters` where `type` = 'setting' and `key` = 'treatment_days_1' limit 1
2017-09-28 15:01:41: select * from `doctors` where `users_id` = 3 and `doctors`.`deleted_at` is null limit 1
2017-09-28 15:01:41: select * from `services` where `members_id` = '23' and `doctors_id` = 3 and `payment_status` = 1 and `services`.`deleted_at` is null
2017-09-28 16:46:39: select * from `users` where `id` = '36' and `users`.`deleted_at` is null limit 1
2017-09-28 16:46:39: select * from `doctors` where `doctors`.`users_id` = 36 and `doctors`.`users_id` is not null and `doctors`.`deleted_at` is null limit 1
2017-09-28 16:46:39: select count(*) as aggregate from `member_requests` where `member_requests`.`deleted_at` is null
2017-09-28 16:46:39: select count(*) as aggregate from `member_request_doctors` where `doctors_id` = '36'
2017-09-28 16:46:39: select count(*) as aggregate from `services` where `doctors_id` = '36' and `opened_at` is null and `services`.`deleted_at` is null
2017-09-28 16:46:39: select * from `messages` where `doctors_id` = '36' and `doctor_readed_at` is null and `visible` = 1 order by `created_at` desc
2017-09-28 16:46:39: select * from `services` where `members_id` = 37 and `doctors_id` = '36' and `payment_status` = 1 and `services`.`deleted_at` is null
2017-09-28 16:46:39: select * from `parameters` where `type` = 'banner'
2017-09-28 16:46:39: select * from `parameters` where `type` = 'setting' and `key` = 'service_email' limit 1
