2017-12-28 12:16:00: select count(*) as aggregate from `users` where `id` = '4'
2017-12-28 12:16:00: select * from `users` where `id` = '4' and `users`.`deleted_at` is null limit 1
2017-12-28 12:16:00: select * from `users` where `city_id` = 1 and `login_type` = '2' and `online` = 1 and `users`.`deleted_at` is null order by `online_at` desc
2017-12-28 12:41:50: select * from `users` where `id` = '2' and `users`.`deleted_at` is null limit 1
2017-12-28 12:41:50: select * from `doctors` where `doctors`.`users_id` = 2 and `doctors`.`users_id` is not null and `doctors`.`deleted_at` is null limit 1
2017-12-28 12:41:50: select count(*) as aggregate from `member_requests` where `member_requests`.`deleted_at` is null
2017-12-28 12:41:50: select count(*) as aggregate from `member_request_doctors` where `doctors_id` = '2'
2017-12-28 12:41:50: select count(*) as aggregate from `services` where `doctors_id` = '2' and `opened_at` is null and `services`.`deleted_at` is null
2017-12-28 12:41:50: select * from `messages` where `doctors_id` = '2' and `doctor_readed_at` is null and `visible` = 1 order by `created_at` desc
2017-12-28 12:41:50: select * from `parameters` where `type` = 'banner'
2017-12-28 12:41:50: select * from `parameters` where `type` = 'setting' and `key` = 'service_email' limit 1
2017-12-28 12:42:06: select * from `users` where `id` = '2' and `users`.`deleted_at` is null limit 1
2017-12-28 12:42:06: select * from `doctors` where `doctors`.`users_id` = 2 and `doctors`.`users_id` is not null and `doctors`.`deleted_at` is null limit 1
2017-12-28 12:42:11: select * from `users` where `id` = '2' and `users`.`deleted_at` is null limit 1
2017-12-28 12:42:11: select * from `doctors` where `doctors`.`users_id` = 2 and `doctors`.`users_id` is not null and `doctors`.`deleted_at` is null limit 1
2017-12-28 12:42:11: select count(*) as aggregate from `member_requests` where `member_requests`.`deleted_at` is null
2017-12-28 12:42:11: select count(*) as aggregate from `member_request_doctors` where `doctors_id` = '2'
2017-12-28 12:42:11: select count(*) as aggregate from `services` where `doctors_id` = '2' and `opened_at` is null and `services`.`deleted_at` is null
2017-12-28 12:42:11: select * from `messages` where `doctors_id` = '2' and `doctor_readed_at` is null and `visible` = 1 order by `created_at` desc
2017-12-28 12:42:11: select * from `parameters` where `type` = 'banner'
2017-12-28 12:42:11: select * from `parameters` where `type` = 'setting' and `key` = 'service_email' limit 1
2017-12-28 12:42:17: select * from `users` where `id` = '2' and `users`.`deleted_at` is null limit 1
2017-12-28 12:42:17: select * from `doctors` where `doctors`.`users_id` = 2 and `doctors`.`users_id` is not null and `doctors`.`deleted_at` is null limit 1
2017-12-28 12:48:05: select count(*) as aggregate from `users` where `id` = '7'
2017-12-28 12:48:05: select * from `users` where `id` = '7' and `users`.`deleted_at` is null limit 1
2017-12-28 12:48:05: select * from `users` where `city_id` = 1 and `login_type` = '2' and `online` = 1 and `users`.`deleted_at` is null order by `online_at` desc
2017-12-28 12:48:05: select * from `messages` where `source` = 'doctor' and `started_at` is not null and `messages`.`doctors_id` in (2) and `members_id` = '7' order by `started_at` desc
2017-12-28 12:48:05: select * from `doctors` where `users_id` = 2 and `doctors`.`deleted_at` is null limit 1
2017-12-28 12:48:05: select * from `services` where `members_id` = '7' and `payment_status` = 1 and `services`.`deleted_at` is null order by `id` desc limit 1
2017-12-28 12:48:05: select * from `parameters` where `type` = 'setting' and `key` = 'treatment_days_1' limit 1
2017-12-28 12:48:50: select count(*) as aggregate from `users` where `id` = '7'
2017-12-28 12:48:50: select * from `users` where `id` = '7' and `users`.`deleted_at` is null limit 1
2017-12-28 12:48:50: select * from `users` where `city_id` = 1 and `login_type` = '2' and `online` = 1 and `users`.`deleted_at` is null order by `online_at` desc
2017-12-28 12:48:50: select * from `messages` where `source` = 'doctor' and `started_at` is not null and `messages`.`doctors_id` in (2) and `members_id` = '7' order by `started_at` desc
2017-12-28 12:48:50: select * from `doctors` where `users_id` = 2 and `doctors`.`deleted_at` is null limit 1
2017-12-28 12:48:50: select * from `services` where `members_id` = '7' and `payment_status` = 1 and `services`.`deleted_at` is null order by `id` desc limit 1
2017-12-28 12:48:50: select * from `parameters` where `type` = 'setting' and `key` = 'treatment_days_1' limit 1
2017-12-28 12:48:50: select count(*) as aggregate from `users` where `id` = '7'
2017-12-28 12:48:50: select * from `users` where `id` = '7' and `users`.`deleted_at` is null limit 1
2017-12-28 12:48:50: select * from `users` where `city_id` = 1 and `login_type` = '2' and `online` = 1 and `users`.`deleted_at` is null order by `online_at` desc
2017-12-28 12:48:50: select * from `messages` where `source` = 'doctor' and `started_at` is not null and `messages`.`doctors_id` in (2) and `members_id` = '7' order by `started_at` desc
2017-12-28 12:48:50: select * from `doctors` where `users_id` = 2 and `doctors`.`deleted_at` is null limit 1
2017-12-28 12:48:50: select * from `services` where `members_id` = '7' and `payment_status` = 1 and `services`.`deleted_at` is null order by `id` desc limit 1
2017-12-28 12:48:50: select * from `parameters` where `type` = 'setting' and `key` = 'treatment_days_1' limit 1
2017-12-28 12:49:09: select count(*) as aggregate from `users` where `id` = '7'
2017-12-28 12:49:09: select count(*) as aggregate from `users` where `id` = '7'
2017-12-28 12:49:09: select * from `users` where `id` = '7' and `users`.`deleted_at` is null limit 1
2017-12-28 12:49:09: select * from `users` where `id` = '7' and `users`.`deleted_at` is null limit 1
2017-12-28 12:49:09: select * from `users` where `city_id` = 1 and `login_type` = '2' and `online` = 1 and `users`.`deleted_at` is null order by `online_at` desc
2017-12-28 12:49:09: select * from `users` where `city_id` = 1 and `login_type` = '2' and `online` = 1 and `users`.`deleted_at` is null order by `online_at` desc
2017-12-28 12:49:09: select * from `messages` where `source` = 'doctor' and `started_at` is not null and `messages`.`doctors_id` in (2) and `members_id` = '7' order by `started_at` desc
2017-12-28 12:49:09: select * from `messages` where `source` = 'doctor' and `started_at` is not null and `messages`.`doctors_id` in (2) and `members_id` = '7' order by `started_at` desc
2017-12-28 12:49:09: select * from `doctors` where `users_id` = 2 and `doctors`.`deleted_at` is null limit 1
2017-12-28 12:49:09: select * from `doctors` where `users_id` = 2 and `doctors`.`deleted_at` is null limit 1
2017-12-28 12:49:09: select * from `services` where `members_id` = '7' and `payment_status` = 1 and `services`.`deleted_at` is null order by `id` desc limit 1
2017-12-28 12:49:09: select * from `services` where `members_id` = '7' and `payment_status` = 1 and `services`.`deleted_at` is null order by `id` desc limit 1
2017-12-28 12:49:09: select * from `parameters` where `type` = 'setting' and `key` = 'treatment_days_1' limit 1
2017-12-28 12:49:09: select * from `parameters` where `type` = 'setting' and `key` = 'treatment_days_1' limit 1
2017-12-28 12:49:28: select * from `users` where `id` = 'nearby' and `users`.`deleted_at` is null limit 1
2017-12-28 12:49:40: select * from `users` where `id` = 'nearby' and `users`.`deleted_at` is null limit 1
2017-12-28 12:50:49: select count(*) as aggregate from `users` where `id` = '7'
2017-12-28 12:50:49: select count(*) as aggregate from `users` where `id` = '7'
2017-12-28 12:50:49: select * from `users` where `id` = '7' and `users`.`deleted_at` is null limit 1
2017-12-28 12:50:49: select * from `users` where `id` = '7' and `users`.`deleted_at` is null limit 1
2017-12-28 12:50:49: select * from `users` where `city_id` = 1 and `login_type` = '2' and `online` = 1 and `users`.`deleted_at` is null order by `online_at` desc
2017-12-28 12:50:49: select * from `users` where `city_id` = 1 and `login_type` = '2' and `online` = 1 and `users`.`deleted_at` is null order by `online_at` desc
2017-12-28 12:50:49: select * from `messages` where `source` = 'doctor' and `started_at` is not null and `messages`.`doctors_id` in (2) and `members_id` = '7' order by `started_at` desc
2017-12-28 12:50:49: select * from `messages` where `source` = 'doctor' and `started_at` is not null and `messages`.`doctors_id` in (2) and `members_id` = '7' order by `started_at` desc
2017-12-28 12:50:49: select * from `doctors` where `users_id` = 2 and `doctors`.`deleted_at` is null limit 1
2017-12-28 12:50:49: select * from `doctors` where `users_id` = 2 and `doctors`.`deleted_at` is null limit 1
2017-12-28 12:50:49: select * from `services` where `members_id` = '7' and `payment_status` = 1 and `services`.`deleted_at` is null order by `id` desc limit 1
2017-12-28 12:50:49: select * from `services` where `members_id` = '7' and `payment_status` = 1 and `services`.`deleted_at` is null order by `id` desc limit 1
2017-12-28 12:50:49: select * from `parameters` where `type` = 'setting' and `key` = 'treatment_days_1' limit 1
2017-12-28 12:50:49: select * from `parameters` where `type` = 'setting' and `key` = 'treatment_days_1' limit 1
2017-12-28 12:51:43: select count(*) as aggregate from `users` where `id` = '7'
2017-12-28 12:52:14: select count(*) as aggregate from `users` where `id` = '7'
2017-12-28 12:52:14: select * from `users` where `id` = '7' and `users`.`deleted_at` is null limit 1
2017-12-28 12:52:14: select * from `users` where `city_id` = 1 and `login_type` = '2' and `online` = 1 and `users`.`deleted_at` is null order by `online_at` desc
2017-12-28 12:52:14: select * from `messages` where `source` = 'doctor' and `started_at` is not null and `messages`.`doctors_id` in (2) and `members_id` = '7' order by `started_at` desc
2017-12-28 12:52:14: select * from `doctors` where `users_id` = 2 and `doctors`.`deleted_at` is null limit 1
2017-12-28 12:52:14: select * from `services` where `members_id` = '7' and `payment_status` = 1 and `services`.`deleted_at` is null order by `id` desc limit 1
2017-12-28 12:52:14: select * from `parameters` where `type` = 'setting' and `key` = 'treatment_days_1' limit 1
2017-12-28 12:54:05: select count(*) as aggregate from `users` where `id` = '7'
2017-12-28 12:54:05: select * from `users` where `id` = '7' and `users`.`deleted_at` is null limit 1
2017-12-28 12:54:05: select * from `users` where `city_id` = 1 and `login_type` = '2' and `online` = 1 and `users`.`deleted_at` is null order by `online_at` desc
2017-12-28 12:54:05: select * from `messages` where `source` = 'doctor' and `started_at` is not null and `messages`.`doctors_id` in (2) and `members_id` = '7' order by `started_at` desc
2017-12-28 12:54:05: select * from `doctors` where `users_id` = 2 and `doctors`.`deleted_at` is null limit 1
2017-12-28 12:54:05: select * from `services` where `members_id` = '7' and `payment_status` = 1 and `services`.`deleted_at` is null order by `id` desc limit 1
2017-12-28 12:54:05: select * from `parameters` where `type` = 'setting' and `key` = 'treatment_days_1' limit 1
2017-12-28 12:54:27: select count(*) as aggregate from `users` where `id` = '7'
2017-12-28 12:54:27: select * from `users` where `id` = '7' and `users`.`deleted_at` is null limit 1
2017-12-28 12:54:27: select * from `users` where `city_id` = 1 and `login_type` = '2' and `online` = 1 and `users`.`deleted_at` is null order by `online_at` desc
2017-12-28 12:54:27: select * from `messages` where `source` = 'doctor' and `started_at` is not null and `messages`.`doctors_id` in (2) and `members_id` = '7' order by `started_at` desc
2017-12-28 12:54:27: select * from `doctors` where `users_id` = 2 and `doctors`.`deleted_at` is null limit 1
2017-12-28 12:54:27: select * from `services` where `members_id` = '7' and `payment_status` = 1 and `services`.`deleted_at` is null order by `id` desc limit 1
2017-12-28 12:54:27: select * from `parameters` where `type` = 'setting' and `key` = 'treatment_days_1' limit 1
2017-12-28 12:54:33: select count(*) as aggregate from `users` where `id` = '7'
2017-12-28 12:54:33: select * from `users` where `id` = '7' and `users`.`deleted_at` is null limit 1
2017-12-28 12:54:33: select * from `users` where `city_id` = 1 and `login_type` = '2' and `online` = 1 and `users`.`deleted_at` is null order by `online_at` desc
2017-12-28 12:54:33: select * from `messages` where `source` = 'doctor' and `started_at` is not null and `messages`.`doctors_id` in (2) and `members_id` = '7' order by `started_at` desc
2017-12-28 12:54:33: select * from `doctors` where `users_id` = 2 and `doctors`.`deleted_at` is null limit 1
2017-12-28 12:54:33: select * from `services` where `members_id` = '7' and `payment_status` = 1 and `services`.`deleted_at` is null order by `id` desc limit 1
2017-12-28 12:54:33: select * from `parameters` where `type` = 'setting' and `key` = 'treatment_days_1' limit 1
2017-12-28 12:54:34: select count(*) as aggregate from `users` where `id` = '7'
2017-12-28 12:54:34: select * from `users` where `id` = '7' and `users`.`deleted_at` is null limit 1
2017-12-28 12:54:34: select * from `users` where `city_id` = 1 and `login_type` = '2' and `online` = 1 and `users`.`deleted_at` is null order by `online_at` desc
2017-12-28 12:54:34: select * from `messages` where `source` = 'doctor' and `started_at` is not null and `messages`.`doctors_id` in (2) and `members_id` = '7' order by `started_at` desc
2017-12-28 12:54:34: select * from `doctors` where `users_id` = 2 and `doctors`.`deleted_at` is null limit 1
2017-12-28 12:54:34: select * from `services` where `members_id` = '7' and `payment_status` = 1 and `services`.`deleted_at` is null order by `id` desc limit 1
2017-12-28 12:54:34: select * from `parameters` where `type` = 'setting' and `key` = 'treatment_days_1' limit 1
2017-12-28 12:55:23: select count(*) as aggregate from `users` where `id` = '7'
2017-12-28 12:55:23: select count(*) as aggregate from `users` where `id` = '7'
2017-12-28 12:55:23: select * from `users` where `id` = '7' and `users`.`deleted_at` is null limit 1
2017-12-28 12:55:23: select * from `users` where `city_id` = 1 and `login_type` = '2' and `online` = 1 and `users`.`deleted_at` is null order by `online_at` desc
2017-12-28 12:55:23: select * from `users` where `id` = '7' and `users`.`deleted_at` is null limit 1
2017-12-28 12:55:23: select * from `messages` where `source` = 'doctor' and `started_at` is not null and `messages`.`doctors_id` in (2) and `members_id` = '7' order by `started_at` desc
2017-12-28 12:55:23: select * from `users` where `city_id` = 1 and `login_type` = '2' and `online` = 1 and `users`.`deleted_at` is null order by `online_at` desc
2017-12-28 12:55:23: select * from `messages` where `source` = 'doctor' and `started_at` is not null and `messages`.`doctors_id` in (2) and `members_id` = '7' order by `started_at` desc
2017-12-28 12:55:23: select * from `doctors` where `users_id` = 2 and `doctors`.`deleted_at` is null limit 1
2017-12-28 12:55:23: select * from `services` where `members_id` = '7' and `payment_status` = 1 and `services`.`deleted_at` is null order by `id` desc limit 1
2017-12-28 12:55:23: select * from `doctors` where `users_id` = 2 and `doctors`.`deleted_at` is null limit 1
2017-12-28 12:55:23: select * from `services` where `members_id` = '7' and `payment_status` = 1 and `services`.`deleted_at` is null order by `id` desc limit 1
2017-12-28 12:55:23: select * from `parameters` where `type` = 'setting' and `key` = 'treatment_days_1' limit 1
2017-12-28 12:55:23: select * from `parameters` where `type` = 'setting' and `key` = 'treatment_days_1' limit 1
2017-12-28 12:56:49: select count(*) as aggregate from `users` where `id` = '7'
2017-12-28 12:56:49: select count(*) as aggregate from `users` where `id` = '7'
2017-12-28 12:56:49: select * from `users` where `id` = '7' and `users`.`deleted_at` is null limit 1
2017-12-28 12:56:49: select * from `users` where `id` = '7' and `users`.`deleted_at` is null limit 1
2017-12-28 12:56:49: select * from `users` where `login_type` = '2' and `online` = 1 and `users`.`deleted_at` is null order by `online_at` desc
2017-12-28 12:56:49: select * from `users` where `login_type` = '2' and `online` = 1 and `users`.`deleted_at` is null order by `online_at` desc
2017-12-28 12:56:49: select * from `messages` where `source` = 'doctor' and `started_at` is not null and `messages`.`doctors_id` in (2) and `members_id` = '7' order by `started_at` desc
2017-12-28 12:56:49: select * from `messages` where `source` = 'doctor' and `started_at` is not null and `messages`.`doctors_id` in (2) and `members_id` = '7' order by `started_at` desc
2017-12-28 12:56:49: select * from `doctors` where `users_id` = 2 and `doctors`.`deleted_at` is null limit 1
2017-12-28 12:56:49: select * from `doctors` where `users_id` = 2 and `doctors`.`deleted_at` is null limit 1
2017-12-28 12:56:49: select * from `services` where `members_id` = '7' and `payment_status` = 1 and `services`.`deleted_at` is null order by `id` desc limit 1
2017-12-28 12:56:49: select * from `services` where `members_id` = '7' and `payment_status` = 1 and `services`.`deleted_at` is null order by `id` desc limit 1
2017-12-28 12:56:49: select * from `parameters` where `type` = 'setting' and `key` = 'treatment_days_1' limit 1
2017-12-28 12:56:49: select * from `parameters` where `type` = 'setting' and `key` = 'treatment_days_1' limit 1
2017-12-28 12:56:52: select count(*) as aggregate from `users` where `id` = '7'
2017-12-28 12:56:52: select * from `users` where `id` = '7' and `users`.`deleted_at` is null limit 1
2017-12-28 12:56:52: select * from `users` where `login_type` = '2' and `online` = 1 and `users`.`deleted_at` is null order by `online_at` desc
2017-12-28 12:56:52: select * from `messages` where `source` = 'doctor' and `started_at` is not null and `messages`.`doctors_id` in (2) and `members_id` = '7' order by `started_at` desc
2017-12-28 12:56:52: select * from `doctors` where `users_id` = 2 and `doctors`.`deleted_at` is null limit 1
2017-12-28 12:56:52: select * from `services` where `members_id` = '7' and `payment_status` = 1 and `services`.`deleted_at` is null order by `id` desc limit 1
2017-12-28 12:56:52: select * from `parameters` where `type` = 'setting' and `key` = 'treatment_days_1' limit 1
2017-12-28 12:56:52: select count(*) as aggregate from `users` where `id` = '7'
2017-12-28 12:56:52: select * from `users` where `id` = '7' and `users`.`deleted_at` is null limit 1
2017-12-28 12:56:52: select * from `users` where `login_type` = '2' and `online` = 1 and `users`.`deleted_at` is null order by `online_at` desc
2017-12-28 12:56:52: select * from `messages` where `source` = 'doctor' and `started_at` is not null and `messages`.`doctors_id` in (2) and `members_id` = '7' order by `started_at` desc
2017-12-28 12:56:52: select * from `doctors` where `users_id` = 2 and `doctors`.`deleted_at` is null limit 1
2017-12-28 12:56:52: select * from `services` where `members_id` = '7' and `payment_status` = 1 and `services`.`deleted_at` is null order by `id` desc limit 1
2017-12-28 12:56:52: select * from `parameters` where `type` = 'setting' and `key` = 'treatment_days_1' limit 1
2017-12-28 15:45:31: select count(*) as aggregate from `users` where `id` = '7'
2017-12-28 15:45:31: select count(*) as aggregate from `users` where `id` = '7'
2017-12-28 15:45:31: select * from `users` where `id` = '7' and `users`.`deleted_at` is null limit 1
2017-12-28 15:45:31: select * from `users` where `id` = '7' and `users`.`deleted_at` is null limit 1
2017-12-28 15:45:31: select * from `users` where `city_id` = 1 and `login_type` = '2' and `online` = 1 and `users`.`deleted_at` is null order by `online_at` desc
2017-12-28 15:45:31: select * from `users` where `city_id` = 1 and `login_type` = '2' and `online` = 1 and `users`.`deleted_at` is null order by `online_at` desc
2017-12-28 15:45:31: select * from `messages` where `source` = 'doctor' and `started_at` is not null and `messages`.`doctors_id` in (2, 9, 11, 12, 13, 14, 15, 16, 17, 21, 22, 23, 24, 25, 26) and `members_id` = '7' order by `started_at` desc
2017-12-28 15:45:31: select * from `messages` where `source` = 'doctor' and `started_at` is not null and `messages`.`doctors_id` in (2, 9, 11, 12, 13, 14, 15, 16, 17, 21, 22, 23, 24, 25, 26) and `members_id` = '7' order by `started_at` desc
2017-12-28 15:45:31: select * from `doctors` where `users_id` = 2 and `doctors`.`deleted_at` is null limit 1
2017-12-28 15:45:31: select * from `doctors` where `users_id` = 2 and `doctors`.`deleted_at` is null limit 1
2017-12-28 15:45:31: select * from `services` where `members_id` = '7' and `payment_status` = 1 and `services`.`deleted_at` is null order by `id` desc limit 1
2017-12-28 15:45:31: select * from `services` where `members_id` = '7' and `payment_status` = 1 and `services`.`deleted_at` is null order by `id` desc limit 1
2017-12-28 15:45:31: select * from `parameters` where `type` = 'setting' and `key` = 'treatment_days_1' limit 1
2017-12-28 15:45:31: select * from `parameters` where `type` = 'setting' and `key` = 'treatment_days_1' limit 1
2017-12-28 15:45:31: select * from `doctors` where `users_id` = 9 and `doctors`.`deleted_at` is null limit 1
2017-12-28 15:45:31: select * from `doctors` where `users_id` = 9 and `doctors`.`deleted_at` is null limit 1
2017-12-28 15:45:31: select * from `services` where `members_id` = '7' and `payment_status` = 1 and `services`.`deleted_at` is null order by `id` desc limit 1
2017-12-28 15:45:31: select * from `services` where `members_id` = '7' and `payment_status` = 1 and `services`.`deleted_at` is null order by `id` desc limit 1
2017-12-28 15:45:31: select * from `doctors` where `users_id` = 11 and `doctors`.`deleted_at` is null limit 1
2017-12-28 15:45:31: select * from `doctors` where `users_id` = 11 and `doctors`.`deleted_at` is null limit 1
2017-12-28 15:45:31: select * from `services` where `members_id` = '7' and `payment_status` = 1 and `services`.`deleted_at` is null order by `id` desc limit 1
2017-12-28 15:45:31: select * from `services` where `members_id` = '7' and `payment_status` = 1 and `services`.`deleted_at` is null order by `id` desc limit 1
2017-12-28 15:45:31: select * from `doctors` where `users_id` = 12 and `doctors`.`deleted_at` is null limit 1
2017-12-28 15:45:31: select * from `doctors` where `users_id` = 12 and `doctors`.`deleted_at` is null limit 1
2017-12-28 15:45:31: select * from `services` where `members_id` = '7' and `payment_status` = 1 and `services`.`deleted_at` is null order by `id` desc limit 1
2017-12-28 15:45:31: select * from `services` where `members_id` = '7' and `payment_status` = 1 and `services`.`deleted_at` is null order by `id` desc limit 1
2017-12-28 15:45:31: select * from `doctors` where `users_id` = 13 and `doctors`.`deleted_at` is null limit 1
2017-12-28 15:45:31: select * from `doctors` where `users_id` = 13 and `doctors`.`deleted_at` is null limit 1
2017-12-28 15:45:31: select * from `services` where `members_id` = '7' and `payment_status` = 1 and `services`.`deleted_at` is null order by `id` desc limit 1
2017-12-28 15:45:31: select * from `services` where `members_id` = '7' and `payment_status` = 1 and `services`.`deleted_at` is null order by `id` desc limit 1
2017-12-28 15:45:31: select * from `doctors` where `users_id` = 14 and `doctors`.`deleted_at` is null limit 1
2017-12-28 15:45:31: select * from `doctors` where `users_id` = 14 and `doctors`.`deleted_at` is null limit 1
2017-12-28 15:45:31: select * from `services` where `members_id` = '7' and `payment_status` = 1 and `services`.`deleted_at` is null order by `id` desc limit 1
2017-12-28 15:45:31: select * from `services` where `members_id` = '7' and `payment_status` = 1 and `services`.`deleted_at` is null order by `id` desc limit 1
2017-12-28 15:45:31: select * from `doctors` where `users_id` = 15 and `doctors`.`deleted_at` is null limit 1
2017-12-28 15:45:31: select * from `doctors` where `users_id` = 15 and `doctors`.`deleted_at` is null limit 1
2017-12-28 15:45:31: select * from `services` where `members_id` = '7' and `payment_status` = 1 and `services`.`deleted_at` is null order by `id` desc limit 1
2017-12-28 15:45:31: select * from `services` where `members_id` = '7' and `payment_status` = 1 and `services`.`deleted_at` is null order by `id` desc limit 1
2017-12-28 15:45:31: select * from `doctors` where `users_id` = 16 and `doctors`.`deleted_at` is null limit 1
2017-12-28 15:45:31: select * from `doctors` where `users_id` = 16 and `doctors`.`deleted_at` is null limit 1
2017-12-28 15:45:31: select * from `services` where `members_id` = '7' and `payment_status` = 1 and `services`.`deleted_at` is null order by `id` desc limit 1
2017-12-28 15:45:31: select * from `services` where `members_id` = '7' and `payment_status` = 1 and `services`.`deleted_at` is null order by `id` desc limit 1
2017-12-28 15:45:31: select * from `doctors` where `users_id` = 17 and `doctors`.`deleted_at` is null limit 1
2017-12-28 15:45:31: select * from `doctors` where `users_id` = 17 and `doctors`.`deleted_at` is null limit 1
2017-12-28 15:45:32: select * from `services` where `members_id` = '7' and `payment_status` = 1 and `services`.`deleted_at` is null order by `id` desc limit 1
2017-12-28 15:45:32: select * from `services` where `members_id` = '7' and `payment_status` = 1 and `services`.`deleted_at` is null order by `id` desc limit 1
2017-12-28 15:45:32: select * from `doctors` where `users_id` = 21 and `doctors`.`deleted_at` is null limit 1
2017-12-28 15:45:32: select * from `doctors` where `users_id` = 21 and `doctors`.`deleted_at` is null limit 1
2017-12-28 15:45:32: select * from `services` where `members_id` = '7' and `payment_status` = 1 and `services`.`deleted_at` is null order by `id` desc limit 1
2017-12-28 15:45:32: select * from `services` where `members_id` = '7' and `payment_status` = 1 and `services`.`deleted_at` is null order by `id` desc limit 1
2017-12-28 15:45:32: select * from `doctors` where `users_id` = 22 and `doctors`.`deleted_at` is null limit 1
2017-12-28 15:45:32: select * from `doctors` where `users_id` = 22 and `doctors`.`deleted_at` is null limit 1
2017-12-28 15:45:32: select * from `services` where `members_id` = '7' and `payment_status` = 1 and `services`.`deleted_at` is null order by `id` desc limit 1
2017-12-28 15:45:32: select * from `services` where `members_id` = '7' and `payment_status` = 1 and `services`.`deleted_at` is null order by `id` desc limit 1
2017-12-28 15:45:32: select * from `doctors` where `users_id` = 23 and `doctors`.`deleted_at` is null limit 1
2017-12-28 15:45:32: select * from `doctors` where `users_id` = 23 and `doctors`.`deleted_at` is null limit 1
2017-12-28 15:45:32: select * from `services` where `members_id` = '7' and `payment_status` = 1 and `services`.`deleted_at` is null order by `id` desc limit 1
2017-12-28 15:45:32: select * from `services` where `members_id` = '7' and `payment_status` = 1 and `services`.`deleted_at` is null order by `id` desc limit 1
2017-12-28 15:45:32: select * from `doctors` where `users_id` = 24 and `doctors`.`deleted_at` is null limit 1
2017-12-28 15:45:32: select * from `doctors` where `users_id` = 24 and `doctors`.`deleted_at` is null limit 1
2017-12-28 15:45:32: select * from `services` where `members_id` = '7' and `payment_status` = 1 and `services`.`deleted_at` is null order by `id` desc limit 1
2017-12-28 15:45:32: select * from `services` where `members_id` = '7' and `payment_status` = 1 and `services`.`deleted_at` is null order by `id` desc limit 1
2017-12-28 15:45:32: select * from `doctors` where `users_id` = 25 and `doctors`.`deleted_at` is null limit 1
2017-12-28 15:45:32: select * from `doctors` where `users_id` = 25 and `doctors`.`deleted_at` is null limit 1
2017-12-28 15:45:32: select * from `services` where `members_id` = '7' and `payment_status` = 1 and `services`.`deleted_at` is null order by `id` desc limit 1
2017-12-28 15:45:32: select * from `services` where `members_id` = '7' and `payment_status` = 1 and `services`.`deleted_at` is null order by `id` desc limit 1
2017-12-28 15:45:32: select * from `doctors` where `users_id` = 26 and `doctors`.`deleted_at` is null limit 1
2017-12-28 15:45:32: select * from `doctors` where `users_id` = 26 and `doctors`.`deleted_at` is null limit 1
2017-12-28 15:45:32: select * from `services` where `members_id` = '7' and `payment_status` = 1 and `services`.`deleted_at` is null order by `id` desc limit 1
2017-12-28 15:45:32: select * from `services` where `members_id` = '7' and `payment_status` = 1 and `services`.`deleted_at` is null order by `id` desc limit 1
2017-12-28 20:20:04: select count(*) as aggregate from `users` where `id` = '7'
2017-12-28 20:20:04: select count(*) as aggregate from `users` where `id` = '7'
2017-12-28 20:20:04: select * from `users` where `id` = '7' and `users`.`deleted_at` is null limit 1
2017-12-28 20:20:04: select * from `users` where `id` = '7' and `users`.`deleted_at` is null limit 1
2017-12-28 20:20:04: select * from `users` where `city_id` = 1 and `login_type` = '2' and `online` = 1 and `users`.`deleted_at` is null order by `online_at` desc
2017-12-28 20:20:04: select * from `users` where `city_id` = 1 and `login_type` = '2' and `online` = 1 and `users`.`deleted_at` is null order by `online_at` desc
2017-12-28 20:20:04: select * from `messages` where `source` = 'doctor' and `started_at` is not null and `messages`.`doctors_id` in (2, 9, 11, 12, 13, 14, 15, 16, 17, 21, 22, 23, 24, 25, 26) and `members_id` = '7' order by `started_at` desc
2017-12-28 20:20:04: select * from `messages` where `source` = 'doctor' and `started_at` is not null and `messages`.`doctors_id` in (2, 9, 11, 12, 13, 14, 15, 16, 17, 21, 22, 23, 24, 25, 26) and `members_id` = '7' order by `started_at` desc
2017-12-28 20:20:04: select * from `doctors` where `users_id` = 2 and `doctors`.`deleted_at` is null limit 1
2017-12-28 20:20:04: select * from `doctors` where `users_id` = 2 and `doctors`.`deleted_at` is null limit 1
2017-12-28 20:20:04: select * from `services` where `members_id` = '7' and `payment_status` = 1 and `services`.`deleted_at` is null order by `id` desc limit 1
2017-12-28 20:20:04: select * from `services` where `members_id` = '7' and `payment_status` = 1 and `services`.`deleted_at` is null order by `id` desc limit 1
2017-12-28 20:20:04: select * from `parameters` where `type` = 'setting' and `key` = 'treatment_days_1' limit 1
2017-12-28 20:20:04: select * from `parameters` where `type` = 'setting' and `key` = 'treatment_days_1' limit 1
2017-12-28 20:20:04: select * from `doctors` where `users_id` = 9 and `doctors`.`deleted_at` is null limit 1
2017-12-28 20:20:04: select * from `doctors` where `users_id` = 9 and `doctors`.`deleted_at` is null limit 1
2017-12-28 20:20:04: select * from `services` where `members_id` = '7' and `payment_status` = 1 and `services`.`deleted_at` is null order by `id` desc limit 1
2017-12-28 20:20:04: select * from `services` where `members_id` = '7' and `payment_status` = 1 and `services`.`deleted_at` is null order by `id` desc limit 1
2017-12-28 20:20:04: select * from `doctors` where `users_id` = 11 and `doctors`.`deleted_at` is null limit 1
2017-12-28 20:20:04: select * from `doctors` where `users_id` = 11 and `doctors`.`deleted_at` is null limit 1
2017-12-28 20:20:04: select * from `services` where `members_id` = '7' and `payment_status` = 1 and `services`.`deleted_at` is null order by `id` desc limit 1
2017-12-28 20:20:04: select * from `services` where `members_id` = '7' and `payment_status` = 1 and `services`.`deleted_at` is null order by `id` desc limit 1
2017-12-28 20:20:04: select * from `doctors` where `users_id` = 12 and `doctors`.`deleted_at` is null limit 1
2017-12-28 20:20:04: select * from `doctors` where `users_id` = 12 and `doctors`.`deleted_at` is null limit 1
2017-12-28 20:20:04: select * from `services` where `members_id` = '7' and `payment_status` = 1 and `services`.`deleted_at` is null order by `id` desc limit 1
2017-12-28 20:20:04: select * from `services` where `members_id` = '7' and `payment_status` = 1 and `services`.`deleted_at` is null order by `id` desc limit 1
2017-12-28 20:20:04: select * from `doctors` where `users_id` = 13 and `doctors`.`deleted_at` is null limit 1
2017-12-28 20:20:04: select * from `doctors` where `users_id` = 13 and `doctors`.`deleted_at` is null limit 1
2017-12-28 20:20:04: select * from `services` where `members_id` = '7' and `payment_status` = 1 and `services`.`deleted_at` is null order by `id` desc limit 1
2017-12-28 20:20:04: select * from `services` where `members_id` = '7' and `payment_status` = 1 and `services`.`deleted_at` is null order by `id` desc limit 1
2017-12-28 20:20:04: select * from `doctors` where `users_id` = 14 and `doctors`.`deleted_at` is null limit 1
2017-12-28 20:20:04: select * from `doctors` where `users_id` = 14 and `doctors`.`deleted_at` is null limit 1
2017-12-28 20:20:04: select * from `services` where `members_id` = '7' and `payment_status` = 1 and `services`.`deleted_at` is null order by `id` desc limit 1
2017-12-28 20:20:04: select * from `services` where `members_id` = '7' and `payment_status` = 1 and `services`.`deleted_at` is null order by `id` desc limit 1
2017-12-28 20:20:04: select * from `doctors` where `users_id` = 15 and `doctors`.`deleted_at` is null limit 1
2017-12-28 20:20:04: select * from `services` where `members_id` = '7' and `payment_status` = 1 and `services`.`deleted_at` is null order by `id` desc limit 1
2017-12-28 20:20:04: select * from `doctors` where `users_id` = 15 and `doctors`.`deleted_at` is null limit 1
2017-12-28 20:20:04: select * from `doctors` where `users_id` = 16 and `doctors`.`deleted_at` is null limit 1
2017-12-28 20:20:04: select * from `services` where `members_id` = '7' and `payment_status` = 1 and `services`.`deleted_at` is null order by `id` desc limit 1
2017-12-28 20:20:04: select * from `services` where `members_id` = '7' and `payment_status` = 1 and `services`.`deleted_at` is null order by `id` desc limit 1
2017-12-28 20:20:04: select * from `doctors` where `users_id` = 16 and `doctors`.`deleted_at` is null limit 1
2017-12-28 20:20:04: select * from `doctors` where `users_id` = 17 and `doctors`.`deleted_at` is null limit 1
2017-12-28 20:20:04: select * from `services` where `members_id` = '7' and `payment_status` = 1 and `services`.`deleted_at` is null order by `id` desc limit 1
2017-12-28 20:20:04: select * from `services` where `members_id` = '7' and `payment_status` = 1 and `services`.`deleted_at` is null order by `id` desc limit 1
2017-12-28 20:20:05: select * from `doctors` where `users_id` = 17 and `doctors`.`deleted_at` is null limit 1
2017-12-28 20:20:05: select * from `doctors` where `users_id` = 21 and `doctors`.`deleted_at` is null limit 1
2017-12-28 20:20:05: select * from `services` where `members_id` = '7' and `payment_status` = 1 and `services`.`deleted_at` is null order by `id` desc limit 1
2017-12-28 20:20:05: select * from `services` where `members_id` = '7' and `payment_status` = 1 and `services`.`deleted_at` is null order by `id` desc limit 1
2017-12-28 20:20:05: select * from `doctors` where `users_id` = 21 and `doctors`.`deleted_at` is null limit 1
2017-12-28 20:20:05: select * from `doctors` where `users_id` = 22 and `doctors`.`deleted_at` is null limit 1
2017-12-28 20:20:05: select * from `services` where `members_id` = '7' and `payment_status` = 1 and `services`.`deleted_at` is null order by `id` desc limit 1
2017-12-28 20:20:05: select * from `services` where `members_id` = '7' and `payment_status` = 1 and `services`.`deleted_at` is null order by `id` desc limit 1
2017-12-28 20:20:05: select * from `doctors` where `users_id` = 22 and `doctors`.`deleted_at` is null limit 1
2017-12-28 20:20:05: select * from `doctors` where `users_id` = 23 and `doctors`.`deleted_at` is null limit 1
2017-12-28 20:20:05: select * from `services` where `members_id` = '7' and `payment_status` = 1 and `services`.`deleted_at` is null order by `id` desc limit 1
2017-12-28 20:20:05: select * from `services` where `members_id` = '7' and `payment_status` = 1 and `services`.`deleted_at` is null order by `id` desc limit 1
2017-12-28 20:20:05: select * from `doctors` where `users_id` = 23 and `doctors`.`deleted_at` is null limit 1
2017-12-28 20:20:05: select * from `doctors` where `users_id` = 24 and `doctors`.`deleted_at` is null limit 1
2017-12-28 20:20:05: select * from `services` where `members_id` = '7' and `payment_status` = 1 and `services`.`deleted_at` is null order by `id` desc limit 1
2017-12-28 20:20:05: select * from `services` where `members_id` = '7' and `payment_status` = 1 and `services`.`deleted_at` is null order by `id` desc limit 1
2017-12-28 20:20:05: select * from `doctors` where `users_id` = 24 and `doctors`.`deleted_at` is null limit 1
2017-12-28 20:20:05: select * from `doctors` where `users_id` = 25 and `doctors`.`deleted_at` is null limit 1
2017-12-28 20:20:05: select * from `services` where `members_id` = '7' and `payment_status` = 1 and `services`.`deleted_at` is null order by `id` desc limit 1
2017-12-28 20:20:05: select * from `services` where `members_id` = '7' and `payment_status` = 1 and `services`.`deleted_at` is null order by `id` desc limit 1
2017-12-28 20:20:05: select * from `doctors` where `users_id` = 25 and `doctors`.`deleted_at` is null limit 1
2017-12-28 20:20:05: select * from `doctors` where `users_id` = 26 and `doctors`.`deleted_at` is null limit 1
2017-12-28 20:20:05: select * from `services` where `members_id` = '7' and `payment_status` = 1 and `services`.`deleted_at` is null order by `id` desc limit 1
2017-12-28 20:20:05: select * from `services` where `members_id` = '7' and `payment_status` = 1 and `services`.`deleted_at` is null order by `id` desc limit 1
2017-12-28 20:20:05: select * from `doctors` where `users_id` = 26 and `doctors`.`deleted_at` is null limit 1
2017-12-28 20:20:05: select * from `services` where `members_id` = '7' and `payment_status` = 1 and `services`.`deleted_at` is null order by `id` desc limit 1
2017-12-28 23:03:05: select count(*) as aggregate from `users` where `id` = '4'
2017-12-28 23:03:05: select * from `users` where `id` = '4' and `users`.`deleted_at` is null limit 1
2017-12-28 23:03:05: select * from `users` where `city_id` = 1 and `login_type` = '2' and `online` = 1 and `users`.`deleted_at` is null order by `online_at` desc
2017-12-28 23:03:05: select * from `messages` where `source` = 'doctor' and `started_at` is not null and `messages`.`doctors_id` in (2, 9, 11, 12, 13, 14, 15, 16, 17, 21, 22, 23, 24, 25, 26) and `members_id` = '4' order by `started_at` desc
2017-12-28 23:03:05: select * from `doctors` where `users_id` = 2 and `doctors`.`deleted_at` is null limit 1
2017-12-28 23:03:05: select * from `services` where `members_id` = '4' and `payment_status` = 1 and `services`.`deleted_at` is null order by `id` desc limit 1
2017-12-28 23:03:05: select * from `doctors` where `users_id` = 9 and `doctors`.`deleted_at` is null limit 1
2017-12-28 23:03:05: select * from `services` where `members_id` = '4' and `payment_status` = 1 and `services`.`deleted_at` is null order by `id` desc limit 1
2017-12-28 23:03:05: select * from `doctors` where `users_id` = 11 and `doctors`.`deleted_at` is null limit 1
2017-12-28 23:03:05: select * from `services` where `members_id` = '4' and `payment_status` = 1 and `services`.`deleted_at` is null order by `id` desc limit 1
2017-12-28 23:03:05: select * from `doctors` where `users_id` = 12 and `doctors`.`deleted_at` is null limit 1
2017-12-28 23:03:05: select * from `services` where `members_id` = '4' and `payment_status` = 1 and `services`.`deleted_at` is null order by `id` desc limit 1
2017-12-28 23:03:05: select * from `doctors` where `users_id` = 13 and `doctors`.`deleted_at` is null limit 1
2017-12-28 23:03:05: select * from `services` where `members_id` = '4' and `payment_status` = 1 and `services`.`deleted_at` is null order by `id` desc limit 1
2017-12-28 23:03:05: select * from `doctors` where `users_id` = 14 and `doctors`.`deleted_at` is null limit 1
2017-12-28 23:03:05: select * from `services` where `members_id` = '4' and `payment_status` = 1 and `services`.`deleted_at` is null order by `id` desc limit 1
2017-12-28 23:03:05: select * from `doctors` where `users_id` = 15 and `doctors`.`deleted_at` is null limit 1
2017-12-28 23:03:05: select * from `services` where `members_id` = '4' and `payment_status` = 1 and `services`.`deleted_at` is null order by `id` desc limit 1
2017-12-28 23:03:05: select * from `doctors` where `users_id` = 16 and `doctors`.`deleted_at` is null limit 1
2017-12-28 23:03:05: select * from `services` where `members_id` = '4' and `payment_status` = 1 and `services`.`deleted_at` is null order by `id` desc limit 1
2017-12-28 23:03:05: select * from `doctors` where `users_id` = 17 and `doctors`.`deleted_at` is null limit 1
2017-12-28 23:03:05: select * from `services` where `members_id` = '4' and `payment_status` = 1 and `services`.`deleted_at` is null order by `id` desc limit 1
2017-12-28 23:03:05: select * from `doctors` where `users_id` = 21 and `doctors`.`deleted_at` is null limit 1
2017-12-28 23:03:05: select * from `services` where `members_id` = '4' and `payment_status` = 1 and `services`.`deleted_at` is null order by `id` desc limit 1
2017-12-28 23:03:05: select * from `doctors` where `users_id` = 22 and `doctors`.`deleted_at` is null limit 1
2017-12-28 23:03:05: select count(*) as aggregate from `users` where `id` = '4'
2017-12-28 23:03:05: select * from `services` where `members_id` = '4' and `payment_status` = 1 and `services`.`deleted_at` is null order by `id` desc limit 1
2017-12-28 23:03:05: select * from `doctors` where `users_id` = 23 and `doctors`.`deleted_at` is null limit 1
2017-12-28 23:03:05: select * from `users` where `id` = '4' and `users`.`deleted_at` is null limit 1
2017-12-28 23:03:05: select * from `services` where `members_id` = '4' and `payment_status` = 1 and `services`.`deleted_at` is null order by `id` desc limit 1
2017-12-28 23:03:05: select * from `doctors` where `users_id` = 24 and `doctors`.`deleted_at` is null limit 1
2017-12-28 23:03:05: select * from `users` where `city_id` = 1 and `login_type` = '2' and `online` = 1 and `users`.`deleted_at` is null order by `online_at` desc
2017-12-28 23:03:05: select * from `services` where `members_id` = '4' and `payment_status` = 1 and `services`.`deleted_at` is null order by `id` desc limit 1
2017-12-28 23:03:05: select * from `doctors` where `users_id` = 25 and `doctors`.`deleted_at` is null limit 1
2017-12-28 23:03:05: select * from `messages` where `source` = 'doctor' and `started_at` is not null and `messages`.`doctors_id` in (2, 9, 11, 12, 13, 14, 15, 16, 17, 21, 22, 23, 24, 25, 26) and `members_id` = '4' order by `started_at` desc
2017-12-28 23:03:05: select * from `services` where `members_id` = '4' and `payment_status` = 1 and `services`.`deleted_at` is null order by `id` desc limit 1
2017-12-28 23:03:05: select * from `doctors` where `users_id` = 2 and `doctors`.`deleted_at` is null limit 1
2017-12-28 23:03:05: select * from `doctors` where `users_id` = 26 and `doctors`.`deleted_at` is null limit 1
2017-12-28 23:03:05: select * from `services` where `members_id` = '4' and `payment_status` = 1 and `services`.`deleted_at` is null order by `id` desc limit 1
2017-12-28 23:03:05: select * from `services` where `members_id` = '4' and `payment_status` = 1 and `services`.`deleted_at` is null order by `id` desc limit 1
2017-12-28 23:03:05: select * from `doctors` where `users_id` = 9 and `doctors`.`deleted_at` is null limit 1
2017-12-28 23:03:05: select * from `services` where `members_id` = '4' and `payment_status` = 1 and `services`.`deleted_at` is null order by `id` desc limit 1
2017-12-28 23:03:05: select * from `doctors` where `users_id` = 11 and `doctors`.`deleted_at` is null limit 1
2017-12-28 23:03:05: select * from `services` where `members_id` = '4' and `payment_status` = 1 and `services`.`deleted_at` is null order by `id` desc limit 1
2017-12-28 23:03:05: select * from `doctors` where `users_id` = 12 and `doctors`.`deleted_at` is null limit 1
2017-12-28 23:03:05: select * from `services` where `members_id` = '4' and `payment_status` = 1 and `services`.`deleted_at` is null order by `id` desc limit 1
2017-12-28 23:03:05: select * from `doctors` where `users_id` = 13 and `doctors`.`deleted_at` is null limit 1
2017-12-28 23:03:05: select * from `services` where `members_id` = '4' and `payment_status` = 1 and `services`.`deleted_at` is null order by `id` desc limit 1
2017-12-28 23:03:05: select * from `doctors` where `users_id` = 14 and `doctors`.`deleted_at` is null limit 1
2017-12-28 23:03:05: select * from `services` where `members_id` = '4' and `payment_status` = 1 and `services`.`deleted_at` is null order by `id` desc limit 1
2017-12-28 23:03:05: select * from `doctors` where `users_id` = 15 and `doctors`.`deleted_at` is null limit 1
2017-12-28 23:03:05: select * from `services` where `members_id` = '4' and `payment_status` = 1 and `services`.`deleted_at` is null order by `id` desc limit 1
2017-12-28 23:03:05: select * from `doctors` where `users_id` = 16 and `doctors`.`deleted_at` is null limit 1
2017-12-28 23:03:05: select * from `services` where `members_id` = '4' and `payment_status` = 1 and `services`.`deleted_at` is null order by `id` desc limit 1
2017-12-28 23:03:05: select * from `doctors` where `users_id` = 17 and `doctors`.`deleted_at` is null limit 1
2017-12-28 23:03:05: select * from `services` where `members_id` = '4' and `payment_status` = 1 and `services`.`deleted_at` is null order by `id` desc limit 1
2017-12-28 23:03:05: select * from `doctors` where `users_id` = 21 and `doctors`.`deleted_at` is null limit 1
2017-12-28 23:03:05: select * from `services` where `members_id` = '4' and `payment_status` = 1 and `services`.`deleted_at` is null order by `id` desc limit 1
2017-12-28 23:03:05: select * from `doctors` where `users_id` = 22 and `doctors`.`deleted_at` is null limit 1
2017-12-28 23:03:05: select * from `services` where `members_id` = '4' and `payment_status` = 1 and `services`.`deleted_at` is null order by `id` desc limit 1
2017-12-28 23:03:05: select * from `doctors` where `users_id` = 23 and `doctors`.`deleted_at` is null limit 1
2017-12-28 23:03:05: select * from `services` where `members_id` = '4' and `payment_status` = 1 and `services`.`deleted_at` is null order by `id` desc limit 1
2017-12-28 23:03:05: select * from `doctors` where `users_id` = 24 and `doctors`.`deleted_at` is null limit 1
2017-12-28 23:03:05: select * from `services` where `members_id` = '4' and `payment_status` = 1 and `services`.`deleted_at` is null order by `id` desc limit 1
2017-12-28 23:03:05: select * from `doctors` where `users_id` = 25 and `doctors`.`deleted_at` is null limit 1
2017-12-28 23:03:05: select * from `services` where `members_id` = '4' and `payment_status` = 1 and `services`.`deleted_at` is null order by `id` desc limit 1
2017-12-28 23:03:05: select * from `doctors` where `users_id` = 26 and `doctors`.`deleted_at` is null limit 1
2017-12-28 23:03:05: select * from `services` where `members_id` = '4' and `payment_status` = 1 and `services`.`deleted_at` is null order by `id` desc limit 1
