2017-10-21 12:26:23: select * from `users` where `id` = '39' and `users`.`deleted_at` is null limit 1
2017-10-21 12:26:23: select * from `doctors` where `doctors`.`users_id` = 39 and `doctors`.`users_id` is not null and `doctors`.`deleted_at` is null limit 1
2017-10-21 12:26:23: select count(*) as aggregate from `member_requests` where `member_requests`.`deleted_at` is null
2017-10-21 12:26:23: select count(*) as aggregate from `member_request_doctors` where `doctors_id` = '39'
2017-10-21 12:26:23: select count(*) as aggregate from `services` where `doctors_id` = '39' and `opened_at` is null and `services`.`deleted_at` is null
2017-10-21 12:26:23: select * from `messages` where `doctors_id` = '39' and `doctor_readed_at` is null and `visible` = 1 order by `created_at` desc
2017-10-21 12:26:23: select * from `parameters` where `type` = 'banner'
2017-10-21 12:26:23: select * from `parameters` where `type` = 'setting' and `key` = 'service_email' limit 1
2017-10-21 12:26:43: select * from `users` where `id` = '39' and `users`.`deleted_at` is null limit 1
2017-10-21 12:26:43: select * from `doctors` where `doctors`.`users_id` = 39 and `doctors`.`users_id` is not null and `doctors`.`deleted_at` is null limit 1
2017-10-21 12:26:45: select * from `users` where `id` = '39' and `users`.`deleted_at` is null limit 1
2017-10-21 12:26:45: select * from `doctors` where `doctors`.`users_id` = 39 and `doctors`.`users_id` is not null and `doctors`.`deleted_at` is null limit 1
2017-10-21 12:26:45: select count(*) as aggregate from `member_requests` where `member_requests`.`deleted_at` is null
2017-10-21 12:26:45: select count(*) as aggregate from `member_request_doctors` where `doctors_id` = '39'
2017-10-21 12:26:45: select count(*) as aggregate from `services` where `doctors_id` = '39' and `opened_at` is null and `services`.`deleted_at` is null
2017-10-21 12:26:45: select * from `messages` where `doctors_id` = '39' and `doctor_readed_at` is null and `visible` = 1 order by `created_at` desc
2017-10-21 12:26:45: select * from `parameters` where `type` = 'banner'
2017-10-21 12:26:45: select * from `parameters` where `type` = 'setting' and `key` = 'service_email' limit 1
2017-10-21 12:26:59: select * from `users` where `id` = '39' and `login_type` = 2 and `status` = 1 and `users`.`deleted_at` is null limit 1
2017-10-21 12:26:59: select * from `doctors` where `doctors`.`users_id` in (39) and `doctors`.`deleted_at` is null
2017-10-21 12:26:59: select * from `services` where `doctors_id` = '39' and `members_id` is not null and `services`.`deleted_at` is null
2017-10-21 12:26:59: select * from `services` where `doctors_id` = '39' and 0 = 1 and `payment_status` in (0, 1) and `services`.`deleted_at` is null order by `created_at` desc
2017-10-21 12:26:59: select * from `parameters` where `type` = 'setting' and `key` = 'message_expire_time' limit 1
2017-10-21 12:26:59: update `services` set `opened_at` = '2017-10-21 12:26:59', `updated_at` = '2017-10-21 12:26:59' where `doctors_id` = '39' and `opened_at` is null and `services`.`deleted_at` is null
2017-10-21 12:27:02: select * from `users` where `id` = '39' and `users`.`deleted_at` is null limit 1
2017-10-21 12:27:02: select * from `doctors` where `doctors`.`users_id` = 39 and `doctors`.`users_id` is not null and `doctors`.`deleted_at` is null limit 1
2017-10-21 12:27:02: select count(*) as aggregate from `member_requests` where `member_requests`.`deleted_at` is null
2017-10-21 12:27:02: select count(*) as aggregate from `member_request_doctors` where `doctors_id` = '39'
2017-10-21 12:27:02: select count(*) as aggregate from `services` where `doctors_id` = '39' and `opened_at` is null and `services`.`deleted_at` is null
2017-10-21 12:27:02: select * from `messages` where `doctors_id` = '39' and `doctor_readed_at` is null and `visible` = 1 order by `created_at` desc
2017-10-21 12:27:02: select * from `parameters` where `type` = 'banner'
2017-10-21 12:27:02: select * from `parameters` where `type` = 'setting' and `key` = 'service_email' limit 1
2017-10-21 12:27:08: select * from `users` where `id` = '39' and `login_type` = 2 and `status` = 1 and `users`.`deleted_at` is null limit 1
2017-10-21 12:27:08: select * from `doctors` where `doctors`.`users_id` in (39) and `doctors`.`deleted_at` is null
2017-10-21 12:27:08: select * from `services` where `doctors_id` = '39' and `members_id` is not null and `services`.`deleted_at` is null
2017-10-21 12:27:08: select * from `services` where `doctors_id` = '39' and 0 = 1 and `payment_status` = 1 and `services`.`deleted_at` is null order by `created_at` desc
2017-10-21 12:27:08: select * from `parameters` where `type` = 'setting' and `key` = 'message_expire_time' limit 1
2017-10-21 12:27:08: update `services` set `opened_at` = '2017-10-21 12:27:08', `updated_at` = '2017-10-21 12:27:08' where `doctors_id` = '39' and `opened_at` is null and `services`.`deleted_at` is null
2017-10-21 12:27:10: select * from `users` where `id` = '39' and `users`.`deleted_at` is null limit 1
2017-10-21 12:27:10: select * from `doctors` where `doctors`.`users_id` = 39 and `doctors`.`users_id` is not null and `doctors`.`deleted_at` is null limit 1
2017-10-21 12:27:10: select count(*) as aggregate from `member_requests` where `member_requests`.`deleted_at` is null
2017-10-21 12:27:10: select count(*) as aggregate from `member_request_doctors` where `doctors_id` = '39'
2017-10-21 12:27:10: select count(*) as aggregate from `services` where `doctors_id` = '39' and `opened_at` is null and `services`.`deleted_at` is null
2017-10-21 12:27:10: select * from `messages` where `doctors_id` = '39' and `doctor_readed_at` is null and `visible` = 1 order by `created_at` desc
2017-10-21 12:27:10: select * from `parameters` where `type` = 'banner'
2017-10-21 12:27:10: select * from `parameters` where `type` = 'setting' and `key` = 'service_email' limit 1
2017-10-21 12:27:56: select * from `users` where `id` = '39' and `users`.`deleted_at` is null limit 1
2017-10-21 12:27:56: select * from `doctors` where `doctors`.`users_id` = 39 and `doctors`.`users_id` is not null and `doctors`.`deleted_at` is null limit 1
2017-10-21 12:27:56: select count(*) as aggregate from `member_requests` where `member_requests`.`deleted_at` is null
2017-10-21 12:27:56: select count(*) as aggregate from `member_request_doctors` where `doctors_id` = '39'
2017-10-21 12:27:56: select count(*) as aggregate from `services` where `doctors_id` = '39' and `opened_at` is null and `services`.`deleted_at` is null
2017-10-21 12:27:56: select * from `messages` where `doctors_id` = '39' and `doctor_readed_at` is null and `visible` = 1 order by `created_at` desc
2017-10-21 12:27:56: select * from `parameters` where `type` = 'banner'
2017-10-21 12:27:56: select * from `parameters` where `type` = 'setting' and `key` = 'service_email' limit 1
2017-10-21 12:28:04: select * from `users` where `id` = '39' and `users`.`deleted_at` is null limit 1
2017-10-21 12:28:04: select * from `doctors` where `doctors`.`users_id` = 39 and `doctors`.`users_id` is not null and `doctors`.`deleted_at` is null limit 1
2017-10-21 12:28:04: select count(*) as aggregate from `member_requests` where `member_requests`.`deleted_at` is null
2017-10-21 12:28:04: select count(*) as aggregate from `member_request_doctors` where `doctors_id` = '39'
2017-10-21 12:28:04: select count(*) as aggregate from `services` where `doctors_id` = '39' and `opened_at` is null and `services`.`deleted_at` is null
2017-10-21 12:28:04: select * from `messages` where `doctors_id` = '39' and `doctor_readed_at` is null and `visible` = 1 order by `created_at` desc
2017-10-21 12:28:04: select * from `parameters` where `type` = 'banner'
2017-10-21 12:28:04: select * from `parameters` where `type` = 'setting' and `key` = 'service_email' limit 1
2017-10-21 12:28:07: select * from `users` where `id` = '39' and `login_type` = 2 and `status` = 1 and `users`.`deleted_at` is null limit 1
2017-10-21 12:28:07: select * from `doctors` where `doctors`.`users_id` in (39) and `doctors`.`deleted_at` is null
2017-10-21 12:28:07: select * from `services` where `doctors_id` = '39' and `members_id` is not null and `services`.`deleted_at` is null
2017-10-21 12:28:07: select * from `services` where `doctors_id` = '39' and 0 = 1 and `payment_status` = 1 and `services`.`deleted_at` is null order by `created_at` desc
2017-10-21 12:28:07: select * from `parameters` where `type` = 'setting' and `key` = 'message_expire_time' limit 1
2017-10-21 12:28:07: update `services` set `opened_at` = '2017-10-21 12:28:07', `updated_at` = '2017-10-21 12:28:07' where `doctors_id` = '39' and `opened_at` is null and `services`.`deleted_at` is null
2017-10-21 12:28:08: select * from `users` where `id` = '39' and `users`.`deleted_at` is null limit 1
2017-10-21 12:28:08: select * from `doctors` where `doctors`.`users_id` = 39 and `doctors`.`users_id` is not null and `doctors`.`deleted_at` is null limit 1
2017-10-21 12:28:08: select count(*) as aggregate from `member_requests` where `member_requests`.`deleted_at` is null
2017-10-21 12:28:08: select count(*) as aggregate from `member_request_doctors` where `doctors_id` = '39'
2017-10-21 12:28:08: select count(*) as aggregate from `services` where `doctors_id` = '39' and `opened_at` is null and `services`.`deleted_at` is null
2017-10-21 12:28:08: select * from `messages` where `doctors_id` = '39' and `doctor_readed_at` is null and `visible` = 1 order by `created_at` desc
2017-10-21 12:28:08: select * from `parameters` where `type` = 'banner'
2017-10-21 12:28:08: select * from `parameters` where `type` = 'setting' and `key` = 'service_email' limit 1
2017-10-21 12:28:11: select * from `users` where `id` = '36' and `users`.`deleted_at` is null limit 1
2017-10-21 12:28:11: select * from `doctors` where `doctors`.`users_id` = 36 and `doctors`.`users_id` is not null and `doctors`.`deleted_at` is null limit 1
2017-10-21 12:28:11: select count(*) as aggregate from `member_requests` where `member_requests`.`deleted_at` is null
2017-10-21 12:28:11: select count(*) as aggregate from `member_request_doctors` where `doctors_id` = '36'
2017-10-21 12:28:11: select count(*) as aggregate from `services` where `doctors_id` = '36' and `opened_at` is null and `services`.`deleted_at` is null
2017-10-21 12:28:11: select * from `messages` where `doctors_id` = '36' and `doctor_readed_at` is null and `visible` = 1 order by `created_at` desc
2017-10-21 12:28:11: select * from `parameters` where `type` = 'banner'
2017-10-21 12:28:11: select * from `parameters` where `type` = 'setting' and `key` = 'service_email' limit 1
2017-10-21 12:28:25: select count(*) as aggregate from `users` where `id` = '37'
2017-10-21 12:28:25: select * from `users` where `id` = '37' and `users`.`deleted_at` is null limit 1
2017-10-21 12:28:25: select * from `users` where `city_id` = 1 and `login_type` = '2' and `online` = 1 and `users`.`deleted_at` is null order by `online_at` desc
2017-10-21 12:28:25: select * from `messages` where `source` = 'doctor' and `started_at` is not null and `messages`.`doctors_id` in (3, 6, 8, 22, 25, 28, 29, 30, 31, 32, 33, 34, 36, 39, 42) and `members_id` = '37' order by `started_at` desc
2017-10-21 12:28:25: select * from `doctors` where `users_id` = 22 and `doctors`.`deleted_at` is null limit 1
2017-10-21 12:28:25: select * from `services` where `members_id` = '37' and `payment_status` = 1 and `services`.`deleted_at` is null order by `id` desc limit 1
2017-10-21 12:28:25: select * from `doctors` where `users_id` = 39 and `doctors`.`deleted_at` is null limit 1
2017-10-21 12:28:25: select * from `services` where `members_id` = '37' and `payment_status` = 1 and `services`.`deleted_at` is null order by `id` desc limit 1
2017-10-21 12:28:25: select * from `doctors` where `users_id` = 36 and `doctors`.`deleted_at` is null limit 1
2017-10-21 12:28:25: select * from `services` where `members_id` = '37' and `payment_status` = 1 and `services`.`deleted_at` is null order by `id` desc limit 1
2017-10-21 12:28:25: select * from `doctors` where `users_id` = 34 and `doctors`.`deleted_at` is null limit 1
2017-10-21 12:28:25: select * from `services` where `members_id` = '37' and `payment_status` = 1 and `services`.`deleted_at` is null order by `id` desc limit 1
2017-10-21 12:28:25: select * from `doctors` where `users_id` = 30 and `doctors`.`deleted_at` is null limit 1
2017-10-21 12:28:25: select * from `services` where `members_id` = '37' and `payment_status` = 1 and `services`.`deleted_at` is null order by `id` desc limit 1
2017-10-21 12:28:25: select * from `doctors` where `users_id` = 42 and `doctors`.`deleted_at` is null limit 1
2017-10-21 12:28:25: select * from `services` where `members_id` = '37' and `payment_status` = 1 and `services`.`deleted_at` is null order by `id` desc limit 1
2017-10-21 12:28:25: select * from `doctors` where `users_id` = 8 and `doctors`.`deleted_at` is null limit 1
2017-10-21 12:28:25: select * from `services` where `members_id` = '37' and `payment_status` = 1 and `services`.`deleted_at` is null order by `id` desc limit 1
2017-10-21 12:28:25: select * from `doctors` where `users_id` = 29 and `doctors`.`deleted_at` is null limit 1
2017-10-21 12:28:25: select * from `services` where `members_id` = '37' and `payment_status` = 1 and `services`.`deleted_at` is null order by `id` desc limit 1
2017-10-21 12:28:25: select * from `doctors` where `users_id` = 32 and `doctors`.`deleted_at` is null limit 1
2017-10-21 12:28:25: select * from `services` where `members_id` = '37' and `payment_status` = 1 and `services`.`deleted_at` is null order by `id` desc limit 1
2017-10-21 12:28:25: select * from `doctors` where `users_id` = 33 and `doctors`.`deleted_at` is null limit 1
2017-10-21 12:28:25: select * from `services` where `members_id` = '37' and `payment_status` = 1 and `services`.`deleted_at` is null order by `id` desc limit 1
2017-10-21 12:28:25: select * from `doctors` where `users_id` = 31 and `doctors`.`deleted_at` is null limit 1
2017-10-21 12:28:25: select * from `services` where `members_id` = '37' and `payment_status` = 1 and `services`.`deleted_at` is null order by `id` desc limit 1
2017-10-21 12:28:25: select * from `doctors` where `users_id` = 25 and `doctors`.`deleted_at` is null limit 1
2017-10-21 12:28:25: select * from `services` where `members_id` = '37' and `payment_status` = 1 and `services`.`deleted_at` is null order by `id` desc limit 1
2017-10-21 12:28:25: select * from `doctors` where `users_id` = 28 and `doctors`.`deleted_at` is null limit 1
2017-10-21 12:28:25: select count(*) as aggregate from `users` where `id` = '37'
2017-10-21 12:28:25: select * from `services` where `members_id` = '37' and `payment_status` = 1 and `services`.`deleted_at` is null order by `id` desc limit 1
2017-10-21 12:28:25: select * from `doctors` where `users_id` = 6 and `doctors`.`deleted_at` is null limit 1
2017-10-21 12:28:25: select * from `users` where `id` = '37' and `users`.`deleted_at` is null limit 1
2017-10-21 12:28:25: select * from `services` where `members_id` = '37' and `payment_status` = 1 and `services`.`deleted_at` is null order by `id` desc limit 1
2017-10-21 12:28:25: select * from `users` where `city_id` = 1 and `login_type` = '2' and `online` = 1 and `users`.`deleted_at` is null order by `online_at` desc
2017-10-21 12:28:25: select * from `doctors` where `users_id` = 3 and `doctors`.`deleted_at` is null limit 1
2017-10-21 12:28:25: select * from `services` where `members_id` = '37' and `payment_status` = 1 and `services`.`deleted_at` is null order by `id` desc limit 1
2017-10-21 12:28:25: select * from `messages` where `source` = 'doctor' and `started_at` is not null and `messages`.`doctors_id` in (3, 6, 8, 22, 25, 28, 29, 30, 31, 32, 33, 34, 36, 39, 42) and `members_id` = '37' order by `started_at` desc
2017-10-21 12:28:25: select * from `doctors` where `users_id` = 22 and `doctors`.`deleted_at` is null limit 1
2017-10-21 12:28:25: select * from `services` where `members_id` = '37' and `payment_status` = 1 and `services`.`deleted_at` is null order by `id` desc limit 1
2017-10-21 12:28:25: select * from `doctors` where `users_id` = 39 and `doctors`.`deleted_at` is null limit 1
2017-10-21 12:28:25: select * from `services` where `members_id` = '37' and `payment_status` = 1 and `services`.`deleted_at` is null order by `id` desc limit 1
2017-10-21 12:28:25: select * from `doctors` where `users_id` = 36 and `doctors`.`deleted_at` is null limit 1
2017-10-21 12:28:25: select * from `services` where `members_id` = '37' and `payment_status` = 1 and `services`.`deleted_at` is null order by `id` desc limit 1
2017-10-21 12:28:25: select * from `doctors` where `users_id` = 34 and `doctors`.`deleted_at` is null limit 1
2017-10-21 12:28:25: select * from `services` where `members_id` = '37' and `payment_status` = 1 and `services`.`deleted_at` is null order by `id` desc limit 1
2017-10-21 12:28:25: select * from `doctors` where `users_id` = 30 and `doctors`.`deleted_at` is null limit 1
2017-10-21 12:28:25: select * from `services` where `members_id` = '37' and `payment_status` = 1 and `services`.`deleted_at` is null order by `id` desc limit 1
2017-10-21 12:28:25: select * from `doctors` where `users_id` = 42 and `doctors`.`deleted_at` is null limit 1
2017-10-21 12:28:25: select * from `services` where `members_id` = '37' and `payment_status` = 1 and `services`.`deleted_at` is null order by `id` desc limit 1
2017-10-21 12:28:25: select * from `doctors` where `users_id` = 8 and `doctors`.`deleted_at` is null limit 1
2017-10-21 12:28:25: select * from `services` where `members_id` = '37' and `payment_status` = 1 and `services`.`deleted_at` is null order by `id` desc limit 1
2017-10-21 12:28:25: select * from `doctors` where `users_id` = 29 and `doctors`.`deleted_at` is null limit 1
2017-10-21 12:28:25: select * from `services` where `members_id` = '37' and `payment_status` = 1 and `services`.`deleted_at` is null order by `id` desc limit 1
2017-10-21 12:28:25: select * from `doctors` where `users_id` = 32 and `doctors`.`deleted_at` is null limit 1
2017-10-21 12:28:25: select * from `services` where `members_id` = '37' and `payment_status` = 1 and `services`.`deleted_at` is null order by `id` desc limit 1
2017-10-21 12:28:25: select * from `doctors` where `users_id` = 33 and `doctors`.`deleted_at` is null limit 1
2017-10-21 12:28:25: select * from `services` where `members_id` = '37' and `payment_status` = 1 and `services`.`deleted_at` is null order by `id` desc limit 1
2017-10-21 12:28:25: select * from `doctors` where `users_id` = 31 and `doctors`.`deleted_at` is null limit 1
2017-10-21 12:28:25: select * from `services` where `members_id` = '37' and `payment_status` = 1 and `services`.`deleted_at` is null order by `id` desc limit 1
2017-10-21 12:28:25: select * from `doctors` where `users_id` = 25 and `doctors`.`deleted_at` is null limit 1
2017-10-21 12:28:25: select * from `services` where `members_id` = '37' and `payment_status` = 1 and `services`.`deleted_at` is null order by `id` desc limit 1
2017-10-21 12:28:25: select * from `doctors` where `users_id` = 28 and `doctors`.`deleted_at` is null limit 1
2017-10-21 12:28:25: select * from `services` where `members_id` = '37' and `payment_status` = 1 and `services`.`deleted_at` is null order by `id` desc limit 1
2017-10-21 12:28:25: select * from `doctors` where `users_id` = 6 and `doctors`.`deleted_at` is null limit 1
2017-10-21 12:28:25: select * from `services` where `members_id` = '37' and `payment_status` = 1 and `services`.`deleted_at` is null order by `id` desc limit 1
2017-10-21 12:28:25: select * from `doctors` where `users_id` = 3 and `doctors`.`deleted_at` is null limit 1
2017-10-21 12:28:25: select * from `services` where `members_id` = '37' and `payment_status` = 1 and `services`.`deleted_at` is null order by `id` desc limit 1
2017-10-21 12:28:37: select * from `users` where `id` = '39' and `users`.`deleted_at` is null limit 1
2017-10-21 12:28:37: select * from `doctors` where `doctors`.`users_id` = 39 and `doctors`.`users_id` is not null and `doctors`.`deleted_at` is null limit 1
2017-10-21 12:28:37: select count(*) as aggregate from `member_requests` where `member_requests`.`deleted_at` is null
2017-10-21 12:28:37: select count(*) as aggregate from `member_request_doctors` where `doctors_id` = '39'
2017-10-21 12:28:37: select count(*) as aggregate from `services` where `doctors_id` = '39' and `opened_at` is null and `services`.`deleted_at` is null
2017-10-21 12:28:37: select * from `messages` where `doctors_id` = '39' and `doctor_readed_at` is null and `visible` = 1 order by `created_at` desc
2017-10-21 12:28:37: select * from `services` where `members_id` = 37 and `payment_status` = 1 and `services`.`deleted_at` is null order by `id` desc limit 1
2017-10-21 12:28:37: select * from `parameters` where `type` = 'banner'
2017-10-21 12:28:37: select * from `parameters` where `type` = 'setting' and `key` = 'service_email' limit 1
2017-10-21 12:28:40: select * from `users` where `id` = '39' and `users`.`deleted_at` is null limit 1
2017-10-21 12:28:40: select * from `doctors` where `doctors`.`users_id` = 39 and `doctors`.`users_id` is not null and `doctors`.`deleted_at` is null limit 1
2017-10-21 12:28:40: select count(*) as aggregate from `member_requests` where `member_requests`.`deleted_at` is null
2017-10-21 12:28:40: select count(*) as aggregate from `member_request_doctors` where `doctors_id` = '39'
2017-10-21 12:28:40: select count(*) as aggregate from `services` where `doctors_id` = '39' and `opened_at` is null and `services`.`deleted_at` is null
2017-10-21 12:28:40: select * from `messages` where `doctors_id` = '39' and `doctor_readed_at` is null and `visible` = 1 order by `created_at` desc
2017-10-21 12:28:40: select * from `services` where `members_id` = 37 and `payment_status` = 1 and `services`.`deleted_at` is null order by `id` desc limit 1
2017-10-21 12:28:40: select * from `parameters` where `type` = 'banner'
2017-10-21 12:28:40: select * from `parameters` where `type` = 'setting' and `key` = 'service_email' limit 1
