2017-09-01 13:24:20: select * from `users` where `id` = '3' and `users`.`deleted_at` is null limit 1
2017-09-01 13:24:20: select * from `doctors` where `doctors`.`users_id` = 3 and `doctors`.`users_id` is not null and `doctors`.`deleted_at` is null limit 1
2017-09-01 13:24:20: select count(*) as aggregate from `member_requests` where `member_requests`.`deleted_at` is null
2017-09-01 13:24:20: select count(*) as aggregate from `member_request_doctors` where `doctors_id` = '3'
2017-09-01 13:24:20: select count(*) as aggregate from `services` where `doctors_id` = '3' and `opened_at` is null and `services`.`deleted_at` is null
2017-09-01 13:24:20: select * from `messages` where `doctors_id` = '3' and `doctor_readed_at` is null and `visible` = 1 order by `created_at` desc
2017-09-01 13:24:20: select * from `parameters` where `type` = 'banner'
2017-09-01 13:24:20: select * from `parameters` where `type` = 'setting' and `key` = 'service_email' limit 1
2017-09-01 13:25:47: select * from `users` where `id` = '3' and `users`.`deleted_at` is null limit 1
2017-09-01 13:25:47: select * from `doctors` where `doctors`.`users_id` = 3 and `doctors`.`users_id` is not null and `doctors`.`deleted_at` is null limit 1
2017-09-01 13:25:47: select count(*) as aggregate from `member_requests` where `member_requests`.`deleted_at` is null
2017-09-01 13:25:47: select count(*) as aggregate from `member_request_doctors` where `doctors_id` = '3'
2017-09-01 13:25:47: select count(*) as aggregate from `services` where `doctors_id` = '3' and `opened_at` is null and `services`.`deleted_at` is null
2017-09-01 13:25:47: select * from `messages` where `doctors_id` = '3' and `doctor_readed_at` is null and `visible` = 1 order by `created_at` desc
2017-09-01 13:25:47: select * from `parameters` where `type` = 'banner'
2017-09-01 13:25:47: select * from `parameters` where `type` = 'setting' and `key` = 'service_email' limit 1
2017-09-01 13:26:13: select * from `users` where `id` = '3' and `users`.`deleted_at` is null limit 1
2017-09-01 13:26:13: select * from `doctors` where `doctors`.`users_id` = 3 and `doctors`.`users_id` is not null and `doctors`.`deleted_at` is null limit 1
2017-09-01 13:26:20: select * from `users` where `id` = '3' and `users`.`deleted_at` is null limit 1
2017-09-01 13:26:20: select * from `doctors` where `doctors`.`users_id` = 3 and `doctors`.`users_id` is not null and `doctors`.`deleted_at` is null limit 1
2017-09-01 13:26:20: select count(*) as aggregate from `member_requests` where `member_requests`.`deleted_at` is null
2017-09-01 13:26:20: select count(*) as aggregate from `member_request_doctors` where `doctors_id` = '3'
2017-09-01 13:26:20: select count(*) as aggregate from `services` where `doctors_id` = '3' and `opened_at` is null and `services`.`deleted_at` is null
2017-09-01 13:26:20: select * from `messages` where `doctors_id` = '3' and `doctor_readed_at` is null and `visible` = 1 order by `created_at` desc
2017-09-01 13:26:20: select * from `parameters` where `type` = 'banner'
2017-09-01 13:26:20: select * from `parameters` where `type` = 'setting' and `key` = 'service_email' limit 1
2017-09-01 13:26:27: select * from `users` where `id` = '3' and `users`.`deleted_at` is null limit 1
2017-09-01 13:26:27: select * from `doctors` where `doctors`.`users_id` = 3 and `doctors`.`users_id` is not null and `doctors`.`deleted_at` is null limit 1
2017-09-01 13:26:27: select count(*) as aggregate from `member_requests` where `member_requests`.`deleted_at` is null
2017-09-01 13:26:27: select count(*) as aggregate from `member_request_doctors` where `doctors_id` = '3'
2017-09-01 13:26:27: select count(*) as aggregate from `services` where `doctors_id` = '3' and `opened_at` is null and `services`.`deleted_at` is null
2017-09-01 13:26:27: select * from `messages` where `doctors_id` = '3' and `doctor_readed_at` is null and `visible` = 1 order by `created_at` desc
2017-09-01 13:26:27: select * from `parameters` where `type` = 'banner'
2017-09-01 13:26:27: select * from `parameters` where `type` = 'setting' and `key` = 'service_email' limit 1
2017-09-01 13:26:30: select * from `users` where `id` = '3' and `users`.`deleted_at` is null limit 1
2017-09-01 13:26:30: select * from `doctors` where `doctors`.`users_id` = 3 and `doctors`.`users_id` is not null and `doctors`.`deleted_at` is null limit 1
2017-09-01 13:26:30: select count(*) as aggregate from `member_requests` where `member_requests`.`deleted_at` is null
2017-09-01 13:26:30: select count(*) as aggregate from `member_request_doctors` where `doctors_id` = '3'
2017-09-01 13:26:30: select count(*) as aggregate from `services` where `doctors_id` = '3' and `opened_at` is null and `services`.`deleted_at` is null
2017-09-01 13:26:30: select * from `messages` where `doctors_id` = '3' and `doctor_readed_at` is null and `visible` = 1 order by `created_at` desc
2017-09-01 13:26:30: select * from `parameters` where `type` = 'banner'
2017-09-01 13:26:30: select * from `parameters` where `type` = 'setting' and `key` = 'service_email' limit 1
2017-09-01 14:28:15: select * from `users` where `id` = '3' and `users`.`deleted_at` is null limit 1
2017-09-01 14:28:15: select * from `doctors` where `doctors`.`users_id` = 3 and `doctors`.`users_id` is not null and `doctors`.`deleted_at` is null limit 1
2017-09-01 14:28:15: select count(*) as aggregate from `member_requests` where `member_requests`.`deleted_at` is null
2017-09-01 14:28:15: select count(*) as aggregate from `member_request_doctors` where `doctors_id` = '3'
2017-09-01 14:28:15: select count(*) as aggregate from `services` where `doctors_id` = '3' and `opened_at` is null and `services`.`deleted_at` is null
2017-09-01 14:28:15: select * from `messages` where `doctors_id` = '3' and `doctor_readed_at` is null and `visible` = 1 order by `created_at` desc
2017-09-01 14:28:15: select * from `parameters` where `type` = 'banner'
2017-09-01 14:28:15: select * from `parameters` where `type` = 'setting' and `key` = 'service_email' limit 1
2017-09-01 14:28:38: select * from `users` where `id` = '3' and `users`.`deleted_at` is null limit 1
2017-09-01 14:28:38: select * from `doctors` where `doctors`.`users_id` = 3 and `doctors`.`users_id` is not null and `doctors`.`deleted_at` is null limit 1
2017-09-01 14:28:38: select count(*) as aggregate from `member_requests` where `member_requests`.`deleted_at` is null
2017-09-01 14:28:38: select count(*) as aggregate from `member_request_doctors` where `doctors_id` = '3'
2017-09-01 14:28:38: select count(*) as aggregate from `services` where `doctors_id` = '3' and `opened_at` is null and `services`.`deleted_at` is null
2017-09-01 14:28:38: select * from `messages` where `doctors_id` = '3' and `doctor_readed_at` is null and `visible` = 1 order by `created_at` desc
2017-09-01 14:28:38: select * from `parameters` where `type` = 'banner'
2017-09-01 14:28:38: select * from `parameters` where `type` = 'setting' and `key` = 'service_email' limit 1
2017-09-01 14:29:09: select * from `users` where `id` = '3' and `users`.`deleted_at` is null limit 1
2017-09-01 14:29:09: select * from `doctors` where `doctors`.`users_id` = 3 and `doctors`.`users_id` is not null and `doctors`.`deleted_at` is null limit 1
2017-09-01 14:29:09: select count(*) as aggregate from `member_requests` where `member_requests`.`deleted_at` is null
2017-09-01 14:29:09: select count(*) as aggregate from `member_request_doctors` where `doctors_id` = '3'
2017-09-01 14:29:09: select count(*) as aggregate from `services` where `doctors_id` = '3' and `opened_at` is null and `services`.`deleted_at` is null
2017-09-01 14:29:09: select * from `messages` where `doctors_id` = '3' and `doctor_readed_at` is null and `visible` = 1 order by `created_at` desc
2017-09-01 14:29:09: select * from `parameters` where `type` = 'banner'
2017-09-01 14:29:09: select * from `parameters` where `type` = 'setting' and `key` = 'service_email' limit 1
2017-09-01 14:29:22: select * from `users` where `id` = '3' and `users`.`deleted_at` is null limit 1
2017-09-01 14:29:22: select * from `doctors` where `doctors`.`users_id` = 3 and `doctors`.`users_id` is not null and `doctors`.`deleted_at` is null limit 1
2017-09-01 14:29:22: select count(*) as aggregate from `member_requests` where `member_requests`.`deleted_at` is null
2017-09-01 14:29:22: select count(*) as aggregate from `member_request_doctors` where `doctors_id` = '3'
2017-09-01 14:29:22: select count(*) as aggregate from `services` where `doctors_id` = '3' and `opened_at` is null and `services`.`deleted_at` is null
2017-09-01 14:29:22: select * from `messages` where `doctors_id` = '3' and `doctor_readed_at` is null and `visible` = 1 order by `created_at` desc
2017-09-01 14:29:22: select * from `parameters` where `type` = 'banner'
2017-09-01 14:29:22: select * from `parameters` where `type` = 'setting' and `key` = 'service_email' limit 1
2017-09-01 14:30:44: select * from `users` where `id` = '3' and `users`.`deleted_at` is null limit 1
2017-09-01 14:30:44: select * from `doctors` where `doctors`.`users_id` = 3 and `doctors`.`users_id` is not null and `doctors`.`deleted_at` is null limit 1
2017-09-01 14:30:44: select count(*) as aggregate from `member_requests` where `member_requests`.`deleted_at` is null
2017-09-01 14:30:44: select count(*) as aggregate from `member_request_doctors` where `doctors_id` = '3'
2017-09-01 14:30:44: select count(*) as aggregate from `services` where `doctors_id` = '3' and `opened_at` is null and `services`.`deleted_at` is null
2017-09-01 14:30:44: select * from `messages` where `doctors_id` = '3' and `doctor_readed_at` is null and `visible` = 1 order by `created_at` desc
2017-09-01 14:30:44: select * from `parameters` where `type` = 'banner'
2017-09-01 14:30:44: select * from `parameters` where `type` = 'setting' and `key` = 'service_email' limit 1
2017-09-01 14:31:33: select * from `users` where `id` = '3' and `users`.`deleted_at` is null limit 1
2017-09-01 14:31:33: select * from `doctors` where `doctors`.`users_id` = 3 and `doctors`.`users_id` is not null and `doctors`.`deleted_at` is null limit 1
2017-09-01 14:31:33: select count(*) as aggregate from `member_requests` where `member_requests`.`deleted_at` is null
2017-09-01 14:31:33: select count(*) as aggregate from `member_request_doctors` where `doctors_id` = '3'
2017-09-01 14:31:33: select count(*) as aggregate from `services` where `doctors_id` = '3' and `opened_at` is null and `services`.`deleted_at` is null
2017-09-01 14:31:33: select * from `messages` where `doctors_id` = '3' and `doctor_readed_at` is null and `visible` = 1 order by `created_at` desc
2017-09-01 14:31:33: select * from `parameters` where `type` = 'banner'
2017-09-01 14:31:33: select * from `parameters` where `type` = 'setting' and `key` = 'service_email' limit 1
2017-09-01 14:36:33: select * from `users` where `id` = '3' and `users`.`deleted_at` is null limit 1
2017-09-01 14:36:33: select * from `doctors` where `doctors`.`users_id` = 3 and `doctors`.`users_id` is not null and `doctors`.`deleted_at` is null limit 1
2017-09-01 14:36:33: select count(*) as aggregate from `member_requests` where `member_requests`.`deleted_at` is null
2017-09-01 14:36:33: select count(*) as aggregate from `member_request_doctors` where `doctors_id` = '3'
2017-09-01 14:36:33: select count(*) as aggregate from `services` where `doctors_id` = '3' and `opened_at` is null and `services`.`deleted_at` is null
2017-09-01 14:36:33: select * from `messages` where `doctors_id` = '3' and `doctor_readed_at` is null and `visible` = 1 order by `created_at` desc
2017-09-01 14:36:33: select * from `parameters` where `type` = 'banner'
2017-09-01 14:36:33: select * from `parameters` where `type` = 'setting' and `key` = 'service_email' limit 1
2017-09-01 15:07:50: select * from `users` where `id` = '3' and `users`.`deleted_at` is null limit 1
2017-09-01 15:07:50: select * from `doctors` where `doctors`.`users_id` = 3 and `doctors`.`users_id` is not null and `doctors`.`deleted_at` is null limit 1
2017-09-01 15:07:50: select count(*) as aggregate from `member_requests` where `member_requests`.`deleted_at` is null
2017-09-01 15:07:50: select count(*) as aggregate from `member_request_doctors` where `doctors_id` = '3'
2017-09-01 15:07:50: select count(*) as aggregate from `services` where `doctors_id` = '3' and `opened_at` is null and `services`.`deleted_at` is null
2017-09-01 15:07:50: select * from `messages` where `doctors_id` = '3' and `doctor_readed_at` is null and `visible` = 1 order by `created_at` desc
2017-09-01 15:07:50: select * from `parameters` where `type` = 'banner'
2017-09-01 15:07:50: select * from `parameters` where `type` = 'setting' and `key` = 'service_email' limit 1
2017-09-01 15:08:47: select * from `users` where `id` = '3' and `users`.`deleted_at` is null limit 1
2017-09-01 15:08:47: select * from `doctors` where `doctors`.`users_id` = 3 and `doctors`.`users_id` is not null and `doctors`.`deleted_at` is null limit 1
2017-09-01 15:08:47: select count(*) as aggregate from `member_requests` where `member_requests`.`deleted_at` is null
2017-09-01 15:08:47: select count(*) as aggregate from `member_request_doctors` where `doctors_id` = '3'
2017-09-01 15:08:47: select count(*) as aggregate from `services` where `doctors_id` = '3' and `opened_at` is null and `services`.`deleted_at` is null
2017-09-01 15:08:47: select * from `messages` where `doctors_id` = '3' and `doctor_readed_at` is null and `visible` = 1 order by `created_at` desc
2017-09-01 15:08:47: select * from `parameters` where `type` = 'banner'
2017-09-01 15:08:47: select * from `parameters` where `type` = 'setting' and `key` = 'service_email' limit 1
2017-09-01 15:10:31: select * from `users` where `id` = '3' and `users`.`deleted_at` is null limit 1
2017-09-01 15:10:31: select * from `doctors` where `doctors`.`users_id` = 3 and `doctors`.`users_id` is not null and `doctors`.`deleted_at` is null limit 1
2017-09-01 15:10:31: select count(*) as aggregate from `member_requests` where `member_requests`.`deleted_at` is null
2017-09-01 15:10:31: select count(*) as aggregate from `member_request_doctors` where `doctors_id` = '3'
2017-09-01 15:10:31: select count(*) as aggregate from `services` where `doctors_id` = '3' and `opened_at` is null and `services`.`deleted_at` is null
2017-09-01 15:10:31: select * from `messages` where `doctors_id` = '3' and `doctor_readed_at` is null and `visible` = 1 order by `created_at` desc
2017-09-01 15:10:31: select * from `parameters` where `type` = 'banner'
2017-09-01 15:10:31: select * from `parameters` where `type` = 'setting' and `key` = 'service_email' limit 1
2017-09-01 15:11:26: select * from `users` where `id` = '3' and `users`.`deleted_at` is null limit 1
2017-09-01 15:11:26: select * from `doctors` where `doctors`.`users_id` = 3 and `doctors`.`users_id` is not null and `doctors`.`deleted_at` is null limit 1
2017-09-01 15:11:26: select count(*) as aggregate from `member_requests` where `member_requests`.`deleted_at` is null
2017-09-01 15:11:26: select count(*) as aggregate from `member_request_doctors` where `doctors_id` = '3'
2017-09-01 15:11:26: select count(*) as aggregate from `services` where `doctors_id` = '3' and `opened_at` is null and `services`.`deleted_at` is null
2017-09-01 15:11:26: select * from `messages` where `doctors_id` = '3' and `doctor_readed_at` is null and `visible` = 1 order by `created_at` desc
2017-09-01 15:11:26: select * from `parameters` where `type` = 'banner'
2017-09-01 15:11:26: select * from `parameters` where `type` = 'setting' and `key` = 'service_email' limit 1
2017-09-01 15:32:40: select * from `users` where `id` = '3' and `users`.`deleted_at` is null limit 1
2017-09-01 15:32:40: select * from `doctors` where `doctors`.`users_id` = 3 and `doctors`.`users_id` is not null and `doctors`.`deleted_at` is null limit 1
2017-09-01 15:32:40: select count(*) as aggregate from `member_requests` where `member_requests`.`deleted_at` is null
2017-09-01 15:32:40: select count(*) as aggregate from `member_request_doctors` where `doctors_id` = '3'
2017-09-01 15:32:40: select count(*) as aggregate from `services` where `doctors_id` = '3' and `opened_at` is null and `services`.`deleted_at` is null
2017-09-01 15:32:40: select * from `messages` where `doctors_id` = '3' and `doctor_readed_at` is null and `visible` = 1 order by `created_at` desc
2017-09-01 15:32:40: select * from `parameters` where `type` = 'banner'
2017-09-01 15:32:40: select * from `parameters` where `type` = 'setting' and `key` = 'service_email' limit 1
2017-09-01 15:33:04: select * from `users` where `id` = '3' and `users`.`deleted_at` is null limit 1
2017-09-01 15:33:04: select * from `doctors` where `doctors`.`users_id` = 3 and `doctors`.`users_id` is not null and `doctors`.`deleted_at` is null limit 1
2017-09-01 15:33:04: select count(*) as aggregate from `member_requests` where `member_requests`.`deleted_at` is null
2017-09-01 15:33:04: select count(*) as aggregate from `member_request_doctors` where `doctors_id` = '3'
2017-09-01 15:33:04: select count(*) as aggregate from `services` where `doctors_id` = '3' and `opened_at` is null and `services`.`deleted_at` is null
2017-09-01 15:33:04: select * from `messages` where `doctors_id` = '3' and `doctor_readed_at` is null and `visible` = 1 order by `created_at` desc
2017-09-01 15:33:04: select * from `parameters` where `type` = 'banner'
2017-09-01 15:33:04: select * from `parameters` where `type` = 'setting' and `key` = 'service_email' limit 1
2017-09-01 15:33:06: select * from `users` where `id` = '3' and `users`.`deleted_at` is null limit 1
2017-09-01 15:33:06: select * from `doctors` where `doctors`.`users_id` = 3 and `doctors`.`users_id` is not null and `doctors`.`deleted_at` is null limit 1
