2017-11-29 13:31:49: select * from `users` where `id` = '2' and `users`.`deleted_at` is null limit 1
2017-11-29 13:31:49: select * from `doctors` where `doctors`.`users_id` = 2 and `doctors`.`users_id` is not null and `doctors`.`deleted_at` is null limit 1
2017-11-29 13:31:49: select count(*) as aggregate from `member_requests` where `member_requests`.`deleted_at` is null
2017-11-29 13:31:49: select count(*) as aggregate from `member_request_doctors` where `doctors_id` = '2'
2017-11-29 13:31:49: select count(*) as aggregate from `services` where `doctors_id` = '2' and `opened_at` is null and `services`.`deleted_at` is null
2017-11-29 13:31:49: select * from `messages` where `doctors_id` = '2' and `doctor_readed_at` is null and `visible` = 1 order by `created_at` desc
2017-11-29 13:31:49: select * from `parameters` where `type` = 'banner'
2017-11-29 13:31:49: select * from `parameters` where `type` = 'setting' and `key` = 'service_email' limit 1
2017-11-29 13:32:42: select * from `users` where `id` = '2' and `users`.`deleted_at` is null limit 1
2017-11-29 13:32:42: select * from `doctors` where `doctors`.`users_id` = 2 and `doctors`.`users_id` is not null and `doctors`.`deleted_at` is null limit 1
2017-11-29 13:32:42: select count(*) as aggregate from `member_requests` where `member_requests`.`deleted_at` is null
2017-11-29 13:32:42: select count(*) as aggregate from `member_request_doctors` where `doctors_id` = '2'
2017-11-29 13:32:42: select count(*) as aggregate from `services` where `doctors_id` = '2' and `opened_at` is null and `services`.`deleted_at` is null
2017-11-29 13:32:42: select * from `messages` where `doctors_id` = '2' and `doctor_readed_at` is null and `visible` = 1 order by `created_at` desc
2017-11-29 13:32:42: select * from `parameters` where `type` = 'banner'
2017-11-29 13:32:42: select * from `parameters` where `type` = 'setting' and `key` = 'service_email' limit 1
2017-11-29 15:09:49: select * from `users` where `id` = '5' and `users`.`deleted_at` is null limit 1
2017-11-29 15:09:49: select * from `doctors` where `doctors`.`users_id` = 5 and `doctors`.`users_id` is not null and `doctors`.`deleted_at` is null limit 1
2017-11-29 15:09:49: select count(*) as aggregate from `member_requests` where `member_requests`.`deleted_at` is null
2017-11-29 15:09:49: select count(*) as aggregate from `member_request_doctors` where `doctors_id` = '5'
2017-11-29 15:09:49: select count(*) as aggregate from `services` where `doctors_id` = '5' and `opened_at` is null and `services`.`deleted_at` is null
2017-11-29 15:09:49: select * from `messages` where `doctors_id` = '5' and `doctor_readed_at` is null and `visible` = 1 order by `created_at` desc
2017-11-29 15:09:49: select * from `parameters` where `type` = 'banner'
2017-11-29 15:09:49: select * from `parameters` where `type` = 'setting' and `key` = 'service_email' limit 1
2017-11-29 20:06:35: select * from `users` where `id` = '9' and `users`.`deleted_at` is null limit 1
2017-11-29 20:06:35: select * from `doctors` where `doctors`.`users_id` = 9 and `doctors`.`users_id` is not null and `doctors`.`deleted_at` is null limit 1
2017-11-29 20:06:35: select count(*) as aggregate from `member_requests` where `member_requests`.`deleted_at` is null
2017-11-29 20:06:35: select count(*) as aggregate from `member_request_doctors` where `doctors_id` = '9'
2017-11-29 20:06:35: select count(*) as aggregate from `services` where `doctors_id` = '9' and `opened_at` is null and `services`.`deleted_at` is null
2017-11-29 20:06:35: select * from `messages` where `doctors_id` = '9' and `doctor_readed_at` is null and `visible` = 1 order by `created_at` desc
2017-11-29 20:06:35: select * from `parameters` where `type` = 'banner'
2017-11-29 20:06:35: select * from `parameters` where `type` = 'setting' and `key` = 'service_email' limit 1
2017-11-29 20:09:21: select * from `users` where `id` = '9' and `users`.`deleted_at` is null limit 1
2017-11-29 20:09:21: select * from `doctors` where `doctors`.`users_id` = 9 and `doctors`.`users_id` is not null and `doctors`.`deleted_at` is null limit 1
2017-11-29 20:09:21: select count(*) as aggregate from `member_requests` where `member_requests`.`deleted_at` is null
2017-11-29 20:09:21: select count(*) as aggregate from `member_request_doctors` where `doctors_id` = '9'
2017-11-29 20:09:21: select count(*) as aggregate from `services` where `doctors_id` = '9' and `opened_at` is null and `services`.`deleted_at` is null
2017-11-29 20:09:21: select * from `messages` where `doctors_id` = '9' and `doctor_readed_at` is null and `visible` = 1 order by `created_at` desc
2017-11-29 20:09:21: select * from `parameters` where `type` = 'banner'
2017-11-29 20:09:21: select * from `parameters` where `type` = 'setting' and `key` = 'service_email' limit 1
2017-11-29 20:09:23: select * from `users` where `id` = '9' and `login_type` = 2 and `status` = 1 and `users`.`deleted_at` is null limit 1
2017-11-29 20:09:23: select * from `doctors` where `doctors`.`users_id` in (9) and `doctors`.`deleted_at` is null
2017-11-29 20:09:23: select * from `services` where `doctors_id` = '9' and `members_id` is not null and `services`.`deleted_at` is null
2017-11-29 20:09:23: select * from `services` where `doctors_id` = '9' and `members_id` in (10) and `payment_status` in (0, 1) and `services`.`deleted_at` is null order by `created_at` desc
2017-11-29 20:09:23: select * from `users` where `login_type` = 1 and `users`.`id` in (10) and `users`.`deleted_at` is null
2017-11-29 20:09:23: select * from `parameters` where `type` = 'setting' and `key` = 'message_expire_time' limit 1
2017-11-29 20:09:23: select * from `messages` where `doctors_id` = 9 and `members_id` = 10 and `source` = 'member' order by `created_at` desc limit 1
2017-11-29 20:09:23: select * from `messages` where `doctors_id` = 9 and `members_id` = 10 and `source` = 'doctor' order by `created_at` desc limit 1
2017-11-29 20:09:23: update `services` set `opened_at` = '2017-11-29 20:09:23', `updated_at` = '2017-11-29 20:09:23' where `doctors_id` = '9' and `opened_at` is null and `services`.`deleted_at` is null
2017-11-29 20:09:23: select * from `parameters` where `type` = 'setting' and `key` = 'treatment_days_1' limit 1
2017-11-29 20:09:23: select * from `doctors` where `doctors`.`users_id` = 10 and `doctors`.`users_id` is not null and `doctors`.`deleted_at` is null limit 1
2017-11-29 20:10:22: select * from `users` where `id` = '9' and `users`.`deleted_at` is null limit 1
2017-11-29 20:10:22: select * from `doctors` where `doctors`.`users_id` = 9 and `doctors`.`users_id` is not null and `doctors`.`deleted_at` is null limit 1
2017-11-29 20:10:22: select count(*) as aggregate from `member_requests` where `member_requests`.`deleted_at` is null
2017-11-29 20:10:22: select count(*) as aggregate from `member_request_doctors` where `doctors_id` = '9'
2017-11-29 20:10:22: select count(*) as aggregate from `services` where `doctors_id` = '9' and `opened_at` is null and `services`.`deleted_at` is null
2017-11-29 20:10:22: select * from `messages` where `doctors_id` = '9' and `doctor_readed_at` is null and `visible` = 1 order by `created_at` desc
2017-11-29 20:10:22: select * from `parameters` where `type` = 'banner'
2017-11-29 20:10:22: select * from `parameters` where `type` = 'setting' and `key` = 'service_email' limit 1
2017-11-29 20:10:36: select * from `users` where `id` = '9' and `users`.`deleted_at` is null limit 1
2017-11-29 20:10:36: select * from `doctors` where `doctors`.`users_id` = 9 and `doctors`.`users_id` is not null and `doctors`.`deleted_at` is null limit 1
2017-11-29 20:10:36: select count(*) as aggregate from `member_requests` where `member_requests`.`deleted_at` is null
2017-11-29 20:10:36: select count(*) as aggregate from `member_request_doctors` where `doctors_id` = '9'
2017-11-29 20:10:36: select count(*) as aggregate from `services` where `doctors_id` = '9' and `opened_at` is null and `services`.`deleted_at` is null
2017-11-29 20:10:36: select * from `messages` where `doctors_id` = '9' and `doctor_readed_at` is null and `visible` = 1 order by `created_at` desc
2017-11-29 20:10:36: select * from `parameters` where `type` = 'banner'
2017-11-29 20:10:36: select * from `parameters` where `type` = 'setting' and `key` = 'service_email' limit 1
2017-11-29 20:10:37: select * from `users` where `id` = '9' and `login_type` = 2 and `status` = 1 and `users`.`deleted_at` is null limit 1
2017-11-29 20:10:37: select * from `doctors` where `doctors`.`users_id` in (9) and `doctors`.`deleted_at` is null
2017-11-29 20:10:37: select * from `services` where `doctors_id` = '9' and `members_id` is not null and `services`.`deleted_at` is null
2017-11-29 20:10:37: select * from `services` where `doctors_id` = '9' and `members_id` in (10) and `payment_status` in (0, 1) and `services`.`deleted_at` is null order by `created_at` desc
2017-11-29 20:10:37: select * from `users` where `login_type` = 1 and `users`.`id` in (10) and `users`.`deleted_at` is null
2017-11-29 20:10:37: select * from `parameters` where `type` = 'setting' and `key` = 'message_expire_time' limit 1
2017-11-29 20:10:37: select * from `messages` where `doctors_id` = 9 and `members_id` = 10 and `source` = 'member' order by `created_at` desc limit 1
2017-11-29 20:10:37: select * from `messages` where `doctors_id` = 9 and `members_id` = 10 and `source` = 'doctor' order by `created_at` desc limit 1
2017-11-29 20:10:37: update `services` set `opened_at` = '2017-11-29 20:10:37', `updated_at` = '2017-11-29 20:10:37' where `doctors_id` = '9' and `opened_at` is null and `services`.`deleted_at` is null
2017-11-29 20:10:37: select * from `parameters` where `type` = 'setting' and `key` = 'treatment_days_1' limit 1
2017-11-29 20:10:37: select * from `doctors` where `doctors`.`users_id` = 10 and `doctors`.`users_id` is not null and `doctors`.`deleted_at` is null limit 1
2017-11-29 20:11:10: select * from `users` where `id` = '9' and `users`.`deleted_at` is null limit 1
2017-11-29 20:11:10: select * from `doctors` where `doctors`.`users_id` = 9 and `doctors`.`users_id` is not null and `doctors`.`deleted_at` is null limit 1
2017-11-29 20:11:10: select count(*) as aggregate from `member_requests` where `member_requests`.`deleted_at` is null
2017-11-29 20:11:10: select count(*) as aggregate from `member_request_doctors` where `doctors_id` = '9'
2017-11-29 20:11:10: select count(*) as aggregate from `services` where `doctors_id` = '9' and `opened_at` is null and `services`.`deleted_at` is null
2017-11-29 20:11:10: select * from `messages` where `doctors_id` = '9' and `doctor_readed_at` is null and `visible` = 1 order by `created_at` desc
2017-11-29 20:11:10: select * from `parameters` where `type` = 'banner'
2017-11-29 20:11:10: select * from `parameters` where `type` = 'setting' and `key` = 'service_email' limit 1
2017-11-29 20:11:14: select * from `users` where `id` = '9' and `login_type` = 2 and `status` = 1 and `users`.`deleted_at` is null limit 1
2017-11-29 20:11:14: select * from `doctors` where `doctors`.`users_id` in (9) and `doctors`.`deleted_at` is null
2017-11-29 20:11:14: select * from `services` where `doctors_id` = '9' and `payment_status` = 1 and `paid_at` > '2017-10-29 20:11:14' and `services`.`deleted_at` is null
2017-11-29 20:11:14: select * from `messages` where `doctors_id` = '9' and `members_id` not in (10) and `visible` = 1
2017-11-29 20:11:14: select count(*) as aggregate from `users` where 0 = 1 and `login_type` = 1 and `users`.`deleted_at` is null
2017-11-29 20:11:15: select * from `users` where `id` = '9' and `users`.`deleted_at` is null limit 1
2017-11-29 20:11:15: select * from `doctors` where `doctors`.`users_id` = 9 and `doctors`.`users_id` is not null and `doctors`.`deleted_at` is null limit 1
2017-11-29 20:11:15: select count(*) as aggregate from `member_requests` where `member_requests`.`deleted_at` is null
2017-11-29 20:11:15: select count(*) as aggregate from `member_request_doctors` where `doctors_id` = '9'
2017-11-29 20:11:15: select count(*) as aggregate from `services` where `doctors_id` = '9' and `opened_at` is null and `services`.`deleted_at` is null
2017-11-29 20:11:15: select * from `messages` where `doctors_id` = '9' and `doctor_readed_at` is null and `visible` = 1 order by `created_at` desc
2017-11-29 20:11:15: select * from `parameters` where `type` = 'banner'
2017-11-29 20:11:15: select * from `parameters` where `type` = 'setting' and `key` = 'service_email' limit 1
2017-11-29 20:11:32: select * from `users` where `id` = '9' and `login_type` = 2 and `status` = 1 and `users`.`deleted_at` is null limit 1
2017-11-29 20:11:32: select * from `doctors` where `doctors`.`users_id` in (9) and `doctors`.`deleted_at` is null
2017-11-29 20:11:32: select * from `services` where `doctors_id` = '9' and `payment_status` = 1 and `paid_at` > '2017-10-29 20:11:32' and `services`.`deleted_at` is null
2017-11-29 20:11:32: select * from `messages` where `doctors_id` = '9' and `members_id` not in (10) and `visible` = 1
2017-11-29 20:11:32: select count(*) as aggregate from `users` where 0 = 1 and `login_type` = 1 and `users`.`deleted_at` is null
2017-11-29 20:11:34: select * from `users` where `id` = '9' and `users`.`deleted_at` is null limit 1
2017-11-29 20:11:34: select * from `doctors` where `doctors`.`users_id` = 9 and `doctors`.`users_id` is not null and `doctors`.`deleted_at` is null limit 1
2017-11-29 20:11:34: select count(*) as aggregate from `member_requests` where `member_requests`.`deleted_at` is null
2017-11-29 20:11:34: select count(*) as aggregate from `member_request_doctors` where `doctors_id` = '9'
2017-11-29 20:11:34: select count(*) as aggregate from `services` where `doctors_id` = '9' and `opened_at` is null and `services`.`deleted_at` is null
2017-11-29 20:11:34: select * from `messages` where `doctors_id` = '9' and `doctor_readed_at` is null and `visible` = 1 order by `created_at` desc
2017-11-29 20:11:34: select * from `parameters` where `type` = 'banner'
2017-11-29 20:11:34: select * from `parameters` where `type` = 'setting' and `key` = 'service_email' limit 1
2017-11-29 20:11:37: select * from `users` where `id` = '9' and `users`.`deleted_at` is null limit 1
2017-11-29 20:11:37: select * from `doctors` where `doctors`.`users_id` = 9 and `doctors`.`users_id` is not null and `doctors`.`deleted_at` is null limit 1
2017-11-29 20:11:37: select count(*) as aggregate from `member_requests` where `member_requests`.`deleted_at` is null
2017-11-29 20:11:37: select count(*) as aggregate from `member_request_doctors` where `doctors_id` = '9'
2017-11-29 20:11:37: select count(*) as aggregate from `services` where `doctors_id` = '9' and `opened_at` is null and `services`.`deleted_at` is null
2017-11-29 20:11:37: select * from `messages` where `doctors_id` = '9' and `doctor_readed_at` is null and `visible` = 1 order by `created_at` desc
2017-11-29 20:11:37: select * from `parameters` where `type` = 'banner'
2017-11-29 20:11:37: select * from `parameters` where `type` = 'setting' and `key` = 'service_email' limit 1
2017-11-29 20:55:13: select * from `users` where `id` = '9' and `users`.`deleted_at` is null limit 1
2017-11-29 20:55:13: select * from `doctors` where `doctors`.`users_id` = 9 and `doctors`.`users_id` is not null and `doctors`.`deleted_at` is null limit 1
2017-11-29 20:55:13: select count(*) as aggregate from `member_requests` where `member_requests`.`deleted_at` is null
2017-11-29 20:55:13: select count(*) as aggregate from `member_request_doctors` where `doctors_id` = '9'
2017-11-29 20:55:13: select count(*) as aggregate from `services` where `doctors_id` = '9' and `opened_at` is null and `services`.`deleted_at` is null
2017-11-29 20:55:13: select * from `messages` where `doctors_id` = '9' and `doctor_readed_at` is null and `visible` = 1 order by `created_at` desc
2017-11-29 20:55:13: select * from `parameters` where `type` = 'banner'
2017-11-29 20:55:13: select * from `parameters` where `type` = 'setting' and `key` = 'service_email' limit 1
2017-11-29 20:55:18: select * from `users` where `id` = '9' and `login_type` = 2 and `status` = 1 and `users`.`deleted_at` is null limit 1
2017-11-29 20:55:18: select * from `doctors` where `doctors`.`users_id` in (9) and `doctors`.`deleted_at` is null
2017-11-29 20:55:18: select * from `services` where `doctors_id` = '9' and `members_id` is not null and `services`.`deleted_at` is null
2017-11-29 20:55:18: select * from `services` where `doctors_id` = '9' and `members_id` in (10) and `payment_status` in (0, 1) and `services`.`deleted_at` is null order by `created_at` desc
2017-11-29 20:55:18: select * from `users` where `login_type` = 1 and `users`.`id` in (10) and `users`.`deleted_at` is null
2017-11-29 20:55:18: select * from `parameters` where `type` = 'setting' and `key` = 'message_expire_time' limit 1
2017-11-29 20:55:18: select * from `messages` where `doctors_id` = 9 and `members_id` = 10 and `source` = 'member' order by `created_at` desc limit 1
2017-11-29 20:55:18: select * from `messages` where `doctors_id` = 9 and `members_id` = 10 and `source` = 'doctor' order by `created_at` desc limit 1
2017-11-29 20:55:18: update `services` set `opened_at` = '2017-11-29 20:55:18', `updated_at` = '2017-11-29 20:55:18' where `doctors_id` = '9' and `opened_at` is null and `services`.`deleted_at` is null
2017-11-29 20:55:18: select * from `parameters` where `type` = 'setting' and `key` = 'treatment_days_1' limit 1
2017-11-29 20:55:18: select * from `doctors` where `doctors`.`users_id` = 10 and `doctors`.`users_id` is not null and `doctors`.`deleted_at` is null limit 1
2017-11-29 20:55:24: select * from `users` where `id` = '9' and `users`.`deleted_at` is null limit 1
2017-11-29 20:55:24: select * from `doctors` where `doctors`.`users_id` = 9 and `doctors`.`users_id` is not null and `doctors`.`deleted_at` is null limit 1
2017-11-29 20:55:24: select count(*) as aggregate from `member_requests` where `member_requests`.`deleted_at` is null
2017-11-29 20:55:24: select count(*) as aggregate from `member_request_doctors` where `doctors_id` = '9'
2017-11-29 20:55:24: select count(*) as aggregate from `services` where `doctors_id` = '9' and `opened_at` is null and `services`.`deleted_at` is null
2017-11-29 20:55:24: select * from `messages` where `doctors_id` = '9' and `doctor_readed_at` is null and `visible` = 1 order by `created_at` desc
2017-11-29 20:55:24: select * from `parameters` where `type` = 'banner'
2017-11-29 20:55:24: select * from `parameters` where `type` = 'setting' and `key` = 'service_email' limit 1
2017-11-29 21:12:20: select * from `users` where `id` = '9' and `login_type` = 2 and `status` = 1 and `users`.`deleted_at` is null limit 1
2017-11-29 21:12:20: select * from `doctors` where `doctors`.`users_id` in (9) and `doctors`.`deleted_at` is null
2017-11-29 21:12:20: select * from `services` where `doctors_id` = '9' and `members_id` is not null and `services`.`deleted_at` is null
2017-11-29 21:12:20: select * from `services` where `doctors_id` = '9' and `members_id` in (10) and `payment_status` in (0, 1) and `services`.`deleted_at` is null order by `created_at` desc
2017-11-29 21:12:20: select * from `users` where `login_type` = 1 and `users`.`id` in (10) and `users`.`deleted_at` is null
2017-11-29 21:12:20: select * from `parameters` where `type` = 'setting' and `key` = 'message_expire_time' limit 1
2017-11-29 21:12:20: select * from `messages` where `doctors_id` = 9 and `members_id` = 10 and `source` = 'member' order by `created_at` desc limit 1
2017-11-29 21:12:20: select * from `messages` where `doctors_id` = 9 and `members_id` = 10 and `source` = 'doctor' order by `created_at` desc limit 1
2017-11-29 21:12:20: update `services` set `opened_at` = '2017-11-29 21:12:20', `updated_at` = '2017-11-29 21:12:20' where `doctors_id` = '9' and `opened_at` is null and `services`.`deleted_at` is null
2017-11-29 21:12:20: select * from `parameters` where `type` = 'setting' and `key` = 'treatment_days_1' limit 1
2017-11-29 21:12:20: select * from `doctors` where `doctors`.`users_id` = 10 and `doctors`.`users_id` is not null and `doctors`.`deleted_at` is null limit 1
2017-11-29 21:12:29: select * from `users` where `id` = '9' and `users`.`deleted_at` is null limit 1
2017-11-29 21:12:29: select * from `doctors` where `doctors`.`users_id` = 9 and `doctors`.`users_id` is not null and `doctors`.`deleted_at` is null limit 1
2017-11-29 21:12:29: select count(*) as aggregate from `member_requests` where `member_requests`.`deleted_at` is null
2017-11-29 21:12:29: select count(*) as aggregate from `member_request_doctors` where `doctors_id` = '9'
2017-11-29 21:12:29: select count(*) as aggregate from `services` where `doctors_id` = '9' and `opened_at` is null and `services`.`deleted_at` is null
2017-11-29 21:12:29: select * from `messages` where `doctors_id` = '9' and `doctor_readed_at` is null and `visible` = 1 order by `created_at` desc
2017-11-29 21:12:29: select * from `parameters` where `type` = 'banner'
2017-11-29 21:12:29: select * from `parameters` where `type` = 'setting' and `key` = 'service_email' limit 1
2017-11-29 21:12:39: select * from `users` where `id` = '9' and `login_type` = 2 and `status` = 1 and `users`.`deleted_at` is null limit 1
2017-11-29 21:12:39: select * from `doctors` where `doctors`.`users_id` in (9) and `doctors`.`deleted_at` is null
2017-11-29 21:12:39: select * from `services` where `doctors_id` = '9' and `members_id` is not null and `services`.`deleted_at` is null
2017-11-29 21:12:39: select * from `services` where `doctors_id` = '9' and `members_id` in (10) and `payment_status` in (0, 1) and `services`.`deleted_at` is null order by `created_at` desc
2017-11-29 21:12:39: select * from `users` where `login_type` = 1 and `users`.`id` in (10) and `users`.`deleted_at` is null
2017-11-29 21:12:39: select * from `parameters` where `type` = 'setting' and `key` = 'message_expire_time' limit 1
2017-11-29 21:12:39: select * from `messages` where `doctors_id` = 9 and `members_id` = 10 and `source` = 'member' order by `created_at` desc limit 1
2017-11-29 21:12:39: select * from `messages` where `doctors_id` = 9 and `members_id` = 10 and `source` = 'doctor' order by `created_at` desc limit 1
2017-11-29 21:12:39: update `services` set `opened_at` = '2017-11-29 21:12:39', `updated_at` = '2017-11-29 21:12:39' where `doctors_id` = '9' and `opened_at` is null and `services`.`deleted_at` is null
2017-11-29 21:12:39: select * from `parameters` where `type` = 'setting' and `key` = 'treatment_days_1' limit 1
2017-11-29 21:12:39: select * from `doctors` where `doctors`.`users_id` = 10 and `doctors`.`users_id` is not null and `doctors`.`deleted_at` is null limit 1
2017-11-29 21:12:57: select * from `users` where `id` = '9' and `users`.`deleted_at` is null limit 1
2017-11-29 21:12:57: select * from `doctors` where `doctors`.`users_id` = 9 and `doctors`.`users_id` is not null and `doctors`.`deleted_at` is null limit 1
2017-11-29 21:12:57: select count(*) as aggregate from `member_requests` where `member_requests`.`deleted_at` is null
2017-11-29 21:12:57: select count(*) as aggregate from `member_request_doctors` where `doctors_id` = '9'
2017-11-29 21:12:57: select count(*) as aggregate from `services` where `doctors_id` = '9' and `opened_at` is null and `services`.`deleted_at` is null
2017-11-29 21:12:57: select * from `messages` where `doctors_id` = '9' and `doctor_readed_at` is null and `visible` = 1 order by `created_at` desc
2017-11-29 21:12:57: select * from `parameters` where `type` = 'banner'
2017-11-29 21:12:57: select * from `parameters` where `type` = 'setting' and `key` = 'service_email' limit 1
2017-11-29 21:21:44: select * from `users` where `id` = '9' and `login_type` = 2 and `status` = 1 and `users`.`deleted_at` is null limit 1
2017-11-29 21:21:44: select * from `doctors` where `doctors`.`users_id` in (9) and `doctors`.`deleted_at` is null
2017-11-29 21:21:44: select * from `services` where `doctors_id` = '9' and `members_id` is not null and `services`.`deleted_at` is null
2017-11-29 21:21:44: select * from `services` where `doctors_id` = '9' and `members_id` in (10) and `payment_status` = 1 and `services`.`deleted_at` is null order by `created_at` desc
2017-11-29 21:21:44: select * from `users` where `login_type` = 1 and `users`.`id` in (10) and `users`.`deleted_at` is null
2017-11-29 21:21:44: select * from `parameters` where `type` = 'setting' and `key` = 'treatment_days_1' limit 1
2017-11-29 21:21:44: select * from `parameters` where `type` = 'setting' and `key` = 'message_expire_time' limit 1
2017-11-29 21:21:44: select * from `messages` where `doctors_id` = 9 and `members_id` = 10 and `source` = 'member' order by `created_at` desc limit 1
2017-11-29 21:21:44: select * from `messages` where `doctors_id` = 9 and `members_id` = 10 and `source` = 'doctor' order by `created_at` desc limit 1
2017-11-29 21:21:44: update `services` set `opened_at` = '2017-11-29 21:21:44', `updated_at` = '2017-11-29 21:21:44' where `doctors_id` = '9' and `opened_at` is null and `services`.`deleted_at` is null
2017-11-29 21:21:44: select * from `parameters` where `type` = 'setting' and `key` = 'treatment_days_1' limit 1
2017-11-29 21:21:44: select * from `doctors` where `doctors`.`users_id` = 10 and `doctors`.`users_id` is not null and `doctors`.`deleted_at` is null limit 1
2017-11-29 21:21:54: select * from `users` where `id` = '9' and `users`.`deleted_at` is null limit 1
2017-11-29 21:21:54: select * from `doctors` where `doctors`.`users_id` = 9 and `doctors`.`users_id` is not null and `doctors`.`deleted_at` is null limit 1
2017-11-29 21:21:54: select count(*) as aggregate from `member_requests` where `member_requests`.`deleted_at` is null
2017-11-29 21:21:54: select count(*) as aggregate from `member_request_doctors` where `doctors_id` = '9'
2017-11-29 21:21:54: select count(*) as aggregate from `services` where `doctors_id` = '9' and `opened_at` is null and `services`.`deleted_at` is null
2017-11-29 21:21:54: select * from `messages` where `doctors_id` = '9' and `doctor_readed_at` is null and `visible` = 1 order by `created_at` desc
2017-11-29 21:21:54: select * from `parameters` where `type` = 'banner'
2017-11-29 21:21:54: select * from `parameters` where `type` = 'setting' and `key` = 'service_email' limit 1
2017-11-29 21:21:56: select * from `users` where `id` = '9' and `users`.`deleted_at` is null limit 1
2017-11-29 21:21:56: select * from `doctors` where `doctors`.`users_id` = 9 and `doctors`.`users_id` is not null and `doctors`.`deleted_at` is null limit 1
2017-11-29 21:22:10: select * from `users` where `id` = '9' and `users`.`deleted_at` is null limit 1
2017-11-29 21:22:10: select * from `doctors` where `doctors`.`users_id` = 9 and `doctors`.`users_id` is not null and `doctors`.`deleted_at` is null limit 1
2017-11-29 21:22:10: select count(*) as aggregate from `member_requests` where `member_requests`.`deleted_at` is null
2017-11-29 21:22:10: select count(*) as aggregate from `member_request_doctors` where `doctors_id` = '9'
2017-11-29 21:22:10: select count(*) as aggregate from `services` where `doctors_id` = '9' and `opened_at` is null and `services`.`deleted_at` is null
2017-11-29 21:22:10: select * from `messages` where `doctors_id` = '9' and `doctor_readed_at` is null and `visible` = 1 order by `created_at` desc
2017-11-29 21:22:10: select * from `parameters` where `type` = 'banner'
2017-11-29 21:22:10: select * from `parameters` where `type` = 'setting' and `key` = 'service_email' limit 1
2017-11-29 21:22:21: select * from `users` where `id` = '9' and `users`.`deleted_at` is null limit 1
2017-11-29 21:22:21: select * from `doctors` where `doctors`.`users_id` = 9 and `doctors`.`users_id` is not null and `doctors`.`deleted_at` is null limit 1
2017-11-29 21:22:21: select count(*) as aggregate from `member_requests` where `member_requests`.`deleted_at` is null
2017-11-29 21:22:21: select count(*) as aggregate from `member_request_doctors` where `doctors_id` = '9'
2017-11-29 21:22:21: select count(*) as aggregate from `services` where `doctors_id` = '9' and `opened_at` is null and `services`.`deleted_at` is null
2017-11-29 21:22:21: select * from `messages` where `doctors_id` = '9' and `doctor_readed_at` is null and `visible` = 1 order by `created_at` desc
2017-11-29 21:22:21: select * from `parameters` where `type` = 'banner'
2017-11-29 21:22:21: select * from `parameters` where `type` = 'setting' and `key` = 'service_email' limit 1
2017-11-29 21:22:23: select * from `users` where `id` = '9' and `login_type` = 2 and `status` = 1 and `users`.`deleted_at` is null limit 1
2017-11-29 21:22:23: select * from `doctors` where `doctors`.`users_id` in (9) and `doctors`.`deleted_at` is null
2017-11-29 21:22:23: select * from `services` where `doctors_id` = '9' and `members_id` is not null and `services`.`deleted_at` is null
2017-11-29 21:22:23: select * from `services` where `doctors_id` = '9' and `members_id` in (10) and `payment_status` in (0, 1) and `services`.`deleted_at` is null order by `created_at` desc
2017-11-29 21:22:23: select * from `users` where `login_type` = 1 and `users`.`id` in (10) and `users`.`deleted_at` is null
2017-11-29 21:22:23: select * from `parameters` where `type` = 'setting' and `key` = 'message_expire_time' limit 1
2017-11-29 21:22:23: select * from `messages` where `doctors_id` = 9 and `members_id` = 10 and `source` = 'member' order by `created_at` desc limit 1
2017-11-29 21:22:23: select * from `messages` where `doctors_id` = 9 and `members_id` = 10 and `source` = 'doctor' order by `created_at` desc limit 1
2017-11-29 21:22:23: update `services` set `opened_at` = '2017-11-29 21:22:23', `updated_at` = '2017-11-29 21:22:23' where `doctors_id` = '9' and `opened_at` is null and `services`.`deleted_at` is null
2017-11-29 21:22:23: select * from `parameters` where `type` = 'setting' and `key` = 'treatment_days_1' limit 1
2017-11-29 21:22:23: select * from `doctors` where `doctors`.`users_id` = 10 and `doctors`.`users_id` is not null and `doctors`.`deleted_at` is null limit 1
2017-11-29 21:22:35: select * from `users` where `id` = '9' and `users`.`deleted_at` is null limit 1
2017-11-29 21:22:35: select * from `doctors` where `doctors`.`users_id` = 9 and `doctors`.`users_id` is not null and `doctors`.`deleted_at` is null limit 1
2017-11-29 21:22:35: select count(*) as aggregate from `member_requests` where `member_requests`.`deleted_at` is null
2017-11-29 21:22:35: select count(*) as aggregate from `member_request_doctors` where `doctors_id` = '9'
2017-11-29 21:22:35: select count(*) as aggregate from `services` where `doctors_id` = '9' and `opened_at` is null and `services`.`deleted_at` is null
2017-11-29 21:22:35: select * from `messages` where `doctors_id` = '9' and `doctor_readed_at` is null and `visible` = 1 order by `created_at` desc
2017-11-29 21:22:35: select * from `parameters` where `type` = 'banner'
2017-11-29 21:22:35: select * from `parameters` where `type` = 'setting' and `key` = 'service_email' limit 1
2017-11-29 21:27:30: select * from `users` where `id` = '2' and `users`.`deleted_at` is null limit 1
2017-11-29 21:27:30: select * from `doctors` where `doctors`.`users_id` = 2 and `doctors`.`users_id` is not null and `doctors`.`deleted_at` is null limit 1
2017-11-29 21:27:30: select count(*) as aggregate from `member_requests` where `member_requests`.`deleted_at` is null
2017-11-29 21:27:30: select count(*) as aggregate from `member_request_doctors` where `doctors_id` = '2'
2017-11-29 21:27:30: select count(*) as aggregate from `services` where `doctors_id` = '2' and `opened_at` is null and `services`.`deleted_at` is null
2017-11-29 21:27:30: select * from `messages` where `doctors_id` = '2' and `doctor_readed_at` is null and `visible` = 1 order by `created_at` desc
2017-11-29 21:27:30: select * from `parameters` where `type` = 'banner'
2017-11-29 21:27:30: select * from `parameters` where `type` = 'setting' and `key` = 'service_email' limit 1
2017-11-29 21:27:35: select * from `users` where `id` = '2' and `users`.`deleted_at` is null limit 1
2017-11-29 21:27:35: select * from `doctors` where `doctors`.`users_id` = 2 and `doctors`.`users_id` is not null and `doctors`.`deleted_at` is null limit 1
2017-11-29 21:27:36: select * from `users` where `id` = '2' and `users`.`deleted_at` is null limit 1
2017-11-29 21:27:36: select * from `doctors` where `doctors`.`users_id` = 2 and `doctors`.`users_id` is not null and `doctors`.`deleted_at` is null limit 1
2017-11-29 21:27:36: select count(*) as aggregate from `member_requests` where `member_requests`.`deleted_at` is null
2017-11-29 21:27:36: select count(*) as aggregate from `member_request_doctors` where `doctors_id` = '2'
2017-11-29 21:27:36: select count(*) as aggregate from `services` where `doctors_id` = '2' and `opened_at` is null and `services`.`deleted_at` is null
2017-11-29 21:27:36: select * from `messages` where `doctors_id` = '2' and `doctor_readed_at` is null and `visible` = 1 order by `created_at` desc
2017-11-29 21:27:36: select * from `parameters` where `type` = 'banner'
2017-11-29 21:27:36: select * from `parameters` where `type` = 'setting' and `key` = 'service_email' limit 1
2017-11-29 21:27:37: select * from `users` where `id` = '2' and `login_type` = 2 and `status` = 1 and `users`.`deleted_at` is null limit 1
2017-11-29 21:27:37: select * from `doctors` where `doctors`.`users_id` in (2) and `doctors`.`deleted_at` is null
2017-11-29 21:27:37: select * from `services` where `doctors_id` = '2' and `members_id` is not null and `services`.`deleted_at` is null
2017-11-29 21:27:37: select * from `services` where `doctors_id` = '2' and 0 = 1 and `payment_status` in (0, 1) and `services`.`deleted_at` is null order by `created_at` desc
2017-11-29 21:27:37: select * from `parameters` where `type` = 'setting' and `key` = 'message_expire_time' limit 1
2017-11-29 21:27:37: update `services` set `opened_at` = '2017-11-29 21:27:37', `updated_at` = '2017-11-29 21:27:37' where `doctors_id` = '2' and `opened_at` is null and `services`.`deleted_at` is null
2017-11-29 21:27:39: select * from `users` where `id` = '2' and `users`.`deleted_at` is null limit 1
2017-11-29 21:27:39: select * from `doctors` where `doctors`.`users_id` = 2 and `doctors`.`users_id` is not null and `doctors`.`deleted_at` is null limit 1
2017-11-29 21:27:39: select count(*) as aggregate from `member_requests` where `member_requests`.`deleted_at` is null
2017-11-29 21:27:39: select count(*) as aggregate from `member_request_doctors` where `doctors_id` = '2'
2017-11-29 21:27:39: select count(*) as aggregate from `services` where `doctors_id` = '2' and `opened_at` is null and `services`.`deleted_at` is null
2017-11-29 21:27:39: select * from `messages` where `doctors_id` = '2' and `doctor_readed_at` is null and `visible` = 1 order by `created_at` desc
2017-11-29 21:27:39: select * from `parameters` where `type` = 'banner'
2017-11-29 21:27:39: select * from `parameters` where `type` = 'setting' and `key` = 'service_email' limit 1
2017-11-29 21:27:42: select * from `users` where `id` = '2' and `users`.`deleted_at` is null limit 1
2017-11-29 21:27:42: select * from `doctors` where `doctors`.`users_id` = 2 and `doctors`.`users_id` is not null and `doctors`.`deleted_at` is null limit 1
2017-11-29 21:27:44: select * from `users` where `id` = '2' and `users`.`deleted_at` is null limit 1
2017-11-29 21:27:44: select * from `doctors` where `doctors`.`users_id` = 2 and `doctors`.`users_id` is not null and `doctors`.`deleted_at` is null limit 1
2017-11-29 21:27:44: select count(*) as aggregate from `member_requests` where `member_requests`.`deleted_at` is null
2017-11-29 21:27:44: select count(*) as aggregate from `member_request_doctors` where `doctors_id` = '2'
2017-11-29 21:27:44: select count(*) as aggregate from `services` where `doctors_id` = '2' and `opened_at` is null and `services`.`deleted_at` is null
2017-11-29 21:27:44: select * from `messages` where `doctors_id` = '2' and `doctor_readed_at` is null and `visible` = 1 order by `created_at` desc
2017-11-29 21:27:44: select * from `parameters` where `type` = 'banner'
2017-11-29 21:27:44: select * from `parameters` where `type` = 'setting' and `key` = 'service_email' limit 1
2017-11-29 21:42:17: select count(*) as aggregate from `users` where `id` = '40'
2017-11-29 21:42:29: select count(*) as aggregate from `users` where `id` = '40'
2017-11-29 21:42:29: select count(*) as aggregate from `users` where `id` = '40'
2017-11-29 21:42:38: select count(*) as aggregate from `users` where `id` = '40'
2017-11-29 21:42:38: select count(*) as aggregate from `users` where `id` = '40'
2017-11-29 21:42:45: select count(*) as aggregate from `users` where `id` = '40'
2017-11-29 21:42:45: select count(*) as aggregate from `users` where `id` = '40'
2017-11-29 21:43:44: select * from `users` where `id` = '9' and `users`.`deleted_at` is null limit 1
2017-11-29 21:43:44: select * from `doctors` where `doctors`.`users_id` = 9 and `doctors`.`users_id` is not null and `doctors`.`deleted_at` is null limit 1
2017-11-29 21:43:56: select * from `users` where `id` = '9' and `users`.`deleted_at` is null limit 1
2017-11-29 21:43:56: select * from `doctors` where `doctors`.`users_id` = 9 and `doctors`.`users_id` is not null and `doctors`.`deleted_at` is null limit 1
2017-11-29 21:43:56: select count(*) as aggregate from `member_requests` where `member_requests`.`deleted_at` is null
2017-11-29 21:43:56: select count(*) as aggregate from `member_request_doctors` where `doctors_id` = '9'
2017-11-29 21:43:56: select count(*) as aggregate from `services` where `doctors_id` = '9' and `opened_at` is null and `services`.`deleted_at` is null
2017-11-29 21:43:56: select * from `messages` where `doctors_id` = '9' and `doctor_readed_at` is null and `visible` = 1 order by `created_at` desc
2017-11-29 21:43:56: select * from `parameters` where `type` = 'banner'
2017-11-29 21:43:56: select * from `parameters` where `type` = 'setting' and `key` = 'service_email' limit 1
2017-11-29 21:43:57: select * from `users` where `id` = '9' and `login_type` = 2 and `status` = 1 and `users`.`deleted_at` is null limit 1
2017-11-29 21:43:57: select * from `doctors` where `doctors`.`users_id` in (9) and `doctors`.`deleted_at` is null
2017-11-29 21:43:57: select * from `services` where `doctors_id` = '9' and `members_id` is not null and `services`.`deleted_at` is null
2017-11-29 21:43:57: select * from `services` where `doctors_id` = '9' and `members_id` in (10) and `payment_status` in (0, 1) and `services`.`deleted_at` is null order by `created_at` desc
2017-11-29 21:43:57: select * from `users` where `login_type` = 1 and `users`.`id` in (10) and `users`.`deleted_at` is null
2017-11-29 21:43:57: select * from `parameters` where `type` = 'setting' and `key` = 'message_expire_time' limit 1
2017-11-29 21:43:57: select * from `messages` where `doctors_id` = 9 and `members_id` = 10 and `source` = 'member' order by `created_at` desc limit 1
2017-11-29 21:43:57: select * from `messages` where `doctors_id` = 9 and `members_id` = 10 and `source` = 'doctor' order by `created_at` desc limit 1
2017-11-29 21:43:57: update `services` set `opened_at` = '2017-11-29 21:43:57', `updated_at` = '2017-11-29 21:43:57' where `doctors_id` = '9' and `opened_at` is null and `services`.`deleted_at` is null
2017-11-29 21:43:57: select * from `parameters` where `type` = 'setting' and `key` = 'treatment_days_1' limit 1
2017-11-29 21:43:57: select * from `doctors` where `doctors`.`users_id` = 10 and `doctors`.`users_id` is not null and `doctors`.`deleted_at` is null limit 1
2017-11-29 21:44:09: select * from `users` where `id` = '9' and `users`.`deleted_at` is null limit 1
2017-11-29 21:44:09: select * from `doctors` where `doctors`.`users_id` = 9 and `doctors`.`users_id` is not null and `doctors`.`deleted_at` is null limit 1
2017-11-29 21:44:09: select count(*) as aggregate from `member_requests` where `member_requests`.`deleted_at` is null
2017-11-29 21:44:09: select count(*) as aggregate from `member_request_doctors` where `doctors_id` = '9'
2017-11-29 21:44:09: select count(*) as aggregate from `services` where `doctors_id` = '9' and `opened_at` is null and `services`.`deleted_at` is null
2017-11-29 21:44:09: select * from `messages` where `doctors_id` = '9' and `doctor_readed_at` is null and `visible` = 1 order by `created_at` desc
2017-11-29 21:44:09: select * from `parameters` where `type` = 'banner'
2017-11-29 21:44:09: select * from `parameters` where `type` = 'setting' and `key` = 'service_email' limit 1
2017-11-29 21:44:10: select * from `users` where `id` = '9' and `login_type` = 2 and `status` = 1 and `users`.`deleted_at` is null limit 1
2017-11-29 21:44:10: select * from `doctors` where `doctors`.`users_id` in (9) and `doctors`.`deleted_at` is null
2017-11-29 21:44:10: select * from `services` where `doctors_id` = '9' and `members_id` is not null and `services`.`deleted_at` is null
2017-11-29 21:44:10: select * from `services` where `doctors_id` = '9' and `members_id` in (10) and `payment_status` = 1 and `services`.`deleted_at` is null order by `created_at` desc
2017-11-29 21:44:10: select * from `users` where `login_type` = 1 and `users`.`id` in (10) and `users`.`deleted_at` is null
2017-11-29 21:44:10: select * from `parameters` where `type` = 'setting' and `key` = 'treatment_days_1' limit 1
2017-11-29 21:44:10: select * from `parameters` where `type` = 'setting' and `key` = 'message_expire_time' limit 1
2017-11-29 21:44:10: select * from `messages` where `doctors_id` = 9 and `members_id` = 10 and `source` = 'member' order by `created_at` desc limit 1
2017-11-29 21:44:10: select * from `messages` where `doctors_id` = 9 and `members_id` = 10 and `source` = 'doctor' order by `created_at` desc limit 1
2017-11-29 21:44:10: update `services` set `opened_at` = '2017-11-29 21:44:10', `updated_at` = '2017-11-29 21:44:10' where `doctors_id` = '9' and `opened_at` is null and `services`.`deleted_at` is null
2017-11-29 21:44:10: select * from `parameters` where `type` = 'setting' and `key` = 'treatment_days_1' limit 1
2017-11-29 21:44:10: select * from `doctors` where `doctors`.`users_id` = 10 and `doctors`.`users_id` is not null and `doctors`.`deleted_at` is null limit 1
2017-11-29 21:44:15: select * from `users` where `id` = '9' and `users`.`deleted_at` is null limit 1
2017-11-29 21:44:15: select * from `doctors` where `doctors`.`users_id` = 9 and `doctors`.`users_id` is not null and `doctors`.`deleted_at` is null limit 1
2017-11-29 21:44:15: select count(*) as aggregate from `member_requests` where `member_requests`.`deleted_at` is null
2017-11-29 21:44:15: select count(*) as aggregate from `member_request_doctors` where `doctors_id` = '9'
2017-11-29 21:44:15: select count(*) as aggregate from `services` where `doctors_id` = '9' and `opened_at` is null and `services`.`deleted_at` is null
2017-11-29 21:44:15: select * from `messages` where `doctors_id` = '9' and `doctor_readed_at` is null and `visible` = 1 order by `created_at` desc
2017-11-29 21:44:15: select * from `parameters` where `type` = 'banner'
2017-11-29 21:44:15: select * from `parameters` where `type` = 'setting' and `key` = 'service_email' limit 1
2017-11-29 21:45:57: select * from `users` where `id` = '9' and `login_type` = 2 and `status` = 1 and `users`.`deleted_at` is null limit 1
2017-11-29 21:45:57: select * from `doctors` where `doctors`.`users_id` in (9) and `doctors`.`deleted_at` is null
2017-11-29 21:45:57: select * from `services` where `doctors_id` = '9' and `members_id` is not null and `services`.`deleted_at` is null
2017-11-29 21:45:57: select * from `services` where `doctors_id` = '9' and `members_id` in (10) and `payment_status` in (0, 1) and `services`.`deleted_at` is null order by `created_at` desc
2017-11-29 21:45:57: select * from `users` where `login_type` = 1 and `users`.`id` in (10) and `users`.`deleted_at` is null
2017-11-29 21:45:57: select * from `parameters` where `type` = 'setting' and `key` = 'message_expire_time' limit 1
2017-11-29 21:45:57: select * from `messages` where `doctors_id` = 9 and `members_id` = 10 and `source` = 'member' order by `created_at` desc limit 1
2017-11-29 21:45:57: select * from `messages` where `doctors_id` = 9 and `members_id` = 10 and `source` = 'doctor' order by `created_at` desc limit 1
2017-11-29 21:45:57: update `services` set `opened_at` = '2017-11-29 21:45:57', `updated_at` = '2017-11-29 21:45:57' where `doctors_id` = '9' and `opened_at` is null and `services`.`deleted_at` is null
2017-11-29 21:45:57: select * from `parameters` where `type` = 'setting' and `key` = 'treatment_days_1' limit 1
2017-11-29 21:45:57: select * from `doctors` where `doctors`.`users_id` = 10 and `doctors`.`users_id` is not null and `doctors`.`deleted_at` is null limit 1
