2017-11-14 13:34:22: select * from `users` where `id` = '3' and `users`.`deleted_at` is null limit 1
2017-11-14 13:34:22: select * from `doctors` where `doctors`.`users_id` = 3 and `doctors`.`users_id` is not null and `doctors`.`deleted_at` is null limit 1
2017-11-14 13:34:22: select count(*) as aggregate from `member_requests` where `member_requests`.`deleted_at` is null
2017-11-14 13:34:22: select count(*) as aggregate from `member_request_doctors` where `doctors_id` = '3'
2017-11-14 13:34:22: select count(*) as aggregate from `services` where `doctors_id` = '3' and `opened_at` is null and `services`.`deleted_at` is null
2017-11-14 13:34:22: select * from `messages` where `doctors_id` = '3' and `doctor_readed_at` is null and `visible` = 1 order by `created_at` desc
2017-11-14 13:34:22: select * from `parameters` where `type` = 'banner'
2017-11-14 13:34:22: select * from `parameters` where `type` = 'setting' and `key` = 'service_email' limit 1
2017-11-14 13:34:26: select * from `users` where `id` = '3' and `users`.`deleted_at` is null limit 1
2017-11-14 13:34:26: select * from `doctors` where `doctors`.`users_id` = 3 and `doctors`.`users_id` is not null and `doctors`.`deleted_at` is null limit 1
2017-11-14 13:34:30: select * from `users` where `id` = '3' and `users`.`deleted_at` is null limit 1
2017-11-14 13:34:30: select * from `doctors` where `doctors`.`users_id` = 3 and `doctors`.`users_id` is not null and `doctors`.`deleted_at` is null limit 1
2017-11-14 13:34:30: select count(*) as aggregate from `member_requests` where `member_requests`.`deleted_at` is null
2017-11-14 13:34:30: select count(*) as aggregate from `member_request_doctors` where `doctors_id` = '3'
2017-11-14 13:34:30: select count(*) as aggregate from `services` where `doctors_id` = '3' and `opened_at` is null and `services`.`deleted_at` is null
2017-11-14 13:34:30: select * from `messages` where `doctors_id` = '3' and `doctor_readed_at` is null and `visible` = 1 order by `created_at` desc
2017-11-14 13:34:30: select * from `parameters` where `type` = 'banner'
2017-11-14 13:34:30: select * from `parameters` where `type` = 'setting' and `key` = 'service_email' limit 1
2017-11-14 13:34:31: select * from `users` where `id` = '3' and `login_type` = 2 and `status` = 1 and `users`.`deleted_at` is null limit 1
2017-11-14 13:34:31: select * from `doctors` where `doctors`.`users_id` in (3) and `doctors`.`deleted_at` is null
2017-11-14 13:34:31: select * from `services` where `doctors_id` = '3' and `members_id` is not null and `services`.`deleted_at` is null
2017-11-14 13:34:31: select * from `services` where `doctors_id` = '3' and `members_id` in (9) and `payment_status` in (0, 1) and `services`.`deleted_at` is null order by `created_at` desc
2017-11-14 13:34:31: select * from `users` where `login_type` = 1 and `users`.`id` in (9) and `users`.`deleted_at` is null
2017-11-14 13:34:31: select * from `parameters` where `type` = 'setting' and `key` = 'message_expire_time' limit 1
2017-11-14 13:34:31: select * from `messages` where `doctors_id` = 3 and `members_id` = 9 and `source` = 'member' order by `created_at` desc limit 1
2017-11-14 13:34:31: select * from `messages` where `doctors_id` = 3 and `members_id` = 9 and `source` = 'doctor' order by `created_at` desc limit 1
2017-11-14 13:34:31: update `services` set `opened_at` = '2017-11-14 13:34:31', `updated_at` = '2017-11-14 13:34:31' where `doctors_id` = '3' and `opened_at` is null and `services`.`deleted_at` is null
2017-11-14 13:34:31: select * from `doctors` where `doctors`.`users_id` = 9 and `doctors`.`users_id` is not null and `doctors`.`deleted_at` is null limit 1
2017-11-14 13:34:33: select * from `users` where `id` = '3' and `users`.`deleted_at` is null limit 1
2017-11-14 13:34:33: select * from `doctors` where `doctors`.`users_id` = 3 and `doctors`.`users_id` is not null and `doctors`.`deleted_at` is null limit 1
2017-11-14 13:34:33: select count(*) as aggregate from `member_requests` where `member_requests`.`deleted_at` is null
2017-11-14 13:34:33: select count(*) as aggregate from `member_request_doctors` where `doctors_id` = '3'
2017-11-14 13:34:33: select count(*) as aggregate from `services` where `doctors_id` = '3' and `opened_at` is null and `services`.`deleted_at` is null
2017-11-14 13:34:33: select * from `messages` where `doctors_id` = '3' and `doctor_readed_at` is null and `visible` = 1 order by `created_at` desc
2017-11-14 13:34:33: select * from `parameters` where `type` = 'banner'
2017-11-14 13:34:33: select * from `parameters` where `type` = 'setting' and `key` = 'service_email' limit 1
2017-11-14 13:38:36: select * from `users` where `id` = '3' and `users`.`deleted_at` is null limit 1
2017-11-14 13:38:36: select * from `doctors` where `doctors`.`users_id` = 3 and `doctors`.`users_id` is not null and `doctors`.`deleted_at` is null limit 1
2017-11-14 13:38:36: select count(*) as aggregate from `member_requests` where `member_requests`.`deleted_at` is null
2017-11-14 13:38:36: select count(*) as aggregate from `member_request_doctors` where `doctors_id` = '3'
2017-11-14 13:38:36: select count(*) as aggregate from `services` where `doctors_id` = '3' and `opened_at` is null and `services`.`deleted_at` is null
2017-11-14 13:38:36: select * from `messages` where `doctors_id` = '3' and `doctor_readed_at` is null and `visible` = 1 order by `created_at` desc
2017-11-14 13:38:36: select * from `parameters` where `type` = 'banner'
2017-11-14 13:38:36: select * from `parameters` where `type` = 'setting' and `key` = 'service_email' limit 1
2017-11-14 13:43:16: select count(*) as aggregate from `users` where `id` = '9'
2017-11-14 13:43:16: select * from `users` where `id` = '9' and `users`.`deleted_at` is null limit 1
2017-11-14 13:43:16: select * from `users` where `city_id` = 1 and `login_type` = '2' and `online` = 1 and `users`.`deleted_at` is null order by `online_at` desc
2017-11-14 13:43:16: select * from `messages` where `source` = 'doctor' and `started_at` is not null and `messages`.`doctors_id` in (3, 6, 8, 22, 25, 28, 30, 34, 36, 39, 42) and `members_id` = '9' order by `started_at` desc
2017-11-14 13:43:16: select * from `doctors` where `users_id` = 3 and `doctors`.`deleted_at` is null limit 1
2017-11-14 13:43:16: select * from `services` where `members_id` = '9' and `payment_status` = 1 and `services`.`deleted_at` is null order by `id` desc limit 1
2017-11-14 13:43:16: select * from `doctors` where `users_id` = 34 and `doctors`.`deleted_at` is null limit 1
2017-11-14 13:43:16: select * from `services` where `members_id` = '9' and `payment_status` = 1 and `services`.`deleted_at` is null order by `id` desc limit 1
2017-11-14 13:43:16: select * from `doctors` where `users_id` = 36 and `doctors`.`deleted_at` is null limit 1
2017-11-14 13:43:16: select * from `services` where `members_id` = '9' and `payment_status` = 1 and `services`.`deleted_at` is null order by `id` desc limit 1
2017-11-14 13:43:16: select * from `doctors` where `users_id` = 39 and `doctors`.`deleted_at` is null limit 1
2017-11-14 13:43:16: select * from `services` where `members_id` = '9' and `payment_status` = 1 and `services`.`deleted_at` is null order by `id` desc limit 1
2017-11-14 13:43:16: select * from `doctors` where `users_id` = 30 and `doctors`.`deleted_at` is null limit 1
2017-11-14 13:43:16: select * from `services` where `members_id` = '9' and `payment_status` = 1 and `services`.`deleted_at` is null order by `id` desc limit 1
2017-11-14 13:43:16: select * from `doctors` where `users_id` = 8 and `doctors`.`deleted_at` is null limit 1
2017-11-14 13:43:16: select * from `services` where `members_id` = '9' and `payment_status` = 1 and `services`.`deleted_at` is null order by `id` desc limit 1
2017-11-14 13:43:16: select * from `doctors` where `users_id` = 22 and `doctors`.`deleted_at` is null limit 1
2017-11-14 13:43:16: select * from `services` where `members_id` = '9' and `payment_status` = 1 and `services`.`deleted_at` is null order by `id` desc limit 1
2017-11-14 13:43:16: select * from `doctors` where `users_id` = 42 and `doctors`.`deleted_at` is null limit 1
2017-11-14 13:43:16: select * from `services` where `members_id` = '9' and `payment_status` = 1 and `services`.`deleted_at` is null order by `id` desc limit 1
2017-11-14 13:43:16: select * from `doctors` where `users_id` = 25 and `doctors`.`deleted_at` is null limit 1
2017-11-14 13:43:16: select * from `services` where `members_id` = '9' and `payment_status` = 1 and `services`.`deleted_at` is null order by `id` desc limit 1
2017-11-14 13:43:16: select * from `doctors` where `users_id` = 28 and `doctors`.`deleted_at` is null limit 1
2017-11-14 13:43:16: select * from `services` where `members_id` = '9' and `payment_status` = 1 and `services`.`deleted_at` is null order by `id` desc limit 1
2017-11-14 13:43:16: select * from `doctors` where `users_id` = 6 and `doctors`.`deleted_at` is null limit 1
2017-11-14 13:43:16: select * from `services` where `members_id` = '9' and `payment_status` = 1 and `services`.`deleted_at` is null order by `id` desc limit 1
2017-11-14 13:43:59: select * from `users` where `id` = '3' and `users`.`deleted_at` is null limit 1
2017-11-14 13:43:59: select * from `doctors` where `doctors`.`users_id` = 3 and `doctors`.`users_id` is not null and `doctors`.`deleted_at` is null limit 1
2017-11-14 13:43:59: select count(*) as aggregate from `member_requests` where `member_requests`.`deleted_at` is null
2017-11-14 13:43:59: select count(*) as aggregate from `member_request_doctors` where `doctors_id` = '3'
2017-11-14 13:43:59: select count(*) as aggregate from `services` where `doctors_id` = '3' and `opened_at` is null and `services`.`deleted_at` is null
2017-11-14 13:43:59: select * from `messages` where `doctors_id` = '3' and `doctor_readed_at` is null and `visible` = 1 order by `created_at` desc
2017-11-14 13:43:59: select * from `parameters` where `type` = 'banner'
2017-11-14 13:43:59: select * from `parameters` where `type` = 'setting' and `key` = 'service_email' limit 1
2017-11-14 13:44:11: select * from `users` where `id` = '3' and `users`.`deleted_at` is null limit 1
2017-11-14 13:44:11: select * from `doctors` where `doctors`.`users_id` = 3 and `doctors`.`users_id` is not null and `doctors`.`deleted_at` is null limit 1
2017-11-14 13:44:11: select count(*) as aggregate from `member_requests` where `member_requests`.`deleted_at` is null
2017-11-14 13:44:11: select count(*) as aggregate from `member_request_doctors` where `doctors_id` = '3'
2017-11-14 13:44:11: select count(*) as aggregate from `services` where `doctors_id` = '3' and `opened_at` is null and `services`.`deleted_at` is null
2017-11-14 13:44:11: select * from `messages` where `doctors_id` = '3' and `doctor_readed_at` is null and `visible` = 1 order by `created_at` desc
2017-11-14 13:44:11: select * from `parameters` where `type` = 'banner'
2017-11-14 13:44:11: select * from `parameters` where `type` = 'setting' and `key` = 'service_email' limit 1
2017-11-14 13:44:12: select * from `users` where `id` = '3' and `login_type` = 2 and `status` = 1 and `users`.`deleted_at` is null limit 1
2017-11-14 13:44:12: select * from `doctors` where `doctors`.`users_id` in (3) and `doctors`.`deleted_at` is null
2017-11-14 13:44:12: select * from `services` where `doctors_id` = '3' and `members_id` is not null and `services`.`deleted_at` is null
2017-11-14 13:44:12: select * from `services` where `doctors_id` = '3' and `members_id` in (9) and `payment_status` = 1 and `services`.`deleted_at` is null order by `created_at` desc
2017-11-14 13:44:12: select * from `parameters` where `type` = 'setting' and `key` = 'message_expire_time' limit 1
2017-11-14 13:44:12: update `services` set `opened_at` = '2017-11-14 13:44:12', `updated_at` = '2017-11-14 13:44:12' where `doctors_id` = '3' and `opened_at` is null and `services`.`deleted_at` is null
2017-11-14 13:44:13: select * from `users` where `id` = '3' and `users`.`deleted_at` is null limit 1
2017-11-14 13:44:13: select * from `doctors` where `doctors`.`users_id` = 3 and `doctors`.`users_id` is not null and `doctors`.`deleted_at` is null limit 1
2017-11-14 13:44:13: select count(*) as aggregate from `member_requests` where `member_requests`.`deleted_at` is null
2017-11-14 13:44:13: select count(*) as aggregate from `member_request_doctors` where `doctors_id` = '3'
2017-11-14 13:44:13: select count(*) as aggregate from `services` where `doctors_id` = '3' and `opened_at` is null and `services`.`deleted_at` is null
2017-11-14 13:44:13: select * from `messages` where `doctors_id` = '3' and `doctor_readed_at` is null and `visible` = 1 order by `created_at` desc
2017-11-14 13:44:13: select * from `parameters` where `type` = 'banner'
2017-11-14 13:44:13: select * from `parameters` where `type` = 'setting' and `key` = 'service_email' limit 1
2017-11-14 13:44:15: select * from `users` where `id` = '3' and `login_type` = 2 and `status` = 1 and `users`.`deleted_at` is null limit 1
2017-11-14 13:44:15: select * from `doctors` where `doctors`.`users_id` in (3) and `doctors`.`deleted_at` is null
2017-11-14 13:44:15: select * from `services` where `doctors_id` = '3' and `members_id` is not null and `services`.`deleted_at` is null
2017-11-14 13:44:15: select * from `services` where `doctors_id` = '3' and `members_id` in (9) and `payment_status` in (0, 1) and `services`.`deleted_at` is null order by `created_at` desc
2017-11-14 13:44:15: select * from `users` where `login_type` = 1 and `users`.`id` in (9) and `users`.`deleted_at` is null
2017-11-14 13:44:15: select * from `parameters` where `type` = 'setting' and `key` = 'message_expire_time' limit 1
2017-11-14 13:44:15: select * from `messages` where `doctors_id` = 3 and `members_id` = 9 and `source` = 'member' order by `created_at` desc limit 1
2017-11-14 13:44:15: select * from `messages` where `doctors_id` = 3 and `members_id` = 9 and `source` = 'doctor' order by `created_at` desc limit 1
2017-11-14 13:44:15: update `services` set `opened_at` = '2017-11-14 13:44:15', `updated_at` = '2017-11-14 13:44:15' where `doctors_id` = '3' and `opened_at` is null and `services`.`deleted_at` is null
2017-11-14 13:44:15: select * from `doctors` where `doctors`.`users_id` = 9 and `doctors`.`users_id` is not null and `doctors`.`deleted_at` is null limit 1
2017-11-14 13:44:18: select * from `users` where `id` = '3' and `users`.`deleted_at` is null limit 1
2017-11-14 13:44:18: select * from `doctors` where `doctors`.`users_id` = 3 and `doctors`.`users_id` is not null and `doctors`.`deleted_at` is null limit 1
2017-11-14 13:44:18: select count(*) as aggregate from `member_requests` where `member_requests`.`deleted_at` is null
2017-11-14 13:44:18: select count(*) as aggregate from `member_request_doctors` where `doctors_id` = '3'
2017-11-14 13:44:18: select count(*) as aggregate from `services` where `doctors_id` = '3' and `opened_at` is null and `services`.`deleted_at` is null
2017-11-14 13:44:18: select * from `messages` where `doctors_id` = '3' and `doctor_readed_at` is null and `visible` = 1 order by `created_at` desc
2017-11-14 13:44:18: select * from `parameters` where `type` = 'banner'
2017-11-14 13:44:18: select * from `parameters` where `type` = 'setting' and `key` = 'service_email' limit 1
2017-11-14 13:44:19: select * from `users` where `id` = '3' and `login_type` = 2 and `status` = 1 and `users`.`deleted_at` is null limit 1
2017-11-14 13:44:19: select * from `doctors` where `doctors`.`users_id` in (3) and `doctors`.`deleted_at` is null
2017-11-14 13:44:19: select * from `services` where `doctors_id` = '3' and `members_id` is not null and `services`.`deleted_at` is null
2017-11-14 13:44:19: select * from `services` where `doctors_id` = '3' and `members_id` in (9) and `payment_status` in (0, 1) and `services`.`deleted_at` is null order by `created_at` desc
2017-11-14 13:44:19: select * from `users` where `login_type` = 1 and `users`.`id` in (9) and `users`.`deleted_at` is null
2017-11-14 13:44:19: select * from `parameters` where `type` = 'setting' and `key` = 'message_expire_time' limit 1
2017-11-14 13:44:19: select * from `messages` where `doctors_id` = 3 and `members_id` = 9 and `source` = 'member' order by `created_at` desc limit 1
2017-11-14 13:44:19: select * from `messages` where `doctors_id` = 3 and `members_id` = 9 and `source` = 'doctor' order by `created_at` desc limit 1
2017-11-14 13:44:19: update `services` set `opened_at` = '2017-11-14 13:44:19', `updated_at` = '2017-11-14 13:44:19' where `doctors_id` = '3' and `opened_at` is null and `services`.`deleted_at` is null
2017-11-14 13:44:19: select * from `doctors` where `doctors`.`users_id` = 9 and `doctors`.`users_id` is not null and `doctors`.`deleted_at` is null limit 1
2017-11-14 14:22:18: select * from `users` where `id` = '3' and `users`.`deleted_at` is null limit 1
2017-11-14 14:22:18: select * from `doctors` where `doctors`.`users_id` = 3 and `doctors`.`users_id` is not null and `doctors`.`deleted_at` is null limit 1
2017-11-14 14:22:18: select count(*) as aggregate from `member_requests` where `member_requests`.`deleted_at` is null
2017-11-14 14:22:18: select count(*) as aggregate from `member_request_doctors` where `doctors_id` = '3'
2017-11-14 14:22:18: select count(*) as aggregate from `services` where `doctors_id` = '3' and `opened_at` is null and `services`.`deleted_at` is null
2017-11-14 14:22:18: select * from `messages` where `doctors_id` = '3' and `doctor_readed_at` is null and `visible` = 1 order by `created_at` desc
2017-11-14 14:22:18: select * from `parameters` where `type` = 'banner'
2017-11-14 14:22:18: select * from `parameters` where `type` = 'setting' and `key` = 'service_email' limit 1
2017-11-14 14:22:19: select * from `users` where `id` = '3' and `users`.`deleted_at` is null limit 1
2017-11-14 14:22:19: select * from `doctors` where `doctors`.`users_id` = 3 and `doctors`.`users_id` is not null and `doctors`.`deleted_at` is null limit 1
2017-11-14 14:23:42: select * from `users` where `id` = '3' and `users`.`deleted_at` is null limit 1
2017-11-14 14:23:42: select * from `doctors` where `doctors`.`users_id` = 3 and `doctors`.`users_id` is not null and `doctors`.`deleted_at` is null limit 1
2017-11-14 14:23:42: select count(*) as aggregate from `member_requests` where `member_requests`.`deleted_at` is null
2017-11-14 14:23:42: select count(*) as aggregate from `member_request_doctors` where `doctors_id` = '3'
2017-11-14 14:23:42: select count(*) as aggregate from `services` where `doctors_id` = '3' and `opened_at` is null and `services`.`deleted_at` is null
2017-11-14 14:23:42: select * from `messages` where `doctors_id` = '3' and `doctor_readed_at` is null and `visible` = 1 order by `created_at` desc
2017-11-14 14:23:42: select * from `parameters` where `type` = 'banner'
2017-11-14 14:23:42: select * from `parameters` where `type` = 'setting' and `key` = 'service_email' limit 1
