2017-09-25 12:22:25: select * from `users` where `id` = '8' and `users`.`deleted_at` is null limit 1
2017-09-25 12:22:25: select * from `doctors` where `doctors`.`users_id` = 8 and `doctors`.`users_id` is not null and `doctors`.`deleted_at` is null limit 1
2017-09-25 12:22:25: select count(*) as aggregate from `member_requests` where `member_requests`.`deleted_at` is null
2017-09-25 12:22:25: select count(*) as aggregate from `member_request_doctors` where `doctors_id` = '8'
2017-09-25 12:22:25: select count(*) as aggregate from `services` where `doctors_id` = '8' and `opened_at` is null and `services`.`deleted_at` is null
2017-09-25 12:22:25: select * from `messages` where `doctors_id` = '8' and `doctor_readed_at` is null and `visible` = 1 order by `created_at` desc
2017-09-25 12:22:25: select * from `parameters` where `type` = 'banner'
2017-09-25 12:22:25: select * from `parameters` where `type` = 'setting' and `key` = 'service_email' limit 1
2017-09-25 12:23:10: select count(*) as aggregate from `users` where `id` = '9'
2017-09-25 12:23:10: select * from `users` where `id` = '9' and `users`.`deleted_at` is null limit 1
2017-09-25 12:23:10: select * from `users` where `city_id` = 1 and `district_id` = 103 and `login_type` = '2' and `online` = 1 and `users`.`deleted_at` is null order by `online_at` desc
2017-09-25 12:23:10: select * from `messages` where `source` = 'doctor' and `started_at` is not null and `messages`.`doctors_id` in (6, 8, 34) and `members_id` = '9' order by `started_at` desc
2017-09-25 12:23:10: select * from `doctors` where `users_id` = 8 and `doctors`.`deleted_at` is null limit 1
2017-09-25 12:23:10: select * from `services` where `members_id` = '9' and `doctors_id` = 8 and `payment_status` = 1 and `services`.`deleted_at` is null
2017-09-25 12:23:10: select * from `parameters` where `type` = 'setting' and `key` = 'treatment_days_1' limit 1
2017-09-25 12:23:10: select * from `parameters` where `type` = 'setting' and `key` = 'treatment_days_2' limit 1
2017-09-25 12:23:10: select * from `parameters` where `type` = 'setting' and `key` = 'treatment_days_1' limit 1
2017-09-25 12:23:10: select * from `parameters` where `type` = 'setting' and `key` = 'treatment_days_1' limit 1
2017-09-25 12:23:10: select * from `parameters` where `type` = 'setting' and `key` = 'treatment_days_1' limit 1
2017-09-25 12:23:10: select * from `parameters` where `type` = 'setting' and `key` = 'treatment_days_1' limit 1
2017-09-25 12:23:10: select * from `parameters` where `type` = 'setting' and `key` = 'treatment_days_1' limit 1
2017-09-25 12:23:10: select * from `parameters` where `type` = 'setting' and `key` = 'treatment_days_1' limit 1
2017-09-25 12:23:10: select * from `parameters` where `type` = 'setting' and `key` = 'treatment_days_1' limit 1
2017-09-25 12:23:10: select * from `parameters` where `type` = 'setting' and `key` = 'treatment_days_1' limit 1
2017-09-25 12:23:10: select * from `parameters` where `type` = 'setting' and `key` = 'treatment_days_1' limit 1
2017-09-25 12:23:10: select * from `doctors` where `users_id` = 34 and `doctors`.`deleted_at` is null limit 1
2017-09-25 12:23:10: select * from `services` where `members_id` = '9' and `doctors_id` = 34 and `payment_status` = 1 and `services`.`deleted_at` is null
2017-09-25 12:23:10: select * from `doctors` where `users_id` = 6 and `doctors`.`deleted_at` is null limit 1
2017-09-25 12:23:10: select * from `services` where `members_id` = '9' and `doctors_id` = 6 and `payment_status` = 1 and `services`.`deleted_at` is null
2017-09-25 12:23:49: select count(*) as aggregate from `users` where `id` = '9'
2017-09-25 12:23:49: select * from `users` where `id` = '9' and `users`.`deleted_at` is null limit 1
2017-09-25 12:23:49: select * from `users` where `city_id` = 1 and `district_id` = 103 and `login_type` = '2' and `online` = 1 and `users`.`deleted_at` is null order by `online_at` desc
2017-09-25 12:23:49: select * from `messages` where `source` = 'doctor' and `started_at` is not null and `messages`.`doctors_id` in (6, 8, 34) and `members_id` = '9' order by `started_at` desc
2017-09-25 12:23:49: select * from `doctors` where `users_id` = 8 and `doctors`.`deleted_at` is null limit 1
2017-09-25 12:23:49: select * from `services` where `members_id` = '9' and `doctors_id` = 8 and `payment_status` = 1 and `services`.`deleted_at` is null
2017-09-25 12:23:49: select * from `parameters` where `type` = 'setting' and `key` = 'treatment_days_1' limit 1
2017-09-25 12:23:49: select * from `parameters` where `type` = 'setting' and `key` = 'treatment_days_2' limit 1
2017-09-25 12:23:49: select * from `parameters` where `type` = 'setting' and `key` = 'treatment_days_1' limit 1
2017-09-25 12:23:49: select * from `parameters` where `type` = 'setting' and `key` = 'treatment_days_1' limit 1
2017-09-25 12:23:49: select * from `parameters` where `type` = 'setting' and `key` = 'treatment_days_1' limit 1
2017-09-25 12:23:49: select * from `parameters` where `type` = 'setting' and `key` = 'treatment_days_1' limit 1
2017-09-25 12:23:49: select * from `parameters` where `type` = 'setting' and `key` = 'treatment_days_1' limit 1
2017-09-25 12:23:49: select * from `parameters` where `type` = 'setting' and `key` = 'treatment_days_1' limit 1
2017-09-25 12:23:49: select * from `parameters` where `type` = 'setting' and `key` = 'treatment_days_1' limit 1
2017-09-25 12:23:49: select * from `parameters` where `type` = 'setting' and `key` = 'treatment_days_1' limit 1
2017-09-25 12:23:49: select * from `parameters` where `type` = 'setting' and `key` = 'treatment_days_1' limit 1
2017-09-25 12:23:49: select * from `doctors` where `users_id` = 34 and `doctors`.`deleted_at` is null limit 1
2017-09-25 12:23:49: select * from `services` where `members_id` = '9' and `doctors_id` = 34 and `payment_status` = 1 and `services`.`deleted_at` is null
2017-09-25 12:23:49: select * from `doctors` where `users_id` = 6 and `doctors`.`deleted_at` is null limit 1
2017-09-25 12:23:49: select * from `services` where `members_id` = '9' and `doctors_id` = 6 and `payment_status` = 1 and `services`.`deleted_at` is null
2017-09-25 12:25:36: select count(*) as aggregate from `users` where `id` = '9'
2017-09-25 12:25:36: select * from `users` where `id` = '9' and `users`.`deleted_at` is null limit 1
2017-09-25 12:25:36: select * from `users` where `city_id` = 1 and `district_id` = 103 and `login_type` = '2' and `online` = 1 and `users`.`deleted_at` is null order by `online_at` desc
2017-09-25 12:25:36: select * from `messages` where `source` = 'doctor' and `started_at` is not null and `messages`.`doctors_id` in (6, 8, 34) and `members_id` = '9' order by `started_at` desc
2017-09-25 12:25:36: select * from `doctors` where `users_id` = 8 and `doctors`.`deleted_at` is null limit 1
2017-09-25 12:25:36: select * from `services` where `members_id` = '9' and `doctors_id` = 8 and `payment_status` = 1 and `services`.`deleted_at` is null
2017-09-25 12:25:36: select * from `parameters` where `type` = 'setting' and `key` = 'treatment_days_1' limit 1
2017-09-25 12:25:36: select * from `parameters` where `type` = 'setting' and `key` = 'treatment_days_2' limit 1
2017-09-25 12:25:36: select * from `parameters` where `type` = 'setting' and `key` = 'treatment_days_1' limit 1
2017-09-25 12:25:36: select * from `parameters` where `type` = 'setting' and `key` = 'treatment_days_1' limit 1
2017-09-25 12:25:36: select * from `parameters` where `type` = 'setting' and `key` = 'treatment_days_1' limit 1
2017-09-25 12:25:36: select * from `parameters` where `type` = 'setting' and `key` = 'treatment_days_1' limit 1
2017-09-25 12:25:36: select * from `parameters` where `type` = 'setting' and `key` = 'treatment_days_1' limit 1
2017-09-25 12:25:36: select * from `parameters` where `type` = 'setting' and `key` = 'treatment_days_1' limit 1
2017-09-25 12:25:36: select * from `parameters` where `type` = 'setting' and `key` = 'treatment_days_1' limit 1
2017-09-25 12:25:36: select * from `parameters` where `type` = 'setting' and `key` = 'treatment_days_1' limit 1
2017-09-25 12:25:36: select * from `parameters` where `type` = 'setting' and `key` = 'treatment_days_1' limit 1
2017-09-25 12:25:36: select * from `doctors` where `users_id` = 34 and `doctors`.`deleted_at` is null limit 1
2017-09-25 12:25:36: select * from `services` where `members_id` = '9' and `doctors_id` = 34 and `payment_status` = 1 and `services`.`deleted_at` is null
2017-09-25 12:25:36: select * from `doctors` where `users_id` = 6 and `doctors`.`deleted_at` is null limit 1
2017-09-25 12:25:36: select * from `services` where `members_id` = '9' and `doctors_id` = 6 and `payment_status` = 1 and `services`.`deleted_at` is null
2017-09-25 12:26:08: select count(*) as aggregate from `users` where `id` = '9'
2017-09-25 12:26:08: select * from `users` where `id` = '9' and `users`.`deleted_at` is null limit 1
2017-09-25 12:26:08: select * from `users` where `city_id` = 1 and `district_id` = 103 and `login_type` = '2' and `online` = 1 and `users`.`deleted_at` is null order by `online_at` desc
2017-09-25 12:26:08: select * from `messages` where `source` = 'doctor' and `started_at` is not null and `messages`.`doctors_id` in (6, 8, 34) and `members_id` = '9' order by `started_at` desc
2017-09-25 12:26:08: select * from `doctors` where `users_id` = 8 and `doctors`.`deleted_at` is null limit 1
2017-09-25 12:26:08: select * from `services` where `members_id` = '9' and `doctors_id` = 8 and `payment_status` = 1 and `services`.`deleted_at` is null
2017-09-25 12:26:08: select * from `parameters` where `type` = 'setting' and `key` = 'treatment_days_1' limit 1
2017-09-25 12:26:08: select * from `parameters` where `type` = 'setting' and `key` = 'treatment_days_2' limit 1
2017-09-25 12:26:08: select * from `parameters` where `type` = 'setting' and `key` = 'treatment_days_1' limit 1
2017-09-25 12:26:08: select * from `parameters` where `type` = 'setting' and `key` = 'treatment_days_1' limit 1
2017-09-25 12:26:08: select * from `parameters` where `type` = 'setting' and `key` = 'treatment_days_1' limit 1
2017-09-25 12:26:08: select * from `parameters` where `type` = 'setting' and `key` = 'treatment_days_1' limit 1
2017-09-25 12:26:08: select * from `parameters` where `type` = 'setting' and `key` = 'treatment_days_1' limit 1
2017-09-25 12:26:08: select * from `parameters` where `type` = 'setting' and `key` = 'treatment_days_1' limit 1
2017-09-25 12:26:08: select * from `parameters` where `type` = 'setting' and `key` = 'treatment_days_1' limit 1
2017-09-25 12:26:08: select * from `parameters` where `type` = 'setting' and `key` = 'treatment_days_1' limit 1
2017-09-25 12:26:08: select * from `parameters` where `type` = 'setting' and `key` = 'treatment_days_1' limit 1
2017-09-25 12:26:08: select * from `doctors` where `users_id` = 34 and `doctors`.`deleted_at` is null limit 1
2017-09-25 12:26:08: select * from `services` where `members_id` = '9' and `doctors_id` = 34 and `payment_status` = 1 and `services`.`deleted_at` is null
2017-09-25 12:26:08: select * from `doctors` where `users_id` = 6 and `doctors`.`deleted_at` is null limit 1
2017-09-25 12:26:08: select * from `services` where `members_id` = '9' and `doctors_id` = 6 and `payment_status` = 1 and `services`.`deleted_at` is null
2017-09-25 12:26:24: select count(*) as aggregate from `users` where `id` = '9'
2017-09-25 12:26:24: select * from `users` where `id` = '9' and `users`.`deleted_at` is null limit 1
2017-09-25 12:26:24: select * from `users` where `city_id` = 1 and `district_id` = 103 and `login_type` = '2' and `online` = 1 and `users`.`deleted_at` is null order by `online_at` desc
2017-09-25 12:26:24: select * from `messages` where `source` = 'doctor' and `started_at` is not null and `messages`.`doctors_id` in (6, 8, 34) and `members_id` = '9' order by `started_at` desc
2017-09-25 12:26:24: select * from `doctors` where `users_id` = 8 and `doctors`.`deleted_at` is null limit 1
2017-09-25 12:26:24: select * from `services` where `members_id` = '9' and `doctors_id` = 8 and `payment_status` = 1 and `services`.`deleted_at` is null
2017-09-25 12:26:24: select * from `parameters` where `type` = 'setting' and `key` = 'treatment_days_1' limit 1
2017-09-25 12:26:24: select * from `parameters` where `type` = 'setting' and `key` = 'treatment_days_2' limit 1
2017-09-25 12:26:24: select * from `parameters` where `type` = 'setting' and `key` = 'treatment_days_1' limit 1
2017-09-25 12:26:24: select * from `parameters` where `type` = 'setting' and `key` = 'treatment_days_1' limit 1
2017-09-25 12:26:24: select * from `parameters` where `type` = 'setting' and `key` = 'treatment_days_1' limit 1
2017-09-25 12:26:24: select * from `parameters` where `type` = 'setting' and `key` = 'treatment_days_1' limit 1
2017-09-25 12:26:24: select * from `parameters` where `type` = 'setting' and `key` = 'treatment_days_1' limit 1
2017-09-25 12:26:24: select * from `parameters` where `type` = 'setting' and `key` = 'treatment_days_1' limit 1
2017-09-25 12:26:24: select * from `parameters` where `type` = 'setting' and `key` = 'treatment_days_1' limit 1
2017-09-25 12:26:24: select * from `parameters` where `type` = 'setting' and `key` = 'treatment_days_1' limit 1
2017-09-25 12:26:24: select * from `parameters` where `type` = 'setting' and `key` = 'treatment_days_1' limit 1
2017-09-25 12:26:24: select * from `doctors` where `users_id` = 34 and `doctors`.`deleted_at` is null limit 1
2017-09-25 12:26:24: select * from `services` where `members_id` = '9' and `doctors_id` = 34 and `payment_status` = 1 and `services`.`deleted_at` is null
2017-09-25 12:26:24: select * from `doctors` where `users_id` = 6 and `doctors`.`deleted_at` is null limit 1
2017-09-25 12:26:24: select * from `services` where `members_id` = '9' and `doctors_id` = 6 and `payment_status` = 1 and `services`.`deleted_at` is null
2017-09-25 12:27:13: select count(*) as aggregate from `users` where `id` = '9'
2017-09-25 12:27:13: select * from `users` where `id` = '9' and `users`.`deleted_at` is null limit 1
2017-09-25 12:27:13: select * from `users` where `city_id` = 1 and `district_id` = 103 and `login_type` = '2' and `online` = 1 and `users`.`deleted_at` is null order by `online_at` desc
2017-09-25 12:27:13: select * from `messages` where `source` = 'doctor' and `started_at` is not null and `messages`.`doctors_id` in (6, 8, 34) and `members_id` = '9' order by `started_at` desc
2017-09-25 12:27:13: select * from `doctors` where `users_id` = 8 and `doctors`.`deleted_at` is null limit 1
2017-09-25 12:27:13: select * from `services` where `members_id` = '9' and `doctors_id` = 8 and `payment_status` = 1 and `services`.`deleted_at` is null
2017-09-25 12:27:13: select * from `parameters` where `type` = 'setting' and `key` = 'treatment_days_1' limit 1
2017-09-25 12:27:13: select * from `parameters` where `type` = 'setting' and `key` = 'treatment_days_2' limit 1
2017-09-25 12:27:13: select * from `parameters` where `type` = 'setting' and `key` = 'treatment_days_1' limit 1
2017-09-25 12:27:13: select * from `parameters` where `type` = 'setting' and `key` = 'treatment_days_1' limit 1
2017-09-25 12:27:13: select * from `parameters` where `type` = 'setting' and `key` = 'treatment_days_1' limit 1
2017-09-25 12:27:13: select * from `parameters` where `type` = 'setting' and `key` = 'treatment_days_1' limit 1
2017-09-25 12:27:13: select * from `parameters` where `type` = 'setting' and `key` = 'treatment_days_1' limit 1
2017-09-25 12:27:13: select * from `parameters` where `type` = 'setting' and `key` = 'treatment_days_1' limit 1
2017-09-25 12:27:13: select * from `parameters` where `type` = 'setting' and `key` = 'treatment_days_1' limit 1
2017-09-25 12:27:13: select * from `parameters` where `type` = 'setting' and `key` = 'treatment_days_1' limit 1
2017-09-25 12:27:13: select * from `parameters` where `type` = 'setting' and `key` = 'treatment_days_1' limit 1
2017-09-25 12:27:13: select * from `doctors` where `users_id` = 34 and `doctors`.`deleted_at` is null limit 1
2017-09-25 12:27:13: select * from `services` where `members_id` = '9' and `doctors_id` = 34 and `payment_status` = 1 and `services`.`deleted_at` is null
2017-09-25 12:27:13: select * from `doctors` where `users_id` = 6 and `doctors`.`deleted_at` is null limit 1
2017-09-25 12:27:13: select * from `services` where `members_id` = '9' and `doctors_id` = 6 and `payment_status` = 1 and `services`.`deleted_at` is null
2017-09-25 15:44:01: select * from `users` where `id` = '22' and `users`.`deleted_at` is null limit 1
2017-09-25 15:44:01: select * from `doctors` where `doctors`.`users_id` = 22 and `doctors`.`users_id` is not null and `doctors`.`deleted_at` is null limit 1
2017-09-25 15:44:01: select count(*) as aggregate from `member_requests` where `member_requests`.`deleted_at` is null
2017-09-25 15:44:01: select count(*) as aggregate from `member_request_doctors` where `doctors_id` = '22'
2017-09-25 15:44:01: select count(*) as aggregate from `services` where `doctors_id` = '22' and `opened_at` is null and `services`.`deleted_at` is null
2017-09-25 15:44:01: select * from `messages` where `doctors_id` = '22' and `doctor_readed_at` is null and `visible` = 1 order by `created_at` desc
2017-09-25 15:44:01: select * from `services` where `members_id` = 23 and `doctors_id` = '22' and `payment_status` = 1 and `services`.`deleted_at` is null
2017-09-25 15:44:01: select * from `parameters` where `type` = 'setting' and `key` = 'treatment_days_2' limit 1
2017-09-25 15:44:01: select * from `parameters` where `type` = 'banner'
2017-09-25 15:44:01: select * from `parameters` where `type` = 'setting' and `key` = 'service_email' limit 1
2017-09-25 15:44:10: select * from `users` where `id` = '22' and `login_type` = 2 and `status` = 1 and `users`.`deleted_at` is null limit 1
2017-09-25 15:44:10: select * from `doctors` where `doctors`.`users_id` in (22) and `doctors`.`deleted_at` is null
2017-09-25 15:44:10: select * from `services` where `doctors_id` = '22' and `payment_status` = 1 and `paid_at` > '2017-08-25 15:44:10' and `services`.`deleted_at` is null
2017-09-25 15:44:10: select * from `messages` where `doctors_id` = '22' and `members_id` not in (23, 24) and `visible` = 1
2017-09-25 15:44:10: select count(*) as aggregate from `users` where 0 = 1 and `login_type` = 1 and `users`.`deleted_at` is null
2017-09-25 15:44:12: select * from `users` where `id` = '22' and `login_type` = 2 and `status` = 1 and `users`.`deleted_at` is null limit 1
2017-09-25 15:44:12: select * from `doctors` where `doctors`.`users_id` in (22) and `doctors`.`deleted_at` is null
2017-09-25 15:44:12: select * from `services` where `doctors_id` = '22' and `payment_status` = 1 and `paid_at` > '2017-08-25 15:44:12' and `services`.`deleted_at` is null
2017-09-25 15:44:12: select * from `messages` where `doctors_id` = '22' and `members_id` not in (23, 24) and `visible` = 1
2017-09-25 15:44:12: select count(*) as aggregate from `users` where 0 = 1 and `login_type` = 1 and `users`.`deleted_at` is null
2017-09-25 15:44:13: select * from `users` where `id` = '22' and `login_type` = 2 and `status` = 1 and `users`.`deleted_at` is null limit 1
2017-09-25 15:44:13: select * from `doctors` where `doctors`.`users_id` in (22) and `doctors`.`deleted_at` is null
2017-09-25 15:44:13: select * from `services` where `doctors_id` = '22' and `payment_status` = 1 and `paid_at` > '2017-08-25 15:44:13' and `services`.`deleted_at` is null
2017-09-25 15:44:13: select * from `messages` where `doctors_id` = '22' and `members_id` not in (23, 24) and `visible` = 1
2017-09-25 15:44:13: select count(*) as aggregate from `users` where 0 = 1 and `login_type` = 1 and `users`.`deleted_at` is null
2017-09-25 15:44:15: select * from `users` where `id` = '22' and `users`.`deleted_at` is null limit 1
2017-09-25 15:44:15: select * from `doctors` where `doctors`.`users_id` = 22 and `doctors`.`users_id` is not null and `doctors`.`deleted_at` is null limit 1
2017-09-25 15:44:15: select count(*) as aggregate from `member_requests` where `member_requests`.`deleted_at` is null
2017-09-25 15:44:15: select count(*) as aggregate from `member_request_doctors` where `doctors_id` = '22'
2017-09-25 15:44:15: select count(*) as aggregate from `services` where `doctors_id` = '22' and `opened_at` is null and `services`.`deleted_at` is null
2017-09-25 15:44:15: select * from `messages` where `doctors_id` = '22' and `doctor_readed_at` is null and `visible` = 1 order by `created_at` desc
2017-09-25 15:44:15: select * from `services` where `members_id` = 23 and `doctors_id` = '22' and `payment_status` = 1 and `services`.`deleted_at` is null
2017-09-25 15:44:15: select * from `parameters` where `type` = 'setting' and `key` = 'treatment_days_2' limit 1
2017-09-25 15:44:15: select * from `parameters` where `type` = 'banner'
2017-09-25 15:44:15: select * from `parameters` where `type` = 'setting' and `key` = 'service_email' limit 1
2017-09-25 15:44:19: select * from `users` where `id` = '22' and `users`.`deleted_at` is null limit 1
2017-09-25 15:44:19: select * from `doctors` where `doctors`.`users_id` = 22 and `doctors`.`users_id` is not null and `doctors`.`deleted_at` is null limit 1
2017-09-25 15:44:19: select count(*) as aggregate from `member_requests` where `member_requests`.`deleted_at` is null
2017-09-25 15:44:19: select count(*) as aggregate from `member_request_doctors` where `doctors_id` = '22'
2017-09-25 15:44:19: select count(*) as aggregate from `services` where `doctors_id` = '22' and `opened_at` is null and `services`.`deleted_at` is null
2017-09-25 15:44:19: select * from `messages` where `doctors_id` = '22' and `doctor_readed_at` is null and `visible` = 1 order by `created_at` desc
2017-09-25 15:44:19: select * from `services` where `members_id` = 23 and `doctors_id` = '22' and `payment_status` = 1 and `services`.`deleted_at` is null
2017-09-25 15:44:19: select * from `parameters` where `type` = 'setting' and `key` = 'treatment_days_2' limit 1
2017-09-25 15:44:19: select * from `parameters` where `type` = 'banner'
2017-09-25 15:44:19: select * from `parameters` where `type` = 'setting' and `key` = 'service_email' limit 1
2017-09-25 18:50:23: select count(*) as aggregate from `users` where `id` = '23'
2017-09-25 18:50:23: select * from `users` where `id` = '23' and `users`.`deleted_at` is null limit 1
2017-09-25 18:50:23: select * from `users` where `city_id` = 1 and `district_id` = 110 and `login_type` = '2' and `online` = 1 and `users`.`deleted_at` is null order by `online_at` desc
2017-09-25 18:50:23: select * from `messages` where `source` = 'doctor' and `started_at` is not null and `messages`.`doctors_id` in (22, 25, 29, 30, 31, 32, 33) and `members_id` = '23' order by `started_at` desc
2017-09-25 18:50:23: select * from `doctors` where `users_id` = 22 and `doctors`.`deleted_at` is null limit 1
2017-09-25 18:50:23: select * from `services` where `members_id` = '23' and `doctors_id` = 22 and `payment_status` = 1 and `services`.`deleted_at` is null
2017-09-25 18:50:23: select * from `parameters` where `type` = 'setting' and `key` = 'treatment_days_2' limit 1
2017-09-25 18:50:23: select * from `doctors` where `users_id` = 30 and `doctors`.`deleted_at` is null limit 1
2017-09-25 18:50:23: select * from `services` where `members_id` = '23' and `doctors_id` = 30 and `payment_status` = 1 and `services`.`deleted_at` is null
2017-09-25 18:50:23: select * from `doctors` where `users_id` = 32 and `doctors`.`deleted_at` is null limit 1
2017-09-25 18:50:23: select * from `services` where `members_id` = '23' and `doctors_id` = 32 and `payment_status` = 1 and `services`.`deleted_at` is null
2017-09-25 18:50:23: select * from `doctors` where `users_id` = 33 and `doctors`.`deleted_at` is null limit 1
2017-09-25 18:50:23: select * from `services` where `members_id` = '23' and `doctors_id` = 33 and `payment_status` = 1 and `services`.`deleted_at` is null
2017-09-25 18:50:23: select * from `doctors` where `users_id` = 31 and `doctors`.`deleted_at` is null limit 1
2017-09-25 18:50:23: select * from `services` where `members_id` = '23' and `doctors_id` = 31 and `payment_status` = 1 and `services`.`deleted_at` is null
2017-09-25 18:50:23: select * from `doctors` where `users_id` = 29 and `doctors`.`deleted_at` is null limit 1
2017-09-25 18:50:23: select * from `services` where `members_id` = '23' and `doctors_id` = 29 and `payment_status` = 1 and `services`.`deleted_at` is null
2017-09-25 18:50:23: select * from `doctors` where `users_id` = 25 and `doctors`.`deleted_at` is null limit 1
2017-09-25 18:50:23: select * from `services` where `members_id` = '23' and `doctors_id` = 25 and `payment_status` = 1 and `services`.`deleted_at` is null
2017-09-25 20:39:19: select * from `users` where `id` = '8' and `users`.`deleted_at` is null limit 1
2017-09-25 20:39:19: select * from `doctors` where `doctors`.`users_id` = 8 and `doctors`.`users_id` is not null and `doctors`.`deleted_at` is null limit 1
2017-09-25 20:39:19: select count(*) as aggregate from `member_requests` where `member_requests`.`deleted_at` is null
2017-09-25 20:39:19: select count(*) as aggregate from `member_request_doctors` where `doctors_id` = '8'
2017-09-25 20:39:19: select count(*) as aggregate from `services` where `doctors_id` = '8' and `opened_at` is null and `services`.`deleted_at` is null
2017-09-25 20:39:19: select * from `messages` where `doctors_id` = '8' and `doctor_readed_at` is null and `visible` = 1 order by `created_at` desc
2017-09-25 20:39:19: select * from `parameters` where `type` = 'banner'
2017-09-25 20:39:19: select * from `parameters` where `type` = 'setting' and `key` = 'service_email' limit 1
2017-09-25 20:42:21: select * from `users` where `id` = '8' and `users`.`deleted_at` is null limit 1
2017-09-25 20:42:21: select * from `doctors` where `doctors`.`users_id` = 8 and `doctors`.`users_id` is not null and `doctors`.`deleted_at` is null limit 1
2017-09-25 20:42:21: select count(*) as aggregate from `member_requests` where `member_requests`.`deleted_at` is null
2017-09-25 20:42:21: select count(*) as aggregate from `member_request_doctors` where `doctors_id` = '8'
2017-09-25 20:42:21: select count(*) as aggregate from `services` where `doctors_id` = '8' and `opened_at` is null and `services`.`deleted_at` is null
2017-09-25 20:42:21: select * from `messages` where `doctors_id` = '8' and `doctor_readed_at` is null and `visible` = 1 order by `created_at` desc
2017-09-25 20:42:21: select * from `services` where `members_id` = 9 and `doctors_id` = '8' and `payment_status` = 1 and `services`.`deleted_at` is null
2017-09-25 20:42:21: select * from `parameters` where `type` = 'setting' and `key` = 'treatment_days_1' limit 1
2017-09-25 20:42:21: select * from `parameters` where `type` = 'setting' and `key` = 'treatment_days_2' limit 1
2017-09-25 20:42:21: select * from `parameters` where `type` = 'setting' and `key` = 'treatment_days_1' limit 1
2017-09-25 20:42:21: select * from `parameters` where `type` = 'setting' and `key` = 'treatment_days_1' limit 1
2017-09-25 20:42:21: select * from `parameters` where `type` = 'setting' and `key` = 'treatment_days_1' limit 1
2017-09-25 20:42:21: select * from `parameters` where `type` = 'setting' and `key` = 'treatment_days_1' limit 1
2017-09-25 20:42:21: select * from `parameters` where `type` = 'setting' and `key` = 'treatment_days_1' limit 1
2017-09-25 20:42:21: select * from `parameters` where `type` = 'setting' and `key` = 'treatment_days_1' limit 1
2017-09-25 20:42:21: select * from `parameters` where `type` = 'setting' and `key` = 'treatment_days_1' limit 1
2017-09-25 20:42:21: select * from `parameters` where `type` = 'setting' and `key` = 'treatment_days_1' limit 1
2017-09-25 20:42:21: select * from `parameters` where `type` = 'setting' and `key` = 'treatment_days_1' limit 1
2017-09-25 20:42:21: select * from `parameters` where `type` = 'banner'
2017-09-25 20:42:21: select * from `parameters` where `type` = 'setting' and `key` = 'service_email' limit 1
2017-09-25 20:42:23: select * from `users` where `id` = '8' and `login_type` = 2 and `status` = 1 and `users`.`deleted_at` is null limit 1
2017-09-25 20:42:23: select * from `doctors` where `doctors`.`users_id` in (8) and `doctors`.`deleted_at` is null
2017-09-25 20:42:23: select * from `services` where `doctors_id` = '8' and `members_id` is not null and `services`.`deleted_at` is null
2017-09-25 20:42:23: select * from `services` where `doctors_id` = '8' and `members_id` in (9) and `payment_status` = 1 and `services`.`deleted_at` is null order by `created_at` desc
2017-09-25 20:42:23: select * from `users` where `login_type` = 1 and `users`.`id` in (9) and `users`.`deleted_at` is null
2017-09-25 20:42:23: select * from `parameters` where `type` = 'setting' and `key` = 'treatment_days_1' limit 1
2017-09-25 20:42:23: select * from `parameters` where `type` = 'setting' and `key` = 'treatment_days_1' limit 1
2017-09-25 20:42:23: select * from `parameters` where `type` = 'setting' and `key` = 'treatment_days_1' limit 1
2017-09-25 20:42:23: select * from `parameters` where `type` = 'setting' and `key` = 'treatment_days_1' limit 1
2017-09-25 20:42:23: select * from `parameters` where `type` = 'setting' and `key` = 'treatment_days_1' limit 1
2017-09-25 20:42:23: select * from `parameters` where `type` = 'setting' and `key` = 'treatment_days_1' limit 1
2017-09-25 20:42:23: select * from `parameters` where `type` = 'setting' and `key` = 'treatment_days_1' limit 1
2017-09-25 20:42:23: select * from `parameters` where `type` = 'setting' and `key` = 'treatment_days_1' limit 1
2017-09-25 20:42:23: select * from `parameters` where `type` = 'setting' and `key` = 'treatment_days_1' limit 1
2017-09-25 20:42:23: select * from `parameters` where `type` = 'setting' and `key` = 'treatment_days_2' limit 1
2017-09-25 20:42:23: select * from `parameters` where `type` = 'setting' and `key` = 'treatment_days_1' limit 1
2017-09-25 20:42:23: select * from `parameters` where `type` = 'setting' and `key` = 'message_expire_time' limit 1
2017-09-25 20:42:23: select * from `messages` where `doctors_id` = 8 and `members_id` = 9 and `source` = 'member' order by `created_at` desc limit 1
2017-09-25 20:42:23: select * from `messages` where `doctors_id` = 8 and `members_id` = 9 and `source` = 'doctor' order by `created_at` desc limit 1
2017-09-25 20:42:23: update `services` set `opened_at` = '2017-09-25 20:42:23', `updated_at` = '2017-09-25 20:42:23' where `doctors_id` = '8' and `opened_at` is null and `services`.`deleted_at` is null
2017-09-25 20:42:23: select * from `parameters` where `type` = 'setting' and `key` = 'treatment_days_1' limit 1
2017-09-25 20:42:23: select * from `doctors` where `doctors`.`users_id` = 9 and `doctors`.`users_id` is not null and `doctors`.`deleted_at` is null limit 1
2017-09-25 20:43:04: select * from `users` where `id` = '8' and `users`.`deleted_at` is null limit 1
2017-09-25 20:43:04: select * from `doctors` where `doctors`.`users_id` = 8 and `doctors`.`users_id` is not null and `doctors`.`deleted_at` is null limit 1
2017-09-25 20:43:04: select count(*) as aggregate from `member_requests` where `member_requests`.`deleted_at` is null
2017-09-25 20:43:04: select count(*) as aggregate from `member_request_doctors` where `doctors_id` = '8'
2017-09-25 20:43:04: select count(*) as aggregate from `services` where `doctors_id` = '8' and `opened_at` is null and `services`.`deleted_at` is null
2017-09-25 20:43:04: select * from `messages` where `doctors_id` = '8' and `doctor_readed_at` is null and `visible` = 1 order by `created_at` desc
2017-09-25 20:43:04: select * from `parameters` where `type` = 'banner'
2017-09-25 20:43:04: select * from `parameters` where `type` = 'setting' and `key` = 'service_email' limit 1
2017-09-25 20:43:05: select * from `users` where `id` = '8' and `login_type` = 2 and `status` = 1 and `users`.`deleted_at` is null limit 1
2017-09-25 20:43:05: select * from `doctors` where `doctors`.`users_id` in (8) and `doctors`.`deleted_at` is null
2017-09-25 20:43:05: select * from `services` where `doctors_id` = '8' and `members_id` is not null and `services`.`deleted_at` is null
2017-09-25 20:43:05: select * from `services` where `doctors_id` = '8' and `members_id` in (9) and `payment_status` = 1 and `services`.`deleted_at` is null order by `created_at` desc
2017-09-25 20:43:05: select * from `users` where `login_type` = 1 and `users`.`id` in (9) and `users`.`deleted_at` is null
2017-09-25 20:43:05: select * from `parameters` where `type` = 'setting' and `key` = 'treatment_days_1' limit 1
2017-09-25 20:43:05: select * from `parameters` where `type` = 'setting' and `key` = 'treatment_days_1' limit 1
2017-09-25 20:43:05: select * from `parameters` where `type` = 'setting' and `key` = 'treatment_days_1' limit 1
2017-09-25 20:43:05: select * from `parameters` where `type` = 'setting' and `key` = 'treatment_days_1' limit 1
2017-09-25 20:43:05: select * from `parameters` where `type` = 'setting' and `key` = 'treatment_days_1' limit 1
2017-09-25 20:43:05: select * from `parameters` where `type` = 'setting' and `key` = 'treatment_days_1' limit 1
2017-09-25 20:43:05: select * from `parameters` where `type` = 'setting' and `key` = 'treatment_days_1' limit 1
2017-09-25 20:43:05: select * from `parameters` where `type` = 'setting' and `key` = 'treatment_days_1' limit 1
2017-09-25 20:43:05: select * from `parameters` where `type` = 'setting' and `key` = 'treatment_days_1' limit 1
2017-09-25 20:43:05: select * from `parameters` where `type` = 'setting' and `key` = 'treatment_days_2' limit 1
2017-09-25 20:43:05: select * from `parameters` where `type` = 'setting' and `key` = 'treatment_days_1' limit 1
2017-09-25 20:43:05: select * from `parameters` where `type` = 'setting' and `key` = 'message_expire_time' limit 1
2017-09-25 20:43:05: select * from `messages` where `doctors_id` = 8 and `members_id` = 9 and `source` = 'member' order by `created_at` desc limit 1
2017-09-25 20:43:05: select * from `messages` where `doctors_id` = 8 and `members_id` = 9 and `source` = 'doctor' order by `created_at` desc limit 1
2017-09-25 20:43:05: update `services` set `opened_at` = '2017-09-25 20:43:05', `updated_at` = '2017-09-25 20:43:05' where `doctors_id` = '8' and `opened_at` is null and `services`.`deleted_at` is null
2017-09-25 20:43:05: select * from `parameters` where `type` = 'setting' and `key` = 'treatment_days_1' limit 1
2017-09-25 20:43:05: select * from `doctors` where `doctors`.`users_id` = 9 and `doctors`.`users_id` is not null and `doctors`.`deleted_at` is null limit 1
2017-09-25 20:43:09: select * from `users` where `id` = '8' and `login_type` = 2 and `status` = 1 and `users`.`deleted_at` is null limit 1
2017-09-25 20:43:09: select * from `doctors` where `doctors`.`users_id` in (8) and `doctors`.`deleted_at` is null
2017-09-25 20:43:09: select * from `services` where `doctors_id` = '8' and `members_id` is not null and `services`.`deleted_at` is null
2017-09-25 20:43:09: select * from `services` where `doctors_id` = '8' and `members_id` in (9) and `payment_status` = 1 and `services`.`deleted_at` is null order by `created_at` desc
2017-09-25 20:43:09: select * from `users` where `login_type` = 1 and `users`.`id` in (9) and `users`.`deleted_at` is null
2017-09-25 20:43:09: select * from `parameters` where `type` = 'setting' and `key` = 'treatment_days_1' limit 1
2017-09-25 20:43:09: select * from `parameters` where `type` = 'setting' and `key` = 'treatment_days_1' limit 1
2017-09-25 20:43:09: select * from `parameters` where `type` = 'setting' and `key` = 'treatment_days_1' limit 1
2017-09-25 20:43:09: select * from `parameters` where `type` = 'setting' and `key` = 'treatment_days_1' limit 1
2017-09-25 20:43:09: select * from `parameters` where `type` = 'setting' and `key` = 'treatment_days_1' limit 1
2017-09-25 20:43:09: select * from `parameters` where `type` = 'setting' and `key` = 'treatment_days_1' limit 1
2017-09-25 20:43:09: select * from `parameters` where `type` = 'setting' and `key` = 'treatment_days_1' limit 1
2017-09-25 20:43:09: select * from `parameters` where `type` = 'setting' and `key` = 'treatment_days_1' limit 1
2017-09-25 20:43:09: select * from `parameters` where `type` = 'setting' and `key` = 'treatment_days_1' limit 1
2017-09-25 20:43:09: select * from `parameters` where `type` = 'setting' and `key` = 'treatment_days_2' limit 1
2017-09-25 20:43:09: select * from `parameters` where `type` = 'setting' and `key` = 'treatment_days_1' limit 1
2017-09-25 20:43:09: select * from `parameters` where `type` = 'setting' and `key` = 'message_expire_time' limit 1
2017-09-25 20:43:09: select * from `messages` where `doctors_id` = 8 and `members_id` = 9 and `source` = 'member' order by `created_at` desc limit 1
2017-09-25 20:43:09: select * from `messages` where `doctors_id` = 8 and `members_id` = 9 and `source` = 'doctor' order by `created_at` desc limit 1
2017-09-25 20:43:09: update `services` set `opened_at` = '2017-09-25 20:43:09', `updated_at` = '2017-09-25 20:43:09' where `doctors_id` = '8' and `opened_at` is null and `services`.`deleted_at` is null
2017-09-25 20:43:09: select * from `parameters` where `type` = 'setting' and `key` = 'treatment_days_1' limit 1
2017-09-25 20:43:09: select * from `doctors` where `doctors`.`users_id` = 9 and `doctors`.`users_id` is not null and `doctors`.`deleted_at` is null limit 1
2017-09-25 20:44:03: select * from `users` where `id` = '8' and `users`.`deleted_at` is null limit 1
2017-09-25 20:44:03: select * from `doctors` where `doctors`.`users_id` = 8 and `doctors`.`users_id` is not null and `doctors`.`deleted_at` is null limit 1
2017-09-25 20:44:03: select count(*) as aggregate from `member_requests` where `member_requests`.`deleted_at` is null
2017-09-25 20:44:03: select count(*) as aggregate from `member_request_doctors` where `doctors_id` = '8'
2017-09-25 20:44:03: select count(*) as aggregate from `services` where `doctors_id` = '8' and `opened_at` is null and `services`.`deleted_at` is null
2017-09-25 20:44:03: select * from `messages` where `doctors_id` = '8' and `doctor_readed_at` is null and `visible` = 1 order by `created_at` desc
2017-09-25 20:44:03: select * from `parameters` where `type` = 'banner'
2017-09-25 20:44:03: select * from `parameters` where `type` = 'setting' and `key` = 'service_email' limit 1
2017-09-25 20:44:05: select * from `users` where `id` = '8' and `login_type` = 2 and `status` = 1 and `users`.`deleted_at` is null limit 1
2017-09-25 20:44:05: select * from `doctors` where `doctors`.`users_id` in (8) and `doctors`.`deleted_at` is null
2017-09-25 20:44:05: select * from `services` where `doctors_id` = '8' and `members_id` is not null and `services`.`deleted_at` is null
2017-09-25 20:44:05: select * from `services` where `doctors_id` = '8' and `members_id` in (9) and `payment_status` in (0, 1) and `services`.`deleted_at` is null order by `created_at` desc
2017-09-25 20:44:05: select * from `users` where `login_type` = 1 and `users`.`id` in (9) and `users`.`deleted_at` is null
2017-09-25 20:44:05: select * from `parameters` where `type` = 'setting' and `key` = 'message_expire_time' limit 1
2017-09-25 20:44:05: select * from `messages` where `doctors_id` = 8 and `members_id` = 9 and `source` = 'member' order by `created_at` desc limit 1
2017-09-25 20:44:05: select * from `messages` where `doctors_id` = 8 and `members_id` = 9 and `source` = 'doctor' order by `created_at` desc limit 1
2017-09-25 20:44:05: update `services` set `opened_at` = '2017-09-25 20:44:05', `updated_at` = '2017-09-25 20:44:05' where `doctors_id` = '8' and `opened_at` is null and `services`.`deleted_at` is null
2017-09-25 20:44:05: select * from `parameters` where `type` = 'setting' and `key` = 'treatment_days_1' limit 1
2017-09-25 20:44:05: select * from `doctors` where `doctors`.`users_id` = 9 and `doctors`.`users_id` is not null and `doctors`.`deleted_at` is null limit 1
2017-09-25 20:44:09: select * from `users` where `id` = '8' and `users`.`deleted_at` is null limit 1
2017-09-25 20:44:09: select * from `doctors` where `doctors`.`users_id` = 8 and `doctors`.`users_id` is not null and `doctors`.`deleted_at` is null limit 1
2017-09-25 20:44:09: select count(*) as aggregate from `member_requests` where `member_requests`.`deleted_at` is null
2017-09-25 20:44:09: select count(*) as aggregate from `member_request_doctors` where `doctors_id` = '8'
2017-09-25 20:44:09: select count(*) as aggregate from `services` where `doctors_id` = '8' and `opened_at` is null and `services`.`deleted_at` is null
2017-09-25 20:44:09: select * from `messages` where `doctors_id` = '8' and `doctor_readed_at` is null and `visible` = 1 order by `created_at` desc
2017-09-25 20:44:09: select * from `parameters` where `type` = 'banner'
2017-09-25 20:44:09: select * from `parameters` where `type` = 'setting' and `key` = 'service_email' limit 1
2017-09-25 20:44:11: select * from `users` where `id` = '8' and `login_type` = 2 and `status` = 1 and `users`.`deleted_at` is null limit 1
2017-09-25 20:44:11: select * from `doctors` where `doctors`.`users_id` in (8) and `doctors`.`deleted_at` is null
2017-09-25 20:44:11: select * from `services` where `doctors_id` = '8' and `members_id` is not null and `services`.`deleted_at` is null
2017-09-25 20:44:11: select * from `services` where `doctors_id` = '8' and `members_id` in (9) and `payment_status` in (0, 1) and `services`.`deleted_at` is null order by `created_at` desc
2017-09-25 20:44:11: select * from `users` where `login_type` = 1 and `users`.`id` in (9) and `users`.`deleted_at` is null
2017-09-25 20:44:11: select * from `parameters` where `type` = 'setting' and `key` = 'message_expire_time' limit 1
2017-09-25 20:44:11: select * from `messages` where `doctors_id` = 8 and `members_id` = 9 and `source` = 'member' order by `created_at` desc limit 1
2017-09-25 20:44:11: select * from `messages` where `doctors_id` = 8 and `members_id` = 9 and `source` = 'doctor' order by `created_at` desc limit 1
2017-09-25 20:44:11: update `services` set `opened_at` = '2017-09-25 20:44:11', `updated_at` = '2017-09-25 20:44:11' where `doctors_id` = '8' and `opened_at` is null and `services`.`deleted_at` is null
2017-09-25 20:44:11: select * from `parameters` where `type` = 'setting' and `key` = 'treatment_days_1' limit 1
2017-09-25 20:44:11: select * from `doctors` where `doctors`.`users_id` = 9 and `doctors`.`users_id` is not null and `doctors`.`deleted_at` is null limit 1
2017-09-25 20:44:27: select * from `users` where `id` = '8' and `users`.`deleted_at` is null limit 1
2017-09-25 20:44:27: select * from `doctors` where `doctors`.`users_id` = 8 and `doctors`.`users_id` is not null and `doctors`.`deleted_at` is null limit 1
2017-09-25 20:44:27: select count(*) as aggregate from `member_requests` where `member_requests`.`deleted_at` is null
2017-09-25 20:44:27: select count(*) as aggregate from `member_request_doctors` where `doctors_id` = '8'
2017-09-25 20:44:27: select count(*) as aggregate from `services` where `doctors_id` = '8' and `opened_at` is null and `services`.`deleted_at` is null
2017-09-25 20:44:27: select * from `messages` where `doctors_id` = '8' and `doctor_readed_at` is null and `visible` = 1 order by `created_at` desc
2017-09-25 20:44:27: select * from `parameters` where `type` = 'banner'
2017-09-25 20:44:27: select * from `parameters` where `type` = 'setting' and `key` = 'service_email' limit 1
2017-09-25 20:45:20: select * from `users` where `id` = '8' and `users`.`deleted_at` is null limit 1
2017-09-25 20:45:20: select * from `doctors` where `doctors`.`users_id` = 8 and `doctors`.`users_id` is not null and `doctors`.`deleted_at` is null limit 1
2017-09-25 20:45:20: select count(*) as aggregate from `member_requests` where `member_requests`.`deleted_at` is null
2017-09-25 20:45:20: select count(*) as aggregate from `member_request_doctors` where `doctors_id` = '8'
2017-09-25 20:45:20: select count(*) as aggregate from `services` where `doctors_id` = '8' and `opened_at` is null and `services`.`deleted_at` is null
2017-09-25 20:45:20: select * from `messages` where `doctors_id` = '8' and `doctor_readed_at` is null and `visible` = 1 order by `created_at` desc
2017-09-25 20:45:20: select * from `parameters` where `type` = 'banner'
2017-09-25 20:45:20: select * from `parameters` where `type` = 'setting' and `key` = 'service_email' limit 1
2017-09-25 20:45:23: select * from `users` where `id` = '8' and `login_type` = 2 and `status` = 1 and `users`.`deleted_at` is null limit 1
2017-09-25 20:45:23: select * from `doctors` where `doctors`.`users_id` in (8) and `doctors`.`deleted_at` is null
2017-09-25 20:45:23: select * from `services` where `doctors_id` = '8' and `members_id` is not null and `services`.`deleted_at` is null
2017-09-25 20:45:23: select * from `services` where `doctors_id` = '8' and `members_id` in (9) and `payment_status` in (0, 1) and `services`.`deleted_at` is null order by `created_at` desc
2017-09-25 20:45:23: select * from `users` where `login_type` = 1 and `users`.`id` in (9) and `users`.`deleted_at` is null
2017-09-25 20:45:23: select * from `parameters` where `type` = 'setting' and `key` = 'message_expire_time' limit 1
2017-09-25 20:45:23: select * from `messages` where `doctors_id` = 8 and `members_id` = 9 and `source` = 'member' order by `created_at` desc limit 1
2017-09-25 20:45:23: select * from `messages` where `doctors_id` = 8 and `members_id` = 9 and `source` = 'doctor' order by `created_at` desc limit 1
2017-09-25 20:45:23: update `services` set `opened_at` = '2017-09-25 20:45:23', `updated_at` = '2017-09-25 20:45:23' where `doctors_id` = '8' and `opened_at` is null and `services`.`deleted_at` is null
2017-09-25 20:45:23: select * from `parameters` where `type` = 'setting' and `key` = 'treatment_days_1' limit 1
2017-09-25 20:45:23: select * from `doctors` where `doctors`.`users_id` = 9 and `doctors`.`users_id` is not null and `doctors`.`deleted_at` is null limit 1
2017-09-25 21:01:29: select * from `users` where `id` = '8' and `users`.`deleted_at` is null limit 1
2017-09-25 21:01:29: select * from `doctors` where `doctors`.`users_id` = 8 and `doctors`.`users_id` is not null and `doctors`.`deleted_at` is null limit 1
2017-09-25 21:01:29: select count(*) as aggregate from `member_requests` where `member_requests`.`deleted_at` is null
2017-09-25 21:01:29: select count(*) as aggregate from `member_request_doctors` where `doctors_id` = '8'
2017-09-25 21:01:29: select count(*) as aggregate from `services` where `doctors_id` = '8' and `opened_at` is null and `services`.`deleted_at` is null
2017-09-25 21:01:29: select * from `messages` where `doctors_id` = '8' and `doctor_readed_at` is null and `visible` = 1 order by `created_at` desc
2017-09-25 21:01:29: select * from `parameters` where `type` = 'banner'
2017-09-25 21:01:29: select * from `parameters` where `type` = 'setting' and `key` = 'service_email' limit 1
2017-09-25 21:01:30: select * from `users` where `id` = '8' and `users`.`deleted_at` is null limit 1
2017-09-25 21:01:30: select * from `doctors` where `doctors`.`users_id` = 8 and `doctors`.`users_id` is not null and `doctors`.`deleted_at` is null limit 1
2017-09-25 21:01:47: select * from `users` where `id` = '8' and `users`.`deleted_at` is null limit 1
2017-09-25 21:01:47: select * from `doctors` where `doctors`.`users_id` = 8 and `doctors`.`users_id` is not null and `doctors`.`deleted_at` is null limit 1
2017-09-25 21:01:47: select count(*) as aggregate from `member_requests` where `member_requests`.`deleted_at` is null
2017-09-25 21:01:47: select count(*) as aggregate from `member_request_doctors` where `doctors_id` = '8'
2017-09-25 21:01:47: select count(*) as aggregate from `services` where `doctors_id` = '8' and `opened_at` is null and `services`.`deleted_at` is null
2017-09-25 21:01:47: select * from `messages` where `doctors_id` = '8' and `doctor_readed_at` is null and `visible` = 1 order by `created_at` desc
2017-09-25 21:01:47: select * from `parameters` where `type` = 'banner'
2017-09-25 21:01:47: select * from `parameters` where `type` = 'setting' and `key` = 'service_email' limit 1
2017-09-25 21:01:48: select * from `users` where `id` = '8' and `login_type` = 2 and `status` = 1 and `users`.`deleted_at` is null limit 1
2017-09-25 21:01:48: select * from `doctors` where `doctors`.`users_id` in (8) and `doctors`.`deleted_at` is null
2017-09-25 21:01:48: select * from `services` where `doctors_id` = '8' and `members_id` is not null and `services`.`deleted_at` is null
2017-09-25 21:01:48: select * from `services` where `doctors_id` = '8' and `members_id` in (9) and `payment_status` in (0, 1) and `services`.`deleted_at` is null order by `created_at` desc
2017-09-25 21:01:48: select * from `users` where `login_type` = 1 and `users`.`id` in (9) and `users`.`deleted_at` is null
2017-09-25 21:01:48: select * from `parameters` where `type` = 'setting' and `key` = 'message_expire_time' limit 1
2017-09-25 21:01:48: select * from `messages` where `doctors_id` = 8 and `members_id` = 9 and `source` = 'member' order by `created_at` desc limit 1
2017-09-25 21:01:48: select * from `messages` where `doctors_id` = 8 and `members_id` = 9 and `source` = 'doctor' order by `created_at` desc limit 1
2017-09-25 21:01:48: update `services` set `opened_at` = '2017-09-25 21:01:48', `updated_at` = '2017-09-25 21:01:48' where `doctors_id` = '8' and `opened_at` is null and `services`.`deleted_at` is null
2017-09-25 21:01:48: select * from `parameters` where `type` = 'setting' and `key` = 'treatment_days_1' limit 1
2017-09-25 21:01:48: select * from `doctors` where `doctors`.`users_id` = 9 and `doctors`.`users_id` is not null and `doctors`.`deleted_at` is null limit 1
2017-09-25 21:01:58: select * from `users` where `id` = '8' and `users`.`deleted_at` is null limit 1
2017-09-25 21:01:58: select * from `doctors` where `doctors`.`users_id` = 8 and `doctors`.`users_id` is not null and `doctors`.`deleted_at` is null limit 1
2017-09-25 21:01:58: select count(*) as aggregate from `member_requests` where `member_requests`.`deleted_at` is null
2017-09-25 21:01:58: select count(*) as aggregate from `member_request_doctors` where `doctors_id` = '8'
2017-09-25 21:01:58: select count(*) as aggregate from `services` where `doctors_id` = '8' and `opened_at` is null and `services`.`deleted_at` is null
2017-09-25 21:01:58: select * from `messages` where `doctors_id` = '8' and `doctor_readed_at` is null and `visible` = 1 order by `created_at` desc
2017-09-25 21:01:58: select * from `parameters` where `type` = 'banner'
2017-09-25 21:01:58: select * from `parameters` where `type` = 'setting' and `key` = 'service_email' limit 1
2017-09-25 21:02:04: select * from `users` where `id` = '8' and `login_type` = 2 and `status` = 1 and `users`.`deleted_at` is null limit 1
2017-09-25 21:02:04: select * from `doctors` where `doctors`.`users_id` in (8) and `doctors`.`deleted_at` is null
2017-09-25 21:02:04: select * from `services` where `doctors_id` = '8' and `members_id` is not null and `services`.`deleted_at` is null
2017-09-25 21:02:04: select * from `services` where `doctors_id` = '8' and `members_id` in (9) and `payment_status` in (0, 1) and `services`.`deleted_at` is null order by `created_at` desc
2017-09-25 21:02:04: select * from `users` where `login_type` = 1 and `users`.`id` in (9) and `users`.`deleted_at` is null
2017-09-25 21:02:04: select * from `parameters` where `type` = 'setting' and `key` = 'message_expire_time' limit 1
2017-09-25 21:02:04: select * from `messages` where `doctors_id` = 8 and `members_id` = 9 and `source` = 'member' order by `created_at` desc limit 1
2017-09-25 21:02:04: select * from `messages` where `doctors_id` = 8 and `members_id` = 9 and `source` = 'doctor' order by `created_at` desc limit 1
2017-09-25 21:02:04: update `services` set `opened_at` = '2017-09-25 21:02:04', `updated_at` = '2017-09-25 21:02:04' where `doctors_id` = '8' and `opened_at` is null and `services`.`deleted_at` is null
2017-09-25 21:02:04: select * from `parameters` where `type` = 'setting' and `key` = 'treatment_days_1' limit 1
2017-09-25 21:02:04: select * from `doctors` where `doctors`.`users_id` = 9 and `doctors`.`users_id` is not null and `doctors`.`deleted_at` is null limit 1
2017-09-25 21:02:11: select * from `users` where `id` = '8' and `users`.`deleted_at` is null limit 1
2017-09-25 21:02:11: select * from `doctors` where `doctors`.`users_id` = 8 and `doctors`.`users_id` is not null and `doctors`.`deleted_at` is null limit 1
2017-09-25 21:02:11: select count(*) as aggregate from `member_requests` where `member_requests`.`deleted_at` is null
2017-09-25 21:02:11: select count(*) as aggregate from `member_request_doctors` where `doctors_id` = '8'
2017-09-25 21:02:11: select count(*) as aggregate from `services` where `doctors_id` = '8' and `opened_at` is null and `services`.`deleted_at` is null
2017-09-25 21:02:11: select * from `messages` where `doctors_id` = '8' and `doctor_readed_at` is null and `visible` = 1 order by `created_at` desc
2017-09-25 21:02:11: select * from `parameters` where `type` = 'banner'
2017-09-25 21:02:11: select * from `parameters` where `type` = 'setting' and `key` = 'service_email' limit 1
2017-09-25 21:03:52: select * from `users` where `id` = '8' and `users`.`deleted_at` is null limit 1
2017-09-25 21:03:52: select * from `doctors` where `doctors`.`users_id` = 8 and `doctors`.`users_id` is not null and `doctors`.`deleted_at` is null limit 1
2017-09-25 21:03:52: select count(*) as aggregate from `member_requests` where `member_requests`.`deleted_at` is null
2017-09-25 21:03:52: select count(*) as aggregate from `member_request_doctors` where `doctors_id` = '8'
2017-09-25 21:03:52: select count(*) as aggregate from `services` where `doctors_id` = '8' and `opened_at` is null and `services`.`deleted_at` is null
2017-09-25 21:03:52: select * from `messages` where `doctors_id` = '8' and `doctor_readed_at` is null and `visible` = 1 order by `created_at` desc
2017-09-25 21:03:52: select * from `parameters` where `type` = 'banner'
2017-09-25 21:03:52: select * from `parameters` where `type` = 'setting' and `key` = 'service_email' limit 1
2017-09-25 21:03:55: select * from `users` where `id` = '8' and `login_type` = 2 and `status` = 1 and `users`.`deleted_at` is null limit 1
2017-09-25 21:03:55: select * from `doctors` where `doctors`.`users_id` in (8) and `doctors`.`deleted_at` is null
2017-09-25 21:03:55: select * from `services` where `doctors_id` = '8' and `members_id` is not null and `services`.`deleted_at` is null
2017-09-25 21:03:55: select * from `services` where `doctors_id` = '8' and `members_id` in (9) and `payment_status` in (0, 1) and `services`.`deleted_at` is null order by `created_at` desc
2017-09-25 21:03:55: select * from `users` where `login_type` = 1 and `users`.`id` in (9) and `users`.`deleted_at` is null
2017-09-25 21:03:55: select * from `parameters` where `type` = 'setting' and `key` = 'message_expire_time' limit 1
2017-09-25 21:03:55: select * from `messages` where `doctors_id` = 8 and `members_id` = 9 and `source` = 'member' order by `created_at` desc limit 1
2017-09-25 21:03:55: select * from `messages` where `doctors_id` = 8 and `members_id` = 9 and `source` = 'doctor' order by `created_at` desc limit 1
2017-09-25 21:03:55: update `services` set `opened_at` = '2017-09-25 21:03:55', `updated_at` = '2017-09-25 21:03:55' where `doctors_id` = '8' and `opened_at` is null and `services`.`deleted_at` is null
2017-09-25 21:03:55: select * from `parameters` where `type` = 'setting' and `key` = 'treatment_days_1' limit 1
2017-09-25 21:03:55: select * from `doctors` where `doctors`.`users_id` = 9 and `doctors`.`users_id` is not null and `doctors`.`deleted_at` is null limit 1
2017-09-25 21:05:19: select * from `users` where `id` = '8' and `users`.`deleted_at` is null limit 1
2017-09-25 21:05:19: select * from `doctors` where `doctors`.`users_id` = 8 and `doctors`.`users_id` is not null and `doctors`.`deleted_at` is null limit 1
2017-09-25 21:05:19: select count(*) as aggregate from `member_requests` where `member_requests`.`deleted_at` is null
2017-09-25 21:05:19: select count(*) as aggregate from `member_request_doctors` where `doctors_id` = '8'
2017-09-25 21:05:19: select count(*) as aggregate from `services` where `doctors_id` = '8' and `opened_at` is null and `services`.`deleted_at` is null
2017-09-25 21:05:19: select * from `messages` where `doctors_id` = '8' and `doctor_readed_at` is null and `visible` = 1 order by `created_at` desc
2017-09-25 21:05:19: select * from `parameters` where `type` = 'banner'
2017-09-25 21:05:19: select * from `parameters` where `type` = 'setting' and `key` = 'service_email' limit 1
2017-09-25 21:05:24: select * from `users` where `id` = '8' and `login_type` = 2 and `status` = 1 and `users`.`deleted_at` is null limit 1
2017-09-25 21:05:24: select * from `doctors` where `doctors`.`users_id` in (8) and `doctors`.`deleted_at` is null
2017-09-25 21:05:24: select * from `services` where `doctors_id` = '8' and `members_id` is not null and `services`.`deleted_at` is null
2017-09-25 21:05:24: select * from `services` where `doctors_id` = '8' and `members_id` in (9) and `payment_status` in (0, 1) and `services`.`deleted_at` is null order by `created_at` desc
2017-09-25 21:05:24: select * from `users` where `login_type` = 1 and `users`.`id` in (9) and `users`.`deleted_at` is null
2017-09-25 21:05:24: select * from `parameters` where `type` = 'setting' and `key` = 'message_expire_time' limit 1
2017-09-25 21:05:24: select * from `messages` where `doctors_id` = 8 and `members_id` = 9 and `source` = 'member' order by `created_at` desc limit 1
2017-09-25 21:05:24: select * from `messages` where `doctors_id` = 8 and `members_id` = 9 and `source` = 'doctor' order by `created_at` desc limit 1
2017-09-25 21:05:24: update `services` set `opened_at` = '2017-09-25 21:05:24', `updated_at` = '2017-09-25 21:05:24' where `doctors_id` = '8' and `opened_at` is null and `services`.`deleted_at` is null
2017-09-25 21:05:24: select * from `parameters` where `type` = 'setting' and `key` = 'treatment_days_1' limit 1
2017-09-25 21:05:24: select * from `doctors` where `doctors`.`users_id` = 9 and `doctors`.`users_id` is not null and `doctors`.`deleted_at` is null limit 1
2017-09-25 21:05:57: select * from `users` where `id` = '8' and `users`.`deleted_at` is null limit 1
2017-09-25 21:05:57: select * from `doctors` where `doctors`.`users_id` = 8 and `doctors`.`users_id` is not null and `doctors`.`deleted_at` is null limit 1
2017-09-25 21:33:20: select * from `users` where `id` = '8' and `users`.`deleted_at` is null limit 1
2017-09-25 21:33:20: select * from `doctors` where `doctors`.`users_id` = 8 and `doctors`.`users_id` is not null and `doctors`.`deleted_at` is null limit 1
2017-09-25 21:33:20: select count(*) as aggregate from `member_requests` where `member_requests`.`deleted_at` is null
2017-09-25 21:33:20: select count(*) as aggregate from `member_request_doctors` where `doctors_id` = '8'
2017-09-25 21:33:20: select count(*) as aggregate from `services` where `doctors_id` = '8' and `opened_at` is null and `services`.`deleted_at` is null
2017-09-25 21:33:20: select * from `messages` where `doctors_id` = '8' and `doctor_readed_at` is null and `visible` = 1 order by `created_at` desc
2017-09-25 21:33:20: select * from `parameters` where `type` = 'banner'
2017-09-25 21:33:20: select * from `parameters` where `type` = 'setting' and `key` = 'service_email' limit 1
2017-09-25 21:33:21: select * from `users` where `id` = '8' and `login_type` = 2 and `status` = 1 and `users`.`deleted_at` is null limit 1
2017-09-25 21:33:21: select * from `doctors` where `doctors`.`users_id` in (8) and `doctors`.`deleted_at` is null
2017-09-25 21:33:21: select * from `services` where `doctors_id` = '8' and `members_id` is not null and `services`.`deleted_at` is null
2017-09-25 21:33:21: select * from `services` where `doctors_id` = '8' and `members_id` in (9) and `payment_status` in (0, 1) and `services`.`deleted_at` is null order by `created_at` desc
2017-09-25 21:33:21: select * from `users` where `login_type` = 1 and `users`.`id` in (9) and `users`.`deleted_at` is null
2017-09-25 21:33:21: select * from `parameters` where `type` = 'setting' and `key` = 'message_expire_time' limit 1
2017-09-25 21:33:21: select * from `messages` where `doctors_id` = 8 and `members_id` = 9 and `source` = 'member' order by `created_at` desc limit 1
2017-09-25 21:33:21: select * from `messages` where `doctors_id` = 8 and `members_id` = 9 and `source` = 'doctor' order by `created_at` desc limit 1
2017-09-25 21:33:21: update `services` set `opened_at` = '2017-09-25 21:33:21', `updated_at` = '2017-09-25 21:33:21' where `doctors_id` = '8' and `opened_at` is null and `services`.`deleted_at` is null
2017-09-25 21:33:21: select * from `parameters` where `type` = 'setting' and `key` = 'treatment_days_1' limit 1
2017-09-25 21:33:21: select * from `doctors` where `doctors`.`users_id` = 9 and `doctors`.`users_id` is not null and `doctors`.`deleted_at` is null limit 1
2017-09-25 21:33:30: select * from `users` where `id` = '8' and `users`.`deleted_at` is null limit 1
2017-09-25 21:33:30: select * from `doctors` where `doctors`.`users_id` = 8 and `doctors`.`users_id` is not null and `doctors`.`deleted_at` is null limit 1
2017-09-25 21:33:30: select count(*) as aggregate from `member_requests` where `member_requests`.`deleted_at` is null
2017-09-25 21:33:30: select count(*) as aggregate from `member_request_doctors` where `doctors_id` = '8'
2017-09-25 21:33:30: select count(*) as aggregate from `services` where `doctors_id` = '8' and `opened_at` is null and `services`.`deleted_at` is null
2017-09-25 21:33:30: select * from `messages` where `doctors_id` = '8' and `doctor_readed_at` is null and `visible` = 1 order by `created_at` desc
2017-09-25 21:33:30: select * from `parameters` where `type` = 'banner'
2017-09-25 21:33:30: select * from `parameters` where `type` = 'setting' and `key` = 'service_email' limit 1
2017-09-25 21:33:31: select * from `users` where `id` = '8' and `login_type` = 2 and `status` = 1 and `users`.`deleted_at` is null limit 1
2017-09-25 21:33:31: select * from `doctors` where `doctors`.`users_id` in (8) and `doctors`.`deleted_at` is null
2017-09-25 21:33:31: select * from `services` where `doctors_id` = '8' and `members_id` is not null and `services`.`deleted_at` is null
2017-09-25 21:33:31: select * from `services` where `doctors_id` = '8' and `members_id` in (9) and `payment_status` in (0, 1) and `services`.`deleted_at` is null order by `created_at` desc
2017-09-25 21:33:31: select * from `users` where `login_type` = 1 and `users`.`id` in (9) and `users`.`deleted_at` is null
2017-09-25 21:33:31: select * from `parameters` where `type` = 'setting' and `key` = 'message_expire_time' limit 1
2017-09-25 21:33:31: select * from `messages` where `doctors_id` = 8 and `members_id` = 9 and `source` = 'member' order by `created_at` desc limit 1
2017-09-25 21:33:31: select * from `messages` where `doctors_id` = 8 and `members_id` = 9 and `source` = 'doctor' order by `created_at` desc limit 1
2017-09-25 21:33:31: update `services` set `opened_at` = '2017-09-25 21:33:31', `updated_at` = '2017-09-25 21:33:31' where `doctors_id` = '8' and `opened_at` is null and `services`.`deleted_at` is null
2017-09-25 21:33:31: select * from `parameters` where `type` = 'setting' and `key` = 'treatment_days_1' limit 1
2017-09-25 21:33:31: select * from `doctors` where `doctors`.`users_id` = 9 and `doctors`.`users_id` is not null and `doctors`.`deleted_at` is null limit 1
2017-09-25 21:35:19: select * from `users` where `id` = '8' and `users`.`deleted_at` is null limit 1
2017-09-25 21:35:19: select * from `doctors` where `doctors`.`users_id` = 8 and `doctors`.`users_id` is not null and `doctors`.`deleted_at` is null limit 1
2017-09-25 21:35:19: select count(*) as aggregate from `member_requests` where `member_requests`.`deleted_at` is null
2017-09-25 21:35:19: select count(*) as aggregate from `member_request_doctors` where `doctors_id` = '8'
2017-09-25 21:35:19: select count(*) as aggregate from `services` where `doctors_id` = '8' and `opened_at` is null and `services`.`deleted_at` is null
2017-09-25 21:35:19: select * from `messages` where `doctors_id` = '8' and `doctor_readed_at` is null and `visible` = 1 order by `created_at` desc
2017-09-25 21:35:19: select * from `parameters` where `type` = 'banner'
2017-09-25 21:35:19: select * from `parameters` where `type` = 'setting' and `key` = 'service_email' limit 1
2017-09-25 21:36:58: select * from `users` where `id` = '8' and `users`.`deleted_at` is null limit 1
2017-09-25 21:36:58: select * from `doctors` where `doctors`.`users_id` = 8 and `doctors`.`users_id` is not null and `doctors`.`deleted_at` is null limit 1
2017-09-25 21:36:58: select count(*) as aggregate from `member_requests` where `member_requests`.`deleted_at` is null
2017-09-25 21:36:58: select count(*) as aggregate from `member_request_doctors` where `doctors_id` = '8'
2017-09-25 21:36:58: select count(*) as aggregate from `services` where `doctors_id` = '8' and `opened_at` is null and `services`.`deleted_at` is null
2017-09-25 21:36:58: select * from `messages` where `doctors_id` = '8' and `doctor_readed_at` is null and `visible` = 1 order by `created_at` desc
2017-09-25 21:36:58: select * from `parameters` where `type` = 'banner'
2017-09-25 21:36:58: select * from `parameters` where `type` = 'setting' and `key` = 'service_email' limit 1
2017-09-25 21:36:59: select * from `users` where `id` = '8' and `login_type` = 2 and `status` = 1 and `users`.`deleted_at` is null limit 1
2017-09-25 21:36:59: select * from `doctors` where `doctors`.`users_id` in (8) and `doctors`.`deleted_at` is null
2017-09-25 21:36:59: select * from `services` where `doctors_id` = '8' and `members_id` is not null and `services`.`deleted_at` is null
2017-09-25 21:36:59: select * from `services` where `doctors_id` = '8' and `members_id` in (9) and `payment_status` in (0, 1) and `services`.`deleted_at` is null order by `created_at` desc
2017-09-25 21:36:59: select * from `users` where `login_type` = 1 and `users`.`id` in (9) and `users`.`deleted_at` is null
2017-09-25 21:36:59: select * from `parameters` where `type` = 'setting' and `key` = 'message_expire_time' limit 1
2017-09-25 21:36:59: select * from `messages` where `doctors_id` = 8 and `members_id` = 9 and `source` = 'member' order by `created_at` desc limit 1
2017-09-25 21:36:59: select * from `messages` where `doctors_id` = 8 and `members_id` = 9 and `source` = 'doctor' order by `created_at` desc limit 1
2017-09-25 21:36:59: update `services` set `opened_at` = '2017-09-25 21:36:59', `updated_at` = '2017-09-25 21:36:59' where `doctors_id` = '8' and `opened_at` is null and `services`.`deleted_at` is null
2017-09-25 21:36:59: select * from `parameters` where `type` = 'setting' and `key` = 'treatment_days_2' limit 1
2017-09-25 21:36:59: select * from `doctors` where `doctors`.`users_id` = 9 and `doctors`.`users_id` is not null and `doctors`.`deleted_at` is null limit 1
2017-09-25 21:40:56: select * from `users` where `id` = '8' and `users`.`deleted_at` is null limit 1
2017-09-25 21:40:56: select * from `doctors` where `doctors`.`users_id` = 8 and `doctors`.`users_id` is not null and `doctors`.`deleted_at` is null limit 1
2017-09-25 21:40:56: select count(*) as aggregate from `member_requests` where `member_requests`.`deleted_at` is null
2017-09-25 21:40:56: select count(*) as aggregate from `member_request_doctors` where `doctors_id` = '8'
2017-09-25 21:40:56: select count(*) as aggregate from `services` where `doctors_id` = '8' and `opened_at` is null and `services`.`deleted_at` is null
2017-09-25 21:40:56: select * from `messages` where `doctors_id` = '8' and `doctor_readed_at` is null and `visible` = 1 order by `created_at` desc
2017-09-25 21:40:56: select * from `parameters` where `type` = 'banner'
2017-09-25 21:40:56: select * from `parameters` where `type` = 'setting' and `key` = 'service_email' limit 1
2017-09-25 21:40:57: select * from `users` where `id` = '8' and `login_type` = 2 and `status` = 1 and `users`.`deleted_at` is null limit 1
2017-09-25 21:40:57: select * from `doctors` where `doctors`.`users_id` in (8) and `doctors`.`deleted_at` is null
2017-09-25 21:40:57: select * from `services` where `doctors_id` = '8' and `members_id` is not null and `services`.`deleted_at` is null
2017-09-25 21:40:57: select * from `services` where `doctors_id` = '8' and `members_id` in (9) and `payment_status` in (0, 1) and `services`.`deleted_at` is null order by `created_at` desc
2017-09-25 21:40:57: select * from `users` where `login_type` = 1 and `users`.`id` in (9) and `users`.`deleted_at` is null
2017-09-25 21:40:57: select * from `parameters` where `type` = 'setting' and `key` = 'message_expire_time' limit 1
2017-09-25 21:40:57: select * from `messages` where `doctors_id` = 8 and `members_id` = 9 and `source` = 'member' order by `created_at` desc limit 1
2017-09-25 21:40:57: select * from `messages` where `doctors_id` = 8 and `members_id` = 9 and `source` = 'doctor' order by `created_at` desc limit 1
2017-09-25 21:40:57: update `services` set `opened_at` = '2017-09-25 21:40:57', `updated_at` = '2017-09-25 21:40:57' where `doctors_id` = '8' and `opened_at` is null and `services`.`deleted_at` is null
2017-09-25 21:40:57: select * from `parameters` where `type` = 'setting' and `key` = 'treatment_days_2' limit 1
2017-09-25 21:40:57: select * from `doctors` where `doctors`.`users_id` = 9 and `doctors`.`users_id` is not null and `doctors`.`deleted_at` is null limit 1
2017-09-25 21:40:58: select * from `users` where `id` = '8' and `users`.`deleted_at` is null limit 1
2017-09-25 21:40:58: select * from `doctors` where `doctors`.`users_id` = 8 and `doctors`.`users_id` is not null and `doctors`.`deleted_at` is null limit 1
2017-09-25 21:40:58: select count(*) as aggregate from `member_requests` where `member_requests`.`deleted_at` is null
2017-09-25 21:40:58: select count(*) as aggregate from `member_request_doctors` where `doctors_id` = '8'
2017-09-25 21:40:58: select count(*) as aggregate from `services` where `doctors_id` = '8' and `opened_at` is null and `services`.`deleted_at` is null
2017-09-25 21:40:58: select * from `messages` where `doctors_id` = '8' and `doctor_readed_at` is null and `visible` = 1 order by `created_at` desc
2017-09-25 21:40:58: select * from `parameters` where `type` = 'banner'
2017-09-25 21:40:58: select * from `parameters` where `type` = 'setting' and `key` = 'service_email' limit 1
2017-09-25 21:40:59: select * from `users` where `id` = '8' and `users`.`deleted_at` is null limit 1
2017-09-25 21:40:59: select * from `doctors` where `doctors`.`users_id` = 8 and `doctors`.`users_id` is not null and `doctors`.`deleted_at` is null limit 1
2017-09-25 21:41:07: select * from `users` where `id` = '8' and `users`.`deleted_at` is null limit 1
2017-09-25 21:41:07: select * from `doctors` where `doctors`.`users_id` = 8 and `doctors`.`users_id` is not null and `doctors`.`deleted_at` is null limit 1
2017-09-25 21:41:07: select count(*) as aggregate from `member_requests` where `member_requests`.`deleted_at` is null
2017-09-25 21:41:07: select count(*) as aggregate from `member_request_doctors` where `doctors_id` = '8'
2017-09-25 21:41:07: select count(*) as aggregate from `services` where `doctors_id` = '8' and `opened_at` is null and `services`.`deleted_at` is null
2017-09-25 21:41:07: select * from `messages` where `doctors_id` = '8' and `doctor_readed_at` is null and `visible` = 1 order by `created_at` desc
2017-09-25 21:41:07: select * from `parameters` where `type` = 'banner'
2017-09-25 21:41:07: select * from `parameters` where `type` = 'setting' and `key` = 'service_email' limit 1
2017-09-25 21:44:12: select * from `users` where `id` = '8' and `login_type` = 2 and `status` = 1 and `users`.`deleted_at` is null limit 1
2017-09-25 21:44:12: select * from `doctors` where `doctors`.`users_id` in (8) and `doctors`.`deleted_at` is null
2017-09-25 21:44:12: select * from `services` where `doctors_id` = '8' and `members_id` is not null and `services`.`deleted_at` is null
2017-09-25 21:44:12: select * from `services` where `doctors_id` = '8' and `members_id` in (9) and `payment_status` in (0, 1) and `services`.`deleted_at` is null order by `created_at` desc
2017-09-25 21:44:12: select * from `users` where `login_type` = 1 and `users`.`id` in (9) and `users`.`deleted_at` is null
2017-09-25 21:44:12: select * from `parameters` where `type` = 'setting' and `key` = 'message_expire_time' limit 1
2017-09-25 21:44:12: select * from `messages` where `doctors_id` = 8 and `members_id` = 9 and `source` = 'member' order by `created_at` desc limit 1
2017-09-25 21:44:12: select * from `messages` where `doctors_id` = 8 and `members_id` = 9 and `source` = 'doctor' order by `created_at` desc limit 1
2017-09-25 21:44:12: update `services` set `opened_at` = '2017-09-25 21:44:12', `updated_at` = '2017-09-25 21:44:12' where `doctors_id` = '8' and `opened_at` is null and `services`.`deleted_at` is null
2017-09-25 21:44:12: select * from `parameters` where `type` = 'setting' and `key` = 'treatment_days_2' limit 1
2017-09-25 21:44:12: select * from `doctors` where `doctors`.`users_id` = 9 and `doctors`.`users_id` is not null and `doctors`.`deleted_at` is null limit 1
2017-09-25 21:44:23: select * from `users` where `id` = '8' and `users`.`deleted_at` is null limit 1
2017-09-25 21:44:23: select * from `doctors` where `doctors`.`users_id` = 8 and `doctors`.`users_id` is not null and `doctors`.`deleted_at` is null limit 1
2017-09-25 21:44:23: select count(*) as aggregate from `member_requests` where `member_requests`.`deleted_at` is null
2017-09-25 21:44:23: select count(*) as aggregate from `member_request_doctors` where `doctors_id` = '8'
2017-09-25 21:44:23: select count(*) as aggregate from `services` where `doctors_id` = '8' and `opened_at` is null and `services`.`deleted_at` is null
2017-09-25 21:44:23: select * from `messages` where `doctors_id` = '8' and `doctor_readed_at` is null and `visible` = 1 order by `created_at` desc
2017-09-25 21:44:23: select * from `parameters` where `type` = 'banner'
2017-09-25 21:44:23: select * from `parameters` where `type` = 'setting' and `key` = 'service_email' limit 1
2017-09-25 21:46:02: select * from `users` where `id` = '8' and `users`.`deleted_at` is null limit 1
2017-09-25 21:46:02: select * from `doctors` where `doctors`.`users_id` = 8 and `doctors`.`users_id` is not null and `doctors`.`deleted_at` is null limit 1
2017-09-25 21:46:02: select count(*) as aggregate from `member_requests` where `member_requests`.`deleted_at` is null
2017-09-25 21:46:02: select count(*) as aggregate from `member_request_doctors` where `doctors_id` = '8'
2017-09-25 21:46:02: select count(*) as aggregate from `services` where `doctors_id` = '8' and `opened_at` is null and `services`.`deleted_at` is null
2017-09-25 21:46:02: select * from `messages` where `doctors_id` = '8' and `doctor_readed_at` is null and `visible` = 1 order by `created_at` desc
2017-09-25 21:46:02: select * from `parameters` where `type` = 'banner'
2017-09-25 21:46:02: select * from `parameters` where `type` = 'setting' and `key` = 'service_email' limit 1
2017-09-25 21:46:04: select * from `users` where `id` = '8' and `users`.`deleted_at` is null limit 1
2017-09-25 21:46:04: select * from `doctors` where `doctors`.`users_id` = 8 and `doctors`.`users_id` is not null and `doctors`.`deleted_at` is null limit 1
2017-09-25 21:46:12: select * from `users` where `id` = '8' and `users`.`deleted_at` is null limit 1
2017-09-25 21:46:12: select * from `doctors` where `doctors`.`users_id` = 8 and `doctors`.`users_id` is not null and `doctors`.`deleted_at` is null limit 1
2017-09-25 21:46:12: select count(*) as aggregate from `member_requests` where `member_requests`.`deleted_at` is null
2017-09-25 21:46:12: select count(*) as aggregate from `member_request_doctors` where `doctors_id` = '8'
2017-09-25 21:46:12: select count(*) as aggregate from `services` where `doctors_id` = '8' and `opened_at` is null and `services`.`deleted_at` is null
2017-09-25 21:46:12: select * from `messages` where `doctors_id` = '8' and `doctor_readed_at` is null and `visible` = 1 order by `created_at` desc
2017-09-25 21:46:12: select * from `parameters` where `type` = 'banner'
2017-09-25 21:46:12: select * from `parameters` where `type` = 'setting' and `key` = 'service_email' limit 1
2017-09-25 21:46:13: select * from `users` where `id` = '8' and `login_type` = 2 and `status` = 1 and `users`.`deleted_at` is null limit 1
2017-09-25 21:46:13: select * from `doctors` where `doctors`.`users_id` in (8) and `doctors`.`deleted_at` is null
2017-09-25 21:46:13: select * from `services` where `doctors_id` = '8' and `members_id` is not null and `services`.`deleted_at` is null
2017-09-25 21:46:13: select * from `services` where `doctors_id` = '8' and `members_id` in (9) and `payment_status` in (0, 1) and `services`.`deleted_at` is null order by `created_at` desc
2017-09-25 21:46:13: select * from `users` where `login_type` = 1 and `users`.`id` in (9) and `users`.`deleted_at` is null
2017-09-25 21:46:13: select * from `parameters` where `type` = 'setting' and `key` = 'message_expire_time' limit 1
2017-09-25 21:46:13: select * from `messages` where `doctors_id` = 8 and `members_id` = 9 and `source` = 'member' order by `created_at` desc limit 1
2017-09-25 21:46:13: select * from `messages` where `doctors_id` = 8 and `members_id` = 9 and `source` = 'doctor' order by `created_at` desc limit 1
2017-09-25 21:46:13: update `services` set `opened_at` = '2017-09-25 21:46:13', `updated_at` = '2017-09-25 21:46:13' where `doctors_id` = '8' and `opened_at` is null and `services`.`deleted_at` is null
2017-09-25 21:46:13: select * from `parameters` where `type` = 'setting' and `key` = 'treatment_days_2' limit 1
2017-09-25 21:46:13: select * from `doctors` where `doctors`.`users_id` = 9 and `doctors`.`users_id` is not null and `doctors`.`deleted_at` is null limit 1
2017-09-25 21:46:19: select * from `users` where `id` = '8' and `users`.`deleted_at` is null limit 1
2017-09-25 21:46:19: select * from `doctors` where `doctors`.`users_id` = 8 and `doctors`.`users_id` is not null and `doctors`.`deleted_at` is null limit 1
2017-09-25 21:46:19: select count(*) as aggregate from `member_requests` where `member_requests`.`deleted_at` is null
2017-09-25 21:46:19: select count(*) as aggregate from `member_request_doctors` where `doctors_id` = '8'
2017-09-25 21:46:19: select count(*) as aggregate from `services` where `doctors_id` = '8' and `opened_at` is null and `services`.`deleted_at` is null
2017-09-25 21:46:19: select * from `messages` where `doctors_id` = '8' and `doctor_readed_at` is null and `visible` = 1 order by `created_at` desc
2017-09-25 21:46:19: select * from `parameters` where `type` = 'banner'
2017-09-25 21:46:19: select * from `parameters` where `type` = 'setting' and `key` = 'service_email' limit 1
2017-09-25 21:47:07: select * from `users` where `id` = '8' and `users`.`deleted_at` is null limit 1
2017-09-25 21:47:07: select * from `doctors` where `doctors`.`users_id` = 8 and `doctors`.`users_id` is not null and `doctors`.`deleted_at` is null limit 1
2017-09-25 21:47:12: select * from `users` where `id` = '8' and `users`.`deleted_at` is null limit 1
2017-09-25 21:47:12: select * from `doctors` where `doctors`.`users_id` = 8 and `doctors`.`users_id` is not null and `doctors`.`deleted_at` is null limit 1
2017-09-25 21:47:12: select count(*) as aggregate from `member_requests` where `member_requests`.`deleted_at` is null
2017-09-25 21:47:12: select count(*) as aggregate from `member_request_doctors` where `doctors_id` = '8'
2017-09-25 21:47:12: select count(*) as aggregate from `services` where `doctors_id` = '8' and `opened_at` is null and `services`.`deleted_at` is null
2017-09-25 21:47:12: select * from `messages` where `doctors_id` = '8' and `doctor_readed_at` is null and `visible` = 1 order by `created_at` desc
2017-09-25 21:47:12: select * from `parameters` where `type` = 'banner'
2017-09-25 21:47:12: select * from `parameters` where `type` = 'setting' and `key` = 'service_email' limit 1
2017-09-25 21:48:22: select * from `users` where `id` = '8' and `users`.`deleted_at` is null limit 1
2017-09-25 21:48:22: select * from `doctors` where `doctors`.`users_id` = 8 and `doctors`.`users_id` is not null and `doctors`.`deleted_at` is null limit 1
2017-09-25 21:48:22: select count(*) as aggregate from `member_requests` where `member_requests`.`deleted_at` is null
2017-09-25 21:48:22: select count(*) as aggregate from `member_request_doctors` where `doctors_id` = '8'
2017-09-25 21:48:22: select count(*) as aggregate from `services` where `doctors_id` = '8' and `opened_at` is null and `services`.`deleted_at` is null
2017-09-25 21:48:22: select * from `messages` where `doctors_id` = '8' and `doctor_readed_at` is null and `visible` = 1 order by `created_at` desc
2017-09-25 21:48:22: select * from `parameters` where `type` = 'banner'
2017-09-25 21:48:22: select * from `parameters` where `type` = 'setting' and `key` = 'service_email' limit 1
2017-09-25 21:48:23: select * from `users` where `id` = '8' and `login_type` = 2 and `status` = 1 and `users`.`deleted_at` is null limit 1
2017-09-25 21:48:23: select * from `doctors` where `doctors`.`users_id` in (8) and `doctors`.`deleted_at` is null
2017-09-25 21:48:23: select * from `services` where `doctors_id` = '8' and `members_id` is not null and `services`.`deleted_at` is null
2017-09-25 21:48:23: select * from `services` where `doctors_id` = '8' and `members_id` in (9) and `payment_status` in (0, 1) and `services`.`deleted_at` is null order by `created_at` desc
2017-09-25 21:48:23: select * from `users` where `login_type` = 1 and `users`.`id` in (9) and `users`.`deleted_at` is null
2017-09-25 21:48:23: select * from `parameters` where `type` = 'setting' and `key` = 'message_expire_time' limit 1
2017-09-25 21:48:23: select * from `messages` where `doctors_id` = 8 and `members_id` = 9 and `source` = 'member' order by `created_at` desc limit 1
2017-09-25 21:48:23: select * from `messages` where `doctors_id` = 8 and `members_id` = 9 and `source` = 'doctor' order by `created_at` desc limit 1
2017-09-25 21:48:23: update `services` set `opened_at` = '2017-09-25 21:48:23', `updated_at` = '2017-09-25 21:48:23' where `doctors_id` = '8' and `opened_at` is null and `services`.`deleted_at` is null
2017-09-25 21:48:23: select * from `parameters` where `type` = 'setting' and `key` = 'treatment_days_1' limit 1
2017-09-25 21:48:23: select * from `doctors` where `doctors`.`users_id` = 9 and `doctors`.`users_id` is not null and `doctors`.`deleted_at` is null limit 1
2017-09-25 22:07:10: select * from `users` where `id` = '8' and `users`.`deleted_at` is null limit 1
2017-09-25 22:07:10: select * from `doctors` where `doctors`.`users_id` = 8 and `doctors`.`users_id` is not null and `doctors`.`deleted_at` is null limit 1
2017-09-25 22:07:10: select count(*) as aggregate from `member_requests` where `member_requests`.`deleted_at` is null
2017-09-25 22:07:10: select count(*) as aggregate from `member_request_doctors` where `doctors_id` = '8'
2017-09-25 22:07:10: select count(*) as aggregate from `services` where `doctors_id` = '8' and `opened_at` is null and `services`.`deleted_at` is null
2017-09-25 22:07:10: select * from `messages` where `doctors_id` = '8' and `doctor_readed_at` is null and `visible` = 1 order by `created_at` desc
2017-09-25 22:07:10: select * from `parameters` where `type` = 'banner'
2017-09-25 22:07:10: select * from `parameters` where `type` = 'setting' and `key` = 'service_email' limit 1
2017-09-25 22:07:17: select * from `users` where `id` = '8' and `users`.`deleted_at` is null limit 1
2017-09-25 22:07:17: select * from `doctors` where `doctors`.`users_id` = 8 and `doctors`.`users_id` is not null and `doctors`.`deleted_at` is null limit 1
2017-09-25 22:07:17: select count(*) as aggregate from `member_requests` where `member_requests`.`deleted_at` is null
2017-09-25 22:07:17: select count(*) as aggregate from `member_request_doctors` where `doctors_id` = '8'
2017-09-25 22:07:17: select count(*) as aggregate from `services` where `doctors_id` = '8' and `opened_at` is null and `services`.`deleted_at` is null
2017-09-25 22:07:17: select * from `messages` where `doctors_id` = '8' and `doctor_readed_at` is null and `visible` = 1 order by `created_at` desc
2017-09-25 22:07:17: select * from `parameters` where `type` = 'banner'
2017-09-25 22:07:17: select * from `parameters` where `type` = 'setting' and `key` = 'service_email' limit 1
2017-09-25 22:08:51: select * from `users` where `id` = '8' and `users`.`deleted_at` is null limit 1
2017-09-25 22:08:51: select * from `doctors` where `doctors`.`users_id` = 8 and `doctors`.`users_id` is not null and `doctors`.`deleted_at` is null limit 1
2017-09-25 22:08:51: select count(*) as aggregate from `member_requests` where `member_requests`.`deleted_at` is null
2017-09-25 22:08:51: select count(*) as aggregate from `member_request_doctors` where `doctors_id` = '8'
2017-09-25 22:08:51: select count(*) as aggregate from `services` where `doctors_id` = '8' and `opened_at` is null and `services`.`deleted_at` is null
2017-09-25 22:08:51: select * from `messages` where `doctors_id` = '8' and `doctor_readed_at` is null and `visible` = 1 order by `created_at` desc
2017-09-25 22:08:51: select * from `parameters` where `type` = 'banner'
2017-09-25 22:08:51: select * from `parameters` where `type` = 'setting' and `key` = 'service_email' limit 1
2017-09-25 22:08:53: select * from `users` where `id` = '8' and `login_type` = 2 and `status` = 1 and `users`.`deleted_at` is null limit 1
2017-09-25 22:08:53: select * from `doctors` where `doctors`.`users_id` in (8) and `doctors`.`deleted_at` is null
2017-09-25 22:08:53: select * from `services` where `doctors_id` = '8' and `members_id` is not null and `services`.`deleted_at` is null
2017-09-25 22:08:53: select * from `services` where `doctors_id` = '8' and `members_id` in (9) and `payment_status` in (0, 1) and `services`.`deleted_at` is null order by `created_at` desc
2017-09-25 22:08:53: select * from `users` where `login_type` = 1 and `users`.`id` in (9) and `users`.`deleted_at` is null
2017-09-25 22:08:53: select * from `parameters` where `type` = 'setting' and `key` = 'message_expire_time' limit 1
2017-09-25 22:08:53: select * from `messages` where `doctors_id` = 8 and `members_id` = 9 and `source` = 'member' order by `created_at` desc limit 1
2017-09-25 22:08:53: select * from `messages` where `doctors_id` = 8 and `members_id` = 9 and `source` = 'doctor' order by `created_at` desc limit 1
2017-09-25 22:08:53: update `services` set `opened_at` = '2017-09-25 22:08:53', `updated_at` = '2017-09-25 22:08:53' where `doctors_id` = '8' and `opened_at` is null and `services`.`deleted_at` is null
2017-09-25 22:08:53: select * from `parameters` where `type` = 'setting' and `key` = 'treatment_days_1' limit 1
2017-09-25 22:08:53: select * from `doctors` where `doctors`.`users_id` = 9 and `doctors`.`users_id` is not null and `doctors`.`deleted_at` is null limit 1
2017-09-25 22:09:50: select * from `users` where `id` = '8' and `users`.`deleted_at` is null limit 1
2017-09-25 22:09:50: select * from `doctors` where `doctors`.`users_id` = 8 and `doctors`.`users_id` is not null and `doctors`.`deleted_at` is null limit 1
2017-09-25 22:09:50: select count(*) as aggregate from `member_requests` where `member_requests`.`deleted_at` is null
2017-09-25 22:09:50: select count(*) as aggregate from `member_request_doctors` where `doctors_id` = '8'
2017-09-25 22:09:50: select count(*) as aggregate from `services` where `doctors_id` = '8' and `opened_at` is null and `services`.`deleted_at` is null
2017-09-25 22:09:50: select * from `messages` where `doctors_id` = '8' and `doctor_readed_at` is null and `visible` = 1 order by `created_at` desc
2017-09-25 22:09:50: select * from `parameters` where `type` = 'banner'
2017-09-25 22:09:50: select * from `parameters` where `type` = 'setting' and `key` = 'service_email' limit 1
2017-09-25 22:15:41: select * from `users` where `id` = '8' and `login_type` = 2 and `status` = 1 and `users`.`deleted_at` is null limit 1
2017-09-25 22:15:41: select * from `doctors` where `doctors`.`users_id` in (8) and `doctors`.`deleted_at` is null
2017-09-25 22:15:41: select * from `services` where `doctors_id` = '8' and `members_id` is not null and `services`.`deleted_at` is null
2017-09-25 22:15:41: select * from `services` where `doctors_id` = '8' and `members_id` in (9) and `payment_status` = 1 and `services`.`deleted_at` is null order by `created_at` desc
2017-09-25 22:15:41: select * from `users` where `login_type` = 1 and `users`.`id` in (9) and `users`.`deleted_at` is null
2017-09-25 22:15:41: select * from `parameters` where `type` = 'setting' and `key` = 'treatment_days_1' limit 1
2017-09-25 22:15:41: select * from `parameters` where `type` = 'setting' and `key` = 'treatment_days_1' limit 1
2017-09-25 22:15:41: select * from `parameters` where `type` = 'setting' and `key` = 'treatment_days_2' limit 1
2017-09-25 22:15:41: select * from `parameters` where `type` = 'setting' and `key` = 'treatment_days_2' limit 1
2017-09-25 22:15:41: select * from `parameters` where `type` = 'setting' and `key` = 'treatment_days_1' limit 1
2017-09-25 22:15:41: select * from `parameters` where `type` = 'setting' and `key` = 'treatment_days_1' limit 1
2017-09-25 22:15:41: select * from `parameters` where `type` = 'setting' and `key` = 'treatment_days_1' limit 1
2017-09-25 22:15:41: select * from `parameters` where `type` = 'setting' and `key` = 'treatment_days_1' limit 1
2017-09-25 22:15:41: select * from `parameters` where `type` = 'setting' and `key` = 'treatment_days_1' limit 1
2017-09-25 22:15:41: select * from `parameters` where `type` = 'setting' and `key` = 'treatment_days_1' limit 1
2017-09-25 22:15:41: select * from `parameters` where `type` = 'setting' and `key` = 'treatment_days_1' limit 1
2017-09-25 22:15:41: select * from `parameters` where `type` = 'setting' and `key` = 'treatment_days_1' limit 1
2017-09-25 22:15:41: select * from `parameters` where `type` = 'setting' and `key` = 'treatment_days_1' limit 1
2017-09-25 22:15:41: select * from `parameters` where `type` = 'setting' and `key` = 'treatment_days_2' limit 1
2017-09-25 22:15:41: select * from `parameters` where `type` = 'setting' and `key` = 'treatment_days_1' limit 1
2017-09-25 22:15:41: select * from `parameters` where `type` = 'setting' and `key` = 'message_expire_time' limit 1
2017-09-25 22:15:41: select * from `messages` where `doctors_id` = 8 and `members_id` = 9 and `source` = 'member' order by `created_at` desc limit 1
2017-09-25 22:15:41: select * from `messages` where `doctors_id` = 8 and `members_id` = 9 and `source` = 'doctor' order by `created_at` desc limit 1
2017-09-25 22:15:41: update `services` set `opened_at` = '2017-09-25 22:15:41', `updated_at` = '2017-09-25 22:15:41' where `doctors_id` = '8' and `opened_at` is null and `services`.`deleted_at` is null
2017-09-25 22:15:41: select * from `parameters` where `type` = 'setting' and `key` = 'treatment_days_1' limit 1
2017-09-25 22:15:41: select * from `doctors` where `doctors`.`users_id` = 9 and `doctors`.`users_id` is not null and `doctors`.`deleted_at` is null limit 1
2017-09-25 22:16:13: select * from `users` where `id` = '8' and `users`.`deleted_at` is null limit 1
2017-09-25 22:16:13: select * from `doctors` where `doctors`.`users_id` = 8 and `doctors`.`users_id` is not null and `doctors`.`deleted_at` is null limit 1
2017-09-25 22:16:13: select count(*) as aggregate from `member_requests` where `member_requests`.`deleted_at` is null
2017-09-25 22:16:13: select count(*) as aggregate from `member_request_doctors` where `doctors_id` = '8'
2017-09-25 22:16:13: select count(*) as aggregate from `services` where `doctors_id` = '8' and `opened_at` is null and `services`.`deleted_at` is null
2017-09-25 22:16:13: select * from `messages` where `doctors_id` = '8' and `doctor_readed_at` is null and `visible` = 1 order by `created_at` desc
2017-09-25 22:16:13: select * from `parameters` where `type` = 'banner'
2017-09-25 22:16:13: select * from `parameters` where `type` = 'setting' and `key` = 'service_email' limit 1
2017-09-25 22:16:15: select * from `users` where `id` = '8' and `login_type` = 2 and `status` = 1 and `users`.`deleted_at` is null limit 1
2017-09-25 22:16:15: select * from `doctors` where `doctors`.`users_id` in (8) and `doctors`.`deleted_at` is null
2017-09-25 22:16:15: select * from `services` where `doctors_id` = '8' and `members_id` is not null and `services`.`deleted_at` is null
2017-09-25 22:16:15: select * from `services` where `doctors_id` = '8' and `members_id` in (9) and `payment_status` = 1 and `services`.`deleted_at` is null order by `created_at` desc
2017-09-25 22:16:15: select * from `users` where `login_type` = 1 and `users`.`id` in (9) and `users`.`deleted_at` is null
2017-09-25 22:16:15: select * from `parameters` where `type` = 'setting' and `key` = 'treatment_days_1' limit 1
2017-09-25 22:16:15: select * from `parameters` where `type` = 'setting' and `key` = 'treatment_days_1' limit 1
2017-09-25 22:16:15: select * from `parameters` where `type` = 'setting' and `key` = 'treatment_days_2' limit 1
2017-09-25 22:16:15: select * from `parameters` where `type` = 'setting' and `key` = 'treatment_days_2' limit 1
2017-09-25 22:16:15: select * from `parameters` where `type` = 'setting' and `key` = 'treatment_days_1' limit 1
2017-09-25 22:16:15: select * from `parameters` where `type` = 'setting' and `key` = 'treatment_days_1' limit 1
2017-09-25 22:16:15: select * from `parameters` where `type` = 'setting' and `key` = 'treatment_days_1' limit 1
2017-09-25 22:16:15: select * from `parameters` where `type` = 'setting' and `key` = 'treatment_days_1' limit 1
2017-09-25 22:16:15: select * from `parameters` where `type` = 'setting' and `key` = 'treatment_days_1' limit 1
2017-09-25 22:16:15: select * from `parameters` where `type` = 'setting' and `key` = 'treatment_days_1' limit 1
2017-09-25 22:16:15: select * from `parameters` where `type` = 'setting' and `key` = 'treatment_days_1' limit 1
2017-09-25 22:16:15: select * from `parameters` where `type` = 'setting' and `key` = 'treatment_days_1' limit 1
2017-09-25 22:16:15: select * from `parameters` where `type` = 'setting' and `key` = 'treatment_days_1' limit 1
2017-09-25 22:16:15: select * from `parameters` where `type` = 'setting' and `key` = 'treatment_days_2' limit 1
2017-09-25 22:16:15: select * from `parameters` where `type` = 'setting' and `key` = 'treatment_days_1' limit 1
2017-09-25 22:16:15: select * from `parameters` where `type` = 'setting' and `key` = 'message_expire_time' limit 1
2017-09-25 22:16:15: select * from `messages` where `doctors_id` = 8 and `members_id` = 9 and `source` = 'member' order by `created_at` desc limit 1
2017-09-25 22:16:15: select * from `messages` where `doctors_id` = 8 and `members_id` = 9 and `source` = 'doctor' order by `created_at` desc limit 1
2017-09-25 22:16:15: update `services` set `opened_at` = '2017-09-25 22:16:15', `updated_at` = '2017-09-25 22:16:15' where `doctors_id` = '8' and `opened_at` is null and `services`.`deleted_at` is null
2017-09-25 22:16:15: select * from `parameters` where `type` = 'setting' and `key` = 'treatment_days_1' limit 1
2017-09-25 22:16:15: select * from `doctors` where `doctors`.`users_id` = 9 and `doctors`.`users_id` is not null and `doctors`.`deleted_at` is null limit 1
2017-09-25 22:18:38: select * from `users` where `id` = '8' and `users`.`deleted_at` is null limit 1
2017-09-25 22:18:38: select * from `doctors` where `doctors`.`users_id` = 8 and `doctors`.`users_id` is not null and `doctors`.`deleted_at` is null limit 1
2017-09-25 22:18:38: select count(*) as aggregate from `member_requests` where `member_requests`.`deleted_at` is null
2017-09-25 22:18:38: select count(*) as aggregate from `member_request_doctors` where `doctors_id` = '8'
2017-09-25 22:18:38: select count(*) as aggregate from `services` where `doctors_id` = '8' and `opened_at` is null and `services`.`deleted_at` is null
2017-09-25 22:18:38: select * from `messages` where `doctors_id` = '8' and `doctor_readed_at` is null and `visible` = 1 order by `created_at` desc
2017-09-25 22:18:38: select * from `parameters` where `type` = 'banner'
2017-09-25 22:18:38: select * from `parameters` where `type` = 'setting' and `key` = 'service_email' limit 1
