2017-09-20 05:35:48: select * from `users` where `id` = 'nearby' and `users`.`deleted_at` is null limit 1
2017-09-20 05:35:52: select * from `users` where `id` = 'nearby' and `users`.`deleted_at` is null limit 1
2017-09-20 15:55:10: select * from `users` where `id` = '32' and `users`.`deleted_at` is null limit 1
2017-09-20 15:55:10: select * from `doctors` where `doctors`.`users_id` = 32 and `doctors`.`users_id` is not null and `doctors`.`deleted_at` is null limit 1
2017-09-20 15:55:10: select count(*) as aggregate from `member_requests` where `member_requests`.`deleted_at` is null
2017-09-20 15:55:10: select count(*) as aggregate from `member_request_doctors` where `doctors_id` = '32'
2017-09-20 15:55:10: select count(*) as aggregate from `services` where `doctors_id` = '32' and `opened_at` is null and `services`.`deleted_at` is null
2017-09-20 15:55:10: select * from `messages` where `doctors_id` = '32' and `doctor_readed_at` is null and `visible` = 1 order by `created_at` desc
2017-09-20 15:55:10: select * from `parameters` where `type` = 'banner'
2017-09-20 15:55:10: select * from `parameters` where `type` = 'setting' and `key` = 'service_email' limit 1
2017-09-20 15:57:37: select * from `users` where `id` = '32' and `users`.`deleted_at` is null limit 1
2017-09-20 15:57:37: select * from `doctors` where `doctors`.`users_id` = 32 and `doctors`.`users_id` is not null and `doctors`.`deleted_at` is null limit 1
2017-09-20 15:57:37: select count(*) as aggregate from `member_requests` where `member_requests`.`deleted_at` is null
2017-09-20 15:57:37: select count(*) as aggregate from `member_request_doctors` where `doctors_id` = '32'
2017-09-20 15:57:37: select count(*) as aggregate from `services` where `doctors_id` = '32' and `opened_at` is null and `services`.`deleted_at` is null
2017-09-20 15:57:37: select * from `messages` where `doctors_id` = '32' and `doctor_readed_at` is null and `visible` = 1 order by `created_at` desc
2017-09-20 15:57:37: select * from `parameters` where `type` = 'banner'
2017-09-20 15:57:37: select * from `parameters` where `type` = 'setting' and `key` = 'service_email' limit 1
2017-09-20 16:01:52: select * from `users` where `id` = '32' and `login_type` = 2 and `status` = 1 and `users`.`deleted_at` is null limit 1
2017-09-20 16:01:52: select * from `doctors` where `doctors`.`users_id` in (32) and `doctors`.`deleted_at` is null
2017-09-20 16:01:52: select * from `services` where `doctors_id` = '32' and `members_id` is not null and `services`.`deleted_at` is null
2017-09-20 16:01:52: select * from `services` where `doctors_id` = '32' and `members_id` in (24) and `payment_status` in (0, 1) and `services`.`deleted_at` is null order by `created_at` desc
2017-09-20 16:01:52: select * from `users` where `login_type` = 1 and `users`.`id` in (24) and `users`.`deleted_at` is null
2017-09-20 16:01:52: select * from `parameters` where `type` = 'setting' and `key` = 'message_expire_time' limit 1
2017-09-20 16:01:52: select * from `messages` where `doctors_id` = 32 and `members_id` = 24 and `source` = 'member' order by `created_at` desc limit 1
2017-09-20 16:01:52: select * from `messages` where `doctors_id` = 32 and `members_id` = 24 and `source` = 'doctor' order by `created_at` desc limit 1
2017-09-20 16:01:52: update `services` set `opened_at` = '2017-09-20 16:01:52', `updated_at` = '2017-09-20 16:01:52' where `doctors_id` = '32' and `opened_at` is null and `services`.`deleted_at` is null
2017-09-20 16:01:52: select * from `parameters` where `type` = 'setting' and `key` = 'treatment_days_2' limit 1
2017-09-20 16:01:52: select * from `doctors` where `doctors`.`users_id` = 24 and `doctors`.`users_id` is not null and `doctors`.`deleted_at` is null limit 1
2017-09-20 16:02:32: select * from `users` where `id` = '32' and `users`.`deleted_at` is null limit 1
2017-09-20 16:02:32: select * from `doctors` where `doctors`.`users_id` = 32 and `doctors`.`users_id` is not null and `doctors`.`deleted_at` is null limit 1
2017-09-20 16:02:32: select count(*) as aggregate from `member_requests` where `member_requests`.`deleted_at` is null
2017-09-20 16:02:32: select count(*) as aggregate from `member_request_doctors` where `doctors_id` = '32'
2017-09-20 16:02:32: select count(*) as aggregate from `services` where `doctors_id` = '32' and `opened_at` is null and `services`.`deleted_at` is null
2017-09-20 16:02:32: select * from `messages` where `doctors_id` = '32' and `doctor_readed_at` is null and `visible` = 1 order by `created_at` desc
2017-09-20 16:02:32: select * from `parameters` where `type` = 'banner'
2017-09-20 16:02:32: select * from `parameters` where `type` = 'setting' and `key` = 'service_email' limit 1
2017-09-20 16:06:23: select count(*) as aggregate from `users` where `id` = '24'
2017-09-20 16:06:23: select * from `users` where `id` = '24' and `users`.`deleted_at` is null limit 1
2017-09-20 16:06:23: select * from `users` where `city_id` = 1 and `district_id` = 110 and `login_type` = '2' and `online` = 1 and `users`.`deleted_at` is null order by `online_at` desc
2017-09-20 16:06:23: select * from `messages` where `source` = 'doctor' and `started_at` is not null and `messages`.`doctors_id` in (22, 25, 29, 30, 31, 32, 33) and `members_id` = '24' order by `started_at` desc
2017-09-20 16:06:23: select * from `doctors` where `users_id` = 32 and `doctors`.`deleted_at` is null limit 1
2017-09-20 16:06:23: select * from `services` where `members_id` = '24' and `doctors_id` = 32 and `payment_status` = 1 and `services`.`deleted_at` is null
2017-09-20 16:06:23: select * from `parameters` where `type` = 'setting' and `key` = 'treatment_days_1' limit 1
2017-09-20 16:06:23: select * from `parameters` where `type` = 'setting' and `key` = 'treatment_days_2' limit 1
2017-09-20 16:06:23: select * from `doctors` where `users_id` = 33 and `doctors`.`deleted_at` is null limit 1
2017-09-20 16:06:23: select * from `services` where `members_id` = '24' and `doctors_id` = 33 and `payment_status` = 1 and `services`.`deleted_at` is null
2017-09-20 16:06:23: select * from `doctors` where `users_id` = 30 and `doctors`.`deleted_at` is null limit 1
2017-09-20 16:06:23: select * from `services` where `members_id` = '24' and `doctors_id` = 30 and `payment_status` = 1 and `services`.`deleted_at` is null
2017-09-20 16:06:23: select * from `doctors` where `users_id` = 31 and `doctors`.`deleted_at` is null limit 1
2017-09-20 16:06:23: select * from `services` where `members_id` = '24' and `doctors_id` = 31 and `payment_status` = 1 and `services`.`deleted_at` is null
2017-09-20 16:06:23: select * from `parameters` where `type` = 'setting' and `key` = 'treatment_days_2' limit 1
2017-09-20 16:06:23: select * from `doctors` where `users_id` = 22 and `doctors`.`deleted_at` is null limit 1
2017-09-20 16:06:23: select * from `services` where `members_id` = '24' and `doctors_id` = 22 and `payment_status` = 1 and `services`.`deleted_at` is null
2017-09-20 16:06:23: select * from `parameters` where `type` = 'setting' and `key` = 'treatment_days_2' limit 1
2017-09-20 16:06:23: select * from `doctors` where `users_id` = 29 and `doctors`.`deleted_at` is null limit 1
2017-09-20 16:06:23: select * from `services` where `members_id` = '24' and `doctors_id` = 29 and `payment_status` = 1 and `services`.`deleted_at` is null
2017-09-20 16:06:23: select * from `doctors` where `users_id` = 25 and `doctors`.`deleted_at` is null limit 1
2017-09-20 16:06:23: select * from `services` where `members_id` = '24' and `doctors_id` = 25 and `payment_status` = 1 and `services`.`deleted_at` is null
2017-09-20 16:06:23: select * from `parameters` where `type` = 'setting' and `key` = 'treatment_days_2' limit 1
2017-09-20 16:06:41: select * from `users` where `id` = '32' and `users`.`deleted_at` is null limit 1
2017-09-20 16:06:41: select * from `doctors` where `doctors`.`users_id` = 32 and `doctors`.`users_id` is not null and `doctors`.`deleted_at` is null limit 1
2017-09-20 16:06:57: select * from `users` where `id` = '30' and `users`.`deleted_at` is null limit 1
2017-09-20 16:06:57: select * from `doctors` where `doctors`.`users_id` = 30 and `doctors`.`users_id` is not null and `doctors`.`deleted_at` is null limit 1
2017-09-20 16:06:57: select count(*) as aggregate from `member_requests` where `member_requests`.`deleted_at` is null
2017-09-20 16:06:57: select count(*) as aggregate from `member_request_doctors` where `doctors_id` = '30'
2017-09-20 16:06:57: select count(*) as aggregate from `services` where `doctors_id` = '30' and `opened_at` is null and `services`.`deleted_at` is null
2017-09-20 16:06:57: select * from `messages` where `doctors_id` = '30' and `doctor_readed_at` is null and `visible` = 1 order by `created_at` desc
2017-09-20 16:06:57: select * from `parameters` where `type` = 'banner'
2017-09-20 16:06:57: select * from `parameters` where `type` = 'setting' and `key` = 'service_email' limit 1
2017-09-20 16:08:36: select * from `users` where `id` = '30' and `login_type` = 2 and `status` = 1 and `users`.`deleted_at` is null limit 1
2017-09-20 16:08:36: select * from `doctors` where `doctors`.`users_id` in (30) and `doctors`.`deleted_at` is null
2017-09-20 16:08:36: select * from `services` where `doctors_id` = '30' and `payment_status` = 1 and `paid_at` > '2017-08-20 16:08:36' and `services`.`deleted_at` is null
2017-09-20 16:08:36: select * from `messages` where `doctors_id` = '30' and 1 = 1 and `visible` = 1
2017-09-20 16:08:36: select count(*) as aggregate from `users` where `id` in (24) and `login_type` = 1 and `users`.`deleted_at` is null
2017-09-20 16:08:36: select * from `users` where `id` in (24) and `login_type` = 1 and `users`.`deleted_at` is null limit 10 offset 0
2017-09-20 16:08:36: select * from `member_requests` where `member_requests`.`members_id` in (24) and `member_requests`.`deleted_at` is null order by `created_at` desc
2017-09-20 16:08:36: select * from `doctors` where `doctors`.`users_id` = 24 and `doctors`.`users_id` is not null and `doctors`.`deleted_at` is null limit 1
2017-09-20 16:09:04: select count(*) as aggregate from `users` where `id` = '24'
2017-09-20 16:09:04: select * from `users` where `id` = '24' and `users`.`deleted_at` is null limit 1
2017-09-20 16:09:04: select * from `users` where `city_id` = 1 and `district_id` = 110 and `login_type` = '2' and `online` = 1 and `users`.`deleted_at` is null order by `online_at` desc
2017-09-20 16:09:04: select * from `messages` where `source` = 'doctor' and `started_at` is not null and `messages`.`doctors_id` in (22, 25, 29, 30, 31, 32, 33) and `members_id` = '24' order by `started_at` desc
2017-09-20 16:09:04: select * from `doctors` where `users_id` = 30 and `doctors`.`deleted_at` is null limit 1
2017-09-20 16:09:04: select * from `services` where `members_id` = '24' and `doctors_id` = 30 and `payment_status` = 1 and `services`.`deleted_at` is null
2017-09-20 16:09:04: select * from `doctors` where `users_id` = 32 and `doctors`.`deleted_at` is null limit 1
2017-09-20 16:09:04: select * from `services` where `members_id` = '24' and `doctors_id` = 32 and `payment_status` = 1 and `services`.`deleted_at` is null
2017-09-20 16:09:04: select * from `parameters` where `type` = 'setting' and `key` = 'treatment_days_1' limit 1
2017-09-20 16:09:04: select * from `parameters` where `type` = 'setting' and `key` = 'treatment_days_2' limit 1
2017-09-20 16:09:04: select * from `doctors` where `users_id` = 33 and `doctors`.`deleted_at` is null limit 1
2017-09-20 16:09:04: select * from `services` where `members_id` = '24' and `doctors_id` = 33 and `payment_status` = 1 and `services`.`deleted_at` is null
2017-09-20 16:09:04: select * from `doctors` where `users_id` = 31 and `doctors`.`deleted_at` is null limit 1
2017-09-20 16:09:04: select * from `services` where `members_id` = '24' and `doctors_id` = 31 and `payment_status` = 1 and `services`.`deleted_at` is null
2017-09-20 16:09:04: select * from `parameters` where `type` = 'setting' and `key` = 'treatment_days_2' limit 1
2017-09-20 16:09:04: select * from `doctors` where `users_id` = 22 and `doctors`.`deleted_at` is null limit 1
2017-09-20 16:09:04: select * from `services` where `members_id` = '24' and `doctors_id` = 22 and `payment_status` = 1 and `services`.`deleted_at` is null
2017-09-20 16:09:04: select * from `parameters` where `type` = 'setting' and `key` = 'treatment_days_2' limit 1
2017-09-20 16:09:04: select * from `doctors` where `users_id` = 29 and `doctors`.`deleted_at` is null limit 1
2017-09-20 16:09:04: select * from `services` where `members_id` = '24' and `doctors_id` = 29 and `payment_status` = 1 and `services`.`deleted_at` is null
2017-09-20 16:09:04: select * from `doctors` where `users_id` = 25 and `doctors`.`deleted_at` is null limit 1
2017-09-20 16:09:04: select * from `services` where `members_id` = '24' and `doctors_id` = 25 and `payment_status` = 1 and `services`.`deleted_at` is null
2017-09-20 16:09:04: select * from `parameters` where `type` = 'setting' and `key` = 'treatment_days_2' limit 1
2017-09-20 16:09:13: select count(*) as aggregate from `users` where `id` = '24'
2017-09-20 16:09:13: select * from `users` where `id` = '24' and `users`.`deleted_at` is null limit 1
2017-09-20 16:09:13: select * from `users` where `city_id` = 1 and `district_id` = 110 and `login_type` = '2' and `online` = 1 and `users`.`deleted_at` is null order by `online_at` desc
2017-09-20 16:09:13: select * from `messages` where `source` = 'doctor' and `started_at` is not null and `messages`.`doctors_id` in (22, 25, 29, 30, 31, 32, 33) and `members_id` = '24' order by `started_at` desc
2017-09-20 16:09:13: select * from `doctors` where `users_id` = 30 and `doctors`.`deleted_at` is null limit 1
2017-09-20 16:09:13: select * from `services` where `members_id` = '24' and `doctors_id` = 30 and `payment_status` = 1 and `services`.`deleted_at` is null
2017-09-20 16:09:13: select * from `doctors` where `users_id` = 32 and `doctors`.`deleted_at` is null limit 1
2017-09-20 16:09:13: select * from `services` where `members_id` = '24' and `doctors_id` = 32 and `payment_status` = 1 and `services`.`deleted_at` is null
2017-09-20 16:09:13: select * from `parameters` where `type` = 'setting' and `key` = 'treatment_days_1' limit 1
2017-09-20 16:09:13: select * from `parameters` where `type` = 'setting' and `key` = 'treatment_days_2' limit 1
2017-09-20 16:09:13: select * from `doctors` where `users_id` = 33 and `doctors`.`deleted_at` is null limit 1
2017-09-20 16:09:13: select * from `services` where `members_id` = '24' and `doctors_id` = 33 and `payment_status` = 1 and `services`.`deleted_at` is null
2017-09-20 16:09:13: select * from `doctors` where `users_id` = 31 and `doctors`.`deleted_at` is null limit 1
2017-09-20 16:09:13: select * from `services` where `members_id` = '24' and `doctors_id` = 31 and `payment_status` = 1 and `services`.`deleted_at` is null
2017-09-20 16:09:13: select * from `parameters` where `type` = 'setting' and `key` = 'treatment_days_2' limit 1
2017-09-20 16:09:13: select * from `doctors` where `users_id` = 22 and `doctors`.`deleted_at` is null limit 1
2017-09-20 16:09:13: select * from `services` where `members_id` = '24' and `doctors_id` = 22 and `payment_status` = 1 and `services`.`deleted_at` is null
2017-09-20 16:09:13: select * from `parameters` where `type` = 'setting' and `key` = 'treatment_days_2' limit 1
2017-09-20 16:09:13: select * from `doctors` where `users_id` = 29 and `doctors`.`deleted_at` is null limit 1
2017-09-20 16:09:13: select * from `services` where `members_id` = '24' and `doctors_id` = 29 and `payment_status` = 1 and `services`.`deleted_at` is null
2017-09-20 16:09:13: select * from `doctors` where `users_id` = 25 and `doctors`.`deleted_at` is null limit 1
2017-09-20 16:09:13: select * from `services` where `members_id` = '24' and `doctors_id` = 25 and `payment_status` = 1 and `services`.`deleted_at` is null
2017-09-20 16:09:13: select * from `parameters` where `type` = 'setting' and `key` = 'treatment_days_2' limit 1
