2017-12-29 15:53:33: select * from `users` where `id` = '12' and `users`.`deleted_at` is null limit 1
2017-12-29 15:53:33: select * from `doctors` where `doctors`.`users_id` = 12 and `doctors`.`users_id` is not null and `doctors`.`deleted_at` is null limit 1
2017-12-29 15:53:33: select count(*) as aggregate from `member_requests` where `member_requests`.`deleted_at` is null
2017-12-29 15:53:33: select count(*) as aggregate from `member_request_doctors` where `doctors_id` = '12'
2017-12-29 15:53:33: select count(*) as aggregate from `services` where `doctors_id` = '12' and `opened_at` is null and `services`.`deleted_at` is null
2017-12-29 15:53:33: select * from `messages` where `doctors_id` = '12' and `doctor_readed_at` is null and `visible` = 1 order by `created_at` desc
2017-12-29 15:53:33: select * from `parameters` where `type` = 'banner'
2017-12-29 15:53:33: select * from `parameters` where `type` = 'setting' and `key` = 'service_email' limit 1
2017-12-29 15:53:39: select * from `users` where `id` = '12' and `login_type` = 2 and `status` = 1 and `users`.`deleted_at` is null limit 1
2017-12-29 15:53:39: select * from `doctors` where `doctors`.`users_id` in (12) and `doctors`.`deleted_at` is null
2017-12-29 15:53:39: select * from `services` where `doctors_id` = '12' and `members_id` is not null and `services`.`deleted_at` is null
2017-12-29 15:53:39: select * from `services` where `doctors_id` = '12' and 0 = 1 and `payment_status` in (0, 1) and `services`.`deleted_at` is null order by `created_at` desc
2017-12-29 15:53:39: select * from `parameters` where `type` = 'setting' and `key` = 'message_expire_time' limit 1
2017-12-29 15:53:39: update `services` set `opened_at` = '2017-12-29 15:53:39', `updated_at` = '2017-12-29 15:53:39' where `doctors_id` = '12' and `opened_at` is null and `services`.`deleted_at` is null
2017-12-29 15:53:41: select * from `users` where `id` = '12' and `users`.`deleted_at` is null limit 1
2017-12-29 15:53:41: select * from `doctors` where `doctors`.`users_id` = 12 and `doctors`.`users_id` is not null and `doctors`.`deleted_at` is null limit 1
2017-12-29 15:53:41: select count(*) as aggregate from `member_requests` where `member_requests`.`deleted_at` is null
2017-12-29 15:53:41: select count(*) as aggregate from `member_request_doctors` where `doctors_id` = '12'
2017-12-29 15:53:41: select count(*) as aggregate from `services` where `doctors_id` = '12' and `opened_at` is null and `services`.`deleted_at` is null
2017-12-29 15:53:41: select * from `messages` where `doctors_id` = '12' and `doctor_readed_at` is null and `visible` = 1 order by `created_at` desc
2017-12-29 15:53:41: select * from `parameters` where `type` = 'banner'
2017-12-29 15:53:41: select * from `parameters` where `type` = 'setting' and `key` = 'service_email' limit 1
2017-12-29 15:53:46: select * from `users` where `id` = '12' and `users`.`deleted_at` is null limit 1
2017-12-29 15:53:46: select * from `doctors` where `doctors`.`users_id` = 12 and `doctors`.`users_id` is not null and `doctors`.`deleted_at` is null limit 1
2017-12-29 15:53:46: select count(*) as aggregate from `member_requests` where `member_requests`.`deleted_at` is null
2017-12-29 15:53:46: select count(*) as aggregate from `member_request_doctors` where `doctors_id` = '12'
2017-12-29 15:53:46: select count(*) as aggregate from `services` where `doctors_id` = '12' and `opened_at` is null and `services`.`deleted_at` is null
2017-12-29 15:53:46: select * from `messages` where `doctors_id` = '12' and `doctor_readed_at` is null and `visible` = 1 order by `created_at` desc
2017-12-29 15:53:46: select * from `parameters` where `type` = 'banner'
2017-12-29 15:53:46: select * from `parameters` where `type` = 'setting' and `key` = 'service_email' limit 1
2017-12-29 15:53:47: select * from `users` where `id` = '12' and `login_type` = 2 and `status` = 1 and `users`.`deleted_at` is null limit 1
2017-12-29 15:53:47: select * from `doctors` where `doctors`.`users_id` in (12) and `doctors`.`deleted_at` is null
2017-12-29 15:53:47: select * from `services` where `doctors_id` = '12' and `members_id` is not null and `services`.`deleted_at` is null
2017-12-29 15:53:47: select * from `services` where `doctors_id` = '12' and 0 = 1 and `payment_status` = 1 and `services`.`deleted_at` is null order by `created_at` desc
2017-12-29 15:53:47: select * from `parameters` where `type` = 'setting' and `key` = 'message_expire_time' limit 1
2017-12-29 15:53:47: update `services` set `opened_at` = '2017-12-29 15:53:47', `updated_at` = '2017-12-29 15:53:47' where `doctors_id` = '12' and `opened_at` is null and `services`.`deleted_at` is null
2017-12-29 15:53:49: select * from `users` where `id` = '12' and `users`.`deleted_at` is null limit 1
2017-12-29 15:53:49: select * from `doctors` where `doctors`.`users_id` = 12 and `doctors`.`users_id` is not null and `doctors`.`deleted_at` is null limit 1
2017-12-29 15:53:49: select count(*) as aggregate from `member_requests` where `member_requests`.`deleted_at` is null
2017-12-29 15:53:49: select count(*) as aggregate from `member_request_doctors` where `doctors_id` = '12'
2017-12-29 15:53:49: select count(*) as aggregate from `services` where `doctors_id` = '12' and `opened_at` is null and `services`.`deleted_at` is null
2017-12-29 15:53:49: select * from `messages` where `doctors_id` = '12' and `doctor_readed_at` is null and `visible` = 1 order by `created_at` desc
2017-12-29 15:53:49: select * from `parameters` where `type` = 'banner'
2017-12-29 15:53:49: select * from `parameters` where `type` = 'setting' and `key` = 'service_email' limit 1
2017-12-29 15:53:53: select * from `users` where `id` = '12' and `users`.`deleted_at` is null limit 1
2017-12-29 15:53:53: select * from `doctors` where `doctors`.`users_id` = 12 and `doctors`.`users_id` is not null and `doctors`.`deleted_at` is null limit 1
2017-12-29 15:54:02: select * from `users` where `id` = '12' and `users`.`deleted_at` is null limit 1
2017-12-29 15:54:02: select * from `doctors` where `doctors`.`users_id` = 12 and `doctors`.`users_id` is not null and `doctors`.`deleted_at` is null limit 1
2017-12-29 15:54:02: select count(*) as aggregate from `member_requests` where `member_requests`.`deleted_at` is null
2017-12-29 15:54:02: select count(*) as aggregate from `member_request_doctors` where `doctors_id` = '12'
2017-12-29 15:54:02: select count(*) as aggregate from `services` where `doctors_id` = '12' and `opened_at` is null and `services`.`deleted_at` is null
2017-12-29 15:54:02: select * from `messages` where `doctors_id` = '12' and `doctor_readed_at` is null and `visible` = 1 order by `created_at` desc
2017-12-29 15:54:02: select * from `parameters` where `type` = 'banner'
2017-12-29 15:54:02: select * from `parameters` where `type` = 'setting' and `key` = 'service_email' limit 1
2017-12-29 21:55:09: select * from `users` where `id` = '12' and `users`.`deleted_at` is null limit 1
2017-12-29 21:55:09: select * from `doctors` where `doctors`.`users_id` = 12 and `doctors`.`users_id` is not null and `doctors`.`deleted_at` is null limit 1
2017-12-29 21:55:09: select count(*) as aggregate from `member_requests` where `member_requests`.`deleted_at` is null
2017-12-29 21:55:09: select count(*) as aggregate from `member_request_doctors` where `doctors_id` = '12'
2017-12-29 21:55:09: select count(*) as aggregate from `services` where `doctors_id` = '12' and `opened_at` is null and `services`.`deleted_at` is null
2017-12-29 21:55:09: select * from `messages` where `doctors_id` = '12' and `doctor_readed_at` is null and `visible` = 1 order by `created_at` desc
2017-12-29 21:55:09: select * from `parameters` where `type` = 'banner'
2017-12-29 21:55:09: select * from `parameters` where `type` = 'setting' and `key` = 'service_email' limit 1
