2017-12-07 12:13:32: select * from `users` where `id` = '13' and `users`.`deleted_at` is null limit 1
2017-12-07 12:13:32: select * from `doctors` where `doctors`.`users_id` = 13 and `doctors`.`users_id` is not null and `doctors`.`deleted_at` is null limit 1
2017-12-07 12:13:32: select count(*) as aggregate from `member_requests` where `member_requests`.`deleted_at` is null
2017-12-07 12:13:32: select count(*) as aggregate from `member_request_doctors` where `doctors_id` = '13'
2017-12-07 12:13:32: select count(*) as aggregate from `services` where `doctors_id` = '13' and `opened_at` is null and `services`.`deleted_at` is null
2017-12-07 12:13:32: select * from `messages` where `doctors_id` = '13' and `doctor_readed_at` is null and `visible` = 1 order by `created_at` desc
2017-12-07 12:13:32: select * from `parameters` where `type` = 'banner'
2017-12-07 12:13:32: select * from `parameters` where `type` = 'setting' and `key` = 'service_email' limit 1
2017-12-07 12:13:37: select * from `users` where `id` = '13' and `login_type` = 2 and `status` = 1 and `users`.`deleted_at` is null limit 1
2017-12-07 12:13:37: select * from `doctors` where `doctors`.`users_id` in (13) and `doctors`.`deleted_at` is null
2017-12-07 12:13:37: select * from `services` where `doctors_id` = '13' and `members_id` is not null and `services`.`deleted_at` is null
2017-12-07 12:13:37: select * from `services` where `doctors_id` = '13' and 0 = 1 and `payment_status` in (0, 1) and `services`.`deleted_at` is null order by `created_at` desc
2017-12-07 12:13:37: select * from `parameters` where `type` = 'setting' and `key` = 'message_expire_time' limit 1
2017-12-07 12:13:37: update `services` set `opened_at` = '2017-12-07 12:13:37', `updated_at` = '2017-12-07 12:13:37' where `doctors_id` = '13' and `opened_at` is null and `services`.`deleted_at` is null
2017-12-07 12:13:39: select * from `users` where `id` = '13' and `users`.`deleted_at` is null limit 1
2017-12-07 12:13:39: select * from `doctors` where `doctors`.`users_id` = 13 and `doctors`.`users_id` is not null and `doctors`.`deleted_at` is null limit 1
2017-12-07 12:13:39: select count(*) as aggregate from `member_requests` where `member_requests`.`deleted_at` is null
2017-12-07 12:13:39: select count(*) as aggregate from `member_request_doctors` where `doctors_id` = '13'
2017-12-07 12:13:39: select count(*) as aggregate from `services` where `doctors_id` = '13' and `opened_at` is null and `services`.`deleted_at` is null
2017-12-07 12:13:39: select * from `messages` where `doctors_id` = '13' and `doctor_readed_at` is null and `visible` = 1 order by `created_at` desc
2017-12-07 12:13:39: select * from `parameters` where `type` = 'banner'
2017-12-07 12:13:39: select * from `parameters` where `type` = 'setting' and `key` = 'service_email' limit 1
2017-12-07 12:13:40: select * from `users` where `id` = '13' and `users`.`deleted_at` is null limit 1
2017-12-07 12:13:40: select * from `doctors` where `doctors`.`users_id` = 13 and `doctors`.`users_id` is not null and `doctors`.`deleted_at` is null limit 1
2017-12-07 14:37:34: select * from `users` where `id` = '13' and `users`.`deleted_at` is null limit 1
2017-12-07 14:37:34: select * from `doctors` where `doctors`.`users_id` = 13 and `doctors`.`users_id` is not null and `doctors`.`deleted_at` is null limit 1
2017-12-07 14:37:34: select count(*) as aggregate from `member_requests` where `member_requests`.`deleted_at` is null
2017-12-07 14:37:34: select count(*) as aggregate from `member_request_doctors` where `doctors_id` = '13'
2017-12-07 14:37:34: select count(*) as aggregate from `services` where `doctors_id` = '13' and `opened_at` is null and `services`.`deleted_at` is null
2017-12-07 14:37:34: select * from `messages` where `doctors_id` = '13' and `doctor_readed_at` is null and `visible` = 1 order by `created_at` desc
2017-12-07 14:37:34: select * from `parameters` where `type` = 'banner'
2017-12-07 14:37:34: select * from `parameters` where `type` = 'setting' and `key` = 'service_email' limit 1
2017-12-07 14:37:54: select * from `users` where `id` = '13' and `login_type` = 2 and `status` = 1 and `users`.`deleted_at` is null limit 1
2017-12-07 14:37:54: select * from `doctors` where `doctors`.`users_id` in (13) and `doctors`.`deleted_at` is null
2017-12-07 14:37:54: select * from `services` where `doctors_id` = '13' and `payment_status` = 1 and `paid_at` > '2017-11-07 14:37:54' and `services`.`deleted_at` is null
2017-12-07 14:37:54: select * from `messages` where `doctors_id` = '13' and 1 = 1 and `visible` = 1
2017-12-07 14:37:54: select count(*) as aggregate from `users` where 0 = 1 and `login_type` = 1 and `users`.`deleted_at` is null
2017-12-07 14:38:42: select * from `users` where `id` = '13' and `users`.`deleted_at` is null limit 1
2017-12-07 14:38:42: select * from `doctors` where `doctors`.`users_id` = 13 and `doctors`.`users_id` is not null and `doctors`.`deleted_at` is null limit 1
2017-12-07 14:38:42: select count(*) as aggregate from `member_requests` where `member_requests`.`deleted_at` is null
2017-12-07 14:38:42: select count(*) as aggregate from `member_request_doctors` where `doctors_id` = '13'
2017-12-07 14:38:42: select count(*) as aggregate from `services` where `doctors_id` = '13' and `opened_at` is null and `services`.`deleted_at` is null
2017-12-07 14:38:42: select * from `messages` where `doctors_id` = '13' and `doctor_readed_at` is null and `visible` = 1 order by `created_at` desc
2017-12-07 14:38:42: select * from `parameters` where `type` = 'banner'
2017-12-07 14:38:42: select * from `parameters` where `type` = 'setting' and `key` = 'service_email' limit 1
2017-12-07 19:07:30: select count(*) as aggregate from `users` where `id` = '18'
2017-12-07 19:07:30: select * from `users` where `id` = '18' and `users`.`deleted_at` is null limit 1
2017-12-07 19:07:30: select * from `users` where `city_id` = 1 and `login_type` = '2' and `online` = 1 and `users`.`deleted_at` is null order by `online_at` desc
2017-12-07 19:07:30: select * from `messages` where `source` = 'doctor' and `started_at` is not null and `messages`.`doctors_id` in (9, 11, 13, 14) and `members_id` = '18' order by `started_at` desc
2017-12-07 19:07:30: select * from `doctors` where `users_id` = 14 and `doctors`.`deleted_at` is null limit 1
2017-12-07 19:07:30: select * from `services` where `members_id` = '18' and `payment_status` = 1 and `services`.`deleted_at` is null order by `id` desc limit 1
2017-12-07 19:07:30: select * from `doctors` where `users_id` = 13 and `doctors`.`deleted_at` is null limit 1
2017-12-07 19:07:30: select * from `services` where `members_id` = '18' and `payment_status` = 1 and `services`.`deleted_at` is null order by `id` desc limit 1
2017-12-07 19:07:30: select * from `doctors` where `users_id` = 9 and `doctors`.`deleted_at` is null limit 1
2017-12-07 19:07:30: select * from `services` where `members_id` = '18' and `payment_status` = 1 and `services`.`deleted_at` is null order by `id` desc limit 1
2017-12-07 19:07:30: select * from `doctors` where `users_id` = 11 and `doctors`.`deleted_at` is null limit 1
2017-12-07 19:07:30: select * from `services` where `members_id` = '18' and `payment_status` = 1 and `services`.`deleted_at` is null order by `id` desc limit 1
2017-12-07 19:08:09: select count(*) as aggregate from `users` where `id` = '18'
2017-12-07 19:08:09: select * from `users` where `id` = '18' and `users`.`deleted_at` is null limit 1
2017-12-07 19:08:09: select * from `users` where `city_id` = 1 and `login_type` = '2' and `online` = 1 and `users`.`deleted_at` is null order by `online_at` desc
2017-12-07 19:08:09: select * from `messages` where `source` = 'doctor' and `started_at` is not null and `messages`.`doctors_id` in (9, 11, 13, 14) and `members_id` = '18' order by `started_at` desc
2017-12-07 19:08:09: select * from `doctors` where `users_id` = 14 and `doctors`.`deleted_at` is null limit 1
2017-12-07 19:08:09: select * from `services` where `members_id` = '18' and `payment_status` = 1 and `services`.`deleted_at` is null order by `id` desc limit 1
2017-12-07 19:08:09: select * from `doctors` where `users_id` = 13 and `doctors`.`deleted_at` is null limit 1
2017-12-07 19:08:09: select * from `services` where `members_id` = '18' and `payment_status` = 1 and `services`.`deleted_at` is null order by `id` desc limit 1
2017-12-07 19:08:09: select * from `doctors` where `users_id` = 9 and `doctors`.`deleted_at` is null limit 1
2017-12-07 19:08:09: select * from `services` where `members_id` = '18' and `payment_status` = 1 and `services`.`deleted_at` is null order by `id` desc limit 1
2017-12-07 19:08:09: select * from `doctors` where `users_id` = 11 and `doctors`.`deleted_at` is null limit 1
2017-12-07 19:08:09: select * from `services` where `members_id` = '18' and `payment_status` = 1 and `services`.`deleted_at` is null order by `id` desc limit 1
2017-12-07 19:08:24: select count(*) as aggregate from `users` where `id` = '18'
2017-12-07 19:08:24: select * from `users` where `id` = '18' and `users`.`deleted_at` is null limit 1
2017-12-07 19:08:24: select * from `users` where `city_id` = 1 and `login_type` = '2' and `online` = 1 and `users`.`deleted_at` is null order by `online_at` desc
2017-12-07 19:08:24: select * from `messages` where `source` = 'doctor' and `started_at` is not null and `messages`.`doctors_id` in (9, 11, 13, 14) and `members_id` = '18' order by `started_at` desc
2017-12-07 19:08:24: select * from `doctors` where `users_id` = 14 and `doctors`.`deleted_at` is null limit 1
2017-12-07 19:08:24: select * from `services` where `members_id` = '18' and `payment_status` = 1 and `services`.`deleted_at` is null order by `id` desc limit 1
2017-12-07 19:08:24: select * from `doctors` where `users_id` = 13 and `doctors`.`deleted_at` is null limit 1
2017-12-07 19:08:24: select * from `services` where `members_id` = '18' and `payment_status` = 1 and `services`.`deleted_at` is null order by `id` desc limit 1
2017-12-07 19:08:24: select * from `doctors` where `users_id` = 9 and `doctors`.`deleted_at` is null limit 1
2017-12-07 19:08:24: select * from `services` where `members_id` = '18' and `payment_status` = 1 and `services`.`deleted_at` is null order by `id` desc limit 1
2017-12-07 19:08:24: select * from `doctors` where `users_id` = 11 and `doctors`.`deleted_at` is null limit 1
2017-12-07 19:08:24: select * from `services` where `members_id` = '18' and `payment_status` = 1 and `services`.`deleted_at` is null order by `id` desc limit 1
2017-12-07 19:08:39: select count(*) as aggregate from `users` where `id` = '18'
2017-12-07 19:08:39: select * from `users` where `id` = '18' and `users`.`deleted_at` is null limit 1
2017-12-07 19:08:39: select * from `users` where `city_id` = 1 and `login_type` = '2' and `online` = 1 and `users`.`deleted_at` is null order by `online_at` desc
2017-12-07 19:08:39: select * from `messages` where `source` = 'doctor' and `started_at` is not null and `messages`.`doctors_id` in (9, 11, 13, 14) and `members_id` = '18' order by `started_at` desc
2017-12-07 19:08:39: select * from `doctors` where `users_id` = 14 and `doctors`.`deleted_at` is null limit 1
2017-12-07 19:08:39: select * from `services` where `members_id` = '18' and `payment_status` = 1 and `services`.`deleted_at` is null order by `id` desc limit 1
2017-12-07 19:08:39: select * from `doctors` where `users_id` = 13 and `doctors`.`deleted_at` is null limit 1
2017-12-07 19:08:39: select * from `services` where `members_id` = '18' and `payment_status` = 1 and `services`.`deleted_at` is null order by `id` desc limit 1
2017-12-07 19:08:39: select * from `doctors` where `users_id` = 9 and `doctors`.`deleted_at` is null limit 1
2017-12-07 19:08:39: select * from `services` where `members_id` = '18' and `payment_status` = 1 and `services`.`deleted_at` is null order by `id` desc limit 1
2017-12-07 19:08:39: select * from `doctors` where `users_id` = 11 and `doctors`.`deleted_at` is null limit 1
2017-12-07 19:08:39: select * from `services` where `members_id` = '18' and `payment_status` = 1 and `services`.`deleted_at` is null order by `id` desc limit 1
2017-12-07 19:09:40: select count(*) as aggregate from `users` where `id` = '18'
2017-12-07 19:09:40: select * from `users` where `id` = '18' and `users`.`deleted_at` is null limit 1
2017-12-07 19:09:40: select * from `users` where `city_id` = 18 and `login_type` = '2' and `online` = 1 and `users`.`deleted_at` is null order by `online_at` desc
2017-12-07 19:09:40: select * from `messages` where `source` = 'doctor' and `started_at` is not null and `messages`.`doctors_id` in (5, 6) and `members_id` = '18' order by `started_at` desc
2017-12-07 19:09:40: select * from `doctors` where `users_id` = 5 and `doctors`.`deleted_at` is null limit 1
2017-12-07 19:09:40: select * from `services` where `members_id` = '18' and `payment_status` = 1 and `services`.`deleted_at` is null order by `id` desc limit 1
2017-12-07 19:09:40: select * from `doctors` where `users_id` = 6 and `doctors`.`deleted_at` is null limit 1
2017-12-07 19:09:40: select * from `services` where `members_id` = '18' and `payment_status` = 1 and `services`.`deleted_at` is null order by `id` desc limit 1
2017-12-07 19:10:10: select count(*) as aggregate from `users` where `id` = '18'
2017-12-07 19:10:10: select * from `users` where `id` = '18' and `users`.`deleted_at` is null limit 1
2017-12-07 19:10:10: select * from `users` where `city_id` = 18 and `login_type` = '2' and `online` = 1 and `users`.`deleted_at` is null order by `online_at` desc
2017-12-07 19:10:10: select * from `messages` where `source` = 'doctor' and `started_at` is not null and `messages`.`doctors_id` in (5, 6) and `members_id` = '18' order by `started_at` desc
2017-12-07 19:10:10: select * from `doctors` where `users_id` = 5 and `doctors`.`deleted_at` is null limit 1
2017-12-07 19:10:10: select * from `services` where `members_id` = '18' and `payment_status` = 1 and `services`.`deleted_at` is null order by `id` desc limit 1
2017-12-07 19:10:10: select * from `doctors` where `users_id` = 6 and `doctors`.`deleted_at` is null limit 1
2017-12-07 19:10:10: select * from `services` where `members_id` = '18' and `payment_status` = 1 and `services`.`deleted_at` is null order by `id` desc limit 1
2017-12-07 19:11:39: select count(*) as aggregate from `users` where `id` = '18'
2017-12-07 19:11:39: select * from `users` where `id` = '18' and `users`.`deleted_at` is null limit 1
2017-12-07 19:11:39: select * from `users` where `city_id` = 18 and `login_type` = '2' and `online` = 1 and `users`.`deleted_at` is null order by `online_at` desc
2017-12-07 19:11:39: select * from `messages` where `source` = 'doctor' and `started_at` is not null and `messages`.`doctors_id` in (5, 6) and `members_id` = '18' order by `started_at` desc
2017-12-07 19:11:39: select * from `doctors` where `users_id` = 5 and `doctors`.`deleted_at` is null limit 1
2017-12-07 19:11:39: select * from `services` where `members_id` = '18' and `payment_status` = 1 and `services`.`deleted_at` is null order by `id` desc limit 1
2017-12-07 19:11:39: select * from `doctors` where `users_id` = 6 and `doctors`.`deleted_at` is null limit 1
2017-12-07 19:11:39: select * from `services` where `members_id` = '18' and `payment_status` = 1 and `services`.`deleted_at` is null order by `id` desc limit 1
2017-12-07 19:12:07: select count(*) as aggregate from `users` where `id` = '18'
2017-12-07 19:12:07: select * from `users` where `id` = '18' and `users`.`deleted_at` is null limit 1
2017-12-07 19:12:07: select * from `users` where `city_id` = 18 and `login_type` = '2' and `online` = 1 and `users`.`deleted_at` is null order by `online_at` desc
2017-12-07 19:12:07: select * from `messages` where `source` = 'doctor' and `started_at` is not null and `messages`.`doctors_id` in (5, 6) and `members_id` = '18' order by `started_at` desc
2017-12-07 19:12:07: select * from `doctors` where `users_id` = 5 and `doctors`.`deleted_at` is null limit 1
2017-12-07 19:12:07: select * from `services` where `members_id` = '18' and `payment_status` = 1 and `services`.`deleted_at` is null order by `id` desc limit 1
2017-12-07 19:12:07: select * from `doctors` where `users_id` = 6 and `doctors`.`deleted_at` is null limit 1
2017-12-07 19:12:07: select * from `services` where `members_id` = '18' and `payment_status` = 1 and `services`.`deleted_at` is null order by `id` desc limit 1
2017-12-07 19:12:10: select count(*) as aggregate from `users` where `id` = '18'
2017-12-07 19:12:10: select * from `users` where `id` = '18' and `users`.`deleted_at` is null limit 1
2017-12-07 19:12:10: select * from `users` where `city_id` = 18 and `login_type` = '2' and `online` = 1 and `users`.`deleted_at` is null order by `online_at` desc
2017-12-07 19:12:10: select * from `messages` where `source` = 'doctor' and `started_at` is not null and `messages`.`doctors_id` in (5, 6) and `members_id` = '18' order by `started_at` desc
2017-12-07 19:12:10: select * from `doctors` where `users_id` = 5 and `doctors`.`deleted_at` is null limit 1
2017-12-07 19:12:10: select * from `services` where `members_id` = '18' and `payment_status` = 1 and `services`.`deleted_at` is null order by `id` desc limit 1
2017-12-07 19:12:10: select * from `doctors` where `users_id` = 6 and `doctors`.`deleted_at` is null limit 1
2017-12-07 19:12:10: select * from `services` where `members_id` = '18' and `payment_status` = 1 and `services`.`deleted_at` is null order by `id` desc limit 1
2017-12-07 19:12:11: select count(*) as aggregate from `users` where `id` = '18'
2017-12-07 19:12:11: select * from `users` where `id` = '18' and `users`.`deleted_at` is null limit 1
2017-12-07 19:12:11: select * from `users` where `city_id` = 18 and `login_type` = '2' and `online` = 1 and `users`.`deleted_at` is null order by `online_at` desc
2017-12-07 19:12:11: select * from `messages` where `source` = 'doctor' and `started_at` is not null and `messages`.`doctors_id` in (5, 6) and `members_id` = '18' order by `started_at` desc
2017-12-07 19:12:11: select * from `doctors` where `users_id` = 5 and `doctors`.`deleted_at` is null limit 1
2017-12-07 19:12:11: select * from `services` where `members_id` = '18' and `payment_status` = 1 and `services`.`deleted_at` is null order by `id` desc limit 1
2017-12-07 19:12:11: select * from `doctors` where `users_id` = 6 and `doctors`.`deleted_at` is null limit 1
2017-12-07 19:12:11: select * from `services` where `members_id` = '18' and `payment_status` = 1 and `services`.`deleted_at` is null order by `id` desc limit 1
2017-12-07 19:12:14: select count(*) as aggregate from `users` where `id` = '18'
2017-12-07 19:12:14: select * from `users` where `id` = '18' and `users`.`deleted_at` is null limit 1
2017-12-07 19:12:14: select * from `users` where `city_id` = 18 and `login_type` = '2' and `online` = 1 and `users`.`deleted_at` is null order by `online_at` desc
2017-12-07 19:12:14: select * from `messages` where `source` = 'doctor' and `started_at` is not null and `messages`.`doctors_id` in (5, 6) and `members_id` = '18' order by `started_at` desc
2017-12-07 19:12:14: select * from `doctors` where `users_id` = 5 and `doctors`.`deleted_at` is null limit 1
2017-12-07 19:12:14: select * from `services` where `members_id` = '18' and `payment_status` = 1 and `services`.`deleted_at` is null order by `id` desc limit 1
2017-12-07 19:12:14: select * from `doctors` where `users_id` = 6 and `doctors`.`deleted_at` is null limit 1
2017-12-07 19:12:14: select * from `services` where `members_id` = '18' and `payment_status` = 1 and `services`.`deleted_at` is null order by `id` desc limit 1
2017-12-07 19:12:22: select count(*) as aggregate from `users` where `id` = '18'
2017-12-07 19:12:22: select * from `users` where `id` = '18' and `users`.`deleted_at` is null limit 1
2017-12-07 19:12:22: select * from `users` where `city_id` = 18 and `login_type` = '2' and `online` = 1 and `users`.`deleted_at` is null order by `online_at` desc
2017-12-07 19:12:22: select * from `messages` where `source` = 'doctor' and `started_at` is not null and `messages`.`doctors_id` in (5, 6) and `members_id` = '18' order by `started_at` desc
2017-12-07 19:12:22: select * from `doctors` where `users_id` = 5 and `doctors`.`deleted_at` is null limit 1
2017-12-07 19:12:22: select * from `services` where `members_id` = '18' and `payment_status` = 1 and `services`.`deleted_at` is null order by `id` desc limit 1
2017-12-07 19:12:22: select * from `doctors` where `users_id` = 6 and `doctors`.`deleted_at` is null limit 1
2017-12-07 19:12:22: select * from `services` where `members_id` = '18' and `payment_status` = 1 and `services`.`deleted_at` is null order by `id` desc limit 1
2017-12-07 19:12:25: select count(*) as aggregate from `users` where `id` = '18'
2017-12-07 19:12:25: select * from `users` where `id` = '18' and `users`.`deleted_at` is null limit 1
2017-12-07 19:12:25: select * from `users` where `city_id` = 18 and `login_type` = '2' and `online` = 1 and `users`.`deleted_at` is null order by `online_at` desc
2017-12-07 19:12:25: select * from `messages` where `source` = 'doctor' and `started_at` is not null and `messages`.`doctors_id` in (5, 6) and `members_id` = '18' order by `started_at` desc
2017-12-07 19:12:25: select * from `doctors` where `users_id` = 5 and `doctors`.`deleted_at` is null limit 1
2017-12-07 19:12:25: select * from `services` where `members_id` = '18' and `payment_status` = 1 and `services`.`deleted_at` is null order by `id` desc limit 1
2017-12-07 19:12:25: select * from `doctors` where `users_id` = 6 and `doctors`.`deleted_at` is null limit 1
2017-12-07 19:12:25: select * from `services` where `members_id` = '18' and `payment_status` = 1 and `services`.`deleted_at` is null order by `id` desc limit 1
2017-12-07 19:12:27: select count(*) as aggregate from `users` where `id` = '18'
2017-12-07 19:12:27: select * from `users` where `id` = '18' and `users`.`deleted_at` is null limit 1
2017-12-07 19:12:27: select * from `users` where `city_id` = 18 and `login_type` = '2' and `online` = 1 and `users`.`deleted_at` is null order by `online_at` desc
2017-12-07 19:12:27: select * from `messages` where `source` = 'doctor' and `started_at` is not null and `messages`.`doctors_id` in (5, 6) and `members_id` = '18' order by `started_at` desc
2017-12-07 19:12:27: select * from `doctors` where `users_id` = 5 and `doctors`.`deleted_at` is null limit 1
2017-12-07 19:12:27: select * from `services` where `members_id` = '18' and `payment_status` = 1 and `services`.`deleted_at` is null order by `id` desc limit 1
2017-12-07 19:12:27: select * from `doctors` where `users_id` = 6 and `doctors`.`deleted_at` is null limit 1
2017-12-07 19:12:27: select * from `services` where `members_id` = '18' and `payment_status` = 1 and `services`.`deleted_at` is null order by `id` desc limit 1
2017-12-07 20:29:35: select * from `users` where `id` = '13' and `users`.`deleted_at` is null limit 1
2017-12-07 20:29:35: select * from `doctors` where `doctors`.`users_id` = 13 and `doctors`.`users_id` is not null and `doctors`.`deleted_at` is null limit 1
2017-12-07 20:29:35: select count(*) as aggregate from `member_requests` where `member_requests`.`deleted_at` is null
2017-12-07 20:29:35: select count(*) as aggregate from `member_request_doctors` where `doctors_id` = '13'
2017-12-07 20:29:35: select count(*) as aggregate from `services` where `doctors_id` = '13' and `opened_at` is null and `services`.`deleted_at` is null
2017-12-07 20:29:35: select * from `messages` where `doctors_id` = '13' and `doctor_readed_at` is null and `visible` = 1 order by `created_at` desc
2017-12-07 20:29:35: select * from `parameters` where `type` = 'banner'
2017-12-07 20:29:35: select * from `parameters` where `type` = 'setting' and `key` = 'service_email' limit 1
