2017-11-24 02:53:43: select count(*) as aggregate from `users` where `id` = '3'
2017-11-24 02:53:43: select * from `users` where `id` = '3' and `users`.`deleted_at` is null limit 1
2017-11-24 02:53:43: select * from `users` where `city_id` = 18 and `login_type` = '2' and `online` = 1 and `users`.`deleted_at` is null order by `online_at` desc
2017-11-24 02:54:06: select count(*) as aggregate from `users` where `id` = '3'
2017-11-24 02:54:06: select * from `users` where `id` = '3' and `users`.`deleted_at` is null limit 1
2017-11-24 02:54:06: select * from `users` where `city_id` = 18 and `login_type` = '2' and `online` = 1 and `users`.`deleted_at` is null order by `online_at` desc
2017-11-24 02:54:18: select count(*) as aggregate from `users` where `id` = '3'
2017-11-24 02:54:18: select * from `users` where `id` = '3' and `users`.`deleted_at` is null limit 1
2017-11-24 02:54:18: select * from `users` where `city_id` = 18 and `login_type` = '2' and `online` = 1 and `users`.`deleted_at` is null order by `online_at` desc
2017-11-24 14:53:57: select count(*) as aggregate from `users` where `id` = '4'
2017-11-24 14:53:57: select * from `users` where `id` = '4' and `users`.`deleted_at` is null limit 1
2017-11-24 14:53:57: select * from `users` where `city_id` = 10 and `login_type` = '2' and `online` = 1 and `users`.`deleted_at` is null order by `online_at` desc
2017-11-24 14:54:12: select count(*) as aggregate from `users` where `id` = '4'
2017-11-24 14:54:12: select * from `users` where `id` = '4' and `users`.`deleted_at` is null limit 1
2017-11-24 14:54:12: select * from `users` where `city_id` = 10 and `login_type` = '2' and `online` = 1 and `users`.`deleted_at` is null order by `online_at` desc
2017-11-24 14:54:37: select count(*) as aggregate from `users` where `id` = '4'
2017-11-24 14:54:37: select * from `users` where `id` = '4' and `users`.`deleted_at` is null limit 1
2017-11-24 14:54:37: select * from `users` where `city_id` = 10 and `login_type` = '2' and `online` = 1 and `users`.`deleted_at` is null order by `online_at` desc
2017-11-24 19:38:15: select * from `users` where `id` = '2' and `users`.`deleted_at` is null limit 1
2017-11-24 19:38:15: select * from `doctors` where `doctors`.`users_id` = 2 and `doctors`.`users_id` is not null and `doctors`.`deleted_at` is null limit 1
2017-11-24 19:38:15: select count(*) as aggregate from `member_requests` where `member_requests`.`deleted_at` is null
2017-11-24 19:38:15: select count(*) as aggregate from `member_request_doctors` where `doctors_id` = '2'
2017-11-24 19:38:15: select count(*) as aggregate from `services` where `doctors_id` = '2' and `opened_at` is null and `services`.`deleted_at` is null
2017-11-24 19:38:15: select * from `messages` where `doctors_id` = '2' and `doctor_readed_at` is null and `visible` = 1 order by `created_at` desc
2017-11-24 19:38:15: select * from `parameters` where `type` = 'banner'
2017-11-24 19:38:15: select * from `parameters` where `type` = 'setting' and `key` = 'service_email' limit 1
2017-11-24 19:38:47: select * from `users` where `id` = '2' and `users`.`deleted_at` is null limit 1
2017-11-24 19:38:47: select * from `doctors` where `doctors`.`users_id` = 2 and `doctors`.`users_id` is not null and `doctors`.`deleted_at` is null limit 1
2017-11-24 19:38:47: select count(*) as aggregate from `member_requests` where `member_requests`.`deleted_at` is null
2017-11-24 19:38:47: select count(*) as aggregate from `member_request_doctors` where `doctors_id` = '2'
2017-11-24 19:38:47: select count(*) as aggregate from `services` where `doctors_id` = '2' and `opened_at` is null and `services`.`deleted_at` is null
2017-11-24 19:38:47: select * from `messages` where `doctors_id` = '2' and `doctor_readed_at` is null and `visible` = 1 order by `created_at` desc
2017-11-24 19:38:47: select * from `parameters` where `type` = 'banner'
2017-11-24 19:38:47: select * from `parameters` where `type` = 'setting' and `key` = 'service_email' limit 1
2017-11-24 19:39:06: select * from `users` where `id` = '2' and `users`.`deleted_at` is null limit 1
2017-11-24 19:39:06: select * from `doctors` where `doctors`.`users_id` = 2 and `doctors`.`users_id` is not null and `doctors`.`deleted_at` is null limit 1
2017-11-24 19:39:06: select count(*) as aggregate from `member_requests` where `member_requests`.`deleted_at` is null
2017-11-24 19:39:06: select count(*) as aggregate from `member_request_doctors` where `doctors_id` = '2'
2017-11-24 19:39:06: select count(*) as aggregate from `services` where `doctors_id` = '2' and `opened_at` is null and `services`.`deleted_at` is null
2017-11-24 19:39:06: select * from `messages` where `doctors_id` = '2' and `doctor_readed_at` is null and `visible` = 1 order by `created_at` desc
2017-11-24 19:39:06: select * from `parameters` where `type` = 'banner'
2017-11-24 19:39:06: select * from `parameters` where `type` = 'setting' and `key` = 'service_email' limit 1
2017-11-24 19:39:31: select * from `users` where `id` = '2' and `users`.`deleted_at` is null limit 1
2017-11-24 19:39:31: select * from `doctors` where `doctors`.`users_id` = 2 and `doctors`.`users_id` is not null and `doctors`.`deleted_at` is null limit 1
2017-11-24 19:39:31: select count(*) as aggregate from `member_requests` where `member_requests`.`deleted_at` is null
2017-11-24 19:39:31: select count(*) as aggregate from `member_request_doctors` where `doctors_id` = '2'
2017-11-24 19:39:31: select count(*) as aggregate from `services` where `doctors_id` = '2' and `opened_at` is null and `services`.`deleted_at` is null
2017-11-24 19:39:31: select * from `messages` where `doctors_id` = '2' and `doctor_readed_at` is null and `visible` = 1 order by `created_at` desc
2017-11-24 19:39:31: select * from `parameters` where `type` = 'banner'
2017-11-24 19:39:31: select * from `parameters` where `type` = 'setting' and `key` = 'service_email' limit 1
2017-11-24 19:39:34: select * from `users` where `id` = '2' and `login_type` = 2 and `status` = 1 and `users`.`deleted_at` is null limit 1
2017-11-24 19:39:34: select * from `doctors` where `doctors`.`users_id` in (2) and `doctors`.`deleted_at` is null
2017-11-24 19:39:34: select * from `services` where `doctors_id` = '2' and `members_id` is not null and `services`.`deleted_at` is null
2017-11-24 19:39:34: select * from `services` where `doctors_id` = '2' and 0 = 1 and `payment_status` in (0, 1) and `services`.`deleted_at` is null order by `created_at` desc
2017-11-24 19:39:34: select * from `parameters` where `type` = 'setting' and `key` = 'message_expire_time' limit 1
2017-11-24 19:39:34: update `services` set `opened_at` = '2017-11-24 19:39:34', `updated_at` = '2017-11-24 19:39:34' where `doctors_id` = '2' and `opened_at` is null and `services`.`deleted_at` is null
2017-11-24 19:39:36: select * from `users` where `id` = '2' and `users`.`deleted_at` is null limit 1
2017-11-24 19:39:36: select * from `doctors` where `doctors`.`users_id` = 2 and `doctors`.`users_id` is not null and `doctors`.`deleted_at` is null limit 1
2017-11-24 19:39:36: select count(*) as aggregate from `member_requests` where `member_requests`.`deleted_at` is null
2017-11-24 19:39:36: select count(*) as aggregate from `member_request_doctors` where `doctors_id` = '2'
2017-11-24 19:39:36: select count(*) as aggregate from `services` where `doctors_id` = '2' and `opened_at` is null and `services`.`deleted_at` is null
2017-11-24 19:39:36: select * from `messages` where `doctors_id` = '2' and `doctor_readed_at` is null and `visible` = 1 order by `created_at` desc
2017-11-24 19:39:36: select * from `parameters` where `type` = 'banner'
2017-11-24 19:39:36: select * from `parameters` where `type` = 'setting' and `key` = 'service_email' limit 1
2017-11-24 19:39:42: select * from `users` where `id` = '2' and `users`.`deleted_at` is null limit 1
2017-11-24 19:39:42: select * from `doctors` where `doctors`.`users_id` = 2 and `doctors`.`users_id` is not null and `doctors`.`deleted_at` is null limit 1
2017-11-24 19:39:42: select count(*) as aggregate from `member_requests` where `member_requests`.`deleted_at` is null
2017-11-24 19:39:42: select count(*) as aggregate from `member_request_doctors` where `doctors_id` = '2'
2017-11-24 19:39:42: select count(*) as aggregate from `services` where `doctors_id` = '2' and `opened_at` is null and `services`.`deleted_at` is null
2017-11-24 19:39:42: select * from `messages` where `doctors_id` = '2' and `doctor_readed_at` is null and `visible` = 1 order by `created_at` desc
2017-11-24 19:39:42: select * from `parameters` where `type` = 'banner'
2017-11-24 19:39:42: select * from `parameters` where `type` = 'setting' and `key` = 'service_email' limit 1
