2017-12-25 09:27:48: select * from `users` where `id` = '13' and `users`.`deleted_at` is null limit 1
2017-12-25 09:27:48: select * from `doctors` where `doctors`.`users_id` = 13 and `doctors`.`users_id` is not null and `doctors`.`deleted_at` is null limit 1
2017-12-25 09:27:48: select count(*) as aggregate from `member_requests` where `member_requests`.`deleted_at` is null
2017-12-25 09:27:48: select count(*) as aggregate from `member_request_doctors` where `doctors_id` = '13'
2017-12-25 09:27:48: select count(*) as aggregate from `services` where `doctors_id` = '13' and `opened_at` is null and `services`.`deleted_at` is null
2017-12-25 09:27:48: select * from `messages` where `doctors_id` = '13' and `doctor_readed_at` is null and `visible` = 1 order by `created_at` desc
2017-12-25 09:27:48: select * from `parameters` where `type` = 'banner'
2017-12-25 09:27:48: select * from `parameters` where `type` = 'setting' and `key` = 'service_email' limit 1
2017-12-25 09:28:00: select * from `users` where `id` = '13' and `users`.`deleted_at` is null limit 1
2017-12-25 09:28:00: select * from `doctors` where `doctors`.`users_id` = 13 and `doctors`.`users_id` is not null and `doctors`.`deleted_at` is null limit 1
2017-12-25 09:28:00: select count(*) as aggregate from `member_requests` where `member_requests`.`deleted_at` is null
2017-12-25 09:28:00: select count(*) as aggregate from `member_request_doctors` where `doctors_id` = '13'
2017-12-25 09:28:00: select count(*) as aggregate from `services` where `doctors_id` = '13' and `opened_at` is null and `services`.`deleted_at` is null
2017-12-25 09:28:00: select * from `messages` where `doctors_id` = '13' and `doctor_readed_at` is null and `visible` = 1 order by `created_at` desc
2017-12-25 09:28:00: select * from `parameters` where `type` = 'banner'
2017-12-25 09:28:00: select * from `parameters` where `type` = 'setting' and `key` = 'service_email' limit 1
2017-12-25 09:28:03: select * from `users` where `id` = '13' and `login_type` = 2 and `status` = 1 and `users`.`deleted_at` is null limit 1
2017-12-25 09:28:03: select * from `doctors` where `doctors`.`users_id` in (13) and `doctors`.`deleted_at` is null
2017-12-25 09:28:03: select * from `services` where `doctors_id` = '13' and `members_id` is not null and `services`.`deleted_at` is null
2017-12-25 09:28:03: select * from `services` where `doctors_id` = '13' and 0 = 1 and `payment_status` in (0, 1) and `services`.`deleted_at` is null order by `created_at` desc
2017-12-25 09:28:03: select * from `parameters` where `type` = 'setting' and `key` = 'message_expire_time' limit 1
2017-12-25 09:28:03: update `services` set `opened_at` = '2017-12-25 09:28:03', `updated_at` = '2017-12-25 09:28:03' where `doctors_id` = '13' and `opened_at` is null and `services`.`deleted_at` is null
2017-12-25 09:28:09: select * from `users` where `id` = '13' and `users`.`deleted_at` is null limit 1
2017-12-25 09:28:09: select * from `doctors` where `doctors`.`users_id` = 13 and `doctors`.`users_id` is not null and `doctors`.`deleted_at` is null limit 1
2017-12-25 09:28:09: select count(*) as aggregate from `member_requests` where `member_requests`.`deleted_at` is null
2017-12-25 09:28:09: select count(*) as aggregate from `member_request_doctors` where `doctors_id` = '13'
2017-12-25 09:28:09: select count(*) as aggregate from `services` where `doctors_id` = '13' and `opened_at` is null and `services`.`deleted_at` is null
2017-12-25 09:28:09: select * from `messages` where `doctors_id` = '13' and `doctor_readed_at` is null and `visible` = 1 order by `created_at` desc
2017-12-25 09:28:09: select * from `parameters` where `type` = 'banner'
2017-12-25 09:28:09: select * from `parameters` where `type` = 'setting' and `key` = 'service_email' limit 1
