2017-10-02 11:56:55: select * from `users` where `id` = '8' and `users`.`deleted_at` is null limit 1
2017-10-02 11:56:55: select * from `doctors` where `doctors`.`users_id` = 8 and `doctors`.`users_id` is not null and `doctors`.`deleted_at` is null limit 1
2017-10-02 11:56:55: select count(*) as aggregate from `member_requests` where `member_requests`.`deleted_at` is null
2017-10-02 11:56:55: select count(*) as aggregate from `member_request_doctors` where `doctors_id` = '8'
2017-10-02 11:56:55: select count(*) as aggregate from `services` where `doctors_id` = '8' and `opened_at` is null and `services`.`deleted_at` is null
2017-10-02 11:56:55: select * from `messages` where `doctors_id` = '8' and `doctor_readed_at` is null and `visible` = 1 order by `created_at` desc
2017-10-02 11:56:55: select * from `services` where `members_id` = 9 and `doctors_id` = '8' and `payment_status` = 1 and `services`.`deleted_at` is null
2017-10-02 11:56:55: select * from `parameters` where `type` = 'setting' and `key` = 'treatment_days_1' limit 1
2017-10-02 11:56:55: select * from `parameters` where `type` = 'setting' and `key` = 'treatment_days_2' limit 1
2017-10-02 11:56:55: select * from `parameters` where `type` = 'setting' and `key` = 'treatment_days_1' limit 1
2017-10-02 11:56:55: select * from `parameters` where `type` = 'setting' and `key` = 'treatment_days_1' limit 1
2017-10-02 11:56:55: select * from `parameters` where `type` = 'setting' and `key` = 'treatment_days_1' limit 1
2017-10-02 11:56:55: select * from `parameters` where `type` = 'setting' and `key` = 'treatment_days_1' limit 1
2017-10-02 11:56:55: select * from `parameters` where `type` = 'setting' and `key` = 'treatment_days_1' limit 1
2017-10-02 11:56:55: select * from `parameters` where `type` = 'setting' and `key` = 'treatment_days_1' limit 1
2017-10-02 11:56:55: select * from `parameters` where `type` = 'setting' and `key` = 'treatment_days_1' limit 1
2017-10-02 11:56:55: select * from `parameters` where `type` = 'setting' and `key` = 'treatment_days_1' limit 1
2017-10-02 11:56:55: select * from `parameters` where `type` = 'setting' and `key` = 'treatment_days_1' limit 1
2017-10-02 11:56:55: select * from `parameters` where `type` = 'setting' and `key` = 'treatment_days_2' limit 1
2017-10-02 11:56:55: select * from `parameters` where `type` = 'setting' and `key` = 'treatment_days_2' limit 1
2017-10-02 11:56:55: select * from `parameters` where `type` = 'setting' and `key` = 'treatment_days_1' limit 1
2017-10-02 11:56:55: select * from `parameters` where `type` = 'setting' and `key` = 'treatment_days_1' limit 1
2017-10-02 11:56:55: select * from `parameters` where `type` = 'setting' and `key` = 'treatment_days_2' limit 1
2017-10-02 11:56:55: select * from `parameters` where `type` = 'setting' and `key` = 'treatment_days_2' limit 1
2017-10-02 11:56:55: select * from `parameters` where `type` = 'setting' and `key` = 'treatment_days_1' limit 1
2017-10-02 11:56:55: select * from `parameters` where `type` = 'banner'
2017-10-02 11:56:55: select * from `parameters` where `type` = 'setting' and `key` = 'service_email' limit 1
2017-10-02 21:58:59: select count(*) as aggregate from `users` where `id` = '41'
2017-10-02 21:58:59: select * from `users` where `id` = '41' and `users`.`deleted_at` is null limit 1
2017-10-02 21:58:59: select * from `users` where `city_id` = 1 and `login_type` = '2' and `online` = 1 and `users`.`deleted_at` is null order by `online_at` desc
2017-10-02 21:58:59: select * from `messages` where `source` = 'doctor' and `started_at` is not null and `messages`.`doctors_id` in (3, 6, 8, 22, 25, 28, 29, 30, 31, 32, 33, 34, 36, 39, 42) and `members_id` = '41' order by `started_at` desc
2017-10-02 21:58:59: select * from `doctors` where `users_id` = 42 and `doctors`.`deleted_at` is null limit 1
2017-10-02 21:58:59: select * from `services` where `members_id` = '41' and `doctors_id` = 42 and `payment_status` = 1 and `services`.`deleted_at` is null
2017-10-02 21:58:59: select * from `doctors` where `users_id` = 34 and `doctors`.`deleted_at` is null limit 1
2017-10-02 21:58:59: select * from `services` where `members_id` = '41' and `doctors_id` = 34 and `payment_status` = 1 and `services`.`deleted_at` is null
2017-10-02 21:58:59: select * from `doctors` where `users_id` = 22 and `doctors`.`deleted_at` is null limit 1
2017-10-02 21:58:59: select * from `services` where `members_id` = '41' and `doctors_id` = 22 and `payment_status` = 1 and `services`.`deleted_at` is null
2017-10-02 21:58:59: select * from `doctors` where `users_id` = 8 and `doctors`.`deleted_at` is null limit 1
2017-10-02 21:58:59: select * from `services` where `members_id` = '41' and `doctors_id` = 8 and `payment_status` = 1 and `services`.`deleted_at` is null
2017-10-02 21:58:59: select * from `doctors` where `users_id` = 39 and `doctors`.`deleted_at` is null limit 1
2017-10-02 21:58:59: select * from `services` where `members_id` = '41' and `doctors_id` = 39 and `payment_status` = 1 and `services`.`deleted_at` is null
2017-10-02 21:58:59: select * from `doctors` where `users_id` = 36 and `doctors`.`deleted_at` is null limit 1
2017-10-02 21:58:59: select * from `services` where `members_id` = '41' and `doctors_id` = 36 and `payment_status` = 1 and `services`.`deleted_at` is null
2017-10-02 21:58:59: select * from `doctors` where `users_id` = 29 and `doctors`.`deleted_at` is null limit 1
2017-10-02 21:58:59: select * from `services` where `members_id` = '41' and `doctors_id` = 29 and `payment_status` = 1 and `services`.`deleted_at` is null
2017-10-02 21:58:59: select * from `doctors` where `users_id` = 30 and `doctors`.`deleted_at` is null limit 1
2017-10-02 21:58:59: select * from `services` where `members_id` = '41' and `doctors_id` = 30 and `payment_status` = 1 and `services`.`deleted_at` is null
2017-10-02 21:58:59: select * from `doctors` where `users_id` = 32 and `doctors`.`deleted_at` is null limit 1
2017-10-02 21:58:59: select * from `services` where `members_id` = '41' and `doctors_id` = 32 and `payment_status` = 1 and `services`.`deleted_at` is null
2017-10-02 21:58:59: select * from `doctors` where `users_id` = 33 and `doctors`.`deleted_at` is null limit 1
2017-10-02 21:58:59: select * from `services` where `members_id` = '41' and `doctors_id` = 33 and `payment_status` = 1 and `services`.`deleted_at` is null
2017-10-02 21:58:59: select * from `doctors` where `users_id` = 31 and `doctors`.`deleted_at` is null limit 1
2017-10-02 21:58:59: select * from `services` where `members_id` = '41' and `doctors_id` = 31 and `payment_status` = 1 and `services`.`deleted_at` is null
2017-10-02 21:58:59: select * from `doctors` where `users_id` = 25 and `doctors`.`deleted_at` is null limit 1
2017-10-02 21:58:59: select * from `services` where `members_id` = '41' and `doctors_id` = 25 and `payment_status` = 1 and `services`.`deleted_at` is null
2017-10-02 21:58:59: select * from `doctors` where `users_id` = 28 and `doctors`.`deleted_at` is null limit 1
2017-10-02 21:58:59: select * from `services` where `members_id` = '41' and `doctors_id` = 28 and `payment_status` = 1 and `services`.`deleted_at` is null
2017-10-02 21:58:59: select * from `doctors` where `users_id` = 6 and `doctors`.`deleted_at` is null limit 1
2017-10-02 21:58:59: select * from `services` where `members_id` = '41' and `doctors_id` = 6 and `payment_status` = 1 and `services`.`deleted_at` is null
2017-10-02 21:58:59: select * from `doctors` where `users_id` = 3 and `doctors`.`deleted_at` is null limit 1
2017-10-02 21:58:59: select * from `services` where `members_id` = '41' and `doctors_id` = 3 and `payment_status` = 1 and `services`.`deleted_at` is null
2017-10-02 21:59:48: select count(*) as aggregate from `users` where `id` = '41'
2017-10-02 21:59:48: select * from `users` where `id` = '41' and `users`.`deleted_at` is null limit 1
2017-10-02 21:59:48: select * from `users` where `city_id` = 1 and `login_type` = '2' and `online` = 1 and `users`.`deleted_at` is null order by `online_at` desc
2017-10-02 21:59:48: select * from `messages` where `source` = 'doctor' and `started_at` is not null and `messages`.`doctors_id` in (3, 6, 8, 22, 25, 28, 29, 30, 31, 32, 33, 34, 36, 39, 42) and `members_id` = '41' order by `started_at` desc
2017-10-02 21:59:48: select * from `doctors` where `users_id` = 42 and `doctors`.`deleted_at` is null limit 1
2017-10-02 21:59:48: select * from `services` where `members_id` = '41' and `doctors_id` = 42 and `payment_status` = 1 and `services`.`deleted_at` is null
2017-10-02 21:59:48: select * from `doctors` where `users_id` = 34 and `doctors`.`deleted_at` is null limit 1
2017-10-02 21:59:48: select * from `services` where `members_id` = '41' and `doctors_id` = 34 and `payment_status` = 1 and `services`.`deleted_at` is null
2017-10-02 21:59:48: select * from `doctors` where `users_id` = 22 and `doctors`.`deleted_at` is null limit 1
2017-10-02 21:59:48: select * from `services` where `members_id` = '41' and `doctors_id` = 22 and `payment_status` = 1 and `services`.`deleted_at` is null
2017-10-02 21:59:48: select * from `doctors` where `users_id` = 8 and `doctors`.`deleted_at` is null limit 1
2017-10-02 21:59:48: select * from `services` where `members_id` = '41' and `doctors_id` = 8 and `payment_status` = 1 and `services`.`deleted_at` is null
2017-10-02 21:59:48: select * from `doctors` where `users_id` = 39 and `doctors`.`deleted_at` is null limit 1
2017-10-02 21:59:48: select * from `services` where `members_id` = '41' and `doctors_id` = 39 and `payment_status` = 1 and `services`.`deleted_at` is null
2017-10-02 21:59:48: select * from `doctors` where `users_id` = 36 and `doctors`.`deleted_at` is null limit 1
2017-10-02 21:59:48: select * from `services` where `members_id` = '41' and `doctors_id` = 36 and `payment_status` = 1 and `services`.`deleted_at` is null
2017-10-02 21:59:48: select * from `doctors` where `users_id` = 29 and `doctors`.`deleted_at` is null limit 1
2017-10-02 21:59:48: select * from `services` where `members_id` = '41' and `doctors_id` = 29 and `payment_status` = 1 and `services`.`deleted_at` is null
2017-10-02 21:59:48: select * from `doctors` where `users_id` = 30 and `doctors`.`deleted_at` is null limit 1
2017-10-02 21:59:48: select * from `services` where `members_id` = '41' and `doctors_id` = 30 and `payment_status` = 1 and `services`.`deleted_at` is null
2017-10-02 21:59:48: select * from `doctors` where `users_id` = 32 and `doctors`.`deleted_at` is null limit 1
2017-10-02 21:59:48: select * from `services` where `members_id` = '41' and `doctors_id` = 32 and `payment_status` = 1 and `services`.`deleted_at` is null
2017-10-02 21:59:48: select * from `doctors` where `users_id` = 33 and `doctors`.`deleted_at` is null limit 1
2017-10-02 21:59:48: select * from `services` where `members_id` = '41' and `doctors_id` = 33 and `payment_status` = 1 and `services`.`deleted_at` is null
2017-10-02 21:59:48: select * from `doctors` where `users_id` = 31 and `doctors`.`deleted_at` is null limit 1
2017-10-02 21:59:48: select * from `services` where `members_id` = '41' and `doctors_id` = 31 and `payment_status` = 1 and `services`.`deleted_at` is null
2017-10-02 21:59:48: select * from `doctors` where `users_id` = 25 and `doctors`.`deleted_at` is null limit 1
2017-10-02 21:59:48: select * from `services` where `members_id` = '41' and `doctors_id` = 25 and `payment_status` = 1 and `services`.`deleted_at` is null
2017-10-02 21:59:48: select * from `doctors` where `users_id` = 28 and `doctors`.`deleted_at` is null limit 1
2017-10-02 21:59:48: select * from `services` where `members_id` = '41' and `doctors_id` = 28 and `payment_status` = 1 and `services`.`deleted_at` is null
2017-10-02 21:59:48: select * from `doctors` where `users_id` = 6 and `doctors`.`deleted_at` is null limit 1
2017-10-02 21:59:48: select * from `services` where `members_id` = '41' and `doctors_id` = 6 and `payment_status` = 1 and `services`.`deleted_at` is null
2017-10-02 21:59:48: select * from `doctors` where `users_id` = 3 and `doctors`.`deleted_at` is null limit 1
2017-10-02 21:59:48: select * from `services` where `members_id` = '41' and `doctors_id` = 3 and `payment_status` = 1 and `services`.`deleted_at` is null
2017-10-02 22:00:33: select count(*) as aggregate from `users` where `id` = '41'
2017-10-02 22:00:33: select * from `users` where `id` = '41' and `users`.`deleted_at` is null limit 1
2017-10-02 22:00:33: select * from `users` where `city_id` = 1 and `login_type` = '2' and `online` = 1 and `users`.`deleted_at` is null order by `online_at` desc
2017-10-02 22:00:33: select * from `messages` where `source` = 'doctor' and `started_at` is not null and `messages`.`doctors_id` in (3, 6, 8, 22, 25, 28, 29, 30, 31, 32, 33, 34, 36, 39, 42) and `members_id` = '41' order by `started_at` desc
2017-10-02 22:00:33: select * from `doctors` where `users_id` = 42 and `doctors`.`deleted_at` is null limit 1
2017-10-02 22:00:33: select * from `services` where `members_id` = '41' and `doctors_id` = 42 and `payment_status` = 1 and `services`.`deleted_at` is null
2017-10-02 22:00:33: select * from `doctors` where `users_id` = 34 and `doctors`.`deleted_at` is null limit 1
2017-10-02 22:00:33: select * from `services` where `members_id` = '41' and `doctors_id` = 34 and `payment_status` = 1 and `services`.`deleted_at` is null
2017-10-02 22:00:33: select * from `doctors` where `users_id` = 22 and `doctors`.`deleted_at` is null limit 1
2017-10-02 22:00:33: select * from `services` where `members_id` = '41' and `doctors_id` = 22 and `payment_status` = 1 and `services`.`deleted_at` is null
2017-10-02 22:00:33: select * from `doctors` where `users_id` = 8 and `doctors`.`deleted_at` is null limit 1
2017-10-02 22:00:33: select * from `services` where `members_id` = '41' and `doctors_id` = 8 and `payment_status` = 1 and `services`.`deleted_at` is null
2017-10-02 22:00:33: select * from `doctors` where `users_id` = 39 and `doctors`.`deleted_at` is null limit 1
2017-10-02 22:00:33: select * from `services` where `members_id` = '41' and `doctors_id` = 39 and `payment_status` = 1 and `services`.`deleted_at` is null
2017-10-02 22:00:33: select * from `doctors` where `users_id` = 36 and `doctors`.`deleted_at` is null limit 1
2017-10-02 22:00:33: select * from `services` where `members_id` = '41' and `doctors_id` = 36 and `payment_status` = 1 and `services`.`deleted_at` is null
2017-10-02 22:00:33: select * from `doctors` where `users_id` = 29 and `doctors`.`deleted_at` is null limit 1
2017-10-02 22:00:33: select * from `services` where `members_id` = '41' and `doctors_id` = 29 and `payment_status` = 1 and `services`.`deleted_at` is null
2017-10-02 22:00:33: select * from `doctors` where `users_id` = 30 and `doctors`.`deleted_at` is null limit 1
2017-10-02 22:00:33: select * from `services` where `members_id` = '41' and `doctors_id` = 30 and `payment_status` = 1 and `services`.`deleted_at` is null
2017-10-02 22:00:33: select * from `doctors` where `users_id` = 32 and `doctors`.`deleted_at` is null limit 1
2017-10-02 22:00:33: select * from `services` where `members_id` = '41' and `doctors_id` = 32 and `payment_status` = 1 and `services`.`deleted_at` is null
2017-10-02 22:00:33: select * from `doctors` where `users_id` = 33 and `doctors`.`deleted_at` is null limit 1
2017-10-02 22:00:33: select * from `services` where `members_id` = '41' and `doctors_id` = 33 and `payment_status` = 1 and `services`.`deleted_at` is null
2017-10-02 22:00:33: select * from `doctors` where `users_id` = 31 and `doctors`.`deleted_at` is null limit 1
2017-10-02 22:00:33: select * from `services` where `members_id` = '41' and `doctors_id` = 31 and `payment_status` = 1 and `services`.`deleted_at` is null
2017-10-02 22:00:33: select * from `doctors` where `users_id` = 25 and `doctors`.`deleted_at` is null limit 1
2017-10-02 22:00:33: select * from `services` where `members_id` = '41' and `doctors_id` = 25 and `payment_status` = 1 and `services`.`deleted_at` is null
2017-10-02 22:00:33: select * from `doctors` where `users_id` = 28 and `doctors`.`deleted_at` is null limit 1
2017-10-02 22:00:33: select * from `services` where `members_id` = '41' and `doctors_id` = 28 and `payment_status` = 1 and `services`.`deleted_at` is null
2017-10-02 22:00:33: select * from `doctors` where `users_id` = 6 and `doctors`.`deleted_at` is null limit 1
2017-10-02 22:00:33: select * from `services` where `members_id` = '41' and `doctors_id` = 6 and `payment_status` = 1 and `services`.`deleted_at` is null
2017-10-02 22:00:33: select * from `doctors` where `users_id` = 3 and `doctors`.`deleted_at` is null limit 1
2017-10-02 22:00:33: select * from `services` where `members_id` = '41' and `doctors_id` = 3 and `payment_status` = 1 and `services`.`deleted_at` is null
2017-10-02 22:01:28: select * from `users` where `id` = '36' and `users`.`deleted_at` is null limit 1
2017-10-02 22:01:28: select * from `doctors` where `doctors`.`users_id` = 36 and `doctors`.`users_id` is not null and `doctors`.`deleted_at` is null limit 1
2017-10-02 22:01:28: select count(*) as aggregate from `member_requests` where `member_requests`.`deleted_at` is null
2017-10-02 22:01:28: select count(*) as aggregate from `member_request_doctors` where `doctors_id` = '36'
2017-10-02 22:01:28: select count(*) as aggregate from `services` where `doctors_id` = '36' and `opened_at` is null and `services`.`deleted_at` is null
2017-10-02 22:01:28: select * from `messages` where `doctors_id` = '36' and `doctor_readed_at` is null and `visible` = 1 order by `created_at` desc
2017-10-02 22:01:28: select * from `services` where `members_id` = 37 and `doctors_id` = '36' and `payment_status` = 1 and `services`.`deleted_at` is null
2017-10-02 22:01:28: select * from `parameters` where `type` = 'banner'
2017-10-02 22:01:28: select * from `parameters` where `type` = 'setting' and `key` = 'service_email' limit 1
2017-10-02 22:01:42: select * from `users` where `id` = '36' and `users`.`deleted_at` is null limit 1
2017-10-02 22:01:42: select * from `doctors` where `doctors`.`users_id` = 36 and `doctors`.`users_id` is not null and `doctors`.`deleted_at` is null limit 1
2017-10-02 22:01:42: select count(*) as aggregate from `member_requests` where `member_requests`.`deleted_at` is null
2017-10-02 22:01:42: select count(*) as aggregate from `member_request_doctors` where `doctors_id` = '36'
2017-10-02 22:01:42: select count(*) as aggregate from `services` where `doctors_id` = '36' and `opened_at` is null and `services`.`deleted_at` is null
2017-10-02 22:01:42: select * from `messages` where `doctors_id` = '36' and `doctor_readed_at` is null and `visible` = 1 order by `created_at` desc
2017-10-02 22:01:42: select * from `services` where `members_id` = 37 and `doctors_id` = '36' and `payment_status` = 1 and `services`.`deleted_at` is null
2017-10-02 22:01:42: select * from `parameters` where `type` = 'banner'
2017-10-02 22:01:42: select * from `parameters` where `type` = 'setting' and `key` = 'service_email' limit 1
2017-10-02 22:01:44: select * from `users` where `id` = '36' and `login_type` = 2 and `status` = 1 and `users`.`deleted_at` is null limit 1
2017-10-02 22:01:44: select * from `doctors` where `doctors`.`users_id` in (36) and `doctors`.`deleted_at` is null
2017-10-02 22:01:44: select * from `services` where `doctors_id` = '36' and `members_id` is not null and `services`.`deleted_at` is null
2017-10-02 22:01:44: select * from `services` where `doctors_id` = '36' and `members_id` in (23, 41) and `payment_status` = 1 and `services`.`deleted_at` is null order by `created_at` desc
2017-10-02 22:01:44: select * from `users` where `login_type` = 1 and `users`.`id` in (23) and `users`.`deleted_at` is null
2017-10-02 22:01:44: select * from `parameters` where `type` = 'setting' and `key` = 'treatment_days_1' limit 1
2017-10-02 22:01:44: select * from `parameters` where `type` = 'setting' and `key` = 'message_expire_time' limit 1
2017-10-02 22:01:44: select * from `messages` where `doctors_id` = 36 and `members_id` = 23 and `source` = 'member' order by `created_at` desc limit 1
2017-10-02 22:01:44: select * from `messages` where `doctors_id` = 36 and `members_id` = 23 and `source` = 'doctor' order by `created_at` desc limit 1
2017-10-02 22:01:44: update `services` set `opened_at` = '2017-10-02 22:01:44', `updated_at` = '2017-10-02 22:01:44' where `doctors_id` = '36' and `opened_at` is null and `services`.`deleted_at` is null
2017-10-02 22:01:44: select * from `parameters` where `type` = 'setting' and `key` = 'treatment_days_1' limit 1
2017-10-02 22:01:44: select * from `doctors` where `doctors`.`users_id` = 23 and `doctors`.`users_id` is not null and `doctors`.`deleted_at` is null limit 1
