2017-09-12 20:20:08: select * from `users` where `id` = '22' and `users`.`deleted_at` is null limit 1
2017-09-12 20:20:08: select * from `doctors` where `doctors`.`users_id` = 22 and `doctors`.`users_id` is not null and `doctors`.`deleted_at` is null limit 1
2017-09-12 20:20:08: select count(*) as aggregate from `member_requests` where `member_requests`.`deleted_at` is null
2017-09-12 20:20:08: select count(*) as aggregate from `member_request_doctors` where `doctors_id` = '22'
2017-09-12 20:20:08: select count(*) as aggregate from `services` where `doctors_id` = '22' and `opened_at` is null and `services`.`deleted_at` is null
2017-09-12 20:20:08: select * from `messages` where `doctors_id` = '22' and `doctor_readed_at` is null and `visible` = 1 order by `created_at` desc
2017-09-12 20:20:08: select * from `parameters` where `type` = 'banner'
2017-09-12 20:20:08: select * from `parameters` where `type` = 'setting' and `key` = 'service_email' limit 1
2017-09-12 20:20:18: select * from `users` where `id` = '22' and `users`.`deleted_at` is null limit 1
2017-09-12 20:20:18: select * from `doctors` where `doctors`.`users_id` = 22 and `doctors`.`users_id` is not null and `doctors`.`deleted_at` is null limit 1
2017-09-12 20:20:18: select count(*) as aggregate from `member_requests` where `member_requests`.`deleted_at` is null
2017-09-12 20:20:18: select count(*) as aggregate from `member_request_doctors` where `doctors_id` = '22'
2017-09-12 20:20:18: select count(*) as aggregate from `services` where `doctors_id` = '22' and `opened_at` is null and `services`.`deleted_at` is null
2017-09-12 20:20:18: select * from `messages` where `doctors_id` = '22' and `doctor_readed_at` is null and `visible` = 1 order by `created_at` desc
2017-09-12 20:20:18: select * from `parameters` where `type` = 'banner'
2017-09-12 20:20:18: select * from `parameters` where `type` = 'setting' and `key` = 'service_email' limit 1
2017-09-12 20:24:44: select count(*) as aggregate from `users` where `id` = '23'
2017-09-12 20:24:44: select * from `users` where `id` = '23' and `users`.`deleted_at` is null limit 1
2017-09-12 20:24:44: select * from `users` where `city_id` = 1 and `district_id` = 110 and `login_type` = '2' and `online` = 1 and `users`.`deleted_at` is null order by `online_at` desc
2017-09-12 20:24:44: select * from `messages` where `source` = 'doctor' and `started_at` is not null and `messages`.`doctors_id` in (22, 25) and `members_id` = '23' order by `started_at` desc
2017-09-12 20:24:44: select * from `doctors` where `users_id` = 25 and `doctors`.`deleted_at` is null limit 1
2017-09-12 20:24:44: select * from `services` where `members_id` = '23' and `doctors_id` = 25 and `payment_status` = 1 and `services`.`deleted_at` is null
2017-09-12 20:24:44: select * from `doctors` where `users_id` = 22 and `doctors`.`deleted_at` is null limit 1
2017-09-12 20:24:44: select * from `services` where `members_id` = '23' and `doctors_id` = 22 and `payment_status` = 1 and `services`.`deleted_at` is null
2017-09-12 20:24:44: select * from `parameters` where `type` = 'setting' and `key` = 'treatment_days_2' limit 1
2017-09-12 20:25:04: select count(*) as aggregate from `users` where `id` = '23'
2017-09-12 20:25:04: select * from `users` where `id` = '23' and `users`.`deleted_at` is null limit 1
2017-09-12 20:25:04: select * from `users` where `city_id` = 1 and `district_id` = 110 and `login_type` = '2' and `online` = 1 and `users`.`deleted_at` is null order by `online_at` desc
2017-09-12 20:25:04: select * from `messages` where `source` = 'doctor' and `started_at` is not null and `messages`.`doctors_id` in (22, 25) and `members_id` = '23' order by `started_at` desc
2017-09-12 20:25:04: select * from `doctors` where `users_id` = 25 and `doctors`.`deleted_at` is null limit 1
2017-09-12 20:25:04: select * from `services` where `members_id` = '23' and `doctors_id` = 25 and `payment_status` = 1 and `services`.`deleted_at` is null
2017-09-12 20:25:04: select * from `doctors` where `users_id` = 22 and `doctors`.`deleted_at` is null limit 1
2017-09-12 20:25:04: select * from `services` where `members_id` = '23' and `doctors_id` = 22 and `payment_status` = 1 and `services`.`deleted_at` is null
2017-09-12 20:25:04: select * from `parameters` where `type` = 'setting' and `key` = 'treatment_days_2' limit 1
