2017-09-17 14:37:52: select * from `users` where `id` = '8' and `users`.`deleted_at` is null limit 1
2017-09-17 14:37:52: select * from `doctors` where `doctors`.`users_id` = 8 and `doctors`.`users_id` is not null and `doctors`.`deleted_at` is null limit 1
2017-09-17 14:37:52: select count(*) as aggregate from `member_requests` where `member_requests`.`deleted_at` is null
2017-09-17 14:37:52: select count(*) as aggregate from `member_request_doctors` where `doctors_id` = '8'
2017-09-17 14:37:52: select count(*) as aggregate from `services` where `doctors_id` = '8' and `opened_at` is null and `services`.`deleted_at` is null
2017-09-17 14:37:52: select * from `messages` where `doctors_id` = '8' and `doctor_readed_at` is null and `visible` = 1 order by `created_at` desc
2017-09-17 14:37:52: select * from `parameters` where `type` = 'banner'
2017-09-17 14:37:52: select * from `parameters` where `type` = 'setting' and `key` = 'service_email' limit 1
2017-09-17 14:41:05: select * from `users` where `id` = '8' and `users`.`deleted_at` is null limit 1
2017-09-17 14:41:05: select * from `doctors` where `doctors`.`users_id` = 8 and `doctors`.`users_id` is not null and `doctors`.`deleted_at` is null limit 1
2017-09-17 14:41:05: select count(*) as aggregate from `member_requests` where `member_requests`.`deleted_at` is null
2017-09-17 14:41:05: select count(*) as aggregate from `member_request_doctors` where `doctors_id` = '8'
2017-09-17 14:41:05: select count(*) as aggregate from `services` where `doctors_id` = '8' and `opened_at` is null and `services`.`deleted_at` is null
2017-09-17 14:41:05: select * from `messages` where `doctors_id` = '8' and `doctor_readed_at` is null and `visible` = 1 order by `created_at` desc
2017-09-17 14:41:05: select * from `parameters` where `type` = 'banner'
2017-09-17 14:41:05: select * from `parameters` where `type` = 'setting' and `key` = 'service_email' limit 1
2017-09-17 14:46:56: select * from `users` where `id` = '8' and `users`.`deleted_at` is null limit 1
2017-09-17 14:46:56: select * from `doctors` where `doctors`.`users_id` = 8 and `doctors`.`users_id` is not null and `doctors`.`deleted_at` is null limit 1
2017-09-17 14:46:56: select count(*) as aggregate from `member_requests` where `member_requests`.`deleted_at` is null
2017-09-17 14:46:56: select count(*) as aggregate from `member_request_doctors` where `doctors_id` = '8'
2017-09-17 14:46:56: select count(*) as aggregate from `services` where `doctors_id` = '8' and `opened_at` is null and `services`.`deleted_at` is null
2017-09-17 14:46:56: select * from `messages` where `doctors_id` = '8' and `doctor_readed_at` is null and `visible` = 1 order by `created_at` desc
2017-09-17 14:46:56: select * from `parameters` where `type` = 'banner'
2017-09-17 14:46:56: select * from `parameters` where `type` = 'setting' and `key` = 'service_email' limit 1
2017-09-17 14:57:15: select * from `users` where `id` = '8' and `users`.`deleted_at` is null limit 1
2017-09-17 14:57:15: select * from `doctors` where `doctors`.`users_id` = 8 and `doctors`.`users_id` is not null and `doctors`.`deleted_at` is null limit 1
2017-09-17 14:57:15: select count(*) as aggregate from `member_requests` where `member_requests`.`deleted_at` is null
2017-09-17 14:57:15: select count(*) as aggregate from `member_request_doctors` where `doctors_id` = '8'
2017-09-17 14:57:15: select count(*) as aggregate from `services` where `doctors_id` = '8' and `opened_at` is null and `services`.`deleted_at` is null
2017-09-17 14:57:15: select * from `messages` where `doctors_id` = '8' and `doctor_readed_at` is null and `visible` = 1 order by `created_at` desc
2017-09-17 14:57:15: select * from `parameters` where `type` = 'banner'
2017-09-17 14:57:15: select * from `parameters` where `type` = 'setting' and `key` = 'service_email' limit 1
2017-09-17 15:03:41: select * from `users` where `id` = '8' and `users`.`deleted_at` is null limit 1
2017-09-17 15:03:41: select * from `doctors` where `doctors`.`users_id` = 8 and `doctors`.`users_id` is not null and `doctors`.`deleted_at` is null limit 1
2017-09-17 15:03:41: select count(*) as aggregate from `member_requests` where `member_requests`.`deleted_at` is null
2017-09-17 15:03:41: select count(*) as aggregate from `member_request_doctors` where `doctors_id` = '8'
2017-09-17 15:03:41: select count(*) as aggregate from `services` where `doctors_id` = '8' and `opened_at` is null and `services`.`deleted_at` is null
2017-09-17 15:03:41: select * from `messages` where `doctors_id` = '8' and `doctor_readed_at` is null and `visible` = 1 order by `created_at` desc
2017-09-17 15:03:41: select * from `parameters` where `type` = 'banner'
2017-09-17 15:03:41: select * from `parameters` where `type` = 'setting' and `key` = 'service_email' limit 1
2017-09-17 15:09:19: select * from `users` where `id` = '8' and `users`.`deleted_at` is null limit 1
2017-09-17 15:09:19: select * from `doctors` where `doctors`.`users_id` = 8 and `doctors`.`users_id` is not null and `doctors`.`deleted_at` is null limit 1
2017-09-17 15:09:19: select count(*) as aggregate from `member_requests` where `member_requests`.`deleted_at` is null
2017-09-17 15:09:19: select count(*) as aggregate from `member_request_doctors` where `doctors_id` = '8'
2017-09-17 15:09:19: select count(*) as aggregate from `services` where `doctors_id` = '8' and `opened_at` is null and `services`.`deleted_at` is null
2017-09-17 15:09:19: select * from `messages` where `doctors_id` = '8' and `doctor_readed_at` is null and `visible` = 1 order by `created_at` desc
2017-09-17 15:09:19: select * from `parameters` where `type` = 'banner'
2017-09-17 15:09:19: select * from `parameters` where `type` = 'setting' and `key` = 'service_email' limit 1
2017-09-17 15:11:33: select * from `users` where `id` = '8' and `users`.`deleted_at` is null limit 1
2017-09-17 15:11:33: select * from `doctors` where `doctors`.`users_id` = 8 and `doctors`.`users_id` is not null and `doctors`.`deleted_at` is null limit 1
2017-09-17 15:11:33: select count(*) as aggregate from `member_requests` where `member_requests`.`deleted_at` is null
2017-09-17 15:11:33: select count(*) as aggregate from `member_request_doctors` where `doctors_id` = '8'
2017-09-17 15:11:33: select count(*) as aggregate from `services` where `doctors_id` = '8' and `opened_at` is null and `services`.`deleted_at` is null
2017-09-17 15:11:33: select * from `messages` where `doctors_id` = '8' and `doctor_readed_at` is null and `visible` = 1 order by `created_at` desc
2017-09-17 15:11:33: select * from `parameters` where `type` = 'banner'
2017-09-17 15:11:33: select * from `parameters` where `type` = 'setting' and `key` = 'service_email' limit 1
2017-09-17 15:13:05: select * from `users` where `id` = '8' and `users`.`deleted_at` is null limit 1
2017-09-17 15:13:05: select * from `doctors` where `doctors`.`users_id` = 8 and `doctors`.`users_id` is not null and `doctors`.`deleted_at` is null limit 1
2017-09-17 15:13:05: select count(*) as aggregate from `member_requests` where `member_requests`.`deleted_at` is null
2017-09-17 15:13:05: select count(*) as aggregate from `member_request_doctors` where `doctors_id` = '8'
2017-09-17 15:13:05: select count(*) as aggregate from `services` where `doctors_id` = '8' and `opened_at` is null and `services`.`deleted_at` is null
2017-09-17 15:13:05: select * from `messages` where `doctors_id` = '8' and `doctor_readed_at` is null and `visible` = 1 order by `created_at` desc
2017-09-17 15:13:05: select * from `parameters` where `type` = 'banner'
2017-09-17 15:13:05: select * from `parameters` where `type` = 'setting' and `key` = 'service_email' limit 1
2017-09-17 15:17:23: select * from `users` where `id` = '8' and `users`.`deleted_at` is null limit 1
2017-09-17 15:17:23: select * from `doctors` where `doctors`.`users_id` = 8 and `doctors`.`users_id` is not null and `doctors`.`deleted_at` is null limit 1
2017-09-17 15:17:23: select count(*) as aggregate from `member_requests` where `member_requests`.`deleted_at` is null
2017-09-17 15:17:23: select count(*) as aggregate from `member_request_doctors` where `doctors_id` = '8'
2017-09-17 15:17:23: select count(*) as aggregate from `services` where `doctors_id` = '8' and `opened_at` is null and `services`.`deleted_at` is null
2017-09-17 15:17:23: select * from `messages` where `doctors_id` = '8' and `doctor_readed_at` is null and `visible` = 1 order by `created_at` desc
2017-09-17 15:17:23: select * from `parameters` where `type` = 'banner'
2017-09-17 15:17:23: select * from `parameters` where `type` = 'setting' and `key` = 'service_email' limit 1
2017-09-17 15:18:57: select * from `users` where `id` = '8' and `users`.`deleted_at` is null limit 1
2017-09-17 15:18:57: select * from `doctors` where `doctors`.`users_id` = 8 and `doctors`.`users_id` is not null and `doctors`.`deleted_at` is null limit 1
2017-09-17 15:18:57: select count(*) as aggregate from `member_requests` where `member_requests`.`deleted_at` is null
2017-09-17 15:18:57: select count(*) as aggregate from `member_request_doctors` where `doctors_id` = '8'
2017-09-17 15:18:57: select count(*) as aggregate from `services` where `doctors_id` = '8' and `opened_at` is null and `services`.`deleted_at` is null
2017-09-17 15:18:57: select * from `messages` where `doctors_id` = '8' and `doctor_readed_at` is null and `visible` = 1 order by `created_at` desc
2017-09-17 15:18:57: select * from `parameters` where `type` = 'banner'
2017-09-17 15:18:57: select * from `parameters` where `type` = 'setting' and `key` = 'service_email' limit 1
2017-09-17 15:18:58: select * from `users` where `id` = '8' and `login_type` = 2 and `status` = 1 and `users`.`deleted_at` is null limit 1
2017-09-17 15:18:58: select * from `doctors` where `doctors`.`users_id` in (8) and `doctors`.`deleted_at` is null
2017-09-17 15:18:58: select * from `services` where `doctors_id` = '8' and `members_id` is not null and `services`.`deleted_at` is null
2017-09-17 15:18:58: select * from `services` where `doctors_id` = '8' and `members_id` in (9) and `payment_status` in (0, 1) and `services`.`deleted_at` is null order by `created_at` desc
2017-09-17 15:18:58: select * from `users` where `login_type` = 1 and `users`.`id` in (9) and `users`.`deleted_at` is null
2017-09-17 15:18:58: select * from `messages` where `doctors_id` = 8 and `members_id` = 9 and `source` = 'member' order by `created_at` desc limit 1
2017-09-17 15:18:58: select * from `messages` where `doctors_id` = 8 and `members_id` = 9 and `source` = 'doctor' order by `created_at` desc limit 1
2017-09-17 15:18:58: update `services` set `opened_at` = '2017-09-17 15:18:58', `updated_at` = '2017-09-17 15:18:58' where `doctors_id` = '8' and `opened_at` is null and `services`.`deleted_at` is null
2017-09-17 15:18:58: select * from `doctors` where `doctors`.`users_id` = 9 and `doctors`.`users_id` is not null and `doctors`.`deleted_at` is null limit 1
2017-09-17 15:19:00: select * from `users` where `id` = '8' and `users`.`deleted_at` is null limit 1
2017-09-17 15:19:00: select * from `doctors` where `doctors`.`users_id` = 8 and `doctors`.`users_id` is not null and `doctors`.`deleted_at` is null limit 1
2017-09-17 15:19:00: select count(*) as aggregate from `member_requests` where `member_requests`.`deleted_at` is null
2017-09-17 15:19:00: select count(*) as aggregate from `member_request_doctors` where `doctors_id` = '8'
2017-09-17 15:19:00: select count(*) as aggregate from `services` where `doctors_id` = '8' and `opened_at` is null and `services`.`deleted_at` is null
2017-09-17 15:19:00: select * from `messages` where `doctors_id` = '8' and `doctor_readed_at` is null and `visible` = 1 order by `created_at` desc
2017-09-17 15:19:00: select * from `parameters` where `type` = 'banner'
2017-09-17 15:19:00: select * from `parameters` where `type` = 'setting' and `key` = 'service_email' limit 1
2017-09-17 15:24:55: select * from `users` where `id` = '8' and `users`.`deleted_at` is null limit 1
2017-09-17 15:24:55: select * from `doctors` where `doctors`.`users_id` = 8 and `doctors`.`users_id` is not null and `doctors`.`deleted_at` is null limit 1
2017-09-17 15:24:55: select count(*) as aggregate from `member_requests` where `member_requests`.`deleted_at` is null
2017-09-17 15:24:55: select count(*) as aggregate from `member_request_doctors` where `doctors_id` = '8'
2017-09-17 15:24:55: select count(*) as aggregate from `services` where `doctors_id` = '8' and `opened_at` is null and `services`.`deleted_at` is null
2017-09-17 15:24:55: select * from `messages` where `doctors_id` = '8' and `doctor_readed_at` is null and `visible` = 1 order by `created_at` desc
2017-09-17 15:24:55: select * from `parameters` where `type` = 'banner'
2017-09-17 15:24:55: select * from `parameters` where `type` = 'setting' and `key` = 'service_email' limit 1
