2017-10-22 19:28:48: select * from `users` where `id` = '8' and `users`.`deleted_at` is null limit 1
2017-10-22 19:28:48: select * from `doctors` where `doctors`.`users_id` = 8 and `doctors`.`users_id` is not null and `doctors`.`deleted_at` is null limit 1
2017-10-22 19:28:48: select count(*) as aggregate from `member_requests` where `member_requests`.`deleted_at` is null
2017-10-22 19:28:48: select count(*) as aggregate from `member_request_doctors` where `doctors_id` = '8'
2017-10-22 19:28:48: select count(*) as aggregate from `services` where `doctors_id` = '8' and `opened_at` is null and `services`.`deleted_at` is null
2017-10-22 19:28:48: select * from `messages` where `doctors_id` = '8' and `doctor_readed_at` is null and `visible` = 1 order by `created_at` desc
2017-10-22 19:28:48: select * from `services` where `members_id` = 9 and `payment_status` = 1 and `services`.`deleted_at` is null order by `id` desc limit 1
2017-10-22 19:28:48: select * from `parameters` where `type` = 'banner'
2017-10-22 19:28:48: select * from `parameters` where `type` = 'setting' and `key` = 'service_email' limit 1
2017-10-22 19:28:52: select * from `users` where `id` = '8' and `login_type` = 2 and `status` = 1 and `users`.`deleted_at` is null limit 1
2017-10-22 19:28:52: select * from `doctors` where `doctors`.`users_id` in (8) and `doctors`.`deleted_at` is null
2017-10-22 19:28:52: select * from `services` where `doctors_id` = '8' and `members_id` is not null and `services`.`deleted_at` is null
2017-10-22 19:28:52: select * from `services` where `doctors_id` = '8' and 0 = 1 and `payment_status` in (0, 1) and `services`.`deleted_at` is null order by `created_at` desc
2017-10-22 19:28:52: select * from `parameters` where `type` = 'setting' and `key` = 'message_expire_time' limit 1
2017-10-22 19:28:52: update `services` set `opened_at` = '2017-10-22 19:28:52', `updated_at` = '2017-10-22 19:28:52' where `doctors_id` = '8' and `opened_at` is null and `services`.`deleted_at` is null
2017-10-22 19:28:55: select * from `users` where `id` = '8' and `users`.`deleted_at` is null limit 1
2017-10-22 19:28:55: select * from `doctors` where `doctors`.`users_id` = 8 and `doctors`.`users_id` is not null and `doctors`.`deleted_at` is null limit 1
2017-10-22 19:28:55: select count(*) as aggregate from `member_requests` where `member_requests`.`deleted_at` is null
2017-10-22 19:28:55: select count(*) as aggregate from `member_request_doctors` where `doctors_id` = '8'
2017-10-22 19:28:55: select count(*) as aggregate from `services` where `doctors_id` = '8' and `opened_at` is null and `services`.`deleted_at` is null
2017-10-22 19:28:55: select * from `messages` where `doctors_id` = '8' and `doctor_readed_at` is null and `visible` = 1 order by `created_at` desc
2017-10-22 19:28:55: select * from `services` where `members_id` = 9 and `payment_status` = 1 and `services`.`deleted_at` is null order by `id` desc limit 1
2017-10-22 19:28:55: select * from `parameters` where `type` = 'banner'
2017-10-22 19:28:55: select * from `parameters` where `type` = 'setting' and `key` = 'service_email' limit 1
2017-10-22 19:29:08: select * from `users` where `id` = '8' and `users`.`deleted_at` is null limit 1
2017-10-22 19:29:08: select * from `doctors` where `doctors`.`users_id` = 8 and `doctors`.`users_id` is not null and `doctors`.`deleted_at` is null limit 1
2017-10-22 19:29:08: select count(*) as aggregate from `member_requests` where `member_requests`.`deleted_at` is null
2017-10-22 19:29:08: select count(*) as aggregate from `member_request_doctors` where `doctors_id` = '8'
2017-10-22 19:29:08: select count(*) as aggregate from `services` where `doctors_id` = '8' and `opened_at` is null and `services`.`deleted_at` is null
2017-10-22 19:29:08: select * from `messages` where `doctors_id` = '8' and `doctor_readed_at` is null and `visible` = 1 order by `created_at` desc
2017-10-22 19:29:08: select * from `parameters` where `type` = 'banner'
2017-10-22 19:29:08: select * from `parameters` where `type` = 'setting' and `key` = 'service_email' limit 1
2017-10-22 19:29:09: select * from `users` where `id` = '8' and `login_type` = 2 and `status` = 1 and `users`.`deleted_at` is null limit 1
2017-10-22 19:29:09: select * from `doctors` where `doctors`.`users_id` in (8) and `doctors`.`deleted_at` is null
2017-10-22 19:29:09: select * from `services` where `doctors_id` = '8' and `members_id` is not null and `services`.`deleted_at` is null
2017-10-22 19:29:09: select * from `services` where `doctors_id` = '8' and 0 = 1 and `payment_status` in (0, 1) and `services`.`deleted_at` is null order by `created_at` desc
2017-10-22 19:29:09: select * from `parameters` where `type` = 'setting' and `key` = 'message_expire_time' limit 1
2017-10-22 19:29:09: update `services` set `opened_at` = '2017-10-22 19:29:09', `updated_at` = '2017-10-22 19:29:09' where `doctors_id` = '8' and `opened_at` is null and `services`.`deleted_at` is null
2017-10-22 19:29:12: select * from `users` where `id` = '8' and `users`.`deleted_at` is null limit 1
2017-10-22 19:29:12: select * from `doctors` where `doctors`.`users_id` = 8 and `doctors`.`users_id` is not null and `doctors`.`deleted_at` is null limit 1
2017-10-22 19:29:12: select count(*) as aggregate from `member_requests` where `member_requests`.`deleted_at` is null
2017-10-22 19:29:12: select count(*) as aggregate from `member_request_doctors` where `doctors_id` = '8'
2017-10-22 19:29:12: select count(*) as aggregate from `services` where `doctors_id` = '8' and `opened_at` is null and `services`.`deleted_at` is null
2017-10-22 19:29:12: select * from `messages` where `doctors_id` = '8' and `doctor_readed_at` is null and `visible` = 1 order by `created_at` desc
2017-10-22 19:29:12: select * from `parameters` where `type` = 'banner'
2017-10-22 19:29:12: select * from `parameters` where `type` = 'setting' and `key` = 'service_email' limit 1
2017-10-22 19:29:14: select * from `users` where `id` = '8' and `users`.`deleted_at` is null limit 1
2017-10-22 19:29:14: select * from `doctors` where `doctors`.`users_id` = 8 and `doctors`.`users_id` is not null and `doctors`.`deleted_at` is null limit 1
2017-10-22 19:29:15: select * from `users` where `id` = '8' and `users`.`deleted_at` is null limit 1
2017-10-22 19:29:15: select * from `doctors` where `doctors`.`users_id` = 8 and `doctors`.`users_id` is not null and `doctors`.`deleted_at` is null limit 1
2017-10-22 19:29:15: select count(*) as aggregate from `member_requests` where `member_requests`.`deleted_at` is null
2017-10-22 19:29:15: select count(*) as aggregate from `member_request_doctors` where `doctors_id` = '8'
2017-10-22 19:29:15: select count(*) as aggregate from `services` where `doctors_id` = '8' and `opened_at` is null and `services`.`deleted_at` is null
2017-10-22 19:29:15: select * from `messages` where `doctors_id` = '8' and `doctor_readed_at` is null and `visible` = 1 order by `created_at` desc
2017-10-22 19:29:15: select * from `parameters` where `type` = 'banner'
2017-10-22 19:29:15: select * from `parameters` where `type` = 'setting' and `key` = 'service_email' limit 1
2017-10-22 19:29:18: select * from `users` where `id` = '8' and `users`.`deleted_at` is null limit 1
2017-10-22 19:29:18: select * from `doctors` where `doctors`.`users_id` = 8 and `doctors`.`users_id` is not null and `doctors`.`deleted_at` is null limit 1
2017-10-22 19:29:36: select * from `users` where `id` = '3' and `users`.`deleted_at` is null limit 1
2017-10-22 19:29:36: select * from `doctors` where `doctors`.`users_id` = 3 and `doctors`.`users_id` is not null and `doctors`.`deleted_at` is null limit 1
2017-10-22 19:29:36: select count(*) as aggregate from `member_requests` where `member_requests`.`deleted_at` is null
2017-10-22 19:29:36: select count(*) as aggregate from `member_request_doctors` where `doctors_id` = '3'
2017-10-22 19:29:36: select count(*) as aggregate from `services` where `doctors_id` = '3' and `opened_at` is null and `services`.`deleted_at` is null
2017-10-22 19:29:36: select * from `messages` where `doctors_id` = '3' and `doctor_readed_at` is null and `visible` = 1 order by `created_at` desc
2017-10-22 19:29:36: select * from `parameters` where `type` = 'banner'
2017-10-22 19:29:36: select * from `parameters` where `type` = 'setting' and `key` = 'service_email' limit 1
2017-10-22 19:29:37: select * from `users` where `id` = '3' and `login_type` = 2 and `status` = 1 and `users`.`deleted_at` is null limit 1
2017-10-22 19:29:37: select * from `doctors` where `doctors`.`users_id` in (3) and `doctors`.`deleted_at` is null
2017-10-22 19:29:37: select * from `services` where `doctors_id` = '3' and `members_id` is not null and `services`.`deleted_at` is null
2017-10-22 19:29:37: select * from `services` where `doctors_id` = '3' and 0 = 1 and `payment_status` in (0, 1) and `services`.`deleted_at` is null order by `created_at` desc
2017-10-22 19:29:37: select * from `parameters` where `type` = 'setting' and `key` = 'message_expire_time' limit 1
2017-10-22 19:29:37: update `services` set `opened_at` = '2017-10-22 19:29:37', `updated_at` = '2017-10-22 19:29:37' where `doctors_id` = '3' and `opened_at` is null and `services`.`deleted_at` is null
2017-10-22 19:29:39: select * from `users` where `id` = '3' and `users`.`deleted_at` is null limit 1
2017-10-22 19:29:39: select * from `doctors` where `doctors`.`users_id` = 3 and `doctors`.`users_id` is not null and `doctors`.`deleted_at` is null limit 1
2017-10-22 19:29:39: select count(*) as aggregate from `member_requests` where `member_requests`.`deleted_at` is null
2017-10-22 19:29:39: select count(*) as aggregate from `member_request_doctors` where `doctors_id` = '3'
2017-10-22 19:29:39: select count(*) as aggregate from `services` where `doctors_id` = '3' and `opened_at` is null and `services`.`deleted_at` is null
2017-10-22 19:29:39: select * from `messages` where `doctors_id` = '3' and `doctor_readed_at` is null and `visible` = 1 order by `created_at` desc
2017-10-22 19:29:39: select * from `parameters` where `type` = 'banner'
2017-10-22 19:29:39: select * from `parameters` where `type` = 'setting' and `key` = 'service_email' limit 1
2017-10-22 19:30:03: select * from `users` where `id` = '3' and `users`.`deleted_at` is null limit 1
2017-10-22 19:30:03: select * from `doctors` where `doctors`.`users_id` = 3 and `doctors`.`users_id` is not null and `doctors`.`deleted_at` is null limit 1
2017-10-22 19:30:03: select count(*) as aggregate from `member_requests` where `member_requests`.`deleted_at` is null
2017-10-22 19:30:03: select count(*) as aggregate from `member_request_doctors` where `doctors_id` = '3'
2017-10-22 19:30:03: select count(*) as aggregate from `services` where `doctors_id` = '3' and `opened_at` is null and `services`.`deleted_at` is null
2017-10-22 19:30:03: select * from `messages` where `doctors_id` = '3' and `doctor_readed_at` is null and `visible` = 1 order by `created_at` desc
2017-10-22 19:30:03: select * from `parameters` where `type` = 'banner'
2017-10-22 19:30:03: select * from `parameters` where `type` = 'setting' and `key` = 'service_email' limit 1
2017-10-22 19:30:07: select * from `users` where `id` = '3' and `login_type` = 2 and `status` = 1 and `users`.`deleted_at` is null limit 1
2017-10-22 19:30:07: select * from `doctors` where `doctors`.`users_id` in (3) and `doctors`.`deleted_at` is null
2017-10-22 19:30:07: select * from `services` where `doctors_id` = '3' and `members_id` is not null and `services`.`deleted_at` is null
2017-10-22 19:30:07: select * from `services` where `doctors_id` = '3' and 0 = 1 and `payment_status` in (0, 1) and `services`.`deleted_at` is null order by `created_at` desc
2017-10-22 19:30:07: select * from `parameters` where `type` = 'setting' and `key` = 'message_expire_time' limit 1
2017-10-22 19:30:07: update `services` set `opened_at` = '2017-10-22 19:30:07', `updated_at` = '2017-10-22 19:30:07' where `doctors_id` = '3' and `opened_at` is null and `services`.`deleted_at` is null
2017-10-22 19:30:10: select * from `users` where `id` = '3' and `users`.`deleted_at` is null limit 1
2017-10-22 19:30:10: select * from `doctors` where `doctors`.`users_id` = 3 and `doctors`.`users_id` is not null and `doctors`.`deleted_at` is null limit 1
2017-10-22 19:30:10: select count(*) as aggregate from `member_requests` where `member_requests`.`deleted_at` is null
2017-10-22 19:30:10: select count(*) as aggregate from `member_request_doctors` where `doctors_id` = '3'
2017-10-22 19:30:10: select count(*) as aggregate from `services` where `doctors_id` = '3' and `opened_at` is null and `services`.`deleted_at` is null
2017-10-22 19:30:10: select * from `messages` where `doctors_id` = '3' and `doctor_readed_at` is null and `visible` = 1 order by `created_at` desc
2017-10-22 19:30:10: select * from `parameters` where `type` = 'banner'
2017-10-22 19:30:10: select * from `parameters` where `type` = 'setting' and `key` = 'service_email' limit 1
2017-10-22 19:32:43: select * from `users` where `id` = '3' and `users`.`deleted_at` is null limit 1
2017-10-22 19:32:43: select * from `doctors` where `doctors`.`users_id` = 3 and `doctors`.`users_id` is not null and `doctors`.`deleted_at` is null limit 1
2017-10-22 19:32:43: select count(*) as aggregate from `member_requests` where `member_requests`.`deleted_at` is null
2017-10-22 19:32:43: select count(*) as aggregate from `member_request_doctors` where `doctors_id` = '3'
2017-10-22 19:32:43: select count(*) as aggregate from `services` where `doctors_id` = '3' and `opened_at` is null and `services`.`deleted_at` is null
2017-10-22 19:32:43: select * from `messages` where `doctors_id` = '3' and `doctor_readed_at` is null and `visible` = 1 order by `created_at` desc
2017-10-22 19:32:43: select * from `parameters` where `type` = 'banner'
2017-10-22 19:32:43: select * from `parameters` where `type` = 'setting' and `key` = 'service_email' limit 1
2017-10-22 19:32:53: select * from `users` where `id` = '3' and `login_type` = 2 and `status` = 1 and `users`.`deleted_at` is null limit 1
2017-10-22 19:32:53: select * from `doctors` where `doctors`.`users_id` in (3) and `doctors`.`deleted_at` is null
2017-10-22 19:32:53: select * from `services` where `doctors_id` = '3' and `members_id` is not null and `services`.`deleted_at` is null
2017-10-22 19:32:53: select * from `services` where `doctors_id` = '3' and 0 = 1 and `payment_status` in (0, 1) and `services`.`deleted_at` is null order by `created_at` desc
2017-10-22 19:32:53: select * from `parameters` where `type` = 'setting' and `key` = 'message_expire_time' limit 1
2017-10-22 19:32:53: update `services` set `opened_at` = '2017-10-22 19:32:53', `updated_at` = '2017-10-22 19:32:53' where `doctors_id` = '3' and `opened_at` is null and `services`.`deleted_at` is null
2017-10-22 19:32:56: select * from `users` where `id` = '3' and `users`.`deleted_at` is null limit 1
2017-10-22 19:32:56: select * from `doctors` where `doctors`.`users_id` = 3 and `doctors`.`users_id` is not null and `doctors`.`deleted_at` is null limit 1
2017-10-22 19:32:56: select count(*) as aggregate from `member_requests` where `member_requests`.`deleted_at` is null
2017-10-22 19:32:56: select count(*) as aggregate from `member_request_doctors` where `doctors_id` = '3'
2017-10-22 19:32:56: select count(*) as aggregate from `services` where `doctors_id` = '3' and `opened_at` is null and `services`.`deleted_at` is null
2017-10-22 19:32:56: select * from `messages` where `doctors_id` = '3' and `doctor_readed_at` is null and `visible` = 1 order by `created_at` desc
2017-10-22 19:32:56: select * from `parameters` where `type` = 'banner'
2017-10-22 19:32:56: select * from `parameters` where `type` = 'setting' and `key` = 'service_email' limit 1
2017-10-22 19:33:17: select count(*) as aggregate from `users` where `id` = '9'
2017-10-22 19:33:17: select * from `users` where `id` = '9' and `users`.`deleted_at` is null limit 1
2017-10-22 19:33:17: select * from `users` where `city_id` = 1 and `login_type` = '2' and `online` = 1 and `users`.`deleted_at` is null order by `online_at` desc
2017-10-22 19:33:17: select * from `messages` where `source` = 'doctor' and `started_at` is not null and `messages`.`doctors_id` in (3, 6, 8, 22, 25, 28, 29, 30, 31, 32, 33, 34, 36, 39, 42) and `members_id` = '9' order by `started_at` desc
2017-10-22 19:33:17: select * from `doctors` where `users_id` = 3 and `doctors`.`deleted_at` is null limit 1
2017-10-22 19:33:17: select * from `services` where `members_id` = '9' and `payment_status` = 1 and `services`.`deleted_at` is null order by `id` desc limit 1
2017-10-22 19:33:17: select * from `doctors` where `users_id` = 8 and `doctors`.`deleted_at` is null limit 1
2017-10-22 19:33:17: select * from `services` where `members_id` = '9' and `payment_status` = 1 and `services`.`deleted_at` is null order by `id` desc limit 1
2017-10-22 19:33:17: select * from `doctors` where `users_id` = 22 and `doctors`.`deleted_at` is null limit 1
2017-10-22 19:33:17: select * from `services` where `members_id` = '9' and `payment_status` = 1 and `services`.`deleted_at` is null order by `id` desc limit 1
2017-10-22 19:33:17: select * from `doctors` where `users_id` = 39 and `doctors`.`deleted_at` is null limit 1
2017-10-22 19:33:17: select * from `services` where `members_id` = '9' and `payment_status` = 1 and `services`.`deleted_at` is null order by `id` desc limit 1
2017-10-22 19:33:17: select * from `doctors` where `users_id` = 36 and `doctors`.`deleted_at` is null limit 1
2017-10-22 19:33:17: select * from `services` where `members_id` = '9' and `payment_status` = 1 and `services`.`deleted_at` is null order by `id` desc limit 1
2017-10-22 19:33:17: select * from `doctors` where `users_id` = 34 and `doctors`.`deleted_at` is null limit 1
2017-10-22 19:33:17: select * from `services` where `members_id` = '9' and `payment_status` = 1 and `services`.`deleted_at` is null order by `id` desc limit 1
2017-10-22 19:33:17: select * from `doctors` where `users_id` = 30 and `doctors`.`deleted_at` is null limit 1
2017-10-22 19:33:17: select * from `services` where `members_id` = '9' and `payment_status` = 1 and `services`.`deleted_at` is null order by `id` desc limit 1
2017-10-22 19:33:17: select * from `doctors` where `users_id` = 42 and `doctors`.`deleted_at` is null limit 1
2017-10-22 19:33:17: select * from `services` where `members_id` = '9' and `payment_status` = 1 and `services`.`deleted_at` is null order by `id` desc limit 1
2017-10-22 19:33:17: select * from `doctors` where `users_id` = 29 and `doctors`.`deleted_at` is null limit 1
2017-10-22 19:33:17: select * from `services` where `members_id` = '9' and `payment_status` = 1 and `services`.`deleted_at` is null order by `id` desc limit 1
2017-10-22 19:33:17: select * from `doctors` where `users_id` = 32 and `doctors`.`deleted_at` is null limit 1
2017-10-22 19:33:17: select count(*) as aggregate from `users` where `id` = '9'
2017-10-22 19:33:17: select * from `services` where `members_id` = '9' and `payment_status` = 1 and `services`.`deleted_at` is null order by `id` desc limit 1
2017-10-22 19:33:17: select * from `doctors` where `users_id` = 33 and `doctors`.`deleted_at` is null limit 1
2017-10-22 19:33:17: select * from `users` where `id` = '9' and `users`.`deleted_at` is null limit 1
2017-10-22 19:33:17: select * from `services` where `members_id` = '9' and `payment_status` = 1 and `services`.`deleted_at` is null order by `id` desc limit 1
2017-10-22 19:33:17: select * from `users` where `city_id` = 1 and `login_type` = '2' and `online` = 1 and `users`.`deleted_at` is null order by `online_at` desc
2017-10-22 19:33:17: select * from `doctors` where `users_id` = 31 and `doctors`.`deleted_at` is null limit 1
2017-10-22 19:33:17: select * from `messages` where `source` = 'doctor' and `started_at` is not null and `messages`.`doctors_id` in (3, 6, 8, 22, 25, 28, 29, 30, 31, 32, 33, 34, 36, 39, 42) and `members_id` = '9' order by `started_at` desc
2017-10-22 19:33:17: select * from `services` where `members_id` = '9' and `payment_status` = 1 and `services`.`deleted_at` is null order by `id` desc limit 1
2017-10-22 19:33:17: select * from `doctors` where `users_id` = 25 and `doctors`.`deleted_at` is null limit 1
2017-10-22 19:33:17: select * from `doctors` where `users_id` = 3 and `doctors`.`deleted_at` is null limit 1
2017-10-22 19:33:17: select * from `services` where `members_id` = '9' and `payment_status` = 1 and `services`.`deleted_at` is null order by `id` desc limit 1
2017-10-22 19:33:17: select * from `services` where `members_id` = '9' and `payment_status` = 1 and `services`.`deleted_at` is null order by `id` desc limit 1
2017-10-22 19:33:17: select * from `doctors` where `users_id` = 28 and `doctors`.`deleted_at` is null limit 1
2017-10-22 19:33:17: select * from `doctors` where `users_id` = 8 and `doctors`.`deleted_at` is null limit 1
2017-10-22 19:33:17: select * from `services` where `members_id` = '9' and `payment_status` = 1 and `services`.`deleted_at` is null order by `id` desc limit 1
2017-10-22 19:33:17: select * from `services` where `members_id` = '9' and `payment_status` = 1 and `services`.`deleted_at` is null order by `id` desc limit 1
2017-10-22 19:33:17: select * from `doctors` where `users_id` = 6 and `doctors`.`deleted_at` is null limit 1
2017-10-22 19:33:17: select * from `services` where `members_id` = '9' and `payment_status` = 1 and `services`.`deleted_at` is null order by `id` desc limit 1
2017-10-22 19:33:17: select * from `doctors` where `users_id` = 22 and `doctors`.`deleted_at` is null limit 1
2017-10-22 19:33:17: select * from `services` where `members_id` = '9' and `payment_status` = 1 and `services`.`deleted_at` is null order by `id` desc limit 1
2017-10-22 19:33:17: select * from `doctors` where `users_id` = 39 and `doctors`.`deleted_at` is null limit 1
2017-10-22 19:33:17: select * from `services` where `members_id` = '9' and `payment_status` = 1 and `services`.`deleted_at` is null order by `id` desc limit 1
2017-10-22 19:33:17: select * from `doctors` where `users_id` = 36 and `doctors`.`deleted_at` is null limit 1
2017-10-22 19:33:17: select * from `services` where `members_id` = '9' and `payment_status` = 1 and `services`.`deleted_at` is null order by `id` desc limit 1
2017-10-22 19:33:17: select * from `doctors` where `users_id` = 34 and `doctors`.`deleted_at` is null limit 1
2017-10-22 19:33:17: select * from `services` where `members_id` = '9' and `payment_status` = 1 and `services`.`deleted_at` is null order by `id` desc limit 1
2017-10-22 19:33:17: select * from `doctors` where `users_id` = 30 and `doctors`.`deleted_at` is null limit 1
2017-10-22 19:33:17: select * from `services` where `members_id` = '9' and `payment_status` = 1 and `services`.`deleted_at` is null order by `id` desc limit 1
2017-10-22 19:33:17: select * from `doctors` where `users_id` = 42 and `doctors`.`deleted_at` is null limit 1
2017-10-22 19:33:17: select * from `services` where `members_id` = '9' and `payment_status` = 1 and `services`.`deleted_at` is null order by `id` desc limit 1
2017-10-22 19:33:17: select * from `doctors` where `users_id` = 29 and `doctors`.`deleted_at` is null limit 1
2017-10-22 19:33:17: select * from `services` where `members_id` = '9' and `payment_status` = 1 and `services`.`deleted_at` is null order by `id` desc limit 1
2017-10-22 19:33:17: select * from `doctors` where `users_id` = 32 and `doctors`.`deleted_at` is null limit 1
2017-10-22 19:33:17: select * from `services` where `members_id` = '9' and `payment_status` = 1 and `services`.`deleted_at` is null order by `id` desc limit 1
2017-10-22 19:33:17: select * from `doctors` where `users_id` = 33 and `doctors`.`deleted_at` is null limit 1
2017-10-22 19:33:17: select * from `services` where `members_id` = '9' and `payment_status` = 1 and `services`.`deleted_at` is null order by `id` desc limit 1
2017-10-22 19:33:17: select * from `doctors` where `users_id` = 31 and `doctors`.`deleted_at` is null limit 1
2017-10-22 19:33:17: select * from `services` where `members_id` = '9' and `payment_status` = 1 and `services`.`deleted_at` is null order by `id` desc limit 1
2017-10-22 19:33:17: select * from `doctors` where `users_id` = 25 and `doctors`.`deleted_at` is null limit 1
2017-10-22 19:33:17: select * from `services` where `members_id` = '9' and `payment_status` = 1 and `services`.`deleted_at` is null order by `id` desc limit 1
2017-10-22 19:33:17: select * from `doctors` where `users_id` = 28 and `doctors`.`deleted_at` is null limit 1
2017-10-22 19:33:17: select * from `services` where `members_id` = '9' and `payment_status` = 1 and `services`.`deleted_at` is null order by `id` desc limit 1
2017-10-22 19:33:17: select * from `doctors` where `users_id` = 6 and `doctors`.`deleted_at` is null limit 1
2017-10-22 19:33:17: select * from `services` where `members_id` = '9' and `payment_status` = 1 and `services`.`deleted_at` is null order by `id` desc limit 1
2017-10-22 19:33:40: select * from `users` where `id` = '3' and `users`.`deleted_at` is null limit 1
2017-10-22 19:33:40: select * from `doctors` where `doctors`.`users_id` = 3 and `doctors`.`users_id` is not null and `doctors`.`deleted_at` is null limit 1
2017-10-22 19:33:40: select count(*) as aggregate from `member_requests` where `member_requests`.`deleted_at` is null
2017-10-22 19:33:40: select count(*) as aggregate from `member_request_doctors` where `doctors_id` = '3'
2017-10-22 19:33:40: select count(*) as aggregate from `services` where `doctors_id` = '3' and `opened_at` is null and `services`.`deleted_at` is null
2017-10-22 19:33:40: select * from `messages` where `doctors_id` = '3' and `doctor_readed_at` is null and `visible` = 1 order by `created_at` desc
2017-10-22 19:33:40: select * from `parameters` where `type` = 'banner'
2017-10-22 19:33:40: select * from `parameters` where `type` = 'setting' and `key` = 'service_email' limit 1
2017-10-22 19:33:59: select * from `users` where `id` = '3' and `users`.`deleted_at` is null limit 1
2017-10-22 19:33:59: select * from `doctors` where `doctors`.`users_id` = 3 and `doctors`.`users_id` is not null and `doctors`.`deleted_at` is null limit 1
2017-10-22 19:33:59: select count(*) as aggregate from `member_requests` where `member_requests`.`deleted_at` is null
2017-10-22 19:33:59: select count(*) as aggregate from `member_request_doctors` where `doctors_id` = '3'
2017-10-22 19:33:59: select count(*) as aggregate from `services` where `doctors_id` = '3' and `opened_at` is null and `services`.`deleted_at` is null
2017-10-22 19:33:59: select * from `messages` where `doctors_id` = '3' and `doctor_readed_at` is null and `visible` = 1 order by `created_at` desc
2017-10-22 19:33:59: select * from `services` where `members_id` = 9 and `payment_status` = 1 and `services`.`deleted_at` is null order by `id` desc limit 1
2017-10-22 19:33:59: select * from `parameters` where `type` = 'banner'
2017-10-22 19:33:59: select * from `parameters` where `type` = 'setting' and `key` = 'service_email' limit 1
2017-10-22 19:34:03: select * from `users` where `id` = '3' and `login_type` = 2 and `status` = 1 and `users`.`deleted_at` is null limit 1
2017-10-22 19:34:03: select * from `doctors` where `doctors`.`users_id` in (3) and `doctors`.`deleted_at` is null
2017-10-22 19:34:03: select * from `services` where `doctors_id` = '3' and `payment_status` = 1 and `paid_at` > '2017-09-22 19:34:03' and `services`.`deleted_at` is null
2017-10-22 19:34:03: select * from `messages` where `doctors_id` = '3' and 1 = 1 and `visible` = 1
2017-10-22 19:34:03: select count(*) as aggregate from `users` where `id` in (9) and `login_type` = 1 and `users`.`deleted_at` is null
2017-10-22 19:34:03: select * from `users` where `id` in (9) and `login_type` = 1 and `users`.`deleted_at` is null limit 10 offset 0
2017-10-22 19:34:03: select * from `member_requests` where `member_requests`.`members_id` in (9) and `member_requests`.`deleted_at` is null order by `created_at` desc
2017-10-22 19:34:03: select * from `doctors` where `doctors`.`users_id` = 9 and `doctors`.`users_id` is not null and `doctors`.`deleted_at` is null limit 1
2017-10-22 19:34:29: select * from `users` where `id` = '3' and `login_type` = 2 and `status` = 1 and `users`.`deleted_at` is null limit 1
2017-10-22 19:34:29: select * from `doctors` where `doctors`.`users_id` in (3) and `doctors`.`deleted_at` is null
2017-10-22 19:34:29: select * from `services` where `doctors_id` = '3' and `payment_status` = 1 and `paid_at` > '2017-09-22 19:34:29' and `services`.`deleted_at` is null
2017-10-22 19:34:29: select * from `messages` where `doctors_id` = '3' and 1 = 1 and `visible` = 1
2017-10-22 19:34:29: select count(*) as aggregate from `users` where `id` in (9) and `login_type` = 1 and `users`.`deleted_at` is null
2017-10-22 19:34:29: select * from `users` where `id` in (9) and `login_type` = 1 and `users`.`deleted_at` is null limit 10 offset 0
2017-10-22 19:34:29: select * from `member_requests` where `member_requests`.`members_id` in (9) and `member_requests`.`deleted_at` is null order by `created_at` desc
2017-10-22 19:34:29: select * from `doctors` where `doctors`.`users_id` = 9 and `doctors`.`users_id` is not null and `doctors`.`deleted_at` is null limit 1
2017-10-22 19:34:30: select * from `users` where `id` = '3' and `users`.`deleted_at` is null limit 1
2017-10-22 19:34:30: select * from `doctors` where `doctors`.`users_id` = 3 and `doctors`.`users_id` is not null and `doctors`.`deleted_at` is null limit 1
2017-10-22 19:34:30: select count(*) as aggregate from `member_requests` where `member_requests`.`deleted_at` is null
2017-10-22 19:34:30: select count(*) as aggregate from `member_request_doctors` where `doctors_id` = '3'
2017-10-22 19:34:30: select count(*) as aggregate from `services` where `doctors_id` = '3' and `opened_at` is null and `services`.`deleted_at` is null
2017-10-22 19:34:30: select * from `messages` where `doctors_id` = '3' and `doctor_readed_at` is null and `visible` = 1 order by `created_at` desc
2017-10-22 19:34:30: select * from `parameters` where `type` = 'banner'
2017-10-22 19:34:30: select * from `parameters` where `type` = 'setting' and `key` = 'service_email' limit 1
2017-10-22 19:34:32: select * from `users` where `id` = '3' and `login_type` = 2 and `status` = 1 and `users`.`deleted_at` is null limit 1
2017-10-22 19:34:32: select * from `doctors` where `doctors`.`users_id` in (3) and `doctors`.`deleted_at` is null
2017-10-22 19:34:32: select * from `services` where `doctors_id` = '3' and `members_id` is not null and `services`.`deleted_at` is null
2017-10-22 19:34:32: select * from `services` where `doctors_id` = '3' and 0 = 1 and `payment_status` in (0, 1) and `services`.`deleted_at` is null order by `created_at` desc
2017-10-22 19:34:32: select * from `parameters` where `type` = 'setting' and `key` = 'message_expire_time' limit 1
2017-10-22 19:34:32: update `services` set `opened_at` = '2017-10-22 19:34:32', `updated_at` = '2017-10-22 19:34:32' where `doctors_id` = '3' and `opened_at` is null and `services`.`deleted_at` is null
2017-10-22 19:34:35: select * from `users` where `id` = '3' and `users`.`deleted_at` is null limit 1
2017-10-22 19:34:35: select * from `doctors` where `doctors`.`users_id` = 3 and `doctors`.`users_id` is not null and `doctors`.`deleted_at` is null limit 1
2017-10-22 19:34:35: select count(*) as aggregate from `member_requests` where `member_requests`.`deleted_at` is null
2017-10-22 19:34:35: select count(*) as aggregate from `member_request_doctors` where `doctors_id` = '3'
2017-10-22 19:34:35: select count(*) as aggregate from `services` where `doctors_id` = '3' and `opened_at` is null and `services`.`deleted_at` is null
2017-10-22 19:34:35: select * from `messages` where `doctors_id` = '3' and `doctor_readed_at` is null and `visible` = 1 order by `created_at` desc
2017-10-22 19:34:35: select * from `parameters` where `type` = 'banner'
2017-10-22 19:34:35: select * from `parameters` where `type` = 'setting' and `key` = 'service_email' limit 1
2017-10-22 19:37:06: select * from `users` where `id` = '3' and `users`.`deleted_at` is null limit 1
2017-10-22 19:37:06: select * from `doctors` where `doctors`.`users_id` = 3 and `doctors`.`users_id` is not null and `doctors`.`deleted_at` is null limit 1
2017-10-22 19:37:06: select count(*) as aggregate from `member_requests` where `member_requests`.`deleted_at` is null
2017-10-22 19:37:06: select count(*) as aggregate from `member_request_doctors` where `doctors_id` = '3'
2017-10-22 19:37:06: select count(*) as aggregate from `services` where `doctors_id` = '3' and `opened_at` is null and `services`.`deleted_at` is null
2017-10-22 19:37:06: select * from `messages` where `doctors_id` = '3' and `doctor_readed_at` is null and `visible` = 1 order by `created_at` desc
2017-10-22 19:37:06: select * from `parameters` where `type` = 'banner'
2017-10-22 19:37:06: select * from `parameters` where `type` = 'setting' and `key` = 'service_email' limit 1
2017-10-22 19:38:23: select * from `users` where `id` = '3' and `users`.`deleted_at` is null limit 1
2017-10-22 19:38:23: select * from `doctors` where `doctors`.`users_id` = 3 and `doctors`.`users_id` is not null and `doctors`.`deleted_at` is null limit 1
2017-10-22 19:38:23: select count(*) as aggregate from `member_requests` where `member_requests`.`deleted_at` is null
2017-10-22 19:38:23: select count(*) as aggregate from `member_request_doctors` where `doctors_id` = '3'
2017-10-22 19:38:23: select count(*) as aggregate from `services` where `doctors_id` = '3' and `opened_at` is null and `services`.`deleted_at` is null
2017-10-22 19:38:23: select * from `messages` where `doctors_id` = '3' and `doctor_readed_at` is null and `visible` = 1 order by `created_at` desc
2017-10-22 19:38:23: select * from `parameters` where `type` = 'banner'
2017-10-22 19:38:23: select * from `parameters` where `type` = 'setting' and `key` = 'service_email' limit 1
2017-10-22 19:38:26: select * from `users` where `id` = '3' and `login_type` = 2 and `status` = 1 and `users`.`deleted_at` is null limit 1
2017-10-22 19:38:26: select * from `doctors` where `doctors`.`users_id` in (3) and `doctors`.`deleted_at` is null
2017-10-22 19:38:26: select * from `services` where `doctors_id` = '3' and `members_id` is not null and `services`.`deleted_at` is null
2017-10-22 19:38:26: select * from `services` where `doctors_id` = '3' and `members_id` in (9) and `payment_status` in (0, 1) and `services`.`deleted_at` is null order by `created_at` desc
2017-10-22 19:38:26: select * from `users` where `login_type` = 1 and `users`.`id` in (9) and `users`.`deleted_at` is null
2017-10-22 19:38:26: select * from `parameters` where `type` = 'setting' and `key` = 'message_expire_time' limit 1
2017-10-22 19:38:26: select * from `messages` where `doctors_id` = 3 and `members_id` = 9 and `source` = 'member' order by `created_at` desc limit 1
2017-10-22 19:38:26: select * from `messages` where `doctors_id` = 3 and `members_id` = 9 and `source` = 'doctor' order by `created_at` desc limit 1
2017-10-22 19:38:26: update `services` set `opened_at` = '2017-10-22 19:38:26', `updated_at` = '2017-10-22 19:38:26' where `doctors_id` = '3' and `opened_at` is null and `services`.`deleted_at` is null
2017-10-22 19:38:26: select * from `doctors` where `doctors`.`users_id` = 9 and `doctors`.`users_id` is not null and `doctors`.`deleted_at` is null limit 1
2017-10-22 19:39:55: select * from `users` where `id` = '3' and `users`.`deleted_at` is null limit 1
2017-10-22 19:39:55: select * from `doctors` where `doctors`.`users_id` = 3 and `doctors`.`users_id` is not null and `doctors`.`deleted_at` is null limit 1
2017-10-22 19:39:55: select count(*) as aggregate from `member_requests` where `member_requests`.`deleted_at` is null
2017-10-22 19:39:55: select count(*) as aggregate from `member_request_doctors` where `doctors_id` = '3'
2017-10-22 19:39:55: select count(*) as aggregate from `services` where `doctors_id` = '3' and `opened_at` is null and `services`.`deleted_at` is null
2017-10-22 19:39:55: select * from `messages` where `doctors_id` = '3' and `doctor_readed_at` is null and `visible` = 1 order by `created_at` desc
2017-10-22 19:39:55: select * from `parameters` where `type` = 'banner'
2017-10-22 19:39:55: select * from `parameters` where `type` = 'setting' and `key` = 'service_email' limit 1
2017-10-22 19:39:57: select * from `users` where `id` = '3' and `login_type` = 2 and `status` = 1 and `users`.`deleted_at` is null limit 1
2017-10-22 19:39:57: select * from `doctors` where `doctors`.`users_id` in (3) and `doctors`.`deleted_at` is null
2017-10-22 19:39:57: select * from `services` where `doctors_id` = '3' and `members_id` is not null and `services`.`deleted_at` is null
2017-10-22 19:39:57: select * from `services` where `doctors_id` = '3' and `members_id` in (9) and `payment_status` in (0, 1) and `services`.`deleted_at` is null order by `created_at` desc
2017-10-22 19:39:57: select * from `users` where `login_type` = 1 and `users`.`id` in (9) and `users`.`deleted_at` is null
2017-10-22 19:39:57: select * from `parameters` where `type` = 'setting' and `key` = 'message_expire_time' limit 1
2017-10-22 19:39:57: select * from `messages` where `doctors_id` = 3 and `members_id` = 9 and `source` = 'member' order by `created_at` desc limit 1
2017-10-22 19:39:57: select * from `messages` where `doctors_id` = 3 and `members_id` = 9 and `source` = 'doctor' order by `created_at` desc limit 1
2017-10-22 19:39:57: update `services` set `opened_at` = '2017-10-22 19:39:57', `updated_at` = '2017-10-22 19:39:57' where `doctors_id` = '3' and `opened_at` is null and `services`.`deleted_at` is null
2017-10-22 19:39:57: select * from `doctors` where `doctors`.`users_id` = 9 and `doctors`.`users_id` is not null and `doctors`.`deleted_at` is null limit 1
2017-10-22 21:08:51: select * from `users` where `id` = '36' and `users`.`deleted_at` is null limit 1
2017-10-22 21:08:51: select * from `doctors` where `doctors`.`users_id` = 36 and `doctors`.`users_id` is not null and `doctors`.`deleted_at` is null limit 1
2017-10-22 21:08:51: select count(*) as aggregate from `member_requests` where `member_requests`.`deleted_at` is null
2017-10-22 21:08:51: select count(*) as aggregate from `member_request_doctors` where `doctors_id` = '36'
2017-10-22 21:08:51: select count(*) as aggregate from `services` where `doctors_id` = '36' and `opened_at` is null and `services`.`deleted_at` is null
2017-10-22 21:08:51: select * from `messages` where `doctors_id` = '36' and `doctor_readed_at` is null and `visible` = 1 order by `created_at` desc
2017-10-22 21:08:51: select * from `parameters` where `type` = 'banner'
2017-10-22 21:08:51: select * from `parameters` where `type` = 'setting' and `key` = 'service_email' limit 1
