2017-09-21 19:58:12: select count(*) as aggregate from `users` where `id` = '24'
2017-09-21 19:58:12: select * from `users` where `id` = '24' and `users`.`deleted_at` is null limit 1
2017-09-21 19:58:12: select * from `users` where `city_id` = 1 and `district_id` = 110 and `login_type` = '2' and `online` = 1 and `users`.`deleted_at` is null order by `online_at` desc
2017-09-21 19:58:12: select * from `messages` where `source` = 'doctor' and `started_at` is not null and `messages`.`doctors_id` in (22, 25, 29, 30, 31, 32, 33) and `members_id` = '24' order by `started_at` desc
2017-09-21 19:58:12: select * from `doctors` where `users_id` = 30 and `doctors`.`deleted_at` is null limit 1
2017-09-21 19:58:12: select * from `services` where `members_id` = '24' and `doctors_id` = 30 and `payment_status` = 1 and `services`.`deleted_at` is null
2017-09-21 19:58:12: select * from `doctors` where `users_id` = 32 and `doctors`.`deleted_at` is null limit 1
2017-09-21 19:58:12: select * from `services` where `members_id` = '24' and `doctors_id` = 32 and `payment_status` = 1 and `services`.`deleted_at` is null
2017-09-21 19:58:12: select * from `parameters` where `type` = 'setting' and `key` = 'treatment_days_1' limit 1
2017-09-21 19:58:12: select * from `parameters` where `type` = 'setting' and `key` = 'treatment_days_2' limit 1
2017-09-21 19:58:12: select * from `doctors` where `users_id` = 33 and `doctors`.`deleted_at` is null limit 1
2017-09-21 19:58:12: select * from `services` where `members_id` = '24' and `doctors_id` = 33 and `payment_status` = 1 and `services`.`deleted_at` is null
2017-09-21 19:58:12: select * from `doctors` where `users_id` = 31 and `doctors`.`deleted_at` is null limit 1
2017-09-21 19:58:12: select * from `services` where `members_id` = '24' and `doctors_id` = 31 and `payment_status` = 1 and `services`.`deleted_at` is null
2017-09-21 19:58:12: select * from `parameters` where `type` = 'setting' and `key` = 'treatment_days_2' limit 1
2017-09-21 19:58:12: select * from `doctors` where `users_id` = 22 and `doctors`.`deleted_at` is null limit 1
2017-09-21 19:58:12: select * from `services` where `members_id` = '24' and `doctors_id` = 22 and `payment_status` = 1 and `services`.`deleted_at` is null
2017-09-21 19:58:12: select * from `parameters` where `type` = 'setting' and `key` = 'treatment_days_2' limit 1
2017-09-21 19:58:12: select * from `doctors` where `users_id` = 29 and `doctors`.`deleted_at` is null limit 1
2017-09-21 19:58:12: select * from `services` where `members_id` = '24' and `doctors_id` = 29 and `payment_status` = 1 and `services`.`deleted_at` is null
2017-09-21 19:58:12: select * from `doctors` where `users_id` = 25 and `doctors`.`deleted_at` is null limit 1
2017-09-21 19:58:12: select * from `services` where `members_id` = '24' and `doctors_id` = 25 and `payment_status` = 1 and `services`.`deleted_at` is null
2017-09-21 19:58:12: select * from `parameters` where `type` = 'setting' and `key` = 'treatment_days_2' limit 1
2017-09-21 19:58:21: select count(*) as aggregate from `users` where `id` = '24'
2017-09-21 19:58:21: select * from `users` where `id` = '24' and `users`.`deleted_at` is null limit 1
2017-09-21 19:58:21: select * from `users` where `city_id` = 1 and `district_id` = 110 and `login_type` = '2' and `online` = 1 and `users`.`deleted_at` is null order by `online_at` desc
2017-09-21 19:58:21: select * from `messages` where `source` = 'doctor' and `started_at` is not null and `messages`.`doctors_id` in (22, 25, 29, 30, 31, 32, 33) and `members_id` = '24' order by `started_at` desc
2017-09-21 19:58:21: select * from `doctors` where `users_id` = 30 and `doctors`.`deleted_at` is null limit 1
2017-09-21 19:58:21: select * from `services` where `members_id` = '24' and `doctors_id` = 30 and `payment_status` = 1 and `services`.`deleted_at` is null
2017-09-21 19:58:21: select * from `doctors` where `users_id` = 32 and `doctors`.`deleted_at` is null limit 1
2017-09-21 19:58:21: select * from `services` where `members_id` = '24' and `doctors_id` = 32 and `payment_status` = 1 and `services`.`deleted_at` is null
2017-09-21 19:58:21: select * from `parameters` where `type` = 'setting' and `key` = 'treatment_days_1' limit 1
2017-09-21 19:58:21: select * from `parameters` where `type` = 'setting' and `key` = 'treatment_days_2' limit 1
2017-09-21 19:58:21: select * from `doctors` where `users_id` = 33 and `doctors`.`deleted_at` is null limit 1
2017-09-21 19:58:21: select * from `services` where `members_id` = '24' and `doctors_id` = 33 and `payment_status` = 1 and `services`.`deleted_at` is null
2017-09-21 19:58:21: select * from `doctors` where `users_id` = 31 and `doctors`.`deleted_at` is null limit 1
2017-09-21 19:58:21: select * from `services` where `members_id` = '24' and `doctors_id` = 31 and `payment_status` = 1 and `services`.`deleted_at` is null
2017-09-21 19:58:21: select * from `parameters` where `type` = 'setting' and `key` = 'treatment_days_2' limit 1
2017-09-21 19:58:21: select * from `doctors` where `users_id` = 22 and `doctors`.`deleted_at` is null limit 1
2017-09-21 19:58:21: select * from `services` where `members_id` = '24' and `doctors_id` = 22 and `payment_status` = 1 and `services`.`deleted_at` is null
2017-09-21 19:58:21: select * from `parameters` where `type` = 'setting' and `key` = 'treatment_days_2' limit 1
2017-09-21 19:58:21: select * from `doctors` where `users_id` = 29 and `doctors`.`deleted_at` is null limit 1
2017-09-21 19:58:21: select * from `services` where `members_id` = '24' and `doctors_id` = 29 and `payment_status` = 1 and `services`.`deleted_at` is null
2017-09-21 19:58:21: select * from `doctors` where `users_id` = 25 and `doctors`.`deleted_at` is null limit 1
2017-09-21 19:58:21: select * from `services` where `members_id` = '24' and `doctors_id` = 25 and `payment_status` = 1 and `services`.`deleted_at` is null
2017-09-21 19:58:21: select * from `parameters` where `type` = 'setting' and `key` = 'treatment_days_2' limit 1
2017-09-21 19:58:21: select count(*) as aggregate from `users` where `id` = '24'
2017-09-21 19:58:21: select * from `users` where `id` = '24' and `users`.`deleted_at` is null limit 1
2017-09-21 19:58:21: select * from `users` where `city_id` = 1 and `district_id` = 110 and `login_type` = '2' and `online` = 1 and `users`.`deleted_at` is null order by `online_at` desc
2017-09-21 19:58:21: select * from `messages` where `source` = 'doctor' and `started_at` is not null and `messages`.`doctors_id` in (22, 25, 29, 30, 31, 32, 33) and `members_id` = '24' order by `started_at` desc
2017-09-21 19:58:21: select * from `doctors` where `users_id` = 30 and `doctors`.`deleted_at` is null limit 1
2017-09-21 19:58:21: select * from `services` where `members_id` = '24' and `doctors_id` = 30 and `payment_status` = 1 and `services`.`deleted_at` is null
2017-09-21 19:58:21: select * from `doctors` where `users_id` = 32 and `doctors`.`deleted_at` is null limit 1
2017-09-21 19:58:21: select * from `services` where `members_id` = '24' and `doctors_id` = 32 and `payment_status` = 1 and `services`.`deleted_at` is null
2017-09-21 19:58:21: select * from `parameters` where `type` = 'setting' and `key` = 'treatment_days_1' limit 1
2017-09-21 19:58:21: select * from `parameters` where `type` = 'setting' and `key` = 'treatment_days_2' limit 1
2017-09-21 19:58:21: select * from `doctors` where `users_id` = 33 and `doctors`.`deleted_at` is null limit 1
2017-09-21 19:58:21: select * from `services` where `members_id` = '24' and `doctors_id` = 33 and `payment_status` = 1 and `services`.`deleted_at` is null
2017-09-21 19:58:21: select * from `doctors` where `users_id` = 31 and `doctors`.`deleted_at` is null limit 1
2017-09-21 19:58:21: select * from `services` where `members_id` = '24' and `doctors_id` = 31 and `payment_status` = 1 and `services`.`deleted_at` is null
2017-09-21 19:58:21: select * from `parameters` where `type` = 'setting' and `key` = 'treatment_days_2' limit 1
2017-09-21 19:58:21: select * from `doctors` where `users_id` = 22 and `doctors`.`deleted_at` is null limit 1
2017-09-21 19:58:21: select * from `services` where `members_id` = '24' and `doctors_id` = 22 and `payment_status` = 1 and `services`.`deleted_at` is null
2017-09-21 19:58:21: select * from `parameters` where `type` = 'setting' and `key` = 'treatment_days_2' limit 1
2017-09-21 19:58:21: select * from `doctors` where `users_id` = 29 and `doctors`.`deleted_at` is null limit 1
2017-09-21 19:58:21: select * from `services` where `members_id` = '24' and `doctors_id` = 29 and `payment_status` = 1 and `services`.`deleted_at` is null
2017-09-21 19:58:21: select * from `doctors` where `users_id` = 25 and `doctors`.`deleted_at` is null limit 1
2017-09-21 19:58:21: select * from `services` where `members_id` = '24' and `doctors_id` = 25 and `payment_status` = 1 and `services`.`deleted_at` is null
2017-09-21 19:58:21: select * from `parameters` where `type` = 'setting' and `key` = 'treatment_days_2' limit 1
2017-09-21 19:58:24: select count(*) as aggregate from `users` where `id` = '24'
2017-09-21 19:58:24: select count(*) as aggregate from `users` where `id` = '24'
2017-09-21 19:58:24: select * from `users` where `id` = '24' and `users`.`deleted_at` is null limit 1
2017-09-21 19:58:24: select * from `users` where `id` = '24' and `users`.`deleted_at` is null limit 1
2017-09-21 19:58:24: select * from `users` where `city_id` = 1 and `district_id` = 110 and `login_type` = '2' and `online` = 1 and `users`.`deleted_at` is null order by `online_at` desc
2017-09-21 19:58:24: select * from `users` where `city_id` = 1 and `district_id` = 110 and `login_type` = '2' and `online` = 1 and `users`.`deleted_at` is null order by `online_at` desc
2017-09-21 19:58:24: select * from `messages` where `source` = 'doctor' and `started_at` is not null and `messages`.`doctors_id` in (22, 25, 29, 30, 31, 32, 33) and `members_id` = '24' order by `started_at` desc
2017-09-21 19:58:24: select * from `messages` where `source` = 'doctor' and `started_at` is not null and `messages`.`doctors_id` in (22, 25, 29, 30, 31, 32, 33) and `members_id` = '24' order by `started_at` desc
2017-09-21 19:58:24: select * from `doctors` where `users_id` = 30 and `doctors`.`deleted_at` is null limit 1
2017-09-21 19:58:24: select * from `doctors` where `users_id` = 30 and `doctors`.`deleted_at` is null limit 1
2017-09-21 19:58:24: select * from `services` where `members_id` = '24' and `doctors_id` = 30 and `payment_status` = 1 and `services`.`deleted_at` is null
2017-09-21 19:58:24: select * from `services` where `members_id` = '24' and `doctors_id` = 30 and `payment_status` = 1 and `services`.`deleted_at` is null
2017-09-21 19:58:24: select * from `doctors` where `users_id` = 32 and `doctors`.`deleted_at` is null limit 1
2017-09-21 19:58:24: select * from `doctors` where `users_id` = 32 and `doctors`.`deleted_at` is null limit 1
2017-09-21 19:58:24: select * from `services` where `members_id` = '24' and `doctors_id` = 32 and `payment_status` = 1 and `services`.`deleted_at` is null
2017-09-21 19:58:24: select * from `services` where `members_id` = '24' and `doctors_id` = 32 and `payment_status` = 1 and `services`.`deleted_at` is null
2017-09-21 19:58:24: select * from `parameters` where `type` = 'setting' and `key` = 'treatment_days_1' limit 1
2017-09-21 19:58:24: select * from `parameters` where `type` = 'setting' and `key` = 'treatment_days_1' limit 1
2017-09-21 19:58:24: select * from `parameters` where `type` = 'setting' and `key` = 'treatment_days_2' limit 1
2017-09-21 19:58:24: select * from `parameters` where `type` = 'setting' and `key` = 'treatment_days_2' limit 1
2017-09-21 19:58:24: select * from `doctors` where `users_id` = 33 and `doctors`.`deleted_at` is null limit 1
2017-09-21 19:58:24: select * from `doctors` where `users_id` = 33 and `doctors`.`deleted_at` is null limit 1
2017-09-21 19:58:24: select * from `services` where `members_id` = '24' and `doctors_id` = 33 and `payment_status` = 1 and `services`.`deleted_at` is null
2017-09-21 19:58:24: select * from `services` where `members_id` = '24' and `doctors_id` = 33 and `payment_status` = 1 and `services`.`deleted_at` is null
2017-09-21 19:58:24: select * from `doctors` where `users_id` = 31 and `doctors`.`deleted_at` is null limit 1
2017-09-21 19:58:24: select * from `doctors` where `users_id` = 31 and `doctors`.`deleted_at` is null limit 1
2017-09-21 19:58:24: select * from `services` where `members_id` = '24' and `doctors_id` = 31 and `payment_status` = 1 and `services`.`deleted_at` is null
2017-09-21 19:58:24: select * from `services` where `members_id` = '24' and `doctors_id` = 31 and `payment_status` = 1 and `services`.`deleted_at` is null
2017-09-21 19:58:24: select * from `parameters` where `type` = 'setting' and `key` = 'treatment_days_2' limit 1
2017-09-21 19:58:24: select * from `parameters` where `type` = 'setting' and `key` = 'treatment_days_2' limit 1
2017-09-21 19:58:24: select * from `doctors` where `users_id` = 22 and `doctors`.`deleted_at` is null limit 1
2017-09-21 19:58:24: select * from `doctors` where `users_id` = 22 and `doctors`.`deleted_at` is null limit 1
2017-09-21 19:58:24: select * from `services` where `members_id` = '24' and `doctors_id` = 22 and `payment_status` = 1 and `services`.`deleted_at` is null
2017-09-21 19:58:24: select * from `services` where `members_id` = '24' and `doctors_id` = 22 and `payment_status` = 1 and `services`.`deleted_at` is null
2017-09-21 19:58:24: select * from `parameters` where `type` = 'setting' and `key` = 'treatment_days_2' limit 1
2017-09-21 19:58:24: select * from `parameters` where `type` = 'setting' and `key` = 'treatment_days_2' limit 1
2017-09-21 19:58:24: select * from `doctors` where `users_id` = 29 and `doctors`.`deleted_at` is null limit 1
2017-09-21 19:58:24: select * from `doctors` where `users_id` = 29 and `doctors`.`deleted_at` is null limit 1
2017-09-21 19:58:24: select * from `services` where `members_id` = '24' and `doctors_id` = 29 and `payment_status` = 1 and `services`.`deleted_at` is null
2017-09-21 19:58:24: select * from `services` where `members_id` = '24' and `doctors_id` = 29 and `payment_status` = 1 and `services`.`deleted_at` is null
2017-09-21 19:58:24: select * from `doctors` where `users_id` = 25 and `doctors`.`deleted_at` is null limit 1
2017-09-21 19:58:24: select * from `doctors` where `users_id` = 25 and `doctors`.`deleted_at` is null limit 1
2017-09-21 19:58:24: select * from `services` where `members_id` = '24' and `doctors_id` = 25 and `payment_status` = 1 and `services`.`deleted_at` is null
2017-09-21 19:58:24: select * from `services` where `members_id` = '24' and `doctors_id` = 25 and `payment_status` = 1 and `services`.`deleted_at` is null
2017-09-21 19:58:24: select * from `parameters` where `type` = 'setting' and `key` = 'treatment_days_2' limit 1
2017-09-21 19:58:24: select * from `parameters` where `type` = 'setting' and `key` = 'treatment_days_2' limit 1
2017-09-21 19:58:31: select count(*) as aggregate from `users` where `id` = '24'
2017-09-21 19:58:31: select * from `users` where `id` = '24' and `users`.`deleted_at` is null limit 1
2017-09-21 19:58:31: select * from `users` where `city_id` = 1 and `district_id` = 110 and `login_type` = '2' and `online` = 1 and `users`.`deleted_at` is null order by `online_at` desc
2017-09-21 19:58:31: select * from `messages` where `source` = 'doctor' and `started_at` is not null and `messages`.`doctors_id` in (22, 25, 29, 30, 31, 32, 33) and `members_id` = '24' order by `started_at` desc
2017-09-21 19:58:31: select * from `doctors` where `users_id` = 30 and `doctors`.`deleted_at` is null limit 1
2017-09-21 19:58:31: select * from `services` where `members_id` = '24' and `doctors_id` = 30 and `payment_status` = 1 and `services`.`deleted_at` is null
2017-09-21 19:58:31: select * from `doctors` where `users_id` = 32 and `doctors`.`deleted_at` is null limit 1
2017-09-21 19:58:31: select * from `services` where `members_id` = '24' and `doctors_id` = 32 and `payment_status` = 1 and `services`.`deleted_at` is null
2017-09-21 19:58:31: select * from `parameters` where `type` = 'setting' and `key` = 'treatment_days_1' limit 1
2017-09-21 19:58:31: select * from `parameters` where `type` = 'setting' and `key` = 'treatment_days_2' limit 1
2017-09-21 19:58:31: select * from `doctors` where `users_id` = 33 and `doctors`.`deleted_at` is null limit 1
2017-09-21 19:58:31: select * from `services` where `members_id` = '24' and `doctors_id` = 33 and `payment_status` = 1 and `services`.`deleted_at` is null
2017-09-21 19:58:31: select * from `doctors` where `users_id` = 31 and `doctors`.`deleted_at` is null limit 1
2017-09-21 19:58:32: select * from `services` where `members_id` = '24' and `doctors_id` = 31 and `payment_status` = 1 and `services`.`deleted_at` is null
2017-09-21 19:58:32: select * from `parameters` where `type` = 'setting' and `key` = 'treatment_days_2' limit 1
2017-09-21 19:58:32: select * from `doctors` where `users_id` = 22 and `doctors`.`deleted_at` is null limit 1
2017-09-21 19:58:32: select * from `services` where `members_id` = '24' and `doctors_id` = 22 and `payment_status` = 1 and `services`.`deleted_at` is null
2017-09-21 19:58:32: select * from `parameters` where `type` = 'setting' and `key` = 'treatment_days_2' limit 1
2017-09-21 19:58:32: select * from `doctors` where `users_id` = 29 and `doctors`.`deleted_at` is null limit 1
2017-09-21 19:58:32: select * from `services` where `members_id` = '24' and `doctors_id` = 29 and `payment_status` = 1 and `services`.`deleted_at` is null
2017-09-21 19:58:32: select * from `doctors` where `users_id` = 25 and `doctors`.`deleted_at` is null limit 1
2017-09-21 19:58:32: select * from `services` where `members_id` = '24' and `doctors_id` = 25 and `payment_status` = 1 and `services`.`deleted_at` is null
2017-09-21 19:58:32: select * from `parameters` where `type` = 'setting' and `key` = 'treatment_days_2' limit 1
2017-09-21 19:58:32: select count(*) as aggregate from `users` where `id` = '24'
2017-09-21 19:58:32: select * from `users` where `id` = '24' and `users`.`deleted_at` is null limit 1
2017-09-21 19:58:32: select * from `users` where `city_id` = 1 and `district_id` = 110 and `login_type` = '2' and `online` = 1 and `users`.`deleted_at` is null order by `online_at` desc
2017-09-21 19:58:32: select * from `messages` where `source` = 'doctor' and `started_at` is not null and `messages`.`doctors_id` in (22, 25, 29, 30, 31, 32, 33) and `members_id` = '24' order by `started_at` desc
2017-09-21 19:58:32: select * from `doctors` where `users_id` = 30 and `doctors`.`deleted_at` is null limit 1
2017-09-21 19:58:32: select * from `services` where `members_id` = '24' and `doctors_id` = 30 and `payment_status` = 1 and `services`.`deleted_at` is null
2017-09-21 19:58:32: select * from `doctors` where `users_id` = 32 and `doctors`.`deleted_at` is null limit 1
2017-09-21 19:58:32: select * from `services` where `members_id` = '24' and `doctors_id` = 32 and `payment_status` = 1 and `services`.`deleted_at` is null
2017-09-21 19:58:32: select * from `parameters` where `type` = 'setting' and `key` = 'treatment_days_1' limit 1
2017-09-21 19:58:32: select * from `parameters` where `type` = 'setting' and `key` = 'treatment_days_2' limit 1
2017-09-21 19:58:32: select * from `doctors` where `users_id` = 33 and `doctors`.`deleted_at` is null limit 1
2017-09-21 19:58:32: select * from `services` where `members_id` = '24' and `doctors_id` = 33 and `payment_status` = 1 and `services`.`deleted_at` is null
2017-09-21 19:58:32: select * from `doctors` where `users_id` = 31 and `doctors`.`deleted_at` is null limit 1
2017-09-21 19:58:32: select * from `services` where `members_id` = '24' and `doctors_id` = 31 and `payment_status` = 1 and `services`.`deleted_at` is null
2017-09-21 19:58:32: select * from `parameters` where `type` = 'setting' and `key` = 'treatment_days_2' limit 1
2017-09-21 19:58:32: select * from `doctors` where `users_id` = 22 and `doctors`.`deleted_at` is null limit 1
2017-09-21 19:58:32: select * from `services` where `members_id` = '24' and `doctors_id` = 22 and `payment_status` = 1 and `services`.`deleted_at` is null
2017-09-21 19:58:32: select * from `parameters` where `type` = 'setting' and `key` = 'treatment_days_2' limit 1
2017-09-21 19:58:32: select * from `doctors` where `users_id` = 29 and `doctors`.`deleted_at` is null limit 1
2017-09-21 19:58:32: select * from `services` where `members_id` = '24' and `doctors_id` = 29 and `payment_status` = 1 and `services`.`deleted_at` is null
2017-09-21 19:58:32: select * from `doctors` where `users_id` = 25 and `doctors`.`deleted_at` is null limit 1
2017-09-21 19:58:32: select * from `services` where `members_id` = '24' and `doctors_id` = 25 and `payment_status` = 1 and `services`.`deleted_at` is null
2017-09-21 19:58:32: select * from `parameters` where `type` = 'setting' and `key` = 'treatment_days_2' limit 1
2017-09-21 23:46:05: select * from `users` where `id` = '22' and `users`.`deleted_at` is null limit 1
2017-09-21 23:46:05: select * from `doctors` where `doctors`.`users_id` = 22 and `doctors`.`users_id` is not null and `doctors`.`deleted_at` is null limit 1
2017-09-21 23:46:05: select count(*) as aggregate from `member_requests` where `member_requests`.`deleted_at` is null
2017-09-21 23:46:05: select count(*) as aggregate from `member_request_doctors` where `doctors_id` = '22'
2017-09-21 23:46:05: select count(*) as aggregate from `services` where `doctors_id` = '22' and `opened_at` is null and `services`.`deleted_at` is null
2017-09-21 23:46:05: select * from `messages` where `doctors_id` = '22' and `doctor_readed_at` is null and `visible` = 1 order by `created_at` desc
2017-09-21 23:46:05: select * from `parameters` where `type` = 'banner'
2017-09-21 23:46:05: select * from `parameters` where `type` = 'setting' and `key` = 'service_email' limit 1
2017-09-21 23:46:48: select count(*) as aggregate from `users` where `id` = '24'
2017-09-21 23:46:48: select * from `users` where `id` = '24' and `users`.`deleted_at` is null limit 1
2017-09-21 23:46:48: select * from `users` where `city_id` = 1 and `district_id` = 110 and `login_type` = '2' and `online` = 1 and `users`.`deleted_at` is null order by `online_at` desc
2017-09-21 23:46:48: select * from `messages` where `source` = 'doctor' and `started_at` is not null and `messages`.`doctors_id` in (22, 25, 29, 30, 31, 32, 33) and `members_id` = '24' order by `started_at` desc
2017-09-21 23:46:48: select * from `doctors` where `users_id` = 30 and `doctors`.`deleted_at` is null limit 1
2017-09-21 23:46:48: select * from `services` where `members_id` = '24' and `doctors_id` = 30 and `payment_status` = 1 and `services`.`deleted_at` is null
2017-09-21 23:46:48: select * from `doctors` where `users_id` = 32 and `doctors`.`deleted_at` is null limit 1
2017-09-21 23:46:48: select * from `services` where `members_id` = '24' and `doctors_id` = 32 and `payment_status` = 1 and `services`.`deleted_at` is null
2017-09-21 23:46:48: select * from `parameters` where `type` = 'setting' and `key` = 'treatment_days_1' limit 1
2017-09-21 23:46:48: select * from `parameters` where `type` = 'setting' and `key` = 'treatment_days_2' limit 1
2017-09-21 23:46:48: select * from `doctors` where `users_id` = 33 and `doctors`.`deleted_at` is null limit 1
2017-09-21 23:46:48: select * from `services` where `members_id` = '24' and `doctors_id` = 33 and `payment_status` = 1 and `services`.`deleted_at` is null
2017-09-21 23:46:48: select * from `doctors` where `users_id` = 31 and `doctors`.`deleted_at` is null limit 1
2017-09-21 23:46:48: select * from `services` where `members_id` = '24' and `doctors_id` = 31 and `payment_status` = 1 and `services`.`deleted_at` is null
2017-09-21 23:46:48: select * from `parameters` where `type` = 'setting' and `key` = 'treatment_days_2' limit 1
2017-09-21 23:46:48: select * from `doctors` where `users_id` = 22 and `doctors`.`deleted_at` is null limit 1
2017-09-21 23:46:48: select * from `services` where `members_id` = '24' and `doctors_id` = 22 and `payment_status` = 1 and `services`.`deleted_at` is null
2017-09-21 23:46:48: select * from `parameters` where `type` = 'setting' and `key` = 'treatment_days_2' limit 1
2017-09-21 23:46:48: select * from `doctors` where `users_id` = 29 and `doctors`.`deleted_at` is null limit 1
2017-09-21 23:46:48: select * from `services` where `members_id` = '24' and `doctors_id` = 29 and `payment_status` = 1 and `services`.`deleted_at` is null
2017-09-21 23:46:48: select * from `doctors` where `users_id` = 25 and `doctors`.`deleted_at` is null limit 1
2017-09-21 23:46:48: select * from `services` where `members_id` = '24' and `doctors_id` = 25 and `payment_status` = 1 and `services`.`deleted_at` is null
2017-09-21 23:46:48: select * from `parameters` where `type` = 'setting' and `key` = 'treatment_days_2' limit 1
2017-09-21 23:46:59: select * from `users` where `id` = '22' and `users`.`deleted_at` is null limit 1
2017-09-21 23:46:59: select * from `doctors` where `doctors`.`users_id` = 22 and `doctors`.`users_id` is not null and `doctors`.`deleted_at` is null limit 1
2017-09-21 23:46:59: select count(*) as aggregate from `member_requests` where `member_requests`.`deleted_at` is null
2017-09-21 23:46:59: select count(*) as aggregate from `member_request_doctors` where `doctors_id` = '22'
2017-09-21 23:46:59: select count(*) as aggregate from `services` where `doctors_id` = '22' and `opened_at` is null and `services`.`deleted_at` is null
2017-09-21 23:46:59: select * from `messages` where `doctors_id` = '22' and `doctor_readed_at` is null and `visible` = 1 order by `created_at` desc
2017-09-21 23:46:59: select * from `parameters` where `type` = 'banner'
2017-09-21 23:46:59: select * from `parameters` where `type` = 'setting' and `key` = 'service_email' limit 1
2017-09-21 23:47:00: select * from `users` where `id` = '22' and `login_type` = 2 and `status` = 1 and `users`.`deleted_at` is null limit 1
2017-09-21 23:47:00: select * from `doctors` where `doctors`.`users_id` in (22) and `doctors`.`deleted_at` is null
2017-09-21 23:47:00: select * from `services` where `doctors_id` = '22' and `members_id` is not null and `services`.`deleted_at` is null
2017-09-21 23:47:00: select * from `services` where `doctors_id` = '22' and `members_id` in (23, 24) and `payment_status` in (0, 1) and `services`.`deleted_at` is null order by `created_at` desc
2017-09-21 23:47:00: select * from `users` where `login_type` = 1 and `users`.`id` in (23, 24) and `users`.`deleted_at` is null
2017-09-21 23:47:00: select * from `parameters` where `type` = 'setting' and `key` = 'message_expire_time' limit 1
2017-09-21 23:47:00: select * from `messages` where `doctors_id` = 22 and `members_id` = 24 and `source` = 'member' order by `created_at` desc limit 1
2017-09-21 23:47:00: select * from `messages` where `doctors_id` = 22 and `members_id` = 24 and `source` = 'doctor' order by `created_at` desc limit 1
2017-09-21 23:47:00: select * from `messages` where `doctors_id` = 22 and `members_id` = 23 and `source` = 'member' order by `created_at` desc limit 1
2017-09-21 23:47:00: select * from `messages` where `doctors_id` = 22 and `members_id` = 23 and `source` = 'doctor' order by `created_at` desc limit 1
2017-09-21 23:47:00: update `services` set `opened_at` = '2017-09-21 23:47:00', `updated_at` = '2017-09-21 23:47:00' where `doctors_id` = '22' and `opened_at` is null and `services`.`deleted_at` is null
2017-09-21 23:47:00: select * from `doctors` where `doctors`.`users_id` = 24 and `doctors`.`users_id` is not null and `doctors`.`deleted_at` is null limit 1
2017-09-21 23:47:00: select * from `parameters` where `type` = 'setting' and `key` = 'treatment_days_2' limit 1
2017-09-21 23:47:00: select * from `doctors` where `doctors`.`users_id` = 23 and `doctors`.`users_id` is not null and `doctors`.`deleted_at` is null limit 1
2017-09-21 23:54:03: select * from `users` where `id` = '22' and `users`.`deleted_at` is null limit 1
2017-09-21 23:54:03: select * from `doctors` where `doctors`.`users_id` = 22 and `doctors`.`users_id` is not null and `doctors`.`deleted_at` is null limit 1
2017-09-21 23:54:03: select count(*) as aggregate from `member_requests` where `member_requests`.`deleted_at` is null
2017-09-21 23:54:03: select count(*) as aggregate from `member_request_doctors` where `doctors_id` = '22'
2017-09-21 23:54:03: select count(*) as aggregate from `services` where `doctors_id` = '22' and `opened_at` is null and `services`.`deleted_at` is null
2017-09-21 23:54:03: select * from `messages` where `doctors_id` = '22' and `doctor_readed_at` is null and `visible` = 1 order by `created_at` desc
2017-09-21 23:54:03: select * from `parameters` where `type` = 'banner'
2017-09-21 23:54:03: select * from `parameters` where `type` = 'setting' and `key` = 'service_email' limit 1
2017-09-21 23:54:07: select * from `users` where `id` = '22' and `login_type` = 2 and `status` = 1 and `users`.`deleted_at` is null limit 1
2017-09-21 23:54:07: select * from `doctors` where `doctors`.`users_id` in (22) and `doctors`.`deleted_at` is null
2017-09-21 23:54:07: select * from `services` where `doctors_id` = '22' and `members_id` is not null and `services`.`deleted_at` is null
2017-09-21 23:54:07: select * from `services` where `doctors_id` = '22' and `members_id` in (23, 24) and `payment_status` in (0, 1) and `services`.`deleted_at` is null order by `created_at` desc
2017-09-21 23:54:07: select * from `users` where `login_type` = 1 and `users`.`id` in (23, 24) and `users`.`deleted_at` is null
2017-09-21 23:54:07: select * from `parameters` where `type` = 'setting' and `key` = 'message_expire_time' limit 1
2017-09-21 23:54:07: select * from `messages` where `doctors_id` = 22 and `members_id` = 24 and `source` = 'member' order by `created_at` desc limit 1
2017-09-21 23:54:07: select * from `messages` where `doctors_id` = 22 and `members_id` = 24 and `source` = 'doctor' order by `created_at` desc limit 1
2017-09-21 23:54:07: select * from `messages` where `doctors_id` = 22 and `members_id` = 23 and `source` = 'member' order by `created_at` desc limit 1
2017-09-21 23:54:07: select * from `messages` where `doctors_id` = 22 and `members_id` = 23 and `source` = 'doctor' order by `created_at` desc limit 1
2017-09-21 23:54:07: update `services` set `opened_at` = '2017-09-21 23:54:07', `updated_at` = '2017-09-21 23:54:07' where `doctors_id` = '22' and `opened_at` is null and `services`.`deleted_at` is null
2017-09-21 23:54:07: select * from `parameters` where `type` = 'setting' and `key` = 'treatment_days_1' limit 1
2017-09-21 23:54:07: select * from `doctors` where `doctors`.`users_id` = 24 and `doctors`.`users_id` is not null and `doctors`.`deleted_at` is null limit 1
2017-09-21 23:54:07: select * from `parameters` where `type` = 'setting' and `key` = 'treatment_days_2' limit 1
2017-09-21 23:54:07: select * from `doctors` where `doctors`.`users_id` = 23 and `doctors`.`users_id` is not null and `doctors`.`deleted_at` is null limit 1
2017-09-21 23:56:45: select * from `users` where `id` = '22' and `users`.`deleted_at` is null limit 1
2017-09-21 23:56:45: select * from `doctors` where `doctors`.`users_id` = 22 and `doctors`.`users_id` is not null and `doctors`.`deleted_at` is null limit 1
2017-09-21 23:56:45: select count(*) as aggregate from `member_requests` where `member_requests`.`deleted_at` is null
2017-09-21 23:56:45: select count(*) as aggregate from `member_request_doctors` where `doctors_id` = '22'
2017-09-21 23:56:45: select count(*) as aggregate from `services` where `doctors_id` = '22' and `opened_at` is null and `services`.`deleted_at` is null
2017-09-21 23:56:45: select * from `messages` where `doctors_id` = '22' and `doctor_readed_at` is null and `visible` = 1 order by `created_at` desc
2017-09-21 23:56:45: select * from `parameters` where `type` = 'banner'
2017-09-21 23:56:45: select * from `parameters` where `type` = 'setting' and `key` = 'service_email' limit 1
2017-09-21 23:56:47: select * from `users` where `id` = '22' and `users`.`deleted_at` is null limit 1
2017-09-21 23:56:47: select * from `doctors` where `doctors`.`users_id` = 22 and `doctors`.`users_id` is not null and `doctors`.`deleted_at` is null limit 1
2017-09-21 23:56:49: select * from `users` where `id` = '22' and `users`.`deleted_at` is null limit 1
2017-09-21 23:56:49: select * from `doctors` where `doctors`.`users_id` = 22 and `doctors`.`users_id` is not null and `doctors`.`deleted_at` is null limit 1
2017-09-21 23:56:49: select count(*) as aggregate from `member_requests` where `member_requests`.`deleted_at` is null
2017-09-21 23:56:49: select count(*) as aggregate from `member_request_doctors` where `doctors_id` = '22'
2017-09-21 23:56:49: select count(*) as aggregate from `services` where `doctors_id` = '22' and `opened_at` is null and `services`.`deleted_at` is null
2017-09-21 23:56:49: select * from `messages` where `doctors_id` = '22' and `doctor_readed_at` is null and `visible` = 1 order by `created_at` desc
2017-09-21 23:56:49: select * from `parameters` where `type` = 'banner'
2017-09-21 23:56:49: select * from `parameters` where `type` = 'setting' and `key` = 'service_email' limit 1
2017-09-21 23:56:51: select * from `users` where `id` = '22' and `login_type` = 2 and `status` = 1 and `users`.`deleted_at` is null limit 1
2017-09-21 23:56:51: select * from `doctors` where `doctors`.`users_id` in (22) and `doctors`.`deleted_at` is null
2017-09-21 23:56:51: select * from `services` where `doctors_id` = '22' and `members_id` is not null and `services`.`deleted_at` is null
2017-09-21 23:56:51: select * from `services` where `doctors_id` = '22' and `members_id` in (23, 24) and `payment_status` = 1 and `services`.`deleted_at` is null order by `created_at` desc
2017-09-21 23:56:51: select * from `users` where `login_type` = 1 and `users`.`id` in (23, 24) and `users`.`deleted_at` is null
2017-09-21 23:56:51: select * from `parameters` where `type` = 'setting' and `key` = 'treatment_days_1' limit 1
2017-09-21 23:56:51: select * from `parameters` where `type` = 'setting' and `key` = 'treatment_days_2' limit 1
2017-09-21 23:56:51: select * from `parameters` where `type` = 'setting' and `key` = 'treatment_days_2' limit 1
2017-09-21 23:56:51: select * from `parameters` where `type` = 'setting' and `key` = 'message_expire_time' limit 1
2017-09-21 23:56:51: select * from `messages` where `doctors_id` = 22 and `members_id` = 24 and `source` = 'member' order by `created_at` desc limit 1
2017-09-21 23:56:51: select * from `messages` where `doctors_id` = 22 and `members_id` = 24 and `source` = 'doctor' order by `created_at` desc limit 1
2017-09-21 23:56:51: update `services` set `opened_at` = '2017-09-21 23:56:51', `updated_at` = '2017-09-21 23:56:51' where `doctors_id` = '22' and `opened_at` is null and `services`.`deleted_at` is null
2017-09-21 23:56:51: select * from `parameters` where `type` = 'setting' and `key` = 'treatment_days_1' limit 1
2017-09-21 23:56:51: select * from `doctors` where `doctors`.`users_id` = 24 and `doctors`.`users_id` is not null and `doctors`.`deleted_at` is null limit 1
2017-09-21 23:56:56: select * from `users` where `id` = '22' and `users`.`deleted_at` is null limit 1
2017-09-21 23:56:56: select * from `doctors` where `doctors`.`users_id` = 22 and `doctors`.`users_id` is not null and `doctors`.`deleted_at` is null limit 1
2017-09-21 23:56:56: select count(*) as aggregate from `member_requests` where `member_requests`.`deleted_at` is null
2017-09-21 23:56:56: select count(*) as aggregate from `member_request_doctors` where `doctors_id` = '22'
2017-09-21 23:56:56: select count(*) as aggregate from `services` where `doctors_id` = '22' and `opened_at` is null and `services`.`deleted_at` is null
2017-09-21 23:56:56: select * from `messages` where `doctors_id` = '22' and `doctor_readed_at` is null and `visible` = 1 order by `created_at` desc
2017-09-21 23:56:56: select * from `parameters` where `type` = 'banner'
2017-09-21 23:56:56: select * from `parameters` where `type` = 'setting' and `key` = 'service_email' limit 1
2017-09-21 23:56:57: select * from `users` where `id` = '22' and `login_type` = 2 and `status` = 1 and `users`.`deleted_at` is null limit 1
2017-09-21 23:56:57: select * from `doctors` where `doctors`.`users_id` in (22) and `doctors`.`deleted_at` is null
2017-09-21 23:56:57: select * from `services` where `doctors_id` = '22' and `members_id` is not null and `services`.`deleted_at` is null
2017-09-21 23:56:57: select * from `services` where `doctors_id` = '22' and `members_id` in (23, 24) and `payment_status` in (0, 1) and `services`.`deleted_at` is null order by `created_at` desc
2017-09-21 23:56:57: select * from `users` where `login_type` = 1 and `users`.`id` in (23, 24) and `users`.`deleted_at` is null
2017-09-21 23:56:57: select * from `parameters` where `type` = 'setting' and `key` = 'message_expire_time' limit 1
2017-09-21 23:56:57: select * from `messages` where `doctors_id` = 22 and `members_id` = 24 and `source` = 'member' order by `created_at` desc limit 1
2017-09-21 23:56:57: select * from `messages` where `doctors_id` = 22 and `members_id` = 24 and `source` = 'doctor' order by `created_at` desc limit 1
2017-09-21 23:56:57: select * from `messages` where `doctors_id` = 22 and `members_id` = 23 and `source` = 'member' order by `created_at` desc limit 1
2017-09-21 23:56:57: select * from `messages` where `doctors_id` = 22 and `members_id` = 23 and `source` = 'doctor' order by `created_at` desc limit 1
2017-09-21 23:56:57: update `services` set `opened_at` = '2017-09-21 23:56:57', `updated_at` = '2017-09-21 23:56:57' where `doctors_id` = '22' and `opened_at` is null and `services`.`deleted_at` is null
2017-09-21 23:56:57: select * from `parameters` where `type` = 'setting' and `key` = 'treatment_days_1' limit 1
2017-09-21 23:56:57: select * from `doctors` where `doctors`.`users_id` = 24 and `doctors`.`users_id` is not null and `doctors`.`deleted_at` is null limit 1
2017-09-21 23:56:57: select * from `parameters` where `type` = 'setting' and `key` = 'treatment_days_2' limit 1
2017-09-21 23:56:57: select * from `doctors` where `doctors`.`users_id` = 23 and `doctors`.`users_id` is not null and `doctors`.`deleted_at` is null limit 1
2017-09-21 23:57:03: select * from `users` where `id` = '22' and `users`.`deleted_at` is null limit 1
2017-09-21 23:57:03: select * from `doctors` where `doctors`.`users_id` = 22 and `doctors`.`users_id` is not null and `doctors`.`deleted_at` is null limit 1
2017-09-21 23:57:03: select count(*) as aggregate from `member_requests` where `member_requests`.`deleted_at` is null
2017-09-21 23:57:03: select count(*) as aggregate from `member_request_doctors` where `doctors_id` = '22'
2017-09-21 23:57:03: select count(*) as aggregate from `services` where `doctors_id` = '22' and `opened_at` is null and `services`.`deleted_at` is null
2017-09-21 23:57:03: select * from `messages` where `doctors_id` = '22' and `doctor_readed_at` is null and `visible` = 1 order by `created_at` desc
2017-09-21 23:57:03: select * from `parameters` where `type` = 'banner'
2017-09-21 23:57:03: select * from `parameters` where `type` = 'setting' and `key` = 'service_email' limit 1
2017-09-21 23:57:03: select * from `users` where `id` = '22' and `users`.`deleted_at` is null limit 1
2017-09-21 23:57:03: select * from `doctors` where `doctors`.`users_id` = 22 and `doctors`.`users_id` is not null and `doctors`.`deleted_at` is null limit 1
2017-09-21 23:57:32: select * from `users` where `id` = '22' and `users`.`deleted_at` is null limit 1
2017-09-21 23:57:32: select * from `doctors` where `doctors`.`users_id` = 22 and `doctors`.`users_id` is not null and `doctors`.`deleted_at` is null limit 1
2017-09-21 23:57:32: select count(*) as aggregate from `member_requests` where `member_requests`.`deleted_at` is null
2017-09-21 23:57:32: select count(*) as aggregate from `member_request_doctors` where `doctors_id` = '22'
2017-09-21 23:57:32: select count(*) as aggregate from `services` where `doctors_id` = '22' and `opened_at` is null and `services`.`deleted_at` is null
2017-09-21 23:57:32: select * from `messages` where `doctors_id` = '22' and `doctor_readed_at` is null and `visible` = 1 order by `created_at` desc
2017-09-21 23:57:32: select * from `parameters` where `type` = 'banner'
2017-09-21 23:57:32: select * from `parameters` where `type` = 'setting' and `key` = 'service_email' limit 1
2017-09-21 23:59:21: select * from `users` where `id` = '22' and `users`.`deleted_at` is null limit 1
2017-09-21 23:59:21: select * from `doctors` where `doctors`.`users_id` = 22 and `doctors`.`users_id` is not null and `doctors`.`deleted_at` is null limit 1
