2017-09-14 16:49:29: select count(*) as aggregate from `users` where `id` = '2'
2017-09-14 16:49:29: select * from `users` where `id` = '2' and `users`.`deleted_at` is null limit 1
2017-09-14 16:49:29: select * from `users` where `city_id` = 1 and `district_id` = 115 and `login_type` = '2' and `online` = 1 and `users`.`deleted_at` is null order by `online_at` desc
2017-09-14 16:49:29: select * from `messages` where `source` = 'doctor' and `started_at` is not null and `messages`.`doctors_id` in (3) and `members_id` = '2' order by `started_at` desc
2017-09-14 16:49:29: select * from `doctors` where `users_id` = 3 and `doctors`.`deleted_at` is null limit 1
2017-09-14 16:49:29: select * from `services` where `members_id` = '2' and `doctors_id` = 3 and `payment_status` = 1 and `services`.`deleted_at` is null
2017-09-14 16:50:02: select * from `users` where `id` = '4' and `users`.`deleted_at` is null limit 1
2017-09-14 16:50:02: select * from `doctors` where `doctors`.`users_id` = 4 and `doctors`.`users_id` is not null and `doctors`.`deleted_at` is null limit 1
2017-09-14 16:50:02: select count(*) as aggregate from `member_requests` where `member_requests`.`deleted_at` is null
2017-09-14 16:50:02: select count(*) as aggregate from `member_request_doctors` where `doctors_id` = '4'
2017-09-14 16:50:02: select count(*) as aggregate from `services` where `doctors_id` = '4' and `opened_at` is null and `services`.`deleted_at` is null
2017-09-14 16:50:02: select * from `messages` where `doctors_id` = '4' and `doctor_readed_at` is null and `visible` = 1 order by `created_at` desc
2017-09-14 16:50:02: select * from `services` where `members_id` = 5 and `doctors_id` = '4' and `payment_status` = 1 and `services`.`deleted_at` is null
2017-09-14 16:50:02: select * from `parameters` where `type` = 'banner'
2017-09-14 16:50:02: select * from `parameters` where `type` = 'setting' and `key` = 'service_email' limit 1
2017-09-14 16:50:10: select * from `users` where `id` = '4' and `login_type` = 2 and `status` = 1 and `users`.`deleted_at` is null limit 1
2017-09-14 16:50:10: select * from `doctors` where `doctors`.`users_id` in (4) and `doctors`.`deleted_at` is null
2017-09-14 16:50:10: select * from `services` where `doctors_id` = '4' and `payment_status` = 1 and `paid_at` > '2017-08-14 16:50:10' and `services`.`deleted_at` is null
2017-09-14 16:50:10: select * from `messages` where `doctors_id` = '4' and 1 = 1 and `visible` = 1
2017-09-14 16:50:10: select count(*) as aggregate from `users` where `id` in (2, 5) and `login_type` = 1 and `users`.`deleted_at` is null
2017-09-14 16:50:10: select * from `users` where `id` in (2, 5) and `login_type` = 1 and `users`.`deleted_at` is null limit 10 offset 0
2017-09-14 16:50:10: select * from `member_requests` where `member_requests`.`members_id` in (2, 5) and `member_requests`.`deleted_at` is null order by `created_at` desc
2017-09-14 16:50:10: select * from `doctors` where `doctors`.`users_id` = 2 and `doctors`.`users_id` is not null and `doctors`.`deleted_at` is null limit 1
2017-09-14 16:50:10: select * from `doctors` where `doctors`.`users_id` = 5 and `doctors`.`users_id` is not null and `doctors`.`deleted_at` is null limit 1
2017-09-14 16:50:30: select * from `users` where `id` = '4' and `users`.`deleted_at` is null limit 1
2017-09-14 16:50:30: select * from `doctors` where `doctors`.`users_id` = 4 and `doctors`.`users_id` is not null and `doctors`.`deleted_at` is null limit 1
2017-09-14 16:50:30: select count(*) as aggregate from `member_requests` where `member_requests`.`deleted_at` is null
2017-09-14 16:50:30: select count(*) as aggregate from `member_request_doctors` where `doctors_id` = '4'
2017-09-14 16:50:30: select count(*) as aggregate from `services` where `doctors_id` = '4' and `opened_at` is null and `services`.`deleted_at` is null
2017-09-14 16:50:30: select * from `messages` where `doctors_id` = '4' and `doctor_readed_at` is null and `visible` = 1 order by `created_at` desc
2017-09-14 16:50:30: select * from `services` where `members_id` = 5 and `doctors_id` = '4' and `payment_status` = 1 and `services`.`deleted_at` is null
2017-09-14 16:50:30: select * from `parameters` where `type` = 'banner'
2017-09-14 16:50:30: select * from `parameters` where `type` = 'setting' and `key` = 'service_email' limit 1
2017-09-14 16:57:58: select * from `users` where `id` = '4' and `login_type` = 2 and `status` = 1 and `users`.`deleted_at` is null limit 1
2017-09-14 16:57:58: select * from `doctors` where `doctors`.`users_id` in (4) and `doctors`.`deleted_at` is null
2017-09-14 16:57:58: select * from `services` where `doctors_id` = '4' and `members_id` is not null and `services`.`deleted_at` is null
2017-09-14 16:57:58: select * from `services` where `doctors_id` = '4' and `members_id` in (5) and `payment_status` in (0, 1) and `services`.`deleted_at` is null order by `created_at` desc
2017-09-14 16:57:58: select * from `users` where `login_type` = 1 and `users`.`id` in (5) and `users`.`deleted_at` is null
2017-09-14 16:57:58: select * from `messages` where `messages`.`members_id` in (5) order by `created_at` desc
2017-09-14 16:57:58: update `services` set `opened_at` = '2017-09-14 16:57:58', `updated_at` = '2017-09-14 16:57:58' where `doctors_id` = '4' and `opened_at` is null and `services`.`deleted_at` is null
2017-09-14 16:57:58: select * from `doctors` where `doctors`.`users_id` = 5 and `doctors`.`users_id` is not null and `doctors`.`deleted_at` is null limit 1
2017-09-14 17:00:29: select * from `users` where `id` = '4' and `users`.`deleted_at` is null limit 1
2017-09-14 17:00:29: select * from `doctors` where `doctors`.`users_id` = 4 and `doctors`.`users_id` is not null and `doctors`.`deleted_at` is null limit 1
2017-09-14 17:00:29: select count(*) as aggregate from `member_requests` where `member_requests`.`deleted_at` is null
2017-09-14 17:00:29: select count(*) as aggregate from `member_request_doctors` where `doctors_id` = '4'
2017-09-14 17:00:29: select count(*) as aggregate from `services` where `doctors_id` = '4' and `opened_at` is null and `services`.`deleted_at` is null
2017-09-14 17:00:29: select * from `messages` where `doctors_id` = '4' and `doctor_readed_at` is null and `visible` = 1 order by `created_at` desc
2017-09-14 17:00:29: select * from `services` where `members_id` = 5 and `doctors_id` = '4' and `payment_status` = 1 and `services`.`deleted_at` is null
2017-09-14 17:00:29: select * from `parameters` where `type` = 'banner'
2017-09-14 17:00:29: select * from `parameters` where `type` = 'setting' and `key` = 'service_email' limit 1
2017-09-14 18:25:12: select * from `users` where `id` = '22' and `users`.`deleted_at` is null limit 1
2017-09-14 18:25:12: select * from `doctors` where `doctors`.`users_id` = 22 and `doctors`.`users_id` is not null and `doctors`.`deleted_at` is null limit 1
2017-09-14 18:25:12: select count(*) as aggregate from `member_requests` where `member_requests`.`deleted_at` is null
2017-09-14 18:25:12: select count(*) as aggregate from `member_request_doctors` where `doctors_id` = '22'
2017-09-14 18:25:12: select count(*) as aggregate from `services` where `doctors_id` = '22' and `opened_at` is null and `services`.`deleted_at` is null
2017-09-14 18:25:12: select * from `messages` where `doctors_id` = '22' and `doctor_readed_at` is null and `visible` = 1 order by `created_at` desc
2017-09-14 18:25:12: select * from `services` where `members_id` = 23 and `doctors_id` = '22' and `payment_status` = 1 and `services`.`deleted_at` is null
2017-09-14 18:25:12: select * from `parameters` where `type` = 'setting' and `key` = 'treatment_days_2' limit 1
2017-09-14 18:25:12: select * from `parameters` where `type` = 'banner'
2017-09-14 18:25:12: select * from `parameters` where `type` = 'setting' and `key` = 'service_email' limit 1
2017-09-14 18:25:13: select * from `users` where `id` = '22' and `login_type` = 2 and `status` = 1 and `users`.`deleted_at` is null limit 1
2017-09-14 18:25:13: select * from `doctors` where `doctors`.`users_id` in (22) and `doctors`.`deleted_at` is null
2017-09-14 18:25:13: select * from `services` where `doctors_id` = '22' and `members_id` is not null and `services`.`deleted_at` is null
2017-09-14 18:25:13: select * from `services` where `doctors_id` = '22' and `members_id` in (23, 24) and `payment_status` in (0, 1) and `services`.`deleted_at` is null order by `created_at` desc
2017-09-14 18:25:13: select * from `users` where `login_type` = 1 and `users`.`id` in (23, 24) and `users`.`deleted_at` is null
2017-09-14 18:25:13: select * from `messages` where `messages`.`members_id` in (23, 24) order by `created_at` desc
2017-09-14 18:25:13: update `services` set `opened_at` = '2017-09-14 18:25:13', `updated_at` = '2017-09-14 18:25:13' where `doctors_id` = '22' and `opened_at` is null and `services`.`deleted_at` is null
2017-09-14 18:25:13: select * from `parameters` where `type` = 'setting' and `key` = 'treatment_days_2' limit 1
2017-09-14 18:25:13: select * from `doctors` where `doctors`.`users_id` = 24 and `doctors`.`users_id` is not null and `doctors`.`deleted_at` is null limit 1
2017-09-14 18:25:13: select * from `parameters` where `type` = 'setting' and `key` = 'treatment_days_2' limit 1
2017-09-14 18:25:13: select * from `doctors` where `doctors`.`users_id` = 23 and `doctors`.`users_id` is not null and `doctors`.`deleted_at` is null limit 1
2017-09-14 18:25:16: select * from `users` where `id` = '22' and `users`.`deleted_at` is null limit 1
2017-09-14 18:25:16: select * from `doctors` where `doctors`.`users_id` = 22 and `doctors`.`users_id` is not null and `doctors`.`deleted_at` is null limit 1
2017-09-14 18:25:16: select count(*) as aggregate from `member_requests` where `member_requests`.`deleted_at` is null
2017-09-14 18:25:16: select count(*) as aggregate from `member_request_doctors` where `doctors_id` = '22'
2017-09-14 18:25:16: select count(*) as aggregate from `services` where `doctors_id` = '22' and `opened_at` is null and `services`.`deleted_at` is null
2017-09-14 18:25:16: select * from `messages` where `doctors_id` = '22' and `doctor_readed_at` is null and `visible` = 1 order by `created_at` desc
2017-09-14 18:25:16: select * from `services` where `members_id` = 23 and `doctors_id` = '22' and `payment_status` = 1 and `services`.`deleted_at` is null
2017-09-14 18:25:16: select * from `parameters` where `type` = 'setting' and `key` = 'treatment_days_2' limit 1
2017-09-14 18:25:16: select * from `parameters` where `type` = 'banner'
2017-09-14 18:25:16: select * from `parameters` where `type` = 'setting' and `key` = 'service_email' limit 1
2017-09-14 18:25:17: select * from `users` where `id` = '22' and `login_type` = 2 and `status` = 1 and `users`.`deleted_at` is null limit 1
2017-09-14 18:25:17: select * from `doctors` where `doctors`.`users_id` in (22) and `doctors`.`deleted_at` is null
2017-09-14 18:25:17: select * from `services` where `doctors_id` = '22' and `members_id` is not null and `services`.`deleted_at` is null
2017-09-14 18:25:17: select * from `services` where `doctors_id` = '22' and `members_id` in (23, 24) and `payment_status` = 1 and `services`.`deleted_at` is null order by `created_at` desc
2017-09-14 18:25:17: select * from `users` where `login_type` = 1 and `users`.`id` in (23, 24) and `users`.`deleted_at` is null
2017-09-14 18:25:17: select * from `messages` where `messages`.`members_id` in (23, 24) order by `created_at` desc
2017-09-14 18:25:17: select * from `parameters` where `type` = 'setting' and `key` = 'treatment_days_2' limit 1
2017-09-14 18:25:17: select * from `parameters` where `type` = 'setting' and `key` = 'treatment_days_2' limit 1
2017-09-14 18:25:17: update `services` set `opened_at` = '2017-09-14 18:25:17', `updated_at` = '2017-09-14 18:25:17' where `doctors_id` = '22' and `opened_at` is null and `services`.`deleted_at` is null
2017-09-14 18:25:17: select * from `parameters` where `type` = 'setting' and `key` = 'treatment_days_2' limit 1
2017-09-14 18:25:17: select * from `doctors` where `doctors`.`users_id` = 24 and `doctors`.`users_id` is not null and `doctors`.`deleted_at` is null limit 1
2017-09-14 18:25:17: select * from `parameters` where `type` = 'setting' and `key` = 'treatment_days_2' limit 1
2017-09-14 18:25:17: select * from `doctors` where `doctors`.`users_id` = 23 and `doctors`.`users_id` is not null and `doctors`.`deleted_at` is null limit 1
2017-09-14 18:25:27: select * from `users` where `id` = '22' and `users`.`deleted_at` is null limit 1
2017-09-14 18:25:27: select * from `doctors` where `doctors`.`users_id` = 22 and `doctors`.`users_id` is not null and `doctors`.`deleted_at` is null limit 1
2017-09-14 18:25:27: select count(*) as aggregate from `member_requests` where `member_requests`.`deleted_at` is null
2017-09-14 18:25:27: select count(*) as aggregate from `member_request_doctors` where `doctors_id` = '22'
2017-09-14 18:25:27: select count(*) as aggregate from `services` where `doctors_id` = '22' and `opened_at` is null and `services`.`deleted_at` is null
2017-09-14 18:25:27: select * from `messages` where `doctors_id` = '22' and `doctor_readed_at` is null and `visible` = 1 order by `created_at` desc
2017-09-14 18:25:27: select * from `parameters` where `type` = 'banner'
2017-09-14 18:25:27: select * from `parameters` where `type` = 'setting' and `key` = 'service_email' limit 1
2017-09-14 18:25:28: select * from `users` where `id` = '22' and `login_type` = 2 and `status` = 1 and `users`.`deleted_at` is null limit 1
2017-09-14 18:25:28: select * from `doctors` where `doctors`.`users_id` in (22) and `doctors`.`deleted_at` is null
2017-09-14 18:25:28: select * from `services` where `doctors_id` = '22' and `members_id` is not null and `services`.`deleted_at` is null
2017-09-14 18:25:28: select * from `services` where `doctors_id` = '22' and `members_id` in (23, 24) and `payment_status` = 1 and `services`.`deleted_at` is null order by `created_at` desc
2017-09-14 18:25:28: select * from `users` where `login_type` = 1 and `users`.`id` in (23, 24) and `users`.`deleted_at` is null
2017-09-14 18:25:28: select * from `messages` where `messages`.`members_id` in (23, 24) order by `created_at` desc
2017-09-14 18:25:28: select * from `parameters` where `type` = 'setting' and `key` = 'treatment_days_2' limit 1
2017-09-14 18:25:28: select * from `parameters` where `type` = 'setting' and `key` = 'treatment_days_2' limit 1
2017-09-14 18:25:28: update `services` set `opened_at` = '2017-09-14 18:25:28', `updated_at` = '2017-09-14 18:25:28' where `doctors_id` = '22' and `opened_at` is null and `services`.`deleted_at` is null
2017-09-14 18:25:28: select * from `parameters` where `type` = 'setting' and `key` = 'treatment_days_2' limit 1
2017-09-14 18:25:28: select * from `doctors` where `doctors`.`users_id` = 24 and `doctors`.`users_id` is not null and `doctors`.`deleted_at` is null limit 1
2017-09-14 18:25:28: select * from `parameters` where `type` = 'setting' and `key` = 'treatment_days_2' limit 1
2017-09-14 18:25:28: select * from `doctors` where `doctors`.`users_id` = 23 and `doctors`.`users_id` is not null and `doctors`.`deleted_at` is null limit 1
2017-09-14 18:25:45: select * from `users` where `id` = '22' and `users`.`deleted_at` is null limit 1
2017-09-14 18:25:45: select * from `doctors` where `doctors`.`users_id` = 22 and `doctors`.`users_id` is not null and `doctors`.`deleted_at` is null limit 1
2017-09-14 18:25:45: select count(*) as aggregate from `member_requests` where `member_requests`.`deleted_at` is null
2017-09-14 18:25:45: select count(*) as aggregate from `member_request_doctors` where `doctors_id` = '22'
2017-09-14 18:25:45: select count(*) as aggregate from `services` where `doctors_id` = '22' and `opened_at` is null and `services`.`deleted_at` is null
2017-09-14 18:25:45: select * from `messages` where `doctors_id` = '22' and `doctor_readed_at` is null and `visible` = 1 order by `created_at` desc
2017-09-14 18:25:45: select * from `parameters` where `type` = 'banner'
2017-09-14 18:25:45: select * from `parameters` where `type` = 'setting' and `key` = 'service_email' limit 1
2017-09-14 18:25:46: select * from `users` where `id` = '22' and `login_type` = 2 and `status` = 1 and `users`.`deleted_at` is null limit 1
2017-09-14 18:25:46: select * from `doctors` where `doctors`.`users_id` in (22) and `doctors`.`deleted_at` is null
2017-09-14 18:25:46: select * from `services` where `doctors_id` = '22' and `members_id` is not null and `services`.`deleted_at` is null
2017-09-14 18:25:46: select * from `services` where `doctors_id` = '22' and `members_id` in (23, 24) and `payment_status` = 1 and `services`.`deleted_at` is null order by `created_at` desc
2017-09-14 18:25:46: select * from `users` where `login_type` = 1 and `users`.`id` in (23, 24) and `users`.`deleted_at` is null
2017-09-14 18:25:46: select * from `messages` where `messages`.`members_id` in (23, 24) order by `created_at` desc
2017-09-14 18:25:46: select * from `parameters` where `type` = 'setting' and `key` = 'treatment_days_2' limit 1
2017-09-14 18:25:46: select * from `parameters` where `type` = 'setting' and `key` = 'treatment_days_2' limit 1
2017-09-14 18:25:46: update `services` set `opened_at` = '2017-09-14 18:25:46', `updated_at` = '2017-09-14 18:25:46' where `doctors_id` = '22' and `opened_at` is null and `services`.`deleted_at` is null
2017-09-14 18:25:46: select * from `parameters` where `type` = 'setting' and `key` = 'treatment_days_2' limit 1
2017-09-14 18:25:46: select * from `doctors` where `doctors`.`users_id` = 24 and `doctors`.`users_id` is not null and `doctors`.`deleted_at` is null limit 1
2017-09-14 18:25:46: select * from `parameters` where `type` = 'setting' and `key` = 'treatment_days_2' limit 1
2017-09-14 18:25:46: select * from `doctors` where `doctors`.`users_id` = 23 and `doctors`.`users_id` is not null and `doctors`.`deleted_at` is null limit 1
2017-09-14 18:25:53: select * from `users` where `id` = '22' and `users`.`deleted_at` is null limit 1
2017-09-14 18:25:53: select * from `doctors` where `doctors`.`users_id` = 22 and `doctors`.`users_id` is not null and `doctors`.`deleted_at` is null limit 1
2017-09-14 18:25:53: select count(*) as aggregate from `member_requests` where `member_requests`.`deleted_at` is null
2017-09-14 18:25:53: select count(*) as aggregate from `member_request_doctors` where `doctors_id` = '22'
2017-09-14 18:25:53: select count(*) as aggregate from `services` where `doctors_id` = '22' and `opened_at` is null and `services`.`deleted_at` is null
2017-09-14 18:25:53: select * from `messages` where `doctors_id` = '22' and `doctor_readed_at` is null and `visible` = 1 order by `created_at` desc
2017-09-14 18:25:53: select * from `parameters` where `type` = 'banner'
2017-09-14 18:25:53: select * from `parameters` where `type` = 'setting' and `key` = 'service_email' limit 1
2017-09-14 18:25:55: select * from `users` where `id` = '22' and `login_type` = 2 and `status` = 1 and `users`.`deleted_at` is null limit 1
2017-09-14 18:25:55: select * from `doctors` where `doctors`.`users_id` in (22) and `doctors`.`deleted_at` is null
2017-09-14 18:25:55: select * from `services` where `doctors_id` = '22' and `members_id` is not null and `services`.`deleted_at` is null
2017-09-14 18:25:55: select * from `services` where `doctors_id` = '22' and `members_id` in (23, 24) and `payment_status` = 1 and `services`.`deleted_at` is null order by `created_at` desc
2017-09-14 18:25:55: select * from `users` where `login_type` = 1 and `users`.`id` in (23, 24) and `users`.`deleted_at` is null
2017-09-14 18:25:55: select * from `messages` where `messages`.`members_id` in (23, 24) order by `created_at` desc
2017-09-14 18:25:55: select * from `parameters` where `type` = 'setting' and `key` = 'treatment_days_2' limit 1
2017-09-14 18:25:55: select * from `parameters` where `type` = 'setting' and `key` = 'treatment_days_2' limit 1
2017-09-14 18:25:55: update `services` set `opened_at` = '2017-09-14 18:25:55', `updated_at` = '2017-09-14 18:25:55' where `doctors_id` = '22' and `opened_at` is null and `services`.`deleted_at` is null
2017-09-14 18:25:55: select * from `parameters` where `type` = 'setting' and `key` = 'treatment_days_2' limit 1
2017-09-14 18:25:55: select * from `doctors` where `doctors`.`users_id` = 24 and `doctors`.`users_id` is not null and `doctors`.`deleted_at` is null limit 1
2017-09-14 18:25:55: select * from `parameters` where `type` = 'setting' and `key` = 'treatment_days_2' limit 1
2017-09-14 18:25:55: select * from `doctors` where `doctors`.`users_id` = 23 and `doctors`.`users_id` is not null and `doctors`.`deleted_at` is null limit 1
2017-09-14 18:25:56: select * from `users` where `id` = '22' and `users`.`deleted_at` is null limit 1
2017-09-14 18:25:56: select * from `doctors` where `doctors`.`users_id` = 22 and `doctors`.`users_id` is not null and `doctors`.`deleted_at` is null limit 1
2017-09-14 18:25:56: select count(*) as aggregate from `member_requests` where `member_requests`.`deleted_at` is null
2017-09-14 18:25:56: select count(*) as aggregate from `member_request_doctors` where `doctors_id` = '22'
2017-09-14 18:25:56: select count(*) as aggregate from `services` where `doctors_id` = '22' and `opened_at` is null and `services`.`deleted_at` is null
2017-09-14 18:25:56: select * from `messages` where `doctors_id` = '22' and `doctor_readed_at` is null and `visible` = 1 order by `created_at` desc
2017-09-14 18:25:56: select * from `parameters` where `type` = 'banner'
2017-09-14 18:25:56: select * from `parameters` where `type` = 'setting' and `key` = 'service_email' limit 1
2017-09-14 18:25:58: select * from `users` where `id` = '22' and `login_type` = 2 and `status` = 1 and `users`.`deleted_at` is null limit 1
2017-09-14 18:25:58: select * from `doctors` where `doctors`.`users_id` in (22) and `doctors`.`deleted_at` is null
2017-09-14 18:25:58: select * from `services` where `doctors_id` = '22' and `members_id` is not null and `services`.`deleted_at` is null
2017-09-14 18:25:58: select * from `services` where `doctors_id` = '22' and `members_id` in (23, 24) and `payment_status` = 1 and `services`.`deleted_at` is null order by `created_at` desc
2017-09-14 18:25:58: select * from `users` where `login_type` = 1 and `users`.`id` in (23, 24) and `users`.`deleted_at` is null
2017-09-14 18:25:58: select * from `messages` where `messages`.`members_id` in (23, 24) order by `created_at` desc
2017-09-14 18:25:58: select * from `parameters` where `type` = 'setting' and `key` = 'treatment_days_2' limit 1
2017-09-14 18:25:58: select * from `parameters` where `type` = 'setting' and `key` = 'treatment_days_2' limit 1
2017-09-14 18:25:58: update `services` set `opened_at` = '2017-09-14 18:25:58', `updated_at` = '2017-09-14 18:25:58' where `doctors_id` = '22' and `opened_at` is null and `services`.`deleted_at` is null
2017-09-14 18:25:58: select * from `parameters` where `type` = 'setting' and `key` = 'treatment_days_2' limit 1
2017-09-14 18:25:58: select * from `doctors` where `doctors`.`users_id` = 24 and `doctors`.`users_id` is not null and `doctors`.`deleted_at` is null limit 1
2017-09-14 18:25:58: select * from `parameters` where `type` = 'setting' and `key` = 'treatment_days_2' limit 1
2017-09-14 18:25:58: select * from `doctors` where `doctors`.`users_id` = 23 and `doctors`.`users_id` is not null and `doctors`.`deleted_at` is null limit 1
2017-09-14 18:26:18: select * from `users` where `id` = '22' and `users`.`deleted_at` is null limit 1
2017-09-14 18:26:18: select * from `doctors` where `doctors`.`users_id` = 22 and `doctors`.`users_id` is not null and `doctors`.`deleted_at` is null limit 1
2017-09-14 18:26:18: select count(*) as aggregate from `member_requests` where `member_requests`.`deleted_at` is null
2017-09-14 18:26:18: select count(*) as aggregate from `member_request_doctors` where `doctors_id` = '22'
2017-09-14 18:26:18: select count(*) as aggregate from `services` where `doctors_id` = '22' and `opened_at` is null and `services`.`deleted_at` is null
2017-09-14 18:26:18: select * from `messages` where `doctors_id` = '22' and `doctor_readed_at` is null and `visible` = 1 order by `created_at` desc
2017-09-14 18:26:18: select * from `parameters` where `type` = 'banner'
2017-09-14 18:26:18: select * from `parameters` where `type` = 'setting' and `key` = 'service_email' limit 1
2017-09-14 18:26:20: select * from `users` where `id` = '22' and `login_type` = 2 and `status` = 1 and `users`.`deleted_at` is null limit 1
2017-09-14 18:26:20: select * from `doctors` where `doctors`.`users_id` in (22) and `doctors`.`deleted_at` is null
2017-09-14 18:26:20: select * from `services` where `doctors_id` = '22' and `members_id` is not null and `services`.`deleted_at` is null
2017-09-14 18:26:20: select * from `services` where `doctors_id` = '22' and `members_id` in (23, 24) and `payment_status` = 1 and `services`.`deleted_at` is null order by `created_at` desc
2017-09-14 18:26:20: select * from `users` where `login_type` = 1 and `users`.`id` in (23, 24) and `users`.`deleted_at` is null
2017-09-14 18:26:20: select * from `messages` where `messages`.`members_id` in (23, 24) order by `created_at` desc
2017-09-14 18:26:20: select * from `parameters` where `type` = 'setting' and `key` = 'treatment_days_2' limit 1
2017-09-14 18:26:20: select * from `parameters` where `type` = 'setting' and `key` = 'treatment_days_2' limit 1
2017-09-14 18:26:20: update `services` set `opened_at` = '2017-09-14 18:26:20', `updated_at` = '2017-09-14 18:26:20' where `doctors_id` = '22' and `opened_at` is null and `services`.`deleted_at` is null
2017-09-14 18:26:20: select * from `parameters` where `type` = 'setting' and `key` = 'treatment_days_2' limit 1
2017-09-14 18:26:20: select * from `doctors` where `doctors`.`users_id` = 24 and `doctors`.`users_id` is not null and `doctors`.`deleted_at` is null limit 1
2017-09-14 18:26:20: select * from `parameters` where `type` = 'setting' and `key` = 'treatment_days_2' limit 1
2017-09-14 18:26:20: select * from `doctors` where `doctors`.`users_id` = 23 and `doctors`.`users_id` is not null and `doctors`.`deleted_at` is null limit 1
2017-09-14 18:31:49: select * from `users` where `id` = '22' and `users`.`deleted_at` is null limit 1
2017-09-14 18:31:49: select * from `doctors` where `doctors`.`users_id` = 22 and `doctors`.`users_id` is not null and `doctors`.`deleted_at` is null limit 1
2017-09-14 18:31:49: select count(*) as aggregate from `member_requests` where `member_requests`.`deleted_at` is null
2017-09-14 18:31:49: select count(*) as aggregate from `member_request_doctors` where `doctors_id` = '22'
2017-09-14 18:31:49: select count(*) as aggregate from `services` where `doctors_id` = '22' and `opened_at` is null and `services`.`deleted_at` is null
2017-09-14 18:31:49: select * from `messages` where `doctors_id` = '22' and `doctor_readed_at` is null and `visible` = 1 order by `created_at` desc
2017-09-14 18:31:49: select * from `parameters` where `type` = 'banner'
2017-09-14 18:31:49: select * from `parameters` where `type` = 'setting' and `key` = 'service_email' limit 1
2017-09-14 18:32:02: select count(*) as aggregate from `users` where `id` = '23'
2017-09-14 18:32:02: select * from `users` where `id` = '23' and `users`.`deleted_at` is null limit 1
2017-09-14 18:32:02: select * from `users` where `city_id` = 1 and `district_id` = 110 and `login_type` = '2' and `online` = 1 and `users`.`deleted_at` is null order by `online_at` desc
2017-09-14 18:32:02: select * from `messages` where `source` = 'doctor' and `started_at` is not null and `messages`.`doctors_id` in (22, 25, 29, 30, 31, 32, 33) and `members_id` = '23' order by `started_at` desc
2017-09-14 18:32:02: select * from `doctors` where `users_id` = 22 and `doctors`.`deleted_at` is null limit 1
2017-09-14 18:32:02: select * from `services` where `members_id` = '23' and `doctors_id` = 22 and `payment_status` = 1 and `services`.`deleted_at` is null
2017-09-14 18:32:02: select * from `parameters` where `type` = 'setting' and `key` = 'treatment_days_2' limit 1
2017-09-14 18:32:02: select * from `doctors` where `users_id` = 29 and `doctors`.`deleted_at` is null limit 1
2017-09-14 18:32:02: select * from `services` where `members_id` = '23' and `doctors_id` = 29 and `payment_status` = 1 and `services`.`deleted_at` is null
2017-09-14 18:32:02: select * from `doctors` where `users_id` = 25 and `doctors`.`deleted_at` is null limit 1
2017-09-14 18:32:02: select * from `services` where `members_id` = '23' and `doctors_id` = 25 and `payment_status` = 1 and `services`.`deleted_at` is null
2017-09-14 18:32:02: select * from `doctors` where `users_id` = 32 and `doctors`.`deleted_at` is null limit 1
2017-09-14 18:32:02: select * from `services` where `members_id` = '23' and `doctors_id` = 32 and `payment_status` = 1 and `services`.`deleted_at` is null
2017-09-14 18:32:02: select * from `doctors` where `users_id` = 31 and `doctors`.`deleted_at` is null limit 1
2017-09-14 18:32:02: select * from `services` where `members_id` = '23' and `doctors_id` = 31 and `payment_status` = 1 and `services`.`deleted_at` is null
2017-09-14 18:32:02: select * from `doctors` where `users_id` = 30 and `doctors`.`deleted_at` is null limit 1
2017-09-14 18:32:02: select * from `services` where `members_id` = '23' and `doctors_id` = 30 and `payment_status` = 1 and `services`.`deleted_at` is null
2017-09-14 18:32:02: select * from `doctors` where `users_id` = 33 and `doctors`.`deleted_at` is null limit 1
2017-09-14 18:32:02: select * from `services` where `members_id` = '23' and `doctors_id` = 33 and `payment_status` = 1 and `services`.`deleted_at` is null
2017-09-14 18:32:37: select * from `users` where `id` = '22' and `users`.`deleted_at` is null limit 1
2017-09-14 18:32:37: select * from `doctors` where `doctors`.`users_id` = 22 and `doctors`.`users_id` is not null and `doctors`.`deleted_at` is null limit 1
2017-09-14 18:32:37: select count(*) as aggregate from `member_requests` where `member_requests`.`deleted_at` is null
2017-09-14 18:32:37: select count(*) as aggregate from `member_request_doctors` where `doctors_id` = '22'
2017-09-14 18:32:37: select count(*) as aggregate from `services` where `doctors_id` = '22' and `opened_at` is null and `services`.`deleted_at` is null
2017-09-14 18:32:37: select * from `messages` where `doctors_id` = '22' and `doctor_readed_at` is null and `visible` = 1 order by `created_at` desc
2017-09-14 18:32:37: select * from `parameters` where `type` = 'banner'
2017-09-14 18:32:37: select * from `parameters` where `type` = 'setting' and `key` = 'service_email' limit 1
2017-09-14 18:33:39: select * from `users` where `id` = '22' and `users`.`deleted_at` is null limit 1
2017-09-14 18:33:39: select * from `doctors` where `doctors`.`users_id` = 22 and `doctors`.`users_id` is not null and `doctors`.`deleted_at` is null limit 1
2017-09-14 18:33:39: select count(*) as aggregate from `member_requests` where `member_requests`.`deleted_at` is null
2017-09-14 18:33:39: select count(*) as aggregate from `member_request_doctors` where `doctors_id` = '22'
2017-09-14 18:33:39: select count(*) as aggregate from `services` where `doctors_id` = '22' and `opened_at` is null and `services`.`deleted_at` is null
2017-09-14 18:33:39: select * from `messages` where `doctors_id` = '22' and `doctor_readed_at` is null and `visible` = 1 order by `created_at` desc
2017-09-14 18:33:39: select * from `parameters` where `type` = 'banner'
2017-09-14 18:33:39: select * from `parameters` where `type` = 'setting' and `key` = 'service_email' limit 1
2017-09-14 19:08:30: select * from `users` where `id` = '8' and `users`.`deleted_at` is null limit 1
2017-09-14 19:08:30: select * from `doctors` where `doctors`.`users_id` = 8 and `doctors`.`users_id` is not null and `doctors`.`deleted_at` is null limit 1
2017-09-14 19:08:30: select count(*) as aggregate from `member_requests` where `member_requests`.`deleted_at` is null
2017-09-14 19:08:30: select count(*) as aggregate from `member_request_doctors` where `doctors_id` = '8'
2017-09-14 19:08:30: select count(*) as aggregate from `services` where `doctors_id` = '8' and `opened_at` is null and `services`.`deleted_at` is null
2017-09-14 19:08:30: select * from `messages` where `doctors_id` = '8' and `doctor_readed_at` is null and `visible` = 1 order by `created_at` desc
2017-09-14 19:08:30: select * from `parameters` where `type` = 'banner'
2017-09-14 19:08:30: select * from `parameters` where `type` = 'setting' and `key` = 'service_email' limit 1
2017-09-14 19:50:58: select * from `users` where `id` = '8' and `users`.`deleted_at` is null limit 1
2017-09-14 19:50:58: select * from `doctors` where `doctors`.`users_id` = 8 and `doctors`.`users_id` is not null and `doctors`.`deleted_at` is null limit 1
2017-09-14 19:50:58: select count(*) as aggregate from `member_requests` where `member_requests`.`deleted_at` is null
2017-09-14 19:50:58: select count(*) as aggregate from `member_request_doctors` where `doctors_id` = '8'
2017-09-14 19:50:58: select count(*) as aggregate from `services` where `doctors_id` = '8' and `opened_at` is null and `services`.`deleted_at` is null
2017-09-14 19:50:58: select * from `messages` where `doctors_id` = '8' and `doctor_readed_at` is null and `visible` = 1 order by `created_at` desc
2017-09-14 19:50:58: select * from `parameters` where `type` = 'banner'
2017-09-14 19:50:58: select * from `parameters` where `type` = 'setting' and `key` = 'service_email' limit 1
2017-09-14 19:51:00: select * from `users` where `id` = '8' and `login_type` = 2 and `status` = 1 and `users`.`deleted_at` is null limit 1
2017-09-14 19:51:00: select * from `doctors` where `doctors`.`users_id` in (8) and `doctors`.`deleted_at` is null
2017-09-14 19:51:00: select * from `services` where `doctors_id` = '8' and `members_id` is not null and `services`.`deleted_at` is null
2017-09-14 19:51:00: select * from `services` where `doctors_id` = '8' and `members_id` in (9) and `payment_status` in (0, 1) and `services`.`deleted_at` is null order by `created_at` desc
2017-09-14 19:51:00: select * from `users` where `login_type` = 1 and `users`.`id` in (9) and `users`.`deleted_at` is null
2017-09-14 19:51:00: select * from `messages` where `messages`.`members_id` in (9) order by `created_at` desc
2017-09-14 19:51:00: update `services` set `opened_at` = '2017-09-14 19:51:00', `updated_at` = '2017-09-14 19:51:00' where `doctors_id` = '8' and `opened_at` is null and `services`.`deleted_at` is null
2017-09-14 19:51:00: select * from `doctors` where `doctors`.`users_id` = 9 and `doctors`.`users_id` is not null and `doctors`.`deleted_at` is null limit 1
2017-09-14 19:51:09: select * from `users` where `id` = '8' and `users`.`deleted_at` is null limit 1
2017-09-14 19:51:09: select * from `doctors` where `doctors`.`users_id` = 8 and `doctors`.`users_id` is not null and `doctors`.`deleted_at` is null limit 1
2017-09-14 19:51:09: select count(*) as aggregate from `member_requests` where `member_requests`.`deleted_at` is null
2017-09-14 19:51:09: select count(*) as aggregate from `member_request_doctors` where `doctors_id` = '8'
2017-09-14 19:51:09: select count(*) as aggregate from `services` where `doctors_id` = '8' and `opened_at` is null and `services`.`deleted_at` is null
2017-09-14 19:51:09: select * from `messages` where `doctors_id` = '8' and `doctor_readed_at` is null and `visible` = 1 order by `created_at` desc
2017-09-14 19:51:09: select * from `parameters` where `type` = 'banner'
2017-09-14 19:51:09: select * from `parameters` where `type` = 'setting' and `key` = 'service_email' limit 1
2017-09-14 19:51:10: select * from `users` where `id` = '8' and `login_type` = 2 and `status` = 1 and `users`.`deleted_at` is null limit 1
2017-09-14 19:51:10: select * from `doctors` where `doctors`.`users_id` in (8) and `doctors`.`deleted_at` is null
2017-09-14 19:51:10: select * from `services` where `doctors_id` = '8' and `members_id` is not null and `services`.`deleted_at` is null
2017-09-14 19:51:10: select * from `services` where `doctors_id` = '8' and `members_id` in (9) and `payment_status` in (0, 1) and `services`.`deleted_at` is null order by `created_at` desc
2017-09-14 19:51:10: select * from `users` where `login_type` = 1 and `users`.`id` in (9) and `users`.`deleted_at` is null
2017-09-14 19:51:10: select * from `messages` where `messages`.`members_id` in (9) order by `created_at` desc
2017-09-14 19:51:10: update `services` set `opened_at` = '2017-09-14 19:51:10', `updated_at` = '2017-09-14 19:51:10' where `doctors_id` = '8' and `opened_at` is null and `services`.`deleted_at` is null
2017-09-14 19:51:10: select * from `doctors` where `doctors`.`users_id` = 9 and `doctors`.`users_id` is not null and `doctors`.`deleted_at` is null limit 1
2017-09-14 19:51:21: select * from `users` where `id` = '8' and `users`.`deleted_at` is null limit 1
2017-09-14 19:51:21: select * from `doctors` where `doctors`.`users_id` = 8 and `doctors`.`users_id` is not null and `doctors`.`deleted_at` is null limit 1
2017-09-14 19:51:21: select count(*) as aggregate from `member_requests` where `member_requests`.`deleted_at` is null
2017-09-14 19:51:21: select count(*) as aggregate from `member_request_doctors` where `doctors_id` = '8'
2017-09-14 19:51:21: select count(*) as aggregate from `services` where `doctors_id` = '8' and `opened_at` is null and `services`.`deleted_at` is null
2017-09-14 19:51:21: select * from `messages` where `doctors_id` = '8' and `doctor_readed_at` is null and `visible` = 1 order by `created_at` desc
2017-09-14 19:51:21: select * from `parameters` where `type` = 'banner'
2017-09-14 19:51:21: select * from `parameters` where `type` = 'setting' and `key` = 'service_email' limit 1
2017-09-14 19:51:23: select * from `users` where `id` = '8' and `login_type` = 2 and `status` = 1 and `users`.`deleted_at` is null limit 1
2017-09-14 19:51:23: select * from `doctors` where `doctors`.`users_id` in (8) and `doctors`.`deleted_at` is null
2017-09-14 19:51:23: select * from `services` where `doctors_id` = '8' and `members_id` is not null and `services`.`deleted_at` is null
2017-09-14 19:51:23: select * from `services` where `doctors_id` = '8' and `members_id` in (9) and `payment_status` = 1 and `services`.`deleted_at` is null order by `created_at` desc
2017-09-14 19:51:23: select * from `users` where `login_type` = 1 and `users`.`id` in (9) and `users`.`deleted_at` is null
2017-09-14 19:51:23: select * from `messages` where `messages`.`members_id` in (9) order by `created_at` desc
2017-09-14 19:51:23: update `services` set `opened_at` = '2017-09-14 19:51:23', `updated_at` = '2017-09-14 19:51:23' where `doctors_id` = '8' and `opened_at` is null and `services`.`deleted_at` is null
2017-09-14 19:51:25: select * from `users` where `id` = '8' and `users`.`deleted_at` is null limit 1
2017-09-14 19:51:25: select * from `doctors` where `doctors`.`users_id` = 8 and `doctors`.`users_id` is not null and `doctors`.`deleted_at` is null limit 1
2017-09-14 19:51:25: select count(*) as aggregate from `member_requests` where `member_requests`.`deleted_at` is null
2017-09-14 19:51:25: select count(*) as aggregate from `member_request_doctors` where `doctors_id` = '8'
2017-09-14 19:51:25: select count(*) as aggregate from `services` where `doctors_id` = '8' and `opened_at` is null and `services`.`deleted_at` is null
2017-09-14 19:51:25: select * from `messages` where `doctors_id` = '8' and `doctor_readed_at` is null and `visible` = 1 order by `created_at` desc
2017-09-14 19:51:25: select * from `parameters` where `type` = 'banner'
2017-09-14 19:51:25: select * from `parameters` where `type` = 'setting' and `key` = 'service_email' limit 1
2017-09-14 19:51:30: select * from `users` where `id` = '8' and `users`.`deleted_at` is null limit 1
2017-09-14 19:51:30: select * from `doctors` where `doctors`.`users_id` = 8 and `doctors`.`users_id` is not null and `doctors`.`deleted_at` is null limit 1
2017-09-14 19:51:39: select * from `users` where `id` = '8' and `users`.`deleted_at` is null limit 1
2017-09-14 19:51:39: select * from `doctors` where `doctors`.`users_id` = 8 and `doctors`.`users_id` is not null and `doctors`.`deleted_at` is null limit 1
2017-09-14 19:51:39: select count(*) as aggregate from `member_requests` where `member_requests`.`deleted_at` is null
2017-09-14 19:51:39: select count(*) as aggregate from `member_request_doctors` where `doctors_id` = '8'
2017-09-14 19:51:39: select count(*) as aggregate from `services` where `doctors_id` = '8' and `opened_at` is null and `services`.`deleted_at` is null
2017-09-14 19:51:39: select * from `messages` where `doctors_id` = '8' and `doctor_readed_at` is null and `visible` = 1 order by `created_at` desc
2017-09-14 19:51:39: select * from `parameters` where `type` = 'banner'
2017-09-14 19:51:39: select * from `parameters` where `type` = 'setting' and `key` = 'service_email' limit 1
2017-09-14 19:52:11: select * from `users` where `id` = '8' and `users`.`deleted_at` is null limit 1
2017-09-14 19:52:11: select * from `doctors` where `doctors`.`users_id` = 8 and `doctors`.`users_id` is not null and `doctors`.`deleted_at` is null limit 1
2017-09-14 19:52:11: select count(*) as aggregate from `member_requests` where `member_requests`.`deleted_at` is null
2017-09-14 19:52:11: select count(*) as aggregate from `member_request_doctors` where `doctors_id` = '8'
2017-09-14 19:52:11: select count(*) as aggregate from `services` where `doctors_id` = '8' and `opened_at` is null and `services`.`deleted_at` is null
2017-09-14 19:52:11: select * from `messages` where `doctors_id` = '8' and `doctor_readed_at` is null and `visible` = 1 order by `created_at` desc
2017-09-14 19:52:11: select * from `parameters` where `type` = 'banner'
2017-09-14 19:52:11: select * from `parameters` where `type` = 'setting' and `key` = 'service_email' limit 1
2017-09-14 19:52:12: select * from `users` where `id` = '8' and `login_type` = 2 and `status` = 1 and `users`.`deleted_at` is null limit 1
2017-09-14 19:52:12: select * from `doctors` where `doctors`.`users_id` in (8) and `doctors`.`deleted_at` is null
2017-09-14 19:52:12: select * from `services` where `doctors_id` = '8' and `members_id` is not null and `services`.`deleted_at` is null
2017-09-14 19:52:12: select * from `services` where `doctors_id` = '8' and `members_id` in (9) and `payment_status` = 1 and `services`.`deleted_at` is null order by `created_at` desc
2017-09-14 19:52:12: select * from `users` where `login_type` = 1 and `users`.`id` in (9) and `users`.`deleted_at` is null
2017-09-14 19:52:12: select * from `messages` where `messages`.`members_id` in (9) order by `created_at` desc
2017-09-14 19:52:12: update `services` set `opened_at` = '2017-09-14 19:52:12', `updated_at` = '2017-09-14 19:52:12' where `doctors_id` = '8' and `opened_at` is null and `services`.`deleted_at` is null
2017-09-14 19:52:15: select * from `users` where `id` = '8' and `users`.`deleted_at` is null limit 1
2017-09-14 19:52:15: select * from `doctors` where `doctors`.`users_id` = 8 and `doctors`.`users_id` is not null and `doctors`.`deleted_at` is null limit 1
2017-09-14 19:52:15: select count(*) as aggregate from `member_requests` where `member_requests`.`deleted_at` is null
2017-09-14 19:52:15: select count(*) as aggregate from `member_request_doctors` where `doctors_id` = '8'
2017-09-14 19:52:15: select count(*) as aggregate from `services` where `doctors_id` = '8' and `opened_at` is null and `services`.`deleted_at` is null
2017-09-14 19:52:15: select * from `messages` where `doctors_id` = '8' and `doctor_readed_at` is null and `visible` = 1 order by `created_at` desc
2017-09-14 19:52:15: select * from `parameters` where `type` = 'banner'
2017-09-14 19:52:15: select * from `parameters` where `type` = 'setting' and `key` = 'service_email' limit 1
2017-09-14 19:52:16: select * from `users` where `id` = '8' and `login_type` = 2 and `status` = 1 and `users`.`deleted_at` is null limit 1
2017-09-14 19:52:16: select * from `doctors` where `doctors`.`users_id` in (8) and `doctors`.`deleted_at` is null
2017-09-14 19:52:16: select * from `services` where `doctors_id` = '8' and `members_id` is not null and `services`.`deleted_at` is null
2017-09-14 19:52:16: select * from `services` where `doctors_id` = '8' and `members_id` in (9) and `payment_status` in (0, 1) and `services`.`deleted_at` is null order by `created_at` desc
2017-09-14 19:52:16: select * from `users` where `login_type` = 1 and `users`.`id` in (9) and `users`.`deleted_at` is null
2017-09-14 19:52:16: select * from `messages` where `messages`.`members_id` in (9) order by `created_at` desc
2017-09-14 19:52:16: update `services` set `opened_at` = '2017-09-14 19:52:16', `updated_at` = '2017-09-14 19:52:16' where `doctors_id` = '8' and `opened_at` is null and `services`.`deleted_at` is null
2017-09-14 19:52:16: select * from `doctors` where `doctors`.`users_id` = 9 and `doctors`.`users_id` is not null and `doctors`.`deleted_at` is null limit 1
2017-09-14 19:52:17: select * from `users` where `id` = '8' and `users`.`deleted_at` is null limit 1
2017-09-14 19:52:17: select * from `doctors` where `doctors`.`users_id` = 8 and `doctors`.`users_id` is not null and `doctors`.`deleted_at` is null limit 1
2017-09-14 19:52:17: select count(*) as aggregate from `member_requests` where `member_requests`.`deleted_at` is null
2017-09-14 19:52:17: select count(*) as aggregate from `member_request_doctors` where `doctors_id` = '8'
2017-09-14 19:52:17: select count(*) as aggregate from `services` where `doctors_id` = '8' and `opened_at` is null and `services`.`deleted_at` is null
2017-09-14 19:52:17: select * from `messages` where `doctors_id` = '8' and `doctor_readed_at` is null and `visible` = 1 order by `created_at` desc
2017-09-14 19:52:17: select * from `parameters` where `type` = 'banner'
2017-09-14 19:52:17: select * from `parameters` where `type` = 'setting' and `key` = 'service_email' limit 1
2017-09-14 19:59:55: select * from `users` where `id` = '28' and `users`.`deleted_at` is null limit 1
2017-09-14 19:59:55: select * from `doctors` where `doctors`.`users_id` = 28 and `doctors`.`users_id` is not null and `doctors`.`deleted_at` is null limit 1
2017-09-14 19:59:55: select count(*) as aggregate from `member_requests` where `member_requests`.`deleted_at` is null
2017-09-14 19:59:55: select count(*) as aggregate from `member_request_doctors` where `doctors_id` = '28'
2017-09-14 19:59:55: select count(*) as aggregate from `services` where `doctors_id` = '28' and `opened_at` is null and `services`.`deleted_at` is null
2017-09-14 19:59:55: select * from `messages` where `doctors_id` = '28' and `doctor_readed_at` is null and `visible` = 1 order by `created_at` desc
2017-09-14 19:59:55: select * from `services` where `members_id` = 26 and `doctors_id` = '28' and `payment_status` = 1 and `services`.`deleted_at` is null
2017-09-14 19:59:55: select * from `parameters` where `type` = 'banner'
2017-09-14 19:59:55: select * from `parameters` where `type` = 'setting' and `key` = 'service_email' limit 1
2017-09-14 20:20:43: select * from `users` where `id` = '28' and `login_type` = 2 and `status` = 1 and `users`.`deleted_at` is null limit 1
2017-09-14 20:20:43: select * from `doctors` where `doctors`.`users_id` in (28) and `doctors`.`deleted_at` is null
2017-09-14 20:20:43: select * from `services` where `doctors_id` = '28' and `members_id` is not null and `services`.`deleted_at` is null
2017-09-14 20:20:43: select * from `services` where `doctors_id` = '28' and `members_id` in (26) and `payment_status` = 1 and `services`.`deleted_at` is null order by `created_at` desc
2017-09-14 20:20:43: update `services` set `opened_at` = '2017-09-14 20:20:43', `updated_at` = '2017-09-14 20:20:43' where `doctors_id` = '28' and `opened_at` is null and `services`.`deleted_at` is null
2017-09-14 20:20:46: select * from `users` where `id` = '28' and `users`.`deleted_at` is null limit 1
2017-09-14 20:20:46: select * from `doctors` where `doctors`.`users_id` = 28 and `doctors`.`users_id` is not null and `doctors`.`deleted_at` is null limit 1
2017-09-14 20:20:46: select count(*) as aggregate from `member_requests` where `member_requests`.`deleted_at` is null
2017-09-14 20:20:46: select count(*) as aggregate from `member_request_doctors` where `doctors_id` = '28'
2017-09-14 20:20:46: select count(*) as aggregate from `services` where `doctors_id` = '28' and `opened_at` is null and `services`.`deleted_at` is null
2017-09-14 20:20:46: select * from `messages` where `doctors_id` = '28' and `doctor_readed_at` is null and `visible` = 1 order by `created_at` desc
2017-09-14 20:20:46: select * from `services` where `members_id` = 26 and `doctors_id` = '28' and `payment_status` = 1 and `services`.`deleted_at` is null
2017-09-14 20:20:46: select * from `parameters` where `type` = 'banner'
2017-09-14 20:20:46: select * from `parameters` where `type` = 'setting' and `key` = 'service_email' limit 1
2017-09-14 20:20:53: select * from `users` where `id` = '28' and `users`.`deleted_at` is null limit 1
2017-09-14 20:20:53: select * from `doctors` where `doctors`.`users_id` = 28 and `doctors`.`users_id` is not null and `doctors`.`deleted_at` is null limit 1
2017-09-14 20:21:11: select * from `users` where `id` = '8' and `users`.`deleted_at` is null limit 1
2017-09-14 20:21:11: select * from `doctors` where `doctors`.`users_id` = 8 and `doctors`.`users_id` is not null and `doctors`.`deleted_at` is null limit 1
2017-09-14 20:21:11: select count(*) as aggregate from `member_requests` where `member_requests`.`deleted_at` is null
2017-09-14 20:21:11: select count(*) as aggregate from `member_request_doctors` where `doctors_id` = '8'
2017-09-14 20:21:11: select count(*) as aggregate from `services` where `doctors_id` = '8' and `opened_at` is null and `services`.`deleted_at` is null
2017-09-14 20:21:11: select * from `messages` where `doctors_id` = '8' and `doctor_readed_at` is null and `visible` = 1 order by `created_at` desc
2017-09-14 20:21:11: select * from `parameters` where `type` = 'banner'
2017-09-14 20:21:11: select * from `parameters` where `type` = 'setting' and `key` = 'service_email' limit 1
2017-09-14 20:21:12: select * from `users` where `id` = '8' and `login_type` = 2 and `status` = 1 and `users`.`deleted_at` is null limit 1
2017-09-14 20:21:12: select * from `doctors` where `doctors`.`users_id` in (8) and `doctors`.`deleted_at` is null
2017-09-14 20:21:12: select * from `services` where `doctors_id` = '8' and `members_id` is not null and `services`.`deleted_at` is null
2017-09-14 20:21:12: select * from `services` where `doctors_id` = '8' and `members_id` in (9) and `payment_status` = 1 and `services`.`deleted_at` is null order by `created_at` desc
2017-09-14 20:21:12: select * from `users` where `login_type` = 1 and `users`.`id` in (9) and `users`.`deleted_at` is null
2017-09-14 20:21:12: select * from `messages` where `messages`.`members_id` in (9) order by `created_at` desc
2017-09-14 20:21:12: update `services` set `opened_at` = '2017-09-14 20:21:12', `updated_at` = '2017-09-14 20:21:12' where `doctors_id` = '8' and `opened_at` is null and `services`.`deleted_at` is null
2017-09-14 20:21:27: select * from `users` where `id` = '8' and `login_type` = 2 and `status` = 1 and `users`.`deleted_at` is null limit 1
2017-09-14 20:21:27: select * from `doctors` where `doctors`.`users_id` in (8) and `doctors`.`deleted_at` is null
2017-09-14 20:21:27: select * from `services` where `doctors_id` = '8' and `members_id` is not null and `services`.`deleted_at` is null
2017-09-14 20:21:27: select * from `services` where `doctors_id` = '8' and `members_id` in (9) and `payment_status` in (0, 1) and `services`.`deleted_at` is null order by `created_at` desc
2017-09-14 20:21:27: select * from `users` where `login_type` = 1 and `users`.`id` in (9) and `users`.`deleted_at` is null
2017-09-14 20:21:27: select * from `messages` where `messages`.`members_id` in (9) order by `created_at` desc
2017-09-14 20:21:27: update `services` set `opened_at` = '2017-09-14 20:21:27', `updated_at` = '2017-09-14 20:21:27' where `doctors_id` = '8' and `opened_at` is null and `services`.`deleted_at` is null
2017-09-14 20:21:27: select * from `doctors` where `doctors`.`users_id` = 9 and `doctors`.`users_id` is not null and `doctors`.`deleted_at` is null limit 1
2017-09-14 20:46:50: select * from `users` where `id` = '8' and `users`.`deleted_at` is null limit 1
2017-09-14 20:46:50: select * from `doctors` where `doctors`.`users_id` = 8 and `doctors`.`users_id` is not null and `doctors`.`deleted_at` is null limit 1
2017-09-14 20:46:50: select count(*) as aggregate from `member_requests` where `member_requests`.`deleted_at` is null
2017-09-14 20:46:50: select count(*) as aggregate from `member_request_doctors` where `doctors_id` = '8'
2017-09-14 20:46:50: select count(*) as aggregate from `services` where `doctors_id` = '8' and `opened_at` is null and `services`.`deleted_at` is null
2017-09-14 20:46:50: select * from `messages` where `doctors_id` = '8' and `doctor_readed_at` is null and `visible` = 1 order by `created_at` desc
2017-09-14 20:46:50: select * from `parameters` where `type` = 'banner'
2017-09-14 20:46:50: select * from `parameters` where `type` = 'setting' and `key` = 'service_email' limit 1
2017-09-14 20:46:51: select * from `users` where `id` = '8' and `login_type` = 2 and `status` = 1 and `users`.`deleted_at` is null limit 1
2017-09-14 20:46:51: select * from `doctors` where `doctors`.`users_id` in (8) and `doctors`.`deleted_at` is null
2017-09-14 20:46:51: select * from `services` where `doctors_id` = '8' and `members_id` is not null and `services`.`deleted_at` is null
2017-09-14 20:46:51: select * from `services` where `doctors_id` = '8' and `members_id` in (9) and `payment_status` in (0, 1) and `services`.`deleted_at` is null order by `created_at` desc
2017-09-14 20:46:51: select * from `users` where `login_type` = 1 and `users`.`id` in (9) and `users`.`deleted_at` is null
2017-09-14 20:46:51: select * from `messages` where `messages`.`members_id` in (9) order by `created_at` desc
2017-09-14 20:46:51: update `services` set `opened_at` = '2017-09-14 20:46:51', `updated_at` = '2017-09-14 20:46:51' where `doctors_id` = '8' and `opened_at` is null and `services`.`deleted_at` is null
2017-09-14 20:46:51: select * from `parameters` where `type` = 'setting' and `key` = 'treatment_days_1' limit 1
2017-09-14 20:46:51: select * from `doctors` where `doctors`.`users_id` = 9 and `doctors`.`users_id` is not null and `doctors`.`deleted_at` is null limit 1
2017-09-14 20:46:56: select * from `users` where `id` = '8' and `users`.`deleted_at` is null limit 1
2017-09-14 20:46:56: select * from `doctors` where `doctors`.`users_id` = 8 and `doctors`.`users_id` is not null and `doctors`.`deleted_at` is null limit 1
2017-09-14 20:46:56: select count(*) as aggregate from `member_requests` where `member_requests`.`deleted_at` is null
2017-09-14 20:46:56: select count(*) as aggregate from `member_request_doctors` where `doctors_id` = '8'
2017-09-14 20:46:56: select count(*) as aggregate from `services` where `doctors_id` = '8' and `opened_at` is null and `services`.`deleted_at` is null
2017-09-14 20:46:56: select * from `messages` where `doctors_id` = '8' and `doctor_readed_at` is null and `visible` = 1 order by `created_at` desc
2017-09-14 20:46:56: select * from `parameters` where `type` = 'banner'
2017-09-14 20:46:56: select * from `parameters` where `type` = 'setting' and `key` = 'service_email' limit 1
2017-09-14 20:46:57: select * from `users` where `id` = '8' and `login_type` = 2 and `status` = 1 and `users`.`deleted_at` is null limit 1
2017-09-14 20:46:57: select * from `doctors` where `doctors`.`users_id` in (8) and `doctors`.`deleted_at` is null
2017-09-14 20:46:57: select * from `services` where `doctors_id` = '8' and `members_id` is not null and `services`.`deleted_at` is null
2017-09-14 20:46:57: select * from `services` where `doctors_id` = '8' and `members_id` in (9) and `payment_status` = 1 and `services`.`deleted_at` is null order by `created_at` desc
2017-09-14 20:46:57: select * from `users` where `login_type` = 1 and `users`.`id` in (9) and `users`.`deleted_at` is null
2017-09-14 20:46:57: select * from `messages` where `messages`.`members_id` in (9) order by `created_at` desc
2017-09-14 20:46:57: select * from `parameters` where `type` = 'setting' and `key` = 'treatment_days_1' limit 1
2017-09-14 20:46:57: update `services` set `opened_at` = '2017-09-14 20:46:57', `updated_at` = '2017-09-14 20:46:57' where `doctors_id` = '8' and `opened_at` is null and `services`.`deleted_at` is null
2017-09-14 20:46:57: select * from `parameters` where `type` = 'setting' and `key` = 'treatment_days_1' limit 1
2017-09-14 20:46:57: select * from `doctors` where `doctors`.`users_id` = 9 and `doctors`.`users_id` is not null and `doctors`.`deleted_at` is null limit 1
2017-09-14 20:47:12: select * from `users` where `id` = '8' and `users`.`deleted_at` is null limit 1
2017-09-14 20:47:12: select * from `doctors` where `doctors`.`users_id` = 8 and `doctors`.`users_id` is not null and `doctors`.`deleted_at` is null limit 1
2017-09-14 20:47:12: select count(*) as aggregate from `member_requests` where `member_requests`.`deleted_at` is null
2017-09-14 20:47:12: select count(*) as aggregate from `member_request_doctors` where `doctors_id` = '8'
2017-09-14 20:47:12: select count(*) as aggregate from `services` where `doctors_id` = '8' and `opened_at` is null and `services`.`deleted_at` is null
2017-09-14 20:47:12: select * from `messages` where `doctors_id` = '8' and `doctor_readed_at` is null and `visible` = 1 order by `created_at` desc
2017-09-14 20:47:12: select * from `parameters` where `type` = 'banner'
2017-09-14 20:47:12: select * from `parameters` where `type` = 'setting' and `key` = 'service_email' limit 1
2017-09-14 20:47:17: select * from `users` where `id` = '8' and `login_type` = 2 and `status` = 1 and `users`.`deleted_at` is null limit 1
2017-09-14 20:47:17: select * from `doctors` where `doctors`.`users_id` in (8) and `doctors`.`deleted_at` is null
2017-09-14 20:47:17: select * from `services` where `doctors_id` = '8' and `members_id` is not null and `services`.`deleted_at` is null
2017-09-14 20:47:17: select * from `services` where `doctors_id` = '8' and `members_id` in (9) and `payment_status` in (0, 1) and `services`.`deleted_at` is null order by `created_at` desc
2017-09-14 20:47:17: select * from `users` where `login_type` = 1 and `users`.`id` in (9) and `users`.`deleted_at` is null
2017-09-14 20:47:17: select * from `messages` where `messages`.`members_id` in (9) order by `created_at` desc
2017-09-14 20:47:17: update `services` set `opened_at` = '2017-09-14 20:47:17', `updated_at` = '2017-09-14 20:47:17' where `doctors_id` = '8' and `opened_at` is null and `services`.`deleted_at` is null
2017-09-14 20:47:17: select * from `parameters` where `type` = 'setting' and `key` = 'treatment_days_1' limit 1
2017-09-14 20:47:17: select * from `doctors` where `doctors`.`users_id` = 9 and `doctors`.`users_id` is not null and `doctors`.`deleted_at` is null limit 1
2017-09-14 20:47:27: select * from `users` where `id` = '8' and `users`.`deleted_at` is null limit 1
2017-09-14 20:47:27: select * from `doctors` where `doctors`.`users_id` = 8 and `doctors`.`users_id` is not null and `doctors`.`deleted_at` is null limit 1
2017-09-14 20:47:27: select count(*) as aggregate from `member_requests` where `member_requests`.`deleted_at` is null
2017-09-14 20:47:27: select count(*) as aggregate from `member_request_doctors` where `doctors_id` = '8'
2017-09-14 20:47:27: select count(*) as aggregate from `services` where `doctors_id` = '8' and `opened_at` is null and `services`.`deleted_at` is null
2017-09-14 20:47:27: select * from `messages` where `doctors_id` = '8' and `doctor_readed_at` is null and `visible` = 1 order by `created_at` desc
2017-09-14 20:47:27: select * from `parameters` where `type` = 'banner'
2017-09-14 20:47:27: select * from `parameters` where `type` = 'setting' and `key` = 'service_email' limit 1
2017-09-14 20:47:28: select * from `users` where `id` = '8' and `login_type` = 2 and `status` = 1 and `users`.`deleted_at` is null limit 1
2017-09-14 20:47:28: select * from `doctors` where `doctors`.`users_id` in (8) and `doctors`.`deleted_at` is null
2017-09-14 20:47:28: select * from `services` where `doctors_id` = '8' and `members_id` is not null and `services`.`deleted_at` is null
2017-09-14 20:47:28: select * from `services` where `doctors_id` = '8' and `members_id` in (9) and `payment_status` = 1 and `services`.`deleted_at` is null order by `created_at` desc
2017-09-14 20:47:28: select * from `users` where `login_type` = 1 and `users`.`id` in (9) and `users`.`deleted_at` is null
2017-09-14 20:47:28: select * from `messages` where `messages`.`members_id` in (9) order by `created_at` desc
2017-09-14 20:47:28: select * from `parameters` where `type` = 'setting' and `key` = 'treatment_days_1' limit 1
2017-09-14 20:47:28: update `services` set `opened_at` = '2017-09-14 20:47:28', `updated_at` = '2017-09-14 20:47:28' where `doctors_id` = '8' and `opened_at` is null and `services`.`deleted_at` is null
2017-09-14 20:47:28: select * from `parameters` where `type` = 'setting' and `key` = 'treatment_days_1' limit 1
2017-09-14 20:47:28: select * from `doctors` where `doctors`.`users_id` = 9 and `doctors`.`users_id` is not null and `doctors`.`deleted_at` is null limit 1
2017-09-14 20:47:33: select * from `users` where `id` = '8' and `users`.`deleted_at` is null limit 1
2017-09-14 20:47:33: select * from `doctors` where `doctors`.`users_id` = 8 and `doctors`.`users_id` is not null and `doctors`.`deleted_at` is null limit 1
2017-09-14 20:47:33: select count(*) as aggregate from `member_requests` where `member_requests`.`deleted_at` is null
2017-09-14 20:47:33: select count(*) as aggregate from `member_request_doctors` where `doctors_id` = '8'
2017-09-14 20:47:33: select count(*) as aggregate from `services` where `doctors_id` = '8' and `opened_at` is null and `services`.`deleted_at` is null
2017-09-14 20:47:33: select * from `messages` where `doctors_id` = '8' and `doctor_readed_at` is null and `visible` = 1 order by `created_at` desc
2017-09-14 20:47:33: select * from `parameters` where `type` = 'banner'
2017-09-14 20:47:33: select * from `parameters` where `type` = 'setting' and `key` = 'service_email' limit 1
2017-09-14 20:47:34: select * from `users` where `id` = '8' and `users`.`deleted_at` is null limit 1
2017-09-14 20:47:34: select * from `doctors` where `doctors`.`users_id` = 8 and `doctors`.`users_id` is not null and `doctors`.`deleted_at` is null limit 1
2017-09-14 20:47:41: select * from `users` where `id` = '8' and `users`.`deleted_at` is null limit 1
2017-09-14 20:47:41: select * from `doctors` where `doctors`.`users_id` = 8 and `doctors`.`users_id` is not null and `doctors`.`deleted_at` is null limit 1
2017-09-14 20:47:41: select count(*) as aggregate from `member_requests` where `member_requests`.`deleted_at` is null
2017-09-14 20:47:41: select count(*) as aggregate from `member_request_doctors` where `doctors_id` = '8'
2017-09-14 20:47:41: select count(*) as aggregate from `services` where `doctors_id` = '8' and `opened_at` is null and `services`.`deleted_at` is null
2017-09-14 20:47:41: select * from `messages` where `doctors_id` = '8' and `doctor_readed_at` is null and `visible` = 1 order by `created_at` desc
2017-09-14 20:47:41: select * from `parameters` where `type` = 'banner'
2017-09-14 20:47:41: select * from `parameters` where `type` = 'setting' and `key` = 'service_email' limit 1
2017-09-14 20:52:13: select count(*) as aggregate from `users` where `id` = '9'
2017-09-14 20:52:13: select * from `users` where `id` = '9' and `users`.`deleted_at` is null limit 1
2017-09-14 20:52:13: select * from `users` where `city_id` = 1 and `district_id` = 103 and `login_type` = '2' and `online` = 1 and `users`.`deleted_at` is null order by `online_at` desc
2017-09-14 20:52:13: select * from `messages` where `source` = 'doctor' and `started_at` is not null and `messages`.`doctors_id` in (6, 8) and `members_id` = '9' order by `started_at` desc
2017-09-14 20:52:13: select * from `doctors` where `users_id` = 8 and `doctors`.`deleted_at` is null limit 1
2017-09-14 20:52:13: select * from `services` where `members_id` = '9' and `doctors_id` = 8 and `payment_status` = 1 and `services`.`deleted_at` is null
2017-09-14 20:52:13: select * from `parameters` where `type` = 'setting' and `key` = 'treatment_days_1' limit 1
2017-09-14 20:52:13: select * from `doctors` where `users_id` = 6 and `doctors`.`deleted_at` is null limit 1
2017-09-14 20:52:13: select * from `services` where `members_id` = '9' and `doctors_id` = 6 and `payment_status` = 1 and `services`.`deleted_at` is null
2017-09-14 21:00:08: select * from `users` where `id` = '22' and `users`.`deleted_at` is null limit 1
2017-09-14 21:00:08: select * from `doctors` where `doctors`.`users_id` = 22 and `doctors`.`users_id` is not null and `doctors`.`deleted_at` is null limit 1
2017-09-14 21:00:08: select count(*) as aggregate from `member_requests` where `member_requests`.`deleted_at` is null
2017-09-14 21:00:08: select count(*) as aggregate from `member_request_doctors` where `doctors_id` = '22'
2017-09-14 21:00:08: select count(*) as aggregate from `services` where `doctors_id` = '22' and `opened_at` is null and `services`.`deleted_at` is null
2017-09-14 21:00:08: select * from `messages` where `doctors_id` = '22' and `doctor_readed_at` is null and `visible` = 1 order by `created_at` desc
2017-09-14 21:00:08: select * from `parameters` where `type` = 'banner'
2017-09-14 21:00:08: select * from `parameters` where `type` = 'setting' and `key` = 'service_email' limit 1
2017-09-14 21:00:10: select * from `users` where `id` = '22' and `login_type` = 2 and `status` = 1 and `users`.`deleted_at` is null limit 1
2017-09-14 21:00:10: select * from `doctors` where `doctors`.`users_id` in (22) and `doctors`.`deleted_at` is null
2017-09-14 21:00:10: select * from `services` where `doctors_id` = '22' and `members_id` is not null and `services`.`deleted_at` is null
2017-09-14 21:00:10: select * from `services` where `doctors_id` = '22' and `members_id` in (23, 24) and `payment_status` in (0, 1) and `services`.`deleted_at` is null order by `created_at` desc
2017-09-14 21:00:10: select * from `users` where `login_type` = 1 and `users`.`id` in (23, 24) and `users`.`deleted_at` is null
2017-09-14 21:00:10: select * from `messages` where `messages`.`members_id` in (23, 24) order by `created_at` desc
2017-09-14 21:00:10: update `services` set `opened_at` = '2017-09-14 21:00:10', `updated_at` = '2017-09-14 21:00:10' where `doctors_id` = '22' and `opened_at` is null and `services`.`deleted_at` is null
2017-09-14 21:00:10: select * from `parameters` where `type` = 'setting' and `key` = 'treatment_days_2' limit 1
2017-09-14 21:00:10: select * from `doctors` where `doctors`.`users_id` = 24 and `doctors`.`users_id` is not null and `doctors`.`deleted_at` is null limit 1
2017-09-14 21:00:10: select * from `parameters` where `type` = 'setting' and `key` = 'treatment_days_2' limit 1
2017-09-14 21:00:10: select * from `doctors` where `doctors`.`users_id` = 23 and `doctors`.`users_id` is not null and `doctors`.`deleted_at` is null limit 1
2017-09-14 21:32:06: select * from `users` where `id` = '8' and `users`.`deleted_at` is null limit 1
2017-09-14 21:32:06: select * from `doctors` where `doctors`.`users_id` = 8 and `doctors`.`users_id` is not null and `doctors`.`deleted_at` is null limit 1
2017-09-14 21:32:06: select count(*) as aggregate from `member_requests` where `member_requests`.`deleted_at` is null
2017-09-14 21:32:06: select count(*) as aggregate from `member_request_doctors` where `doctors_id` = '8'
2017-09-14 21:32:06: select count(*) as aggregate from `services` where `doctors_id` = '8' and `opened_at` is null and `services`.`deleted_at` is null
2017-09-14 21:32:06: select * from `messages` where `doctors_id` = '8' and `doctor_readed_at` is null and `visible` = 1 order by `created_at` desc
2017-09-14 21:32:06: select * from `parameters` where `type` = 'banner'
2017-09-14 21:32:06: select * from `parameters` where `type` = 'setting' and `key` = 'service_email' limit 1
2017-09-14 21:32:07: select * from `users` where `id` = '8' and `login_type` = 2 and `status` = 1 and `users`.`deleted_at` is null limit 1
2017-09-14 21:32:07: select * from `doctors` where `doctors`.`users_id` in (8) and `doctors`.`deleted_at` is null
2017-09-14 21:32:07: select * from `services` where `doctors_id` = '8' and `members_id` is not null and `services`.`deleted_at` is null
2017-09-14 21:32:07: select * from `services` where `doctors_id` = '8' and `members_id` in (9) and `payment_status` = 1 and `services`.`deleted_at` is null order by `created_at` desc
2017-09-14 21:32:07: select * from `users` where `login_type` = 1 and `users`.`id` in (9) and `users`.`deleted_at` is null
2017-09-14 21:32:07: select * from `messages` where `messages`.`members_id` in (9) order by `created_at` desc
2017-09-14 21:32:07: select * from `parameters` where `type` = 'setting' and `key` = 'treatment_days_2' limit 1
2017-09-14 21:32:07: select * from `parameters` where `type` = 'setting' and `key` = 'treatment_days_1' limit 1
2017-09-14 21:32:07: update `services` set `opened_at` = '2017-09-14 21:32:07', `updated_at` = '2017-09-14 21:32:07' where `doctors_id` = '8' and `opened_at` is null and `services`.`deleted_at` is null
2017-09-14 21:32:07: select * from `parameters` where `type` = 'setting' and `key` = 'treatment_days_2' limit 1
2017-09-14 21:32:07: select * from `doctors` where `doctors`.`users_id` = 9 and `doctors`.`users_id` is not null and `doctors`.`deleted_at` is null limit 1
2017-09-14 21:32:12: select * from `users` where `id` = '8' and `users`.`deleted_at` is null limit 1
2017-09-14 21:32:12: select * from `doctors` where `doctors`.`users_id` = 8 and `doctors`.`users_id` is not null and `doctors`.`deleted_at` is null limit 1
2017-09-14 21:32:12: select count(*) as aggregate from `member_requests` where `member_requests`.`deleted_at` is null
2017-09-14 21:32:12: select count(*) as aggregate from `member_request_doctors` where `doctors_id` = '8'
2017-09-14 21:32:12: select count(*) as aggregate from `services` where `doctors_id` = '8' and `opened_at` is null and `services`.`deleted_at` is null
2017-09-14 21:32:12: select * from `messages` where `doctors_id` = '8' and `doctor_readed_at` is null and `visible` = 1 order by `created_at` desc
2017-09-14 21:32:12: select * from `parameters` where `type` = 'banner'
2017-09-14 21:32:12: select * from `parameters` where `type` = 'setting' and `key` = 'service_email' limit 1
2017-09-14 21:32:13: select * from `users` where `id` = '8' and `login_type` = 2 and `status` = 1 and `users`.`deleted_at` is null limit 1
2017-09-14 21:32:13: select * from `doctors` where `doctors`.`users_id` in (8) and `doctors`.`deleted_at` is null
2017-09-14 21:32:13: select * from `services` where `doctors_id` = '8' and `members_id` is not null and `services`.`deleted_at` is null
2017-09-14 21:32:13: select * from `services` where `doctors_id` = '8' and `members_id` in (9) and `payment_status` in (0, 1) and `services`.`deleted_at` is null order by `created_at` desc
2017-09-14 21:32:13: select * from `users` where `login_type` = 1 and `users`.`id` in (9) and `users`.`deleted_at` is null
2017-09-14 21:32:13: select * from `messages` where `messages`.`members_id` in (9) order by `created_at` desc
2017-09-14 21:32:13: update `services` set `opened_at` = '2017-09-14 21:32:13', `updated_at` = '2017-09-14 21:32:13' where `doctors_id` = '8' and `opened_at` is null and `services`.`deleted_at` is null
2017-09-14 21:32:13: select * from `parameters` where `type` = 'setting' and `key` = 'treatment_days_2' limit 1
2017-09-14 21:32:13: select * from `doctors` where `doctors`.`users_id` = 9 and `doctors`.`users_id` is not null and `doctors`.`deleted_at` is null limit 1
2017-09-14 21:32:20: select * from `users` where `id` = '8' and `users`.`deleted_at` is null limit 1
2017-09-14 21:32:20: select * from `doctors` where `doctors`.`users_id` = 8 and `doctors`.`users_id` is not null and `doctors`.`deleted_at` is null limit 1
2017-09-14 21:32:20: select count(*) as aggregate from `member_requests` where `member_requests`.`deleted_at` is null
2017-09-14 21:32:20: select count(*) as aggregate from `member_request_doctors` where `doctors_id` = '8'
2017-09-14 21:32:20: select count(*) as aggregate from `services` where `doctors_id` = '8' and `opened_at` is null and `services`.`deleted_at` is null
2017-09-14 21:32:20: select * from `messages` where `doctors_id` = '8' and `doctor_readed_at` is null and `visible` = 1 order by `created_at` desc
2017-09-14 21:32:20: select * from `parameters` where `type` = 'banner'
2017-09-14 21:32:20: select * from `parameters` where `type` = 'setting' and `key` = 'service_email' limit 1
2017-09-14 21:32:21: select * from `users` where `id` = '8' and `users`.`deleted_at` is null limit 1
2017-09-14 21:32:21: select * from `doctors` where `doctors`.`users_id` = 8 and `doctors`.`users_id` is not null and `doctors`.`deleted_at` is null limit 1
2017-09-14 21:32:31: select * from `users` where `id` = '8' and `users`.`deleted_at` is null limit 1
2017-09-14 21:32:31: select * from `doctors` where `doctors`.`users_id` = 8 and `doctors`.`users_id` is not null and `doctors`.`deleted_at` is null limit 1
2017-09-14 21:32:31: select count(*) as aggregate from `member_requests` where `member_requests`.`deleted_at` is null
2017-09-14 21:32:31: select count(*) as aggregate from `member_request_doctors` where `doctors_id` = '8'
2017-09-14 21:32:31: select count(*) as aggregate from `services` where `doctors_id` = '8' and `opened_at` is null and `services`.`deleted_at` is null
2017-09-14 21:32:31: select * from `messages` where `doctors_id` = '8' and `doctor_readed_at` is null and `visible` = 1 order by `created_at` desc
2017-09-14 21:32:31: select * from `parameters` where `type` = 'banner'
2017-09-14 21:32:31: select * from `parameters` where `type` = 'setting' and `key` = 'service_email' limit 1
2017-09-14 21:32:32: select * from `users` where `id` = '8' and `login_type` = 2 and `status` = 1 and `users`.`deleted_at` is null limit 1
2017-09-14 21:32:32: select * from `doctors` where `doctors`.`users_id` in (8) and `doctors`.`deleted_at` is null
2017-09-14 21:32:32: select * from `services` where `doctors_id` = '8' and `members_id` is not null and `services`.`deleted_at` is null
2017-09-14 21:32:32: select * from `services` where `doctors_id` = '8' and `members_id` in (9) and `payment_status` in (0, 1) and `services`.`deleted_at` is null order by `created_at` desc
2017-09-14 21:32:32: select * from `users` where `login_type` = 1 and `users`.`id` in (9) and `users`.`deleted_at` is null
2017-09-14 21:32:32: select * from `messages` where `messages`.`members_id` in (9) order by `created_at` desc
2017-09-14 21:32:32: update `services` set `opened_at` = '2017-09-14 21:32:32', `updated_at` = '2017-09-14 21:32:32' where `doctors_id` = '8' and `opened_at` is null and `services`.`deleted_at` is null
2017-09-14 21:32:32: select * from `parameters` where `type` = 'setting' and `key` = 'treatment_days_2' limit 1
2017-09-14 21:32:32: select * from `doctors` where `doctors`.`users_id` = 9 and `doctors`.`users_id` is not null and `doctors`.`deleted_at` is null limit 1
2017-09-14 21:32:36: select * from `users` where `id` = '8' and `users`.`deleted_at` is null limit 1
2017-09-14 21:32:36: select * from `doctors` where `doctors`.`users_id` = 8 and `doctors`.`users_id` is not null and `doctors`.`deleted_at` is null limit 1
2017-09-14 21:32:36: select count(*) as aggregate from `member_requests` where `member_requests`.`deleted_at` is null
2017-09-14 21:32:36: select count(*) as aggregate from `member_request_doctors` where `doctors_id` = '8'
2017-09-14 21:32:36: select count(*) as aggregate from `services` where `doctors_id` = '8' and `opened_at` is null and `services`.`deleted_at` is null
2017-09-14 21:32:36: select * from `messages` where `doctors_id` = '8' and `doctor_readed_at` is null and `visible` = 1 order by `created_at` desc
2017-09-14 21:32:36: select * from `parameters` where `type` = 'banner'
2017-09-14 21:32:36: select * from `parameters` where `type` = 'setting' and `key` = 'service_email' limit 1
2017-09-14 21:32:41: select * from `users` where `id` = '8' and `login_type` = 2 and `status` = 1 and `users`.`deleted_at` is null limit 1
2017-09-14 21:32:41: select * from `doctors` where `doctors`.`users_id` in (8) and `doctors`.`deleted_at` is null
2017-09-14 21:32:41: select * from `services` where `doctors_id` = '8' and `payment_status` = 1 and `paid_at` > '2017-08-14 21:32:41' and `services`.`deleted_at` is null
2017-09-14 21:32:41: select * from `messages` where `doctors_id` = '8' and `members_id` not in (9) and `visible` = 1
2017-09-14 21:32:41: select count(*) as aggregate from `users` where 0 = 1 and `login_type` = 1 and `users`.`deleted_at` is null
2017-09-14 21:32:43: select * from `users` where `id` = '8' and `users`.`deleted_at` is null limit 1
2017-09-14 21:32:43: select * from `doctors` where `doctors`.`users_id` = 8 and `doctors`.`users_id` is not null and `doctors`.`deleted_at` is null limit 1
2017-09-14 21:32:43: select count(*) as aggregate from `member_requests` where `member_requests`.`deleted_at` is null
2017-09-14 21:32:43: select count(*) as aggregate from `member_request_doctors` where `doctors_id` = '8'
2017-09-14 21:32:43: select count(*) as aggregate from `services` where `doctors_id` = '8' and `opened_at` is null and `services`.`deleted_at` is null
2017-09-14 21:32:43: select * from `messages` where `doctors_id` = '8' and `doctor_readed_at` is null and `visible` = 1 order by `created_at` desc
2017-09-14 21:32:43: select * from `parameters` where `type` = 'banner'
2017-09-14 21:32:43: select * from `parameters` where `type` = 'setting' and `key` = 'service_email' limit 1
2017-09-14 21:32:44: select * from `users` where `id` = '8' and `login_type` = 2 and `status` = 1 and `users`.`deleted_at` is null limit 1
2017-09-14 21:32:44: select * from `doctors` where `doctors`.`users_id` in (8) and `doctors`.`deleted_at` is null
2017-09-14 21:32:44: select * from `services` where `doctors_id` = '8' and `members_id` is not null and `services`.`deleted_at` is null
2017-09-14 21:32:44: select * from `services` where `doctors_id` = '8' and `members_id` in (9) and `payment_status` = 1 and `services`.`deleted_at` is null order by `created_at` desc
2017-09-14 21:32:44: select * from `users` where `login_type` = 1 and `users`.`id` in (9) and `users`.`deleted_at` is null
2017-09-14 21:32:44: select * from `messages` where `messages`.`members_id` in (9) order by `created_at` desc
2017-09-14 21:32:44: select * from `parameters` where `type` = 'setting' and `key` = 'treatment_days_2' limit 1
2017-09-14 21:32:44: select * from `parameters` where `type` = 'setting' and `key` = 'treatment_days_1' limit 1
2017-09-14 21:32:44: update `services` set `opened_at` = '2017-09-14 21:32:44', `updated_at` = '2017-09-14 21:32:44' where `doctors_id` = '8' and `opened_at` is null and `services`.`deleted_at` is null
2017-09-14 21:32:44: select * from `parameters` where `type` = 'setting' and `key` = 'treatment_days_2' limit 1
2017-09-14 21:32:44: select * from `doctors` where `doctors`.`users_id` = 9 and `doctors`.`users_id` is not null and `doctors`.`deleted_at` is null limit 1
2017-09-14 21:32:49: select * from `users` where `id` = '8' and `users`.`deleted_at` is null limit 1
2017-09-14 21:32:49: select * from `doctors` where `doctors`.`users_id` = 8 and `doctors`.`users_id` is not null and `doctors`.`deleted_at` is null limit 1
2017-09-14 21:32:49: select count(*) as aggregate from `member_requests` where `member_requests`.`deleted_at` is null
2017-09-14 21:32:49: select count(*) as aggregate from `member_request_doctors` where `doctors_id` = '8'
2017-09-14 21:32:49: select count(*) as aggregate from `services` where `doctors_id` = '8' and `opened_at` is null and `services`.`deleted_at` is null
2017-09-14 21:32:49: select * from `messages` where `doctors_id` = '8' and `doctor_readed_at` is null and `visible` = 1 order by `created_at` desc
2017-09-14 21:32:49: select * from `parameters` where `type` = 'banner'
2017-09-14 21:32:49: select * from `parameters` where `type` = 'setting' and `key` = 'service_email' limit 1
2017-09-14 21:33:11: select * from `users` where `id` = '8' and `login_type` = 2 and `status` = 1 and `users`.`deleted_at` is null limit 1
2017-09-14 21:33:11: select * from `doctors` where `doctors`.`users_id` in (8) and `doctors`.`deleted_at` is null
2017-09-14 21:33:11: select * from `services` where `doctors_id` = '8' and `members_id` is not null and `services`.`deleted_at` is null
2017-09-14 21:33:11: select * from `services` where `doctors_id` = '8' and `members_id` in (9) and `payment_status` = 1 and `services`.`deleted_at` is null order by `created_at` desc
2017-09-14 21:33:11: select * from `users` where `login_type` = 1 and `users`.`id` in (9) and `users`.`deleted_at` is null
2017-09-14 21:33:11: select * from `messages` where `messages`.`members_id` in (9) order by `created_at` desc
2017-09-14 21:33:11: select * from `parameters` where `type` = 'setting' and `key` = 'treatment_days_2' limit 1
2017-09-14 21:33:11: select * from `parameters` where `type` = 'setting' and `key` = 'treatment_days_1' limit 1
2017-09-14 21:33:11: update `services` set `opened_at` = '2017-09-14 21:33:11', `updated_at` = '2017-09-14 21:33:11' where `doctors_id` = '8' and `opened_at` is null and `services`.`deleted_at` is null
2017-09-14 21:33:11: select * from `parameters` where `type` = 'setting' and `key` = 'treatment_days_2' limit 1
2017-09-14 21:33:11: select * from `doctors` where `doctors`.`users_id` = 9 and `doctors`.`users_id` is not null and `doctors`.`deleted_at` is null limit 1
2017-09-14 21:33:18: select * from `users` where `id` = '8' and `users`.`deleted_at` is null limit 1
2017-09-14 21:33:18: select * from `doctors` where `doctors`.`users_id` = 8 and `doctors`.`users_id` is not null and `doctors`.`deleted_at` is null limit 1
2017-09-14 21:33:18: select count(*) as aggregate from `member_requests` where `member_requests`.`deleted_at` is null
2017-09-14 21:33:18: select count(*) as aggregate from `member_request_doctors` where `doctors_id` = '8'
2017-09-14 21:33:18: select count(*) as aggregate from `services` where `doctors_id` = '8' and `opened_at` is null and `services`.`deleted_at` is null
2017-09-14 21:33:18: select * from `messages` where `doctors_id` = '8' and `doctor_readed_at` is null and `visible` = 1 order by `created_at` desc
2017-09-14 21:33:18: select * from `parameters` where `type` = 'banner'
2017-09-14 21:33:18: select * from `parameters` where `type` = 'setting' and `key` = 'service_email' limit 1
