2017-11-23 11:52:01: select count(*) as aggregate from `users` where `account` = '0912123123'
2017-11-23 11:52:01: insert into `users` (`account`, `password`, `status`, `online`, `name`, `male`, `birthday`, `city_id`, `district_id`, `treatment_type`, `login_type`, `updated_at`, `created_at`) values ('0912123123', '$2y$10$0iWeN7fwabPA6jJ3RwJY2O43pCAxn2GYUGoKK2D/mNqOTq1mJlqjK', '1', 'true', '黃先生', '0', 'null', '1', '103', 'null', 2, '2017-11-23 11:52:01', '2017-11-23 11:52:01')
2017-11-23 11:52:01: insert into `doctors` (`due_at`, `longitude`, `latitude`, `title`, `number`, `treatment_type`, `experience_year`, `education_bonus`, `experience`, `specialty`, `education`, `license`, `users_id`, `updated_at`, `created_at`) values ('2017-11-30 00:00:00', 'null', 'null', '職能', 'null', 'null', '10', 'null', '["null"]', '["null"]', '["null"]', '["null"]', 3, '2017-11-23 11:52:01', '2017-11-23 11:52:01')
2017-11-23 11:52:01: update `users` set `avatar` = '/doctors/avatar_3.png', `updated_at` = '2017-11-23 11:52:01' where `id` = 3
2017-11-23 11:52:01: select * from `doctors` where `doctors`.`users_id` = 3 and `doctors`.`users_id` is not null and `doctors`.`deleted_at` is null limit 1
2017-11-23 11:52:23: select * from `users` where `id` = '3' and `users`.`deleted_at` is null limit 1
2017-11-23 11:52:23: select * from `doctors` where `doctors`.`users_id` in (3) and `doctors`.`deleted_at` is null
2017-11-23 11:52:23: update `users` set `treatment_type` = '1', `updated_at` = '2017-11-23 11:52:23' where `id` = 3
2017-11-23 11:52:23: update `doctors` set `longitude` = '121.653792', `latitude` = '25.063208', `due_at` = '2017-12-31 00:00:00', `updated_at` = '2017-11-23 11:52:23' where `id` = 1
2017-11-23 14:10:15: select count(*) as aggregate from `users` where `account` = '0936618201'
2017-11-23 14:10:15: insert into `users` (`account`, `password`, `status`, `online`, `name`, `male`, `birthday`, `city_id`, `district_id`, `treatment_type`, `login_type`, `updated_at`, `created_at`) values ('0936618201', '$2y$10$1ry5VKUrJpGYRxx1RX.o4e2OR1.w0tJ18Vg5wRfshgbOKsJgC0HUO', '1', 'true', '許智超', '0', '1986-10-28', '1', '110', 'null', 2, '2017-11-23 14:10:15', '2017-11-23 14:10:15')
2017-11-23 14:10:15: insert into `doctors` (`due_at`, `longitude`, `latitude`, `title`, `number`, `treatment_type`, `experience_year`, `education_bonus`, `experience`, `specialty`, `education`, `license`, `users_id`, `updated_at`, `created_at`) values ('2072-09-09 00:00:00', 'null', 'null', 'Dr', 'null', 'null', '5', 'null', '["\u81fa\u5317\u91ab\u5b78\u5927\u5b78\u6a5f\u5668\u4eba\u5fa9\u5065\u7d44\u7d44\u9577"]', '["\u795e\u7d93\u6027\u75be\u75c5\u5fa9\u5065\r\n\u9aa8\u79d1\u5fa9\u5065\r\n\u904b\u52d5\u8a13\u7df4\r\n\u6a5f\u5668\u4eba\u5fa9\u5065"]', '["\u570b\u7acb\u53f0\u7063\u5927\u5b78\u91ab\u5b78\u5de5\u7a0b\u5b78\u535a\u58eb\r\n\u4e2d\u570b\u91ab\u85e5\u5927\u5b78\u5fa9\u5065\u79d1\u5b78\u78a9\u58eb"]', '["Hocoma\u6a5f\u5668\u4eba\u884c\u8d70\u5fa9\u5065\u570b\u969b\u8b1b\u5e2b\u8a8d\u8b49"]', 2, '2017-11-23 14:10:15', '2017-11-23 14:10:15')
2017-11-23 14:10:15: update `users` set `avatar` = '/doctors/avatar_2.jpg', `updated_at` = '2017-11-23 14:10:15' where `id` = 2
2017-11-23 14:10:15: select * from `doctors` where `doctors`.`users_id` = 2 and `doctors`.`users_id` is not null and `doctors`.`deleted_at` is null limit 1
2017-11-23 14:11:10: select * from `users` where `id` = '2' and `users`.`deleted_at` is null limit 1
2017-11-23 14:11:10: select * from `doctors` where `doctors`.`users_id` = 2 and `doctors`.`users_id` is not null and `doctors`.`deleted_at` is null limit 1
2017-11-23 14:11:10: select count(*) as aggregate from `member_requests` where `member_requests`.`deleted_at` is null
2017-11-23 14:11:10: select count(*) as aggregate from `member_request_doctors` where `doctors_id` = '2'
2017-11-23 14:11:10: select count(*) as aggregate from `services` where `doctors_id` = '2' and `opened_at` is null and `services`.`deleted_at` is null
2017-11-23 14:11:10: select * from `messages` where `doctors_id` = '2' and `doctor_readed_at` is null and `visible` = 1 order by `created_at` desc
2017-11-23 14:11:10: select * from `parameters` where `type` = 'banner'
2017-11-23 14:11:10: select * from `parameters` where `type` = 'setting' and `key` = 'service_email' limit 1
2017-11-23 16:33:42: select * from `users` where `id` = '2' and `users`.`deleted_at` is null limit 1
2017-11-23 16:33:42: select * from `doctors` where `doctors`.`users_id` = 2 and `doctors`.`users_id` is not null and `doctors`.`deleted_at` is null limit 1
2017-11-23 16:33:42: select count(*) as aggregate from `member_requests` where `member_requests`.`deleted_at` is null
2017-11-23 16:33:42: select count(*) as aggregate from `member_request_doctors` where `doctors_id` = '2'
2017-11-23 16:33:42: select count(*) as aggregate from `services` where `doctors_id` = '2' and `opened_at` is null and `services`.`deleted_at` is null
2017-11-23 16:33:42: select * from `messages` where `doctors_id` = '2' and `doctor_readed_at` is null and `visible` = 1 order by `created_at` desc
2017-11-23 16:33:42: select * from `parameters` where `type` = 'banner'
2017-11-23 16:33:42: select * from `parameters` where `type` = 'setting' and `key` = 'service_email' limit 1
2017-11-23 16:37:35: select * from `users` where `id` = '2' and `login_type` = 2 and `status` = 1 and `users`.`deleted_at` is null limit 1
2017-11-23 16:37:35: select * from `doctors` where `doctors`.`users_id` in (2) and `doctors`.`deleted_at` is null
2017-11-23 16:37:35: select * from `services` where `doctors_id` = '2' and `payment_status` = 1 and `paid_at` > '2017-10-23 16:37:35' and `services`.`deleted_at` is null
2017-11-23 16:37:35: select * from `messages` where `doctors_id` = '2' and 1 = 1 and `visible` = 1
2017-11-23 16:37:35: select count(*) as aggregate from `users` where 0 = 1 and `login_type` = 1 and `users`.`deleted_at` is null
2017-11-23 17:07:00: select * from `users` where `id` = '2' and `users`.`deleted_at` is null limit 1
2017-11-23 17:07:00: select * from `doctors` where `doctors`.`users_id` = 2 and `doctors`.`users_id` is not null and `doctors`.`deleted_at` is null limit 1
2017-11-23 17:07:00: select count(*) as aggregate from `member_requests` where `member_requests`.`deleted_at` is null
2017-11-23 17:07:00: select count(*) as aggregate from `member_request_doctors` where `doctors_id` = '2'
2017-11-23 17:07:00: select count(*) as aggregate from `services` where `doctors_id` = '2' and `opened_at` is null and `services`.`deleted_at` is null
2017-11-23 17:07:00: select * from `messages` where `doctors_id` = '2' and `doctor_readed_at` is null and `visible` = 1 order by `created_at` desc
2017-11-23 17:07:00: select * from `parameters` where `type` = 'banner'
2017-11-23 17:07:00: select * from `parameters` where `type` = 'setting' and `key` = 'service_email' limit 1
2017-11-23 19:10:16: select * from `users` where `id` = '2' and `users`.`deleted_at` is null limit 1
2017-11-23 19:10:16: select * from `doctors` where `doctors`.`users_id` = 2 and `doctors`.`users_id` is not null and `doctors`.`deleted_at` is null limit 1
2017-11-23 19:10:16: select count(*) as aggregate from `member_requests` where `member_requests`.`deleted_at` is null
2017-11-23 19:10:16: select count(*) as aggregate from `member_request_doctors` where `doctors_id` = '2'
2017-11-23 19:10:16: select count(*) as aggregate from `services` where `doctors_id` = '2' and `opened_at` is null and `services`.`deleted_at` is null
2017-11-23 19:10:16: select * from `messages` where `doctors_id` = '2' and `doctor_readed_at` is null and `visible` = 1 order by `created_at` desc
2017-11-23 19:10:16: select * from `parameters` where `type` = 'banner'
2017-11-23 19:10:16: select * from `parameters` where `type` = 'setting' and `key` = 'service_email' limit 1
2017-11-23 20:07:52: select * from `users` where `id` = '39' and `users`.`deleted_at` is null limit 1
2017-11-23 20:08:01: select * from `users` where `id` = '39' and `users`.`deleted_at` is null limit 1
