2017-11-22 16:03:04: select * from `users` where `id` = '39' and `users`.`deleted_at` is null limit 1
2017-11-22 16:03:04: select * from `doctors` where `doctors`.`users_id` = 39 and `doctors`.`users_id` is not null and `doctors`.`deleted_at` is null limit 1
2017-11-22 16:03:04: select count(*) as aggregate from `member_requests` where `member_requests`.`deleted_at` is null
2017-11-22 16:03:04: select count(*) as aggregate from `member_request_doctors` where `doctors_id` = '39'
2017-11-22 16:03:04: select count(*) as aggregate from `services` where `doctors_id` = '39' and `opened_at` is null and `services`.`deleted_at` is null
2017-11-22 16:03:04: select * from `messages` where `doctors_id` = '39' and `doctor_readed_at` is null and `visible` = 1 order by `created_at` desc
2017-11-22 16:03:04: select * from `services` where `members_id` = 37 and `payment_status` = 1 and `services`.`deleted_at` is null order by `id` desc limit 1
2017-11-22 16:03:04: select * from `parameters` where `type` = 'banner'
2017-11-22 16:03:04: select * from `parameters` where `type` = 'setting' and `key` = 'service_email' limit 1
2017-11-22 16:03:06: select * from `users` where `id` = '39' and `users`.`deleted_at` is null limit 1
2017-11-22 16:03:06: select * from `doctors` where `doctors`.`users_id` = 39 and `doctors`.`users_id` is not null and `doctors`.`deleted_at` is null limit 1
2017-11-22 16:03:08: select * from `users` where `id` = '39' and `users`.`deleted_at` is null limit 1
2017-11-22 16:03:08: select * from `doctors` where `doctors`.`users_id` = 39 and `doctors`.`users_id` is not null and `doctors`.`deleted_at` is null limit 1
2017-11-22 16:03:08: select count(*) as aggregate from `member_requests` where `member_requests`.`deleted_at` is null
2017-11-22 16:03:08: select count(*) as aggregate from `member_request_doctors` where `doctors_id` = '39'
2017-11-22 16:03:08: select count(*) as aggregate from `services` where `doctors_id` = '39' and `opened_at` is null and `services`.`deleted_at` is null
2017-11-22 16:03:08: select * from `messages` where `doctors_id` = '39' and `doctor_readed_at` is null and `visible` = 1 order by `created_at` desc
2017-11-22 16:03:08: select * from `services` where `members_id` = 37 and `payment_status` = 1 and `services`.`deleted_at` is null order by `id` desc limit 1
2017-11-22 16:03:08: select * from `parameters` where `type` = 'banner'
2017-11-22 16:03:08: select * from `parameters` where `type` = 'setting' and `key` = 'service_email' limit 1
2017-11-22 16:03:12: select * from `users` where `id` = '39' and `users`.`deleted_at` is null limit 1
2017-11-22 16:03:12: select * from `doctors` where `doctors`.`users_id` = 39 and `doctors`.`users_id` is not null and `doctors`.`deleted_at` is null limit 1
2017-11-22 16:03:12: select count(*) as aggregate from `member_requests` where `member_requests`.`deleted_at` is null
2017-11-22 16:03:12: select count(*) as aggregate from `member_request_doctors` where `doctors_id` = '39'
2017-11-22 16:03:12: select count(*) as aggregate from `services` where `doctors_id` = '39' and `opened_at` is null and `services`.`deleted_at` is null
2017-11-22 16:03:12: select * from `messages` where `doctors_id` = '39' and `doctor_readed_at` is null and `visible` = 1 order by `created_at` desc
2017-11-22 16:03:12: select * from `services` where `members_id` = 37 and `payment_status` = 1 and `services`.`deleted_at` is null order by `id` desc limit 1
2017-11-22 16:03:12: select * from `parameters` where `type` = 'banner'
2017-11-22 16:03:12: select * from `parameters` where `type` = 'setting' and `key` = 'service_email' limit 1
