2017-09-10 13:40:44: select * from `users` where `id` = '8' and `users`.`deleted_at` is null limit 1
2017-09-10 13:40:44: select * from `doctors` where `doctors`.`users_id` = 8 and `doctors`.`users_id` is not null and `doctors`.`deleted_at` is null limit 1
2017-09-10 13:40:44: select count(*) as aggregate from `member_requests` where `member_requests`.`deleted_at` is null
2017-09-10 13:40:44: select count(*) as aggregate from `member_request_doctors` where `doctors_id` = '8'
2017-09-10 13:40:44: select count(*) as aggregate from `services` where `doctors_id` = '8' and `opened_at` is null and `services`.`deleted_at` is null
2017-09-10 13:40:44: select * from `messages` where `doctors_id` = '8' and `doctor_readed_at` is null and `visible` = 1 order by `created_at` desc
2017-09-10 13:40:44: select * from `parameters` where `type` = 'banner'
2017-09-10 13:40:44: select * from `parameters` where `type` = 'setting' and `key` = 'service_email' limit 1
2017-09-10 13:40:59: select * from `users` where `id` = '8' and `users`.`deleted_at` is null limit 1
2017-09-10 13:40:59: select * from `doctors` where `doctors`.`users_id` = 8 and `doctors`.`users_id` is not null and `doctors`.`deleted_at` is null limit 1
2017-09-10 13:40:59: select count(*) as aggregate from `member_requests` where `member_requests`.`deleted_at` is null
2017-09-10 13:40:59: select count(*) as aggregate from `member_request_doctors` where `doctors_id` = '8'
2017-09-10 13:40:59: select count(*) as aggregate from `services` where `doctors_id` = '8' and `opened_at` is null and `services`.`deleted_at` is null
2017-09-10 13:40:59: select * from `messages` where `doctors_id` = '8' and `doctor_readed_at` is null and `visible` = 1 order by `created_at` desc
2017-09-10 13:40:59: select * from `parameters` where `type` = 'banner'
2017-09-10 13:40:59: select * from `parameters` where `type` = 'setting' and `key` = 'service_email' limit 1
2017-09-10 13:41:09: select * from `users` where `id` = '8' and `login_type` = 2 and `status` = 1 and `users`.`deleted_at` is null limit 1
2017-09-10 13:41:09: select * from `doctors` where `doctors`.`users_id` in (8) and `doctors`.`deleted_at` is null
2017-09-10 13:41:09: select * from `services` where `doctors_id` = '8' and `members_id` is not null and `services`.`deleted_at` is null
2017-09-10 13:41:09: select * from `services` where `doctors_id` = '8' and `members_id` in (9) and `payment_status` = 1 and `services`.`deleted_at` is null order by `created_at` desc
2017-09-10 13:41:09: select * from `users` where `login_type` = 1 and `users`.`id` in (9) and `users`.`deleted_at` is null
2017-09-10 13:41:09: select * from `messages` where `messages`.`members_id` in (9) order by `created_at` desc
2017-09-10 13:41:09: update `services` set `opened_at` = '2017-09-10 13:41:09', `updated_at` = '2017-09-10 13:41:09' where `doctors_id` = '8' and `opened_at` is null and `services`.`deleted_at` is null
2017-09-10 13:41:11: select * from `users` where `id` = '8' and `users`.`deleted_at` is null limit 1
2017-09-10 13:41:11: select * from `doctors` where `doctors`.`users_id` = 8 and `doctors`.`users_id` is not null and `doctors`.`deleted_at` is null limit 1
2017-09-10 13:41:11: select count(*) as aggregate from `member_requests` where `member_requests`.`deleted_at` is null
2017-09-10 13:41:11: select count(*) as aggregate from `member_request_doctors` where `doctors_id` = '8'
2017-09-10 13:41:11: select count(*) as aggregate from `services` where `doctors_id` = '8' and `opened_at` is null and `services`.`deleted_at` is null
2017-09-10 13:41:11: select * from `messages` where `doctors_id` = '8' and `doctor_readed_at` is null and `visible` = 1 order by `created_at` desc
2017-09-10 13:41:11: select * from `parameters` where `type` = 'banner'
2017-09-10 13:41:11: select * from `parameters` where `type` = 'setting' and `key` = 'service_email' limit 1
2017-09-10 13:41:12: select * from `users` where `id` = '8' and `login_type` = 2 and `status` = 1 and `users`.`deleted_at` is null limit 1
2017-09-10 13:41:12: select * from `doctors` where `doctors`.`users_id` in (8) and `doctors`.`deleted_at` is null
2017-09-10 13:41:12: select * from `services` where `doctors_id` = '8' and `members_id` is not null and `services`.`deleted_at` is null
2017-09-10 13:41:12: select * from `services` where `doctors_id` = '8' and `members_id` in (9) and `payment_status` in (0, 1) and `services`.`deleted_at` is null order by `created_at` desc
2017-09-10 13:41:12: select * from `users` where `login_type` = 1 and `users`.`id` in (9) and `users`.`deleted_at` is null
2017-09-10 13:41:12: select * from `messages` where `messages`.`members_id` in (9) order by `created_at` desc
2017-09-10 13:41:12: update `services` set `opened_at` = '2017-09-10 13:41:12', `updated_at` = '2017-09-10 13:41:12' where `doctors_id` = '8' and `opened_at` is null and `services`.`deleted_at` is null
2017-09-10 13:41:12: select * from `doctors` where `doctors`.`users_id` = 9 and `doctors`.`users_id` is not null and `doctors`.`deleted_at` is null limit 1
2017-09-10 13:41:15: select * from `users` where `id` = '8' and `users`.`deleted_at` is null limit 1
2017-09-10 13:41:15: select * from `doctors` where `doctors`.`users_id` = 8 and `doctors`.`users_id` is not null and `doctors`.`deleted_at` is null limit 1
2017-09-10 13:41:15: select count(*) as aggregate from `member_requests` where `member_requests`.`deleted_at` is null
2017-09-10 13:41:15: select count(*) as aggregate from `member_request_doctors` where `doctors_id` = '8'
2017-09-10 13:41:15: select count(*) as aggregate from `services` where `doctors_id` = '8' and `opened_at` is null and `services`.`deleted_at` is null
2017-09-10 13:41:15: select * from `messages` where `doctors_id` = '8' and `doctor_readed_at` is null and `visible` = 1 order by `created_at` desc
2017-09-10 13:41:15: select * from `parameters` where `type` = 'banner'
2017-09-10 13:41:15: select * from `parameters` where `type` = 'setting' and `key` = 'service_email' limit 1
2017-09-10 15:35:53: select * from `users` where `id` = '22' and `users`.`deleted_at` is null limit 1
2017-09-10 15:35:53: select * from `doctors` where `doctors`.`users_id` = 22 and `doctors`.`users_id` is not null and `doctors`.`deleted_at` is null limit 1
2017-09-10 15:35:53: select count(*) as aggregate from `member_requests` where `member_requests`.`deleted_at` is null
2017-09-10 15:35:53: select count(*) as aggregate from `member_request_doctors` where `doctors_id` = '22'
2017-09-10 15:35:53: select count(*) as aggregate from `services` where `doctors_id` = '22' and `opened_at` is null and `services`.`deleted_at` is null
2017-09-10 15:35:53: select * from `messages` where `doctors_id` = '22' and `doctor_readed_at` is null and `visible` = 1 order by `created_at` desc
2017-09-10 15:35:53: select * from `services` where `members_id` = 23 and `doctors_id` = '22' and `payment_status` = 1 and `services`.`deleted_at` is null
2017-09-10 15:35:53: select * from `parameters` where `type` = 'setting' and `key` = 'treatment_days_2' limit 1
2017-09-10 15:35:53: select * from `parameters` where `type` = 'banner'
2017-09-10 15:35:53: select * from `parameters` where `type` = 'setting' and `key` = 'service_email' limit 1
2017-09-10 15:35:56: select * from `users` where `id` = '22' and `login_type` = 2 and `status` = 1 and `users`.`deleted_at` is null limit 1
2017-09-10 15:35:56: select * from `doctors` where `doctors`.`users_id` in (22) and `doctors`.`deleted_at` is null
2017-09-10 15:35:56: select * from `services` where `doctors_id` = '22' and `members_id` is not null and `services`.`deleted_at` is null
2017-09-10 15:35:56: select * from `services` where `doctors_id` = '22' and `members_id` in (23, 24) and `payment_status` in (0, 1) and `services`.`deleted_at` is null order by `created_at` desc
2017-09-10 15:35:56: select * from `users` where `login_type` = 1 and `users`.`id` in (23, 24) and `users`.`deleted_at` is null
2017-09-10 15:35:56: select * from `messages` where `messages`.`members_id` in (23, 24) order by `created_at` desc
2017-09-10 15:35:56: update `services` set `opened_at` = '2017-09-10 15:35:56', `updated_at` = '2017-09-10 15:35:56' where `doctors_id` = '22' and `opened_at` is null and `services`.`deleted_at` is null
2017-09-10 15:35:56: select * from `parameters` where `type` = 'setting' and `key` = 'treatment_days_2' limit 1
2017-09-10 15:35:56: select * from `doctors` where `doctors`.`users_id` = 24 and `doctors`.`users_id` is not null and `doctors`.`deleted_at` is null limit 1
2017-09-10 15:35:56: select * from `parameters` where `type` = 'setting' and `key` = 'treatment_days_2' limit 1
2017-09-10 15:35:56: select * from `doctors` where `doctors`.`users_id` = 23 and `doctors`.`users_id` is not null and `doctors`.`deleted_at` is null limit 1
2017-09-10 15:36:03: select * from `users` where `id` = '22' and `users`.`deleted_at` is null limit 1
2017-09-10 15:36:03: select * from `doctors` where `doctors`.`users_id` = 22 and `doctors`.`users_id` is not null and `doctors`.`deleted_at` is null limit 1
2017-09-10 15:36:03: select count(*) as aggregate from `member_requests` where `member_requests`.`deleted_at` is null
2017-09-10 15:36:03: select count(*) as aggregate from `member_request_doctors` where `doctors_id` = '22'
2017-09-10 15:36:03: select count(*) as aggregate from `services` where `doctors_id` = '22' and `opened_at` is null and `services`.`deleted_at` is null
2017-09-10 15:36:03: select * from `messages` where `doctors_id` = '22' and `doctor_readed_at` is null and `visible` = 1 order by `created_at` desc
2017-09-10 15:36:03: select * from `services` where `members_id` = 23 and `doctors_id` = '22' and `payment_status` = 1 and `services`.`deleted_at` is null
2017-09-10 15:36:03: select * from `parameters` where `type` = 'setting' and `key` = 'treatment_days_2' limit 1
2017-09-10 15:36:03: select * from `parameters` where `type` = 'banner'
2017-09-10 15:36:03: select * from `parameters` where `type` = 'setting' and `key` = 'service_email' limit 1
2017-09-10 15:36:03: select * from `users` where `id` = '22' and `login_type` = 2 and `status` = 1 and `users`.`deleted_at` is null limit 1
2017-09-10 15:36:03: select * from `doctors` where `doctors`.`users_id` in (22) and `doctors`.`deleted_at` is null
2017-09-10 15:36:03: select * from `services` where `doctors_id` = '22' and `members_id` is not null and `services`.`deleted_at` is null
2017-09-10 15:36:03: select * from `services` where `doctors_id` = '22' and `members_id` in (23, 24) and `payment_status` = 1 and `services`.`deleted_at` is null order by `created_at` desc
2017-09-10 15:36:03: select * from `users` where `login_type` = 1 and `users`.`id` in (23, 24) and `users`.`deleted_at` is null
2017-09-10 15:36:03: select * from `messages` where `messages`.`members_id` in (23, 24) order by `created_at` desc
2017-09-10 15:36:03: select * from `parameters` where `type` = 'setting' and `key` = 'treatment_days_2' limit 1
2017-09-10 15:36:03: select * from `parameters` where `type` = 'setting' and `key` = 'treatment_days_2' limit 1
2017-09-10 15:36:03: update `services` set `opened_at` = '2017-09-10 15:36:03', `updated_at` = '2017-09-10 15:36:03' where `doctors_id` = '22' and `opened_at` is null and `services`.`deleted_at` is null
2017-09-10 15:36:03: select * from `parameters` where `type` = 'setting' and `key` = 'treatment_days_2' limit 1
2017-09-10 15:36:03: select * from `doctors` where `doctors`.`users_id` = 24 and `doctors`.`users_id` is not null and `doctors`.`deleted_at` is null limit 1
2017-09-10 15:36:03: select * from `parameters` where `type` = 'setting' and `key` = 'treatment_days_2' limit 1
2017-09-10 15:36:03: select * from `doctors` where `doctors`.`users_id` = 23 and `doctors`.`users_id` is not null and `doctors`.`deleted_at` is null limit 1
2017-09-10 15:36:33: select * from `users` where `id` = '22' and `users`.`deleted_at` is null limit 1
2017-09-10 15:36:33: select * from `doctors` where `doctors`.`users_id` = 22 and `doctors`.`users_id` is not null and `doctors`.`deleted_at` is null limit 1
2017-09-10 15:36:33: select count(*) as aggregate from `member_requests` where `member_requests`.`deleted_at` is null
2017-09-10 15:36:33: select count(*) as aggregate from `member_request_doctors` where `doctors_id` = '22'
2017-09-10 15:36:33: select count(*) as aggregate from `services` where `doctors_id` = '22' and `opened_at` is null and `services`.`deleted_at` is null
2017-09-10 15:36:33: select * from `messages` where `doctors_id` = '22' and `doctor_readed_at` is null and `visible` = 1 order by `created_at` desc
2017-09-10 15:36:33: select * from `parameters` where `type` = 'banner'
2017-09-10 15:36:33: select * from `parameters` where `type` = 'setting' and `key` = 'service_email' limit 1
2017-09-10 15:36:34: select * from `users` where `id` = '22' and `login_type` = 2 and `status` = 1 and `users`.`deleted_at` is null limit 1
2017-09-10 15:36:34: select * from `doctors` where `doctors`.`users_id` in (22) and `doctors`.`deleted_at` is null
2017-09-10 15:36:34: select * from `services` where `doctors_id` = '22' and `members_id` is not null and `services`.`deleted_at` is null
2017-09-10 15:36:34: select * from `services` where `doctors_id` = '22' and `members_id` in (23, 24) and `payment_status` in (0, 1) and `services`.`deleted_at` is null order by `created_at` desc
2017-09-10 15:36:34: select * from `users` where `login_type` = 1 and `users`.`id` in (23, 24) and `users`.`deleted_at` is null
2017-09-10 15:36:34: select * from `messages` where `messages`.`members_id` in (23, 24) order by `created_at` desc
2017-09-10 15:36:34: update `services` set `opened_at` = '2017-09-10 15:36:34', `updated_at` = '2017-09-10 15:36:34' where `doctors_id` = '22' and `opened_at` is null and `services`.`deleted_at` is null
2017-09-10 15:36:34: select * from `parameters` where `type` = 'setting' and `key` = 'treatment_days_2' limit 1
2017-09-10 15:36:34: select * from `doctors` where `doctors`.`users_id` = 24 and `doctors`.`users_id` is not null and `doctors`.`deleted_at` is null limit 1
2017-09-10 15:36:34: select * from `parameters` where `type` = 'setting' and `key` = 'treatment_days_2' limit 1
2017-09-10 15:36:34: select * from `doctors` where `doctors`.`users_id` = 23 and `doctors`.`users_id` is not null and `doctors`.`deleted_at` is null limit 1
2017-09-10 15:36:47: select * from `users` where `id` = '22' and `users`.`deleted_at` is null limit 1
2017-09-10 15:36:47: select * from `doctors` where `doctors`.`users_id` = 22 and `doctors`.`users_id` is not null and `doctors`.`deleted_at` is null limit 1
2017-09-10 15:36:47: select count(*) as aggregate from `member_requests` where `member_requests`.`deleted_at` is null
2017-09-10 15:36:47: select count(*) as aggregate from `member_request_doctors` where `doctors_id` = '22'
2017-09-10 15:36:47: select count(*) as aggregate from `services` where `doctors_id` = '22' and `opened_at` is null and `services`.`deleted_at` is null
2017-09-10 15:36:47: select * from `messages` where `doctors_id` = '22' and `doctor_readed_at` is null and `visible` = 1 order by `created_at` desc
2017-09-10 15:36:47: select * from `parameters` where `type` = 'banner'
2017-09-10 15:36:47: select * from `parameters` where `type` = 'setting' and `key` = 'service_email' limit 1
2017-09-10 15:37:08: select count(*) as aggregate from `users` where `id` = '23'
2017-09-10 15:37:08: select * from `users` where `id` = '23' and `users`.`deleted_at` is null limit 1
2017-09-10 15:37:08: select * from `users` where `city_id` = 1 and `district_id` = 110 and `login_type` = '2' and `online` = 1 and `users`.`deleted_at` is null order by `online_at` desc
2017-09-10 15:37:08: select * from `messages` where `source` = 'doctor' and `started_at` is not null and `messages`.`doctors_id` in (22, 25) and `members_id` = '23' order by `started_at` desc
2017-09-10 15:37:08: select * from `doctors` where `users_id` = 25 and `doctors`.`deleted_at` is null limit 1
2017-09-10 15:37:08: select * from `services` where `members_id` = '23' and `doctors_id` = 25 and `payment_status` = 1 and `services`.`deleted_at` is null
2017-09-10 15:37:08: select * from `doctors` where `users_id` = 22 and `doctors`.`deleted_at` is null limit 1
2017-09-10 15:37:08: select * from `services` where `members_id` = '23' and `doctors_id` = 22 and `payment_status` = 1 and `services`.`deleted_at` is null
2017-09-10 15:37:08: select * from `parameters` where `type` = 'setting' and `key` = 'treatment_days_2' limit 1
2017-09-10 17:20:57: select * from `users` where `id` = '22' and `users`.`deleted_at` is null limit 1
2017-09-10 17:20:57: select * from `doctors` where `doctors`.`users_id` = 22 and `doctors`.`users_id` is not null and `doctors`.`deleted_at` is null limit 1
2017-09-10 17:20:57: select count(*) as aggregate from `member_requests` where `member_requests`.`deleted_at` is null
2017-09-10 17:20:57: select count(*) as aggregate from `member_request_doctors` where `doctors_id` = '22'
2017-09-10 17:20:57: select count(*) as aggregate from `services` where `doctors_id` = '22' and `opened_at` is null and `services`.`deleted_at` is null
2017-09-10 17:20:57: select * from `messages` where `doctors_id` = '22' and `doctor_readed_at` is null and `visible` = 1 order by `created_at` desc
2017-09-10 17:20:57: select * from `parameters` where `type` = 'banner'
2017-09-10 17:20:57: select * from `parameters` where `type` = 'setting' and `key` = 'service_email' limit 1
