2017-11-30 08:05:07: select * from `users` where `id` = '9' and `users`.`deleted_at` is null limit 1
2017-11-30 08:05:07: select * from `doctors` where `doctors`.`users_id` = 9 and `doctors`.`users_id` is not null and `doctors`.`deleted_at` is null limit 1
2017-11-30 08:05:07: select count(*) as aggregate from `member_requests` where `member_requests`.`deleted_at` is null
2017-11-30 08:05:07: select count(*) as aggregate from `member_request_doctors` where `doctors_id` = '9'
2017-11-30 08:05:07: select count(*) as aggregate from `services` where `doctors_id` = '9' and `opened_at` is null and `services`.`deleted_at` is null
2017-11-30 08:05:07: select * from `messages` where `doctors_id` = '9' and `doctor_readed_at` is null and `visible` = 1 order by `created_at` desc
2017-11-30 08:05:07: select * from `parameters` where `type` = 'banner'
2017-11-30 08:05:07: select * from `parameters` where `type` = 'setting' and `key` = 'service_email' limit 1
2017-11-30 08:05:12: select * from `users` where `id` = '9' and `login_type` = 2 and `status` = 1 and `users`.`deleted_at` is null limit 1
2017-11-30 08:05:12: select * from `doctors` where `doctors`.`users_id` in (9) and `doctors`.`deleted_at` is null
2017-11-30 08:05:12: select * from `services` where `doctors_id` = '9' and `members_id` is not null and `services`.`deleted_at` is null
2017-11-30 08:05:12: select * from `services` where `doctors_id` = '9' and `members_id` in (10) and `payment_status` in (0, 1) and `services`.`deleted_at` is null order by `created_at` desc
2017-11-30 08:05:12: select * from `users` where `login_type` = 1 and `users`.`id` in (10) and `users`.`deleted_at` is null
2017-11-30 08:05:12: select * from `parameters` where `type` = 'setting' and `key` = 'message_expire_time' limit 1
2017-11-30 08:05:12: select * from `messages` where `doctors_id` = 9 and `members_id` = 10 and `source` = 'member' order by `created_at` desc limit 1
2017-11-30 08:05:12: select * from `messages` where `doctors_id` = 9 and `members_id` = 10 and `source` = 'doctor' order by `created_at` desc limit 1
2017-11-30 08:05:12: update `services` set `opened_at` = '2017-11-30 08:05:12', `updated_at` = '2017-11-30 08:05:12' where `doctors_id` = '9' and `opened_at` is null and `services`.`deleted_at` is null
2017-11-30 08:05:12: select * from `parameters` where `type` = 'setting' and `key` = 'treatment_days_1' limit 1
2017-11-30 08:05:12: select * from `doctors` where `doctors`.`users_id` = 10 and `doctors`.`users_id` is not null and `doctors`.`deleted_at` is null limit 1
2017-11-30 08:05:12: select * from `parameters` where `parameters`.`key` = 1 and `parameters`.`key` is not null and `type` = 'city' limit 1
2017-11-30 08:05:34: select * from `users` where `id` = '9' and `users`.`deleted_at` is null limit 1
2017-11-30 08:05:34: select * from `doctors` where `doctors`.`users_id` = 9 and `doctors`.`users_id` is not null and `doctors`.`deleted_at` is null limit 1
2017-11-30 08:05:34: select count(*) as aggregate from `member_requests` where `member_requests`.`deleted_at` is null
2017-11-30 08:05:34: select count(*) as aggregate from `member_request_doctors` where `doctors_id` = '9'
2017-11-30 08:05:34: select count(*) as aggregate from `services` where `doctors_id` = '9' and `opened_at` is null and `services`.`deleted_at` is null
2017-11-30 08:05:34: select * from `messages` where `doctors_id` = '9' and `doctor_readed_at` is null and `visible` = 1 order by `created_at` desc
2017-11-30 08:05:34: select * from `parameters` where `type` = 'banner'
2017-11-30 08:05:34: select * from `parameters` where `type` = 'setting' and `key` = 'service_email' limit 1
2017-11-30 10:06:09: select * from `users` where `id` = 'nearby' and `users`.`deleted_at` is null limit 1
2017-11-30 18:24:32: select count(*) as aggregate from `users` where `account` = '0912123123'
2017-11-30 18:24:49: select * from `users` where `id` = '2' and `users`.`deleted_at` is null limit 1
2017-11-30 18:24:49: select * from `doctors` where `doctors`.`users_id` = 2 and `doctors`.`users_id` is not null and `doctors`.`deleted_at` is null limit 1
2017-11-30 18:24:49: select count(*) as aggregate from `member_requests` where `member_requests`.`deleted_at` is null
2017-11-30 18:24:49: select count(*) as aggregate from `member_request_doctors` where `doctors_id` = '2'
2017-11-30 18:24:49: select count(*) as aggregate from `services` where `doctors_id` = '2' and `opened_at` is null and `services`.`deleted_at` is null
2017-11-30 18:24:49: select * from `messages` where `doctors_id` = '2' and `doctor_readed_at` is null and `visible` = 1 order by `created_at` desc
2017-11-30 18:24:49: select * from `parameters` where `type` = 'banner'
2017-11-30 18:24:49: select * from `parameters` where `type` = 'setting' and `key` = 'service_email' limit 1
2017-11-30 18:25:57: select * from `users` where `id` = '2' and `users`.`deleted_at` is null limit 1
2017-11-30 18:25:57: select * from `doctors` where `doctors`.`users_id` = 2 and `doctors`.`users_id` is not null and `doctors`.`deleted_at` is null limit 1
2017-11-30 18:25:57: select count(*) as aggregate from `member_requests` where `member_requests`.`deleted_at` is null
2017-11-30 18:25:57: select count(*) as aggregate from `member_request_doctors` where `doctors_id` = '2'
2017-11-30 18:25:57: select count(*) as aggregate from `services` where `doctors_id` = '2' and `opened_at` is null and `services`.`deleted_at` is null
2017-11-30 18:25:57: select * from `messages` where `doctors_id` = '2' and `doctor_readed_at` is null and `visible` = 1 order by `created_at` desc
2017-11-30 18:25:57: select * from `parameters` where `type` = 'banner'
2017-11-30 18:25:57: select * from `parameters` where `type` = 'setting' and `key` = 'service_email' limit 1
2017-11-30 18:25:58: select * from `users` where `id` = '2' and `login_type` = 2 and `status` = 1 and `users`.`deleted_at` is null limit 1
2017-11-30 18:25:58: select * from `doctors` where `doctors`.`users_id` in (2) and `doctors`.`deleted_at` is null
2017-11-30 18:25:58: select * from `services` where `doctors_id` = '2' and `members_id` is not null and `services`.`deleted_at` is null
2017-11-30 18:25:58: select * from `services` where `doctors_id` = '2' and 0 = 1 and `payment_status` in (0, 1) and `services`.`deleted_at` is null order by `created_at` desc
2017-11-30 18:25:58: select * from `parameters` where `type` = 'setting' and `key` = 'message_expire_time' limit 1
2017-11-30 18:25:58: update `services` set `opened_at` = '2017-11-30 18:25:58', `updated_at` = '2017-11-30 18:25:58' where `doctors_id` = '2' and `opened_at` is null and `services`.`deleted_at` is null
2017-11-30 18:28:52: select * from `users` where `id` = '2' and `users`.`deleted_at` is null limit 1
2017-11-30 18:28:52: select * from `doctors` where `doctors`.`users_id` = 2 and `doctors`.`users_id` is not null and `doctors`.`deleted_at` is null limit 1
2017-11-30 18:28:52: select count(*) as aggregate from `member_requests` where `member_requests`.`deleted_at` is null
2017-11-30 18:28:52: select count(*) as aggregate from `member_request_doctors` where `doctors_id` = '2'
2017-11-30 18:28:52: select count(*) as aggregate from `services` where `doctors_id` = '2' and `opened_at` is null and `services`.`deleted_at` is null
2017-11-30 18:28:52: select * from `messages` where `doctors_id` = '2' and `doctor_readed_at` is null and `visible` = 1 order by `created_at` desc
2017-11-30 18:28:52: select * from `parameters` where `type` = 'banner'
2017-11-30 18:28:52: select * from `parameters` where `type` = 'setting' and `key` = 'service_email' limit 1
2017-11-30 18:55:45: select * from `users` where `id` = '9' and `users`.`deleted_at` is null limit 1
2017-11-30 18:55:45: select * from `doctors` where `doctors`.`users_id` = 9 and `doctors`.`users_id` is not null and `doctors`.`deleted_at` is null limit 1
2017-11-30 18:55:45: select count(*) as aggregate from `member_requests` where `member_requests`.`deleted_at` is null
2017-11-30 18:55:45: select count(*) as aggregate from `member_request_doctors` where `doctors_id` = '9'
2017-11-30 18:55:45: select count(*) as aggregate from `services` where `doctors_id` = '9' and `opened_at` is null and `services`.`deleted_at` is null
2017-11-30 18:55:45: select * from `messages` where `doctors_id` = '9' and `doctor_readed_at` is null and `visible` = 1 order by `created_at` desc
2017-11-30 18:55:45: select * from `parameters` where `type` = 'banner'
2017-11-30 18:55:45: select * from `parameters` where `type` = 'setting' and `key` = 'service_email' limit 1
2017-11-30 18:55:50: select * from `users` where `id` = '9' and `login_type` = 2 and `status` = 1 and `users`.`deleted_at` is null limit 1
2017-11-30 18:55:50: select * from `doctors` where `doctors`.`users_id` in (9) and `doctors`.`deleted_at` is null
2017-11-30 18:55:50: select * from `services` where `doctors_id` = '9' and `members_id` is not null and `services`.`deleted_at` is null
2017-11-30 18:55:50: select * from `services` where `doctors_id` = '9' and `members_id` in (10) and `payment_status` in (0, 1) and `services`.`deleted_at` is null order by `created_at` desc
2017-11-30 18:55:50: select * from `users` where `login_type` = 1 and `users`.`id` in (10) and `users`.`deleted_at` is null
2017-11-30 18:55:50: select * from `parameters` where `type` = 'setting' and `key` = 'message_expire_time' limit 1
2017-11-30 18:55:50: select * from `messages` where `doctors_id` = 9 and `members_id` = 10 and `source` = 'member' order by `created_at` desc limit 1
2017-11-30 18:55:50: select * from `messages` where `doctors_id` = 9 and `members_id` = 10 and `source` = 'doctor' order by `created_at` desc limit 1
2017-11-30 18:55:50: update `services` set `opened_at` = '2017-11-30 18:55:50', `updated_at` = '2017-11-30 18:55:50' where `doctors_id` = '9' and `opened_at` is null and `services`.`deleted_at` is null
2017-11-30 18:55:50: select * from `parameters` where `type` = 'setting' and `key` = 'treatment_days_1' limit 1
2017-11-30 18:55:50: select * from `doctors` where `doctors`.`users_id` = 10 and `doctors`.`users_id` is not null and `doctors`.`deleted_at` is null limit 1
2017-11-30 18:55:56: select * from `users` where `id` = '9' and `users`.`deleted_at` is null limit 1
2017-11-30 18:55:56: select * from `doctors` where `doctors`.`users_id` = 9 and `doctors`.`users_id` is not null and `doctors`.`deleted_at` is null limit 1
2017-11-30 18:55:56: select count(*) as aggregate from `member_requests` where `member_requests`.`deleted_at` is null
2017-11-30 18:55:56: select count(*) as aggregate from `member_request_doctors` where `doctors_id` = '9'
2017-11-30 18:55:56: select count(*) as aggregate from `services` where `doctors_id` = '9' and `opened_at` is null and `services`.`deleted_at` is null
2017-11-30 18:55:56: select * from `messages` where `doctors_id` = '9' and `doctor_readed_at` is null and `visible` = 1 order by `created_at` desc
2017-11-30 18:55:56: select * from `parameters` where `type` = 'banner'
2017-11-30 18:55:56: select * from `parameters` where `type` = 'setting' and `key` = 'service_email' limit 1
2017-11-30 19:27:10: select count(*) as aggregate from `users` where `account` = '0933506186'
2017-11-30 19:27:11: insert into `users` (`account`, `password`, `status`, `online`, `name`, `male`, `birthday`, `city_id`, `district_id`, `treatment_type`, `login_type`, `updated_at`, `created_at`) values ('0933506186', '$2y$10$2LbZQ4tq5fqTmhSZr/MWkuCGC8Z2HqnCe6ssf58f2IbUsFb//11RS', '1', 'true', '曾增顥', '0', '1990-11-15', '1', '110', 'null', 2, '2017-11-30 19:27:11', '2017-11-30 19:27:11')
2017-11-30 19:27:11: insert into `doctors` (`due_at`, `longitude`, `latitude`, `title`, `number`, `treatment_type`, `experience_year`, `education_bonus`, `experience`, `specialty`, `education`, `license`, `users_id`, `updated_at`, `created_at`) values ('2018-02-21 00:00:00', 'null', 'null', '物理治療師', 'null', 'null', '1', 'null', '["\u5b89\u5eb7\u5fa9\u5065\u79d1\u8a3a\u6240\u7269\u7406\u6cbb\u7642\u5e2b"]', '["\u7761\u7720\u969c\u7919\u8a8d\u77e5\u884c\u70ba\u7642\u7a0b\r\n\u5fc3\u80ba\u751f\u7406\u7269\u7406\u6cbb\u7642 \r\n\u4eba\u9ad4\u5de5\u5b78\u6aa2\u8996\r\n\u904b\u52d5\u5065\u8eab\u898f\u5283\u8a2d\u8a08"]', '["\u6148\u6fdf\u5927\u5b78\u7269\u7406\u6cbb\u7642\u5b78\u7cfb\u5b78\u58eb"]', '["null"]', 11, '2017-11-30 19:27:11', '2017-11-30 19:27:11')
2017-11-30 19:27:11: update `users` set `avatar` = '/doctors/avatar_11.JPG', `updated_at` = '2017-11-30 19:27:11' where `id` = 11
2017-11-30 19:27:11: select * from `doctors` where `doctors`.`users_id` = 11 and `doctors`.`users_id` is not null and `doctors`.`deleted_at` is null limit 1
2017-11-30 19:28:25: select * from `users` where `id` = '11' and `users`.`deleted_at` is null limit 1
2017-11-30 19:28:25: select * from `doctors` where `doctors`.`users_id` = 11 and `doctors`.`users_id` is not null and `doctors`.`deleted_at` is null limit 1
2017-11-30 19:28:25: select count(*) as aggregate from `member_requests` where `member_requests`.`deleted_at` is null
2017-11-30 19:28:25: select count(*) as aggregate from `member_request_doctors` where `doctors_id` = '11'
2017-11-30 19:28:25: select count(*) as aggregate from `services` where `doctors_id` = '11' and `opened_at` is null and `services`.`deleted_at` is null
2017-11-30 19:28:25: select * from `messages` where `doctors_id` = '11' and `doctor_readed_at` is null and `visible` = 1 order by `created_at` desc
2017-11-30 19:28:25: select * from `parameters` where `type` = 'banner'
2017-11-30 19:28:25: select * from `parameters` where `type` = 'setting' and `key` = 'service_email' limit 1
2017-11-30 19:28:34: select * from `users` where `id` = '11' and `users`.`deleted_at` is null limit 1
2017-11-30 19:28:34: select * from `doctors` where `doctors`.`users_id` = 11 and `doctors`.`users_id` is not null and `doctors`.`deleted_at` is null limit 1
2017-11-30 19:28:34: select count(*) as aggregate from `member_requests` where `member_requests`.`deleted_at` is null
2017-11-30 19:28:34: select count(*) as aggregate from `member_request_doctors` where `doctors_id` = '11'
2017-11-30 19:28:34: select count(*) as aggregate from `services` where `doctors_id` = '11' and `opened_at` is null and `services`.`deleted_at` is null
2017-11-30 19:28:34: select * from `messages` where `doctors_id` = '11' and `doctor_readed_at` is null and `visible` = 1 order by `created_at` desc
2017-11-30 19:28:34: select * from `parameters` where `type` = 'banner'
2017-11-30 19:28:34: select * from `parameters` where `type` = 'setting' and `key` = 'service_email' limit 1
2017-11-30 19:28:35: select * from `users` where `id` = '11' and `users`.`deleted_at` is null limit 1
2017-11-30 19:28:35: select * from `doctors` where `doctors`.`users_id` = 11 and `doctors`.`users_id` is not null and `doctors`.`deleted_at` is null limit 1
