2017-11-28 00:20:39: select * from `users` where `id` = '5' and `users`.`deleted_at` is null limit 1
2017-11-28 00:20:39: select * from `doctors` where `doctors`.`users_id` = 5 and `doctors`.`users_id` is not null and `doctors`.`deleted_at` is null limit 1
2017-11-28 00:20:39: select count(*) as aggregate from `member_requests` where `member_requests`.`deleted_at` is null
2017-11-28 00:20:39: select count(*) as aggregate from `member_request_doctors` where `doctors_id` = '5'
2017-11-28 00:20:39: select count(*) as aggregate from `services` where `doctors_id` = '5' and `opened_at` is null and `services`.`deleted_at` is null
2017-11-28 00:20:39: select * from `messages` where `doctors_id` = '5' and `doctor_readed_at` is null and `visible` = 1 order by `created_at` desc
2017-11-28 00:20:39: select * from `parameters` where `type` = 'banner'
2017-11-28 00:20:39: select * from `parameters` where `type` = 'setting' and `key` = 'service_email' limit 1
2017-11-28 00:20:40: select * from `users` where `id` = '5' and `login_type` = 2 and `status` = 1 and `users`.`deleted_at` is null limit 1
2017-11-28 00:20:40: select * from `doctors` where `doctors`.`users_id` in (5) and `doctors`.`deleted_at` is null
2017-11-28 00:20:40: select * from `services` where `doctors_id` = '5' and `members_id` is not null and `services`.`deleted_at` is null
2017-11-28 00:20:40: select * from `services` where `doctors_id` = '5' and `members_id` in (4) and `payment_status` in (0, 1) and `services`.`deleted_at` is null order by `created_at` desc
2017-11-28 00:20:40: select * from `users` where `login_type` = 1 and `users`.`id` in (4) and `users`.`deleted_at` is null
2017-11-28 00:20:40: select * from `parameters` where `type` = 'setting' and `key` = 'message_expire_time' limit 1
2017-11-28 00:20:40: select * from `messages` where `doctors_id` = 5 and `members_id` = 4 and `source` = 'member' order by `created_at` desc limit 1
2017-11-28 00:20:40: select * from `messages` where `doctors_id` = 5 and `members_id` = 4 and `source` = 'doctor' order by `created_at` desc limit 1
2017-11-28 00:20:40: update `services` set `opened_at` = '2017-11-28 00:20:40', `updated_at` = '2017-11-28 00:20:40' where `doctors_id` = '5' and `opened_at` is null and `services`.`deleted_at` is null
2017-11-28 00:20:40: select * from `doctors` where `doctors`.`users_id` = 4 and `doctors`.`users_id` is not null and `doctors`.`deleted_at` is null limit 1
2017-11-28 00:20:44: select * from `users` where `id` = '5' and `users`.`deleted_at` is null limit 1
2017-11-28 00:20:44: select * from `doctors` where `doctors`.`users_id` = 5 and `doctors`.`users_id` is not null and `doctors`.`deleted_at` is null limit 1
2017-11-28 00:20:44: select count(*) as aggregate from `member_requests` where `member_requests`.`deleted_at` is null
2017-11-28 00:20:44: select count(*) as aggregate from `member_request_doctors` where `doctors_id` = '5'
2017-11-28 00:20:44: select count(*) as aggregate from `services` where `doctors_id` = '5' and `opened_at` is null and `services`.`deleted_at` is null
2017-11-28 00:20:44: select * from `messages` where `doctors_id` = '5' and `doctor_readed_at` is null and `visible` = 1 order by `created_at` desc
2017-11-28 00:20:44: select * from `parameters` where `type` = 'banner'
2017-11-28 00:20:44: select * from `parameters` where `type` = 'setting' and `key` = 'service_email' limit 1
2017-11-28 00:20:57: select * from `users` where `id` = '5' and `users`.`deleted_at` is null limit 1
2017-11-28 00:20:57: select * from `doctors` where `doctors`.`users_id` = 5 and `doctors`.`users_id` is not null and `doctors`.`deleted_at` is null limit 1
2017-11-28 00:20:57: select count(*) as aggregate from `member_requests` where `member_requests`.`deleted_at` is null
2017-11-28 00:20:57: select count(*) as aggregate from `member_request_doctors` where `doctors_id` = '5'
2017-11-28 00:20:57: select count(*) as aggregate from `services` where `doctors_id` = '5' and `opened_at` is null and `services`.`deleted_at` is null
2017-11-28 00:20:57: select * from `messages` where `doctors_id` = '5' and `doctor_readed_at` is null and `visible` = 1 order by `created_at` desc
2017-11-28 00:20:57: select * from `parameters` where `type` = 'banner'
2017-11-28 00:20:57: select * from `parameters` where `type` = 'setting' and `key` = 'service_email' limit 1
2017-11-28 01:37:39: select * from `users` where `id` = '9' and `users`.`deleted_at` is null limit 1
2017-11-28 01:37:39: select * from `doctors` where `doctors`.`users_id` in (9) and `doctors`.`deleted_at` is null
2017-11-28 01:37:39: update `users` set `treatment_type` = '0', `updated_at` = '2017-11-28 01:37:39' where `id` = 9
2017-11-28 01:37:39: update `doctors` set `longitude` = '0', `latitude` = '0', `due_at` = '2018-02-27 00:00:00', `updated_at` = '2017-11-28 01:37:39' where `id` = 4
2017-11-28 01:38:11: select * from `users` where `id` = '9' and `users`.`deleted_at` is null limit 1
2017-11-28 01:38:11: select * from `doctors` where `doctors`.`users_id` in (9) and `doctors`.`deleted_at` is null
2017-11-28 01:38:11: update `doctors` set `longitude` = '0', `latitude` = '0', `due_at` = '2018-02-27 00:00:00', `updated_at` = '2017-11-28 01:38:11' where `id` = 4
2017-11-28 01:38:44: select count(*) as aggregate from `users` where `id` = '4'
2017-11-28 01:38:44: select * from `users` where `id` = '4' and `users`.`deleted_at` is null limit 1
2017-11-28 01:38:44: select * from `users` where `city_id` = 1 and `login_type` = '2' and `online` = 1 and `users`.`deleted_at` is null order by `online_at` desc
2017-11-28 01:38:44: select * from `messages` where `source` = 'doctor' and `started_at` is not null and `messages`.`doctors_id` in (9) and `members_id` = '4' order by `started_at` desc
2017-11-28 01:38:44: select * from `doctors` where `users_id` = 9 and `doctors`.`deleted_at` is null limit 1
2017-11-28 01:38:44: select * from `services` where `members_id` = '4' and `payment_status` = 1 and `services`.`deleted_at` is null order by `id` desc limit 1
2017-11-28 12:29:07: select * from `users` where `id` = '9' and `users`.`deleted_at` is null limit 1
2017-11-28 12:29:07: select * from `doctors` where `doctors`.`users_id` = 9 and `doctors`.`users_id` is not null and `doctors`.`deleted_at` is null limit 1
2017-11-28 12:29:07: select count(*) as aggregate from `member_requests` where `member_requests`.`deleted_at` is null
2017-11-28 12:29:07: select count(*) as aggregate from `member_request_doctors` where `doctors_id` = '9'
2017-11-28 12:29:07: select count(*) as aggregate from `services` where `doctors_id` = '9' and `opened_at` is null and `services`.`deleted_at` is null
2017-11-28 12:29:07: select * from `messages` where `doctors_id` = '9' and `doctor_readed_at` is null and `visible` = 1 order by `created_at` desc
2017-11-28 12:29:07: select * from `parameters` where `type` = 'banner'
2017-11-28 12:29:07: select * from `parameters` where `type` = 'setting' and `key` = 'service_email' limit 1
2017-11-28 13:04:56: select * from `users` where `id` = '9' and `users`.`deleted_at` is null limit 1
2017-11-28 13:04:56: select * from `doctors` where `doctors`.`users_id` = 9 and `doctors`.`users_id` is not null and `doctors`.`deleted_at` is null limit 1
2017-11-28 13:04:56: select count(*) as aggregate from `member_requests` where `member_requests`.`deleted_at` is null
2017-11-28 13:04:56: select count(*) as aggregate from `member_request_doctors` where `doctors_id` = '9'
2017-11-28 13:04:56: select count(*) as aggregate from `services` where `doctors_id` = '9' and `opened_at` is null and `services`.`deleted_at` is null
2017-11-28 13:04:56: select * from `messages` where `doctors_id` = '9' and `doctor_readed_at` is null and `visible` = 1 order by `created_at` desc
2017-11-28 13:04:56: select * from `parameters` where `type` = 'banner'
2017-11-28 13:04:56: select * from `parameters` where `type` = 'setting' and `key` = 'service_email' limit 1
2017-11-28 13:05:02: select * from `users` where `id` = '9' and `login_type` = 2 and `status` = 1 and `users`.`deleted_at` is null limit 1
2017-11-28 13:05:02: select * from `doctors` where `doctors`.`users_id` in (9) and `doctors`.`deleted_at` is null
2017-11-28 13:05:02: select * from `services` where `doctors_id` = '9' and `members_id` is not null and `services`.`deleted_at` is null
2017-11-28 13:05:02: select * from `services` where `doctors_id` = '9' and `members_id` in (10) and `payment_status` = 1 and `services`.`deleted_at` is null order by `created_at` desc
2017-11-28 13:05:02: select * from `parameters` where `type` = 'setting' and `key` = 'message_expire_time' limit 1
2017-11-28 13:05:02: update `services` set `opened_at` = '2017-11-28 13:05:02', `updated_at` = '2017-11-28 13:05:02' where `doctors_id` = '9' and `opened_at` is null and `services`.`deleted_at` is null
2017-11-28 13:05:05: select * from `users` where `id` = '9' and `users`.`deleted_at` is null limit 1
2017-11-28 13:05:05: select * from `doctors` where `doctors`.`users_id` = 9 and `doctors`.`users_id` is not null and `doctors`.`deleted_at` is null limit 1
2017-11-28 13:05:05: select count(*) as aggregate from `member_requests` where `member_requests`.`deleted_at` is null
2017-11-28 13:05:05: select count(*) as aggregate from `member_request_doctors` where `doctors_id` = '9'
2017-11-28 13:05:05: select count(*) as aggregate from `services` where `doctors_id` = '9' and `opened_at` is null and `services`.`deleted_at` is null
2017-11-28 13:05:05: select * from `messages` where `doctors_id` = '9' and `doctor_readed_at` is null and `visible` = 1 order by `created_at` desc
2017-11-28 13:05:05: select * from `parameters` where `type` = 'banner'
2017-11-28 13:05:05: select * from `parameters` where `type` = 'setting' and `key` = 'service_email' limit 1
2017-11-28 13:05:06: select * from `users` where `id` = '9' and `users`.`deleted_at` is null limit 1
2017-11-28 13:05:06: select * from `doctors` where `doctors`.`users_id` = 9 and `doctors`.`users_id` is not null and `doctors`.`deleted_at` is null limit 1
2017-11-28 13:05:06: select * from `parameters` where `parameters`.`key` = 1 and `parameters`.`key` is not null and `type` = 'city' limit 1
2017-11-28 13:05:24: select * from `users` where `id` = '9' and `users`.`deleted_at` is null limit 1
2017-11-28 13:05:24: select * from `doctors` where `doctors`.`users_id` = 9 and `doctors`.`users_id` is not null and `doctors`.`deleted_at` is null limit 1
2017-11-28 13:05:24: select count(*) as aggregate from `member_requests` where `member_requests`.`deleted_at` is null
2017-11-28 13:05:24: select count(*) as aggregate from `member_request_doctors` where `doctors_id` = '9'
2017-11-28 13:05:24: select count(*) as aggregate from `services` where `doctors_id` = '9' and `opened_at` is null and `services`.`deleted_at` is null
2017-11-28 13:05:24: select * from `messages` where `doctors_id` = '9' and `doctor_readed_at` is null and `visible` = 1 order by `created_at` desc
2017-11-28 13:05:24: select * from `parameters` where `type` = 'banner'
2017-11-28 13:05:24: select * from `parameters` where `type` = 'setting' and `key` = 'service_email' limit 1
2017-11-28 16:07:02: select * from `users` where `id` = '9' and `users`.`deleted_at` is null limit 1
2017-11-28 16:07:02: select * from `doctors` where `doctors`.`users_id` = 9 and `doctors`.`users_id` is not null and `doctors`.`deleted_at` is null limit 1
2017-11-28 16:07:07: select * from `users` where `id` = '9' and `users`.`deleted_at` is null limit 1
2017-11-28 16:07:07: select * from `doctors` where `doctors`.`users_id` = 9 and `doctors`.`users_id` is not null and `doctors`.`deleted_at` is null limit 1
2017-11-28 16:07:07: select count(*) as aggregate from `member_requests` where `member_requests`.`deleted_at` is null
2017-11-28 16:07:07: select count(*) as aggregate from `member_request_doctors` where `doctors_id` = '9'
2017-11-28 16:07:07: select count(*) as aggregate from `services` where `doctors_id` = '9' and `opened_at` is null and `services`.`deleted_at` is null
2017-11-28 16:07:07: select * from `messages` where `doctors_id` = '9' and `doctor_readed_at` is null and `visible` = 1 order by `created_at` desc
2017-11-28 16:07:07: select * from `parameters` where `type` = 'banner'
2017-11-28 16:07:07: select * from `parameters` where `type` = 'setting' and `key` = 'service_email' limit 1
2017-11-28 17:58:52: select * from `users` where `id` = '2' and `users`.`deleted_at` is null limit 1
2017-11-28 17:58:52: select * from `doctors` where `doctors`.`users_id` = 2 and `doctors`.`users_id` is not null and `doctors`.`deleted_at` is null limit 1
2017-11-28 17:58:52: select count(*) as aggregate from `member_requests` where `member_requests`.`deleted_at` is null
2017-11-28 17:58:52: select count(*) as aggregate from `member_request_doctors` where `doctors_id` = '2'
2017-11-28 17:58:52: select count(*) as aggregate from `services` where `doctors_id` = '2' and `opened_at` is null and `services`.`deleted_at` is null
2017-11-28 17:58:52: select * from `messages` where `doctors_id` = '2' and `doctor_readed_at` is null and `visible` = 1 order by `created_at` desc
2017-11-28 17:58:52: select * from `parameters` where `type` = 'banner'
2017-11-28 17:58:52: select * from `parameters` where `type` = 'setting' and `key` = 'service_email' limit 1
2017-11-28 18:16:11: select count(*) as aggregate from `users` where `id` = '4'
2017-11-28 18:16:11: select * from `users` where `id` = '4' and `users`.`deleted_at` is null limit 1
2017-11-28 18:16:11: select * from `users` where `city_id` = 1 and `login_type` = '2' and `online` = 1 and `users`.`deleted_at` is null order by `online_at` desc
2017-11-28 18:16:11: select * from `messages` where `source` = 'doctor' and `started_at` is not null and `messages`.`doctors_id` in (9) and `members_id` = '4' order by `started_at` desc
2017-11-28 18:16:11: select * from `doctors` where `users_id` = 9 and `doctors`.`deleted_at` is null limit 1
2017-11-28 18:16:11: select * from `services` where `members_id` = '4' and `payment_status` = 1 and `services`.`deleted_at` is null order by `id` desc limit 1
2017-11-28 18:16:21: select count(*) as aggregate from `users` where `id` = '4'
2017-11-28 18:16:21: select * from `users` where `id` = '4' and `users`.`deleted_at` is null limit 1
2017-11-28 18:16:21: select * from `users` where `city_id` = 1 and `login_type` = '2' and `online` = 1 and `users`.`deleted_at` is null order by `online_at` desc
2017-11-28 18:16:21: select * from `messages` where `source` = 'doctor' and `started_at` is not null and `messages`.`doctors_id` in (9) and `members_id` = '4' order by `started_at` desc
2017-11-28 18:16:21: select * from `doctors` where `users_id` = 9 and `doctors`.`deleted_at` is null limit 1
2017-11-28 18:16:21: select * from `services` where `members_id` = '4' and `payment_status` = 1 and `services`.`deleted_at` is null order by `id` desc limit 1
