2017-09-16 01:38:27: select * from `users` where `id` = '22' and `users`.`deleted_at` is null limit 1
2017-09-16 01:38:27: select * from `doctors` where `doctors`.`users_id` = 22 and `doctors`.`users_id` is not null and `doctors`.`deleted_at` is null limit 1
2017-09-16 01:38:27: select count(*) as aggregate from `member_requests` where `member_requests`.`deleted_at` is null
2017-09-16 01:38:27: select count(*) as aggregate from `member_request_doctors` where `doctors_id` = '22'
2017-09-16 01:38:27: select count(*) as aggregate from `services` where `doctors_id` = '22' and `opened_at` is null and `services`.`deleted_at` is null
2017-09-16 01:38:27: select * from `messages` where `doctors_id` = '22' and `doctor_readed_at` is null and `visible` = 1 order by `created_at` desc
2017-09-16 01:38:27: select * from `parameters` where `type` = 'banner'
2017-09-16 01:38:27: select * from `parameters` where `type` = 'setting' and `key` = 'service_email' limit 1
2017-09-16 01:38:29: select * from `users` where `id` = '22' and `login_type` = 2 and `status` = 1 and `users`.`deleted_at` is null limit 1
2017-09-16 01:38:29: select * from `doctors` where `doctors`.`users_id` in (22) and `doctors`.`deleted_at` is null
2017-09-16 01:38:29: select * from `services` where `doctors_id` = '22' and `members_id` is not null and `services`.`deleted_at` is null
2017-09-16 01:38:29: select * from `services` where `doctors_id` = '22' and `members_id` in (23, 24) and `payment_status` = 1 and `services`.`deleted_at` is null order by `created_at` desc
2017-09-16 01:38:29: select * from `users` where `login_type` = 1 and `users`.`id` in (23, 24) and `users`.`deleted_at` is null
2017-09-16 01:38:29: select * from `parameters` where `type` = 'setting' and `key` = 'treatment_days_2' limit 1
2017-09-16 01:38:29: select * from `parameters` where `type` = 'setting' and `key` = 'treatment_days_2' limit 1
2017-09-16 01:38:29: select * from `messages` where `doctors_id` = 22 and `members_id` = 24 and `source` = 'member' order by `created_at` desc limit 1
2017-09-16 01:38:29: select * from `messages` where `doctors_id` = 22 and `members_id` = 24 and `source` = 'doctor' order by `created_at` desc limit 1
2017-09-16 01:38:29: select * from `messages` where `doctors_id` = 22 and `members_id` = 23 and `source` = 'member' order by `created_at` desc limit 1
2017-09-16 01:38:29: select * from `messages` where `doctors_id` = 22 and `members_id` = 23 and `source` = 'doctor' order by `created_at` desc limit 1
2017-09-16 01:38:29: update `services` set `opened_at` = '2017-09-16 01:38:29', `updated_at` = '2017-09-16 01:38:29' where `doctors_id` = '22' and `opened_at` is null and `services`.`deleted_at` is null
2017-09-16 01:38:29: select * from `parameters` where `type` = 'setting' and `key` = 'treatment_days_2' limit 1
2017-09-16 01:38:29: select * from `doctors` where `doctors`.`users_id` = 24 and `doctors`.`users_id` is not null and `doctors`.`deleted_at` is null limit 1
2017-09-16 01:38:29: select * from `parameters` where `type` = 'setting' and `key` = 'treatment_days_2' limit 1
2017-09-16 01:38:29: select * from `doctors` where `doctors`.`users_id` = 23 and `doctors`.`users_id` is not null and `doctors`.`deleted_at` is null limit 1
2017-09-16 01:38:32: select * from `users` where `id` = '22' and `users`.`deleted_at` is null limit 1
2017-09-16 01:38:32: select * from `doctors` where `doctors`.`users_id` = 22 and `doctors`.`users_id` is not null and `doctors`.`deleted_at` is null limit 1
2017-09-16 01:38:32: select count(*) as aggregate from `member_requests` where `member_requests`.`deleted_at` is null
2017-09-16 01:38:32: select count(*) as aggregate from `member_request_doctors` where `doctors_id` = '22'
2017-09-16 01:38:32: select count(*) as aggregate from `services` where `doctors_id` = '22' and `opened_at` is null and `services`.`deleted_at` is null
2017-09-16 01:38:32: select * from `messages` where `doctors_id` = '22' and `doctor_readed_at` is null and `visible` = 1 order by `created_at` desc
2017-09-16 01:38:32: select * from `parameters` where `type` = 'banner'
2017-09-16 01:38:32: select * from `parameters` where `type` = 'setting' and `key` = 'service_email' limit 1
2017-09-16 01:38:32: select * from `users` where `id` = '22' and `login_type` = 2 and `status` = 1 and `users`.`deleted_at` is null limit 1
2017-09-16 01:38:32: select * from `doctors` where `doctors`.`users_id` in (22) and `doctors`.`deleted_at` is null
2017-09-16 01:38:32: select * from `services` where `doctors_id` = '22' and `members_id` is not null and `services`.`deleted_at` is null
2017-09-16 01:38:32: select * from `services` where `doctors_id` = '22' and `members_id` in (23, 24) and `payment_status` in (0, 1) and `services`.`deleted_at` is null order by `created_at` desc
2017-09-16 01:38:32: select * from `users` where `login_type` = 1 and `users`.`id` in (23, 24) and `users`.`deleted_at` is null
2017-09-16 01:38:32: select * from `messages` where `doctors_id` = 22 and `members_id` = 24 and `source` = 'member' order by `created_at` desc limit 1
2017-09-16 01:38:32: select * from `messages` where `doctors_id` = 22 and `members_id` = 24 and `source` = 'doctor' order by `created_at` desc limit 1
2017-09-16 01:38:32: select * from `messages` where `doctors_id` = 22 and `members_id` = 23 and `source` = 'member' order by `created_at` desc limit 1
2017-09-16 01:38:32: select * from `messages` where `doctors_id` = 22 and `members_id` = 23 and `source` = 'doctor' order by `created_at` desc limit 1
2017-09-16 01:38:32: update `services` set `opened_at` = '2017-09-16 01:38:32', `updated_at` = '2017-09-16 01:38:32' where `doctors_id` = '22' and `opened_at` is null and `services`.`deleted_at` is null
2017-09-16 01:38:32: select * from `parameters` where `type` = 'setting' and `key` = 'treatment_days_2' limit 1
2017-09-16 01:38:32: select * from `doctors` where `doctors`.`users_id` = 24 and `doctors`.`users_id` is not null and `doctors`.`deleted_at` is null limit 1
2017-09-16 01:38:32: select * from `parameters` where `type` = 'setting' and `key` = 'treatment_days_2' limit 1
2017-09-16 01:38:32: select * from `doctors` where `doctors`.`users_id` = 23 and `doctors`.`users_id` is not null and `doctors`.`deleted_at` is null limit 1
2017-09-16 01:39:54: select * from `users` where `id` = '22' and `users`.`deleted_at` is null limit 1
2017-09-16 01:39:54: select * from `doctors` where `doctors`.`users_id` = 22 and `doctors`.`users_id` is not null and `doctors`.`deleted_at` is null limit 1
2017-09-16 01:39:54: select count(*) as aggregate from `member_requests` where `member_requests`.`deleted_at` is null
2017-09-16 01:39:54: select count(*) as aggregate from `member_request_doctors` where `doctors_id` = '22'
2017-09-16 01:39:54: select count(*) as aggregate from `services` where `doctors_id` = '22' and `opened_at` is null and `services`.`deleted_at` is null
2017-09-16 01:39:54: select * from `messages` where `doctors_id` = '22' and `doctor_readed_at` is null and `visible` = 1 order by `created_at` desc
2017-09-16 01:39:54: select * from `parameters` where `type` = 'banner'
2017-09-16 01:39:54: select * from `parameters` where `type` = 'setting' and `key` = 'service_email' limit 1
2017-09-16 01:40:27: select count(*) as aggregate from `users` where `id` = '23'
2017-09-16 01:40:27: select * from `users` where `id` = '23' and `users`.`deleted_at` is null limit 1
2017-09-16 01:40:27: select * from `users` where `city_id` = 1 and `district_id` = 110 and `login_type` = '2' and `online` = 1 and `users`.`deleted_at` is null order by `online_at` desc
2017-09-16 01:40:27: select * from `messages` where `source` = 'doctor' and `started_at` is not null and `messages`.`doctors_id` in (22, 25, 29, 30, 31, 32, 33) and `members_id` = '23' order by `started_at` desc
2017-09-16 01:40:27: select * from `doctors` where `users_id` = 22 and `doctors`.`deleted_at` is null limit 1
2017-09-16 01:40:27: select * from `services` where `members_id` = '23' and `doctors_id` = 22 and `payment_status` = 1 and `services`.`deleted_at` is null
2017-09-16 01:40:27: select * from `parameters` where `type` = 'setting' and `key` = 'treatment_days_2' limit 1
2017-09-16 01:40:27: select * from `doctors` where `users_id` = 29 and `doctors`.`deleted_at` is null limit 1
2017-09-16 01:40:27: select * from `services` where `members_id` = '23' and `doctors_id` = 29 and `payment_status` = 1 and `services`.`deleted_at` is null
2017-09-16 01:40:27: select * from `doctors` where `users_id` = 25 and `doctors`.`deleted_at` is null limit 1
2017-09-16 01:40:27: select * from `services` where `members_id` = '23' and `doctors_id` = 25 and `payment_status` = 1 and `services`.`deleted_at` is null
2017-09-16 01:40:27: select * from `doctors` where `users_id` = 32 and `doctors`.`deleted_at` is null limit 1
2017-09-16 01:40:27: select * from `services` where `members_id` = '23' and `doctors_id` = 32 and `payment_status` = 1 and `services`.`deleted_at` is null
2017-09-16 01:40:27: select * from `doctors` where `users_id` = 31 and `doctors`.`deleted_at` is null limit 1
2017-09-16 01:40:27: select * from `services` where `members_id` = '23' and `doctors_id` = 31 and `payment_status` = 1 and `services`.`deleted_at` is null
2017-09-16 01:40:27: select * from `doctors` where `users_id` = 30 and `doctors`.`deleted_at` is null limit 1
2017-09-16 01:40:27: select * from `services` where `members_id` = '23' and `doctors_id` = 30 and `payment_status` = 1 and `services`.`deleted_at` is null
2017-09-16 01:40:27: select * from `doctors` where `users_id` = 33 and `doctors`.`deleted_at` is null limit 1
2017-09-16 01:40:27: select * from `services` where `members_id` = '23' and `doctors_id` = 33 and `payment_status` = 1 and `services`.`deleted_at` is null
2017-09-16 01:40:58: select * from `users` where `id` = '22' and `users`.`deleted_at` is null limit 1
2017-09-16 01:40:58: select * from `doctors` where `doctors`.`users_id` = 22 and `doctors`.`users_id` is not null and `doctors`.`deleted_at` is null limit 1
2017-09-16 01:40:58: select count(*) as aggregate from `member_requests` where `member_requests`.`deleted_at` is null
2017-09-16 01:40:58: select count(*) as aggregate from `member_request_doctors` where `doctors_id` = '22'
2017-09-16 01:40:58: select count(*) as aggregate from `services` where `doctors_id` = '22' and `opened_at` is null and `services`.`deleted_at` is null
2017-09-16 01:40:58: select * from `messages` where `doctors_id` = '22' and `doctor_readed_at` is null and `visible` = 1 order by `created_at` desc
2017-09-16 01:40:58: select * from `parameters` where `type` = 'banner'
2017-09-16 01:40:58: select * from `parameters` where `type` = 'setting' and `key` = 'service_email' limit 1
2017-09-16 21:34:40: select * from `users` where `id` = '22' and `users`.`deleted_at` is null limit 1
2017-09-16 21:34:40: select * from `doctors` where `doctors`.`users_id` = 22 and `doctors`.`users_id` is not null and `doctors`.`deleted_at` is null limit 1
2017-09-16 21:34:40: select count(*) as aggregate from `member_requests` where `member_requests`.`deleted_at` is null
2017-09-16 21:34:40: select count(*) as aggregate from `member_request_doctors` where `doctors_id` = '22'
2017-09-16 21:34:40: select count(*) as aggregate from `services` where `doctors_id` = '22' and `opened_at` is null and `services`.`deleted_at` is null
2017-09-16 21:34:40: select * from `messages` where `doctors_id` = '22' and `doctor_readed_at` is null and `visible` = 1 order by `created_at` desc
2017-09-16 21:34:40: select * from `parameters` where `type` = 'banner'
2017-09-16 21:34:40: select * from `parameters` where `type` = 'setting' and `key` = 'service_email' limit 1
2017-09-16 21:34:50: select * from `users` where `id` = '22' and `users`.`deleted_at` is null limit 1
2017-09-16 21:34:50: select * from `doctors` where `doctors`.`users_id` = 22 and `doctors`.`users_id` is not null and `doctors`.`deleted_at` is null limit 1
2017-09-16 21:34:50: select count(*) as aggregate from `member_requests` where `member_requests`.`deleted_at` is null
2017-09-16 21:34:50: select count(*) as aggregate from `member_request_doctors` where `doctors_id` = '22'
2017-09-16 21:34:50: select count(*) as aggregate from `services` where `doctors_id` = '22' and `opened_at` is null and `services`.`deleted_at` is null
2017-09-16 21:34:50: select * from `messages` where `doctors_id` = '22' and `doctor_readed_at` is null and `visible` = 1 order by `created_at` desc
2017-09-16 21:34:50: select * from `parameters` where `type` = 'banner'
2017-09-16 21:34:50: select * from `parameters` where `type` = 'setting' and `key` = 'service_email' limit 1
2017-09-16 21:34:51: select * from `users` where `id` = '22' and `login_type` = 2 and `status` = 1 and `users`.`deleted_at` is null limit 1
2017-09-16 21:34:51: select * from `doctors` where `doctors`.`users_id` in (22) and `doctors`.`deleted_at` is null
2017-09-16 21:34:51: select * from `services` where `doctors_id` = '22' and `members_id` is not null and `services`.`deleted_at` is null
2017-09-16 21:34:51: select * from `services` where `doctors_id` = '22' and `members_id` in (23, 24) and `payment_status` in (0, 1) and `services`.`deleted_at` is null order by `created_at` desc
2017-09-16 21:34:51: select * from `users` where `login_type` = 1 and `users`.`id` in (23, 24) and `users`.`deleted_at` is null
2017-09-16 21:34:51: select * from `messages` where `doctors_id` = 22 and `members_id` = 24 and `source` = 'member' order by `created_at` desc limit 1
2017-09-16 21:34:51: select * from `messages` where `doctors_id` = 22 and `members_id` = 24 and `source` = 'doctor' order by `created_at` desc limit 1
2017-09-16 21:34:51: select * from `messages` where `doctors_id` = 22 and `members_id` = 23 and `source` = 'member' order by `created_at` desc limit 1
2017-09-16 21:34:51: select * from `messages` where `doctors_id` = 22 and `members_id` = 23 and `source` = 'doctor' order by `created_at` desc limit 1
2017-09-16 21:34:51: update `services` set `opened_at` = '2017-09-16 21:34:51', `updated_at` = '2017-09-16 21:34:51' where `doctors_id` = '22' and `opened_at` is null and `services`.`deleted_at` is null
2017-09-16 21:34:51: select * from `parameters` where `type` = 'setting' and `key` = 'treatment_days_2' limit 1
2017-09-16 21:34:51: select * from `doctors` where `doctors`.`users_id` = 24 and `doctors`.`users_id` is not null and `doctors`.`deleted_at` is null limit 1
2017-09-16 21:34:51: select * from `parameters` where `type` = 'setting' and `key` = 'treatment_days_2' limit 1
2017-09-16 21:34:51: select * from `doctors` where `doctors`.`users_id` = 23 and `doctors`.`users_id` is not null and `doctors`.`deleted_at` is null limit 1
2017-09-16 21:34:53: select * from `users` where `id` = '22' and `users`.`deleted_at` is null limit 1
2017-09-16 21:34:53: select * from `doctors` where `doctors`.`users_id` = 22 and `doctors`.`users_id` is not null and `doctors`.`deleted_at` is null limit 1
2017-09-16 21:34:53: select count(*) as aggregate from `member_requests` where `member_requests`.`deleted_at` is null
2017-09-16 21:34:53: select count(*) as aggregate from `member_request_doctors` where `doctors_id` = '22'
2017-09-16 21:34:53: select count(*) as aggregate from `services` where `doctors_id` = '22' and `opened_at` is null and `services`.`deleted_at` is null
2017-09-16 21:34:53: select * from `messages` where `doctors_id` = '22' and `doctor_readed_at` is null and `visible` = 1 order by `created_at` desc
2017-09-16 21:34:53: select * from `parameters` where `type` = 'banner'
2017-09-16 21:34:53: select * from `parameters` where `type` = 'setting' and `key` = 'service_email' limit 1
2017-09-16 21:37:15: select * from `users` where `id` = '22' and `users`.`deleted_at` is null limit 1
2017-09-16 21:37:15: select * from `doctors` where `doctors`.`users_id` = 22 and `doctors`.`users_id` is not null and `doctors`.`deleted_at` is null limit 1
2017-09-16 21:37:15: select count(*) as aggregate from `member_requests` where `member_requests`.`deleted_at` is null
2017-09-16 21:37:15: select count(*) as aggregate from `member_request_doctors` where `doctors_id` = '22'
2017-09-16 21:37:15: select count(*) as aggregate from `services` where `doctors_id` = '22' and `opened_at` is null and `services`.`deleted_at` is null
2017-09-16 21:37:15: select * from `messages` where `doctors_id` = '22' and `doctor_readed_at` is null and `visible` = 1 order by `created_at` desc
2017-09-16 21:37:15: select * from `parameters` where `type` = 'banner'
2017-09-16 21:37:15: select * from `parameters` where `type` = 'setting' and `key` = 'service_email' limit 1
2017-09-16 21:37:17: select * from `users` where `id` = '22' and `login_type` = 2 and `status` = 1 and `users`.`deleted_at` is null limit 1
2017-09-16 21:37:17: select * from `doctors` where `doctors`.`users_id` in (22) and `doctors`.`deleted_at` is null
2017-09-16 21:37:17: select * from `services` where `doctors_id` = '22' and `members_id` is not null and `services`.`deleted_at` is null
2017-09-16 21:37:17: select * from `services` where `doctors_id` = '22' and `members_id` in (23, 24) and `payment_status` in (0, 1) and `services`.`deleted_at` is null order by `created_at` desc
2017-09-16 21:37:17: select * from `users` where `login_type` = 1 and `users`.`id` in (23, 24) and `users`.`deleted_at` is null
2017-09-16 21:37:17: select * from `messages` where `doctors_id` = 22 and `members_id` = 24 and `source` = 'member' order by `created_at` desc limit 1
2017-09-16 21:37:17: select * from `messages` where `doctors_id` = 22 and `members_id` = 24 and `source` = 'doctor' order by `created_at` desc limit 1
2017-09-16 21:37:17: select * from `messages` where `doctors_id` = 22 and `members_id` = 23 and `source` = 'member' order by `created_at` desc limit 1
2017-09-16 21:37:17: select * from `messages` where `doctors_id` = 22 and `members_id` = 23 and `source` = 'doctor' order by `created_at` desc limit 1
2017-09-16 21:37:17: update `services` set `opened_at` = '2017-09-16 21:37:17', `updated_at` = '2017-09-16 21:37:17' where `doctors_id` = '22' and `opened_at` is null and `services`.`deleted_at` is null
2017-09-16 21:37:17: select * from `parameters` where `type` = 'setting' and `key` = 'treatment_days_1' limit 1
2017-09-16 21:37:17: select * from `doctors` where `doctors`.`users_id` = 24 and `doctors`.`users_id` is not null and `doctors`.`deleted_at` is null limit 1
2017-09-16 21:37:17: select * from `parameters` where `type` = 'setting' and `key` = 'treatment_days_2' limit 1
2017-09-16 21:37:17: select * from `doctors` where `doctors`.`users_id` = 23 and `doctors`.`users_id` is not null and `doctors`.`deleted_at` is null limit 1
2017-09-16 21:40:53: select * from `users` where `id` = '22' and `users`.`deleted_at` is null limit 1
2017-09-16 21:40:53: select * from `doctors` where `doctors`.`users_id` = 22 and `doctors`.`users_id` is not null and `doctors`.`deleted_at` is null limit 1
2017-09-16 21:40:53: select count(*) as aggregate from `member_requests` where `member_requests`.`deleted_at` is null
2017-09-16 21:40:53: select count(*) as aggregate from `member_request_doctors` where `doctors_id` = '22'
2017-09-16 21:40:53: select count(*) as aggregate from `services` where `doctors_id` = '22' and `opened_at` is null and `services`.`deleted_at` is null
2017-09-16 21:40:53: select * from `messages` where `doctors_id` = '22' and `doctor_readed_at` is null and `visible` = 1 order by `created_at` desc
2017-09-16 21:40:53: select * from `parameters` where `type` = 'banner'
2017-09-16 21:40:53: select * from `parameters` where `type` = 'setting' and `key` = 'service_email' limit 1
2017-09-16 21:41:29: select * from `users` where `id` = '22' and `users`.`deleted_at` is null limit 1
2017-09-16 21:41:29: select * from `doctors` where `doctors`.`users_id` = 22 and `doctors`.`users_id` is not null and `doctors`.`deleted_at` is null limit 1
2017-09-16 21:41:31: select * from `users` where `id` = '22' and `users`.`deleted_at` is null limit 1
2017-09-16 21:41:31: select * from `doctors` where `doctors`.`users_id` = 22 and `doctors`.`users_id` is not null and `doctors`.`deleted_at` is null limit 1
2017-09-16 21:41:31: select count(*) as aggregate from `member_requests` where `member_requests`.`deleted_at` is null
2017-09-16 21:41:31: select count(*) as aggregate from `member_request_doctors` where `doctors_id` = '22'
2017-09-16 21:41:31: select count(*) as aggregate from `services` where `doctors_id` = '22' and `opened_at` is null and `services`.`deleted_at` is null
2017-09-16 21:41:31: select * from `messages` where `doctors_id` = '22' and `doctor_readed_at` is null and `visible` = 1 order by `created_at` desc
2017-09-16 21:41:31: select * from `parameters` where `type` = 'banner'
2017-09-16 21:41:31: select * from `parameters` where `type` = 'setting' and `key` = 'service_email' limit 1
2017-09-16 21:41:31: select * from `users` where `id` = '22' and `login_type` = 2 and `status` = 1 and `users`.`deleted_at` is null limit 1
2017-09-16 21:41:31: select * from `doctors` where `doctors`.`users_id` in (22) and `doctors`.`deleted_at` is null
2017-09-16 21:41:31: select * from `services` where `doctors_id` = '22' and `members_id` is not null and `services`.`deleted_at` is null
2017-09-16 21:41:31: select * from `services` where `doctors_id` = '22' and `members_id` in (23, 24) and `payment_status` in (0, 1) and `services`.`deleted_at` is null order by `created_at` desc
2017-09-16 21:41:31: select * from `users` where `login_type` = 1 and `users`.`id` in (23, 24) and `users`.`deleted_at` is null
2017-09-16 21:41:31: select * from `messages` where `doctors_id` = 22 and `members_id` = 24 and `source` = 'member' order by `created_at` desc limit 1
2017-09-16 21:41:31: select * from `messages` where `doctors_id` = 22 and `members_id` = 24 and `source` = 'doctor' order by `created_at` desc limit 1
2017-09-16 21:41:31: select * from `messages` where `doctors_id` = 22 and `members_id` = 23 and `source` = 'member' order by `created_at` desc limit 1
2017-09-16 21:41:31: select * from `messages` where `doctors_id` = 22 and `members_id` = 23 and `source` = 'doctor' order by `created_at` desc limit 1
2017-09-16 21:41:31: update `services` set `opened_at` = '2017-09-16 21:41:31', `updated_at` = '2017-09-16 21:41:31' where `doctors_id` = '22' and `opened_at` is null and `services`.`deleted_at` is null
2017-09-16 21:41:31: select * from `parameters` where `type` = 'setting' and `key` = 'treatment_days_2' limit 1
2017-09-16 21:41:31: select * from `doctors` where `doctors`.`users_id` = 24 and `doctors`.`users_id` is not null and `doctors`.`deleted_at` is null limit 1
2017-09-16 21:41:31: select * from `parameters` where `type` = 'setting' and `key` = 'treatment_days_2' limit 1
2017-09-16 21:41:31: select * from `doctors` where `doctors`.`users_id` = 23 and `doctors`.`users_id` is not null and `doctors`.`deleted_at` is null limit 1
2017-09-16 21:41:35: select * from `users` where `id` = '22' and `users`.`deleted_at` is null limit 1
2017-09-16 21:41:35: select * from `doctors` where `doctors`.`users_id` = 22 and `doctors`.`users_id` is not null and `doctors`.`deleted_at` is null limit 1
2017-09-16 21:41:35: select count(*) as aggregate from `member_requests` where `member_requests`.`deleted_at` is null
2017-09-16 21:41:35: select count(*) as aggregate from `member_request_doctors` where `doctors_id` = '22'
2017-09-16 21:41:35: select count(*) as aggregate from `services` where `doctors_id` = '22' and `opened_at` is null and `services`.`deleted_at` is null
2017-09-16 21:41:35: select * from `messages` where `doctors_id` = '22' and `doctor_readed_at` is null and `visible` = 1 order by `created_at` desc
2017-09-16 21:41:35: select * from `parameters` where `type` = 'banner'
2017-09-16 21:41:35: select * from `parameters` where `type` = 'setting' and `key` = 'service_email' limit 1
2017-09-16 21:41:36: select * from `users` where `id` = '22' and `login_type` = 2 and `status` = 1 and `users`.`deleted_at` is null limit 1
2017-09-16 21:41:36: select * from `doctors` where `doctors`.`users_id` in (22) and `doctors`.`deleted_at` is null
2017-09-16 21:41:36: select * from `services` where `doctors_id` = '22' and `members_id` is not null and `services`.`deleted_at` is null
2017-09-16 21:41:36: select * from `services` where `doctors_id` = '22' and `members_id` in (23, 24) and `payment_status` in (0, 1) and `services`.`deleted_at` is null order by `created_at` desc
2017-09-16 21:41:36: select * from `users` where `login_type` = 1 and `users`.`id` in (23, 24) and `users`.`deleted_at` is null
2017-09-16 21:41:36: select * from `messages` where `doctors_id` = 22 and `members_id` = 24 and `source` = 'member' order by `created_at` desc limit 1
2017-09-16 21:41:36: select * from `messages` where `doctors_id` = 22 and `members_id` = 24 and `source` = 'doctor' order by `created_at` desc limit 1
2017-09-16 21:41:36: select * from `messages` where `doctors_id` = 22 and `members_id` = 23 and `source` = 'member' order by `created_at` desc limit 1
2017-09-16 21:41:36: select * from `messages` where `doctors_id` = 22 and `members_id` = 23 and `source` = 'doctor' order by `created_at` desc limit 1
2017-09-16 21:41:36: update `services` set `opened_at` = '2017-09-16 21:41:36', `updated_at` = '2017-09-16 21:41:36' where `doctors_id` = '22' and `opened_at` is null and `services`.`deleted_at` is null
2017-09-16 21:41:36: select * from `parameters` where `type` = 'setting' and `key` = 'treatment_days_2' limit 1
2017-09-16 21:41:36: select * from `doctors` where `doctors`.`users_id` = 24 and `doctors`.`users_id` is not null and `doctors`.`deleted_at` is null limit 1
2017-09-16 21:41:36: select * from `parameters` where `type` = 'setting' and `key` = 'treatment_days_2' limit 1
2017-09-16 21:41:36: select * from `doctors` where `doctors`.`users_id` = 23 and `doctors`.`users_id` is not null and `doctors`.`deleted_at` is null limit 1
2017-09-16 21:41:39: select * from `users` where `id` = '22' and `users`.`deleted_at` is null limit 1
2017-09-16 21:41:39: select * from `doctors` where `doctors`.`users_id` = 22 and `doctors`.`users_id` is not null and `doctors`.`deleted_at` is null limit 1
2017-09-16 21:41:39: select count(*) as aggregate from `member_requests` where `member_requests`.`deleted_at` is null
2017-09-16 21:41:39: select count(*) as aggregate from `member_request_doctors` where `doctors_id` = '22'
2017-09-16 21:41:39: select count(*) as aggregate from `services` where `doctors_id` = '22' and `opened_at` is null and `services`.`deleted_at` is null
2017-09-16 21:41:39: select * from `messages` where `doctors_id` = '22' and `doctor_readed_at` is null and `visible` = 1 order by `created_at` desc
2017-09-16 21:41:39: select * from `parameters` where `type` = 'banner'
2017-09-16 21:41:39: select * from `parameters` where `type` = 'setting' and `key` = 'service_email' limit 1
2017-09-16 21:41:44: select * from `users` where `id` = '22' and `login_type` = 2 and `status` = 1 and `users`.`deleted_at` is null limit 1
2017-09-16 21:41:44: select * from `doctors` where `doctors`.`users_id` in (22) and `doctors`.`deleted_at` is null
2017-09-16 21:41:44: select * from `services` where `doctors_id` = '22' and `members_id` is not null and `services`.`deleted_at` is null
2017-09-16 21:41:44: select * from `services` where `doctors_id` = '22' and `members_id` in (23, 24) and `payment_status` in (0, 1) and `services`.`deleted_at` is null order by `created_at` desc
2017-09-16 21:41:44: select * from `users` where `login_type` = 1 and `users`.`id` in (23, 24) and `users`.`deleted_at` is null
2017-09-16 21:41:44: select * from `messages` where `doctors_id` = 22 and `members_id` = 24 and `source` = 'member' order by `created_at` desc limit 1
2017-09-16 21:41:44: select * from `messages` where `doctors_id` = 22 and `members_id` = 24 and `source` = 'doctor' order by `created_at` desc limit 1
2017-09-16 21:41:44: select * from `messages` where `doctors_id` = 22 and `members_id` = 23 and `source` = 'member' order by `created_at` desc limit 1
2017-09-16 21:41:44: select * from `messages` where `doctors_id` = 22 and `members_id` = 23 and `source` = 'doctor' order by `created_at` desc limit 1
2017-09-16 21:41:44: update `services` set `opened_at` = '2017-09-16 21:41:44', `updated_at` = '2017-09-16 21:41:44' where `doctors_id` = '22' and `opened_at` is null and `services`.`deleted_at` is null
2017-09-16 21:41:44: select * from `parameters` where `type` = 'setting' and `key` = 'treatment_days_2' limit 1
2017-09-16 21:41:44: select * from `doctors` where `doctors`.`users_id` = 24 and `doctors`.`users_id` is not null and `doctors`.`deleted_at` is null limit 1
2017-09-16 21:41:44: select * from `parameters` where `type` = 'setting' and `key` = 'treatment_days_2' limit 1
2017-09-16 21:41:44: select * from `doctors` where `doctors`.`users_id` = 23 and `doctors`.`users_id` is not null and `doctors`.`deleted_at` is null limit 1
