2018-03-01 17:52:30: select * from `users` where `id` = '14' and `users`.`deleted_at` is null limit 1
2018-03-01 17:52:30: select * from `doctors` where `doctors`.`users_id` = 14 and `doctors`.`users_id` is not null and `doctors`.`deleted_at` is null limit 1
2018-03-01 17:52:30: select count(*) as aggregate from `member_requests` where `member_requests`.`deleted_at` is null
2018-03-01 17:52:30: select count(*) as aggregate from `member_request_doctors` where `doctors_id` = '14'
2018-03-01 17:52:30: select count(*) as aggregate from `services` where `doctors_id` = '14' and `opened_at` is null and `services`.`deleted_at` is null
2018-03-01 17:52:30: select * from `messages` where `doctors_id` = '14' and `doctor_readed_at` is null and `visible` = 1 order by `created_at` desc
2018-03-01 17:52:30: select * from `parameters` where `type` = 'banner'
2018-03-01 17:52:30: select * from `parameters` where `type` = 'setting' and `key` = 'service_email' limit 1
2018-03-01 18:53:22: select * from `users` where `id` = '9' and `users`.`deleted_at` is null limit 1
2018-03-01 18:53:22: select * from `doctors` where `doctors`.`users_id` = 9 and `doctors`.`users_id` is not null and `doctors`.`deleted_at` is null limit 1
2018-03-01 18:53:22: select count(*) as aggregate from `member_requests` where `member_requests`.`deleted_at` is null
2018-03-01 18:53:22: select count(*) as aggregate from `member_request_doctors` where `doctors_id` = '9'
2018-03-01 18:53:22: select count(*) as aggregate from `services` where `doctors_id` = '9' and `opened_at` is null and `services`.`deleted_at` is null
2018-03-01 18:53:22: select * from `messages` where `doctors_id` = '9' and `doctor_readed_at` is null and `visible` = 1 order by `created_at` desc
2018-03-01 18:53:22: select * from `services` where `members_id` = 31 and `payment_status` = 1 and `services`.`deleted_at` is null order by `id` desc limit 1
2018-03-01 18:53:22: select * from `parameters` where `type` = 'banner'
2018-03-01 18:53:22: select * from `parameters` where `type` = 'setting' and `key` = 'service_email' limit 1
2018-03-01 18:53:25: select * from `users` where `id` = '9' and `login_type` = 2 and `status` = 1 and `users`.`deleted_at` is null limit 1
2018-03-01 18:53:25: select * from `doctors` where `doctors`.`users_id` in (9) and `doctors`.`deleted_at` is null
2018-03-01 18:53:25: select * from `services` where `doctors_id` = '9' and `members_id` is not null and `services`.`deleted_at` is null
2018-03-01 18:53:25: select * from `services` where `doctors_id` = '9' and `members_id` in (10, 35) and `payment_status` in (0, 1) and `services`.`deleted_at` is null order by `created_at` desc
2018-03-01 18:53:25: select * from `users` where `login_type` = 1 and `users`.`id` in (10, 35) and `users`.`deleted_at` is null
2018-03-01 18:53:25: select * from `parameters` where `type` = 'setting' and `key` = 'message_expire_time' limit 1
2018-03-01 18:53:25: select * from `messages` where `doctors_id` = 9 and `members_id` = 35 and `source` = 'member' order by `created_at` desc limit 1
2018-03-01 18:53:25: select * from `messages` where `doctors_id` = 9 and `members_id` = 35 and `source` = 'doctor' order by `created_at` desc limit 1
2018-03-01 18:53:25: select * from `messages` where `doctors_id` = 9 and `members_id` = 10 and `source` = 'member' order by `created_at` desc limit 1
2018-03-01 18:53:25: select * from `messages` where `doctors_id` = 9 and `members_id` = 10 and `source` = 'doctor' order by `created_at` desc limit 1
2018-03-01 18:53:25: update `services` set `opened_at` = '2018-03-01 18:53:25', `updated_at` = '2018-03-01 18:53:25' where `doctors_id` = '9' and `opened_at` is null and `services`.`deleted_at` is null
2018-03-01 18:53:25: select * from `parameters` where `type` = 'setting' and `key` = 'treatment_days_1' limit 1
2018-03-01 18:53:25: select * from `doctors` where `doctors`.`users_id` = 35 and `doctors`.`users_id` is not null and `doctors`.`deleted_at` is null limit 1
2018-03-01 18:53:25: select * from `parameters` where `type` = 'setting' and `key` = 'treatment_days_1' limit 1
2018-03-01 18:53:25: select * from `doctors` where `doctors`.`users_id` = 10 and `doctors`.`users_id` is not null and `doctors`.`deleted_at` is null limit 1
2018-03-01 18:53:35: select * from `users` where `id` = '9' and `users`.`deleted_at` is null limit 1
2018-03-01 18:53:35: select * from `doctors` where `doctors`.`users_id` = 9 and `doctors`.`users_id` is not null and `doctors`.`deleted_at` is null limit 1
2018-03-01 18:53:35: select count(*) as aggregate from `member_requests` where `member_requests`.`deleted_at` is null
2018-03-01 18:53:35: select count(*) as aggregate from `member_request_doctors` where `doctors_id` = '9'
2018-03-01 18:53:35: select count(*) as aggregate from `services` where `doctors_id` = '9' and `opened_at` is null and `services`.`deleted_at` is null
2018-03-01 18:53:35: select * from `messages` where `doctors_id` = '9' and `doctor_readed_at` is null and `visible` = 1 order by `created_at` desc
2018-03-01 18:53:35: select * from `services` where `members_id` = 31 and `payment_status` = 1 and `services`.`deleted_at` is null order by `id` desc limit 1
2018-03-01 18:53:35: select * from `parameters` where `type` = 'banner'
2018-03-01 18:53:35: select * from `parameters` where `type` = 'setting' and `key` = 'service_email' limit 1
2018-03-01 18:53:37: select * from `users` where `id` = '9' and `login_type` = 2 and `status` = 1 and `users`.`deleted_at` is null limit 1
2018-03-01 18:53:38: select * from `doctors` where `doctors`.`users_id` in (9) and `doctors`.`deleted_at` is null
2018-03-01 18:53:38: select * from `services` where `doctors_id` = '9' and `members_id` is not null and `services`.`deleted_at` is null
2018-03-01 18:53:38: select * from `services` where `doctors_id` = '9' and `members_id` in (10, 35) and `payment_status` in (0, 1) and `services`.`deleted_at` is null order by `created_at` desc
2018-03-01 18:53:38: select * from `users` where `login_type` = 1 and `users`.`id` in (10, 35) and `users`.`deleted_at` is null
2018-03-01 18:53:38: select * from `parameters` where `type` = 'setting' and `key` = 'message_expire_time' limit 1
2018-03-01 18:53:38: select * from `messages` where `doctors_id` = 9 and `members_id` = 35 and `source` = 'member' order by `created_at` desc limit 1
2018-03-01 18:53:38: select * from `messages` where `doctors_id` = 9 and `members_id` = 35 and `source` = 'doctor' order by `created_at` desc limit 1
2018-03-01 18:53:38: select * from `messages` where `doctors_id` = 9 and `members_id` = 10 and `source` = 'member' order by `created_at` desc limit 1
2018-03-01 18:53:38: select * from `messages` where `doctors_id` = 9 and `members_id` = 10 and `source` = 'doctor' order by `created_at` desc limit 1
2018-03-01 18:53:38: update `services` set `opened_at` = '2018-03-01 18:53:38', `updated_at` = '2018-03-01 18:53:38' where `doctors_id` = '9' and `opened_at` is null and `services`.`deleted_at` is null
2018-03-01 18:53:38: select * from `parameters` where `type` = 'setting' and `key` = 'treatment_days_1' limit 1
2018-03-01 18:53:38: select * from `doctors` where `doctors`.`users_id` = 35 and `doctors`.`users_id` is not null and `doctors`.`deleted_at` is null limit 1
2018-03-01 18:53:38: select * from `parameters` where `type` = 'setting' and `key` = 'treatment_days_1' limit 1
2018-03-01 18:53:38: select * from `doctors` where `doctors`.`users_id` = 10 and `doctors`.`users_id` is not null and `doctors`.`deleted_at` is null limit 1
2018-03-01 18:53:42: select * from `users` where `id` = '9' and `users`.`deleted_at` is null limit 1
2018-03-01 18:53:42: select * from `doctors` where `doctors`.`users_id` = 9 and `doctors`.`users_id` is not null and `doctors`.`deleted_at` is null limit 1
2018-03-01 18:53:42: select count(*) as aggregate from `member_requests` where `member_requests`.`deleted_at` is null
2018-03-01 18:53:42: select count(*) as aggregate from `member_request_doctors` where `doctors_id` = '9'
2018-03-01 18:53:42: select count(*) as aggregate from `services` where `doctors_id` = '9' and `opened_at` is null and `services`.`deleted_at` is null
2018-03-01 18:53:42: select * from `messages` where `doctors_id` = '9' and `doctor_readed_at` is null and `visible` = 1 order by `created_at` desc
2018-03-01 18:53:42: select * from `services` where `members_id` = 31 and `payment_status` = 1 and `services`.`deleted_at` is null order by `id` desc limit 1
2018-03-01 18:53:42: select * from `parameters` where `type` = 'banner'
2018-03-01 18:53:42: select * from `parameters` where `type` = 'setting' and `key` = 'service_email' limit 1
2018-03-01 18:53:43: select * from `users` where `id` = '9' and `login_type` = 2 and `status` = 1 and `users`.`deleted_at` is null limit 1
2018-03-01 18:53:43: select * from `doctors` where `doctors`.`users_id` in (9) and `doctors`.`deleted_at` is null
2018-03-01 18:53:43: select * from `services` where `doctors_id` = '9' and `members_id` is not null and `services`.`deleted_at` is null
2018-03-01 18:53:43: select * from `services` where `doctors_id` = '9' and `members_id` in (10, 35) and `payment_status` in (0, 1) and `services`.`deleted_at` is null order by `created_at` desc
2018-03-01 18:53:43: select * from `users` where `login_type` = 1 and `users`.`id` in (10, 35) and `users`.`deleted_at` is null
2018-03-01 18:53:43: select * from `parameters` where `type` = 'setting' and `key` = 'message_expire_time' limit 1
2018-03-01 18:53:43: select * from `messages` where `doctors_id` = 9 and `members_id` = 35 and `source` = 'member' order by `created_at` desc limit 1
2018-03-01 18:53:43: select * from `messages` where `doctors_id` = 9 and `members_id` = 35 and `source` = 'doctor' order by `created_at` desc limit 1
2018-03-01 18:53:43: select * from `messages` where `doctors_id` = 9 and `members_id` = 10 and `source` = 'member' order by `created_at` desc limit 1
2018-03-01 18:53:43: select * from `messages` where `doctors_id` = 9 and `members_id` = 10 and `source` = 'doctor' order by `created_at` desc limit 1
2018-03-01 18:53:43: update `services` set `opened_at` = '2018-03-01 18:53:43', `updated_at` = '2018-03-01 18:53:43' where `doctors_id` = '9' and `opened_at` is null and `services`.`deleted_at` is null
2018-03-01 18:53:43: select * from `parameters` where `type` = 'setting' and `key` = 'treatment_days_1' limit 1
2018-03-01 18:53:43: select * from `doctors` where `doctors`.`users_id` = 35 and `doctors`.`users_id` is not null and `doctors`.`deleted_at` is null limit 1
2018-03-01 18:53:43: select * from `parameters` where `type` = 'setting' and `key` = 'treatment_days_1' limit 1
2018-03-01 18:53:43: select * from `doctors` where `doctors`.`users_id` = 10 and `doctors`.`users_id` is not null and `doctors`.`deleted_at` is null limit 1
2018-03-01 18:53:46: select * from `users` where `id` = '9' and `users`.`deleted_at` is null limit 1
2018-03-01 18:53:46: select * from `doctors` where `doctors`.`users_id` = 9 and `doctors`.`users_id` is not null and `doctors`.`deleted_at` is null limit 1
2018-03-01 18:53:46: select count(*) as aggregate from `member_requests` where `member_requests`.`deleted_at` is null
2018-03-01 18:53:46: select count(*) as aggregate from `member_request_doctors` where `doctors_id` = '9'
2018-03-01 18:53:46: select count(*) as aggregate from `services` where `doctors_id` = '9' and `opened_at` is null and `services`.`deleted_at` is null
2018-03-01 18:53:46: select * from `messages` where `doctors_id` = '9' and `doctor_readed_at` is null and `visible` = 1 order by `created_at` desc
2018-03-01 18:53:46: select * from `services` where `members_id` = 31 and `payment_status` = 1 and `services`.`deleted_at` is null order by `id` desc limit 1
2018-03-01 18:53:46: select * from `parameters` where `type` = 'banner'
2018-03-01 18:53:46: select * from `parameters` where `type` = 'setting' and `key` = 'service_email' limit 1
2018-03-01 22:52:05: select * from `users` where `id` = '9' and `users`.`deleted_at` is null limit 1
2018-03-01 22:52:05: select * from `doctors` where `doctors`.`users_id` = 9 and `doctors`.`users_id` is not null and `doctors`.`deleted_at` is null limit 1
2018-03-01 22:52:05: select count(*) as aggregate from `member_requests` where `member_requests`.`deleted_at` is null
2018-03-01 22:52:05: select count(*) as aggregate from `member_request_doctors` where `doctors_id` = '9'
2018-03-01 22:52:05: select count(*) as aggregate from `services` where `doctors_id` = '9' and `opened_at` is null and `services`.`deleted_at` is null
2018-03-01 22:52:05: select * from `messages` where `doctors_id` = '9' and `doctor_readed_at` is null and `visible` = 1 order by `created_at` desc
2018-03-01 22:52:05: select * from `services` where `members_id` = 31 and `payment_status` = 1 and `services`.`deleted_at` is null order by `id` desc limit 1
2018-03-01 22:52:05: select * from `parameters` where `type` = 'banner'
2018-03-01 22:52:05: select * from `parameters` where `type` = 'setting' and `key` = 'service_email' limit 1
2018-03-01 22:55:05: select * from `users` where `id` = '9' and `users`.`deleted_at` is null limit 1
2018-03-01 22:55:05: select * from `doctors` where `doctors`.`users_id` = 9 and `doctors`.`users_id` is not null and `doctors`.`deleted_at` is null limit 1
2018-03-01 22:55:07: select * from `users` where `id` = '9' and `users`.`deleted_at` is null limit 1
2018-03-01 22:55:07: select * from `doctors` where `doctors`.`users_id` = 9 and `doctors`.`users_id` is not null and `doctors`.`deleted_at` is null limit 1
2018-03-01 22:55:07: select count(*) as aggregate from `member_requests` where `member_requests`.`deleted_at` is null
2018-03-01 22:55:07: select count(*) as aggregate from `member_request_doctors` where `doctors_id` = '9'
2018-03-01 22:55:07: select count(*) as aggregate from `services` where `doctors_id` = '9' and `opened_at` is null and `services`.`deleted_at` is null
2018-03-01 22:55:07: select * from `messages` where `doctors_id` = '9' and `doctor_readed_at` is null and `visible` = 1 order by `created_at` desc
2018-03-01 22:55:07: select * from `services` where `members_id` = 31 and `payment_status` = 1 and `services`.`deleted_at` is null order by `id` desc limit 1
2018-03-01 22:55:07: select * from `parameters` where `type` = 'banner'
2018-03-01 22:55:07: select * from `parameters` where `type` = 'setting' and `key` = 'service_email' limit 1
2018-03-01 22:55:08: select * from `users` where `id` = '9' and `login_type` = 2 and `status` = 1 and `users`.`deleted_at` is null limit 1
2018-03-01 22:55:08: select * from `doctors` where `doctors`.`users_id` in (9) and `doctors`.`deleted_at` is null
2018-03-01 22:55:08: select * from `services` where `doctors_id` = '9' and `members_id` is not null and `services`.`deleted_at` is null
2018-03-01 22:55:08: select * from `services` where `doctors_id` = '9' and `members_id` in (10, 35) and `payment_status` in (0, 1) and `services`.`deleted_at` is null order by `created_at` desc
2018-03-01 22:55:08: select * from `users` where `login_type` = 1 and `users`.`id` in (10, 35) and `users`.`deleted_at` is null
2018-03-01 22:55:08: select * from `parameters` where `type` = 'setting' and `key` = 'message_expire_time' limit 1
2018-03-01 22:55:08: select * from `messages` where `doctors_id` = 9 and `members_id` = 35 and `source` = 'member' order by `created_at` desc limit 1
2018-03-01 22:55:08: select * from `messages` where `doctors_id` = 9 and `members_id` = 35 and `source` = 'doctor' order by `created_at` desc limit 1
2018-03-01 22:55:08: select * from `messages` where `doctors_id` = 9 and `members_id` = 10 and `source` = 'member' order by `created_at` desc limit 1
2018-03-01 22:55:08: select * from `messages` where `doctors_id` = 9 and `members_id` = 10 and `source` = 'doctor' order by `created_at` desc limit 1
2018-03-01 22:55:08: update `services` set `opened_at` = '2018-03-01 22:55:08', `updated_at` = '2018-03-01 22:55:08' where `doctors_id` = '9' and `opened_at` is null and `services`.`deleted_at` is null
2018-03-01 22:55:08: select * from `parameters` where `type` = 'setting' and `key` = 'treatment_days_1' limit 1
2018-03-01 22:55:08: select * from `doctors` where `doctors`.`users_id` = 35 and `doctors`.`users_id` is not null and `doctors`.`deleted_at` is null limit 1
2018-03-01 22:55:08: select * from `parameters` where `type` = 'setting' and `key` = 'treatment_days_1' limit 1
2018-03-01 22:55:08: select * from `doctors` where `doctors`.`users_id` = 10 and `doctors`.`users_id` is not null and `doctors`.`deleted_at` is null limit 1
2018-03-01 22:58:20: select * from `users` where `id` = '9' and `users`.`deleted_at` is null limit 1
2018-03-01 22:58:20: select * from `doctors` where `doctors`.`users_id` = 9 and `doctors`.`users_id` is not null and `doctors`.`deleted_at` is null limit 1
2018-03-01 22:58:20: select count(*) as aggregate from `member_requests` where `member_requests`.`deleted_at` is null
2018-03-01 22:58:20: select count(*) as aggregate from `member_request_doctors` where `doctors_id` = '9'
2018-03-01 22:58:20: select count(*) as aggregate from `services` where `doctors_id` = '9' and `opened_at` is null and `services`.`deleted_at` is null
2018-03-01 22:58:20: select * from `messages` where `doctors_id` = '9' and `doctor_readed_at` is null and `visible` = 1 order by `created_at` desc
2018-03-01 22:58:20: select * from `services` where `members_id` = 31 and `payment_status` = 1 and `services`.`deleted_at` is null order by `id` desc limit 1
2018-03-01 22:58:20: select * from `parameters` where `type` = 'banner'
2018-03-01 22:58:20: select * from `parameters` where `type` = 'setting' and `key` = 'service_email' limit 1
2018-03-01 23:00:26: select * from `users` where `id` = '9' and `users`.`deleted_at` is null limit 1
2018-03-01 23:00:26: select * from `doctors` where `doctors`.`users_id` = 9 and `doctors`.`users_id` is not null and `doctors`.`deleted_at` is null limit 1
2018-03-01 23:00:26: select count(*) as aggregate from `member_requests` where `member_requests`.`deleted_at` is null
2018-03-01 23:00:26: select count(*) as aggregate from `member_request_doctors` where `doctors_id` = '9'
2018-03-01 23:00:26: select count(*) as aggregate from `services` where `doctors_id` = '9' and `opened_at` is null and `services`.`deleted_at` is null
2018-03-01 23:00:26: select * from `messages` where `doctors_id` = '9' and `doctor_readed_at` is null and `visible` = 1 order by `created_at` desc
2018-03-01 23:00:26: select * from `services` where `members_id` = 31 and `payment_status` = 1 and `services`.`deleted_at` is null order by `id` desc limit 1
2018-03-01 23:00:26: select * from `parameters` where `type` = 'banner'
2018-03-01 23:00:26: select * from `parameters` where `type` = 'setting' and `key` = 'service_email' limit 1
2018-03-01 23:00:47: select * from `users` where `id` = '9' and `login_type` = 2 and `status` = 1 and `users`.`deleted_at` is null limit 1
2018-03-01 23:00:47: select * from `doctors` where `doctors`.`users_id` in (9) and `doctors`.`deleted_at` is null
2018-03-01 23:00:47: select * from `services` where `doctors_id` = '9' and `members_id` is not null and `services`.`deleted_at` is null
2018-03-01 23:00:47: select * from `services` where `doctors_id` = '9' and `members_id` in (10, 35) and `payment_status` in (0, 1) and `services`.`deleted_at` is null order by `created_at` desc
2018-03-01 23:00:47: select * from `users` where `login_type` = 1 and `users`.`id` in (10, 35) and `users`.`deleted_at` is null
2018-03-01 23:00:47: select * from `parameters` where `type` = 'setting' and `key` = 'message_expire_time' limit 1
2018-03-01 23:00:47: select * from `messages` where `doctors_id` = 9 and `members_id` = 35 and `source` = 'member' order by `created_at` desc limit 1
2018-03-01 23:00:47: select * from `messages` where `doctors_id` = 9 and `members_id` = 35 and `source` = 'doctor' order by `created_at` desc limit 1
2018-03-01 23:00:47: select * from `messages` where `doctors_id` = 9 and `members_id` = 10 and `source` = 'member' order by `created_at` desc limit 1
2018-03-01 23:00:47: select * from `messages` where `doctors_id` = 9 and `members_id` = 10 and `source` = 'doctor' order by `created_at` desc limit 1
2018-03-01 23:00:47: update `services` set `opened_at` = '2018-03-01 23:00:47', `updated_at` = '2018-03-01 23:00:47' where `doctors_id` = '9' and `opened_at` is null and `services`.`deleted_at` is null
2018-03-01 23:00:47: select * from `parameters` where `type` = 'setting' and `key` = 'treatment_days_1' limit 1
2018-03-01 23:00:47: select * from `doctors` where `doctors`.`users_id` = 35 and `doctors`.`users_id` is not null and `doctors`.`deleted_at` is null limit 1
2018-03-01 23:00:47: select * from `parameters` where `type` = 'setting' and `key` = 'treatment_days_1' limit 1
2018-03-01 23:00:47: select * from `doctors` where `doctors`.`users_id` = 10 and `doctors`.`users_id` is not null and `doctors`.`deleted_at` is null limit 1
2018-03-01 23:39:15: select * from `users` where `id` = '9' and `users`.`deleted_at` is null limit 1
2018-03-01 23:39:15: select * from `doctors` where `doctors`.`users_id` = 9 and `doctors`.`users_id` is not null and `doctors`.`deleted_at` is null limit 1
2018-03-01 23:39:15: select count(*) as aggregate from `member_requests` where `member_requests`.`deleted_at` is null
2018-03-01 23:39:15: select count(*) as aggregate from `member_request_doctors` where `doctors_id` = '9'
2018-03-01 23:39:15: select count(*) as aggregate from `services` where `doctors_id` = '9' and `opened_at` is null and `services`.`deleted_at` is null
2018-03-01 23:39:15: select * from `messages` where `doctors_id` = '9' and `doctor_readed_at` is null and `visible` = 1 order by `created_at` desc
2018-03-01 23:39:15: select * from `services` where `members_id` = 31 and `payment_status` = 1 and `services`.`deleted_at` is null order by `id` desc limit 1
2018-03-01 23:39:15: select * from `parameters` where `type` = 'banner'
2018-03-01 23:39:15: select * from `parameters` where `type` = 'setting' and `key` = 'service_email' limit 1
2018-03-01 23:39:20: select * from `users` where `id` = '9' and `login_type` = 2 and `status` = 1 and `users`.`deleted_at` is null limit 1
2018-03-01 23:39:20: select * from `doctors` where `doctors`.`users_id` in (9) and `doctors`.`deleted_at` is null
2018-03-01 23:39:20: select * from `services` where `doctors_id` = '9' and `members_id` is not null and `services`.`deleted_at` is null
2018-03-01 23:39:20: select * from `services` where `doctors_id` = '9' and `members_id` in (10, 35) and `payment_status` in (0, 1) and `services`.`deleted_at` is null order by `created_at` desc
2018-03-01 23:39:20: select * from `users` where `login_type` = 1 and `users`.`id` in (10, 35) and `users`.`deleted_at` is null
2018-03-01 23:39:20: select * from `parameters` where `type` = 'setting' and `key` = 'message_expire_time' limit 1
2018-03-01 23:39:20: select * from `messages` where `doctors_id` = 9 and `members_id` = 35 and `source` = 'member' order by `created_at` desc limit 1
2018-03-01 23:39:20: select * from `messages` where `doctors_id` = 9 and `members_id` = 35 and `source` = 'doctor' order by `created_at` desc limit 1
2018-03-01 23:39:20: select * from `messages` where `doctors_id` = 9 and `members_id` = 10 and `source` = 'member' order by `created_at` desc limit 1
2018-03-01 23:39:20: select * from `messages` where `doctors_id` = 9 and `members_id` = 10 and `source` = 'doctor' order by `created_at` desc limit 1
2018-03-01 23:39:20: update `services` set `opened_at` = '2018-03-01 23:39:20', `updated_at` = '2018-03-01 23:39:20' where `doctors_id` = '9' and `opened_at` is null and `services`.`deleted_at` is null
2018-03-01 23:39:20: select * from `parameters` where `type` = 'setting' and `key` = 'treatment_days_1' limit 1
2018-03-01 23:39:20: select * from `doctors` where `doctors`.`users_id` = 35 and `doctors`.`users_id` is not null and `doctors`.`deleted_at` is null limit 1
2018-03-01 23:39:20: select * from `parameters` where `type` = 'setting' and `key` = 'treatment_days_1' limit 1
2018-03-01 23:39:20: select * from `doctors` where `doctors`.`users_id` = 10 and `doctors`.`users_id` is not null and `doctors`.`deleted_at` is null limit 1
