2018-08-13 12:51:03: select count(*) as aggregate from `users` where `id` = '60'
2018-08-13 12:51:03: select * from `users` where `id` = '60' and `users`.`deleted_at` is null limit 1
2018-08-13 12:51:03: select * from `users` where `city_id` = 1 and `login_type` = '2' and `online` = 1 and `users`.`deleted_at` is null order by `online_at` desc
2018-08-13 12:51:03: select * from `messages` where `source` = 'doctor' and `started_at` is not null and `messages`.`doctors_id` in (2, 9, 11, 12, 13, 14, 15, 16, 17, 21, 22, 23, 24, 25, 26, 44, 45) and `members_id` = '60' order by `started_at` desc
2018-08-13 12:51:03: select * from `doctors` where `users_id` = 44 and `doctors`.`deleted_at` is null limit 1
2018-08-13 12:51:03: select * from `services` where `members_id` = '60' and `payment_status` = 1 and `services`.`deleted_at` is null order by `id` desc limit 1
2018-08-13 12:51:03: select * from `doctors` where `users_id` = 45 and `doctors`.`deleted_at` is null limit 1
2018-08-13 12:51:03: select * from `services` where `members_id` = '60' and `payment_status` = 1 and `services`.`deleted_at` is null order by `id` desc limit 1
2018-08-13 12:51:03: select * from `doctors` where `users_id` = 2 and `doctors`.`deleted_at` is null limit 1
2018-08-13 12:51:03: select * from `services` where `members_id` = '60' and `payment_status` = 1 and `services`.`deleted_at` is null order by `id` desc limit 1
2018-08-13 12:51:03: select * from `doctors` where `users_id` = 24 and `doctors`.`deleted_at` is null limit 1
2018-08-13 12:51:03: select * from `services` where `members_id` = '60' and `payment_status` = 1 and `services`.`deleted_at` is null order by `id` desc limit 1
2018-08-13 12:51:03: select * from `doctors` where `users_id` = 16 and `doctors`.`deleted_at` is null limit 1
2018-08-13 12:51:03: select * from `services` where `members_id` = '60' and `payment_status` = 1 and `services`.`deleted_at` is null order by `id` desc limit 1
2018-08-13 12:51:03: select * from `doctors` where `users_id` = 11 and `doctors`.`deleted_at` is null limit 1
2018-08-13 12:51:03: select * from `services` where `members_id` = '60' and `payment_status` = 1 and `services`.`deleted_at` is null order by `id` desc limit 1
2018-08-13 12:51:03: select * from `doctors` where `users_id` = 9 and `doctors`.`deleted_at` is null limit 1
2018-08-13 12:51:03: select * from `services` where `members_id` = '60' and `payment_status` = 1 and `services`.`deleted_at` is null order by `id` desc limit 1
2018-08-13 12:51:03: select * from `doctors` where `users_id` = 21 and `doctors`.`deleted_at` is null limit 1
2018-08-13 12:51:03: select * from `services` where `members_id` = '60' and `payment_status` = 1 and `services`.`deleted_at` is null order by `id` desc limit 1
2018-08-13 12:51:03: select * from `doctors` where `users_id` = 12 and `doctors`.`deleted_at` is null limit 1
2018-08-13 12:51:03: select * from `services` where `members_id` = '60' and `payment_status` = 1 and `services`.`deleted_at` is null order by `id` desc limit 1
2018-08-13 12:51:03: select * from `doctors` where `users_id` = 13 and `doctors`.`deleted_at` is null limit 1
2018-08-13 12:51:03: select * from `services` where `members_id` = '60' and `payment_status` = 1 and `services`.`deleted_at` is null order by `id` desc limit 1
2018-08-13 12:51:03: select * from `doctors` where `users_id` = 14 and `doctors`.`deleted_at` is null limit 1
2018-08-13 12:51:03: select * from `services` where `members_id` = '60' and `payment_status` = 1 and `services`.`deleted_at` is null order by `id` desc limit 1
2018-08-13 12:51:03: select * from `doctors` where `users_id` = 15 and `doctors`.`deleted_at` is null limit 1
2018-08-13 12:51:03: select * from `services` where `members_id` = '60' and `payment_status` = 1 and `services`.`deleted_at` is null order by `id` desc limit 1
2018-08-13 12:51:03: select * from `doctors` where `users_id` = 17 and `doctors`.`deleted_at` is null limit 1
2018-08-13 12:51:03: select * from `services` where `members_id` = '60' and `payment_status` = 1 and `services`.`deleted_at` is null order by `id` desc limit 1
2018-08-13 12:51:03: select * from `doctors` where `users_id` = 22 and `doctors`.`deleted_at` is null limit 1
2018-08-13 12:51:03: select * from `services` where `members_id` = '60' and `payment_status` = 1 and `services`.`deleted_at` is null order by `id` desc limit 1
2018-08-13 12:51:03: select * from `doctors` where `users_id` = 23 and `doctors`.`deleted_at` is null limit 1
2018-08-13 12:51:03: select * from `services` where `members_id` = '60' and `payment_status` = 1 and `services`.`deleted_at` is null order by `id` desc limit 1
2018-08-13 12:51:03: select * from `doctors` where `users_id` = 25 and `doctors`.`deleted_at` is null limit 1
2018-08-13 12:51:03: select * from `services` where `members_id` = '60' and `payment_status` = 1 and `services`.`deleted_at` is null order by `id` desc limit 1
2018-08-13 12:51:03: select * from `doctors` where `users_id` = 26 and `doctors`.`deleted_at` is null limit 1
2018-08-13 12:51:03: select * from `services` where `members_id` = '60' and `payment_status` = 1 and `services`.`deleted_at` is null order by `id` desc limit 1
2018-08-13 14:53:55: select count(*) as aggregate from `users` where `id` = '60'
2018-08-13 14:53:55: select * from `users` where `id` = '60' and `users`.`deleted_at` is null limit 1
2018-08-13 14:53:55: select * from `users` where `city_id` = 1 and `login_type` = '2' and `online` = 1 and `users`.`deleted_at` is null order by `online_at` desc
2018-08-13 14:53:55: select * from `messages` where `source` = 'doctor' and `started_at` is not null and `messages`.`doctors_id` in (2, 9, 11, 12, 13, 14, 15, 16, 17, 21, 22, 23, 24, 25, 26, 44, 45) and `members_id` = '60' order by `started_at` desc
2018-08-13 14:53:55: select * from `doctors` where `users_id` = 44 and `doctors`.`deleted_at` is null limit 1
2018-08-13 14:53:55: select * from `services` where `members_id` = '60' and `payment_status` = 1 and `services`.`deleted_at` is null order by `id` desc limit 1
2018-08-13 14:53:55: select * from `doctors` where `users_id` = 45 and `doctors`.`deleted_at` is null limit 1
2018-08-13 14:53:55: select * from `services` where `members_id` = '60' and `payment_status` = 1 and `services`.`deleted_at` is null order by `id` desc limit 1
2018-08-13 14:53:55: select * from `doctors` where `users_id` = 2 and `doctors`.`deleted_at` is null limit 1
2018-08-13 14:53:55: select * from `services` where `members_id` = '60' and `payment_status` = 1 and `services`.`deleted_at` is null order by `id` desc limit 1
2018-08-13 14:53:55: select * from `doctors` where `users_id` = 24 and `doctors`.`deleted_at` is null limit 1
2018-08-13 14:53:55: select * from `services` where `members_id` = '60' and `payment_status` = 1 and `services`.`deleted_at` is null order by `id` desc limit 1
2018-08-13 14:53:55: select * from `doctors` where `users_id` = 16 and `doctors`.`deleted_at` is null limit 1
2018-08-13 14:53:55: select * from `services` where `members_id` = '60' and `payment_status` = 1 and `services`.`deleted_at` is null order by `id` desc limit 1
2018-08-13 14:53:55: select * from `doctors` where `users_id` = 11 and `doctors`.`deleted_at` is null limit 1
2018-08-13 14:53:55: select * from `services` where `members_id` = '60' and `payment_status` = 1 and `services`.`deleted_at` is null order by `id` desc limit 1
2018-08-13 14:53:55: select * from `doctors` where `users_id` = 9 and `doctors`.`deleted_at` is null limit 1
2018-08-13 14:53:55: select * from `services` where `members_id` = '60' and `payment_status` = 1 and `services`.`deleted_at` is null order by `id` desc limit 1
2018-08-13 14:53:55: select * from `doctors` where `users_id` = 21 and `doctors`.`deleted_at` is null limit 1
2018-08-13 14:53:55: select * from `services` where `members_id` = '60' and `payment_status` = 1 and `services`.`deleted_at` is null order by `id` desc limit 1
2018-08-13 14:53:55: select * from `doctors` where `users_id` = 12 and `doctors`.`deleted_at` is null limit 1
2018-08-13 14:53:55: select * from `services` where `members_id` = '60' and `payment_status` = 1 and `services`.`deleted_at` is null order by `id` desc limit 1
2018-08-13 14:53:55: select * from `doctors` where `users_id` = 13 and `doctors`.`deleted_at` is null limit 1
2018-08-13 14:53:55: select * from `services` where `members_id` = '60' and `payment_status` = 1 and `services`.`deleted_at` is null order by `id` desc limit 1
2018-08-13 14:53:55: select * from `doctors` where `users_id` = 14 and `doctors`.`deleted_at` is null limit 1
2018-08-13 14:53:55: select * from `services` where `members_id` = '60' and `payment_status` = 1 and `services`.`deleted_at` is null order by `id` desc limit 1
2018-08-13 14:53:55: select * from `doctors` where `users_id` = 15 and `doctors`.`deleted_at` is null limit 1
2018-08-13 14:53:55: select * from `services` where `members_id` = '60' and `payment_status` = 1 and `services`.`deleted_at` is null order by `id` desc limit 1
2018-08-13 14:53:55: select * from `doctors` where `users_id` = 17 and `doctors`.`deleted_at` is null limit 1
2018-08-13 14:53:55: select * from `services` where `members_id` = '60' and `payment_status` = 1 and `services`.`deleted_at` is null order by `id` desc limit 1
2018-08-13 14:53:55: select * from `doctors` where `users_id` = 22 and `doctors`.`deleted_at` is null limit 1
2018-08-13 14:53:55: select * from `services` where `members_id` = '60' and `payment_status` = 1 and `services`.`deleted_at` is null order by `id` desc limit 1
2018-08-13 14:53:55: select * from `doctors` where `users_id` = 23 and `doctors`.`deleted_at` is null limit 1
2018-08-13 14:53:55: select * from `services` where `members_id` = '60' and `payment_status` = 1 and `services`.`deleted_at` is null order by `id` desc limit 1
2018-08-13 14:53:55: select * from `doctors` where `users_id` = 25 and `doctors`.`deleted_at` is null limit 1
2018-08-13 14:53:55: select * from `services` where `members_id` = '60' and `payment_status` = 1 and `services`.`deleted_at` is null order by `id` desc limit 1
2018-08-13 14:53:55: select * from `doctors` where `users_id` = 26 and `doctors`.`deleted_at` is null limit 1
2018-08-13 14:53:55: select * from `services` where `members_id` = '60' and `payment_status` = 1 and `services`.`deleted_at` is null order by `id` desc limit 1
2018-08-13 14:53:57: select * from `users` where `id` = '2' and `users`.`deleted_at` is null limit 1
2018-08-13 14:53:57: select * from `doctors` where `doctors`.`users_id` = 2 and `doctors`.`users_id` is not null and `doctors`.`deleted_at` is null limit 1
2018-08-13 14:53:57: select count(*) as aggregate from `member_requests` where `member_requests`.`deleted_at` is null
2018-08-13 14:53:57: select count(*) as aggregate from `member_request_doctors` where `doctors_id` = '2'
2018-08-13 14:53:57: select count(*) as aggregate from `services` where `doctors_id` = '2' and `opened_at` is null and `services`.`deleted_at` is null
2018-08-13 14:53:57: select * from `messages` where `doctors_id` = '2' and `doctor_readed_at` is null and `visible` = 1 order by `created_at` desc
2018-08-13 14:53:57: select * from `services` where `members_id` = 60 and `payment_status` = 1 and `services`.`deleted_at` is null order by `id` desc limit 1
2018-08-13 14:53:57: select * from `services` where `members_id` = 47 and `payment_status` = 1 and `services`.`deleted_at` is null order by `id` desc limit 1
2018-08-13 14:53:57: select * from `parameters` where `type` = 'setting' and `key` = 'treatment_days_1' limit 1
2018-08-13 14:53:57: select * from `parameters` where `type` = 'banner'
2018-08-13 14:53:57: select * from `parameters` where `type` = 'setting' and `key` = 'service_email' limit 1
2018-08-13 14:54:11: select * from `users` where `id` = '2' and `login_type` = 2 and `status` = 1 and `users`.`deleted_at` is null limit 1
2018-08-13 14:54:11: select * from `doctors` where `doctors`.`users_id` in (2) and `doctors`.`deleted_at` is null
2018-08-13 14:54:11: select * from `services` where `doctors_id` = '2' and `payment_status` = 1 and `paid_at` > '2018-07-13 14:54:11' and `services`.`deleted_at` is null
2018-08-13 14:54:11: select * from `messages` where `doctors_id` = '2' and 1 = 1 and `visible` = 1
2018-08-13 14:54:11: select count(*) as aggregate from `users` where `id` in (7, 47, 60) and `login_type` = 1 and `users`.`deleted_at` is null
2018-08-13 14:54:11: select * from `users` where `id` in (7, 47, 60) and `login_type` = 1 and `users`.`deleted_at` is null limit 10 offset 0
2018-08-13 14:54:11: select * from `member_requests` where `member_requests`.`members_id` in (7, 47, 60) and `member_requests`.`deleted_at` is null order by `created_at` desc
2018-08-13 14:54:11: select * from `doctors` where `doctors`.`users_id` = 7 and `doctors`.`users_id` is not null and `doctors`.`deleted_at` is null limit 1
2018-08-13 14:54:11: select * from `doctors` where `doctors`.`users_id` = 47 and `doctors`.`users_id` is not null and `doctors`.`deleted_at` is null limit 1
2018-08-13 14:54:11: select * from `doctors` where `doctors`.`users_id` = 60 and `doctors`.`users_id` is not null and `doctors`.`deleted_at` is null limit 1
2018-08-13 14:54:25: select * from `users` where `id` = '2' and `users`.`deleted_at` is null limit 1
2018-08-13 14:54:25: select * from `doctors` where `doctors`.`users_id` = 2 and `doctors`.`users_id` is not null and `doctors`.`deleted_at` is null limit 1
2018-08-13 14:54:25: select count(*) as aggregate from `member_requests` where `member_requests`.`deleted_at` is null
2018-08-13 14:54:25: select count(*) as aggregate from `member_request_doctors` where `doctors_id` = '2'
2018-08-13 14:54:25: select count(*) as aggregate from `services` where `doctors_id` = '2' and `opened_at` is null and `services`.`deleted_at` is null
2018-08-13 14:54:25: select * from `messages` where `doctors_id` = '2' and `doctor_readed_at` is null and `visible` = 1 order by `created_at` desc
2018-08-13 14:54:25: select * from `services` where `members_id` = 60 and `payment_status` = 1 and `services`.`deleted_at` is null order by `id` desc limit 1
2018-08-13 14:54:25: select * from `services` where `members_id` = 47 and `payment_status` = 1 and `services`.`deleted_at` is null order by `id` desc limit 1
2018-08-13 14:54:25: select * from `parameters` where `type` = 'setting' and `key` = 'treatment_days_1' limit 1
2018-08-13 14:54:25: select * from `parameters` where `type` = 'banner'
2018-08-13 14:54:25: select * from `parameters` where `type` = 'setting' and `key` = 'service_email' limit 1
2018-08-13 14:54:32: select * from `users` where `id` = '2' and `login_type` = 2 and `status` = 1 and `users`.`deleted_at` is null limit 1
2018-08-13 14:54:32: select * from `doctors` where `doctors`.`users_id` in (2) and `doctors`.`deleted_at` is null
2018-08-13 14:54:32: select * from `services` where `doctors_id` = '2' and `payment_status` = 1 and `paid_at` > '2018-07-13 14:54:32' and `services`.`deleted_at` is null
2018-08-13 14:54:32: select * from `messages` where `doctors_id` = '2' and 1 = 1 and `visible` = 1
2018-08-13 14:54:32: select count(*) as aggregate from `users` where `id` in (7, 47, 60) and `login_type` = 1 and `users`.`deleted_at` is null
2018-08-13 14:54:32: select * from `users` where `id` in (7, 47, 60) and `login_type` = 1 and `users`.`deleted_at` is null limit 10 offset 0
2018-08-13 14:54:32: select * from `member_requests` where `member_requests`.`members_id` in (7, 47, 60) and `member_requests`.`deleted_at` is null order by `created_at` desc
2018-08-13 14:54:32: select * from `doctors` where `doctors`.`users_id` = 7 and `doctors`.`users_id` is not null and `doctors`.`deleted_at` is null limit 1
2018-08-13 14:54:32: select * from `doctors` where `doctors`.`users_id` = 47 and `doctors`.`users_id` is not null and `doctors`.`deleted_at` is null limit 1
2018-08-13 14:54:32: select * from `doctors` where `doctors`.`users_id` = 60 and `doctors`.`users_id` is not null and `doctors`.`deleted_at` is null limit 1
2018-08-13 21:06:19: select * from `users` where `id` = '2' and `users`.`deleted_at` is null limit 1
2018-08-13 21:06:19: select * from `doctors` where `doctors`.`users_id` = 2 and `doctors`.`users_id` is not null and `doctors`.`deleted_at` is null limit 1
2018-08-13 21:06:19: select count(*) as aggregate from `member_requests` where `member_requests`.`deleted_at` is null
2018-08-13 21:06:19: select count(*) as aggregate from `member_request_doctors` where `doctors_id` = '2'
2018-08-13 21:06:19: select count(*) as aggregate from `services` where `doctors_id` = '2' and `opened_at` is null and `services`.`deleted_at` is null
2018-08-13 21:06:19: select * from `messages` where `doctors_id` = '2' and `doctor_readed_at` is null and `visible` = 1 order by `created_at` desc
2018-08-13 21:06:19: select * from `services` where `members_id` = 60 and `payment_status` = 1 and `services`.`deleted_at` is null order by `id` desc limit 1
2018-08-13 21:06:19: select * from `services` where `members_id` = 47 and `payment_status` = 1 and `services`.`deleted_at` is null order by `id` desc limit 1
2018-08-13 21:06:19: select * from `parameters` where `type` = 'setting' and `key` = 'treatment_days_1' limit 1
2018-08-13 21:06:19: select * from `parameters` where `type` = 'banner'
2018-08-13 21:06:19: select * from `parameters` where `type` = 'setting' and `key` = 'service_email' limit 1
