2018-03-19 02:42:40: select * from `users` where `id` = '2' and `users`.`deleted_at` is null limit 1
2018-03-19 02:42:40: select * from `doctors` where `doctors`.`users_id` = 2 and `doctors`.`users_id` is not null and `doctors`.`deleted_at` is null limit 1
2018-03-19 02:42:40: select count(*) as aggregate from `member_requests` where `member_requests`.`deleted_at` is null
2018-03-19 02:42:40: select count(*) as aggregate from `member_request_doctors` where `doctors_id` = '2'
2018-03-19 02:42:40: select count(*) as aggregate from `services` where `doctors_id` = '2' and `opened_at` is null and `services`.`deleted_at` is null
2018-03-19 02:42:40: select * from `messages` where `doctors_id` = '2' and `doctor_readed_at` is null and `visible` = 1 order by `created_at` desc
2018-03-19 02:42:40: select * from `parameters` where `type` = 'banner'
2018-03-19 02:42:40: select * from `parameters` where `type` = 'setting' and `key` = 'service_email' limit 1
2018-03-19 09:55:27: select * from `users` where `id` = '45' and `users`.`deleted_at` is null limit 1
2018-03-19 09:55:27: select * from `doctors` where `doctors`.`users_id` = 45 and `doctors`.`users_id` is not null and `doctors`.`deleted_at` is null limit 1
2018-03-19 09:55:27: select count(*) as aggregate from `member_requests` where `member_requests`.`deleted_at` is null
2018-03-19 09:55:27: select count(*) as aggregate from `member_request_doctors` where `doctors_id` = '45'
2018-03-19 09:55:27: select count(*) as aggregate from `services` where `doctors_id` = '45' and `opened_at` is null and `services`.`deleted_at` is null
2018-03-19 09:55:27: select * from `messages` where `doctors_id` = '45' and `doctor_readed_at` is null and `visible` = 1 order by `created_at` desc
2018-03-19 09:55:27: select * from `parameters` where `type` = 'banner'
2018-03-19 09:55:27: select * from `parameters` where `type` = 'setting' and `key` = 'service_email' limit 1
2018-03-19 09:56:33: select count(*) as aggregate from `users` where `id` = '43'
2018-03-19 09:56:33: select * from `users` where `id` = '43' and `users`.`deleted_at` is null limit 1
2018-03-19 09:56:33: select * from `users` where `city_id` = 1 and `login_type` = '2' and `online` = 1 and `users`.`deleted_at` is null order by `online_at` desc
2018-03-19 09:56:33: select * from `messages` where `source` = 'doctor' and `started_at` is not null and `messages`.`doctors_id` in (2, 9, 11, 12, 13, 14, 15, 16, 17, 21, 22, 23, 24, 25, 26, 44, 45) and `members_id` = '43' order by `started_at` desc
2018-03-19 09:56:33: select * from `doctors` where `users_id` = 44 and `doctors`.`deleted_at` is null limit 1
2018-03-19 09:56:33: select * from `services` where `members_id` = '43' and `payment_status` = 1 and `services`.`deleted_at` is null order by `id` desc limit 1
2018-03-19 09:56:33: select * from `doctors` where `users_id` = 45 and `doctors`.`deleted_at` is null limit 1
2018-03-19 09:56:33: select * from `services` where `members_id` = '43' and `payment_status` = 1 and `services`.`deleted_at` is null order by `id` desc limit 1
2018-03-19 09:56:33: select * from `doctors` where `users_id` = 24 and `doctors`.`deleted_at` is null limit 1
2018-03-19 09:56:33: select * from `services` where `members_id` = '43' and `payment_status` = 1 and `services`.`deleted_at` is null order by `id` desc limit 1
2018-03-19 09:56:33: select * from `doctors` where `users_id` = 16 and `doctors`.`deleted_at` is null limit 1
2018-03-19 09:56:33: select * from `services` where `members_id` = '43' and `payment_status` = 1 and `services`.`deleted_at` is null order by `id` desc limit 1
2018-03-19 09:56:33: select * from `doctors` where `users_id` = 11 and `doctors`.`deleted_at` is null limit 1
2018-03-19 09:56:33: select * from `services` where `members_id` = '43' and `payment_status` = 1 and `services`.`deleted_at` is null order by `id` desc limit 1
2018-03-19 09:56:33: select * from `doctors` where `users_id` = 2 and `doctors`.`deleted_at` is null limit 1
2018-03-19 09:56:33: select * from `services` where `members_id` = '43' and `payment_status` = 1 and `services`.`deleted_at` is null order by `id` desc limit 1
2018-03-19 09:56:33: select * from `doctors` where `users_id` = 9 and `doctors`.`deleted_at` is null limit 1
2018-03-19 09:56:33: select * from `services` where `members_id` = '43' and `payment_status` = 1 and `services`.`deleted_at` is null order by `id` desc limit 1
2018-03-19 09:56:33: select * from `doctors` where `users_id` = 21 and `doctors`.`deleted_at` is null limit 1
2018-03-19 09:56:33: select * from `services` where `members_id` = '43' and `payment_status` = 1 and `services`.`deleted_at` is null order by `id` desc limit 1
2018-03-19 09:56:33: select * from `doctors` where `users_id` = 12 and `doctors`.`deleted_at` is null limit 1
2018-03-19 09:56:33: select * from `services` where `members_id` = '43' and `payment_status` = 1 and `services`.`deleted_at` is null order by `id` desc limit 1
2018-03-19 09:56:33: select * from `doctors` where `users_id` = 13 and `doctors`.`deleted_at` is null limit 1
2018-03-19 09:56:33: select * from `services` where `members_id` = '43' and `payment_status` = 1 and `services`.`deleted_at` is null order by `id` desc limit 1
2018-03-19 09:56:33: select * from `doctors` where `users_id` = 14 and `doctors`.`deleted_at` is null limit 1
2018-03-19 09:56:33: select * from `services` where `members_id` = '43' and `payment_status` = 1 and `services`.`deleted_at` is null order by `id` desc limit 1
2018-03-19 09:56:33: select * from `doctors` where `users_id` = 15 and `doctors`.`deleted_at` is null limit 1
2018-03-19 09:56:33: select * from `services` where `members_id` = '43' and `payment_status` = 1 and `services`.`deleted_at` is null order by `id` desc limit 1
2018-03-19 09:56:33: select * from `doctors` where `users_id` = 17 and `doctors`.`deleted_at` is null limit 1
2018-03-19 09:56:33: select * from `services` where `members_id` = '43' and `payment_status` = 1 and `services`.`deleted_at` is null order by `id` desc limit 1
2018-03-19 09:56:33: select * from `doctors` where `users_id` = 22 and `doctors`.`deleted_at` is null limit 1
2018-03-19 09:56:33: select * from `services` where `members_id` = '43' and `payment_status` = 1 and `services`.`deleted_at` is null order by `id` desc limit 1
2018-03-19 09:56:33: select * from `doctors` where `users_id` = 23 and `doctors`.`deleted_at` is null limit 1
2018-03-19 09:56:33: select * from `services` where `members_id` = '43' and `payment_status` = 1 and `services`.`deleted_at` is null order by `id` desc limit 1
2018-03-19 09:56:33: select * from `doctors` where `users_id` = 25 and `doctors`.`deleted_at` is null limit 1
2018-03-19 09:56:33: select * from `services` where `members_id` = '43' and `payment_status` = 1 and `services`.`deleted_at` is null order by `id` desc limit 1
2018-03-19 09:56:33: select * from `doctors` where `users_id` = 26 and `doctors`.`deleted_at` is null limit 1
2018-03-19 09:56:33: select * from `services` where `members_id` = '43' and `payment_status` = 1 and `services`.`deleted_at` is null order by `id` desc limit 1
2018-03-19 09:56:33: select count(*) as aggregate from `users` where `id` = '43'
2018-03-19 09:56:33: select * from `users` where `id` = '43' and `users`.`deleted_at` is null limit 1
2018-03-19 09:56:33: select * from `users` where `city_id` = 1 and `login_type` = '2' and `online` = 1 and `users`.`deleted_at` is null order by `online_at` desc
2018-03-19 09:56:33: select * from `messages` where `source` = 'doctor' and `started_at` is not null and `messages`.`doctors_id` in (2, 9, 11, 12, 13, 14, 15, 16, 17, 21, 22, 23, 24, 25, 26, 44, 45) and `members_id` = '43' order by `started_at` desc
2018-03-19 09:56:33: select * from `doctors` where `users_id` = 44 and `doctors`.`deleted_at` is null limit 1
2018-03-19 09:56:33: select * from `services` where `members_id` = '43' and `payment_status` = 1 and `services`.`deleted_at` is null order by `id` desc limit 1
2018-03-19 09:56:33: select * from `doctors` where `users_id` = 45 and `doctors`.`deleted_at` is null limit 1
2018-03-19 09:56:33: select * from `services` where `members_id` = '43' and `payment_status` = 1 and `services`.`deleted_at` is null order by `id` desc limit 1
2018-03-19 09:56:33: select * from `doctors` where `users_id` = 24 and `doctors`.`deleted_at` is null limit 1
2018-03-19 09:56:33: select * from `services` where `members_id` = '43' and `payment_status` = 1 and `services`.`deleted_at` is null order by `id` desc limit 1
2018-03-19 09:56:33: select * from `doctors` where `users_id` = 16 and `doctors`.`deleted_at` is null limit 1
2018-03-19 09:56:33: select * from `services` where `members_id` = '43' and `payment_status` = 1 and `services`.`deleted_at` is null order by `id` desc limit 1
2018-03-19 09:56:33: select * from `doctors` where `users_id` = 11 and `doctors`.`deleted_at` is null limit 1
2018-03-19 09:56:33: select * from `services` where `members_id` = '43' and `payment_status` = 1 and `services`.`deleted_at` is null order by `id` desc limit 1
2018-03-19 09:56:33: select * from `doctors` where `users_id` = 2 and `doctors`.`deleted_at` is null limit 1
2018-03-19 09:56:33: select * from `services` where `members_id` = '43' and `payment_status` = 1 and `services`.`deleted_at` is null order by `id` desc limit 1
2018-03-19 09:56:33: select * from `doctors` where `users_id` = 9 and `doctors`.`deleted_at` is null limit 1
2018-03-19 09:56:33: select * from `services` where `members_id` = '43' and `payment_status` = 1 and `services`.`deleted_at` is null order by `id` desc limit 1
2018-03-19 09:56:33: select * from `doctors` where `users_id` = 21 and `doctors`.`deleted_at` is null limit 1
2018-03-19 09:56:33: select * from `services` where `members_id` = '43' and `payment_status` = 1 and `services`.`deleted_at` is null order by `id` desc limit 1
2018-03-19 09:56:33: select * from `doctors` where `users_id` = 12 and `doctors`.`deleted_at` is null limit 1
2018-03-19 09:56:33: select * from `services` where `members_id` = '43' and `payment_status` = 1 and `services`.`deleted_at` is null order by `id` desc limit 1
2018-03-19 09:56:33: select * from `doctors` where `users_id` = 13 and `doctors`.`deleted_at` is null limit 1
2018-03-19 09:56:33: select * from `services` where `members_id` = '43' and `payment_status` = 1 and `services`.`deleted_at` is null order by `id` desc limit 1
2018-03-19 09:56:33: select * from `doctors` where `users_id` = 14 and `doctors`.`deleted_at` is null limit 1
2018-03-19 09:56:33: select * from `services` where `members_id` = '43' and `payment_status` = 1 and `services`.`deleted_at` is null order by `id` desc limit 1
2018-03-19 09:56:33: select * from `doctors` where `users_id` = 15 and `doctors`.`deleted_at` is null limit 1
2018-03-19 09:56:33: select * from `services` where `members_id` = '43' and `payment_status` = 1 and `services`.`deleted_at` is null order by `id` desc limit 1
2018-03-19 09:56:33: select * from `doctors` where `users_id` = 17 and `doctors`.`deleted_at` is null limit 1
2018-03-19 09:56:33: select * from `services` where `members_id` = '43' and `payment_status` = 1 and `services`.`deleted_at` is null order by `id` desc limit 1
2018-03-19 09:56:33: select * from `doctors` where `users_id` = 22 and `doctors`.`deleted_at` is null limit 1
2018-03-19 09:56:33: select * from `services` where `members_id` = '43' and `payment_status` = 1 and `services`.`deleted_at` is null order by `id` desc limit 1
2018-03-19 09:56:33: select * from `doctors` where `users_id` = 23 and `doctors`.`deleted_at` is null limit 1
2018-03-19 09:56:33: select * from `services` where `members_id` = '43' and `payment_status` = 1 and `services`.`deleted_at` is null order by `id` desc limit 1
2018-03-19 09:56:33: select * from `doctors` where `users_id` = 25 and `doctors`.`deleted_at` is null limit 1
2018-03-19 09:56:33: select * from `services` where `members_id` = '43' and `payment_status` = 1 and `services`.`deleted_at` is null order by `id` desc limit 1
2018-03-19 09:56:33: select * from `doctors` where `users_id` = 26 and `doctors`.`deleted_at` is null limit 1
2018-03-19 09:56:33: select * from `services` where `members_id` = '43' and `payment_status` = 1 and `services`.`deleted_at` is null order by `id` desc limit 1
2018-03-19 09:56:46: select count(*) as aggregate from `users` where `id` = '43'
2018-03-19 09:56:46: select * from `users` where `id` = '43' and `users`.`deleted_at` is null limit 1
2018-03-19 09:56:46: select * from `users` where `city_id` = 1 and `login_type` = '2' and `online` = 1 and `users`.`deleted_at` is null order by `online_at` desc
2018-03-19 09:56:46: select * from `messages` where `source` = 'doctor' and `started_at` is not null and `messages`.`doctors_id` in (2, 9, 11, 12, 13, 14, 15, 16, 17, 21, 22, 23, 24, 25, 26, 44, 45) and `members_id` = '43' order by `started_at` desc
2018-03-19 09:56:46: select * from `doctors` where `users_id` = 44 and `doctors`.`deleted_at` is null limit 1
2018-03-19 09:56:46: select * from `services` where `members_id` = '43' and `payment_status` = 1 and `services`.`deleted_at` is null order by `id` desc limit 1
2018-03-19 09:56:46: select * from `doctors` where `users_id` = 45 and `doctors`.`deleted_at` is null limit 1
2018-03-19 09:56:46: select * from `services` where `members_id` = '43' and `payment_status` = 1 and `services`.`deleted_at` is null order by `id` desc limit 1
2018-03-19 09:56:46: select * from `doctors` where `users_id` = 24 and `doctors`.`deleted_at` is null limit 1
2018-03-19 09:56:46: select * from `services` where `members_id` = '43' and `payment_status` = 1 and `services`.`deleted_at` is null order by `id` desc limit 1
2018-03-19 09:56:46: select * from `doctors` where `users_id` = 16 and `doctors`.`deleted_at` is null limit 1
2018-03-19 09:56:46: select * from `services` where `members_id` = '43' and `payment_status` = 1 and `services`.`deleted_at` is null order by `id` desc limit 1
2018-03-19 09:56:46: select * from `doctors` where `users_id` = 11 and `doctors`.`deleted_at` is null limit 1
2018-03-19 09:56:46: select * from `services` where `members_id` = '43' and `payment_status` = 1 and `services`.`deleted_at` is null order by `id` desc limit 1
2018-03-19 09:56:46: select * from `doctors` where `users_id` = 2 and `doctors`.`deleted_at` is null limit 1
2018-03-19 09:56:46: select * from `services` where `members_id` = '43' and `payment_status` = 1 and `services`.`deleted_at` is null order by `id` desc limit 1
2018-03-19 09:56:46: select * from `doctors` where `users_id` = 9 and `doctors`.`deleted_at` is null limit 1
2018-03-19 09:56:46: select * from `services` where `members_id` = '43' and `payment_status` = 1 and `services`.`deleted_at` is null order by `id` desc limit 1
2018-03-19 09:56:46: select * from `doctors` where `users_id` = 21 and `doctors`.`deleted_at` is null limit 1
2018-03-19 09:56:46: select * from `services` where `members_id` = '43' and `payment_status` = 1 and `services`.`deleted_at` is null order by `id` desc limit 1
2018-03-19 09:56:46: select * from `doctors` where `users_id` = 12 and `doctors`.`deleted_at` is null limit 1
2018-03-19 09:56:46: select * from `services` where `members_id` = '43' and `payment_status` = 1 and `services`.`deleted_at` is null order by `id` desc limit 1
2018-03-19 09:56:46: select * from `doctors` where `users_id` = 13 and `doctors`.`deleted_at` is null limit 1
2018-03-19 09:56:46: select * from `services` where `members_id` = '43' and `payment_status` = 1 and `services`.`deleted_at` is null order by `id` desc limit 1
2018-03-19 09:56:46: select * from `doctors` where `users_id` = 14 and `doctors`.`deleted_at` is null limit 1
2018-03-19 09:56:46: select * from `services` where `members_id` = '43' and `payment_status` = 1 and `services`.`deleted_at` is null order by `id` desc limit 1
2018-03-19 09:56:46: select * from `doctors` where `users_id` = 15 and `doctors`.`deleted_at` is null limit 1
2018-03-19 09:56:46: select * from `services` where `members_id` = '43' and `payment_status` = 1 and `services`.`deleted_at` is null order by `id` desc limit 1
2018-03-19 09:56:46: select * from `doctors` where `users_id` = 17 and `doctors`.`deleted_at` is null limit 1
2018-03-19 09:56:46: select * from `services` where `members_id` = '43' and `payment_status` = 1 and `services`.`deleted_at` is null order by `id` desc limit 1
2018-03-19 09:56:46: select * from `doctors` where `users_id` = 22 and `doctors`.`deleted_at` is null limit 1
2018-03-19 09:56:46: select count(*) as aggregate from `users` where `id` = '43'
2018-03-19 09:56:46: select * from `services` where `members_id` = '43' and `payment_status` = 1 and `services`.`deleted_at` is null order by `id` desc limit 1
2018-03-19 09:56:46: select * from `users` where `id` = '43' and `users`.`deleted_at` is null limit 1
2018-03-19 09:56:46: select * from `doctors` where `users_id` = 23 and `doctors`.`deleted_at` is null limit 1
2018-03-19 09:56:46: select * from `services` where `members_id` = '43' and `payment_status` = 1 and `services`.`deleted_at` is null order by `id` desc limit 1
2018-03-19 09:56:46: select * from `users` where `city_id` = 1 and `login_type` = '2' and `online` = 1 and `users`.`deleted_at` is null order by `online_at` desc
2018-03-19 09:56:46: select * from `doctors` where `users_id` = 25 and `doctors`.`deleted_at` is null limit 1
2018-03-19 09:56:46: select * from `services` where `members_id` = '43' and `payment_status` = 1 and `services`.`deleted_at` is null order by `id` desc limit 1
2018-03-19 09:56:46: select * from `messages` where `source` = 'doctor' and `started_at` is not null and `messages`.`doctors_id` in (2, 9, 11, 12, 13, 14, 15, 16, 17, 21, 22, 23, 24, 25, 26, 44, 45) and `members_id` = '43' order by `started_at` desc
2018-03-19 09:56:46: select * from `doctors` where `users_id` = 26 and `doctors`.`deleted_at` is null limit 1
2018-03-19 09:56:46: select * from `doctors` where `users_id` = 44 and `doctors`.`deleted_at` is null limit 1
2018-03-19 09:56:46: select * from `services` where `members_id` = '43' and `payment_status` = 1 and `services`.`deleted_at` is null order by `id` desc limit 1
2018-03-19 09:56:46: select * from `services` where `members_id` = '43' and `payment_status` = 1 and `services`.`deleted_at` is null order by `id` desc limit 1
2018-03-19 09:56:46: select * from `doctors` where `users_id` = 45 and `doctors`.`deleted_at` is null limit 1
2018-03-19 09:56:46: select * from `services` where `members_id` = '43' and `payment_status` = 1 and `services`.`deleted_at` is null order by `id` desc limit 1
2018-03-19 09:56:46: select * from `doctors` where `users_id` = 24 and `doctors`.`deleted_at` is null limit 1
2018-03-19 09:56:46: select * from `services` where `members_id` = '43' and `payment_status` = 1 and `services`.`deleted_at` is null order by `id` desc limit 1
2018-03-19 09:56:46: select * from `doctors` where `users_id` = 16 and `doctors`.`deleted_at` is null limit 1
2018-03-19 09:56:46: select * from `services` where `members_id` = '43' and `payment_status` = 1 and `services`.`deleted_at` is null order by `id` desc limit 1
2018-03-19 09:56:46: select * from `doctors` where `users_id` = 11 and `doctors`.`deleted_at` is null limit 1
2018-03-19 09:56:46: select * from `services` where `members_id` = '43' and `payment_status` = 1 and `services`.`deleted_at` is null order by `id` desc limit 1
2018-03-19 09:56:46: select * from `doctors` where `users_id` = 2 and `doctors`.`deleted_at` is null limit 1
2018-03-19 09:56:46: select * from `services` where `members_id` = '43' and `payment_status` = 1 and `services`.`deleted_at` is null order by `id` desc limit 1
2018-03-19 09:56:46: select * from `doctors` where `users_id` = 9 and `doctors`.`deleted_at` is null limit 1
2018-03-19 09:56:46: select * from `services` where `members_id` = '43' and `payment_status` = 1 and `services`.`deleted_at` is null order by `id` desc limit 1
2018-03-19 09:56:46: select * from `doctors` where `users_id` = 21 and `doctors`.`deleted_at` is null limit 1
2018-03-19 09:56:46: select * from `services` where `members_id` = '43' and `payment_status` = 1 and `services`.`deleted_at` is null order by `id` desc limit 1
2018-03-19 09:56:46: select * from `doctors` where `users_id` = 12 and `doctors`.`deleted_at` is null limit 1
2018-03-19 09:56:46: select * from `services` where `members_id` = '43' and `payment_status` = 1 and `services`.`deleted_at` is null order by `id` desc limit 1
2018-03-19 09:56:46: select * from `doctors` where `users_id` = 13 and `doctors`.`deleted_at` is null limit 1
2018-03-19 09:56:46: select * from `services` where `members_id` = '43' and `payment_status` = 1 and `services`.`deleted_at` is null order by `id` desc limit 1
2018-03-19 09:56:46: select * from `doctors` where `users_id` = 14 and `doctors`.`deleted_at` is null limit 1
2018-03-19 09:56:46: select * from `services` where `members_id` = '43' and `payment_status` = 1 and `services`.`deleted_at` is null order by `id` desc limit 1
2018-03-19 09:56:46: select * from `doctors` where `users_id` = 15 and `doctors`.`deleted_at` is null limit 1
2018-03-19 09:56:46: select * from `services` where `members_id` = '43' and `payment_status` = 1 and `services`.`deleted_at` is null order by `id` desc limit 1
2018-03-19 09:56:46: select * from `doctors` where `users_id` = 17 and `doctors`.`deleted_at` is null limit 1
2018-03-19 09:56:46: select * from `services` where `members_id` = '43' and `payment_status` = 1 and `services`.`deleted_at` is null order by `id` desc limit 1
2018-03-19 09:56:46: select * from `doctors` where `users_id` = 22 and `doctors`.`deleted_at` is null limit 1
2018-03-19 09:56:46: select * from `services` where `members_id` = '43' and `payment_status` = 1 and `services`.`deleted_at` is null order by `id` desc limit 1
2018-03-19 09:56:46: select * from `doctors` where `users_id` = 23 and `doctors`.`deleted_at` is null limit 1
2018-03-19 09:56:46: select * from `services` where `members_id` = '43' and `payment_status` = 1 and `services`.`deleted_at` is null order by `id` desc limit 1
2018-03-19 09:56:46: select * from `doctors` where `users_id` = 25 and `doctors`.`deleted_at` is null limit 1
2018-03-19 09:56:46: select * from `services` where `members_id` = '43' and `payment_status` = 1 and `services`.`deleted_at` is null order by `id` desc limit 1
2018-03-19 09:56:46: select * from `doctors` where `users_id` = 26 and `doctors`.`deleted_at` is null limit 1
2018-03-19 09:56:46: select * from `services` where `members_id` = '43' and `payment_status` = 1 and `services`.`deleted_at` is null order by `id` desc limit 1
2018-03-19 09:57:01: select count(*) as aggregate from `users` where `id` = '43'
2018-03-19 09:57:01: select * from `users` where `id` = '43' and `users`.`deleted_at` is null limit 1
2018-03-19 09:57:01: select * from `users` where `city_id` = 1 and `login_type` = '2' and `online` = 1 and `users`.`deleted_at` is null order by `online_at` desc
2018-03-19 09:57:01: select * from `messages` where `source` = 'doctor' and `started_at` is not null and `messages`.`doctors_id` in (2, 9, 11, 12, 13, 14, 15, 16, 17, 21, 22, 23, 24, 25, 26, 44, 45) and `members_id` = '43' order by `started_at` desc
2018-03-19 09:57:01: select * from `doctors` where `users_id` = 44 and `doctors`.`deleted_at` is null limit 1
2018-03-19 09:57:01: select * from `services` where `members_id` = '43' and `payment_status` = 1 and `services`.`deleted_at` is null order by `id` desc limit 1
2018-03-19 09:57:01: select * from `doctors` where `users_id` = 45 and `doctors`.`deleted_at` is null limit 1
2018-03-19 09:57:01: select * from `services` where `members_id` = '43' and `payment_status` = 1 and `services`.`deleted_at` is null order by `id` desc limit 1
2018-03-19 09:57:01: select * from `doctors` where `users_id` = 24 and `doctors`.`deleted_at` is null limit 1
2018-03-19 09:57:01: select * from `services` where `members_id` = '43' and `payment_status` = 1 and `services`.`deleted_at` is null order by `id` desc limit 1
2018-03-19 09:57:01: select * from `doctors` where `users_id` = 16 and `doctors`.`deleted_at` is null limit 1
2018-03-19 09:57:01: select * from `services` where `members_id` = '43' and `payment_status` = 1 and `services`.`deleted_at` is null order by `id` desc limit 1
2018-03-19 09:57:01: select * from `doctors` where `users_id` = 11 and `doctors`.`deleted_at` is null limit 1
2018-03-19 09:57:01: select * from `services` where `members_id` = '43' and `payment_status` = 1 and `services`.`deleted_at` is null order by `id` desc limit 1
2018-03-19 09:57:01: select * from `doctors` where `users_id` = 2 and `doctors`.`deleted_at` is null limit 1
2018-03-19 09:57:01: select * from `services` where `members_id` = '43' and `payment_status` = 1 and `services`.`deleted_at` is null order by `id` desc limit 1
2018-03-19 09:57:01: select * from `doctors` where `users_id` = 9 and `doctors`.`deleted_at` is null limit 1
2018-03-19 09:57:01: select * from `services` where `members_id` = '43' and `payment_status` = 1 and `services`.`deleted_at` is null order by `id` desc limit 1
2018-03-19 09:57:01: select * from `doctors` where `users_id` = 21 and `doctors`.`deleted_at` is null limit 1
2018-03-19 09:57:01: select * from `services` where `members_id` = '43' and `payment_status` = 1 and `services`.`deleted_at` is null order by `id` desc limit 1
2018-03-19 09:57:01: select * from `doctors` where `users_id` = 12 and `doctors`.`deleted_at` is null limit 1
2018-03-19 09:57:01: select * from `services` where `members_id` = '43' and `payment_status` = 1 and `services`.`deleted_at` is null order by `id` desc limit 1
2018-03-19 09:57:01: select * from `doctors` where `users_id` = 13 and `doctors`.`deleted_at` is null limit 1
2018-03-19 09:57:01: select * from `services` where `members_id` = '43' and `payment_status` = 1 and `services`.`deleted_at` is null order by `id` desc limit 1
2018-03-19 09:57:01: select * from `doctors` where `users_id` = 14 and `doctors`.`deleted_at` is null limit 1
2018-03-19 09:57:01: select * from `services` where `members_id` = '43' and `payment_status` = 1 and `services`.`deleted_at` is null order by `id` desc limit 1
2018-03-19 09:57:01: select * from `doctors` where `users_id` = 15 and `doctors`.`deleted_at` is null limit 1
2018-03-19 09:57:01: select * from `services` where `members_id` = '43' and `payment_status` = 1 and `services`.`deleted_at` is null order by `id` desc limit 1
2018-03-19 09:57:01: select * from `doctors` where `users_id` = 17 and `doctors`.`deleted_at` is null limit 1
2018-03-19 09:57:01: select * from `services` where `members_id` = '43' and `payment_status` = 1 and `services`.`deleted_at` is null order by `id` desc limit 1
2018-03-19 09:57:01: select * from `doctors` where `users_id` = 22 and `doctors`.`deleted_at` is null limit 1
2018-03-19 09:57:01: select * from `services` where `members_id` = '43' and `payment_status` = 1 and `services`.`deleted_at` is null order by `id` desc limit 1
2018-03-19 09:57:01: select * from `doctors` where `users_id` = 23 and `doctors`.`deleted_at` is null limit 1
2018-03-19 09:57:01: select * from `services` where `members_id` = '43' and `payment_status` = 1 and `services`.`deleted_at` is null order by `id` desc limit 1
2018-03-19 09:57:01: select * from `doctors` where `users_id` = 25 and `doctors`.`deleted_at` is null limit 1
2018-03-19 09:57:01: select * from `services` where `members_id` = '43' and `payment_status` = 1 and `services`.`deleted_at` is null order by `id` desc limit 1
2018-03-19 09:57:01: select * from `doctors` where `users_id` = 26 and `doctors`.`deleted_at` is null limit 1
2018-03-19 09:57:01: select * from `services` where `members_id` = '43' and `payment_status` = 1 and `services`.`deleted_at` is null order by `id` desc limit 1
2018-03-19 09:57:01: select count(*) as aggregate from `users` where `id` = '43'
2018-03-19 09:57:01: select * from `users` where `id` = '43' and `users`.`deleted_at` is null limit 1
2018-03-19 09:57:01: select * from `users` where `city_id` = 1 and `login_type` = '2' and `online` = 1 and `users`.`deleted_at` is null order by `online_at` desc
2018-03-19 09:57:01: select * from `messages` where `source` = 'doctor' and `started_at` is not null and `messages`.`doctors_id` in (2, 9, 11, 12, 13, 14, 15, 16, 17, 21, 22, 23, 24, 25, 26, 44, 45) and `members_id` = '43' order by `started_at` desc
2018-03-19 09:57:01: select * from `doctors` where `users_id` = 44 and `doctors`.`deleted_at` is null limit 1
2018-03-19 09:57:01: select * from `services` where `members_id` = '43' and `payment_status` = 1 and `services`.`deleted_at` is null order by `id` desc limit 1
2018-03-19 09:57:01: select * from `doctors` where `users_id` = 45 and `doctors`.`deleted_at` is null limit 1
2018-03-19 09:57:01: select * from `services` where `members_id` = '43' and `payment_status` = 1 and `services`.`deleted_at` is null order by `id` desc limit 1
2018-03-19 09:57:01: select * from `doctors` where `users_id` = 24 and `doctors`.`deleted_at` is null limit 1
2018-03-19 09:57:01: select * from `services` where `members_id` = '43' and `payment_status` = 1 and `services`.`deleted_at` is null order by `id` desc limit 1
2018-03-19 09:57:01: select * from `doctors` where `users_id` = 16 and `doctors`.`deleted_at` is null limit 1
2018-03-19 09:57:01: select * from `services` where `members_id` = '43' and `payment_status` = 1 and `services`.`deleted_at` is null order by `id` desc limit 1
2018-03-19 09:57:01: select * from `doctors` where `users_id` = 11 and `doctors`.`deleted_at` is null limit 1
2018-03-19 09:57:01: select * from `services` where `members_id` = '43' and `payment_status` = 1 and `services`.`deleted_at` is null order by `id` desc limit 1
2018-03-19 09:57:01: select * from `doctors` where `users_id` = 2 and `doctors`.`deleted_at` is null limit 1
2018-03-19 09:57:01: select * from `services` where `members_id` = '43' and `payment_status` = 1 and `services`.`deleted_at` is null order by `id` desc limit 1
2018-03-19 09:57:01: select * from `doctors` where `users_id` = 9 and `doctors`.`deleted_at` is null limit 1
2018-03-19 09:57:01: select * from `services` where `members_id` = '43' and `payment_status` = 1 and `services`.`deleted_at` is null order by `id` desc limit 1
2018-03-19 09:57:01: select * from `doctors` where `users_id` = 21 and `doctors`.`deleted_at` is null limit 1
2018-03-19 09:57:01: select * from `services` where `members_id` = '43' and `payment_status` = 1 and `services`.`deleted_at` is null order by `id` desc limit 1
2018-03-19 09:57:01: select * from `doctors` where `users_id` = 12 and `doctors`.`deleted_at` is null limit 1
2018-03-19 09:57:01: select * from `services` where `members_id` = '43' and `payment_status` = 1 and `services`.`deleted_at` is null order by `id` desc limit 1
2018-03-19 09:57:01: select * from `doctors` where `users_id` = 13 and `doctors`.`deleted_at` is null limit 1
2018-03-19 09:57:01: select * from `services` where `members_id` = '43' and `payment_status` = 1 and `services`.`deleted_at` is null order by `id` desc limit 1
2018-03-19 09:57:01: select * from `doctors` where `users_id` = 14 and `doctors`.`deleted_at` is null limit 1
2018-03-19 09:57:01: select * from `services` where `members_id` = '43' and `payment_status` = 1 and `services`.`deleted_at` is null order by `id` desc limit 1
2018-03-19 09:57:01: select * from `doctors` where `users_id` = 15 and `doctors`.`deleted_at` is null limit 1
2018-03-19 09:57:01: select * from `services` where `members_id` = '43' and `payment_status` = 1 and `services`.`deleted_at` is null order by `id` desc limit 1
2018-03-19 09:57:01: select * from `doctors` where `users_id` = 17 and `doctors`.`deleted_at` is null limit 1
2018-03-19 09:57:01: select * from `services` where `members_id` = '43' and `payment_status` = 1 and `services`.`deleted_at` is null order by `id` desc limit 1
2018-03-19 09:57:01: select * from `doctors` where `users_id` = 22 and `doctors`.`deleted_at` is null limit 1
2018-03-19 09:57:01: select * from `services` where `members_id` = '43' and `payment_status` = 1 and `services`.`deleted_at` is null order by `id` desc limit 1
2018-03-19 09:57:01: select * from `doctors` where `users_id` = 23 and `doctors`.`deleted_at` is null limit 1
2018-03-19 09:57:01: select * from `services` where `members_id` = '43' and `payment_status` = 1 and `services`.`deleted_at` is null order by `id` desc limit 1
2018-03-19 09:57:01: select * from `doctors` where `users_id` = 25 and `doctors`.`deleted_at` is null limit 1
2018-03-19 09:57:01: select * from `services` where `members_id` = '43' and `payment_status` = 1 and `services`.`deleted_at` is null order by `id` desc limit 1
2018-03-19 09:57:01: select * from `doctors` where `users_id` = 26 and `doctors`.`deleted_at` is null limit 1
2018-03-19 09:57:01: select * from `services` where `members_id` = '43' and `payment_status` = 1 and `services`.`deleted_at` is null order by `id` desc limit 1
2018-03-19 09:57:37: select * from `users` where `id` = '45' and `login_type` = 2 and `status` = 1 and `users`.`deleted_at` is null limit 1
2018-03-19 09:57:37: select * from `doctors` where `doctors`.`users_id` in (45) and `doctors`.`deleted_at` is null
2018-03-19 09:57:37: select * from `services` where `doctors_id` = '45' and `payment_status` = 1 and `paid_at` > '2018-02-19 09:57:37' and `services`.`deleted_at` is null
2018-03-19 09:57:37: select * from `messages` where `doctors_id` = '45' and 1 = 1 and `visible` = 1
2018-03-19 09:57:37: select count(*) as aggregate from `users` where `id` in (43) and `login_type` = 1 and `users`.`deleted_at` is null
2018-03-19 09:57:37: select * from `users` where `id` in (43) and `login_type` = 1 and `users`.`deleted_at` is null limit 10 offset 0
2018-03-19 09:57:37: select * from `member_requests` where `member_requests`.`members_id` in (43) and `member_requests`.`deleted_at` is null order by `created_at` desc
2018-03-19 09:57:37: select * from `doctors` where `doctors`.`users_id` = 43 and `doctors`.`users_id` is not null and `doctors`.`deleted_at` is null limit 1
2018-03-19 09:57:42: select * from `users` where `id` = '45' and `users`.`deleted_at` is null limit 1
2018-03-19 09:57:42: select * from `doctors` where `doctors`.`users_id` = 45 and `doctors`.`users_id` is not null and `doctors`.`deleted_at` is null limit 1
2018-03-19 09:57:42: select count(*) as aggregate from `member_requests` where `member_requests`.`deleted_at` is null
2018-03-19 09:57:42: select count(*) as aggregate from `member_request_doctors` where `doctors_id` = '45'
2018-03-19 09:57:42: select count(*) as aggregate from `services` where `doctors_id` = '45' and `opened_at` is null and `services`.`deleted_at` is null
2018-03-19 09:57:42: select * from `messages` where `doctors_id` = '45' and `doctor_readed_at` is null and `visible` = 1 order by `created_at` desc
2018-03-19 09:57:42: select * from `parameters` where `type` = 'banner'
2018-03-19 09:57:42: select * from `parameters` where `type` = 'setting' and `key` = 'service_email' limit 1
2018-03-19 09:57:45: select * from `users` where `id` = '45' and `users`.`deleted_at` is null limit 1
2018-03-19 09:57:45: select * from `doctors` where `doctors`.`users_id` = 45 and `doctors`.`users_id` is not null and `doctors`.`deleted_at` is null limit 1
2018-03-19 09:57:57: select * from `users` where `id` = '45' and `users`.`deleted_at` is null limit 1
2018-03-19 09:57:57: select * from `doctors` where `doctors`.`users_id` = 45 and `doctors`.`users_id` is not null and `doctors`.`deleted_at` is null limit 1
2018-03-19 09:58:02: select * from `users` where `id` = '45' and `users`.`deleted_at` is null limit 1
2018-03-19 09:58:02: select * from `doctors` where `doctors`.`users_id` = 45 and `doctors`.`users_id` is not null and `doctors`.`deleted_at` is null limit 1
2018-03-19 09:58:04: select * from `users` where `id` = '45' and `users`.`deleted_at` is null limit 1
2018-03-19 09:58:04: select * from `doctors` where `doctors`.`users_id` = 45 and `doctors`.`users_id` is not null and `doctors`.`deleted_at` is null limit 1
2018-03-19 17:45:52: select * from `users` where `id` = '45' and `users`.`deleted_at` is null limit 1
2018-03-19 17:45:52: select * from `doctors` where `doctors`.`users_id` = 45 and `doctors`.`users_id` is not null and `doctors`.`deleted_at` is null limit 1
2018-03-19 17:45:52: select count(*) as aggregate from `member_requests` where `member_requests`.`deleted_at` is null
2018-03-19 17:45:52: select count(*) as aggregate from `member_request_doctors` where `doctors_id` = '45'
2018-03-19 17:45:52: select count(*) as aggregate from `services` where `doctors_id` = '45' and `opened_at` is null and `services`.`deleted_at` is null
2018-03-19 17:45:52: select * from `messages` where `doctors_id` = '45' and `doctor_readed_at` is null and `visible` = 1 order by `created_at` desc
2018-03-19 17:45:52: select * from `parameters` where `type` = 'banner'
2018-03-19 17:45:52: select * from `parameters` where `type` = 'setting' and `key` = 'service_email' limit 1
2018-03-19 17:45:53: select * from `users` where `id` = '45' and `login_type` = 2 and `status` = 1 and `users`.`deleted_at` is null limit 1
2018-03-19 17:45:53: select * from `doctors` where `doctors`.`users_id` in (45) and `doctors`.`deleted_at` is null
2018-03-19 17:45:53: select * from `services` where `doctors_id` = '45' and `members_id` is not null and `services`.`deleted_at` is null
2018-03-19 17:45:53: select * from `services` where `doctors_id` = '45' and `members_id` in (43) and `payment_status` in (0, 1) and `services`.`deleted_at` is null order by `created_at` desc
2018-03-19 17:45:53: select * from `users` where `login_type` = 1 and `users`.`id` in (43) and `users`.`deleted_at` is null
2018-03-19 17:45:53: select * from `parameters` where `type` = 'setting' and `key` = 'message_expire_time' limit 1
2018-03-19 17:45:53: select * from `messages` where `doctors_id` = 45 and `members_id` = 43 and `source` = 'member' order by `created_at` desc limit 1
2018-03-19 17:45:53: select * from `messages` where `doctors_id` = 45 and `members_id` = 43 and `source` = 'doctor' order by `created_at` desc limit 1
2018-03-19 17:45:53: update `services` set `opened_at` = '2018-03-19 17:45:53', `updated_at` = '2018-03-19 17:45:53' where `doctors_id` = '45' and `opened_at` is null and `services`.`deleted_at` is null
2018-03-19 17:45:53: select * from `doctors` where `doctors`.`users_id` = 43 and `doctors`.`users_id` is not null and `doctors`.`deleted_at` is null limit 1
2018-03-19 17:45:53: select * from `parameters` where `parameters`.`key` = 1 and `parameters`.`key` is not null and `type` = 'city' limit 1
2018-03-19 17:45:56: select * from `users` where `id` = '45' and `login_type` = 2 and `status` = 1 and `users`.`deleted_at` is null limit 1
2018-03-19 17:45:56: select * from `doctors` where `doctors`.`users_id` in (45) and `doctors`.`deleted_at` is null
2018-03-19 17:45:56: select * from `services` where `doctors_id` = '45' and `members_id` is not null and `services`.`deleted_at` is null
2018-03-19 17:45:56: select * from `services` where `doctors_id` = '45' and `members_id` in (43) and `payment_status` in (0, 1) and `services`.`deleted_at` is null order by `created_at` desc
2018-03-19 17:45:56: select * from `users` where `login_type` = 1 and `users`.`id` in (43) and `users`.`deleted_at` is null
2018-03-19 17:45:56: select * from `parameters` where `type` = 'setting' and `key` = 'message_expire_time' limit 1
2018-03-19 17:45:56: select * from `messages` where `doctors_id` = 45 and `members_id` = 43 and `source` = 'member' order by `created_at` desc limit 1
2018-03-19 17:45:56: select * from `messages` where `doctors_id` = 45 and `members_id` = 43 and `source` = 'doctor' order by `created_at` desc limit 1
2018-03-19 17:45:56: update `services` set `opened_at` = '2018-03-19 17:45:56', `updated_at` = '2018-03-19 17:45:56' where `doctors_id` = '45' and `opened_at` is null and `services`.`deleted_at` is null
2018-03-19 17:45:56: select * from `doctors` where `doctors`.`users_id` = 43 and `doctors`.`users_id` is not null and `doctors`.`deleted_at` is null limit 1
2018-03-19 17:45:57: select * from `users` where `id` = '45' and `users`.`deleted_at` is null limit 1
2018-03-19 17:45:57: select * from `doctors` where `doctors`.`users_id` = 45 and `doctors`.`users_id` is not null and `doctors`.`deleted_at` is null limit 1
2018-03-19 17:45:57: select count(*) as aggregate from `member_requests` where `member_requests`.`deleted_at` is null
2018-03-19 17:45:57: select count(*) as aggregate from `member_request_doctors` where `doctors_id` = '45'
2018-03-19 17:45:57: select count(*) as aggregate from `services` where `doctors_id` = '45' and `opened_at` is null and `services`.`deleted_at` is null
2018-03-19 17:45:57: select * from `messages` where `doctors_id` = '45' and `doctor_readed_at` is null and `visible` = 1 order by `created_at` desc
2018-03-19 17:45:57: select * from `parameters` where `type` = 'banner'
2018-03-19 17:45:57: select * from `parameters` where `type` = 'setting' and `key` = 'service_email' limit 1
2018-03-19 17:46:04: select * from `users` where `id` = '45' and `login_type` = 2 and `status` = 1 and `users`.`deleted_at` is null limit 1
2018-03-19 17:46:04: select * from `doctors` where `doctors`.`users_id` in (45) and `doctors`.`deleted_at` is null
2018-03-19 17:46:04: select * from `services` where `doctors_id` = '45' and `members_id` is not null and `services`.`deleted_at` is null
2018-03-19 17:46:04: select * from `services` where `doctors_id` = '45' and `members_id` in (43) and `payment_status` in (0, 1) and `services`.`deleted_at` is null order by `created_at` desc
2018-03-19 17:46:04: select * from `users` where `login_type` = 1 and `users`.`id` in (43) and `users`.`deleted_at` is null
2018-03-19 17:46:04: select * from `parameters` where `type` = 'setting' and `key` = 'message_expire_time' limit 1
2018-03-19 17:46:04: select * from `messages` where `doctors_id` = 45 and `members_id` = 43 and `source` = 'member' order by `created_at` desc limit 1
2018-03-19 17:46:04: select * from `messages` where `doctors_id` = 45 and `members_id` = 43 and `source` = 'doctor' order by `created_at` desc limit 1
2018-03-19 17:46:04: update `services` set `opened_at` = '2018-03-19 17:46:04', `updated_at` = '2018-03-19 17:46:04' where `doctors_id` = '45' and `opened_at` is null and `services`.`deleted_at` is null
2018-03-19 17:46:04: select * from `doctors` where `doctors`.`users_id` = 43 and `doctors`.`users_id` is not null and `doctors`.`deleted_at` is null limit 1
2018-03-19 17:46:08: select * from `users` where `id` = '45' and `login_type` = 2 and `status` = 1 and `users`.`deleted_at` is null limit 1
2018-03-19 17:46:08: select * from `doctors` where `doctors`.`users_id` in (45) and `doctors`.`deleted_at` is null
2018-03-19 17:46:08: select * from `services` where `doctors_id` = '45' and `members_id` is not null and `services`.`deleted_at` is null
2018-03-19 17:46:08: select * from `services` where `doctors_id` = '45' and `members_id` in (43) and `payment_status` in (0, 1) and `services`.`deleted_at` is null order by `created_at` desc
2018-03-19 17:46:08: select * from `users` where `login_type` = 1 and `users`.`id` in (43) and `users`.`deleted_at` is null
2018-03-19 17:46:08: select * from `parameters` where `type` = 'setting' and `key` = 'message_expire_time' limit 1
2018-03-19 17:46:08: select * from `messages` where `doctors_id` = 45 and `members_id` = 43 and `source` = 'member' order by `created_at` desc limit 1
2018-03-19 17:46:08: select * from `messages` where `doctors_id` = 45 and `members_id` = 43 and `source` = 'doctor' order by `created_at` desc limit 1
2018-03-19 17:46:08: update `services` set `opened_at` = '2018-03-19 17:46:08', `updated_at` = '2018-03-19 17:46:08' where `doctors_id` = '45' and `opened_at` is null and `services`.`deleted_at` is null
2018-03-19 17:46:08: select * from `doctors` where `doctors`.`users_id` = 43 and `doctors`.`users_id` is not null and `doctors`.`deleted_at` is null limit 1
2018-03-19 17:46:09: select * from `users` where `id` = '45' and `users`.`deleted_at` is null limit 1
2018-03-19 17:46:09: select * from `doctors` where `doctors`.`users_id` = 45 and `doctors`.`users_id` is not null and `doctors`.`deleted_at` is null limit 1
2018-03-19 17:46:09: select count(*) as aggregate from `member_requests` where `member_requests`.`deleted_at` is null
2018-03-19 17:46:09: select count(*) as aggregate from `member_request_doctors` where `doctors_id` = '45'
2018-03-19 17:46:09: select count(*) as aggregate from `services` where `doctors_id` = '45' and `opened_at` is null and `services`.`deleted_at` is null
2018-03-19 17:46:09: select * from `messages` where `doctors_id` = '45' and `doctor_readed_at` is null and `visible` = 1 order by `created_at` desc
2018-03-19 17:46:09: select * from `parameters` where `type` = 'banner'
2018-03-19 17:46:09: select * from `parameters` where `type` = 'setting' and `key` = 'service_email' limit 1
