2018-01-30 00:13:55: select * from `users` where `id` = '11' and `users`.`deleted_at` is null limit 1
2018-01-30 00:13:55: select * from `doctors` where `doctors`.`users_id` = 11 and `doctors`.`users_id` is not null and `doctors`.`deleted_at` is null limit 1
2018-01-30 00:13:55: select count(*) as aggregate from `member_requests` where `member_requests`.`deleted_at` is null
2018-01-30 00:13:55: select count(*) as aggregate from `member_request_doctors` where `doctors_id` = '11'
2018-01-30 00:13:55: select count(*) as aggregate from `services` where `doctors_id` = '11' and `opened_at` is null and `services`.`deleted_at` is null
2018-01-30 00:13:55: select * from `messages` where `doctors_id` = '11' and `doctor_readed_at` is null and `visible` = 1 order by `created_at` desc
2018-01-30 00:13:55: select * from `parameters` where `type` = 'banner'
2018-01-30 00:13:55: select * from `parameters` where `type` = 'setting' and `key` = 'service_email' limit 1
2018-01-30 00:14:04: select * from `users` where `id` = '11' and `users`.`deleted_at` is null limit 1
2018-01-30 00:14:04: select * from `doctors` where `doctors`.`users_id` = 11 and `doctors`.`users_id` is not null and `doctors`.`deleted_at` is null limit 1
2018-01-30 00:14:04: select count(*) as aggregate from `member_requests` where `member_requests`.`deleted_at` is null
2018-01-30 00:14:04: select count(*) as aggregate from `member_request_doctors` where `doctors_id` = '11'
2018-01-30 00:14:04: select count(*) as aggregate from `services` where `doctors_id` = '11' and `opened_at` is null and `services`.`deleted_at` is null
2018-01-30 00:14:04: select * from `messages` where `doctors_id` = '11' and `doctor_readed_at` is null and `visible` = 1 order by `created_at` desc
2018-01-30 00:14:04: select * from `parameters` where `type` = 'banner'
2018-01-30 00:14:04: select * from `parameters` where `type` = 'setting' and `key` = 'service_email' limit 1
2018-01-30 00:14:07: select * from `users` where `id` = '11' and `users`.`deleted_at` is null limit 1
2018-01-30 00:14:07: select * from `doctors` where `doctors`.`users_id` = 11 and `doctors`.`users_id` is not null and `doctors`.`deleted_at` is null limit 1
2018-01-30 00:14:07: select count(*) as aggregate from `member_requests` where `member_requests`.`deleted_at` is null
2018-01-30 00:14:07: select count(*) as aggregate from `member_request_doctors` where `doctors_id` = '11'
2018-01-30 00:14:07: select count(*) as aggregate from `services` where `doctors_id` = '11' and `opened_at` is null and `services`.`deleted_at` is null
2018-01-30 00:14:07: select * from `messages` where `doctors_id` = '11' and `doctor_readed_at` is null and `visible` = 1 order by `created_at` desc
2018-01-30 00:14:07: select * from `parameters` where `type` = 'banner'
2018-01-30 00:14:07: select * from `parameters` where `type` = 'setting' and `key` = 'service_email' limit 1
2018-01-30 00:14:08: select * from `users` where `id` = '11' and `login_type` = 2 and `status` = 1 and `users`.`deleted_at` is null limit 1
2018-01-30 00:14:08: select * from `doctors` where `doctors`.`users_id` in (11) and `doctors`.`deleted_at` is null
2018-01-30 00:14:08: select * from `services` where `doctors_id` = '11' and `members_id` is not null and `services`.`deleted_at` is null
2018-01-30 00:14:08: select * from `services` where `doctors_id` = '11' and 0 = 1 and `payment_status` in (0, 1) and `services`.`deleted_at` is null order by `created_at` desc
2018-01-30 00:14:08: select * from `parameters` where `type` = 'setting' and `key` = 'message_expire_time' limit 1
2018-01-30 00:14:08: update `services` set `opened_at` = '2018-01-30 00:14:08', `updated_at` = '2018-01-30 00:14:08' where `doctors_id` = '11' and `opened_at` is null and `services`.`deleted_at` is null
2018-01-30 00:14:10: select * from `users` where `id` = '11' and `users`.`deleted_at` is null limit 1
2018-01-30 00:14:10: select * from `doctors` where `doctors`.`users_id` = 11 and `doctors`.`users_id` is not null and `doctors`.`deleted_at` is null limit 1
2018-01-30 00:14:10: select count(*) as aggregate from `member_requests` where `member_requests`.`deleted_at` is null
2018-01-30 00:14:10: select count(*) as aggregate from `member_request_doctors` where `doctors_id` = '11'
2018-01-30 00:14:10: select count(*) as aggregate from `services` where `doctors_id` = '11' and `opened_at` is null and `services`.`deleted_at` is null
2018-01-30 00:14:10: select * from `messages` where `doctors_id` = '11' and `doctor_readed_at` is null and `visible` = 1 order by `created_at` desc
2018-01-30 00:14:10: select * from `parameters` where `type` = 'banner'
2018-01-30 00:14:10: select * from `parameters` where `type` = 'setting' and `key` = 'service_email' limit 1
2018-01-30 00:14:12: select * from `users` where `id` = '11' and `users`.`deleted_at` is null limit 1
2018-01-30 00:14:12: select * from `doctors` where `doctors`.`users_id` = 11 and `doctors`.`users_id` is not null and `doctors`.`deleted_at` is null limit 1
2018-01-30 00:14:18: select * from `users` where `id` = '11' and `users`.`deleted_at` is null limit 1
2018-01-30 00:14:18: select * from `doctors` where `doctors`.`users_id` = 11 and `doctors`.`users_id` is not null and `doctors`.`deleted_at` is null limit 1
2018-01-30 00:14:18: select count(*) as aggregate from `member_requests` where `member_requests`.`deleted_at` is null
2018-01-30 00:14:18: select count(*) as aggregate from `member_request_doctors` where `doctors_id` = '11'
2018-01-30 00:14:18: select count(*) as aggregate from `services` where `doctors_id` = '11' and `opened_at` is null and `services`.`deleted_at` is null
2018-01-30 00:14:18: select * from `messages` where `doctors_id` = '11' and `doctor_readed_at` is null and `visible` = 1 order by `created_at` desc
2018-01-30 00:14:18: select * from `parameters` where `type` = 'banner'
2018-01-30 00:14:18: select * from `parameters` where `type` = 'setting' and `key` = 'service_email' limit 1
2018-01-30 00:14:27: select * from `users` where `id` = '11' and `login_type` = 2 and `status` = 1 and `users`.`deleted_at` is null limit 1
2018-01-30 00:14:27: select * from `doctors` where `doctors`.`users_id` in (11) and `doctors`.`deleted_at` is null
2018-01-30 00:14:27: select * from `services` where `doctors_id` = '11' and `payment_status` = 1 and `paid_at` > '2017-12-30 00:14:27' and `services`.`deleted_at` is null
2018-01-30 00:14:27: select * from `messages` where `doctors_id` = '11' and 1 = 1 and `visible` = 1
2018-01-30 00:14:27: select count(*) as aggregate from `users` where 0 = 1 and `login_type` = 1 and `users`.`deleted_at` is null
2018-01-30 00:14:30: select * from `users` where `id` = '11' and `users`.`deleted_at` is null limit 1
2018-01-30 00:14:30: select * from `doctors` where `doctors`.`users_id` = 11 and `doctors`.`users_id` is not null and `doctors`.`deleted_at` is null limit 1
2018-01-30 00:14:30: select count(*) as aggregate from `member_requests` where `member_requests`.`deleted_at` is null
2018-01-30 00:14:30: select count(*) as aggregate from `member_request_doctors` where `doctors_id` = '11'
2018-01-30 00:14:30: select count(*) as aggregate from `services` where `doctors_id` = '11' and `opened_at` is null and `services`.`deleted_at` is null
2018-01-30 00:14:30: select * from `messages` where `doctors_id` = '11' and `doctor_readed_at` is null and `visible` = 1 order by `created_at` desc
2018-01-30 00:14:30: select * from `parameters` where `type` = 'banner'
2018-01-30 00:14:30: select * from `parameters` where `type` = 'setting' and `key` = 'service_email' limit 1
2018-01-30 00:14:32: select * from `users` where `id` = '11' and `login_type` = 2 and `status` = 1 and `users`.`deleted_at` is null limit 1
2018-01-30 00:14:32: select * from `doctors` where `doctors`.`users_id` in (11) and `doctors`.`deleted_at` is null
2018-01-30 00:14:32: select * from `services` where `doctors_id` = '11' and `members_id` is not null and `services`.`deleted_at` is null
2018-01-30 00:14:32: select * from `services` where `doctors_id` = '11' and 0 = 1 and `payment_status` = 1 and `services`.`deleted_at` is null order by `created_at` desc
2018-01-30 00:14:32: select * from `parameters` where `type` = 'setting' and `key` = 'message_expire_time' limit 1
2018-01-30 00:14:32: update `services` set `opened_at` = '2018-01-30 00:14:32', `updated_at` = '2018-01-30 00:14:32' where `doctors_id` = '11' and `opened_at` is null and `services`.`deleted_at` is null
2018-01-30 00:14:34: select * from `users` where `id` = '11' and `users`.`deleted_at` is null limit 1
2018-01-30 00:14:34: select * from `doctors` where `doctors`.`users_id` = 11 and `doctors`.`users_id` is not null and `doctors`.`deleted_at` is null limit 1
2018-01-30 00:14:34: select count(*) as aggregate from `member_requests` where `member_requests`.`deleted_at` is null
2018-01-30 00:14:34: select count(*) as aggregate from `member_request_doctors` where `doctors_id` = '11'
2018-01-30 00:14:34: select count(*) as aggregate from `services` where `doctors_id` = '11' and `opened_at` is null and `services`.`deleted_at` is null
2018-01-30 00:14:34: select * from `messages` where `doctors_id` = '11' and `doctor_readed_at` is null and `visible` = 1 order by `created_at` desc
2018-01-30 00:14:34: select * from `parameters` where `type` = 'banner'
2018-01-30 00:14:34: select * from `parameters` where `type` = 'setting' and `key` = 'service_email' limit 1
2018-01-30 00:14:36: select * from `users` where `id` = '11' and `users`.`deleted_at` is null limit 1
2018-01-30 00:14:36: select * from `doctors` where `doctors`.`users_id` = 11 and `doctors`.`users_id` is not null and `doctors`.`deleted_at` is null limit 1
2018-01-30 00:14:43: select * from `users` where `id` = '11' and `users`.`deleted_at` is null limit 1
2018-01-30 00:14:43: select * from `doctors` where `doctors`.`users_id` = 11 and `doctors`.`users_id` is not null and `doctors`.`deleted_at` is null limit 1
2018-01-30 00:14:43: select count(*) as aggregate from `member_requests` where `member_requests`.`deleted_at` is null
2018-01-30 00:14:43: select count(*) as aggregate from `member_request_doctors` where `doctors_id` = '11'
2018-01-30 00:14:43: select count(*) as aggregate from `services` where `doctors_id` = '11' and `opened_at` is null and `services`.`deleted_at` is null
2018-01-30 00:14:43: select * from `messages` where `doctors_id` = '11' and `doctor_readed_at` is null and `visible` = 1 order by `created_at` desc
2018-01-30 00:14:43: select * from `parameters` where `type` = 'banner'
2018-01-30 00:14:43: select * from `parameters` where `type` = 'setting' and `key` = 'service_email' limit 1
2018-01-30 00:14:43: select * from `users` where `id` = '11' and `login_type` = 2 and `status` = 1 and `users`.`deleted_at` is null limit 1
2018-01-30 00:14:43: select * from `doctors` where `doctors`.`users_id` in (11) and `doctors`.`deleted_at` is null
2018-01-30 00:14:43: select * from `services` where `doctors_id` = '11' and `members_id` is not null and `services`.`deleted_at` is null
2018-01-30 00:14:43: select * from `services` where `doctors_id` = '11' and 0 = 1 and `payment_status` in (0, 1) and `services`.`deleted_at` is null order by `created_at` desc
2018-01-30 00:14:43: select * from `parameters` where `type` = 'setting' and `key` = 'message_expire_time' limit 1
2018-01-30 00:14:43: update `services` set `opened_at` = '2018-01-30 00:14:43', `updated_at` = '2018-01-30 00:14:43' where `doctors_id` = '11' and `opened_at` is null and `services`.`deleted_at` is null
2018-01-30 00:14:46: select * from `users` where `id` = '11' and `users`.`deleted_at` is null limit 1
2018-01-30 00:14:46: select * from `doctors` where `doctors`.`users_id` = 11 and `doctors`.`users_id` is not null and `doctors`.`deleted_at` is null limit 1
2018-01-30 00:14:46: select count(*) as aggregate from `member_requests` where `member_requests`.`deleted_at` is null
2018-01-30 00:14:46: select count(*) as aggregate from `member_request_doctors` where `doctors_id` = '11'
2018-01-30 00:14:46: select count(*) as aggregate from `services` where `doctors_id` = '11' and `opened_at` is null and `services`.`deleted_at` is null
2018-01-30 00:14:46: select * from `messages` where `doctors_id` = '11' and `doctor_readed_at` is null and `visible` = 1 order by `created_at` desc
2018-01-30 00:14:46: select * from `parameters` where `type` = 'banner'
2018-01-30 00:14:46: select * from `parameters` where `type` = 'setting' and `key` = 'service_email' limit 1
2018-01-30 00:15:00: select * from `users` where `id` = '11' and `users`.`deleted_at` is null limit 1
2018-01-30 00:15:00: select * from `doctors` where `doctors`.`users_id` = 11 and `doctors`.`users_id` is not null and `doctors`.`deleted_at` is null limit 1
2018-01-30 00:15:00: select count(*) as aggregate from `member_requests` where `member_requests`.`deleted_at` is null
2018-01-30 00:15:00: select count(*) as aggregate from `member_request_doctors` where `doctors_id` = '11'
2018-01-30 00:15:00: select count(*) as aggregate from `services` where `doctors_id` = '11' and `opened_at` is null and `services`.`deleted_at` is null
2018-01-30 00:15:00: select * from `messages` where `doctors_id` = '11' and `doctor_readed_at` is null and `visible` = 1 order by `created_at` desc
2018-01-30 00:15:00: select * from `parameters` where `type` = 'banner'
2018-01-30 00:15:00: select * from `parameters` where `type` = 'setting' and `key` = 'service_email' limit 1
2018-01-30 10:55:26: select * from `users` where `id` = '25' and `users`.`deleted_at` is null limit 1
2018-01-30 10:55:26: select * from `doctors` where `doctors`.`users_id` = 25 and `doctors`.`users_id` is not null and `doctors`.`deleted_at` is null limit 1
2018-01-30 10:55:26: select count(*) as aggregate from `member_requests` where `member_requests`.`deleted_at` is null
2018-01-30 10:55:26: select count(*) as aggregate from `member_request_doctors` where `doctors_id` = '25'
2018-01-30 10:55:26: select count(*) as aggregate from `services` where `doctors_id` = '25' and `opened_at` is null and `services`.`deleted_at` is null
2018-01-30 10:55:26: select * from `messages` where `doctors_id` = '25' and `doctor_readed_at` is null and `visible` = 1 order by `created_at` desc
2018-01-30 10:55:26: select * from `parameters` where `type` = 'banner'
2018-01-30 10:55:26: select * from `parameters` where `type` = 'setting' and `key` = 'service_email' limit 1
2018-01-30 10:55:33: select * from `users` where `id` = '25' and `login_type` = 2 and `status` = 1 and `users`.`deleted_at` is null limit 1
2018-01-30 10:55:33: select * from `doctors` where `doctors`.`users_id` in (25) and `doctors`.`deleted_at` is null
2018-01-30 10:55:33: select * from `services` where `doctors_id` = '25' and `members_id` is not null and `services`.`deleted_at` is null
2018-01-30 10:55:33: select * from `services` where `doctors_id` = '25' and 0 = 1 and `payment_status` = 1 and `services`.`deleted_at` is null order by `created_at` desc
2018-01-30 10:55:33: select * from `parameters` where `type` = 'setting' and `key` = 'message_expire_time' limit 1
2018-01-30 10:55:33: update `services` set `opened_at` = '2018-01-30 10:55:33', `updated_at` = '2018-01-30 10:55:33' where `doctors_id` = '25' and `opened_at` is null and `services`.`deleted_at` is null
2018-01-30 10:55:35: select * from `users` where `id` = '25' and `users`.`deleted_at` is null limit 1
2018-01-30 10:55:35: select * from `doctors` where `doctors`.`users_id` = 25 and `doctors`.`users_id` is not null and `doctors`.`deleted_at` is null limit 1
2018-01-30 10:55:35: select count(*) as aggregate from `member_requests` where `member_requests`.`deleted_at` is null
2018-01-30 10:55:35: select count(*) as aggregate from `member_request_doctors` where `doctors_id` = '25'
2018-01-30 10:55:35: select count(*) as aggregate from `services` where `doctors_id` = '25' and `opened_at` is null and `services`.`deleted_at` is null
2018-01-30 10:55:35: select * from `messages` where `doctors_id` = '25' and `doctor_readed_at` is null and `visible` = 1 order by `created_at` desc
2018-01-30 10:55:35: select * from `parameters` where `type` = 'banner'
2018-01-30 10:55:35: select * from `parameters` where `type` = 'setting' and `key` = 'service_email' limit 1
2018-01-30 10:55:39: select * from `users` where `id` = '25' and `users`.`deleted_at` is null limit 1
2018-01-30 10:55:39: select * from `doctors` where `doctors`.`users_id` = 25 and `doctors`.`users_id` is not null and `doctors`.`deleted_at` is null limit 1
2018-01-30 10:55:42: select * from `users` where `id` = '25' and `users`.`deleted_at` is null limit 1
2018-01-30 10:55:42: select * from `doctors` where `doctors`.`users_id` = 25 and `doctors`.`users_id` is not null and `doctors`.`deleted_at` is null limit 1
2018-01-30 10:55:42: select count(*) as aggregate from `member_requests` where `member_requests`.`deleted_at` is null
2018-01-30 10:55:42: select count(*) as aggregate from `member_request_doctors` where `doctors_id` = '25'
2018-01-30 10:55:42: select count(*) as aggregate from `services` where `doctors_id` = '25' and `opened_at` is null and `services`.`deleted_at` is null
2018-01-30 10:55:42: select * from `messages` where `doctors_id` = '25' and `doctor_readed_at` is null and `visible` = 1 order by `created_at` desc
2018-01-30 10:55:42: select * from `parameters` where `type` = 'banner'
2018-01-30 10:55:42: select * from `parameters` where `type` = 'setting' and `key` = 'service_email' limit 1
2018-01-30 10:55:43: select * from `users` where `id` = '25' and `login_type` = 2 and `status` = 1 and `users`.`deleted_at` is null limit 1
2018-01-30 10:55:43: select * from `doctors` where `doctors`.`users_id` in (25) and `doctors`.`deleted_at` is null
2018-01-30 10:55:43: select * from `services` where `doctors_id` = '25' and `members_id` is not null and `services`.`deleted_at` is null
2018-01-30 10:55:43: select * from `services` where `doctors_id` = '25' and 0 = 1 and `payment_status` in (0, 1) and `services`.`deleted_at` is null order by `created_at` desc
2018-01-30 10:55:43: select * from `parameters` where `type` = 'setting' and `key` = 'message_expire_time' limit 1
2018-01-30 10:55:43: update `services` set `opened_at` = '2018-01-30 10:55:43', `updated_at` = '2018-01-30 10:55:43' where `doctors_id` = '25' and `opened_at` is null and `services`.`deleted_at` is null
2018-01-30 10:55:46: select * from `users` where `id` = '25' and `users`.`deleted_at` is null limit 1
2018-01-30 10:55:46: select * from `doctors` where `doctors`.`users_id` = 25 and `doctors`.`users_id` is not null and `doctors`.`deleted_at` is null limit 1
2018-01-30 10:55:46: select count(*) as aggregate from `member_requests` where `member_requests`.`deleted_at` is null
2018-01-30 10:55:46: select count(*) as aggregate from `member_request_doctors` where `doctors_id` = '25'
2018-01-30 10:55:46: select count(*) as aggregate from `services` where `doctors_id` = '25' and `opened_at` is null and `services`.`deleted_at` is null
2018-01-30 10:55:46: select * from `messages` where `doctors_id` = '25' and `doctor_readed_at` is null and `visible` = 1 order by `created_at` desc
2018-01-30 10:55:46: select * from `parameters` where `type` = 'banner'
2018-01-30 10:55:46: select * from `parameters` where `type` = 'setting' and `key` = 'service_email' limit 1
2018-01-30 10:55:49: select * from `users` where `id` = '25' and `users`.`deleted_at` is null limit 1
2018-01-30 10:55:49: select * from `doctors` where `doctors`.`users_id` = 25 and `doctors`.`users_id` is not null and `doctors`.`deleted_at` is null limit 1
2018-01-30 10:55:51: select * from `users` where `id` = '25' and `users`.`deleted_at` is null limit 1
2018-01-30 10:55:51: select * from `doctors` where `doctors`.`users_id` = 25 and `doctors`.`users_id` is not null and `doctors`.`deleted_at` is null limit 1
2018-01-30 10:55:51: select count(*) as aggregate from `member_requests` where `member_requests`.`deleted_at` is null
2018-01-30 10:55:51: select count(*) as aggregate from `member_request_doctors` where `doctors_id` = '25'
2018-01-30 10:55:51: select count(*) as aggregate from `services` where `doctors_id` = '25' and `opened_at` is null and `services`.`deleted_at` is null
2018-01-30 10:55:51: select * from `messages` where `doctors_id` = '25' and `doctor_readed_at` is null and `visible` = 1 order by `created_at` desc
2018-01-30 10:55:51: select * from `parameters` where `type` = 'banner'
2018-01-30 10:55:51: select * from `parameters` where `type` = 'setting' and `key` = 'service_email' limit 1
2018-01-30 10:55:55: select * from `users` where `id` = '25' and `login_type` = 2 and `status` = 1 and `users`.`deleted_at` is null limit 1
2018-01-30 10:55:55: select * from `doctors` where `doctors`.`users_id` in (25) and `doctors`.`deleted_at` is null
2018-01-30 10:55:55: select * from `services` where `doctors_id` = '25' and `members_id` is not null and `services`.`deleted_at` is null
2018-01-30 10:55:55: select * from `services` where `doctors_id` = '25' and 0 = 1 and `payment_status` = 1 and `services`.`deleted_at` is null order by `created_at` desc
2018-01-30 10:55:55: select * from `parameters` where `type` = 'setting' and `key` = 'message_expire_time' limit 1
2018-01-30 10:55:55: update `services` set `opened_at` = '2018-01-30 10:55:55', `updated_at` = '2018-01-30 10:55:55' where `doctors_id` = '25' and `opened_at` is null and `services`.`deleted_at` is null
2018-01-30 10:55:57: select * from `users` where `id` = '25' and `users`.`deleted_at` is null limit 1
2018-01-30 10:55:57: select * from `doctors` where `doctors`.`users_id` = 25 and `doctors`.`users_id` is not null and `doctors`.`deleted_at` is null limit 1
2018-01-30 10:55:57: select count(*) as aggregate from `member_requests` where `member_requests`.`deleted_at` is null
2018-01-30 10:55:57: select count(*) as aggregate from `member_request_doctors` where `doctors_id` = '25'
2018-01-30 10:55:57: select count(*) as aggregate from `services` where `doctors_id` = '25' and `opened_at` is null and `services`.`deleted_at` is null
2018-01-30 10:55:57: select * from `messages` where `doctors_id` = '25' and `doctor_readed_at` is null and `visible` = 1 order by `created_at` desc
2018-01-30 10:55:57: select * from `parameters` where `type` = 'banner'
2018-01-30 10:55:57: select * from `parameters` where `type` = 'setting' and `key` = 'service_email' limit 1
2018-01-30 17:09:01: select * from `users` where `id` = '21' and `users`.`deleted_at` is null limit 1
2018-01-30 17:09:01: select * from `doctors` where `doctors`.`users_id` = 21 and `doctors`.`users_id` is not null and `doctors`.`deleted_at` is null limit 1
2018-01-30 17:09:01: select count(*) as aggregate from `member_requests` where `member_requests`.`deleted_at` is null
2018-01-30 17:09:01: select count(*) as aggregate from `member_request_doctors` where `doctors_id` = '21'
2018-01-30 17:09:01: select count(*) as aggregate from `services` where `doctors_id` = '21' and `opened_at` is null and `services`.`deleted_at` is null
2018-01-30 17:09:01: select * from `messages` where `doctors_id` = '21' and `doctor_readed_at` is null and `visible` = 1 order by `created_at` desc
2018-01-30 17:09:01: select * from `parameters` where `type` = 'banner'
2018-01-30 17:09:01: select * from `parameters` where `type` = 'setting' and `key` = 'service_email' limit 1
2018-01-30 17:09:04: select * from `users` where `id` = '21' and `users`.`deleted_at` is null limit 1
2018-01-30 17:09:04: select * from `doctors` where `doctors`.`users_id` = 21 and `doctors`.`users_id` is not null and `doctors`.`deleted_at` is null limit 1
2018-01-30 17:09:04: select count(*) as aggregate from `member_requests` where `member_requests`.`deleted_at` is null
2018-01-30 17:09:04: select count(*) as aggregate from `member_request_doctors` where `doctors_id` = '21'
2018-01-30 17:09:04: select count(*) as aggregate from `services` where `doctors_id` = '21' and `opened_at` is null and `services`.`deleted_at` is null
2018-01-30 17:09:04: select * from `messages` where `doctors_id` = '21' and `doctor_readed_at` is null and `visible` = 1 order by `created_at` desc
2018-01-30 17:09:04: select * from `parameters` where `type` = 'banner'
2018-01-30 17:09:04: select * from `parameters` where `type` = 'setting' and `key` = 'service_email' limit 1
2018-01-30 17:09:05: select * from `users` where `id` = '21' and `login_type` = 2 and `status` = 1 and `users`.`deleted_at` is null limit 1
2018-01-30 17:09:05: select * from `doctors` where `doctors`.`users_id` in (21) and `doctors`.`deleted_at` is null
2018-01-30 17:09:05: select * from `services` where `doctors_id` = '21' and `members_id` is not null and `services`.`deleted_at` is null
2018-01-30 17:09:05: select * from `services` where `doctors_id` = '21' and 0 = 1 and `payment_status` = 1 and `services`.`deleted_at` is null order by `created_at` desc
2018-01-30 17:09:05: select * from `parameters` where `type` = 'setting' and `key` = 'message_expire_time' limit 1
2018-01-30 17:09:05: update `services` set `opened_at` = '2018-01-30 17:09:05', `updated_at` = '2018-01-30 17:09:05' where `doctors_id` = '21' and `opened_at` is null and `services`.`deleted_at` is null
2018-01-30 17:09:07: select * from `users` where `id` = '21' and `users`.`deleted_at` is null limit 1
2018-01-30 17:09:07: select * from `doctors` where `doctors`.`users_id` = 21 and `doctors`.`users_id` is not null and `doctors`.`deleted_at` is null limit 1
2018-01-30 17:09:07: select count(*) as aggregate from `member_requests` where `member_requests`.`deleted_at` is null
2018-01-30 17:09:07: select count(*) as aggregate from `member_request_doctors` where `doctors_id` = '21'
2018-01-30 17:09:07: select count(*) as aggregate from `services` where `doctors_id` = '21' and `opened_at` is null and `services`.`deleted_at` is null
2018-01-30 17:09:07: select * from `messages` where `doctors_id` = '21' and `doctor_readed_at` is null and `visible` = 1 order by `created_at` desc
2018-01-30 17:09:07: select * from `parameters` where `type` = 'banner'
2018-01-30 17:09:07: select * from `parameters` where `type` = 'setting' and `key` = 'service_email' limit 1
2018-01-30 17:09:08: select * from `users` where `id` = '21' and `login_type` = 2 and `status` = 1 and `users`.`deleted_at` is null limit 1
2018-01-30 17:09:08: select * from `doctors` where `doctors`.`users_id` in (21) and `doctors`.`deleted_at` is null
2018-01-30 17:09:08: select * from `services` where `doctors_id` = '21' and `members_id` is not null and `services`.`deleted_at` is null
2018-01-30 17:09:08: select * from `services` where `doctors_id` = '21' and 0 = 1 and `payment_status` in (0, 1) and `services`.`deleted_at` is null order by `created_at` desc
2018-01-30 17:09:08: select * from `parameters` where `type` = 'setting' and `key` = 'message_expire_time' limit 1
2018-01-30 17:09:08: update `services` set `opened_at` = '2018-01-30 17:09:08', `updated_at` = '2018-01-30 17:09:08' where `doctors_id` = '21' and `opened_at` is null and `services`.`deleted_at` is null
2018-01-30 17:09:09: select * from `users` where `id` = '21' and `users`.`deleted_at` is null limit 1
2018-01-30 17:09:09: select * from `doctors` where `doctors`.`users_id` = 21 and `doctors`.`users_id` is not null and `doctors`.`deleted_at` is null limit 1
2018-01-30 17:09:09: select count(*) as aggregate from `member_requests` where `member_requests`.`deleted_at` is null
2018-01-30 17:09:09: select count(*) as aggregate from `member_request_doctors` where `doctors_id` = '21'
2018-01-30 17:09:09: select count(*) as aggregate from `services` where `doctors_id` = '21' and `opened_at` is null and `services`.`deleted_at` is null
2018-01-30 17:09:09: select * from `messages` where `doctors_id` = '21' and `doctor_readed_at` is null and `visible` = 1 order by `created_at` desc
2018-01-30 17:09:09: select * from `parameters` where `type` = 'banner'
2018-01-30 17:09:09: select * from `parameters` where `type` = 'setting' and `key` = 'service_email' limit 1
2018-01-30 17:27:03: select * from `users` where `id` = '2' and `users`.`deleted_at` is null limit 1
2018-01-30 17:27:03: select * from `doctors` where `doctors`.`users_id` = 2 and `doctors`.`users_id` is not null and `doctors`.`deleted_at` is null limit 1
2018-01-30 17:27:03: select count(*) as aggregate from `member_requests` where `member_requests`.`deleted_at` is null
2018-01-30 17:27:03: select count(*) as aggregate from `member_request_doctors` where `doctors_id` = '2'
2018-01-30 17:27:03: select count(*) as aggregate from `services` where `doctors_id` = '2' and `opened_at` is null and `services`.`deleted_at` is null
2018-01-30 17:27:03: select * from `messages` where `doctors_id` = '2' and `doctor_readed_at` is null and `visible` = 1 order by `created_at` desc
2018-01-30 17:27:03: select * from `parameters` where `type` = 'banner'
2018-01-30 17:27:03: select * from `parameters` where `type` = 'setting' and `key` = 'service_email' limit 1
2018-01-30 17:27:04: select * from `users` where `id` = '2' and `users`.`deleted_at` is null limit 1
2018-01-30 17:27:04: select * from `doctors` where `doctors`.`users_id` = 2 and `doctors`.`users_id` is not null and `doctors`.`deleted_at` is null limit 1
2018-01-30 17:27:04: select count(*) as aggregate from `member_requests` where `member_requests`.`deleted_at` is null
2018-01-30 17:27:04: select count(*) as aggregate from `member_request_doctors` where `doctors_id` = '2'
2018-01-30 17:27:04: select count(*) as aggregate from `services` where `doctors_id` = '2' and `opened_at` is null and `services`.`deleted_at` is null
2018-01-30 17:27:04: select * from `messages` where `doctors_id` = '2' and `doctor_readed_at` is null and `visible` = 1 order by `created_at` desc
2018-01-30 17:27:04: select * from `parameters` where `type` = 'banner'
2018-01-30 17:27:04: select * from `parameters` where `type` = 'setting' and `key` = 'service_email' limit 1
2018-01-30 17:27:18: select * from `users` where `id` = '2' and `users`.`deleted_at` is null limit 1
2018-01-30 17:27:18: select * from `doctors` where `doctors`.`users_id` = 2 and `doctors`.`users_id` is not null and `doctors`.`deleted_at` is null limit 1
2018-01-30 17:27:18: select count(*) as aggregate from `member_requests` where `member_requests`.`deleted_at` is null
2018-01-30 17:27:18: select count(*) as aggregate from `member_request_doctors` where `doctors_id` = '2'
2018-01-30 17:27:18: select count(*) as aggregate from `services` where `doctors_id` = '2' and `opened_at` is null and `services`.`deleted_at` is null
2018-01-30 17:27:18: select * from `messages` where `doctors_id` = '2' and `doctor_readed_at` is null and `visible` = 1 order by `created_at` desc
2018-01-30 17:27:18: select * from `parameters` where `type` = 'banner'
2018-01-30 17:27:18: select * from `parameters` where `type` = 'setting' and `key` = 'service_email' limit 1
2018-01-30 17:27:19: select * from `users` where `id` = '2' and `users`.`deleted_at` is null limit 1
2018-01-30 17:27:19: select * from `doctors` where `doctors`.`users_id` = 2 and `doctors`.`users_id` is not null and `doctors`.`deleted_at` is null limit 1
2018-01-30 17:27:19: select count(*) as aggregate from `member_requests` where `member_requests`.`deleted_at` is null
2018-01-30 17:27:19: select count(*) as aggregate from `member_request_doctors` where `doctors_id` = '2'
2018-01-30 17:27:19: select count(*) as aggregate from `services` where `doctors_id` = '2' and `opened_at` is null and `services`.`deleted_at` is null
2018-01-30 17:27:19: select * from `messages` where `doctors_id` = '2' and `doctor_readed_at` is null and `visible` = 1 order by `created_at` desc
2018-01-30 17:27:19: select * from `parameters` where `type` = 'banner'
2018-01-30 17:27:19: select * from `parameters` where `type` = 'setting' and `key` = 'service_email' limit 1
2018-01-30 17:27:20: select * from `users` where `id` = '2' and `users`.`deleted_at` is null limit 1
2018-01-30 17:27:20: select * from `doctors` where `doctors`.`users_id` = 2 and `doctors`.`users_id` is not null and `doctors`.`deleted_at` is null limit 1
2018-01-30 17:27:20: select count(*) as aggregate from `member_requests` where `member_requests`.`deleted_at` is null
2018-01-30 17:27:20: select count(*) as aggregate from `member_request_doctors` where `doctors_id` = '2'
2018-01-30 17:27:20: select count(*) as aggregate from `services` where `doctors_id` = '2' and `opened_at` is null and `services`.`deleted_at` is null
2018-01-30 17:27:20: select * from `messages` where `doctors_id` = '2' and `doctor_readed_at` is null and `visible` = 1 order by `created_at` desc
2018-01-30 17:27:20: select * from `parameters` where `type` = 'banner'
2018-01-30 17:27:20: select * from `parameters` where `type` = 'setting' and `key` = 'service_email' limit 1
2018-01-30 17:27:21: select * from `users` where `id` = '2' and `users`.`deleted_at` is null limit 1
2018-01-30 17:27:21: select * from `doctors` where `doctors`.`users_id` = 2 and `doctors`.`users_id` is not null and `doctors`.`deleted_at` is null limit 1
2018-01-30 17:27:21: select count(*) as aggregate from `member_requests` where `member_requests`.`deleted_at` is null
2018-01-30 17:27:21: select count(*) as aggregate from `member_request_doctors` where `doctors_id` = '2'
2018-01-30 17:27:21: select count(*) as aggregate from `services` where `doctors_id` = '2' and `opened_at` is null and `services`.`deleted_at` is null
2018-01-30 17:27:21: select * from `messages` where `doctors_id` = '2' and `doctor_readed_at` is null and `visible` = 1 order by `created_at` desc
2018-01-30 17:27:21: select * from `parameters` where `type` = 'banner'
2018-01-30 17:27:21: select * from `parameters` where `type` = 'setting' and `key` = 'service_email' limit 1
2018-01-30 17:27:22: select * from `users` where `id` = '2' and `users`.`deleted_at` is null limit 1
2018-01-30 17:27:22: select * from `doctors` where `doctors`.`users_id` = 2 and `doctors`.`users_id` is not null and `doctors`.`deleted_at` is null limit 1
2018-01-30 17:27:25: select * from `users` where `id` = '2' and `users`.`deleted_at` is null limit 1
2018-01-30 17:27:25: select * from `doctors` where `doctors`.`users_id` = 2 and `doctors`.`users_id` is not null and `doctors`.`deleted_at` is null limit 1
