2018-01-02 12:33:51: select * from `users` where `id` = '9' and `users`.`deleted_at` is null limit 1
2018-01-02 12:33:51: select * from `doctors` where `doctors`.`users_id` = 9 and `doctors`.`users_id` is not null and `doctors`.`deleted_at` is null limit 1
2018-01-02 12:33:51: select count(*) as aggregate from `member_requests` where `member_requests`.`deleted_at` is null
2018-01-02 12:33:51: select count(*) as aggregate from `member_request_doctors` where `doctors_id` = '9'
2018-01-02 12:33:51: select count(*) as aggregate from `services` where `doctors_id` = '9' and `opened_at` is null and `services`.`deleted_at` is null
2018-01-02 12:33:51: select * from `messages` where `doctors_id` = '9' and `doctor_readed_at` is null and `visible` = 1 order by `created_at` desc
2018-01-02 12:33:51: select * from `parameters` where `type` = 'banner'
2018-01-02 12:33:51: select * from `parameters` where `type` = 'setting' and `key` = 'service_email' limit 1
2018-01-02 12:33:56: select * from `users` where `id` = '9' and `users`.`deleted_at` is null limit 1
2018-01-02 12:33:56: select * from `doctors` where `doctors`.`users_id` = 9 and `doctors`.`users_id` is not null and `doctors`.`deleted_at` is null limit 1
2018-01-02 12:34:15: select * from `users` where `id` = '9' and `users`.`deleted_at` is null limit 1
2018-01-02 12:34:15: select * from `doctors` where `doctors`.`users_id` = 9 and `doctors`.`users_id` is not null and `doctors`.`deleted_at` is null limit 1
2018-01-02 12:34:15: select count(*) as aggregate from `member_requests` where `member_requests`.`deleted_at` is null
2018-01-02 12:34:15: select count(*) as aggregate from `member_request_doctors` where `doctors_id` = '9'
2018-01-02 12:34:15: select count(*) as aggregate from `services` where `doctors_id` = '9' and `opened_at` is null and `services`.`deleted_at` is null
2018-01-02 12:34:15: select * from `messages` where `doctors_id` = '9' and `doctor_readed_at` is null and `visible` = 1 order by `created_at` desc
2018-01-02 12:34:15: select * from `parameters` where `type` = 'banner'
2018-01-02 12:34:15: select * from `parameters` where `type` = 'setting' and `key` = 'service_email' limit 1
2018-01-02 12:36:34: select * from `users` where `id` = '9' and `users`.`deleted_at` is null limit 1
2018-01-02 12:36:34: select * from `doctors` where `doctors`.`users_id` = 9 and `doctors`.`users_id` is not null and `doctors`.`deleted_at` is null limit 1
2018-01-02 17:06:12: select count(*) as aggregate from `users` where `id` = '4'
2018-01-02 17:06:12: select * from `users` where `id` = '4' and `users`.`deleted_at` is null limit 1
2018-01-02 17:06:12: select * from `users` where `city_id` = 1 and `login_type` = '2' and `online` = 1 and `users`.`deleted_at` is null order by `online_at` desc
2018-01-02 17:06:12: select * from `messages` where `source` = 'doctor' and `started_at` is not null and `messages`.`doctors_id` in (2, 9, 11, 12, 13, 14, 15, 16, 17, 21, 22, 23, 24, 25, 26) and `members_id` = '4' order by `started_at` desc
2018-01-02 17:06:12: select * from `doctors` where `users_id` = 2 and `doctors`.`deleted_at` is null limit 1
2018-01-02 17:06:12: select * from `services` where `members_id` = '4' and `payment_status` = 1 and `services`.`deleted_at` is null order by `id` desc limit 1
2018-01-02 17:06:12: select * from `doctors` where `users_id` = 9 and `doctors`.`deleted_at` is null limit 1
2018-01-02 17:06:12: select * from `services` where `members_id` = '4' and `payment_status` = 1 and `services`.`deleted_at` is null order by `id` desc limit 1
2018-01-02 17:06:12: select * from `doctors` where `users_id` = 11 and `doctors`.`deleted_at` is null limit 1
2018-01-02 17:06:12: select * from `services` where `members_id` = '4' and `payment_status` = 1 and `services`.`deleted_at` is null order by `id` desc limit 1
2018-01-02 17:06:12: select * from `doctors` where `users_id` = 12 and `doctors`.`deleted_at` is null limit 1
2018-01-02 17:06:12: select * from `services` where `members_id` = '4' and `payment_status` = 1 and `services`.`deleted_at` is null order by `id` desc limit 1
2018-01-02 17:06:12: select * from `doctors` where `users_id` = 13 and `doctors`.`deleted_at` is null limit 1
2018-01-02 17:06:12: select * from `services` where `members_id` = '4' and `payment_status` = 1 and `services`.`deleted_at` is null order by `id` desc limit 1
2018-01-02 17:06:12: select * from `doctors` where `users_id` = 14 and `doctors`.`deleted_at` is null limit 1
2018-01-02 17:06:12: select * from `services` where `members_id` = '4' and `payment_status` = 1 and `services`.`deleted_at` is null order by `id` desc limit 1
2018-01-02 17:06:12: select * from `doctors` where `users_id` = 15 and `doctors`.`deleted_at` is null limit 1
2018-01-02 17:06:12: select * from `services` where `members_id` = '4' and `payment_status` = 1 and `services`.`deleted_at` is null order by `id` desc limit 1
2018-01-02 17:06:12: select * from `doctors` where `users_id` = 16 and `doctors`.`deleted_at` is null limit 1
2018-01-02 17:06:12: select * from `services` where `members_id` = '4' and `payment_status` = 1 and `services`.`deleted_at` is null order by `id` desc limit 1
2018-01-02 17:06:12: select * from `doctors` where `users_id` = 17 and `doctors`.`deleted_at` is null limit 1
2018-01-02 17:06:12: select * from `services` where `members_id` = '4' and `payment_status` = 1 and `services`.`deleted_at` is null order by `id` desc limit 1
2018-01-02 17:06:12: select * from `doctors` where `users_id` = 21 and `doctors`.`deleted_at` is null limit 1
2018-01-02 17:06:12: select * from `services` where `members_id` = '4' and `payment_status` = 1 and `services`.`deleted_at` is null order by `id` desc limit 1
2018-01-02 17:06:12: select * from `doctors` where `users_id` = 22 and `doctors`.`deleted_at` is null limit 1
2018-01-02 17:06:12: select * from `services` where `members_id` = '4' and `payment_status` = 1 and `services`.`deleted_at` is null order by `id` desc limit 1
2018-01-02 17:06:12: select * from `doctors` where `users_id` = 23 and `doctors`.`deleted_at` is null limit 1
2018-01-02 17:06:12: select * from `services` where `members_id` = '4' and `payment_status` = 1 and `services`.`deleted_at` is null order by `id` desc limit 1
2018-01-02 17:06:12: select * from `doctors` where `users_id` = 24 and `doctors`.`deleted_at` is null limit 1
2018-01-02 17:06:12: select * from `services` where `members_id` = '4' and `payment_status` = 1 and `services`.`deleted_at` is null order by `id` desc limit 1
2018-01-02 17:06:12: select * from `doctors` where `users_id` = 25 and `doctors`.`deleted_at` is null limit 1
2018-01-02 17:06:12: select * from `services` where `members_id` = '4' and `payment_status` = 1 and `services`.`deleted_at` is null order by `id` desc limit 1
2018-01-02 17:06:12: select * from `doctors` where `users_id` = 26 and `doctors`.`deleted_at` is null limit 1
2018-01-02 17:06:12: select * from `services` where `members_id` = '4' and `payment_status` = 1 and `services`.`deleted_at` is null order by `id` desc limit 1
2018-01-02 17:06:29: select * from `users` where `id` = '2' and `users`.`deleted_at` is null limit 1
2018-01-02 17:06:29: select * from `doctors` where `doctors`.`users_id` = 2 and `doctors`.`users_id` is not null and `doctors`.`deleted_at` is null limit 1
2018-01-02 17:06:29: select count(*) as aggregate from `member_requests` where `member_requests`.`deleted_at` is null
2018-01-02 17:06:29: select count(*) as aggregate from `member_request_doctors` where `doctors_id` = '2'
2018-01-02 17:06:29: select count(*) as aggregate from `services` where `doctors_id` = '2' and `opened_at` is null and `services`.`deleted_at` is null
2018-01-02 17:06:29: select * from `messages` where `doctors_id` = '2' and `doctor_readed_at` is null and `visible` = 1 order by `created_at` desc
2018-01-02 17:06:29: select * from `parameters` where `type` = 'banner'
2018-01-02 17:06:29: select * from `parameters` where `type` = 'setting' and `key` = 'service_email' limit 1
2018-01-02 17:20:41: select * from `users` where `id` = '9' and `users`.`deleted_at` is null limit 1
2018-01-02 17:20:41: select * from `doctors` where `doctors`.`users_id` = 9 and `doctors`.`users_id` is not null and `doctors`.`deleted_at` is null limit 1
2018-01-02 17:20:41: select count(*) as aggregate from `member_requests` where `member_requests`.`deleted_at` is null
2018-01-02 17:20:41: select count(*) as aggregate from `member_request_doctors` where `doctors_id` = '9'
2018-01-02 17:20:41: select count(*) as aggregate from `services` where `doctors_id` = '9' and `opened_at` is null and `services`.`deleted_at` is null
2018-01-02 17:20:41: select * from `messages` where `doctors_id` = '9' and `doctor_readed_at` is null and `visible` = 1 order by `created_at` desc
2018-01-02 17:20:41: select * from `parameters` where `type` = 'banner'
2018-01-02 17:20:41: select * from `parameters` where `type` = 'setting' and `key` = 'service_email' limit 1
2018-01-02 17:20:45: select * from `users` where `id` = '9' and `users`.`deleted_at` is null limit 1
2018-01-02 17:20:45: select * from `doctors` where `doctors`.`users_id` = 9 and `doctors`.`users_id` is not null and `doctors`.`deleted_at` is null limit 1
2018-01-02 17:20:57: select * from `users` where `id` = '9' and `users`.`deleted_at` is null limit 1
2018-01-02 17:20:57: select * from `doctors` where `doctors`.`users_id` = 9 and `doctors`.`users_id` is not null and `doctors`.`deleted_at` is null limit 1
2018-01-02 17:20:57: select count(*) as aggregate from `member_requests` where `member_requests`.`deleted_at` is null
2018-01-02 17:20:57: select count(*) as aggregate from `member_request_doctors` where `doctors_id` = '9'
2018-01-02 17:20:57: select count(*) as aggregate from `services` where `doctors_id` = '9' and `opened_at` is null and `services`.`deleted_at` is null
2018-01-02 17:20:57: select * from `messages` where `doctors_id` = '9' and `doctor_readed_at` is null and `visible` = 1 order by `created_at` desc
2018-01-02 17:20:57: select * from `parameters` where `type` = 'banner'
2018-01-02 17:20:57: select * from `parameters` where `type` = 'setting' and `key` = 'service_email' limit 1
2018-01-02 17:20:58: select * from `users` where `id` = '9' and `login_type` = 2 and `status` = 1 and `users`.`deleted_at` is null limit 1
2018-01-02 17:20:58: select * from `doctors` where `doctors`.`users_id` in (9) and `doctors`.`deleted_at` is null
2018-01-02 17:20:58: select * from `services` where `doctors_id` = '9' and `members_id` is not null and `services`.`deleted_at` is null
2018-01-02 17:20:58: select * from `services` where `doctors_id` = '9' and `members_id` in (10) and `payment_status` in (0, 1) and `services`.`deleted_at` is null order by `created_at` desc
2018-01-02 17:20:58: select * from `users` where `login_type` = 1 and `users`.`id` in (10) and `users`.`deleted_at` is null
2018-01-02 17:20:58: select * from `parameters` where `type` = 'setting' and `key` = 'message_expire_time' limit 1
2018-01-02 17:20:58: select * from `messages` where `doctors_id` = 9 and `members_id` = 10 and `source` = 'member' order by `created_at` desc limit 1
2018-01-02 17:20:58: select * from `messages` where `doctors_id` = 9 and `members_id` = 10 and `source` = 'doctor' order by `created_at` desc limit 1
2018-01-02 17:20:58: update `services` set `opened_at` = '2018-01-02 17:20:58', `updated_at` = '2018-01-02 17:20:58' where `doctors_id` = '9' and `opened_at` is null and `services`.`deleted_at` is null
2018-01-02 17:20:58: select * from `parameters` where `type` = 'setting' and `key` = 'treatment_days_1' limit 1
2018-01-02 17:20:58: select * from `doctors` where `doctors`.`users_id` = 10 and `doctors`.`users_id` is not null and `doctors`.`deleted_at` is null limit 1
2018-01-02 17:21:55: select * from `users` where `id` = '9' and `users`.`deleted_at` is null limit 1
2018-01-02 17:21:55: select * from `doctors` where `doctors`.`users_id` = 9 and `doctors`.`users_id` is not null and `doctors`.`deleted_at` is null limit 1
2018-01-02 17:21:55: select count(*) as aggregate from `member_requests` where `member_requests`.`deleted_at` is null
2018-01-02 17:21:55: select count(*) as aggregate from `member_request_doctors` where `doctors_id` = '9'
2018-01-02 17:21:55: select count(*) as aggregate from `services` where `doctors_id` = '9' and `opened_at` is null and `services`.`deleted_at` is null
2018-01-02 17:21:55: select * from `messages` where `doctors_id` = '9' and `doctor_readed_at` is null and `visible` = 1 order by `created_at` desc
2018-01-02 17:21:55: select * from `parameters` where `type` = 'banner'
2018-01-02 17:21:55: select * from `parameters` where `type` = 'setting' and `key` = 'service_email' limit 1
2018-01-02 17:21:59: select * from `users` where `id` = '9' and `login_type` = 2 and `status` = 1 and `users`.`deleted_at` is null limit 1
2018-01-02 17:21:59: select * from `doctors` where `doctors`.`users_id` in (9) and `doctors`.`deleted_at` is null
2018-01-02 17:21:59: select * from `services` where `doctors_id` = '9' and `members_id` is not null and `services`.`deleted_at` is null
2018-01-02 17:21:59: select * from `services` where `doctors_id` = '9' and `members_id` in (10) and `payment_status` in (0, 1) and `services`.`deleted_at` is null order by `created_at` desc
2018-01-02 17:21:59: select * from `users` where `login_type` = 1 and `users`.`id` in (10) and `users`.`deleted_at` is null
2018-01-02 17:21:59: select * from `parameters` where `type` = 'setting' and `key` = 'message_expire_time' limit 1
2018-01-02 17:21:59: select * from `messages` where `doctors_id` = 9 and `members_id` = 10 and `source` = 'member' order by `created_at` desc limit 1
2018-01-02 17:21:59: select * from `messages` where `doctors_id` = 9 and `members_id` = 10 and `source` = 'doctor' order by `created_at` desc limit 1
2018-01-02 17:21:59: update `services` set `opened_at` = '2018-01-02 17:21:59', `updated_at` = '2018-01-02 17:21:59' where `doctors_id` = '9' and `opened_at` is null and `services`.`deleted_at` is null
2018-01-02 17:21:59: select * from `parameters` where `type` = 'setting' and `key` = 'treatment_days_1' limit 1
2018-01-02 17:21:59: select * from `doctors` where `doctors`.`users_id` = 10 and `doctors`.`users_id` is not null and `doctors`.`deleted_at` is null limit 1
2018-01-02 17:22:42: select * from `users` where `id` = '9' and `users`.`deleted_at` is null limit 1
2018-01-02 17:22:42: select * from `doctors` where `doctors`.`users_id` = 9 and `doctors`.`users_id` is not null and `doctors`.`deleted_at` is null limit 1
2018-01-02 17:22:42: select count(*) as aggregate from `member_requests` where `member_requests`.`deleted_at` is null
2018-01-02 17:22:42: select count(*) as aggregate from `member_request_doctors` where `doctors_id` = '9'
2018-01-02 17:22:42: select count(*) as aggregate from `services` where `doctors_id` = '9' and `opened_at` is null and `services`.`deleted_at` is null
2018-01-02 17:22:42: select * from `messages` where `doctors_id` = '9' and `doctor_readed_at` is null and `visible` = 1 order by `created_at` desc
2018-01-02 17:22:42: select * from `parameters` where `type` = 'banner'
2018-01-02 17:22:42: select * from `parameters` where `type` = 'setting' and `key` = 'service_email' limit 1
2018-01-02 17:40:16: select count(*) as aggregate from `users` where `id` = '28'
2018-01-02 17:40:16: select * from `users` where `id` = '28' and `users`.`deleted_at` is null limit 1
2018-01-02 17:40:16: select * from `users` where `city_id` = 1 and `login_type` = '2' and `online` = 1 and `users`.`deleted_at` is null order by `online_at` desc
2018-01-02 17:40:16: select * from `messages` where `source` = 'doctor' and `started_at` is not null and `messages`.`doctors_id` in (2, 9, 11, 12, 13, 14, 15, 16, 17, 21, 22, 23, 24, 25, 26) and `members_id` = '28' order by `started_at` desc
2018-01-02 17:40:16: select * from `doctors` where `users_id` = 2 and `doctors`.`deleted_at` is null limit 1
2018-01-02 17:40:16: select * from `services` where `members_id` = '28' and `payment_status` = 1 and `services`.`deleted_at` is null order by `id` desc limit 1
2018-01-02 17:40:16: select * from `doctors` where `users_id` = 9 and `doctors`.`deleted_at` is null limit 1
2018-01-02 17:40:16: select * from `services` where `members_id` = '28' and `payment_status` = 1 and `services`.`deleted_at` is null order by `id` desc limit 1
2018-01-02 17:40:16: select * from `doctors` where `users_id` = 11 and `doctors`.`deleted_at` is null limit 1
2018-01-02 17:40:16: select * from `services` where `members_id` = '28' and `payment_status` = 1 and `services`.`deleted_at` is null order by `id` desc limit 1
2018-01-02 17:40:16: select * from `doctors` where `users_id` = 12 and `doctors`.`deleted_at` is null limit 1
2018-01-02 17:40:16: select * from `services` where `members_id` = '28' and `payment_status` = 1 and `services`.`deleted_at` is null order by `id` desc limit 1
2018-01-02 17:40:16: select * from `doctors` where `users_id` = 13 and `doctors`.`deleted_at` is null limit 1
2018-01-02 17:40:16: select * from `services` where `members_id` = '28' and `payment_status` = 1 and `services`.`deleted_at` is null order by `id` desc limit 1
2018-01-02 17:40:16: select * from `doctors` where `users_id` = 14 and `doctors`.`deleted_at` is null limit 1
2018-01-02 17:40:16: select * from `services` where `members_id` = '28' and `payment_status` = 1 and `services`.`deleted_at` is null order by `id` desc limit 1
2018-01-02 17:40:16: select * from `doctors` where `users_id` = 15 and `doctors`.`deleted_at` is null limit 1
2018-01-02 17:40:16: select * from `services` where `members_id` = '28' and `payment_status` = 1 and `services`.`deleted_at` is null order by `id` desc limit 1
2018-01-02 17:40:16: select * from `doctors` where `users_id` = 16 and `doctors`.`deleted_at` is null limit 1
2018-01-02 17:40:16: select * from `services` where `members_id` = '28' and `payment_status` = 1 and `services`.`deleted_at` is null order by `id` desc limit 1
2018-01-02 17:40:16: select * from `doctors` where `users_id` = 17 and `doctors`.`deleted_at` is null limit 1
2018-01-02 17:40:16: select * from `services` where `members_id` = '28' and `payment_status` = 1 and `services`.`deleted_at` is null order by `id` desc limit 1
2018-01-02 17:40:16: select * from `doctors` where `users_id` = 21 and `doctors`.`deleted_at` is null limit 1
2018-01-02 17:40:16: select * from `services` where `members_id` = '28' and `payment_status` = 1 and `services`.`deleted_at` is null order by `id` desc limit 1
2018-01-02 17:40:16: select * from `doctors` where `users_id` = 22 and `doctors`.`deleted_at` is null limit 1
2018-01-02 17:40:16: select * from `services` where `members_id` = '28' and `payment_status` = 1 and `services`.`deleted_at` is null order by `id` desc limit 1
2018-01-02 17:40:16: select * from `doctors` where `users_id` = 23 and `doctors`.`deleted_at` is null limit 1
2018-01-02 17:40:16: select * from `services` where `members_id` = '28' and `payment_status` = 1 and `services`.`deleted_at` is null order by `id` desc limit 1
2018-01-02 17:40:16: select * from `doctors` where `users_id` = 24 and `doctors`.`deleted_at` is null limit 1
2018-01-02 17:40:16: select * from `services` where `members_id` = '28' and `payment_status` = 1 and `services`.`deleted_at` is null order by `id` desc limit 1
2018-01-02 17:40:16: select * from `doctors` where `users_id` = 25 and `doctors`.`deleted_at` is null limit 1
2018-01-02 17:40:16: select * from `services` where `members_id` = '28' and `payment_status` = 1 and `services`.`deleted_at` is null order by `id` desc limit 1
2018-01-02 17:40:16: select * from `doctors` where `users_id` = 26 and `doctors`.`deleted_at` is null limit 1
2018-01-02 17:40:16: select * from `services` where `members_id` = '28' and `payment_status` = 1 and `services`.`deleted_at` is null order by `id` desc limit 1
2018-01-02 17:41:04: select count(*) as aggregate from `users` where `id` = '28'
2018-01-02 17:41:04: select * from `users` where `id` = '28' and `users`.`deleted_at` is null limit 1
2018-01-02 17:41:04: select * from `users` where `city_id` = 1 and `login_type` = '2' and `online` = 1 and `users`.`deleted_at` is null order by `online_at` desc
2018-01-02 17:41:04: select * from `messages` where `source` = 'doctor' and `started_at` is not null and `messages`.`doctors_id` in (2, 9, 11, 12, 13, 14, 15, 16, 17, 21, 22, 23, 24, 25, 26) and `members_id` = '28' order by `started_at` desc
2018-01-02 17:41:04: select * from `doctors` where `users_id` = 2 and `doctors`.`deleted_at` is null limit 1
2018-01-02 17:41:04: select * from `services` where `members_id` = '28' and `payment_status` = 1 and `services`.`deleted_at` is null order by `id` desc limit 1
2018-01-02 17:41:04: select * from `doctors` where `users_id` = 9 and `doctors`.`deleted_at` is null limit 1
2018-01-02 17:41:04: select * from `services` where `members_id` = '28' and `payment_status` = 1 and `services`.`deleted_at` is null order by `id` desc limit 1
2018-01-02 17:41:04: select * from `doctors` where `users_id` = 11 and `doctors`.`deleted_at` is null limit 1
2018-01-02 17:41:04: select * from `services` where `members_id` = '28' and `payment_status` = 1 and `services`.`deleted_at` is null order by `id` desc limit 1
2018-01-02 17:41:04: select * from `doctors` where `users_id` = 12 and `doctors`.`deleted_at` is null limit 1
2018-01-02 17:41:04: select * from `services` where `members_id` = '28' and `payment_status` = 1 and `services`.`deleted_at` is null order by `id` desc limit 1
2018-01-02 17:41:04: select * from `doctors` where `users_id` = 13 and `doctors`.`deleted_at` is null limit 1
2018-01-02 17:41:04: select * from `services` where `members_id` = '28' and `payment_status` = 1 and `services`.`deleted_at` is null order by `id` desc limit 1
2018-01-02 17:41:04: select * from `doctors` where `users_id` = 14 and `doctors`.`deleted_at` is null limit 1
2018-01-02 17:41:04: select * from `services` where `members_id` = '28' and `payment_status` = 1 and `services`.`deleted_at` is null order by `id` desc limit 1
2018-01-02 17:41:04: select * from `doctors` where `users_id` = 15 and `doctors`.`deleted_at` is null limit 1
2018-01-02 17:41:04: select * from `services` where `members_id` = '28' and `payment_status` = 1 and `services`.`deleted_at` is null order by `id` desc limit 1
2018-01-02 17:41:04: select * from `doctors` where `users_id` = 16 and `doctors`.`deleted_at` is null limit 1
2018-01-02 17:41:04: select * from `services` where `members_id` = '28' and `payment_status` = 1 and `services`.`deleted_at` is null order by `id` desc limit 1
2018-01-02 17:41:04: select * from `doctors` where `users_id` = 17 and `doctors`.`deleted_at` is null limit 1
2018-01-02 17:41:04: select * from `services` where `members_id` = '28' and `payment_status` = 1 and `services`.`deleted_at` is null order by `id` desc limit 1
2018-01-02 17:41:04: select * from `doctors` where `users_id` = 21 and `doctors`.`deleted_at` is null limit 1
2018-01-02 17:41:04: select * from `services` where `members_id` = '28' and `payment_status` = 1 and `services`.`deleted_at` is null order by `id` desc limit 1
2018-01-02 17:41:04: select * from `doctors` where `users_id` = 22 and `doctors`.`deleted_at` is null limit 1
2018-01-02 17:41:04: select * from `services` where `members_id` = '28' and `payment_status` = 1 and `services`.`deleted_at` is null order by `id` desc limit 1
2018-01-02 17:41:04: select * from `doctors` where `users_id` = 23 and `doctors`.`deleted_at` is null limit 1
2018-01-02 17:41:04: select * from `services` where `members_id` = '28' and `payment_status` = 1 and `services`.`deleted_at` is null order by `id` desc limit 1
2018-01-02 17:41:04: select * from `doctors` where `users_id` = 24 and `doctors`.`deleted_at` is null limit 1
2018-01-02 17:41:04: select * from `services` where `members_id` = '28' and `payment_status` = 1 and `services`.`deleted_at` is null order by `id` desc limit 1
2018-01-02 17:41:04: select * from `doctors` where `users_id` = 25 and `doctors`.`deleted_at` is null limit 1
2018-01-02 17:41:04: select * from `services` where `members_id` = '28' and `payment_status` = 1 and `services`.`deleted_at` is null order by `id` desc limit 1
2018-01-02 17:41:04: select * from `doctors` where `users_id` = 26 and `doctors`.`deleted_at` is null limit 1
2018-01-02 17:41:04: select * from `services` where `members_id` = '28' and `payment_status` = 1 and `services`.`deleted_at` is null order by `id` desc limit 1
2018-01-02 17:41:08: select count(*) as aggregate from `users` where `id` = '28'
2018-01-02 17:41:08: select * from `users` where `id` = '28' and `users`.`deleted_at` is null limit 1
2018-01-02 17:41:08: select * from `users` where `city_id` = 1 and `login_type` = '2' and `online` = 1 and `users`.`deleted_at` is null order by `online_at` desc
2018-01-02 17:41:08: select * from `messages` where `source` = 'doctor' and `started_at` is not null and `messages`.`doctors_id` in (2, 9, 11, 12, 13, 14, 15, 16, 17, 21, 22, 23, 24, 25, 26) and `members_id` = '28' order by `started_at` desc
2018-01-02 17:41:08: select * from `doctors` where `users_id` = 2 and `doctors`.`deleted_at` is null limit 1
2018-01-02 17:41:08: select * from `services` where `members_id` = '28' and `payment_status` = 1 and `services`.`deleted_at` is null order by `id` desc limit 1
2018-01-02 17:41:08: select * from `doctors` where `users_id` = 9 and `doctors`.`deleted_at` is null limit 1
2018-01-02 17:41:08: select * from `services` where `members_id` = '28' and `payment_status` = 1 and `services`.`deleted_at` is null order by `id` desc limit 1
2018-01-02 17:41:08: select * from `doctors` where `users_id` = 11 and `doctors`.`deleted_at` is null limit 1
2018-01-02 17:41:08: select * from `services` where `members_id` = '28' and `payment_status` = 1 and `services`.`deleted_at` is null order by `id` desc limit 1
2018-01-02 17:41:08: select * from `doctors` where `users_id` = 12 and `doctors`.`deleted_at` is null limit 1
2018-01-02 17:41:08: select * from `services` where `members_id` = '28' and `payment_status` = 1 and `services`.`deleted_at` is null order by `id` desc limit 1
2018-01-02 17:41:08: select * from `doctors` where `users_id` = 13 and `doctors`.`deleted_at` is null limit 1
2018-01-02 17:41:08: select * from `services` where `members_id` = '28' and `payment_status` = 1 and `services`.`deleted_at` is null order by `id` desc limit 1
2018-01-02 17:41:08: select * from `doctors` where `users_id` = 14 and `doctors`.`deleted_at` is null limit 1
2018-01-02 17:41:08: select * from `services` where `members_id` = '28' and `payment_status` = 1 and `services`.`deleted_at` is null order by `id` desc limit 1
2018-01-02 17:41:08: select * from `doctors` where `users_id` = 15 and `doctors`.`deleted_at` is null limit 1
2018-01-02 17:41:08: select * from `services` where `members_id` = '28' and `payment_status` = 1 and `services`.`deleted_at` is null order by `id` desc limit 1
2018-01-02 17:41:08: select * from `doctors` where `users_id` = 16 and `doctors`.`deleted_at` is null limit 1
2018-01-02 17:41:08: select * from `services` where `members_id` = '28' and `payment_status` = 1 and `services`.`deleted_at` is null order by `id` desc limit 1
2018-01-02 17:41:08: select * from `doctors` where `users_id` = 17 and `doctors`.`deleted_at` is null limit 1
2018-01-02 17:41:08: select * from `services` where `members_id` = '28' and `payment_status` = 1 and `services`.`deleted_at` is null order by `id` desc limit 1
2018-01-02 17:41:08: select * from `doctors` where `users_id` = 21 and `doctors`.`deleted_at` is null limit 1
2018-01-02 17:41:08: select * from `services` where `members_id` = '28' and `payment_status` = 1 and `services`.`deleted_at` is null order by `id` desc limit 1
2018-01-02 17:41:08: select * from `doctors` where `users_id` = 22 and `doctors`.`deleted_at` is null limit 1
2018-01-02 17:41:08: select * from `services` where `members_id` = '28' and `payment_status` = 1 and `services`.`deleted_at` is null order by `id` desc limit 1
2018-01-02 17:41:08: select * from `doctors` where `users_id` = 23 and `doctors`.`deleted_at` is null limit 1
2018-01-02 17:41:08: select * from `services` where `members_id` = '28' and `payment_status` = 1 and `services`.`deleted_at` is null order by `id` desc limit 1
2018-01-02 17:41:08: select * from `doctors` where `users_id` = 24 and `doctors`.`deleted_at` is null limit 1
2018-01-02 17:41:08: select * from `services` where `members_id` = '28' and `payment_status` = 1 and `services`.`deleted_at` is null order by `id` desc limit 1
2018-01-02 17:41:08: select * from `doctors` where `users_id` = 25 and `doctors`.`deleted_at` is null limit 1
2018-01-02 17:41:08: select * from `services` where `members_id` = '28' and `payment_status` = 1 and `services`.`deleted_at` is null order by `id` desc limit 1
2018-01-02 17:41:08: select * from `doctors` where `users_id` = 26 and `doctors`.`deleted_at` is null limit 1
2018-01-02 17:41:08: select * from `services` where `members_id` = '28' and `payment_status` = 1 and `services`.`deleted_at` is null order by `id` desc limit 1
2018-01-02 17:41:15: select count(*) as aggregate from `users` where `id` = '28'
2018-01-02 17:41:15: select * from `users` where `id` = '28' and `users`.`deleted_at` is null limit 1
2018-01-02 17:41:15: select * from `users` where `city_id` = 1 and `login_type` = '2' and `online` = 1 and `users`.`deleted_at` is null order by `online_at` desc
2018-01-02 17:41:15: select * from `messages` where `source` = 'doctor' and `started_at` is not null and `messages`.`doctors_id` in (2, 9, 11, 12, 13, 14, 15, 16, 17, 21, 22, 23, 24, 25, 26) and `members_id` = '28' order by `started_at` desc
2018-01-02 17:41:15: select * from `doctors` where `users_id` = 2 and `doctors`.`deleted_at` is null limit 1
2018-01-02 17:41:15: select * from `services` where `members_id` = '28' and `payment_status` = 1 and `services`.`deleted_at` is null order by `id` desc limit 1
2018-01-02 17:41:15: select * from `doctors` where `users_id` = 9 and `doctors`.`deleted_at` is null limit 1
2018-01-02 17:41:15: select * from `services` where `members_id` = '28' and `payment_status` = 1 and `services`.`deleted_at` is null order by `id` desc limit 1
2018-01-02 17:41:15: select * from `doctors` where `users_id` = 11 and `doctors`.`deleted_at` is null limit 1
2018-01-02 17:41:15: select * from `services` where `members_id` = '28' and `payment_status` = 1 and `services`.`deleted_at` is null order by `id` desc limit 1
2018-01-02 17:41:15: select * from `doctors` where `users_id` = 12 and `doctors`.`deleted_at` is null limit 1
2018-01-02 17:41:15: select * from `services` where `members_id` = '28' and `payment_status` = 1 and `services`.`deleted_at` is null order by `id` desc limit 1
2018-01-02 17:41:15: select * from `doctors` where `users_id` = 13 and `doctors`.`deleted_at` is null limit 1
2018-01-02 17:41:15: select * from `services` where `members_id` = '28' and `payment_status` = 1 and `services`.`deleted_at` is null order by `id` desc limit 1
2018-01-02 17:41:15: select * from `doctors` where `users_id` = 14 and `doctors`.`deleted_at` is null limit 1
2018-01-02 17:41:15: select * from `services` where `members_id` = '28' and `payment_status` = 1 and `services`.`deleted_at` is null order by `id` desc limit 1
2018-01-02 17:41:15: select * from `doctors` where `users_id` = 15 and `doctors`.`deleted_at` is null limit 1
2018-01-02 17:41:15: select * from `services` where `members_id` = '28' and `payment_status` = 1 and `services`.`deleted_at` is null order by `id` desc limit 1
2018-01-02 17:41:15: select * from `doctors` where `users_id` = 16 and `doctors`.`deleted_at` is null limit 1
2018-01-02 17:41:15: select * from `services` where `members_id` = '28' and `payment_status` = 1 and `services`.`deleted_at` is null order by `id` desc limit 1
2018-01-02 17:41:15: select * from `doctors` where `users_id` = 17 and `doctors`.`deleted_at` is null limit 1
2018-01-02 17:41:15: select * from `services` where `members_id` = '28' and `payment_status` = 1 and `services`.`deleted_at` is null order by `id` desc limit 1
2018-01-02 17:41:15: select * from `doctors` where `users_id` = 21 and `doctors`.`deleted_at` is null limit 1
2018-01-02 17:41:15: select * from `services` where `members_id` = '28' and `payment_status` = 1 and `services`.`deleted_at` is null order by `id` desc limit 1
2018-01-02 17:41:15: select * from `doctors` where `users_id` = 22 and `doctors`.`deleted_at` is null limit 1
2018-01-02 17:41:15: select * from `services` where `members_id` = '28' and `payment_status` = 1 and `services`.`deleted_at` is null order by `id` desc limit 1
2018-01-02 17:41:15: select * from `doctors` where `users_id` = 23 and `doctors`.`deleted_at` is null limit 1
2018-01-02 17:41:15: select * from `services` where `members_id` = '28' and `payment_status` = 1 and `services`.`deleted_at` is null order by `id` desc limit 1
2018-01-02 17:41:15: select * from `doctors` where `users_id` = 24 and `doctors`.`deleted_at` is null limit 1
2018-01-02 17:41:15: select * from `services` where `members_id` = '28' and `payment_status` = 1 and `services`.`deleted_at` is null order by `id` desc limit 1
2018-01-02 17:41:15: select * from `doctors` where `users_id` = 25 and `doctors`.`deleted_at` is null limit 1
2018-01-02 17:41:15: select * from `services` where `members_id` = '28' and `payment_status` = 1 and `services`.`deleted_at` is null order by `id` desc limit 1
2018-01-02 17:41:15: select * from `doctors` where `users_id` = 26 and `doctors`.`deleted_at` is null limit 1
2018-01-02 17:41:15: select * from `services` where `members_id` = '28' and `payment_status` = 1 and `services`.`deleted_at` is null order by `id` desc limit 1
2018-01-02 17:41:23: select count(*) as aggregate from `users` where `id` = '28'
2018-01-02 17:41:23: select * from `users` where `id` = '28' and `users`.`deleted_at` is null limit 1
2018-01-02 17:41:23: select * from `users` where `city_id` = 1 and `login_type` = '2' and `online` = 1 and `users`.`deleted_at` is null order by `online_at` desc
2018-01-02 17:41:23: select * from `messages` where `source` = 'doctor' and `started_at` is not null and `messages`.`doctors_id` in (2, 9, 11, 12, 13, 14, 15, 16, 17, 21, 22, 23, 24, 25, 26) and `members_id` = '28' order by `started_at` desc
2018-01-02 17:41:23: select * from `doctors` where `users_id` = 2 and `doctors`.`deleted_at` is null limit 1
2018-01-02 17:41:23: select * from `services` where `members_id` = '28' and `payment_status` = 1 and `services`.`deleted_at` is null order by `id` desc limit 1
2018-01-02 17:41:23: select * from `doctors` where `users_id` = 9 and `doctors`.`deleted_at` is null limit 1
2018-01-02 17:41:23: select * from `services` where `members_id` = '28' and `payment_status` = 1 and `services`.`deleted_at` is null order by `id` desc limit 1
2018-01-02 17:41:23: select * from `doctors` where `users_id` = 11 and `doctors`.`deleted_at` is null limit 1
2018-01-02 17:41:23: select * from `services` where `members_id` = '28' and `payment_status` = 1 and `services`.`deleted_at` is null order by `id` desc limit 1
2018-01-02 17:41:23: select * from `doctors` where `users_id` = 12 and `doctors`.`deleted_at` is null limit 1
2018-01-02 17:41:23: select * from `services` where `members_id` = '28' and `payment_status` = 1 and `services`.`deleted_at` is null order by `id` desc limit 1
2018-01-02 17:41:23: select * from `doctors` where `users_id` = 13 and `doctors`.`deleted_at` is null limit 1
2018-01-02 17:41:23: select * from `services` where `members_id` = '28' and `payment_status` = 1 and `services`.`deleted_at` is null order by `id` desc limit 1
2018-01-02 17:41:23: select * from `doctors` where `users_id` = 14 and `doctors`.`deleted_at` is null limit 1
2018-01-02 17:41:23: select * from `services` where `members_id` = '28' and `payment_status` = 1 and `services`.`deleted_at` is null order by `id` desc limit 1
2018-01-02 17:41:23: select * from `doctors` where `users_id` = 15 and `doctors`.`deleted_at` is null limit 1
2018-01-02 17:41:23: select * from `services` where `members_id` = '28' and `payment_status` = 1 and `services`.`deleted_at` is null order by `id` desc limit 1
2018-01-02 17:41:23: select * from `doctors` where `users_id` = 16 and `doctors`.`deleted_at` is null limit 1
2018-01-02 17:41:23: select * from `services` where `members_id` = '28' and `payment_status` = 1 and `services`.`deleted_at` is null order by `id` desc limit 1
2018-01-02 17:41:23: select * from `doctors` where `users_id` = 17 and `doctors`.`deleted_at` is null limit 1
2018-01-02 17:41:23: select * from `services` where `members_id` = '28' and `payment_status` = 1 and `services`.`deleted_at` is null order by `id` desc limit 1
2018-01-02 17:41:23: select * from `doctors` where `users_id` = 21 and `doctors`.`deleted_at` is null limit 1
2018-01-02 17:41:23: select * from `services` where `members_id` = '28' and `payment_status` = 1 and `services`.`deleted_at` is null order by `id` desc limit 1
2018-01-02 17:41:23: select * from `doctors` where `users_id` = 22 and `doctors`.`deleted_at` is null limit 1
2018-01-02 17:41:23: select * from `services` where `members_id` = '28' and `payment_status` = 1 and `services`.`deleted_at` is null order by `id` desc limit 1
2018-01-02 17:41:23: select * from `doctors` where `users_id` = 23 and `doctors`.`deleted_at` is null limit 1
2018-01-02 17:41:23: select * from `services` where `members_id` = '28' and `payment_status` = 1 and `services`.`deleted_at` is null order by `id` desc limit 1
2018-01-02 17:41:23: select * from `doctors` where `users_id` = 24 and `doctors`.`deleted_at` is null limit 1
2018-01-02 17:41:23: select * from `services` where `members_id` = '28' and `payment_status` = 1 and `services`.`deleted_at` is null order by `id` desc limit 1
2018-01-02 17:41:23: select * from `doctors` where `users_id` = 25 and `doctors`.`deleted_at` is null limit 1
2018-01-02 17:41:23: select * from `services` where `members_id` = '28' and `payment_status` = 1 and `services`.`deleted_at` is null order by `id` desc limit 1
2018-01-02 17:41:23: select * from `doctors` where `users_id` = 26 and `doctors`.`deleted_at` is null limit 1
2018-01-02 17:41:23: select * from `services` where `members_id` = '28' and `payment_status` = 1 and `services`.`deleted_at` is null order by `id` desc limit 1
2018-01-02 17:41:58: select count(*) as aggregate from `users` where `id` = '28'
2018-01-02 17:41:58: select * from `users` where `id` = '28' and `users`.`deleted_at` is null limit 1
2018-01-02 17:41:58: select * from `users` where `city_id` = 1 and `login_type` = '2' and `online` = 1 and `users`.`deleted_at` is null order by `online_at` desc
2018-01-02 17:41:58: select * from `messages` where `source` = 'doctor' and `started_at` is not null and `messages`.`doctors_id` in (2, 9, 11, 12, 13, 14, 15, 16, 17, 21, 22, 23, 24, 25, 26) and `members_id` = '28' order by `started_at` desc
2018-01-02 17:41:58: select * from `doctors` where `users_id` = 2 and `doctors`.`deleted_at` is null limit 1
2018-01-02 17:41:58: select * from `services` where `members_id` = '28' and `payment_status` = 1 and `services`.`deleted_at` is null order by `id` desc limit 1
2018-01-02 17:41:58: select * from `doctors` where `users_id` = 9 and `doctors`.`deleted_at` is null limit 1
2018-01-02 17:41:58: select * from `services` where `members_id` = '28' and `payment_status` = 1 and `services`.`deleted_at` is null order by `id` desc limit 1
2018-01-02 17:41:58: select * from `doctors` where `users_id` = 11 and `doctors`.`deleted_at` is null limit 1
2018-01-02 17:41:58: select * from `services` where `members_id` = '28' and `payment_status` = 1 and `services`.`deleted_at` is null order by `id` desc limit 1
2018-01-02 17:41:58: select * from `doctors` where `users_id` = 12 and `doctors`.`deleted_at` is null limit 1
2018-01-02 17:41:58: select * from `services` where `members_id` = '28' and `payment_status` = 1 and `services`.`deleted_at` is null order by `id` desc limit 1
2018-01-02 17:41:58: select * from `doctors` where `users_id` = 13 and `doctors`.`deleted_at` is null limit 1
2018-01-02 17:41:58: select * from `services` where `members_id` = '28' and `payment_status` = 1 and `services`.`deleted_at` is null order by `id` desc limit 1
2018-01-02 17:41:58: select * from `doctors` where `users_id` = 14 and `doctors`.`deleted_at` is null limit 1
2018-01-02 17:41:58: select * from `services` where `members_id` = '28' and `payment_status` = 1 and `services`.`deleted_at` is null order by `id` desc limit 1
2018-01-02 17:41:58: select * from `doctors` where `users_id` = 15 and `doctors`.`deleted_at` is null limit 1
2018-01-02 17:41:58: select * from `services` where `members_id` = '28' and `payment_status` = 1 and `services`.`deleted_at` is null order by `id` desc limit 1
2018-01-02 17:41:58: select * from `doctors` where `users_id` = 16 and `doctors`.`deleted_at` is null limit 1
2018-01-02 17:41:58: select * from `services` where `members_id` = '28' and `payment_status` = 1 and `services`.`deleted_at` is null order by `id` desc limit 1
2018-01-02 17:41:58: select * from `doctors` where `users_id` = 17 and `doctors`.`deleted_at` is null limit 1
2018-01-02 17:41:58: select * from `services` where `members_id` = '28' and `payment_status` = 1 and `services`.`deleted_at` is null order by `id` desc limit 1
2018-01-02 17:41:58: select * from `doctors` where `users_id` = 21 and `doctors`.`deleted_at` is null limit 1
2018-01-02 17:41:58: select * from `services` where `members_id` = '28' and `payment_status` = 1 and `services`.`deleted_at` is null order by `id` desc limit 1
2018-01-02 17:41:58: select * from `doctors` where `users_id` = 22 and `doctors`.`deleted_at` is null limit 1
2018-01-02 17:41:58: select * from `services` where `members_id` = '28' and `payment_status` = 1 and `services`.`deleted_at` is null order by `id` desc limit 1
2018-01-02 17:41:58: select * from `doctors` where `users_id` = 23 and `doctors`.`deleted_at` is null limit 1
2018-01-02 17:41:58: select * from `services` where `members_id` = '28' and `payment_status` = 1 and `services`.`deleted_at` is null order by `id` desc limit 1
2018-01-02 17:41:58: select * from `doctors` where `users_id` = 24 and `doctors`.`deleted_at` is null limit 1
2018-01-02 17:41:58: select * from `services` where `members_id` = '28' and `payment_status` = 1 and `services`.`deleted_at` is null order by `id` desc limit 1
2018-01-02 17:41:58: select * from `doctors` where `users_id` = 25 and `doctors`.`deleted_at` is null limit 1
2018-01-02 17:41:58: select * from `services` where `members_id` = '28' and `payment_status` = 1 and `services`.`deleted_at` is null order by `id` desc limit 1
2018-01-02 17:41:58: select * from `doctors` where `users_id` = 26 and `doctors`.`deleted_at` is null limit 1
2018-01-02 17:41:58: select * from `services` where `members_id` = '28' and `payment_status` = 1 and `services`.`deleted_at` is null order by `id` desc limit 1
2018-01-02 19:37:11: select * from `users` where `id` = '2' and `users`.`deleted_at` is null limit 1
2018-01-02 19:37:11: select * from `doctors` where `doctors`.`users_id` = 2 and `doctors`.`users_id` is not null and `doctors`.`deleted_at` is null limit 1
2018-01-02 19:37:11: select count(*) as aggregate from `member_requests` where `member_requests`.`deleted_at` is null
2018-01-02 19:37:11: select count(*) as aggregate from `member_request_doctors` where `doctors_id` = '2'
2018-01-02 19:37:11: select count(*) as aggregate from `services` where `doctors_id` = '2' and `opened_at` is null and `services`.`deleted_at` is null
2018-01-02 19:37:11: select * from `messages` where `doctors_id` = '2' and `doctor_readed_at` is null and `visible` = 1 order by `created_at` desc
2018-01-02 19:37:11: select * from `parameters` where `type` = 'banner'
2018-01-02 19:37:11: select * from `parameters` where `type` = 'setting' and `key` = 'service_email' limit 1
2018-01-02 19:37:35: select count(*) as aggregate from `users` where `id` = '4'
2018-01-02 19:37:35: select * from `users` where `id` = '4' and `users`.`deleted_at` is null limit 1
2018-01-02 19:37:35: select * from `users` where `city_id` = 1 and `login_type` = '2' and `online` = 1 and `users`.`deleted_at` is null order by `online_at` desc
2018-01-02 19:37:35: select * from `messages` where `source` = 'doctor' and `started_at` is not null and `messages`.`doctors_id` in (2, 9, 11, 12, 13, 14, 15, 16, 17, 21, 22, 23, 24, 25, 26) and `members_id` = '4' order by `started_at` desc
2018-01-02 19:37:35: select * from `doctors` where `users_id` = 2 and `doctors`.`deleted_at` is null limit 1
2018-01-02 19:37:35: select * from `services` where `members_id` = '4' and `payment_status` = 1 and `services`.`deleted_at` is null order by `id` desc limit 1
2018-01-02 19:37:35: select * from `doctors` where `users_id` = 9 and `doctors`.`deleted_at` is null limit 1
2018-01-02 19:37:35: select * from `services` where `members_id` = '4' and `payment_status` = 1 and `services`.`deleted_at` is null order by `id` desc limit 1
2018-01-02 19:37:35: select * from `doctors` where `users_id` = 11 and `doctors`.`deleted_at` is null limit 1
2018-01-02 19:37:35: select * from `services` where `members_id` = '4' and `payment_status` = 1 and `services`.`deleted_at` is null order by `id` desc limit 1
2018-01-02 19:37:35: select * from `doctors` where `users_id` = 12 and `doctors`.`deleted_at` is null limit 1
2018-01-02 19:37:35: select * from `services` where `members_id` = '4' and `payment_status` = 1 and `services`.`deleted_at` is null order by `id` desc limit 1
2018-01-02 19:37:35: select * from `doctors` where `users_id` = 13 and `doctors`.`deleted_at` is null limit 1
2018-01-02 19:37:35: select * from `services` where `members_id` = '4' and `payment_status` = 1 and `services`.`deleted_at` is null order by `id` desc limit 1
2018-01-02 19:37:35: select * from `doctors` where `users_id` = 14 and `doctors`.`deleted_at` is null limit 1
2018-01-02 19:37:35: select * from `services` where `members_id` = '4' and `payment_status` = 1 and `services`.`deleted_at` is null order by `id` desc limit 1
2018-01-02 19:37:35: select * from `doctors` where `users_id` = 15 and `doctors`.`deleted_at` is null limit 1
2018-01-02 19:37:35: select * from `services` where `members_id` = '4' and `payment_status` = 1 and `services`.`deleted_at` is null order by `id` desc limit 1
2018-01-02 19:37:35: select * from `doctors` where `users_id` = 16 and `doctors`.`deleted_at` is null limit 1
2018-01-02 19:37:35: select * from `services` where `members_id` = '4' and `payment_status` = 1 and `services`.`deleted_at` is null order by `id` desc limit 1
2018-01-02 19:37:35: select * from `doctors` where `users_id` = 17 and `doctors`.`deleted_at` is null limit 1
2018-01-02 19:37:35: select * from `services` where `members_id` = '4' and `payment_status` = 1 and `services`.`deleted_at` is null order by `id` desc limit 1
2018-01-02 19:37:35: select * from `doctors` where `users_id` = 21 and `doctors`.`deleted_at` is null limit 1
2018-01-02 19:37:35: select * from `services` where `members_id` = '4' and `payment_status` = 1 and `services`.`deleted_at` is null order by `id` desc limit 1
2018-01-02 19:37:35: select * from `doctors` where `users_id` = 22 and `doctors`.`deleted_at` is null limit 1
2018-01-02 19:37:35: select * from `services` where `members_id` = '4' and `payment_status` = 1 and `services`.`deleted_at` is null order by `id` desc limit 1
2018-01-02 19:37:35: select * from `doctors` where `users_id` = 23 and `doctors`.`deleted_at` is null limit 1
2018-01-02 19:37:35: select * from `services` where `members_id` = '4' and `payment_status` = 1 and `services`.`deleted_at` is null order by `id` desc limit 1
2018-01-02 19:37:35: select * from `doctors` where `users_id` = 24 and `doctors`.`deleted_at` is null limit 1
2018-01-02 19:37:35: select * from `services` where `members_id` = '4' and `payment_status` = 1 and `services`.`deleted_at` is null order by `id` desc limit 1
2018-01-02 19:37:35: select * from `doctors` where `users_id` = 25 and `doctors`.`deleted_at` is null limit 1
2018-01-02 19:37:35: select * from `services` where `members_id` = '4' and `payment_status` = 1 and `services`.`deleted_at` is null order by `id` desc limit 1
2018-01-02 19:37:35: select * from `doctors` where `users_id` = 26 and `doctors`.`deleted_at` is null limit 1
2018-01-02 19:37:35: select * from `services` where `members_id` = '4' and `payment_status` = 1 and `services`.`deleted_at` is null order by `id` desc limit 1
2018-01-02 19:37:42: select count(*) as aggregate from `users` where `id` = '4'
2018-01-02 19:37:42: select * from `users` where `id` = '4' and `users`.`deleted_at` is null limit 1
2018-01-02 19:37:42: select * from `users` where `city_id` = 1 and `login_type` = '2' and `online` = 1 and `users`.`deleted_at` is null order by `online_at` desc
2018-01-02 19:37:42: select * from `messages` where `source` = 'doctor' and `started_at` is not null and `messages`.`doctors_id` in (2, 9, 11, 12, 13, 14, 15, 16, 17, 21, 22, 23, 24, 25, 26) and `members_id` = '4' order by `started_at` desc
2018-01-02 19:37:42: select * from `doctors` where `users_id` = 2 and `doctors`.`deleted_at` is null limit 1
2018-01-02 19:37:42: select * from `services` where `members_id` = '4' and `payment_status` = 1 and `services`.`deleted_at` is null order by `id` desc limit 1
2018-01-02 19:37:42: select * from `doctors` where `users_id` = 9 and `doctors`.`deleted_at` is null limit 1
2018-01-02 19:37:42: select * from `services` where `members_id` = '4' and `payment_status` = 1 and `services`.`deleted_at` is null order by `id` desc limit 1
2018-01-02 19:37:42: select * from `doctors` where `users_id` = 11 and `doctors`.`deleted_at` is null limit 1
2018-01-02 19:37:42: select * from `services` where `members_id` = '4' and `payment_status` = 1 and `services`.`deleted_at` is null order by `id` desc limit 1
2018-01-02 19:37:42: select * from `doctors` where `users_id` = 12 and `doctors`.`deleted_at` is null limit 1
2018-01-02 19:37:42: select * from `services` where `members_id` = '4' and `payment_status` = 1 and `services`.`deleted_at` is null order by `id` desc limit 1
2018-01-02 19:37:42: select * from `doctors` where `users_id` = 13 and `doctors`.`deleted_at` is null limit 1
2018-01-02 19:37:42: select * from `services` where `members_id` = '4' and `payment_status` = 1 and `services`.`deleted_at` is null order by `id` desc limit 1
2018-01-02 19:37:42: select * from `doctors` where `users_id` = 14 and `doctors`.`deleted_at` is null limit 1
2018-01-02 19:37:42: select * from `services` where `members_id` = '4' and `payment_status` = 1 and `services`.`deleted_at` is null order by `id` desc limit 1
2018-01-02 19:37:42: select * from `doctors` where `users_id` = 15 and `doctors`.`deleted_at` is null limit 1
2018-01-02 19:37:42: select * from `services` where `members_id` = '4' and `payment_status` = 1 and `services`.`deleted_at` is null order by `id` desc limit 1
2018-01-02 19:37:42: select * from `doctors` where `users_id` = 16 and `doctors`.`deleted_at` is null limit 1
2018-01-02 19:37:42: select * from `services` where `members_id` = '4' and `payment_status` = 1 and `services`.`deleted_at` is null order by `id` desc limit 1
2018-01-02 19:37:42: select * from `doctors` where `users_id` = 17 and `doctors`.`deleted_at` is null limit 1
2018-01-02 19:37:42: select * from `services` where `members_id` = '4' and `payment_status` = 1 and `services`.`deleted_at` is null order by `id` desc limit 1
2018-01-02 19:37:42: select * from `doctors` where `users_id` = 21 and `doctors`.`deleted_at` is null limit 1
2018-01-02 19:37:42: select * from `services` where `members_id` = '4' and `payment_status` = 1 and `services`.`deleted_at` is null order by `id` desc limit 1
2018-01-02 19:37:42: select * from `doctors` where `users_id` = 22 and `doctors`.`deleted_at` is null limit 1
2018-01-02 19:37:42: select * from `services` where `members_id` = '4' and `payment_status` = 1 and `services`.`deleted_at` is null order by `id` desc limit 1
2018-01-02 19:37:42: select * from `doctors` where `users_id` = 23 and `doctors`.`deleted_at` is null limit 1
2018-01-02 19:37:42: select * from `services` where `members_id` = '4' and `payment_status` = 1 and `services`.`deleted_at` is null order by `id` desc limit 1
2018-01-02 19:37:42: select * from `doctors` where `users_id` = 24 and `doctors`.`deleted_at` is null limit 1
2018-01-02 19:37:42: select * from `services` where `members_id` = '4' and `payment_status` = 1 and `services`.`deleted_at` is null order by `id` desc limit 1
2018-01-02 19:37:42: select * from `doctors` where `users_id` = 25 and `doctors`.`deleted_at` is null limit 1
2018-01-02 19:37:42: select * from `services` where `members_id` = '4' and `payment_status` = 1 and `services`.`deleted_at` is null order by `id` desc limit 1
2018-01-02 19:37:42: select * from `doctors` where `users_id` = 26 and `doctors`.`deleted_at` is null limit 1
2018-01-02 19:37:42: select * from `services` where `members_id` = '4' and `payment_status` = 1 and `services`.`deleted_at` is null order by `id` desc limit 1
2018-01-02 19:37:48: select * from `users` where `id` = '2' and `users`.`deleted_at` is null limit 1
2018-01-02 19:37:48: select * from `doctors` where `doctors`.`users_id` = 2 and `doctors`.`users_id` is not null and `doctors`.`deleted_at` is null limit 1
2018-01-02 19:37:49: select * from `users` where `id` = '2' and `users`.`deleted_at` is null limit 1
2018-01-02 19:37:49: select * from `doctors` where `doctors`.`users_id` = 2 and `doctors`.`users_id` is not null and `doctors`.`deleted_at` is null limit 1
2018-01-02 19:37:49: select count(*) as aggregate from `member_requests` where `member_requests`.`deleted_at` is null
2018-01-02 19:37:49: select count(*) as aggregate from `member_request_doctors` where `doctors_id` = '2'
2018-01-02 19:37:49: select count(*) as aggregate from `services` where `doctors_id` = '2' and `opened_at` is null and `services`.`deleted_at` is null
2018-01-02 19:37:49: select * from `messages` where `doctors_id` = '2' and `doctor_readed_at` is null and `visible` = 1 order by `created_at` desc
2018-01-02 19:37:49: select * from `parameters` where `type` = 'banner'
2018-01-02 19:37:49: select * from `parameters` where `type` = 'setting' and `key` = 'service_email' limit 1
2018-01-02 19:38:04: select count(*) as aggregate from `users` where `id` = '4'
2018-01-02 19:38:04: select * from `users` where `id` = '4' and `users`.`deleted_at` is null limit 1
2018-01-02 19:38:04: select * from `users` where `city_id` = 1 and `login_type` = '2' and `online` = 1 and `users`.`deleted_at` is null order by `online_at` desc
2018-01-02 19:38:04: select * from `messages` where `source` = 'doctor' and `started_at` is not null and `messages`.`doctors_id` in (9, 11, 12, 13, 14, 15, 16, 17, 21, 22, 23, 24, 25, 26) and `members_id` = '4' order by `started_at` desc
2018-01-02 19:38:04: select * from `doctors` where `users_id` = 9 and `doctors`.`deleted_at` is null limit 1
2018-01-02 19:38:04: select * from `services` where `members_id` = '4' and `payment_status` = 1 and `services`.`deleted_at` is null order by `id` desc limit 1
2018-01-02 19:38:04: select * from `doctors` where `users_id` = 11 and `doctors`.`deleted_at` is null limit 1
2018-01-02 19:38:04: select * from `services` where `members_id` = '4' and `payment_status` = 1 and `services`.`deleted_at` is null order by `id` desc limit 1
2018-01-02 19:38:04: select * from `doctors` where `users_id` = 12 and `doctors`.`deleted_at` is null limit 1
2018-01-02 19:38:04: select * from `services` where `members_id` = '4' and `payment_status` = 1 and `services`.`deleted_at` is null order by `id` desc limit 1
2018-01-02 19:38:04: select * from `doctors` where `users_id` = 13 and `doctors`.`deleted_at` is null limit 1
2018-01-02 19:38:04: select * from `services` where `members_id` = '4' and `payment_status` = 1 and `services`.`deleted_at` is null order by `id` desc limit 1
2018-01-02 19:38:04: select * from `doctors` where `users_id` = 14 and `doctors`.`deleted_at` is null limit 1
2018-01-02 19:38:04: select * from `services` where `members_id` = '4' and `payment_status` = 1 and `services`.`deleted_at` is null order by `id` desc limit 1
2018-01-02 19:38:04: select * from `doctors` where `users_id` = 15 and `doctors`.`deleted_at` is null limit 1
2018-01-02 19:38:04: select * from `services` where `members_id` = '4' and `payment_status` = 1 and `services`.`deleted_at` is null order by `id` desc limit 1
2018-01-02 19:38:04: select * from `doctors` where `users_id` = 16 and `doctors`.`deleted_at` is null limit 1
2018-01-02 19:38:04: select * from `services` where `members_id` = '4' and `payment_status` = 1 and `services`.`deleted_at` is null order by `id` desc limit 1
2018-01-02 19:38:04: select * from `doctors` where `users_id` = 17 and `doctors`.`deleted_at` is null limit 1
2018-01-02 19:38:04: select * from `services` where `members_id` = '4' and `payment_status` = 1 and `services`.`deleted_at` is null order by `id` desc limit 1
2018-01-02 19:38:04: select * from `doctors` where `users_id` = 21 and `doctors`.`deleted_at` is null limit 1
2018-01-02 19:38:04: select * from `services` where `members_id` = '4' and `payment_status` = 1 and `services`.`deleted_at` is null order by `id` desc limit 1
2018-01-02 19:38:04: select * from `doctors` where `users_id` = 22 and `doctors`.`deleted_at` is null limit 1
2018-01-02 19:38:04: select * from `services` where `members_id` = '4' and `payment_status` = 1 and `services`.`deleted_at` is null order by `id` desc limit 1
2018-01-02 19:38:04: select * from `doctors` where `users_id` = 23 and `doctors`.`deleted_at` is null limit 1
2018-01-02 19:38:04: select * from `services` where `members_id` = '4' and `payment_status` = 1 and `services`.`deleted_at` is null order by `id` desc limit 1
2018-01-02 19:38:04: select * from `doctors` where `users_id` = 24 and `doctors`.`deleted_at` is null limit 1
2018-01-02 19:38:04: select * from `services` where `members_id` = '4' and `payment_status` = 1 and `services`.`deleted_at` is null order by `id` desc limit 1
2018-01-02 19:38:04: select * from `doctors` where `users_id` = 25 and `doctors`.`deleted_at` is null limit 1
2018-01-02 19:38:04: select * from `services` where `members_id` = '4' and `payment_status` = 1 and `services`.`deleted_at` is null order by `id` desc limit 1
2018-01-02 19:38:04: select * from `doctors` where `users_id` = 26 and `doctors`.`deleted_at` is null limit 1
2018-01-02 19:38:04: select * from `services` where `members_id` = '4' and `payment_status` = 1 and `services`.`deleted_at` is null order by `id` desc limit 1
2018-01-02 20:16:44: select count(*) as aggregate from `users` where `id` = '4'
2018-01-02 20:16:44: select * from `users` where `id` = '4' and `users`.`deleted_at` is null limit 1
2018-01-02 20:16:44: select * from `users` where `city_id` = 1 and `login_type` = '2' and `online` = 1 and `users`.`deleted_at` is null order by `online_at` desc
2018-01-02 20:16:44: select * from `messages` where `source` = 'doctor' and `started_at` is not null and `messages`.`doctors_id` in (9, 11, 12, 13, 14, 15, 16, 17, 21, 22, 23, 24, 25, 26) and `members_id` = '4' order by `started_at` desc
2018-01-02 20:16:44: select * from `doctors` where `users_id` = 9 and `doctors`.`deleted_at` is null limit 1
2018-01-02 20:16:44: select * from `services` where `members_id` = '4' and `payment_status` = 1 and `services`.`deleted_at` is null order by `id` desc limit 1
2018-01-02 20:16:44: select * from `doctors` where `users_id` = 11 and `doctors`.`deleted_at` is null limit 1
2018-01-02 20:16:44: select * from `services` where `members_id` = '4' and `payment_status` = 1 and `services`.`deleted_at` is null order by `id` desc limit 1
2018-01-02 20:16:44: select * from `doctors` where `users_id` = 12 and `doctors`.`deleted_at` is null limit 1
2018-01-02 20:16:44: select * from `services` where `members_id` = '4' and `payment_status` = 1 and `services`.`deleted_at` is null order by `id` desc limit 1
2018-01-02 20:16:44: select * from `doctors` where `users_id` = 13 and `doctors`.`deleted_at` is null limit 1
2018-01-02 20:16:44: select * from `services` where `members_id` = '4' and `payment_status` = 1 and `services`.`deleted_at` is null order by `id` desc limit 1
2018-01-02 20:16:44: select * from `doctors` where `users_id` = 14 and `doctors`.`deleted_at` is null limit 1
2018-01-02 20:16:44: select * from `services` where `members_id` = '4' and `payment_status` = 1 and `services`.`deleted_at` is null order by `id` desc limit 1
2018-01-02 20:16:44: select * from `doctors` where `users_id` = 15 and `doctors`.`deleted_at` is null limit 1
2018-01-02 20:16:44: select * from `services` where `members_id` = '4' and `payment_status` = 1 and `services`.`deleted_at` is null order by `id` desc limit 1
2018-01-02 20:16:44: select * from `doctors` where `users_id` = 16 and `doctors`.`deleted_at` is null limit 1
2018-01-02 20:16:44: select * from `services` where `members_id` = '4' and `payment_status` = 1 and `services`.`deleted_at` is null order by `id` desc limit 1
2018-01-02 20:16:44: select * from `doctors` where `users_id` = 17 and `doctors`.`deleted_at` is null limit 1
2018-01-02 20:16:44: select * from `services` where `members_id` = '4' and `payment_status` = 1 and `services`.`deleted_at` is null order by `id` desc limit 1
2018-01-02 20:16:44: select * from `doctors` where `users_id` = 21 and `doctors`.`deleted_at` is null limit 1
2018-01-02 20:16:44: select * from `services` where `members_id` = '4' and `payment_status` = 1 and `services`.`deleted_at` is null order by `id` desc limit 1
2018-01-02 20:16:44: select * from `doctors` where `users_id` = 22 and `doctors`.`deleted_at` is null limit 1
2018-01-02 20:16:44: select * from `services` where `members_id` = '4' and `payment_status` = 1 and `services`.`deleted_at` is null order by `id` desc limit 1
2018-01-02 20:16:44: select * from `doctors` where `users_id` = 23 and `doctors`.`deleted_at` is null limit 1
2018-01-02 20:16:44: select * from `services` where `members_id` = '4' and `payment_status` = 1 and `services`.`deleted_at` is null order by `id` desc limit 1
2018-01-02 20:16:44: select * from `doctors` where `users_id` = 24 and `doctors`.`deleted_at` is null limit 1
2018-01-02 20:16:44: select * from `services` where `members_id` = '4' and `payment_status` = 1 and `services`.`deleted_at` is null order by `id` desc limit 1
2018-01-02 20:16:44: select * from `doctors` where `users_id` = 25 and `doctors`.`deleted_at` is null limit 1
2018-01-02 20:16:44: select * from `services` where `members_id` = '4' and `payment_status` = 1 and `services`.`deleted_at` is null order by `id` desc limit 1
2018-01-02 20:16:44: select * from `doctors` where `users_id` = 26 and `doctors`.`deleted_at` is null limit 1
2018-01-02 20:16:44: select * from `services` where `members_id` = '4' and `payment_status` = 1 and `services`.`deleted_at` is null order by `id` desc limit 1
