2018-04-16 00:28:46: select * from `users` where `id` = '45' and `users`.`deleted_at` is null limit 1
2018-04-16 00:28:46: select * from `doctors` where `doctors`.`users_id` = 45 and `doctors`.`users_id` is not null and `doctors`.`deleted_at` is null limit 1
2018-04-16 00:28:46: select count(*) as aggregate from `member_requests` where `member_requests`.`deleted_at` is null
2018-04-16 00:28:46: select count(*) as aggregate from `member_request_doctors` where `doctors_id` = '45'
2018-04-16 00:28:46: select count(*) as aggregate from `services` where `doctors_id` = '45' and `opened_at` is null and `services`.`deleted_at` is null
2018-04-16 00:28:46: select * from `messages` where `doctors_id` = '45' and `doctor_readed_at` is null and `visible` = 1 order by `created_at` desc
2018-04-16 00:28:46: select * from `services` where `members_id` = 53 and `payment_status` = 1 and `services`.`deleted_at` is null order by `id` desc limit 1
2018-04-16 00:28:46: select * from `parameters` where `type` = 'setting' and `key` = 'treatment_days_1' limit 1
2018-04-16 00:28:46: select * from `services` where `members_id` = 46 and `payment_status` = 1 and `services`.`deleted_at` is null order by `id` desc limit 1
2018-04-16 00:28:46: select * from `parameters` where `type` = 'setting' and `key` = 'treatment_days_1' limit 1
2018-04-16 00:28:46: select * from `parameters` where `type` = 'banner'
2018-04-16 00:28:46: select * from `parameters` where `type` = 'setting' and `key` = 'service_email' limit 1
2018-04-16 00:30:44: select * from `users` where `id` = '45' and `users`.`deleted_at` is null limit 1
2018-04-16 00:30:44: select * from `doctors` where `doctors`.`users_id` = 45 and `doctors`.`users_id` is not null and `doctors`.`deleted_at` is null limit 1
2018-04-16 00:30:44: select count(*) as aggregate from `member_requests` where `member_requests`.`deleted_at` is null
2018-04-16 00:30:44: select count(*) as aggregate from `member_request_doctors` where `doctors_id` = '45'
2018-04-16 00:30:44: select count(*) as aggregate from `services` where `doctors_id` = '45' and `opened_at` is null and `services`.`deleted_at` is null
2018-04-16 00:30:44: select * from `messages` where `doctors_id` = '45' and `doctor_readed_at` is null and `visible` = 1 order by `created_at` desc
2018-04-16 00:30:44: select * from `services` where `members_id` = 53 and `payment_status` = 1 and `services`.`deleted_at` is null order by `id` desc limit 1
2018-04-16 00:30:44: select * from `parameters` where `type` = 'setting' and `key` = 'treatment_days_1' limit 1
2018-04-16 00:30:44: select * from `services` where `members_id` = 46 and `payment_status` = 1 and `services`.`deleted_at` is null order by `id` desc limit 1
2018-04-16 00:30:44: select * from `parameters` where `type` = 'setting' and `key` = 'treatment_days_1' limit 1
2018-04-16 00:30:44: select * from `parameters` where `type` = 'banner'
2018-04-16 00:30:44: select * from `parameters` where `type` = 'setting' and `key` = 'service_email' limit 1
2018-04-16 00:32:08: select * from `users` where `id` = '45' and `users`.`deleted_at` is null limit 1
2018-04-16 00:32:08: select * from `doctors` where `doctors`.`users_id` = 45 and `doctors`.`users_id` is not null and `doctors`.`deleted_at` is null limit 1
2018-04-16 00:32:08: select count(*) as aggregate from `member_requests` where `member_requests`.`deleted_at` is null
2018-04-16 00:32:08: select count(*) as aggregate from `member_request_doctors` where `doctors_id` = '45'
2018-04-16 00:32:08: select count(*) as aggregate from `services` where `doctors_id` = '45' and `opened_at` is null and `services`.`deleted_at` is null
2018-04-16 00:32:08: select * from `messages` where `doctors_id` = '45' and `doctor_readed_at` is null and `visible` = 1 order by `created_at` desc
2018-04-16 00:32:08: select * from `services` where `members_id` = 53 and `payment_status` = 1 and `services`.`deleted_at` is null order by `id` desc limit 1
2018-04-16 00:32:08: select * from `parameters` where `type` = 'setting' and `key` = 'treatment_days_1' limit 1
2018-04-16 00:32:08: select * from `services` where `members_id` = 46 and `payment_status` = 1 and `services`.`deleted_at` is null order by `id` desc limit 1
2018-04-16 00:32:08: select * from `parameters` where `type` = 'setting' and `key` = 'treatment_days_1' limit 1
2018-04-16 00:32:08: select * from `parameters` where `type` = 'banner'
2018-04-16 00:32:08: select * from `parameters` where `type` = 'setting' and `key` = 'service_email' limit 1
2018-04-16 00:33:05: select * from `users` where `id` = '45' and `users`.`deleted_at` is null limit 1
2018-04-16 00:33:05: select * from `doctors` where `doctors`.`users_id` = 45 and `doctors`.`users_id` is not null and `doctors`.`deleted_at` is null limit 1
2018-04-16 00:33:05: select count(*) as aggregate from `member_requests` where `member_requests`.`deleted_at` is null
2018-04-16 00:33:05: select count(*) as aggregate from `member_request_doctors` where `doctors_id` = '45'
2018-04-16 00:33:05: select count(*) as aggregate from `services` where `doctors_id` = '45' and `opened_at` is null and `services`.`deleted_at` is null
2018-04-16 00:33:05: select * from `messages` where `doctors_id` = '45' and `doctor_readed_at` is null and `visible` = 1 order by `created_at` desc
2018-04-16 00:33:05: select * from `services` where `members_id` = 53 and `payment_status` = 1 and `services`.`deleted_at` is null order by `id` desc limit 1
2018-04-16 00:33:05: select * from `parameters` where `type` = 'setting' and `key` = 'treatment_days_1' limit 1
2018-04-16 00:33:05: select * from `services` where `members_id` = 46 and `payment_status` = 1 and `services`.`deleted_at` is null order by `id` desc limit 1
2018-04-16 00:33:05: select * from `parameters` where `type` = 'setting' and `key` = 'treatment_days_1' limit 1
2018-04-16 00:33:05: select * from `parameters` where `type` = 'banner'
2018-04-16 00:33:05: select * from `parameters` where `type` = 'setting' and `key` = 'service_email' limit 1
2018-04-16 00:34:18: select * from `users` where `id` = '45' and `users`.`deleted_at` is null limit 1
2018-04-16 00:34:18: select * from `doctors` where `doctors`.`users_id` = 45 and `doctors`.`users_id` is not null and `doctors`.`deleted_at` is null limit 1
2018-04-16 00:34:18: select count(*) as aggregate from `member_requests` where `member_requests`.`deleted_at` is null
2018-04-16 00:34:18: select count(*) as aggregate from `member_request_doctors` where `doctors_id` = '45'
2018-04-16 00:34:18: select count(*) as aggregate from `services` where `doctors_id` = '45' and `opened_at` is null and `services`.`deleted_at` is null
2018-04-16 00:34:18: select * from `messages` where `doctors_id` = '45' and `doctor_readed_at` is null and `visible` = 1 order by `created_at` desc
2018-04-16 00:34:18: select * from `services` where `members_id` = 53 and `payment_status` = 1 and `services`.`deleted_at` is null order by `id` desc limit 1
2018-04-16 00:34:18: select * from `parameters` where `type` = 'setting' and `key` = 'treatment_days_1' limit 1
2018-04-16 00:34:18: select * from `services` where `members_id` = 46 and `payment_status` = 1 and `services`.`deleted_at` is null order by `id` desc limit 1
2018-04-16 00:34:18: select * from `parameters` where `type` = 'setting' and `key` = 'treatment_days_1' limit 1
2018-04-16 00:34:18: select * from `parameters` where `type` = 'banner'
2018-04-16 00:34:18: select * from `parameters` where `type` = 'setting' and `key` = 'service_email' limit 1
2018-04-16 00:35:32: select * from `users` where `id` = '45' and `users`.`deleted_at` is null limit 1
2018-04-16 00:35:32: select * from `doctors` where `doctors`.`users_id` = 45 and `doctors`.`users_id` is not null and `doctors`.`deleted_at` is null limit 1
2018-04-16 00:35:32: select count(*) as aggregate from `member_requests` where `member_requests`.`deleted_at` is null
2018-04-16 00:35:32: select count(*) as aggregate from `member_request_doctors` where `doctors_id` = '45'
2018-04-16 00:35:32: select count(*) as aggregate from `services` where `doctors_id` = '45' and `opened_at` is null and `services`.`deleted_at` is null
2018-04-16 00:35:32: select * from `messages` where `doctors_id` = '45' and `doctor_readed_at` is null and `visible` = 1 order by `created_at` desc
2018-04-16 00:35:32: select * from `services` where `members_id` = 53 and `payment_status` = 1 and `services`.`deleted_at` is null order by `id` desc limit 1
2018-04-16 00:35:32: select * from `parameters` where `type` = 'setting' and `key` = 'treatment_days_1' limit 1
2018-04-16 00:35:32: select * from `services` where `members_id` = 46 and `payment_status` = 1 and `services`.`deleted_at` is null order by `id` desc limit 1
2018-04-16 00:35:32: select * from `parameters` where `type` = 'setting' and `key` = 'treatment_days_1' limit 1
2018-04-16 00:35:32: select * from `parameters` where `type` = 'banner'
2018-04-16 00:35:32: select * from `parameters` where `type` = 'setting' and `key` = 'service_email' limit 1
2018-04-16 00:35:47: select * from `users` where `id` = '45' and `users`.`deleted_at` is null limit 1
2018-04-16 00:35:47: select * from `doctors` where `doctors`.`users_id` = 45 and `doctors`.`users_id` is not null and `doctors`.`deleted_at` is null limit 1
2018-04-16 00:35:47: select count(*) as aggregate from `member_requests` where `member_requests`.`deleted_at` is null
2018-04-16 00:35:47: select count(*) as aggregate from `member_request_doctors` where `doctors_id` = '45'
2018-04-16 00:35:47: select count(*) as aggregate from `services` where `doctors_id` = '45' and `opened_at` is null and `services`.`deleted_at` is null
2018-04-16 00:35:47: select * from `messages` where `doctors_id` = '45' and `doctor_readed_at` is null and `visible` = 1 order by `created_at` desc
2018-04-16 00:35:47: select * from `services` where `members_id` = 53 and `payment_status` = 1 and `services`.`deleted_at` is null order by `id` desc limit 1
2018-04-16 00:35:47: select * from `parameters` where `type` = 'setting' and `key` = 'treatment_days_1' limit 1
2018-04-16 00:35:47: select * from `services` where `members_id` = 46 and `payment_status` = 1 and `services`.`deleted_at` is null order by `id` desc limit 1
2018-04-16 00:35:47: select * from `parameters` where `type` = 'setting' and `key` = 'treatment_days_1' limit 1
2018-04-16 00:35:47: select * from `parameters` where `type` = 'banner'
2018-04-16 00:35:47: select * from `parameters` where `type` = 'setting' and `key` = 'service_email' limit 1
2018-04-16 00:37:17: select * from `users` where `id` = '45' and `users`.`deleted_at` is null limit 1
2018-04-16 00:37:17: select * from `doctors` where `doctors`.`users_id` = 45 and `doctors`.`users_id` is not null and `doctors`.`deleted_at` is null limit 1
2018-04-16 00:37:17: select count(*) as aggregate from `member_requests` where `member_requests`.`deleted_at` is null
2018-04-16 00:37:17: select count(*) as aggregate from `member_request_doctors` where `doctors_id` = '45'
2018-04-16 00:37:17: select count(*) as aggregate from `services` where `doctors_id` = '45' and `opened_at` is null and `services`.`deleted_at` is null
2018-04-16 00:37:17: select * from `messages` where `doctors_id` = '45' and `doctor_readed_at` is null and `visible` = 1 order by `created_at` desc
2018-04-16 00:37:17: select * from `services` where `members_id` = 53 and `payment_status` = 1 and `services`.`deleted_at` is null order by `id` desc limit 1
2018-04-16 00:37:17: select * from `parameters` where `type` = 'setting' and `key` = 'treatment_days_1' limit 1
2018-04-16 00:37:17: select * from `services` where `members_id` = 46 and `payment_status` = 1 and `services`.`deleted_at` is null order by `id` desc limit 1
2018-04-16 00:37:17: select * from `parameters` where `type` = 'setting' and `key` = 'treatment_days_1' limit 1
2018-04-16 00:37:17: select * from `parameters` where `type` = 'banner'
2018-04-16 00:37:17: select * from `parameters` where `type` = 'setting' and `key` = 'service_email' limit 1
2018-04-16 00:39:46: select * from `users` where `id` = '45' and `users`.`deleted_at` is null limit 1
2018-04-16 00:39:46: select * from `doctors` where `doctors`.`users_id` = 45 and `doctors`.`users_id` is not null and `doctors`.`deleted_at` is null limit 1
2018-04-16 00:39:46: select count(*) as aggregate from `member_requests` where `member_requests`.`deleted_at` is null
2018-04-16 00:39:46: select count(*) as aggregate from `member_request_doctors` where `doctors_id` = '45'
2018-04-16 00:39:46: select count(*) as aggregate from `services` where `doctors_id` = '45' and `opened_at` is null and `services`.`deleted_at` is null
2018-04-16 00:39:46: select * from `messages` where `doctors_id` = '45' and `doctor_readed_at` is null and `visible` = 1 order by `created_at` desc
2018-04-16 00:39:46: select * from `services` where `members_id` = 53 and `payment_status` = 1 and `services`.`deleted_at` is null order by `id` desc limit 1
2018-04-16 00:39:46: select * from `parameters` where `type` = 'setting' and `key` = 'treatment_days_1' limit 1
2018-04-16 00:39:46: select * from `services` where `members_id` = 46 and `payment_status` = 1 and `services`.`deleted_at` is null order by `id` desc limit 1
2018-04-16 00:39:46: select * from `parameters` where `type` = 'setting' and `key` = 'treatment_days_1' limit 1
2018-04-16 00:39:46: select * from `parameters` where `type` = 'banner'
2018-04-16 00:39:46: select * from `parameters` where `type` = 'setting' and `key` = 'service_email' limit 1
2018-04-16 00:43:41: select * from `users` where `id` = '45' and `users`.`deleted_at` is null limit 1
2018-04-16 00:43:41: select * from `doctors` where `doctors`.`users_id` = 45 and `doctors`.`users_id` is not null and `doctors`.`deleted_at` is null limit 1
2018-04-16 00:43:41: select count(*) as aggregate from `member_requests` where `member_requests`.`deleted_at` is null
2018-04-16 00:43:41: select count(*) as aggregate from `member_request_doctors` where `doctors_id` = '45'
2018-04-16 00:43:41: select count(*) as aggregate from `services` where `doctors_id` = '45' and `opened_at` is null and `services`.`deleted_at` is null
2018-04-16 00:43:41: select * from `messages` where `doctors_id` = '45' and `doctor_readed_at` is null and `visible` = 1 order by `created_at` desc
2018-04-16 00:43:41: select * from `services` where `members_id` = 53 and `payment_status` = 1 and `services`.`deleted_at` is null order by `id` desc limit 1
2018-04-16 00:43:41: select * from `parameters` where `type` = 'setting' and `key` = 'treatment_days_1' limit 1
2018-04-16 00:43:41: select * from `services` where `members_id` = 46 and `payment_status` = 1 and `services`.`deleted_at` is null order by `id` desc limit 1
2018-04-16 00:43:41: select * from `parameters` where `type` = 'setting' and `key` = 'treatment_days_1' limit 1
2018-04-16 00:43:41: select * from `parameters` where `type` = 'banner'
2018-04-16 00:43:41: select * from `parameters` where `type` = 'setting' and `key` = 'service_email' limit 1
2018-04-16 00:44:07: select * from `users` where `id` = '45' and `users`.`deleted_at` is null limit 1
2018-04-16 00:44:07: select * from `doctors` where `doctors`.`users_id` = 45 and `doctors`.`users_id` is not null and `doctors`.`deleted_at` is null limit 1
2018-04-16 00:44:07: select count(*) as aggregate from `member_requests` where `member_requests`.`deleted_at` is null
2018-04-16 00:44:07: select count(*) as aggregate from `member_request_doctors` where `doctors_id` = '45'
2018-04-16 00:44:07: select count(*) as aggregate from `services` where `doctors_id` = '45' and `opened_at` is null and `services`.`deleted_at` is null
2018-04-16 00:44:07: select * from `messages` where `doctors_id` = '45' and `doctor_readed_at` is null and `visible` = 1 order by `created_at` desc
2018-04-16 00:44:07: select * from `services` where `members_id` = 53 and `payment_status` = 1 and `services`.`deleted_at` is null order by `id` desc limit 1
2018-04-16 00:44:07: select * from `parameters` where `type` = 'setting' and `key` = 'treatment_days_1' limit 1
2018-04-16 00:44:07: select * from `services` where `members_id` = 46 and `payment_status` = 1 and `services`.`deleted_at` is null order by `id` desc limit 1
2018-04-16 00:44:07: select * from `parameters` where `type` = 'setting' and `key` = 'treatment_days_1' limit 1
2018-04-16 00:44:07: select * from `parameters` where `type` = 'banner'
2018-04-16 00:44:07: select * from `parameters` where `type` = 'setting' and `key` = 'service_email' limit 1
2018-04-16 00:44:21: select * from `users` where `id` = '45' and `users`.`deleted_at` is null limit 1
2018-04-16 00:44:21: select * from `doctors` where `doctors`.`users_id` = 45 and `doctors`.`users_id` is not null and `doctors`.`deleted_at` is null limit 1
2018-04-16 00:44:21: select count(*) as aggregate from `member_requests` where `member_requests`.`deleted_at` is null
2018-04-16 00:44:21: select count(*) as aggregate from `member_request_doctors` where `doctors_id` = '45'
2018-04-16 00:44:21: select count(*) as aggregate from `services` where `doctors_id` = '45' and `opened_at` is null and `services`.`deleted_at` is null
2018-04-16 00:44:21: select * from `messages` where `doctors_id` = '45' and `doctor_readed_at` is null and `visible` = 1 order by `created_at` desc
2018-04-16 00:44:21: select * from `services` where `members_id` = 53 and `payment_status` = 1 and `services`.`deleted_at` is null order by `id` desc limit 1
2018-04-16 00:44:21: select * from `parameters` where `type` = 'setting' and `key` = 'treatment_days_1' limit 1
2018-04-16 00:44:21: select * from `services` where `members_id` = 46 and `payment_status` = 1 and `services`.`deleted_at` is null order by `id` desc limit 1
2018-04-16 00:44:21: select * from `parameters` where `type` = 'setting' and `key` = 'treatment_days_1' limit 1
2018-04-16 00:44:21: select * from `parameters` where `type` = 'banner'
2018-04-16 00:44:21: select * from `parameters` where `type` = 'setting' and `key` = 'service_email' limit 1
2018-04-16 00:44:22: select * from `users` where `id` = '45' and `login_type` = 2 and `status` = 1 and `users`.`deleted_at` is null limit 1
2018-04-16 00:44:22: select * from `doctors` where `doctors`.`users_id` in (45) and `doctors`.`deleted_at` is null
2018-04-16 00:44:22: select * from `services` where `doctors_id` = '45' and `members_id` is not null and `services`.`deleted_at` is null
2018-04-16 00:44:22: select * from `services` where `doctors_id` = '45' and `members_id` in (43, 47, 46, 53) and `payment_status` in (0, 1) and `services`.`deleted_at` is null order by `created_at` desc
2018-04-16 00:44:22: select * from `users` where `login_type` = 1 and `users`.`id` in (43, 46, 47, 53) and `users`.`deleted_at` is null
2018-04-16 00:44:22: select * from `parameters` where `type` = 'setting' and `key` = 'message_expire_time' limit 1
2018-04-16 00:44:22: select * from `messages` where `doctors_id` = 45 and `members_id` = 53 and `source` = 'member' order by `created_at` desc limit 1
2018-04-16 00:44:22: select * from `messages` where `doctors_id` = 45 and `members_id` = 53 and `source` = 'doctor' order by `created_at` desc limit 1
2018-04-16 00:44:22: select * from `messages` where `doctors_id` = 45 and `members_id` = 43 and `source` = 'member' order by `created_at` desc limit 1
2018-04-16 00:44:22: select * from `messages` where `doctors_id` = 45 and `members_id` = 43 and `source` = 'doctor' order by `created_at` desc limit 1
2018-04-16 00:44:22: select * from `messages` where `doctors_id` = 45 and `members_id` = 47 and `source` = 'member' order by `created_at` desc limit 1
2018-04-16 00:44:22: select * from `messages` where `doctors_id` = 45 and `members_id` = 47 and `source` = 'doctor' order by `created_at` desc limit 1
2018-04-16 00:44:22: select * from `messages` where `doctors_id` = 45 and `members_id` = 46 and `source` = 'member' order by `created_at` desc limit 1
2018-04-16 00:44:22: select * from `messages` where `doctors_id` = 45 and `members_id` = 46 and `source` = 'doctor' order by `created_at` desc limit 1
2018-04-16 00:44:22: update `services` set `opened_at` = '2018-04-16 00:44:22', `updated_at` = '2018-04-16 00:44:22' where `doctors_id` = '45' and `opened_at` is null and `services`.`deleted_at` is null
2018-04-16 00:44:22: select * from `parameters` where `type` = 'setting' and `key` = 'treatment_days_1' limit 1
2018-04-16 00:44:22: select * from `doctors` where `doctors`.`users_id` = 53 and `doctors`.`users_id` is not null and `doctors`.`deleted_at` is null limit 1
2018-04-16 00:44:22: select * from `parameters` where `type` = 'setting' and `key` = 'treatment_days_1' limit 1
2018-04-16 00:44:22: select * from `doctors` where `doctors`.`users_id` = 43 and `doctors`.`users_id` is not null and `doctors`.`deleted_at` is null limit 1
2018-04-16 00:44:22: select * from `doctors` where `doctors`.`users_id` = 47 and `doctors`.`users_id` is not null and `doctors`.`deleted_at` is null limit 1
2018-04-16 00:44:22: select * from `parameters` where `type` = 'setting' and `key` = 'treatment_days_1' limit 1
2018-04-16 00:44:22: select * from `doctors` where `doctors`.`users_id` = 46 and `doctors`.`users_id` is not null and `doctors`.`deleted_at` is null limit 1
2018-04-16 00:49:14: select * from `users` where `id` = '45' and `users`.`deleted_at` is null limit 1
2018-04-16 00:49:14: select * from `doctors` where `doctors`.`users_id` = 45 and `doctors`.`users_id` is not null and `doctors`.`deleted_at` is null limit 1
2018-04-16 00:49:14: select count(*) as aggregate from `member_requests` where `member_requests`.`deleted_at` is null
2018-04-16 00:49:14: select count(*) as aggregate from `member_request_doctors` where `doctors_id` = '45'
2018-04-16 00:49:14: select count(*) as aggregate from `services` where `doctors_id` = '45' and `opened_at` is null and `services`.`deleted_at` is null
2018-04-16 00:49:14: select * from `messages` where `doctors_id` = '45' and `doctor_readed_at` is null and `visible` = 1 order by `created_at` desc
2018-04-16 00:49:14: select * from `services` where `members_id` = 53 and `payment_status` = 1 and `services`.`deleted_at` is null order by `id` desc limit 1
2018-04-16 00:49:14: select * from `parameters` where `type` = 'setting' and `key` = 'treatment_days_1' limit 1
2018-04-16 00:49:14: select * from `services` where `members_id` = 46 and `payment_status` = 1 and `services`.`deleted_at` is null order by `id` desc limit 1
2018-04-16 00:49:14: select * from `parameters` where `type` = 'setting' and `key` = 'treatment_days_1' limit 1
2018-04-16 00:49:14: select * from `parameters` where `type` = 'banner'
2018-04-16 00:49:14: select * from `parameters` where `type` = 'setting' and `key` = 'service_email' limit 1
2018-04-16 00:50:04: select * from `users` where `id` = '45' and `users`.`deleted_at` is null limit 1
2018-04-16 00:50:04: select * from `doctors` where `doctors`.`users_id` = 45 and `doctors`.`users_id` is not null and `doctors`.`deleted_at` is null limit 1
2018-04-16 00:50:04: select count(*) as aggregate from `member_requests` where `member_requests`.`deleted_at` is null
2018-04-16 00:50:04: select count(*) as aggregate from `member_request_doctors` where `doctors_id` = '45'
2018-04-16 00:50:04: select count(*) as aggregate from `services` where `doctors_id` = '45' and `opened_at` is null and `services`.`deleted_at` is null
2018-04-16 00:50:04: select * from `messages` where `doctors_id` = '45' and `doctor_readed_at` is null and `visible` = 1 order by `created_at` desc
2018-04-16 00:50:04: select * from `services` where `members_id` = 53 and `payment_status` = 1 and `services`.`deleted_at` is null order by `id` desc limit 1
2018-04-16 00:50:04: select * from `parameters` where `type` = 'setting' and `key` = 'treatment_days_1' limit 1
2018-04-16 00:50:04: select * from `services` where `members_id` = 46 and `payment_status` = 1 and `services`.`deleted_at` is null order by `id` desc limit 1
2018-04-16 00:50:04: select * from `parameters` where `type` = 'setting' and `key` = 'treatment_days_1' limit 1
2018-04-16 00:50:04: select * from `parameters` where `type` = 'banner'
2018-04-16 00:50:04: select * from `parameters` where `type` = 'setting' and `key` = 'service_email' limit 1
2018-04-16 00:50:16: select * from `users` where `id` = '45' and `users`.`deleted_at` is null limit 1
2018-04-16 00:50:16: select * from `doctors` where `doctors`.`users_id` = 45 and `doctors`.`users_id` is not null and `doctors`.`deleted_at` is null limit 1
2018-04-16 00:50:16: select count(*) as aggregate from `member_requests` where `member_requests`.`deleted_at` is null
2018-04-16 00:50:16: select count(*) as aggregate from `member_request_doctors` where `doctors_id` = '45'
2018-04-16 00:50:16: select count(*) as aggregate from `services` where `doctors_id` = '45' and `opened_at` is null and `services`.`deleted_at` is null
2018-04-16 00:50:16: select * from `messages` where `doctors_id` = '45' and `doctor_readed_at` is null and `visible` = 1 order by `created_at` desc
2018-04-16 00:50:16: select * from `services` where `members_id` = 53 and `payment_status` = 1 and `services`.`deleted_at` is null order by `id` desc limit 1
2018-04-16 00:50:16: select * from `parameters` where `type` = 'setting' and `key` = 'treatment_days_1' limit 1
2018-04-16 00:50:16: select * from `services` where `members_id` = 46 and `payment_status` = 1 and `services`.`deleted_at` is null order by `id` desc limit 1
2018-04-16 00:50:16: select * from `parameters` where `type` = 'setting' and `key` = 'treatment_days_1' limit 1
2018-04-16 00:50:16: select * from `parameters` where `type` = 'banner'
2018-04-16 00:50:16: select * from `parameters` where `type` = 'setting' and `key` = 'service_email' limit 1
2018-04-16 00:50:18: select * from `users` where `id` = '45' and `login_type` = 2 and `status` = 1 and `users`.`deleted_at` is null limit 1
2018-04-16 00:50:18: select * from `doctors` where `doctors`.`users_id` in (45) and `doctors`.`deleted_at` is null
2018-04-16 00:50:18: select * from `services` where `doctors_id` = '45' and `members_id` is not null and `services`.`deleted_at` is null
2018-04-16 00:50:18: select * from `services` where `doctors_id` = '45' and `members_id` in (43, 47, 46, 53) and `payment_status` in (0, 1) and `services`.`deleted_at` is null order by `created_at` desc
2018-04-16 00:50:18: select * from `users` where `login_type` = 1 and `users`.`id` in (43, 46, 47, 53) and `users`.`deleted_at` is null
2018-04-16 00:50:18: select * from `parameters` where `type` = 'setting' and `key` = 'message_expire_time' limit 1
2018-04-16 00:50:18: select * from `messages` where `doctors_id` = 45 and `members_id` = 53 and `source` = 'member' order by `created_at` desc limit 1
2018-04-16 00:50:18: select * from `messages` where `doctors_id` = 45 and `members_id` = 53 and `source` = 'doctor' order by `created_at` desc limit 1
2018-04-16 00:50:18: select * from `messages` where `doctors_id` = 45 and `members_id` = 43 and `source` = 'member' order by `created_at` desc limit 1
2018-04-16 00:50:18: select * from `messages` where `doctors_id` = 45 and `members_id` = 43 and `source` = 'doctor' order by `created_at` desc limit 1
2018-04-16 00:50:18: select * from `messages` where `doctors_id` = 45 and `members_id` = 47 and `source` = 'member' order by `created_at` desc limit 1
2018-04-16 00:50:18: select * from `messages` where `doctors_id` = 45 and `members_id` = 47 and `source` = 'doctor' order by `created_at` desc limit 1
2018-04-16 00:50:18: select * from `messages` where `doctors_id` = 45 and `members_id` = 46 and `source` = 'member' order by `created_at` desc limit 1
2018-04-16 00:50:18: select * from `messages` where `doctors_id` = 45 and `members_id` = 46 and `source` = 'doctor' order by `created_at` desc limit 1
2018-04-16 00:50:18: update `services` set `opened_at` = '2018-04-16 00:50:18', `updated_at` = '2018-04-16 00:50:18' where `doctors_id` = '45' and `opened_at` is null and `services`.`deleted_at` is null
2018-04-16 00:50:18: select * from `parameters` where `type` = 'setting' and `key` = 'treatment_days_1' limit 1
2018-04-16 00:50:18: select * from `doctors` where `doctors`.`users_id` = 53 and `doctors`.`users_id` is not null and `doctors`.`deleted_at` is null limit 1
2018-04-16 00:50:18: select * from `parameters` where `type` = 'setting' and `key` = 'treatment_days_1' limit 1
2018-04-16 00:50:18: select * from `doctors` where `doctors`.`users_id` = 43 and `doctors`.`users_id` is not null and `doctors`.`deleted_at` is null limit 1
2018-04-16 00:50:18: select * from `doctors` where `doctors`.`users_id` = 47 and `doctors`.`users_id` is not null and `doctors`.`deleted_at` is null limit 1
2018-04-16 00:50:18: select * from `parameters` where `type` = 'setting' and `key` = 'treatment_days_1' limit 1
2018-04-16 00:50:18: select * from `doctors` where `doctors`.`users_id` = 46 and `doctors`.`users_id` is not null and `doctors`.`deleted_at` is null limit 1
2018-04-16 00:51:11: select * from `users` where `id` = '45' and `users`.`deleted_at` is null limit 1
2018-04-16 00:51:11: select * from `doctors` where `doctors`.`users_id` = 45 and `doctors`.`users_id` is not null and `doctors`.`deleted_at` is null limit 1
2018-04-16 00:51:11: select count(*) as aggregate from `member_requests` where `member_requests`.`deleted_at` is null
2018-04-16 00:51:11: select count(*) as aggregate from `member_request_doctors` where `doctors_id` = '45'
2018-04-16 00:51:11: select count(*) as aggregate from `services` where `doctors_id` = '45' and `opened_at` is null and `services`.`deleted_at` is null
2018-04-16 00:51:11: select * from `messages` where `doctors_id` = '45' and `doctor_readed_at` is null and `visible` = 1 order by `created_at` desc
2018-04-16 00:51:11: select * from `services` where `members_id` = 53 and `payment_status` = 1 and `services`.`deleted_at` is null order by `id` desc limit 1
2018-04-16 00:51:11: select * from `parameters` where `type` = 'setting' and `key` = 'treatment_days_1' limit 1
2018-04-16 00:51:11: select * from `services` where `members_id` = 46 and `payment_status` = 1 and `services`.`deleted_at` is null order by `id` desc limit 1
2018-04-16 00:51:11: select * from `parameters` where `type` = 'setting' and `key` = 'treatment_days_1' limit 1
2018-04-16 00:51:11: select * from `parameters` where `type` = 'banner'
2018-04-16 00:51:11: select * from `parameters` where `type` = 'setting' and `key` = 'service_email' limit 1
2018-04-16 00:51:14: select * from `users` where `id` = '45' and `users`.`deleted_at` is null limit 1
2018-04-16 00:51:14: select * from `doctors` where `doctors`.`users_id` = 45 and `doctors`.`users_id` is not null and `doctors`.`deleted_at` is null limit 1
2018-04-16 00:51:14: select count(*) as aggregate from `member_requests` where `member_requests`.`deleted_at` is null
2018-04-16 00:51:14: select count(*) as aggregate from `member_request_doctors` where `doctors_id` = '45'
2018-04-16 00:51:14: select count(*) as aggregate from `services` where `doctors_id` = '45' and `opened_at` is null and `services`.`deleted_at` is null
2018-04-16 00:51:14: select * from `messages` where `doctors_id` = '45' and `doctor_readed_at` is null and `visible` = 1 order by `created_at` desc
2018-04-16 00:51:14: select * from `services` where `members_id` = 53 and `payment_status` = 1 and `services`.`deleted_at` is null order by `id` desc limit 1
2018-04-16 00:51:14: select * from `parameters` where `type` = 'setting' and `key` = 'treatment_days_1' limit 1
2018-04-16 00:51:14: select * from `services` where `members_id` = 46 and `payment_status` = 1 and `services`.`deleted_at` is null order by `id` desc limit 1
2018-04-16 00:51:14: select * from `parameters` where `type` = 'setting' and `key` = 'treatment_days_1' limit 1
2018-04-16 00:51:14: select * from `parameters` where `type` = 'banner'
2018-04-16 00:51:14: select * from `parameters` where `type` = 'setting' and `key` = 'service_email' limit 1
2018-04-16 00:51:15: select * from `users` where `id` = '45' and `login_type` = 2 and `status` = 1 and `users`.`deleted_at` is null limit 1
2018-04-16 00:51:15: select * from `doctors` where `doctors`.`users_id` in (45) and `doctors`.`deleted_at` is null
2018-04-16 00:51:15: select * from `services` where `doctors_id` = '45' and `members_id` is not null and `services`.`deleted_at` is null
2018-04-16 00:51:15: select * from `services` where `doctors_id` = '45' and `members_id` in (43, 47, 46, 53) and `payment_status` in (0, 1) and `services`.`deleted_at` is null order by `created_at` desc
2018-04-16 00:51:15: select * from `users` where `login_type` = 1 and `users`.`id` in (43, 46, 47, 53) and `users`.`deleted_at` is null
2018-04-16 00:51:15: select * from `parameters` where `type` = 'setting' and `key` = 'message_expire_time' limit 1
2018-04-16 00:51:15: select * from `messages` where `doctors_id` = 45 and `members_id` = 53 and `source` = 'member' order by `created_at` desc limit 1
2018-04-16 00:51:15: select * from `messages` where `doctors_id` = 45 and `members_id` = 53 and `source` = 'doctor' order by `created_at` desc limit 1
2018-04-16 00:51:15: select * from `messages` where `doctors_id` = 45 and `members_id` = 43 and `source` = 'member' order by `created_at` desc limit 1
2018-04-16 00:51:15: select * from `messages` where `doctors_id` = 45 and `members_id` = 43 and `source` = 'doctor' order by `created_at` desc limit 1
2018-04-16 00:51:15: select * from `messages` where `doctors_id` = 45 and `members_id` = 47 and `source` = 'member' order by `created_at` desc limit 1
2018-04-16 00:51:15: select * from `messages` where `doctors_id` = 45 and `members_id` = 47 and `source` = 'doctor' order by `created_at` desc limit 1
2018-04-16 00:51:15: select * from `messages` where `doctors_id` = 45 and `members_id` = 46 and `source` = 'member' order by `created_at` desc limit 1
2018-04-16 00:51:15: select * from `messages` where `doctors_id` = 45 and `members_id` = 46 and `source` = 'doctor' order by `created_at` desc limit 1
2018-04-16 00:51:15: update `services` set `opened_at` = '2018-04-16 00:51:15', `updated_at` = '2018-04-16 00:51:15' where `doctors_id` = '45' and `opened_at` is null and `services`.`deleted_at` is null
2018-04-16 00:51:15: select * from `parameters` where `type` = 'setting' and `key` = 'treatment_days_1' limit 1
2018-04-16 00:51:15: select * from `doctors` where `doctors`.`users_id` = 53 and `doctors`.`users_id` is not null and `doctors`.`deleted_at` is null limit 1
2018-04-16 00:51:15: select * from `parameters` where `type` = 'setting' and `key` = 'treatment_days_1' limit 1
2018-04-16 00:51:15: select * from `doctors` where `doctors`.`users_id` = 43 and `doctors`.`users_id` is not null and `doctors`.`deleted_at` is null limit 1
2018-04-16 00:51:15: select * from `doctors` where `doctors`.`users_id` = 47 and `doctors`.`users_id` is not null and `doctors`.`deleted_at` is null limit 1
2018-04-16 00:51:15: select * from `parameters` where `type` = 'setting' and `key` = 'treatment_days_1' limit 1
2018-04-16 00:51:15: select * from `doctors` where `doctors`.`users_id` = 46 and `doctors`.`users_id` is not null and `doctors`.`deleted_at` is null limit 1
2018-04-16 00:55:00: select * from `users` where `id` = '45' and `users`.`deleted_at` is null limit 1
2018-04-16 00:55:00: select * from `doctors` where `doctors`.`users_id` = 45 and `doctors`.`users_id` is not null and `doctors`.`deleted_at` is null limit 1
2018-04-16 00:55:00: select count(*) as aggregate from `member_requests` where `member_requests`.`deleted_at` is null
2018-04-16 00:55:00: select count(*) as aggregate from `member_request_doctors` where `doctors_id` = '45'
2018-04-16 00:55:00: select count(*) as aggregate from `services` where `doctors_id` = '45' and `opened_at` is null and `services`.`deleted_at` is null
2018-04-16 00:55:00: select * from `messages` where `doctors_id` = '45' and `doctor_readed_at` is null and `visible` = 1 order by `created_at` desc
2018-04-16 00:55:00: select * from `services` where `members_id` = 53 and `payment_status` = 1 and `services`.`deleted_at` is null order by `id` desc limit 1
2018-04-16 00:55:00: select * from `parameters` where `type` = 'setting' and `key` = 'treatment_days_1' limit 1
2018-04-16 00:55:00: select * from `services` where `members_id` = 46 and `payment_status` = 1 and `services`.`deleted_at` is null order by `id` desc limit 1
2018-04-16 00:55:00: select * from `parameters` where `type` = 'setting' and `key` = 'treatment_days_1' limit 1
2018-04-16 00:55:00: select * from `parameters` where `type` = 'banner'
2018-04-16 00:55:00: select * from `parameters` where `type` = 'setting' and `key` = 'service_email' limit 1
2018-04-16 00:55:02: select * from `users` where `id` = '45' and `login_type` = 2 and `status` = 1 and `users`.`deleted_at` is null limit 1
2018-04-16 00:55:02: select * from `doctors` where `doctors`.`users_id` in (45) and `doctors`.`deleted_at` is null
2018-04-16 00:55:02: select * from `services` where `doctors_id` = '45' and `members_id` is not null and `services`.`deleted_at` is null
2018-04-16 00:55:02: select * from `services` where `doctors_id` = '45' and `members_id` in (43, 47, 46, 53) and `payment_status` in (0, 1) and `services`.`deleted_at` is null order by `created_at` desc
2018-04-16 00:55:02: select * from `users` where `login_type` = 1 and `users`.`id` in (43, 46, 47, 53) and `users`.`deleted_at` is null
2018-04-16 00:55:02: select * from `parameters` where `type` = 'setting' and `key` = 'message_expire_time' limit 1
2018-04-16 00:55:02: select * from `messages` where `doctors_id` = 45 and `members_id` = 53 and `source` = 'member' order by `created_at` desc limit 1
2018-04-16 00:55:02: select * from `messages` where `doctors_id` = 45 and `members_id` = 53 and `source` = 'doctor' order by `created_at` desc limit 1
2018-04-16 00:55:02: select * from `messages` where `doctors_id` = 45 and `members_id` = 43 and `source` = 'member' order by `created_at` desc limit 1
2018-04-16 00:55:02: select * from `messages` where `doctors_id` = 45 and `members_id` = 43 and `source` = 'doctor' order by `created_at` desc limit 1
2018-04-16 00:55:02: select * from `messages` where `doctors_id` = 45 and `members_id` = 47 and `source` = 'member' order by `created_at` desc limit 1
2018-04-16 00:55:02: select * from `messages` where `doctors_id` = 45 and `members_id` = 47 and `source` = 'doctor' order by `created_at` desc limit 1
2018-04-16 00:55:02: select * from `messages` where `doctors_id` = 45 and `members_id` = 46 and `source` = 'member' order by `created_at` desc limit 1
2018-04-16 00:55:02: select * from `messages` where `doctors_id` = 45 and `members_id` = 46 and `source` = 'doctor' order by `created_at` desc limit 1
2018-04-16 00:55:02: update `services` set `opened_at` = '2018-04-16 00:55:02', `updated_at` = '2018-04-16 00:55:02' where `doctors_id` = '45' and `opened_at` is null and `services`.`deleted_at` is null
2018-04-16 00:55:02: select * from `parameters` where `type` = 'setting' and `key` = 'treatment_days_1' limit 1
2018-04-16 00:55:02: select * from `doctors` where `doctors`.`users_id` = 53 and `doctors`.`users_id` is not null and `doctors`.`deleted_at` is null limit 1
2018-04-16 00:55:02: select * from `parameters` where `type` = 'setting' and `key` = 'treatment_days_1' limit 1
2018-04-16 00:55:02: select * from `doctors` where `doctors`.`users_id` = 43 and `doctors`.`users_id` is not null and `doctors`.`deleted_at` is null limit 1
2018-04-16 00:55:02: select * from `doctors` where `doctors`.`users_id` = 47 and `doctors`.`users_id` is not null and `doctors`.`deleted_at` is null limit 1
2018-04-16 00:55:02: select * from `parameters` where `type` = 'setting' and `key` = 'treatment_days_1' limit 1
2018-04-16 00:55:02: select * from `doctors` where `doctors`.`users_id` = 46 and `doctors`.`users_id` is not null and `doctors`.`deleted_at` is null limit 1
2018-04-16 00:58:05: select * from `users` where `id` = '45' and `users`.`deleted_at` is null limit 1
2018-04-16 00:58:05: select * from `doctors` where `doctors`.`users_id` = 45 and `doctors`.`users_id` is not null and `doctors`.`deleted_at` is null limit 1
2018-04-16 00:58:05: select count(*) as aggregate from `member_requests` where `member_requests`.`deleted_at` is null
2018-04-16 00:58:05: select count(*) as aggregate from `member_request_doctors` where `doctors_id` = '45'
2018-04-16 00:58:05: select count(*) as aggregate from `services` where `doctors_id` = '45' and `opened_at` is null and `services`.`deleted_at` is null
2018-04-16 00:58:05: select * from `messages` where `doctors_id` = '45' and `doctor_readed_at` is null and `visible` = 1 order by `created_at` desc
2018-04-16 00:58:05: select * from `services` where `members_id` = 53 and `payment_status` = 1 and `services`.`deleted_at` is null order by `id` desc limit 1
2018-04-16 00:58:05: select * from `parameters` where `type` = 'setting' and `key` = 'treatment_days_1' limit 1
2018-04-16 00:58:05: select * from `services` where `members_id` = 46 and `payment_status` = 1 and `services`.`deleted_at` is null order by `id` desc limit 1
2018-04-16 00:58:05: select * from `parameters` where `type` = 'setting' and `key` = 'treatment_days_1' limit 1
2018-04-16 00:58:05: select * from `parameters` where `type` = 'banner'
2018-04-16 00:58:05: select * from `parameters` where `type` = 'setting' and `key` = 'service_email' limit 1
2018-04-16 00:58:17: select * from `users` where `id` = '45' and `users`.`deleted_at` is null limit 1
2018-04-16 00:58:17: select * from `doctors` where `doctors`.`users_id` = 45 and `doctors`.`users_id` is not null and `doctors`.`deleted_at` is null limit 1
2018-04-16 00:58:17: select count(*) as aggregate from `member_requests` where `member_requests`.`deleted_at` is null
2018-04-16 00:58:17: select count(*) as aggregate from `member_request_doctors` where `doctors_id` = '45'
2018-04-16 00:58:17: select count(*) as aggregate from `services` where `doctors_id` = '45' and `opened_at` is null and `services`.`deleted_at` is null
2018-04-16 00:58:17: select * from `messages` where `doctors_id` = '45' and `doctor_readed_at` is null and `visible` = 1 order by `created_at` desc
2018-04-16 00:58:17: select * from `services` where `members_id` = 53 and `payment_status` = 1 and `services`.`deleted_at` is null order by `id` desc limit 1
2018-04-16 00:58:17: select * from `parameters` where `type` = 'setting' and `key` = 'treatment_days_1' limit 1
2018-04-16 00:58:17: select * from `services` where `members_id` = 46 and `payment_status` = 1 and `services`.`deleted_at` is null order by `id` desc limit 1
2018-04-16 00:58:17: select * from `parameters` where `type` = 'setting' and `key` = 'treatment_days_1' limit 1
2018-04-16 00:58:17: select * from `parameters` where `type` = 'banner'
2018-04-16 00:58:17: select * from `parameters` where `type` = 'setting' and `key` = 'service_email' limit 1
2018-04-16 00:58:18: select * from `users` where `id` = '45' and `login_type` = 2 and `status` = 1 and `users`.`deleted_at` is null limit 1
2018-04-16 00:58:18: select * from `doctors` where `doctors`.`users_id` in (45) and `doctors`.`deleted_at` is null
2018-04-16 00:58:18: select * from `services` where `doctors_id` = '45' and `members_id` is not null and `services`.`deleted_at` is null
2018-04-16 00:58:18: select * from `services` where `doctors_id` = '45' and `members_id` in (43, 47, 46, 53) and `payment_status` in (0, 1) and `services`.`deleted_at` is null order by `created_at` desc
2018-04-16 00:58:18: select * from `users` where `login_type` = 1 and `users`.`id` in (43, 46, 47, 53) and `users`.`deleted_at` is null
2018-04-16 00:58:18: select * from `parameters` where `type` = 'setting' and `key` = 'message_expire_time' limit 1
2018-04-16 00:58:18: select * from `messages` where `doctors_id` = 45 and `members_id` = 53 and `source` = 'member' order by `created_at` desc limit 1
2018-04-16 00:58:18: select * from `messages` where `doctors_id` = 45 and `members_id` = 53 and `source` = 'doctor' order by `created_at` desc limit 1
2018-04-16 00:58:18: select * from `messages` where `doctors_id` = 45 and `members_id` = 43 and `source` = 'member' order by `created_at` desc limit 1
2018-04-16 00:58:18: select * from `messages` where `doctors_id` = 45 and `members_id` = 43 and `source` = 'doctor' order by `created_at` desc limit 1
2018-04-16 00:58:18: select * from `messages` where `doctors_id` = 45 and `members_id` = 47 and `source` = 'member' order by `created_at` desc limit 1
2018-04-16 00:58:18: select * from `messages` where `doctors_id` = 45 and `members_id` = 47 and `source` = 'doctor' order by `created_at` desc limit 1
2018-04-16 00:58:18: select * from `messages` where `doctors_id` = 45 and `members_id` = 46 and `source` = 'member' order by `created_at` desc limit 1
2018-04-16 00:58:18: select * from `messages` where `doctors_id` = 45 and `members_id` = 46 and `source` = 'doctor' order by `created_at` desc limit 1
2018-04-16 00:58:18: update `services` set `opened_at` = '2018-04-16 00:58:18', `updated_at` = '2018-04-16 00:58:18' where `doctors_id` = '45' and `opened_at` is null and `services`.`deleted_at` is null
2018-04-16 00:58:18: select * from `parameters` where `type` = 'setting' and `key` = 'treatment_days_1' limit 1
2018-04-16 00:58:18: select * from `doctors` where `doctors`.`users_id` = 53 and `doctors`.`users_id` is not null and `doctors`.`deleted_at` is null limit 1
2018-04-16 00:58:18: select * from `parameters` where `type` = 'setting' and `key` = 'treatment_days_1' limit 1
2018-04-16 00:58:18: select * from `doctors` where `doctors`.`users_id` = 43 and `doctors`.`users_id` is not null and `doctors`.`deleted_at` is null limit 1
2018-04-16 00:58:18: select * from `doctors` where `doctors`.`users_id` = 47 and `doctors`.`users_id` is not null and `doctors`.`deleted_at` is null limit 1
2018-04-16 00:58:18: select * from `parameters` where `type` = 'setting' and `key` = 'treatment_days_1' limit 1
2018-04-16 00:58:18: select * from `doctors` where `doctors`.`users_id` = 46 and `doctors`.`users_id` is not null and `doctors`.`deleted_at` is null limit 1
2018-04-16 01:01:59: select * from `users` where `id` = '45' and `users`.`deleted_at` is null limit 1
2018-04-16 01:01:59: select * from `doctors` where `doctors`.`users_id` = 45 and `doctors`.`users_id` is not null and `doctors`.`deleted_at` is null limit 1
2018-04-16 01:01:59: select count(*) as aggregate from `member_requests` where `member_requests`.`deleted_at` is null
2018-04-16 01:01:59: select count(*) as aggregate from `member_request_doctors` where `doctors_id` = '45'
2018-04-16 01:01:59: select count(*) as aggregate from `services` where `doctors_id` = '45' and `opened_at` is null and `services`.`deleted_at` is null
2018-04-16 01:01:59: select * from `messages` where `doctors_id` = '45' and `doctor_readed_at` is null and `visible` = 1 order by `created_at` desc
2018-04-16 01:01:59: select * from `services` where `members_id` = 53 and `payment_status` = 1 and `services`.`deleted_at` is null order by `id` desc limit 1
2018-04-16 01:01:59: select * from `parameters` where `type` = 'setting' and `key` = 'treatment_days_1' limit 1
2018-04-16 01:01:59: select * from `services` where `members_id` = 46 and `payment_status` = 1 and `services`.`deleted_at` is null order by `id` desc limit 1
2018-04-16 01:01:59: select * from `parameters` where `type` = 'setting' and `key` = 'treatment_days_1' limit 1
2018-04-16 01:01:59: select * from `parameters` where `type` = 'banner'
2018-04-16 01:01:59: select * from `parameters` where `type` = 'setting' and `key` = 'service_email' limit 1
2018-04-16 01:02:03: select * from `users` where `id` = '45' and `login_type` = 2 and `status` = 1 and `users`.`deleted_at` is null limit 1
2018-04-16 01:02:03: select * from `doctors` where `doctors`.`users_id` in (45) and `doctors`.`deleted_at` is null
2018-04-16 01:02:03: select * from `services` where `doctors_id` = '45' and `members_id` is not null and `services`.`deleted_at` is null
2018-04-16 01:02:03: select * from `services` where `doctors_id` = '45' and `members_id` in (43, 47, 46, 53) and `payment_status` in (0, 1) and `services`.`deleted_at` is null order by `created_at` desc
2018-04-16 01:02:03: select * from `users` where `login_type` = 1 and `users`.`id` in (43, 46, 47, 53) and `users`.`deleted_at` is null
2018-04-16 01:02:03: select * from `parameters` where `type` = 'setting' and `key` = 'message_expire_time' limit 1
2018-04-16 01:02:03: select * from `messages` where `doctors_id` = 45 and `members_id` = 53 and `source` = 'member' order by `created_at` desc limit 1
2018-04-16 01:02:03: select * from `messages` where `doctors_id` = 45 and `members_id` = 53 and `source` = 'doctor' order by `created_at` desc limit 1
2018-04-16 01:02:03: select * from `messages` where `doctors_id` = 45 and `members_id` = 43 and `source` = 'member' order by `created_at` desc limit 1
2018-04-16 01:02:03: select * from `messages` where `doctors_id` = 45 and `members_id` = 43 and `source` = 'doctor' order by `created_at` desc limit 1
2018-04-16 01:02:03: select * from `messages` where `doctors_id` = 45 and `members_id` = 47 and `source` = 'member' order by `created_at` desc limit 1
2018-04-16 01:02:03: select * from `messages` where `doctors_id` = 45 and `members_id` = 47 and `source` = 'doctor' order by `created_at` desc limit 1
2018-04-16 01:02:03: select * from `messages` where `doctors_id` = 45 and `members_id` = 46 and `source` = 'member' order by `created_at` desc limit 1
2018-04-16 01:02:03: select * from `messages` where `doctors_id` = 45 and `members_id` = 46 and `source` = 'doctor' order by `created_at` desc limit 1
2018-04-16 01:02:03: update `services` set `opened_at` = '2018-04-16 01:02:03', `updated_at` = '2018-04-16 01:02:03' where `doctors_id` = '45' and `opened_at` is null and `services`.`deleted_at` is null
2018-04-16 01:02:03: select * from `parameters` where `type` = 'setting' and `key` = 'treatment_days_1' limit 1
2018-04-16 01:02:03: select * from `doctors` where `doctors`.`users_id` = 53 and `doctors`.`users_id` is not null and `doctors`.`deleted_at` is null limit 1
2018-04-16 01:02:03: select * from `parameters` where `type` = 'setting' and `key` = 'treatment_days_1' limit 1
2018-04-16 01:02:03: select * from `doctors` where `doctors`.`users_id` = 43 and `doctors`.`users_id` is not null and `doctors`.`deleted_at` is null limit 1
2018-04-16 01:02:03: select * from `doctors` where `doctors`.`users_id` = 47 and `doctors`.`users_id` is not null and `doctors`.`deleted_at` is null limit 1
2018-04-16 01:02:03: select * from `parameters` where `type` = 'setting' and `key` = 'treatment_days_1' limit 1
2018-04-16 01:02:03: select * from `doctors` where `doctors`.`users_id` = 46 and `doctors`.`users_id` is not null and `doctors`.`deleted_at` is null limit 1
2018-04-16 01:04:13: select * from `users` where `id` = '45' and `login_type` = 2 and `status` = 1 and `users`.`deleted_at` is null limit 1
2018-04-16 01:04:13: select * from `doctors` where `doctors`.`users_id` in (45) and `doctors`.`deleted_at` is null
2018-04-16 01:04:13: select * from `services` where `doctors_id` = '45' and `members_id` is not null and `services`.`deleted_at` is null
2018-04-16 01:04:13: select * from `services` where `doctors_id` = '45' and `members_id` in (43, 47, 46, 53) and `payment_status` in (0, 1) and `services`.`deleted_at` is null order by `created_at` desc
2018-04-16 01:04:13: select * from `users` where `login_type` = 1 and `users`.`id` in (43, 46, 47, 53) and `users`.`deleted_at` is null
2018-04-16 01:04:13: select * from `parameters` where `type` = 'setting' and `key` = 'message_expire_time' limit 1
2018-04-16 01:04:13: select * from `messages` where `doctors_id` = 45 and `members_id` = 53 and `source` = 'member' order by `created_at` desc limit 1
2018-04-16 01:04:13: select * from `messages` where `doctors_id` = 45 and `members_id` = 53 and `source` = 'doctor' order by `created_at` desc limit 1
2018-04-16 01:04:13: select * from `messages` where `doctors_id` = 45 and `members_id` = 43 and `source` = 'member' order by `created_at` desc limit 1
2018-04-16 01:04:13: select * from `messages` where `doctors_id` = 45 and `members_id` = 43 and `source` = 'doctor' order by `created_at` desc limit 1
2018-04-16 01:04:13: select * from `messages` where `doctors_id` = 45 and `members_id` = 47 and `source` = 'member' order by `created_at` desc limit 1
2018-04-16 01:04:13: select * from `messages` where `doctors_id` = 45 and `members_id` = 47 and `source` = 'doctor' order by `created_at` desc limit 1
2018-04-16 01:04:13: select * from `messages` where `doctors_id` = 45 and `members_id` = 46 and `source` = 'member' order by `created_at` desc limit 1
2018-04-16 01:04:13: select * from `messages` where `doctors_id` = 45 and `members_id` = 46 and `source` = 'doctor' order by `created_at` desc limit 1
2018-04-16 01:04:13: update `services` set `opened_at` = '2018-04-16 01:04:13', `updated_at` = '2018-04-16 01:04:13' where `doctors_id` = '45' and `opened_at` is null and `services`.`deleted_at` is null
2018-04-16 01:04:13: select * from `parameters` where `type` = 'setting' and `key` = 'treatment_days_1' limit 1
2018-04-16 01:04:13: select * from `doctors` where `doctors`.`users_id` = 53 and `doctors`.`users_id` is not null and `doctors`.`deleted_at` is null limit 1
2018-04-16 01:04:13: select * from `parameters` where `type` = 'setting' and `key` = 'treatment_days_1' limit 1
2018-04-16 01:04:13: select * from `doctors` where `doctors`.`users_id` = 43 and `doctors`.`users_id` is not null and `doctors`.`deleted_at` is null limit 1
2018-04-16 01:04:13: select * from `doctors` where `doctors`.`users_id` = 47 and `doctors`.`users_id` is not null and `doctors`.`deleted_at` is null limit 1
2018-04-16 01:04:13: select * from `parameters` where `type` = 'setting' and `key` = 'treatment_days_1' limit 1
2018-04-16 01:04:13: select * from `doctors` where `doctors`.`users_id` = 46 and `doctors`.`users_id` is not null and `doctors`.`deleted_at` is null limit 1
2018-04-16 01:04:36: select * from `users` where `id` = '45' and `login_type` = 2 and `status` = 1 and `users`.`deleted_at` is null limit 1
2018-04-16 01:04:36: select * from `doctors` where `doctors`.`users_id` in (45) and `doctors`.`deleted_at` is null
2018-04-16 01:04:36: select * from `services` where `doctors_id` = '45' and `members_id` is not null and `services`.`deleted_at` is null
2018-04-16 01:04:36: select * from `services` where `doctors_id` = '45' and `members_id` in (43, 47, 46, 53) and `payment_status` in (0, 1) and `services`.`deleted_at` is null order by `created_at` desc
2018-04-16 01:04:36: select * from `users` where `login_type` = 1 and `users`.`id` in (43, 46, 47, 53) and `users`.`deleted_at` is null
2018-04-16 01:04:36: select * from `parameters` where `type` = 'setting' and `key` = 'message_expire_time' limit 1
2018-04-16 01:04:36: select * from `messages` where `doctors_id` = 45 and `members_id` = 53 and `source` = 'member' order by `created_at` desc limit 1
2018-04-16 01:04:36: select * from `messages` where `doctors_id` = 45 and `members_id` = 53 and `source` = 'doctor' order by `created_at` desc limit 1
2018-04-16 01:04:36: select * from `messages` where `doctors_id` = 45 and `members_id` = 43 and `source` = 'member' order by `created_at` desc limit 1
2018-04-16 01:04:36: select * from `messages` where `doctors_id` = 45 and `members_id` = 43 and `source` = 'doctor' order by `created_at` desc limit 1
2018-04-16 01:04:36: select * from `messages` where `doctors_id` = 45 and `members_id` = 47 and `source` = 'member' order by `created_at` desc limit 1
2018-04-16 01:04:36: select * from `messages` where `doctors_id` = 45 and `members_id` = 47 and `source` = 'doctor' order by `created_at` desc limit 1
2018-04-16 01:04:36: select * from `messages` where `doctors_id` = 45 and `members_id` = 46 and `source` = 'member' order by `created_at` desc limit 1
2018-04-16 01:04:36: select * from `messages` where `doctors_id` = 45 and `members_id` = 46 and `source` = 'doctor' order by `created_at` desc limit 1
2018-04-16 01:04:36: update `services` set `opened_at` = '2018-04-16 01:04:36', `updated_at` = '2018-04-16 01:04:36' where `doctors_id` = '45' and `opened_at` is null and `services`.`deleted_at` is null
2018-04-16 01:04:36: select * from `parameters` where `type` = 'setting' and `key` = 'treatment_days_1' limit 1
2018-04-16 01:04:36: select * from `doctors` where `doctors`.`users_id` = 53 and `doctors`.`users_id` is not null and `doctors`.`deleted_at` is null limit 1
2018-04-16 01:04:36: select * from `parameters` where `type` = 'setting' and `key` = 'treatment_days_1' limit 1
2018-04-16 01:04:36: select * from `doctors` where `doctors`.`users_id` = 43 and `doctors`.`users_id` is not null and `doctors`.`deleted_at` is null limit 1
2018-04-16 01:04:36: select * from `doctors` where `doctors`.`users_id` = 47 and `doctors`.`users_id` is not null and `doctors`.`deleted_at` is null limit 1
2018-04-16 01:04:36: select * from `parameters` where `type` = 'setting' and `key` = 'treatment_days_1' limit 1
2018-04-16 01:04:36: select * from `doctors` where `doctors`.`users_id` = 46 and `doctors`.`users_id` is not null and `doctors`.`deleted_at` is null limit 1
2018-04-16 08:44:17: select * from `users` where `id` = '13' and `users`.`deleted_at` is null limit 1
2018-04-16 08:44:17: select * from `doctors` where `doctors`.`users_id` = 13 and `doctors`.`users_id` is not null and `doctors`.`deleted_at` is null limit 1
2018-04-16 08:44:17: select count(*) as aggregate from `member_requests` where `member_requests`.`deleted_at` is null
2018-04-16 08:44:17: select count(*) as aggregate from `member_request_doctors` where `doctors_id` = '13'
2018-04-16 08:44:17: select count(*) as aggregate from `services` where `doctors_id` = '13' and `opened_at` is null and `services`.`deleted_at` is null
2018-04-16 08:44:17: select * from `messages` where `doctors_id` = '13' and `doctor_readed_at` is null and `visible` = 1 order by `created_at` desc
2018-04-16 08:44:17: select * from `parameters` where `type` = 'banner'
2018-04-16 08:44:17: select * from `parameters` where `type` = 'setting' and `key` = 'service_email' limit 1
