2018-02-08 12:07:25: select count(*) as aggregate from `users` where `id` = '37'
2018-02-08 12:07:25: select * from `users` where `id` = '37' and `users`.`deleted_at` is null limit 1
2018-02-08 12:07:25: select * from `users` where `city_id` = 18 and `login_type` = '2' and `online` = 1 and `users`.`deleted_at` is null order by `online_at` desc
2018-02-08 12:07:25: select * from `messages` where `source` = 'doctor' and `started_at` is not null and `messages`.`doctors_id` in (5, 6) and `members_id` = '37' order by `started_at` desc
2018-02-08 12:07:25: select * from `doctors` where `users_id` = 5 and `doctors`.`deleted_at` is null limit 1
2018-02-08 12:07:25: select * from `services` where `members_id` = '37' and `payment_status` = 1 and `services`.`deleted_at` is null order by `id` desc limit 1
2018-02-08 12:07:25: select * from `doctors` where `users_id` = 6 and `doctors`.`deleted_at` is null limit 1
2018-02-08 12:07:25: select * from `services` where `members_id` = '37' and `payment_status` = 1 and `services`.`deleted_at` is null order by `id` desc limit 1
2018-02-08 12:07:46: select count(*) as aggregate from `users` where `id` = '37'
2018-02-08 12:07:46: select * from `users` where `id` = '37' and `users`.`deleted_at` is null limit 1
2018-02-08 12:07:46: select * from `users` where `city_id` = 18 and `login_type` = '2' and `online` = 1 and `users`.`deleted_at` is null order by `online_at` desc
2018-02-08 12:07:46: select * from `messages` where `source` = 'doctor' and `started_at` is not null and `messages`.`doctors_id` in (5, 6) and `members_id` = '37' order by `started_at` desc
2018-02-08 12:07:46: select * from `doctors` where `users_id` = 5 and `doctors`.`deleted_at` is null limit 1
2018-02-08 12:07:46: select * from `services` where `members_id` = '37' and `payment_status` = 1 and `services`.`deleted_at` is null order by `id` desc limit 1
2018-02-08 12:07:46: select * from `doctors` where `users_id` = 6 and `doctors`.`deleted_at` is null limit 1
2018-02-08 12:07:46: select * from `services` where `members_id` = '37' and `payment_status` = 1 and `services`.`deleted_at` is null order by `id` desc limit 1
2018-02-08 12:07:56: select count(*) as aggregate from `users` where `id` = '37'
2018-02-08 12:07:56: select * from `users` where `id` = '37' and `users`.`deleted_at` is null limit 1
2018-02-08 12:07:56: select * from `users` where `city_id` = 18 and `login_type` = '2' and `online` = 1 and `users`.`deleted_at` is null order by `online_at` desc
2018-02-08 12:07:56: select * from `messages` where `source` = 'doctor' and `started_at` is not null and `messages`.`doctors_id` in (5, 6) and `members_id` = '37' order by `started_at` desc
2018-02-08 12:07:56: select * from `doctors` where `users_id` = 5 and `doctors`.`deleted_at` is null limit 1
2018-02-08 12:07:56: select * from `services` where `members_id` = '37' and `payment_status` = 1 and `services`.`deleted_at` is null order by `id` desc limit 1
2018-02-08 12:07:56: select * from `doctors` where `users_id` = 6 and `doctors`.`deleted_at` is null limit 1
2018-02-08 12:07:56: select * from `services` where `members_id` = '37' and `payment_status` = 1 and `services`.`deleted_at` is null order by `id` desc limit 1
2018-02-08 12:09:45: select count(*) as aggregate from `users` where `id` = '37'
2018-02-08 12:09:45: select * from `users` where `id` = '37' and `users`.`deleted_at` is null limit 1
2018-02-08 12:09:45: select * from `users` where `city_id` = 18 and `login_type` = '2' and `online` = 1 and `users`.`deleted_at` is null order by `online_at` desc
2018-02-08 12:09:45: select * from `messages` where `source` = 'doctor' and `started_at` is not null and `messages`.`doctors_id` in (5, 6) and `members_id` = '37' order by `started_at` desc
2018-02-08 12:09:45: select * from `doctors` where `users_id` = 5 and `doctors`.`deleted_at` is null limit 1
2018-02-08 12:09:45: select * from `services` where `members_id` = '37' and `payment_status` = 1 and `services`.`deleted_at` is null order by `id` desc limit 1
2018-02-08 12:09:45: select * from `doctors` where `users_id` = 6 and `doctors`.`deleted_at` is null limit 1
2018-02-08 12:09:45: select * from `services` where `members_id` = '37' and `payment_status` = 1 and `services`.`deleted_at` is null order by `id` desc limit 1
2018-02-08 13:10:28: select * from `users` where `id` = '13' and `users`.`deleted_at` is null limit 1
2018-02-08 13:10:28: select * from `doctors` where `doctors`.`users_id` = 13 and `doctors`.`users_id` is not null and `doctors`.`deleted_at` is null limit 1
2018-02-08 13:10:28: select count(*) as aggregate from `member_requests` where `member_requests`.`deleted_at` is null
2018-02-08 13:10:28: select count(*) as aggregate from `member_request_doctors` where `doctors_id` = '13'
2018-02-08 13:10:28: select count(*) as aggregate from `services` where `doctors_id` = '13' and `opened_at` is null and `services`.`deleted_at` is null
2018-02-08 13:10:28: select * from `messages` where `doctors_id` = '13' and `doctor_readed_at` is null and `visible` = 1 order by `created_at` desc
2018-02-08 13:10:28: select * from `parameters` where `type` = 'banner'
2018-02-08 13:10:28: select * from `parameters` where `type` = 'setting' and `key` = 'service_email' limit 1
2018-02-08 16:44:44: select * from `users` where `id` = '11' and `users`.`deleted_at` is null limit 1
2018-02-08 16:44:44: select * from `doctors` where `doctors`.`users_id` = 11 and `doctors`.`users_id` is not null and `doctors`.`deleted_at` is null limit 1
2018-02-08 16:44:44: select count(*) as aggregate from `member_requests` where `member_requests`.`deleted_at` is null
2018-02-08 16:44:44: select count(*) as aggregate from `member_request_doctors` where `doctors_id` = '11'
2018-02-08 16:44:44: select count(*) as aggregate from `services` where `doctors_id` = '11' and `opened_at` is null and `services`.`deleted_at` is null
2018-02-08 16:44:44: select * from `messages` where `doctors_id` = '11' and `doctor_readed_at` is null and `visible` = 1 order by `created_at` desc
2018-02-08 16:44:44: select * from `parameters` where `type` = 'banner'
2018-02-08 16:44:44: select * from `parameters` where `type` = 'setting' and `key` = 'service_email' limit 1
2018-02-08 16:44:48: select * from `users` where `id` = '11' and `login_type` = 2 and `status` = 1 and `users`.`deleted_at` is null limit 1
2018-02-08 16:44:48: select * from `doctors` where `doctors`.`users_id` in (11) and `doctors`.`deleted_at` is null
2018-02-08 16:44:48: select * from `services` where `doctors_id` = '11' and `members_id` is not null and `services`.`deleted_at` is null
2018-02-08 16:44:48: select * from `services` where `doctors_id` = '11' and `members_id` in (4) and `payment_status` in (0, 1) and `services`.`deleted_at` is null order by `created_at` desc
2018-02-08 16:44:48: select * from `users` where `login_type` = 1 and `users`.`id` in (4) and `users`.`deleted_at` is null
2018-02-08 16:44:48: select * from `parameters` where `type` = 'setting' and `key` = 'message_expire_time' limit 1
2018-02-08 16:44:48: select * from `messages` where `doctors_id` = 11 and `members_id` = 4 and `source` = 'member' order by `created_at` desc limit 1
2018-02-08 16:44:48: select * from `messages` where `doctors_id` = 11 and `members_id` = 4 and `source` = 'doctor' order by `created_at` desc limit 1
2018-02-08 16:44:48: update `services` set `opened_at` = '2018-02-08 16:44:48', `updated_at` = '2018-02-08 16:44:48' where `doctors_id` = '11' and `opened_at` is null and `services`.`deleted_at` is null
2018-02-08 16:44:48: select * from `doctors` where `doctors`.`users_id` = 4 and `doctors`.`users_id` is not null and `doctors`.`deleted_at` is null limit 1
2018-02-08 16:44:48: select * from `parameters` where `parameters`.`key` = 1 and `parameters`.`key` is not null and `type` = 'city' limit 1
2018-02-08 16:44:50: select * from `users` where `id` = '11' and `users`.`deleted_at` is null limit 1
2018-02-08 16:44:50: select * from `doctors` where `doctors`.`users_id` = 11 and `doctors`.`users_id` is not null and `doctors`.`deleted_at` is null limit 1
2018-02-08 16:44:50: select count(*) as aggregate from `member_requests` where `member_requests`.`deleted_at` is null
2018-02-08 16:44:50: select count(*) as aggregate from `member_request_doctors` where `doctors_id` = '11'
2018-02-08 16:44:50: select count(*) as aggregate from `services` where `doctors_id` = '11' and `opened_at` is null and `services`.`deleted_at` is null
2018-02-08 16:44:50: select * from `messages` where `doctors_id` = '11' and `doctor_readed_at` is null and `visible` = 1 order by `created_at` desc
2018-02-08 16:44:50: select * from `parameters` where `type` = 'banner'
2018-02-08 16:44:50: select * from `parameters` where `type` = 'setting' and `key` = 'service_email' limit 1
2018-02-08 16:44:52: select * from `users` where `id` = '11' and `login_type` = 2 and `status` = 1 and `users`.`deleted_at` is null limit 1
2018-02-08 16:44:52: select * from `doctors` where `doctors`.`users_id` in (11) and `doctors`.`deleted_at` is null
2018-02-08 16:44:52: select * from `services` where `doctors_id` = '11' and `members_id` is not null and `services`.`deleted_at` is null
2018-02-08 16:44:52: select * from `services` where `doctors_id` = '11' and `members_id` in (4) and `payment_status` = 1 and `services`.`deleted_at` is null order by `created_at` desc
2018-02-08 16:44:52: select * from `parameters` where `type` = 'setting' and `key` = 'message_expire_time' limit 1
2018-02-08 16:44:52: update `services` set `opened_at` = '2018-02-08 16:44:52', `updated_at` = '2018-02-08 16:44:52' where `doctors_id` = '11' and `opened_at` is null and `services`.`deleted_at` is null
2018-02-08 16:44:55: select * from `users` where `id` = '11' and `users`.`deleted_at` is null limit 1
2018-02-08 16:44:55: select * from `doctors` where `doctors`.`users_id` = 11 and `doctors`.`users_id` is not null and `doctors`.`deleted_at` is null limit 1
2018-02-08 16:44:55: select count(*) as aggregate from `member_requests` where `member_requests`.`deleted_at` is null
2018-02-08 16:44:55: select count(*) as aggregate from `member_request_doctors` where `doctors_id` = '11'
2018-02-08 16:44:55: select count(*) as aggregate from `services` where `doctors_id` = '11' and `opened_at` is null and `services`.`deleted_at` is null
2018-02-08 16:44:55: select * from `messages` where `doctors_id` = '11' and `doctor_readed_at` is null and `visible` = 1 order by `created_at` desc
2018-02-08 16:44:55: select * from `parameters` where `type` = 'banner'
2018-02-08 16:44:55: select * from `parameters` where `type` = 'setting' and `key` = 'service_email' limit 1
2018-02-08 16:44:59: select * from `users` where `id` = '11' and `login_type` = 2 and `status` = 1 and `users`.`deleted_at` is null limit 1
2018-02-08 16:44:59: select * from `doctors` where `doctors`.`users_id` in (11) and `doctors`.`deleted_at` is null
2018-02-08 16:44:59: select * from `services` where `doctors_id` = '11' and `payment_status` = 1 and `paid_at` > '2018-01-08 16:44:59' and `services`.`deleted_at` is null
2018-02-08 16:44:59: select * from `messages` where `doctors_id` = '11' and 1 = 1 and `visible` = 1
2018-02-08 16:44:59: select count(*) as aggregate from `users` where 0 = 1 and `login_type` = 1 and `users`.`deleted_at` is null
2018-02-08 16:45:01: select * from `users` where `id` = '11' and `users`.`deleted_at` is null limit 1
2018-02-08 16:45:01: select * from `doctors` where `doctors`.`users_id` = 11 and `doctors`.`users_id` is not null and `doctors`.`deleted_at` is null limit 1
2018-02-08 16:45:01: select count(*) as aggregate from `member_requests` where `member_requests`.`deleted_at` is null
2018-02-08 16:45:01: select count(*) as aggregate from `member_request_doctors` where `doctors_id` = '11'
2018-02-08 16:45:01: select count(*) as aggregate from `services` where `doctors_id` = '11' and `opened_at` is null and `services`.`deleted_at` is null
2018-02-08 16:45:01: select * from `messages` where `doctors_id` = '11' and `doctor_readed_at` is null and `visible` = 1 order by `created_at` desc
2018-02-08 16:45:01: select * from `parameters` where `type` = 'banner'
2018-02-08 16:45:01: select * from `parameters` where `type` = 'setting' and `key` = 'service_email' limit 1
2018-02-08 16:45:04: select * from `users` where `id` = '11' and `users`.`deleted_at` is null limit 1
2018-02-08 16:45:04: select * from `doctors` where `doctors`.`users_id` = 11 and `doctors`.`users_id` is not null and `doctors`.`deleted_at` is null limit 1
2018-02-08 16:45:04: select count(*) as aggregate from `member_requests` where `member_requests`.`deleted_at` is null
2018-02-08 16:45:04: select count(*) as aggregate from `member_request_doctors` where `doctors_id` = '11'
2018-02-08 16:45:04: select count(*) as aggregate from `services` where `doctors_id` = '11' and `opened_at` is null and `services`.`deleted_at` is null
2018-02-08 16:45:04: select * from `messages` where `doctors_id` = '11' and `doctor_readed_at` is null and `visible` = 1 order by `created_at` desc
2018-02-08 16:45:04: select * from `parameters` where `type` = 'banner'
2018-02-08 16:45:04: select * from `parameters` where `type` = 'setting' and `key` = 'service_email' limit 1
2018-02-08 16:45:05: select * from `users` where `id` = '11' and `users`.`deleted_at` is null limit 1
2018-02-08 16:45:05: select * from `doctors` where `doctors`.`users_id` = 11 and `doctors`.`users_id` is not null and `doctors`.`deleted_at` is null limit 1
