2018-03-08 13:24:26: select * from `users` where `id` = '11' and `users`.`deleted_at` is null limit 1
2018-03-08 13:24:26: select * from `doctors` where `doctors`.`users_id` = 11 and `doctors`.`users_id` is not null and `doctors`.`deleted_at` is null limit 1
2018-03-08 13:24:26: select count(*) as aggregate from `member_requests` where `member_requests`.`deleted_at` is null
2018-03-08 13:24:26: select count(*) as aggregate from `member_request_doctors` where `doctors_id` = '11'
2018-03-08 13:24:26: select count(*) as aggregate from `services` where `doctors_id` = '11' and `opened_at` is null and `services`.`deleted_at` is null
2018-03-08 13:24:26: select * from `messages` where `doctors_id` = '11' and `doctor_readed_at` is null and `visible` = 1 order by `created_at` desc
2018-03-08 13:24:26: select * from `parameters` where `type` = 'banner'
2018-03-08 13:24:26: select * from `parameters` where `type` = 'setting' and `key` = 'service_email' limit 1
2018-03-08 13:24:35: select * from `users` where `id` = '11' and `users`.`deleted_at` is null limit 1
2018-03-08 13:24:35: select * from `doctors` where `doctors`.`users_id` = 11 and `doctors`.`users_id` is not null and `doctors`.`deleted_at` is null limit 1
2018-03-08 13:24:35: select count(*) as aggregate from `member_requests` where `member_requests`.`deleted_at` is null
2018-03-08 13:24:35: select count(*) as aggregate from `member_request_doctors` where `doctors_id` = '11'
2018-03-08 13:24:35: select count(*) as aggregate from `services` where `doctors_id` = '11' and `opened_at` is null and `services`.`deleted_at` is null
2018-03-08 13:24:35: select * from `messages` where `doctors_id` = '11' and `doctor_readed_at` is null and `visible` = 1 order by `created_at` desc
2018-03-08 13:24:35: select * from `parameters` where `type` = 'banner'
2018-03-08 13:24:35: select * from `parameters` where `type` = 'setting' and `key` = 'service_email' limit 1
2018-03-08 13:24:48: select * from `users` where `id` = '11' and `login_type` = 2 and `status` = 1 and `users`.`deleted_at` is null limit 1
2018-03-08 13:24:48: select * from `doctors` where `doctors`.`users_id` in (11) and `doctors`.`deleted_at` is null
2018-03-08 13:24:48: select * from `services` where `doctors_id` = '11' and `members_id` is not null and `services`.`deleted_at` is null
2018-03-08 13:24:48: select * from `services` where `doctors_id` = '11' and `members_id` in (4) and `payment_status` = 1 and `services`.`deleted_at` is null order by `created_at` desc
2018-03-08 13:24:48: select * from `parameters` where `type` = 'setting' and `key` = 'message_expire_time' limit 1
2018-03-08 13:24:48: update `services` set `opened_at` = '2018-03-08 13:24:48', `updated_at` = '2018-03-08 13:24:48' where `doctors_id` = '11' and `opened_at` is null and `services`.`deleted_at` is null
2018-03-08 13:24:51: select * from `users` where `id` = '11' and `users`.`deleted_at` is null limit 1
2018-03-08 13:24:51: select * from `doctors` where `doctors`.`users_id` = 11 and `doctors`.`users_id` is not null and `doctors`.`deleted_at` is null limit 1
2018-03-08 13:24:51: select count(*) as aggregate from `member_requests` where `member_requests`.`deleted_at` is null
2018-03-08 13:24:51: select count(*) as aggregate from `member_request_doctors` where `doctors_id` = '11'
2018-03-08 13:24:51: select count(*) as aggregate from `services` where `doctors_id` = '11' and `opened_at` is null and `services`.`deleted_at` is null
2018-03-08 13:24:51: select * from `messages` where `doctors_id` = '11' and `doctor_readed_at` is null and `visible` = 1 order by `created_at` desc
2018-03-08 13:24:51: select * from `parameters` where `type` = 'banner'
2018-03-08 13:24:51: select * from `parameters` where `type` = 'setting' and `key` = 'service_email' limit 1
2018-03-08 13:24:51: select * from `users` where `id` = '11' and `login_type` = 2 and `status` = 1 and `users`.`deleted_at` is null limit 1
2018-03-08 13:24:51: select * from `doctors` where `doctors`.`users_id` in (11) and `doctors`.`deleted_at` is null
2018-03-08 13:24:51: select * from `services` where `doctors_id` = '11' and `members_id` is not null and `services`.`deleted_at` is null
2018-03-08 13:24:51: select * from `services` where `doctors_id` = '11' and `members_id` in (4) and `payment_status` in (0, 1) and `services`.`deleted_at` is null order by `created_at` desc
2018-03-08 13:24:51: select * from `users` where `login_type` = 1 and `users`.`id` in (4) and `users`.`deleted_at` is null
2018-03-08 13:24:51: select * from `parameters` where `type` = 'setting' and `key` = 'message_expire_time' limit 1
2018-03-08 13:24:51: select * from `messages` where `doctors_id` = 11 and `members_id` = 4 and `source` = 'member' order by `created_at` desc limit 1
2018-03-08 13:24:51: select * from `messages` where `doctors_id` = 11 and `members_id` = 4 and `source` = 'doctor' order by `created_at` desc limit 1
2018-03-08 13:24:51: update `services` set `opened_at` = '2018-03-08 13:24:51', `updated_at` = '2018-03-08 13:24:51' where `doctors_id` = '11' and `opened_at` is null and `services`.`deleted_at` is null
2018-03-08 13:24:51: select * from `doctors` where `doctors`.`users_id` = 4 and `doctors`.`users_id` is not null and `doctors`.`deleted_at` is null limit 1
2018-03-08 13:24:57: select * from `users` where `id` = '11' and `users`.`deleted_at` is null limit 1
2018-03-08 13:24:57: select * from `doctors` where `doctors`.`users_id` = 11 and `doctors`.`users_id` is not null and `doctors`.`deleted_at` is null limit 1
2018-03-08 13:24:57: select count(*) as aggregate from `member_requests` where `member_requests`.`deleted_at` is null
2018-03-08 13:24:57: select count(*) as aggregate from `member_request_doctors` where `doctors_id` = '11'
2018-03-08 13:24:57: select count(*) as aggregate from `services` where `doctors_id` = '11' and `opened_at` is null and `services`.`deleted_at` is null
2018-03-08 13:24:57: select * from `messages` where `doctors_id` = '11' and `doctor_readed_at` is null and `visible` = 1 order by `created_at` desc
2018-03-08 13:24:57: select * from `parameters` where `type` = 'banner'
2018-03-08 13:24:57: select * from `parameters` where `type` = 'setting' and `key` = 'service_email' limit 1
2018-03-08 13:24:57: select * from `users` where `id` = '11' and `users`.`deleted_at` is null limit 1
2018-03-08 13:24:57: select * from `doctors` where `doctors`.`users_id` = 11 and `doctors`.`users_id` is not null and `doctors`.`deleted_at` is null limit 1
2018-03-08 13:25:02: select * from `users` where `id` = '11' and `users`.`deleted_at` is null limit 1
2018-03-08 13:25:02: select * from `doctors` where `doctors`.`users_id` = 11 and `doctors`.`users_id` is not null and `doctors`.`deleted_at` is null limit 1
2018-03-08 13:25:02: select count(*) as aggregate from `member_requests` where `member_requests`.`deleted_at` is null
2018-03-08 13:25:02: select count(*) as aggregate from `member_request_doctors` where `doctors_id` = '11'
2018-03-08 13:25:02: select count(*) as aggregate from `services` where `doctors_id` = '11' and `opened_at` is null and `services`.`deleted_at` is null
2018-03-08 13:25:02: select * from `messages` where `doctors_id` = '11' and `doctor_readed_at` is null and `visible` = 1 order by `created_at` desc
2018-03-08 13:25:02: select * from `parameters` where `type` = 'banner'
2018-03-08 13:25:02: select * from `parameters` where `type` = 'setting' and `key` = 'service_email' limit 1
2018-03-08 13:25:04: select * from `users` where `id` = '11' and `login_type` = 2 and `status` = 1 and `users`.`deleted_at` is null limit 1
2018-03-08 13:25:04: select * from `doctors` where `doctors`.`users_id` in (11) and `doctors`.`deleted_at` is null
2018-03-08 13:25:04: select * from `services` where `doctors_id` = '11' and `payment_status` = 1 and `paid_at` > '2018-02-08 13:25:04' and `services`.`deleted_at` is null
2018-03-08 13:25:04: select * from `messages` where `doctors_id` = '11' and 1 = 1 and `visible` = 1
2018-03-08 13:25:04: select count(*) as aggregate from `users` where 0 = 1 and `login_type` = 1 and `users`.`deleted_at` is null
2018-03-08 13:25:07: select * from `users` where `id` = '11' and `users`.`deleted_at` is null limit 1
2018-03-08 13:25:07: select * from `doctors` where `doctors`.`users_id` = 11 and `doctors`.`users_id` is not null and `doctors`.`deleted_at` is null limit 1
2018-03-08 13:25:07: select count(*) as aggregate from `member_requests` where `member_requests`.`deleted_at` is null
2018-03-08 13:25:07: select count(*) as aggregate from `member_request_doctors` where `doctors_id` = '11'
2018-03-08 13:25:07: select count(*) as aggregate from `services` where `doctors_id` = '11' and `opened_at` is null and `services`.`deleted_at` is null
2018-03-08 13:25:07: select * from `messages` where `doctors_id` = '11' and `doctor_readed_at` is null and `visible` = 1 order by `created_at` desc
2018-03-08 13:25:07: select * from `parameters` where `type` = 'banner'
2018-03-08 13:25:07: select * from `parameters` where `type` = 'setting' and `key` = 'service_email' limit 1
2018-03-08 13:25:27: select * from `users` where `id` = '11' and `users`.`deleted_at` is null limit 1
2018-03-08 13:25:27: select * from `doctors` where `doctors`.`users_id` = 11 and `doctors`.`users_id` is not null and `doctors`.`deleted_at` is null limit 1
2018-03-08 13:25:27: select count(*) as aggregate from `member_requests` where `member_requests`.`deleted_at` is null
2018-03-08 13:25:27: select count(*) as aggregate from `member_request_doctors` where `doctors_id` = '11'
2018-03-08 13:25:27: select count(*) as aggregate from `services` where `doctors_id` = '11' and `opened_at` is null and `services`.`deleted_at` is null
2018-03-08 13:25:27: select * from `messages` where `doctors_id` = '11' and `doctor_readed_at` is null and `visible` = 1 order by `created_at` desc
2018-03-08 13:25:27: select * from `parameters` where `type` = 'banner'
2018-03-08 13:25:27: select * from `parameters` where `type` = 'setting' and `key` = 'service_email' limit 1
2018-03-08 13:25:28: select * from `users` where `id` = '11' and `login_type` = 2 and `status` = 1 and `users`.`deleted_at` is null limit 1
2018-03-08 13:25:28: select * from `doctors` where `doctors`.`users_id` in (11) and `doctors`.`deleted_at` is null
2018-03-08 13:25:28: select * from `services` where `doctors_id` = '11' and `members_id` is not null and `services`.`deleted_at` is null
2018-03-08 13:25:28: select * from `services` where `doctors_id` = '11' and `members_id` in (4) and `payment_status` in (0, 1) and `services`.`deleted_at` is null order by `created_at` desc
2018-03-08 13:25:28: select * from `users` where `login_type` = 1 and `users`.`id` in (4) and `users`.`deleted_at` is null
2018-03-08 13:25:28: select * from `parameters` where `type` = 'setting' and `key` = 'message_expire_time' limit 1
2018-03-08 13:25:28: select * from `messages` where `doctors_id` = 11 and `members_id` = 4 and `source` = 'member' order by `created_at` desc limit 1
2018-03-08 13:25:28: select * from `messages` where `doctors_id` = 11 and `members_id` = 4 and `source` = 'doctor' order by `created_at` desc limit 1
2018-03-08 13:25:28: update `services` set `opened_at` = '2018-03-08 13:25:28', `updated_at` = '2018-03-08 13:25:28' where `doctors_id` = '11' and `opened_at` is null and `services`.`deleted_at` is null
2018-03-08 13:25:28: select * from `doctors` where `doctors`.`users_id` = 4 and `doctors`.`users_id` is not null and `doctors`.`deleted_at` is null limit 1
2018-03-08 13:25:30: select * from `users` where `id` = '11' and `users`.`deleted_at` is null limit 1
2018-03-08 13:25:30: select * from `doctors` where `doctors`.`users_id` = 11 and `doctors`.`users_id` is not null and `doctors`.`deleted_at` is null limit 1
2018-03-08 13:25:30: select count(*) as aggregate from `member_requests` where `member_requests`.`deleted_at` is null
2018-03-08 13:25:30: select count(*) as aggregate from `member_request_doctors` where `doctors_id` = '11'
2018-03-08 13:25:30: select count(*) as aggregate from `services` where `doctors_id` = '11' and `opened_at` is null and `services`.`deleted_at` is null
2018-03-08 13:25:30: select * from `messages` where `doctors_id` = '11' and `doctor_readed_at` is null and `visible` = 1 order by `created_at` desc
2018-03-08 13:25:30: select * from `parameters` where `type` = 'banner'
2018-03-08 13:25:30: select * from `parameters` where `type` = 'setting' and `key` = 'service_email' limit 1
2018-03-08 13:25:43: select * from `users` where `id` = '11' and `login_type` = 2 and `status` = 1 and `users`.`deleted_at` is null limit 1
2018-03-08 13:25:43: select * from `doctors` where `doctors`.`users_id` in (11) and `doctors`.`deleted_at` is null
2018-03-08 13:25:43: select * from `services` where `doctors_id` = '11' and `members_id` is not null and `services`.`deleted_at` is null
2018-03-08 13:25:43: select * from `services` where `doctors_id` = '11' and `members_id` in (4) and `payment_status` in (0, 1) and `services`.`deleted_at` is null order by `created_at` desc
2018-03-08 13:25:43: select * from `users` where `login_type` = 1 and `users`.`id` in (4) and `users`.`deleted_at` is null
2018-03-08 13:25:43: select * from `parameters` where `type` = 'setting' and `key` = 'message_expire_time' limit 1
2018-03-08 13:25:43: select * from `messages` where `doctors_id` = 11 and `members_id` = 4 and `source` = 'member' order by `created_at` desc limit 1
2018-03-08 13:25:43: select * from `messages` where `doctors_id` = 11 and `members_id` = 4 and `source` = 'doctor' order by `created_at` desc limit 1
2018-03-08 13:25:43: update `services` set `opened_at` = '2018-03-08 13:25:43', `updated_at` = '2018-03-08 13:25:43' where `doctors_id` = '11' and `opened_at` is null and `services`.`deleted_at` is null
2018-03-08 13:25:43: select * from `doctors` where `doctors`.`users_id` = 4 and `doctors`.`users_id` is not null and `doctors`.`deleted_at` is null limit 1
2018-03-08 13:25:45: select * from `users` where `id` = '11' and `users`.`deleted_at` is null limit 1
2018-03-08 13:25:45: select * from `doctors` where `doctors`.`users_id` = 11 and `doctors`.`users_id` is not null and `doctors`.`deleted_at` is null limit 1
2018-03-08 13:25:45: select count(*) as aggregate from `member_requests` where `member_requests`.`deleted_at` is null
2018-03-08 13:25:45: select count(*) as aggregate from `member_request_doctors` where `doctors_id` = '11'
2018-03-08 13:25:45: select count(*) as aggregate from `services` where `doctors_id` = '11' and `opened_at` is null and `services`.`deleted_at` is null
2018-03-08 13:25:45: select * from `messages` where `doctors_id` = '11' and `doctor_readed_at` is null and `visible` = 1 order by `created_at` desc
2018-03-08 13:25:45: select * from `parameters` where `type` = 'banner'
2018-03-08 13:25:45: select * from `parameters` where `type` = 'setting' and `key` = 'service_email' limit 1
