2018-02-28 07:26:15: select * from `users` where `id` = 'nearby' and `users`.`deleted_at` is null limit 1
2018-02-28 13:12:17: select count(*) as aggregate from `users` where `id` = '40'
2018-02-28 13:12:17: select * from `users` where `id` = '40' and `users`.`deleted_at` is null limit 1
2018-02-28 13:12:17: select * from `users` where `city_id` = 1 and `login_type` = '2' and `online` = 1 and `users`.`deleted_at` is null order by `online_at` desc
2018-02-28 13:12:17: select * from `messages` where `source` = 'doctor' and `started_at` is not null and `messages`.`doctors_id` in (2, 9, 12, 13, 14, 15, 16, 17, 21, 22, 23, 24, 25, 26) and `members_id` = '40' order by `started_at` desc
2018-02-28 13:12:17: select * from `doctors` where `users_id` = 2 and `doctors`.`deleted_at` is null limit 1
2018-02-28 13:12:17: select * from `services` where `members_id` = '40' and `payment_status` = 1 and `services`.`deleted_at` is null order by `id` desc limit 1
2018-02-28 13:12:17: select * from `doctors` where `users_id` = 9 and `doctors`.`deleted_at` is null limit 1
2018-02-28 13:12:17: select * from `services` where `members_id` = '40' and `payment_status` = 1 and `services`.`deleted_at` is null order by `id` desc limit 1
2018-02-28 13:12:17: select * from `doctors` where `users_id` = 21 and `doctors`.`deleted_at` is null limit 1
2018-02-28 13:12:17: select * from `services` where `members_id` = '40' and `payment_status` = 1 and `services`.`deleted_at` is null order by `id` desc limit 1
2018-02-28 13:12:17: select * from `doctors` where `users_id` = 12 and `doctors`.`deleted_at` is null limit 1
2018-02-28 13:12:17: select * from `services` where `members_id` = '40' and `payment_status` = 1 and `services`.`deleted_at` is null order by `id` desc limit 1
2018-02-28 13:12:17: select * from `doctors` where `users_id` = 13 and `doctors`.`deleted_at` is null limit 1
2018-02-28 13:12:17: select * from `services` where `members_id` = '40' and `payment_status` = 1 and `services`.`deleted_at` is null order by `id` desc limit 1
2018-02-28 13:12:17: select * from `doctors` where `users_id` = 14 and `doctors`.`deleted_at` is null limit 1
2018-02-28 13:12:17: select * from `services` where `members_id` = '40' and `payment_status` = 1 and `services`.`deleted_at` is null order by `id` desc limit 1
2018-02-28 13:12:17: select * from `doctors` where `users_id` = 15 and `doctors`.`deleted_at` is null limit 1
2018-02-28 13:12:17: select * from `services` where `members_id` = '40' and `payment_status` = 1 and `services`.`deleted_at` is null order by `id` desc limit 1
2018-02-28 13:12:17: select * from `doctors` where `users_id` = 16 and `doctors`.`deleted_at` is null limit 1
2018-02-28 13:12:17: select * from `services` where `members_id` = '40' and `payment_status` = 1 and `services`.`deleted_at` is null order by `id` desc limit 1
2018-02-28 13:12:17: select * from `doctors` where `users_id` = 17 and `doctors`.`deleted_at` is null limit 1
2018-02-28 13:12:17: select * from `services` where `members_id` = '40' and `payment_status` = 1 and `services`.`deleted_at` is null order by `id` desc limit 1
2018-02-28 13:12:17: select * from `doctors` where `users_id` = 22 and `doctors`.`deleted_at` is null limit 1
2018-02-28 13:12:17: select * from `services` where `members_id` = '40' and `payment_status` = 1 and `services`.`deleted_at` is null order by `id` desc limit 1
2018-02-28 13:12:17: select * from `doctors` where `users_id` = 23 and `doctors`.`deleted_at` is null limit 1
2018-02-28 13:12:17: select * from `services` where `members_id` = '40' and `payment_status` = 1 and `services`.`deleted_at` is null order by `id` desc limit 1
2018-02-28 13:12:17: select * from `doctors` where `users_id` = 24 and `doctors`.`deleted_at` is null limit 1
2018-02-28 13:12:17: select * from `services` where `members_id` = '40' and `payment_status` = 1 and `services`.`deleted_at` is null order by `id` desc limit 1
2018-02-28 13:12:17: select * from `doctors` where `users_id` = 25 and `doctors`.`deleted_at` is null limit 1
2018-02-28 13:12:17: select * from `services` where `members_id` = '40' and `payment_status` = 1 and `services`.`deleted_at` is null order by `id` desc limit 1
2018-02-28 13:12:17: select * from `doctors` where `users_id` = 26 and `doctors`.`deleted_at` is null limit 1
2018-02-28 13:12:17: select * from `services` where `members_id` = '40' and `payment_status` = 1 and `services`.`deleted_at` is null order by `id` desc limit 1
2018-02-28 13:13:04: select count(*) as aggregate from `users` where `id` = '40'
2018-02-28 13:13:04: select * from `users` where `id` = '40' and `users`.`deleted_at` is null limit 1
2018-02-28 13:13:04: select * from `users` where `city_id` = 1 and `login_type` = '2' and `online` = 1 and `users`.`deleted_at` is null order by `online_at` desc
2018-02-28 13:13:04: select * from `messages` where `source` = 'doctor' and `started_at` is not null and `messages`.`doctors_id` in (2, 9, 12, 13, 14, 15, 16, 17, 21, 22, 23, 24, 25, 26) and `members_id` = '40' order by `started_at` desc
2018-02-28 13:13:04: select * from `doctors` where `users_id` = 2 and `doctors`.`deleted_at` is null limit 1
2018-02-28 13:13:04: select * from `services` where `members_id` = '40' and `payment_status` = 1 and `services`.`deleted_at` is null order by `id` desc limit 1
2018-02-28 13:13:04: select * from `doctors` where `users_id` = 9 and `doctors`.`deleted_at` is null limit 1
2018-02-28 13:13:04: select * from `services` where `members_id` = '40' and `payment_status` = 1 and `services`.`deleted_at` is null order by `id` desc limit 1
2018-02-28 13:13:04: select * from `doctors` where `users_id` = 21 and `doctors`.`deleted_at` is null limit 1
2018-02-28 13:13:04: select * from `services` where `members_id` = '40' and `payment_status` = 1 and `services`.`deleted_at` is null order by `id` desc limit 1
2018-02-28 13:13:04: select * from `doctors` where `users_id` = 12 and `doctors`.`deleted_at` is null limit 1
2018-02-28 13:13:04: select * from `services` where `members_id` = '40' and `payment_status` = 1 and `services`.`deleted_at` is null order by `id` desc limit 1
2018-02-28 13:13:04: select * from `doctors` where `users_id` = 13 and `doctors`.`deleted_at` is null limit 1
2018-02-28 13:13:04: select * from `services` where `members_id` = '40' and `payment_status` = 1 and `services`.`deleted_at` is null order by `id` desc limit 1
2018-02-28 13:13:04: select * from `doctors` where `users_id` = 14 and `doctors`.`deleted_at` is null limit 1
2018-02-28 13:13:04: select * from `services` where `members_id` = '40' and `payment_status` = 1 and `services`.`deleted_at` is null order by `id` desc limit 1
2018-02-28 13:13:04: select * from `doctors` where `users_id` = 15 and `doctors`.`deleted_at` is null limit 1
2018-02-28 13:13:04: select * from `services` where `members_id` = '40' and `payment_status` = 1 and `services`.`deleted_at` is null order by `id` desc limit 1
2018-02-28 13:13:04: select * from `doctors` where `users_id` = 16 and `doctors`.`deleted_at` is null limit 1
2018-02-28 13:13:04: select * from `services` where `members_id` = '40' and `payment_status` = 1 and `services`.`deleted_at` is null order by `id` desc limit 1
2018-02-28 13:13:04: select * from `doctors` where `users_id` = 17 and `doctors`.`deleted_at` is null limit 1
2018-02-28 13:13:04: select * from `services` where `members_id` = '40' and `payment_status` = 1 and `services`.`deleted_at` is null order by `id` desc limit 1
2018-02-28 13:13:04: select * from `doctors` where `users_id` = 22 and `doctors`.`deleted_at` is null limit 1
2018-02-28 13:13:04: select * from `services` where `members_id` = '40' and `payment_status` = 1 and `services`.`deleted_at` is null order by `id` desc limit 1
2018-02-28 13:13:04: select * from `doctors` where `users_id` = 23 and `doctors`.`deleted_at` is null limit 1
2018-02-28 13:13:04: select * from `services` where `members_id` = '40' and `payment_status` = 1 and `services`.`deleted_at` is null order by `id` desc limit 1
2018-02-28 13:13:04: select * from `doctors` where `users_id` = 24 and `doctors`.`deleted_at` is null limit 1
2018-02-28 13:13:04: select * from `services` where `members_id` = '40' and `payment_status` = 1 and `services`.`deleted_at` is null order by `id` desc limit 1
2018-02-28 13:13:04: select * from `doctors` where `users_id` = 25 and `doctors`.`deleted_at` is null limit 1
2018-02-28 13:13:04: select * from `services` where `members_id` = '40' and `payment_status` = 1 and `services`.`deleted_at` is null order by `id` desc limit 1
2018-02-28 13:13:04: select * from `doctors` where `users_id` = 26 and `doctors`.`deleted_at` is null limit 1
2018-02-28 13:13:04: select * from `services` where `members_id` = '40' and `payment_status` = 1 and `services`.`deleted_at` is null order by `id` desc limit 1
2018-02-28 13:13:16: select count(*) as aggregate from `users` where `id` = '40'
2018-02-28 13:13:16: select * from `users` where `id` = '40' and `users`.`deleted_at` is null limit 1
2018-02-28 13:13:16: select * from `users` where `city_id` = 1 and `login_type` = '2' and `online` = 1 and `users`.`deleted_at` is null order by `online_at` desc
2018-02-28 13:13:16: select * from `messages` where `source` = 'doctor' and `started_at` is not null and `messages`.`doctors_id` in (2, 9, 12, 13, 14, 15, 16, 17, 21, 22, 23, 24, 25, 26) and `members_id` = '40' order by `started_at` desc
2018-02-28 13:13:16: select * from `doctors` where `users_id` = 2 and `doctors`.`deleted_at` is null limit 1
2018-02-28 13:13:16: select * from `services` where `members_id` = '40' and `payment_status` = 1 and `services`.`deleted_at` is null order by `id` desc limit 1
2018-02-28 13:13:16: select * from `doctors` where `users_id` = 9 and `doctors`.`deleted_at` is null limit 1
2018-02-28 13:13:16: select * from `services` where `members_id` = '40' and `payment_status` = 1 and `services`.`deleted_at` is null order by `id` desc limit 1
2018-02-28 13:13:16: select * from `doctors` where `users_id` = 21 and `doctors`.`deleted_at` is null limit 1
2018-02-28 13:13:16: select * from `services` where `members_id` = '40' and `payment_status` = 1 and `services`.`deleted_at` is null order by `id` desc limit 1
2018-02-28 13:13:16: select * from `doctors` where `users_id` = 12 and `doctors`.`deleted_at` is null limit 1
2018-02-28 13:13:16: select * from `services` where `members_id` = '40' and `payment_status` = 1 and `services`.`deleted_at` is null order by `id` desc limit 1
2018-02-28 13:13:16: select * from `doctors` where `users_id` = 13 and `doctors`.`deleted_at` is null limit 1
2018-02-28 13:13:16: select * from `services` where `members_id` = '40' and `payment_status` = 1 and `services`.`deleted_at` is null order by `id` desc limit 1
2018-02-28 13:13:16: select * from `doctors` where `users_id` = 14 and `doctors`.`deleted_at` is null limit 1
2018-02-28 13:13:16: select * from `services` where `members_id` = '40' and `payment_status` = 1 and `services`.`deleted_at` is null order by `id` desc limit 1
2018-02-28 13:13:16: select * from `doctors` where `users_id` = 15 and `doctors`.`deleted_at` is null limit 1
2018-02-28 13:13:16: select * from `services` where `members_id` = '40' and `payment_status` = 1 and `services`.`deleted_at` is null order by `id` desc limit 1
2018-02-28 13:13:16: select * from `doctors` where `users_id` = 16 and `doctors`.`deleted_at` is null limit 1
2018-02-28 13:13:16: select * from `services` where `members_id` = '40' and `payment_status` = 1 and `services`.`deleted_at` is null order by `id` desc limit 1
2018-02-28 13:13:16: select * from `doctors` where `users_id` = 17 and `doctors`.`deleted_at` is null limit 1
2018-02-28 13:13:16: select * from `services` where `members_id` = '40' and `payment_status` = 1 and `services`.`deleted_at` is null order by `id` desc limit 1
2018-02-28 13:13:16: select * from `doctors` where `users_id` = 22 and `doctors`.`deleted_at` is null limit 1
2018-02-28 13:13:16: select * from `services` where `members_id` = '40' and `payment_status` = 1 and `services`.`deleted_at` is null order by `id` desc limit 1
2018-02-28 13:13:16: select * from `doctors` where `users_id` = 23 and `doctors`.`deleted_at` is null limit 1
2018-02-28 13:13:16: select * from `services` where `members_id` = '40' and `payment_status` = 1 and `services`.`deleted_at` is null order by `id` desc limit 1
2018-02-28 13:13:16: select * from `doctors` where `users_id` = 24 and `doctors`.`deleted_at` is null limit 1
2018-02-28 13:13:16: select * from `services` where `members_id` = '40' and `payment_status` = 1 and `services`.`deleted_at` is null order by `id` desc limit 1
2018-02-28 13:13:16: select * from `doctors` where `users_id` = 25 and `doctors`.`deleted_at` is null limit 1
2018-02-28 13:13:16: select * from `services` where `members_id` = '40' and `payment_status` = 1 and `services`.`deleted_at` is null order by `id` desc limit 1
2018-02-28 13:13:16: select * from `doctors` where `users_id` = 26 and `doctors`.`deleted_at` is null limit 1
2018-02-28 13:13:16: select * from `services` where `members_id` = '40' and `payment_status` = 1 and `services`.`deleted_at` is null order by `id` desc limit 1
2018-02-28 13:13:32: select count(*) as aggregate from `users` where `id` = '40'
2018-02-28 13:13:32: select * from `users` where `id` = '40' and `users`.`deleted_at` is null limit 1
2018-02-28 13:13:32: select * from `users` where `city_id` = 1 and `login_type` = '2' and `online` = 1 and `users`.`deleted_at` is null order by `online_at` desc
2018-02-28 13:13:32: select * from `messages` where `source` = 'doctor' and `started_at` is not null and `messages`.`doctors_id` in (2, 9, 12, 13, 14, 15, 16, 17, 21, 22, 23, 24, 25, 26) and `members_id` = '40' order by `started_at` desc
2018-02-28 13:13:32: select * from `doctors` where `users_id` = 2 and `doctors`.`deleted_at` is null limit 1
2018-02-28 13:13:32: select * from `services` where `members_id` = '40' and `payment_status` = 1 and `services`.`deleted_at` is null order by `id` desc limit 1
2018-02-28 13:13:32: select * from `doctors` where `users_id` = 9 and `doctors`.`deleted_at` is null limit 1
2018-02-28 13:13:32: select * from `services` where `members_id` = '40' and `payment_status` = 1 and `services`.`deleted_at` is null order by `id` desc limit 1
2018-02-28 13:13:32: select * from `doctors` where `users_id` = 21 and `doctors`.`deleted_at` is null limit 1
2018-02-28 13:13:32: select * from `services` where `members_id` = '40' and `payment_status` = 1 and `services`.`deleted_at` is null order by `id` desc limit 1
2018-02-28 13:13:32: select * from `doctors` where `users_id` = 12 and `doctors`.`deleted_at` is null limit 1
2018-02-28 13:13:32: select * from `services` where `members_id` = '40' and `payment_status` = 1 and `services`.`deleted_at` is null order by `id` desc limit 1
2018-02-28 13:13:32: select * from `doctors` where `users_id` = 13 and `doctors`.`deleted_at` is null limit 1
2018-02-28 13:13:32: select * from `services` where `members_id` = '40' and `payment_status` = 1 and `services`.`deleted_at` is null order by `id` desc limit 1
2018-02-28 13:13:32: select * from `doctors` where `users_id` = 14 and `doctors`.`deleted_at` is null limit 1
2018-02-28 13:13:32: select * from `services` where `members_id` = '40' and `payment_status` = 1 and `services`.`deleted_at` is null order by `id` desc limit 1
2018-02-28 13:13:32: select * from `doctors` where `users_id` = 15 and `doctors`.`deleted_at` is null limit 1
2018-02-28 13:13:32: select * from `services` where `members_id` = '40' and `payment_status` = 1 and `services`.`deleted_at` is null order by `id` desc limit 1
2018-02-28 13:13:32: select * from `doctors` where `users_id` = 16 and `doctors`.`deleted_at` is null limit 1
2018-02-28 13:13:32: select * from `services` where `members_id` = '40' and `payment_status` = 1 and `services`.`deleted_at` is null order by `id` desc limit 1
2018-02-28 13:13:32: select * from `doctors` where `users_id` = 17 and `doctors`.`deleted_at` is null limit 1
2018-02-28 13:13:32: select * from `services` where `members_id` = '40' and `payment_status` = 1 and `services`.`deleted_at` is null order by `id` desc limit 1
2018-02-28 13:13:32: select * from `doctors` where `users_id` = 22 and `doctors`.`deleted_at` is null limit 1
2018-02-28 13:13:32: select * from `services` where `members_id` = '40' and `payment_status` = 1 and `services`.`deleted_at` is null order by `id` desc limit 1
2018-02-28 13:13:32: select * from `doctors` where `users_id` = 23 and `doctors`.`deleted_at` is null limit 1
2018-02-28 13:13:32: select * from `services` where `members_id` = '40' and `payment_status` = 1 and `services`.`deleted_at` is null order by `id` desc limit 1
2018-02-28 13:13:32: select * from `doctors` where `users_id` = 24 and `doctors`.`deleted_at` is null limit 1
2018-02-28 13:13:32: select * from `services` where `members_id` = '40' and `payment_status` = 1 and `services`.`deleted_at` is null order by `id` desc limit 1
2018-02-28 13:13:32: select * from `doctors` where `users_id` = 25 and `doctors`.`deleted_at` is null limit 1
2018-02-28 13:13:32: select * from `services` where `members_id` = '40' and `payment_status` = 1 and `services`.`deleted_at` is null order by `id` desc limit 1
2018-02-28 13:13:32: select * from `doctors` where `users_id` = 26 and `doctors`.`deleted_at` is null limit 1
2018-02-28 13:13:32: select * from `services` where `members_id` = '40' and `payment_status` = 1 and `services`.`deleted_at` is null order by `id` desc limit 1
2018-02-28 13:13:42: select count(*) as aggregate from `users` where `id` = '40'
2018-02-28 13:13:42: select * from `users` where `id` = '40' and `users`.`deleted_at` is null limit 1
2018-02-28 13:13:42: select * from `users` where `city_id` = 1 and `login_type` = '2' and `online` = 1 and `users`.`deleted_at` is null order by `online_at` desc
2018-02-28 13:13:42: select * from `messages` where `source` = 'doctor' and `started_at` is not null and `messages`.`doctors_id` in (2, 9, 12, 13, 14, 15, 16, 17, 21, 22, 23, 24, 25, 26) and `members_id` = '40' order by `started_at` desc
2018-02-28 13:13:42: select * from `doctors` where `users_id` = 2 and `doctors`.`deleted_at` is null limit 1
2018-02-28 13:13:42: select * from `services` where `members_id` = '40' and `payment_status` = 1 and `services`.`deleted_at` is null order by `id` desc limit 1
2018-02-28 13:13:42: select * from `doctors` where `users_id` = 9 and `doctors`.`deleted_at` is null limit 1
2018-02-28 13:13:42: select * from `services` where `members_id` = '40' and `payment_status` = 1 and `services`.`deleted_at` is null order by `id` desc limit 1
2018-02-28 13:13:42: select * from `doctors` where `users_id` = 21 and `doctors`.`deleted_at` is null limit 1
2018-02-28 13:13:42: select * from `services` where `members_id` = '40' and `payment_status` = 1 and `services`.`deleted_at` is null order by `id` desc limit 1
2018-02-28 13:13:42: select * from `doctors` where `users_id` = 12 and `doctors`.`deleted_at` is null limit 1
2018-02-28 13:13:42: select * from `services` where `members_id` = '40' and `payment_status` = 1 and `services`.`deleted_at` is null order by `id` desc limit 1
2018-02-28 13:13:42: select * from `doctors` where `users_id` = 13 and `doctors`.`deleted_at` is null limit 1
2018-02-28 13:13:42: select * from `services` where `members_id` = '40' and `payment_status` = 1 and `services`.`deleted_at` is null order by `id` desc limit 1
2018-02-28 13:13:42: select * from `doctors` where `users_id` = 14 and `doctors`.`deleted_at` is null limit 1
2018-02-28 13:13:42: select * from `services` where `members_id` = '40' and `payment_status` = 1 and `services`.`deleted_at` is null order by `id` desc limit 1
2018-02-28 13:13:42: select * from `doctors` where `users_id` = 15 and `doctors`.`deleted_at` is null limit 1
2018-02-28 13:13:42: select * from `services` where `members_id` = '40' and `payment_status` = 1 and `services`.`deleted_at` is null order by `id` desc limit 1
2018-02-28 13:13:42: select * from `doctors` where `users_id` = 16 and `doctors`.`deleted_at` is null limit 1
2018-02-28 13:13:42: select * from `services` where `members_id` = '40' and `payment_status` = 1 and `services`.`deleted_at` is null order by `id` desc limit 1
2018-02-28 13:13:42: select * from `doctors` where `users_id` = 17 and `doctors`.`deleted_at` is null limit 1
2018-02-28 13:13:42: select * from `services` where `members_id` = '40' and `payment_status` = 1 and `services`.`deleted_at` is null order by `id` desc limit 1
2018-02-28 13:13:42: select * from `doctors` where `users_id` = 22 and `doctors`.`deleted_at` is null limit 1
2018-02-28 13:13:42: select * from `services` where `members_id` = '40' and `payment_status` = 1 and `services`.`deleted_at` is null order by `id` desc limit 1
2018-02-28 13:13:42: select * from `doctors` where `users_id` = 23 and `doctors`.`deleted_at` is null limit 1
2018-02-28 13:13:42: select * from `services` where `members_id` = '40' and `payment_status` = 1 and `services`.`deleted_at` is null order by `id` desc limit 1
2018-02-28 13:13:42: select * from `doctors` where `users_id` = 24 and `doctors`.`deleted_at` is null limit 1
2018-02-28 13:13:42: select * from `services` where `members_id` = '40' and `payment_status` = 1 and `services`.`deleted_at` is null order by `id` desc limit 1
2018-02-28 13:13:42: select * from `doctors` where `users_id` = 25 and `doctors`.`deleted_at` is null limit 1
2018-02-28 13:13:42: select * from `services` where `members_id` = '40' and `payment_status` = 1 and `services`.`deleted_at` is null order by `id` desc limit 1
2018-02-28 13:13:42: select * from `doctors` where `users_id` = 26 and `doctors`.`deleted_at` is null limit 1
2018-02-28 13:13:42: select * from `services` where `members_id` = '40' and `payment_status` = 1 and `services`.`deleted_at` is null order by `id` desc limit 1
2018-02-28 13:13:54: select count(*) as aggregate from `users` where `id` = '40'
2018-02-28 13:13:54: select * from `users` where `id` = '40' and `users`.`deleted_at` is null limit 1
2018-02-28 13:13:54: select * from `users` where `city_id` = 1 and `login_type` = '2' and `online` = 1 and `users`.`deleted_at` is null order by `online_at` desc
2018-02-28 13:13:54: select * from `messages` where `source` = 'doctor' and `started_at` is not null and `messages`.`doctors_id` in (2, 9, 12, 13, 14, 15, 16, 17, 21, 22, 23, 24, 25, 26) and `members_id` = '40' order by `started_at` desc
2018-02-28 13:13:54: select * from `doctors` where `users_id` = 2 and `doctors`.`deleted_at` is null limit 1
2018-02-28 13:13:54: select * from `services` where `members_id` = '40' and `payment_status` = 1 and `services`.`deleted_at` is null order by `id` desc limit 1
2018-02-28 13:13:54: select * from `doctors` where `users_id` = 9 and `doctors`.`deleted_at` is null limit 1
2018-02-28 13:13:54: select * from `services` where `members_id` = '40' and `payment_status` = 1 and `services`.`deleted_at` is null order by `id` desc limit 1
2018-02-28 13:13:54: select * from `doctors` where `users_id` = 21 and `doctors`.`deleted_at` is null limit 1
2018-02-28 13:13:54: select * from `services` where `members_id` = '40' and `payment_status` = 1 and `services`.`deleted_at` is null order by `id` desc limit 1
2018-02-28 13:13:54: select * from `doctors` where `users_id` = 12 and `doctors`.`deleted_at` is null limit 1
2018-02-28 13:13:54: select * from `services` where `members_id` = '40' and `payment_status` = 1 and `services`.`deleted_at` is null order by `id` desc limit 1
2018-02-28 13:13:54: select * from `doctors` where `users_id` = 13 and `doctors`.`deleted_at` is null limit 1
2018-02-28 13:13:54: select * from `services` where `members_id` = '40' and `payment_status` = 1 and `services`.`deleted_at` is null order by `id` desc limit 1
2018-02-28 13:13:54: select * from `doctors` where `users_id` = 14 and `doctors`.`deleted_at` is null limit 1
2018-02-28 13:13:54: select * from `services` where `members_id` = '40' and `payment_status` = 1 and `services`.`deleted_at` is null order by `id` desc limit 1
2018-02-28 13:13:54: select * from `doctors` where `users_id` = 15 and `doctors`.`deleted_at` is null limit 1
2018-02-28 13:13:54: select * from `services` where `members_id` = '40' and `payment_status` = 1 and `services`.`deleted_at` is null order by `id` desc limit 1
2018-02-28 13:13:54: select * from `doctors` where `users_id` = 16 and `doctors`.`deleted_at` is null limit 1
2018-02-28 13:13:54: select * from `services` where `members_id` = '40' and `payment_status` = 1 and `services`.`deleted_at` is null order by `id` desc limit 1
2018-02-28 13:13:54: select * from `doctors` where `users_id` = 17 and `doctors`.`deleted_at` is null limit 1
2018-02-28 13:13:54: select * from `services` where `members_id` = '40' and `payment_status` = 1 and `services`.`deleted_at` is null order by `id` desc limit 1
2018-02-28 13:13:54: select * from `doctors` where `users_id` = 22 and `doctors`.`deleted_at` is null limit 1
2018-02-28 13:13:54: select * from `services` where `members_id` = '40' and `payment_status` = 1 and `services`.`deleted_at` is null order by `id` desc limit 1
2018-02-28 13:13:54: select * from `doctors` where `users_id` = 23 and `doctors`.`deleted_at` is null limit 1
2018-02-28 13:13:54: select * from `services` where `members_id` = '40' and `payment_status` = 1 and `services`.`deleted_at` is null order by `id` desc limit 1
2018-02-28 13:13:54: select * from `doctors` where `users_id` = 24 and `doctors`.`deleted_at` is null limit 1
2018-02-28 13:13:54: select * from `services` where `members_id` = '40' and `payment_status` = 1 and `services`.`deleted_at` is null order by `id` desc limit 1
2018-02-28 13:13:54: select * from `doctors` where `users_id` = 25 and `doctors`.`deleted_at` is null limit 1
2018-02-28 13:13:54: select * from `services` where `members_id` = '40' and `payment_status` = 1 and `services`.`deleted_at` is null order by `id` desc limit 1
2018-02-28 13:13:54: select * from `doctors` where `users_id` = 26 and `doctors`.`deleted_at` is null limit 1
2018-02-28 13:13:54: select * from `services` where `members_id` = '40' and `payment_status` = 1 and `services`.`deleted_at` is null order by `id` desc limit 1
2018-02-28 13:13:58: select count(*) as aggregate from `users` where `id` = '40'
2018-02-28 13:13:58: select * from `users` where `id` = '40' and `users`.`deleted_at` is null limit 1
2018-02-28 13:13:58: select * from `users` where `city_id` = 1 and `login_type` = '2' and `online` = 1 and `users`.`deleted_at` is null order by `online_at` desc
2018-02-28 13:13:58: select * from `messages` where `source` = 'doctor' and `started_at` is not null and `messages`.`doctors_id` in (2, 9, 12, 13, 14, 15, 16, 17, 21, 22, 23, 24, 25, 26) and `members_id` = '40' order by `started_at` desc
2018-02-28 13:13:58: select * from `doctors` where `users_id` = 2 and `doctors`.`deleted_at` is null limit 1
2018-02-28 13:13:58: select * from `services` where `members_id` = '40' and `payment_status` = 1 and `services`.`deleted_at` is null order by `id` desc limit 1
2018-02-28 13:13:58: select * from `doctors` where `users_id` = 9 and `doctors`.`deleted_at` is null limit 1
2018-02-28 13:13:58: select * from `services` where `members_id` = '40' and `payment_status` = 1 and `services`.`deleted_at` is null order by `id` desc limit 1
2018-02-28 13:13:58: select * from `doctors` where `users_id` = 21 and `doctors`.`deleted_at` is null limit 1
2018-02-28 13:13:58: select * from `services` where `members_id` = '40' and `payment_status` = 1 and `services`.`deleted_at` is null order by `id` desc limit 1
2018-02-28 13:13:58: select * from `doctors` where `users_id` = 12 and `doctors`.`deleted_at` is null limit 1
2018-02-28 13:13:58: select * from `services` where `members_id` = '40' and `payment_status` = 1 and `services`.`deleted_at` is null order by `id` desc limit 1
2018-02-28 13:13:58: select * from `doctors` where `users_id` = 13 and `doctors`.`deleted_at` is null limit 1
2018-02-28 13:13:58: select * from `services` where `members_id` = '40' and `payment_status` = 1 and `services`.`deleted_at` is null order by `id` desc limit 1
2018-02-28 13:13:58: select * from `doctors` where `users_id` = 14 and `doctors`.`deleted_at` is null limit 1
2018-02-28 13:13:58: select * from `services` where `members_id` = '40' and `payment_status` = 1 and `services`.`deleted_at` is null order by `id` desc limit 1
2018-02-28 13:13:58: select * from `doctors` where `users_id` = 15 and `doctors`.`deleted_at` is null limit 1
2018-02-28 13:13:58: select * from `services` where `members_id` = '40' and `payment_status` = 1 and `services`.`deleted_at` is null order by `id` desc limit 1
2018-02-28 13:13:58: select * from `doctors` where `users_id` = 16 and `doctors`.`deleted_at` is null limit 1
2018-02-28 13:13:58: select * from `services` where `members_id` = '40' and `payment_status` = 1 and `services`.`deleted_at` is null order by `id` desc limit 1
2018-02-28 13:13:58: select * from `doctors` where `users_id` = 17 and `doctors`.`deleted_at` is null limit 1
2018-02-28 13:13:58: select * from `services` where `members_id` = '40' and `payment_status` = 1 and `services`.`deleted_at` is null order by `id` desc limit 1
2018-02-28 13:13:58: select * from `doctors` where `users_id` = 22 and `doctors`.`deleted_at` is null limit 1
2018-02-28 13:13:58: select * from `services` where `members_id` = '40' and `payment_status` = 1 and `services`.`deleted_at` is null order by `id` desc limit 1
2018-02-28 13:13:58: select * from `doctors` where `users_id` = 23 and `doctors`.`deleted_at` is null limit 1
2018-02-28 13:13:58: select * from `services` where `members_id` = '40' and `payment_status` = 1 and `services`.`deleted_at` is null order by `id` desc limit 1
2018-02-28 13:13:58: select * from `doctors` where `users_id` = 24 and `doctors`.`deleted_at` is null limit 1
2018-02-28 13:13:58: select * from `services` where `members_id` = '40' and `payment_status` = 1 and `services`.`deleted_at` is null order by `id` desc limit 1
2018-02-28 13:13:58: select * from `doctors` where `users_id` = 25 and `doctors`.`deleted_at` is null limit 1
2018-02-28 13:13:58: select * from `services` where `members_id` = '40' and `payment_status` = 1 and `services`.`deleted_at` is null order by `id` desc limit 1
2018-02-28 13:13:58: select * from `doctors` where `users_id` = 26 and `doctors`.`deleted_at` is null limit 1
2018-02-28 13:13:58: select * from `services` where `members_id` = '40' and `payment_status` = 1 and `services`.`deleted_at` is null order by `id` desc limit 1
2018-02-28 13:14:13: select count(*) as aggregate from `users` where `id` = '40'
2018-02-28 13:14:13: select * from `users` where `id` = '40' and `users`.`deleted_at` is null limit 1
2018-02-28 13:14:13: select * from `users` where `city_id` = 1 and `login_type` = '2' and `online` = 1 and `users`.`deleted_at` is null order by `online_at` desc
2018-02-28 13:14:13: select * from `messages` where `source` = 'doctor' and `started_at` is not null and `messages`.`doctors_id` in (2, 9, 12, 13, 14, 15, 16, 17, 21, 22, 23, 24, 25, 26) and `members_id` = '40' order by `started_at` desc
2018-02-28 13:14:13: select * from `doctors` where `users_id` = 2 and `doctors`.`deleted_at` is null limit 1
2018-02-28 13:14:13: select * from `services` where `members_id` = '40' and `payment_status` = 1 and `services`.`deleted_at` is null order by `id` desc limit 1
2018-02-28 13:14:13: select * from `doctors` where `users_id` = 9 and `doctors`.`deleted_at` is null limit 1
2018-02-28 13:14:13: select * from `services` where `members_id` = '40' and `payment_status` = 1 and `services`.`deleted_at` is null order by `id` desc limit 1
2018-02-28 13:14:13: select * from `doctors` where `users_id` = 21 and `doctors`.`deleted_at` is null limit 1
2018-02-28 13:14:13: select * from `services` where `members_id` = '40' and `payment_status` = 1 and `services`.`deleted_at` is null order by `id` desc limit 1
2018-02-28 13:14:13: select * from `doctors` where `users_id` = 12 and `doctors`.`deleted_at` is null limit 1
2018-02-28 13:14:13: select * from `services` where `members_id` = '40' and `payment_status` = 1 and `services`.`deleted_at` is null order by `id` desc limit 1
2018-02-28 13:14:13: select * from `doctors` where `users_id` = 13 and `doctors`.`deleted_at` is null limit 1
2018-02-28 13:14:13: select * from `services` where `members_id` = '40' and `payment_status` = 1 and `services`.`deleted_at` is null order by `id` desc limit 1
2018-02-28 13:14:13: select * from `doctors` where `users_id` = 14 and `doctors`.`deleted_at` is null limit 1
2018-02-28 13:14:13: select * from `services` where `members_id` = '40' and `payment_status` = 1 and `services`.`deleted_at` is null order by `id` desc limit 1
2018-02-28 13:14:13: select * from `doctors` where `users_id` = 15 and `doctors`.`deleted_at` is null limit 1
2018-02-28 13:14:13: select * from `services` where `members_id` = '40' and `payment_status` = 1 and `services`.`deleted_at` is null order by `id` desc limit 1
2018-02-28 13:14:13: select * from `doctors` where `users_id` = 16 and `doctors`.`deleted_at` is null limit 1
2018-02-28 13:14:13: select * from `services` where `members_id` = '40' and `payment_status` = 1 and `services`.`deleted_at` is null order by `id` desc limit 1
2018-02-28 13:14:13: select * from `doctors` where `users_id` = 17 and `doctors`.`deleted_at` is null limit 1
2018-02-28 13:14:13: select * from `services` where `members_id` = '40' and `payment_status` = 1 and `services`.`deleted_at` is null order by `id` desc limit 1
2018-02-28 13:14:13: select * from `doctors` where `users_id` = 22 and `doctors`.`deleted_at` is null limit 1
2018-02-28 13:14:13: select * from `services` where `members_id` = '40' and `payment_status` = 1 and `services`.`deleted_at` is null order by `id` desc limit 1
2018-02-28 13:14:13: select * from `doctors` where `users_id` = 23 and `doctors`.`deleted_at` is null limit 1
2018-02-28 13:14:13: select * from `services` where `members_id` = '40' and `payment_status` = 1 and `services`.`deleted_at` is null order by `id` desc limit 1
2018-02-28 13:14:13: select * from `doctors` where `users_id` = 24 and `doctors`.`deleted_at` is null limit 1
2018-02-28 13:14:13: select * from `services` where `members_id` = '40' and `payment_status` = 1 and `services`.`deleted_at` is null order by `id` desc limit 1
2018-02-28 13:14:13: select * from `doctors` where `users_id` = 25 and `doctors`.`deleted_at` is null limit 1
2018-02-28 13:14:13: select * from `services` where `members_id` = '40' and `payment_status` = 1 and `services`.`deleted_at` is null order by `id` desc limit 1
2018-02-28 13:14:13: select * from `doctors` where `users_id` = 26 and `doctors`.`deleted_at` is null limit 1
2018-02-28 13:14:13: select * from `services` where `members_id` = '40' and `payment_status` = 1 and `services`.`deleted_at` is null order by `id` desc limit 1
2018-02-28 13:14:30: select count(*) as aggregate from `users` where `id` = '40'
2018-02-28 13:14:30: select * from `users` where `id` = '40' and `users`.`deleted_at` is null limit 1
2018-02-28 13:14:30: select * from `users` where `city_id` = 1 and `login_type` = '2' and `online` = 1 and `users`.`deleted_at` is null order by `online_at` desc
2018-02-28 13:14:30: select * from `messages` where `source` = 'doctor' and `started_at` is not null and `messages`.`doctors_id` in (2, 9, 12, 13, 14, 15, 16, 17, 21, 22, 23, 24, 25, 26) and `members_id` = '40' order by `started_at` desc
2018-02-28 13:14:30: select * from `doctors` where `users_id` = 2 and `doctors`.`deleted_at` is null limit 1
2018-02-28 13:14:30: select * from `services` where `members_id` = '40' and `payment_status` = 1 and `services`.`deleted_at` is null order by `id` desc limit 1
2018-02-28 13:14:30: select * from `doctors` where `users_id` = 9 and `doctors`.`deleted_at` is null limit 1
2018-02-28 13:14:30: select * from `services` where `members_id` = '40' and `payment_status` = 1 and `services`.`deleted_at` is null order by `id` desc limit 1
2018-02-28 13:14:30: select * from `doctors` where `users_id` = 21 and `doctors`.`deleted_at` is null limit 1
2018-02-28 13:14:30: select * from `services` where `members_id` = '40' and `payment_status` = 1 and `services`.`deleted_at` is null order by `id` desc limit 1
2018-02-28 13:14:30: select * from `doctors` where `users_id` = 12 and `doctors`.`deleted_at` is null limit 1
2018-02-28 13:14:30: select * from `services` where `members_id` = '40' and `payment_status` = 1 and `services`.`deleted_at` is null order by `id` desc limit 1
2018-02-28 13:14:30: select * from `doctors` where `users_id` = 13 and `doctors`.`deleted_at` is null limit 1
2018-02-28 13:14:30: select * from `services` where `members_id` = '40' and `payment_status` = 1 and `services`.`deleted_at` is null order by `id` desc limit 1
2018-02-28 13:14:30: select * from `doctors` where `users_id` = 14 and `doctors`.`deleted_at` is null limit 1
2018-02-28 13:14:30: select * from `services` where `members_id` = '40' and `payment_status` = 1 and `services`.`deleted_at` is null order by `id` desc limit 1
2018-02-28 13:14:30: select * from `doctors` where `users_id` = 15 and `doctors`.`deleted_at` is null limit 1
2018-02-28 13:14:30: select * from `services` where `members_id` = '40' and `payment_status` = 1 and `services`.`deleted_at` is null order by `id` desc limit 1
2018-02-28 13:14:30: select * from `doctors` where `users_id` = 16 and `doctors`.`deleted_at` is null limit 1
2018-02-28 13:14:30: select * from `services` where `members_id` = '40' and `payment_status` = 1 and `services`.`deleted_at` is null order by `id` desc limit 1
2018-02-28 13:14:30: select * from `doctors` where `users_id` = 17 and `doctors`.`deleted_at` is null limit 1
2018-02-28 13:14:30: select * from `services` where `members_id` = '40' and `payment_status` = 1 and `services`.`deleted_at` is null order by `id` desc limit 1
2018-02-28 13:14:30: select * from `doctors` where `users_id` = 22 and `doctors`.`deleted_at` is null limit 1
2018-02-28 13:14:30: select * from `services` where `members_id` = '40' and `payment_status` = 1 and `services`.`deleted_at` is null order by `id` desc limit 1
2018-02-28 13:14:30: select * from `doctors` where `users_id` = 23 and `doctors`.`deleted_at` is null limit 1
2018-02-28 13:14:30: select * from `services` where `members_id` = '40' and `payment_status` = 1 and `services`.`deleted_at` is null order by `id` desc limit 1
2018-02-28 13:14:30: select * from `doctors` where `users_id` = 24 and `doctors`.`deleted_at` is null limit 1
2018-02-28 13:14:30: select * from `services` where `members_id` = '40' and `payment_status` = 1 and `services`.`deleted_at` is null order by `id` desc limit 1
2018-02-28 13:14:30: select * from `doctors` where `users_id` = 25 and `doctors`.`deleted_at` is null limit 1
2018-02-28 13:14:30: select * from `services` where `members_id` = '40' and `payment_status` = 1 and `services`.`deleted_at` is null order by `id` desc limit 1
2018-02-28 13:14:30: select * from `doctors` where `users_id` = 26 and `doctors`.`deleted_at` is null limit 1
2018-02-28 13:14:30: select * from `services` where `members_id` = '40' and `payment_status` = 1 and `services`.`deleted_at` is null order by `id` desc limit 1
2018-02-28 13:14:33: select count(*) as aggregate from `users` where `id` = '40'
2018-02-28 13:14:33: select * from `users` where `id` = '40' and `users`.`deleted_at` is null limit 1
2018-02-28 13:14:33: select * from `users` where `city_id` = 1 and `login_type` = '2' and `online` = 1 and `users`.`deleted_at` is null order by `online_at` desc
2018-02-28 13:14:33: select * from `messages` where `source` = 'doctor' and `started_at` is not null and `messages`.`doctors_id` in (2, 9, 12, 13, 14, 15, 16, 17, 21, 22, 23, 24, 25, 26) and `members_id` = '40' order by `started_at` desc
2018-02-28 13:14:33: select * from `doctors` where `users_id` = 2 and `doctors`.`deleted_at` is null limit 1
2018-02-28 13:14:33: select * from `services` where `members_id` = '40' and `payment_status` = 1 and `services`.`deleted_at` is null order by `id` desc limit 1
2018-02-28 13:14:33: select * from `doctors` where `users_id` = 9 and `doctors`.`deleted_at` is null limit 1
2018-02-28 13:14:33: select * from `services` where `members_id` = '40' and `payment_status` = 1 and `services`.`deleted_at` is null order by `id` desc limit 1
2018-02-28 13:14:33: select * from `doctors` where `users_id` = 21 and `doctors`.`deleted_at` is null limit 1
2018-02-28 13:14:33: select * from `services` where `members_id` = '40' and `payment_status` = 1 and `services`.`deleted_at` is null order by `id` desc limit 1
2018-02-28 13:14:33: select * from `doctors` where `users_id` = 12 and `doctors`.`deleted_at` is null limit 1
2018-02-28 13:14:33: select * from `services` where `members_id` = '40' and `payment_status` = 1 and `services`.`deleted_at` is null order by `id` desc limit 1
2018-02-28 13:14:33: select * from `doctors` where `users_id` = 13 and `doctors`.`deleted_at` is null limit 1
2018-02-28 13:14:33: select * from `services` where `members_id` = '40' and `payment_status` = 1 and `services`.`deleted_at` is null order by `id` desc limit 1
2018-02-28 13:14:33: select * from `doctors` where `users_id` = 14 and `doctors`.`deleted_at` is null limit 1
2018-02-28 13:14:33: select * from `services` where `members_id` = '40' and `payment_status` = 1 and `services`.`deleted_at` is null order by `id` desc limit 1
2018-02-28 13:14:33: select * from `doctors` where `users_id` = 15 and `doctors`.`deleted_at` is null limit 1
2018-02-28 13:14:33: select * from `services` where `members_id` = '40' and `payment_status` = 1 and `services`.`deleted_at` is null order by `id` desc limit 1
2018-02-28 13:14:33: select * from `doctors` where `users_id` = 16 and `doctors`.`deleted_at` is null limit 1
2018-02-28 13:14:33: select * from `services` where `members_id` = '40' and `payment_status` = 1 and `services`.`deleted_at` is null order by `id` desc limit 1
2018-02-28 13:14:33: select * from `doctors` where `users_id` = 17 and `doctors`.`deleted_at` is null limit 1
2018-02-28 13:14:33: select * from `services` where `members_id` = '40' and `payment_status` = 1 and `services`.`deleted_at` is null order by `id` desc limit 1
2018-02-28 13:14:33: select * from `doctors` where `users_id` = 22 and `doctors`.`deleted_at` is null limit 1
2018-02-28 13:14:33: select * from `services` where `members_id` = '40' and `payment_status` = 1 and `services`.`deleted_at` is null order by `id` desc limit 1
2018-02-28 13:14:33: select * from `doctors` where `users_id` = 23 and `doctors`.`deleted_at` is null limit 1
2018-02-28 13:14:33: select * from `services` where `members_id` = '40' and `payment_status` = 1 and `services`.`deleted_at` is null order by `id` desc limit 1
2018-02-28 13:14:33: select * from `doctors` where `users_id` = 24 and `doctors`.`deleted_at` is null limit 1
2018-02-28 13:14:33: select * from `services` where `members_id` = '40' and `payment_status` = 1 and `services`.`deleted_at` is null order by `id` desc limit 1
2018-02-28 13:14:33: select * from `doctors` where `users_id` = 25 and `doctors`.`deleted_at` is null limit 1
2018-02-28 13:14:33: select * from `services` where `members_id` = '40' and `payment_status` = 1 and `services`.`deleted_at` is null order by `id` desc limit 1
2018-02-28 13:14:33: select * from `doctors` where `users_id` = 26 and `doctors`.`deleted_at` is null limit 1
2018-02-28 13:14:33: select * from `services` where `members_id` = '40' and `payment_status` = 1 and `services`.`deleted_at` is null order by `id` desc limit 1
2018-02-28 13:14:37: select count(*) as aggregate from `users` where `id` = '40'
2018-02-28 13:14:37: select * from `users` where `id` = '40' and `users`.`deleted_at` is null limit 1
2018-02-28 13:14:37: select * from `users` where `city_id` = 1 and `login_type` = '2' and `online` = 1 and `users`.`deleted_at` is null order by `online_at` desc
2018-02-28 13:14:37: select * from `messages` where `source` = 'doctor' and `started_at` is not null and `messages`.`doctors_id` in (2, 9, 12, 13, 14, 15, 16, 17, 21, 22, 23, 24, 25, 26) and `members_id` = '40' order by `started_at` desc
2018-02-28 13:14:37: select * from `doctors` where `users_id` = 2 and `doctors`.`deleted_at` is null limit 1
2018-02-28 13:14:37: select * from `services` where `members_id` = '40' and `payment_status` = 1 and `services`.`deleted_at` is null order by `id` desc limit 1
2018-02-28 13:14:37: select * from `doctors` where `users_id` = 9 and `doctors`.`deleted_at` is null limit 1
2018-02-28 13:14:37: select * from `services` where `members_id` = '40' and `payment_status` = 1 and `services`.`deleted_at` is null order by `id` desc limit 1
2018-02-28 13:14:37: select * from `doctors` where `users_id` = 21 and `doctors`.`deleted_at` is null limit 1
2018-02-28 13:14:37: select * from `services` where `members_id` = '40' and `payment_status` = 1 and `services`.`deleted_at` is null order by `id` desc limit 1
2018-02-28 13:14:37: select * from `doctors` where `users_id` = 12 and `doctors`.`deleted_at` is null limit 1
2018-02-28 13:14:37: select * from `services` where `members_id` = '40' and `payment_status` = 1 and `services`.`deleted_at` is null order by `id` desc limit 1
2018-02-28 13:14:37: select * from `doctors` where `users_id` = 13 and `doctors`.`deleted_at` is null limit 1
2018-02-28 13:14:37: select * from `services` where `members_id` = '40' and `payment_status` = 1 and `services`.`deleted_at` is null order by `id` desc limit 1
2018-02-28 13:14:37: select * from `doctors` where `users_id` = 14 and `doctors`.`deleted_at` is null limit 1
2018-02-28 13:14:37: select * from `services` where `members_id` = '40' and `payment_status` = 1 and `services`.`deleted_at` is null order by `id` desc limit 1
2018-02-28 13:14:37: select * from `doctors` where `users_id` = 15 and `doctors`.`deleted_at` is null limit 1
2018-02-28 13:14:37: select * from `services` where `members_id` = '40' and `payment_status` = 1 and `services`.`deleted_at` is null order by `id` desc limit 1
2018-02-28 13:14:37: select * from `doctors` where `users_id` = 16 and `doctors`.`deleted_at` is null limit 1
2018-02-28 13:14:37: select * from `services` where `members_id` = '40' and `payment_status` = 1 and `services`.`deleted_at` is null order by `id` desc limit 1
2018-02-28 13:14:37: select * from `doctors` where `users_id` = 17 and `doctors`.`deleted_at` is null limit 1
2018-02-28 13:14:37: select * from `services` where `members_id` = '40' and `payment_status` = 1 and `services`.`deleted_at` is null order by `id` desc limit 1
2018-02-28 13:14:37: select * from `doctors` where `users_id` = 22 and `doctors`.`deleted_at` is null limit 1
2018-02-28 13:14:37: select * from `services` where `members_id` = '40' and `payment_status` = 1 and `services`.`deleted_at` is null order by `id` desc limit 1
2018-02-28 13:14:37: select * from `doctors` where `users_id` = 23 and `doctors`.`deleted_at` is null limit 1
2018-02-28 13:14:37: select * from `services` where `members_id` = '40' and `payment_status` = 1 and `services`.`deleted_at` is null order by `id` desc limit 1
2018-02-28 13:14:37: select * from `doctors` where `users_id` = 24 and `doctors`.`deleted_at` is null limit 1
2018-02-28 13:14:37: select * from `services` where `members_id` = '40' and `payment_status` = 1 and `services`.`deleted_at` is null order by `id` desc limit 1
2018-02-28 13:14:37: select * from `doctors` where `users_id` = 25 and `doctors`.`deleted_at` is null limit 1
2018-02-28 13:14:37: select * from `services` where `members_id` = '40' and `payment_status` = 1 and `services`.`deleted_at` is null order by `id` desc limit 1
2018-02-28 13:14:37: select * from `doctors` where `users_id` = 26 and `doctors`.`deleted_at` is null limit 1
2018-02-28 13:14:37: select * from `services` where `members_id` = '40' and `payment_status` = 1 and `services`.`deleted_at` is null order by `id` desc limit 1
2018-02-28 13:14:42: select count(*) as aggregate from `users` where `id` = '40'
2018-02-28 13:14:42: select * from `users` where `id` = '40' and `users`.`deleted_at` is null limit 1
2018-02-28 13:14:42: select * from `users` where `city_id` = 1 and `login_type` = '2' and `online` = 1 and `users`.`deleted_at` is null order by `online_at` desc
2018-02-28 13:14:42: select * from `messages` where `source` = 'doctor' and `started_at` is not null and `messages`.`doctors_id` in (2, 9, 12, 13, 14, 15, 16, 17, 21, 22, 23, 24, 25, 26) and `members_id` = '40' order by `started_at` desc
2018-02-28 13:14:42: select * from `doctors` where `users_id` = 2 and `doctors`.`deleted_at` is null limit 1
2018-02-28 13:14:42: select * from `services` where `members_id` = '40' and `payment_status` = 1 and `services`.`deleted_at` is null order by `id` desc limit 1
2018-02-28 13:14:42: select * from `doctors` where `users_id` = 9 and `doctors`.`deleted_at` is null limit 1
2018-02-28 13:14:42: select * from `services` where `members_id` = '40' and `payment_status` = 1 and `services`.`deleted_at` is null order by `id` desc limit 1
2018-02-28 13:14:42: select * from `doctors` where `users_id` = 21 and `doctors`.`deleted_at` is null limit 1
2018-02-28 13:14:42: select * from `services` where `members_id` = '40' and `payment_status` = 1 and `services`.`deleted_at` is null order by `id` desc limit 1
2018-02-28 13:14:42: select * from `doctors` where `users_id` = 12 and `doctors`.`deleted_at` is null limit 1
2018-02-28 13:14:42: select * from `services` where `members_id` = '40' and `payment_status` = 1 and `services`.`deleted_at` is null order by `id` desc limit 1
2018-02-28 13:14:42: select * from `doctors` where `users_id` = 13 and `doctors`.`deleted_at` is null limit 1
2018-02-28 13:14:42: select * from `services` where `members_id` = '40' and `payment_status` = 1 and `services`.`deleted_at` is null order by `id` desc limit 1
2018-02-28 13:14:42: select * from `doctors` where `users_id` = 14 and `doctors`.`deleted_at` is null limit 1
2018-02-28 13:14:42: select * from `services` where `members_id` = '40' and `payment_status` = 1 and `services`.`deleted_at` is null order by `id` desc limit 1
2018-02-28 13:14:42: select * from `doctors` where `users_id` = 15 and `doctors`.`deleted_at` is null limit 1
2018-02-28 13:14:42: select * from `services` where `members_id` = '40' and `payment_status` = 1 and `services`.`deleted_at` is null order by `id` desc limit 1
2018-02-28 13:14:42: select * from `doctors` where `users_id` = 16 and `doctors`.`deleted_at` is null limit 1
2018-02-28 13:14:42: select * from `services` where `members_id` = '40' and `payment_status` = 1 and `services`.`deleted_at` is null order by `id` desc limit 1
2018-02-28 13:14:42: select * from `doctors` where `users_id` = 17 and `doctors`.`deleted_at` is null limit 1
2018-02-28 13:14:42: select * from `services` where `members_id` = '40' and `payment_status` = 1 and `services`.`deleted_at` is null order by `id` desc limit 1
2018-02-28 13:14:42: select * from `doctors` where `users_id` = 22 and `doctors`.`deleted_at` is null limit 1
2018-02-28 13:14:42: select * from `services` where `members_id` = '40' and `payment_status` = 1 and `services`.`deleted_at` is null order by `id` desc limit 1
2018-02-28 13:14:42: select * from `doctors` where `users_id` = 23 and `doctors`.`deleted_at` is null limit 1
2018-02-28 13:14:42: select * from `services` where `members_id` = '40' and `payment_status` = 1 and `services`.`deleted_at` is null order by `id` desc limit 1
2018-02-28 13:14:42: select * from `doctors` where `users_id` = 24 and `doctors`.`deleted_at` is null limit 1
2018-02-28 13:14:42: select * from `services` where `members_id` = '40' and `payment_status` = 1 and `services`.`deleted_at` is null order by `id` desc limit 1
2018-02-28 13:14:42: select * from `doctors` where `users_id` = 25 and `doctors`.`deleted_at` is null limit 1
2018-02-28 13:14:42: select * from `services` where `members_id` = '40' and `payment_status` = 1 and `services`.`deleted_at` is null order by `id` desc limit 1
2018-02-28 13:14:42: select * from `doctors` where `users_id` = 26 and `doctors`.`deleted_at` is null limit 1
2018-02-28 13:14:42: select * from `services` where `members_id` = '40' and `payment_status` = 1 and `services`.`deleted_at` is null order by `id` desc limit 1
2018-02-28 13:14:47: select count(*) as aggregate from `users` where `id` = '40'
2018-02-28 13:14:47: select * from `users` where `id` = '40' and `users`.`deleted_at` is null limit 1
2018-02-28 13:14:47: select * from `users` where `city_id` = 1 and `login_type` = '2' and `online` = 1 and `users`.`deleted_at` is null order by `online_at` desc
2018-02-28 13:14:47: select * from `messages` where `source` = 'doctor' and `started_at` is not null and `messages`.`doctors_id` in (2, 9, 12, 13, 14, 15, 16, 17, 21, 22, 23, 24, 25, 26) and `members_id` = '40' order by `started_at` desc
2018-02-28 13:14:47: select * from `doctors` where `users_id` = 2 and `doctors`.`deleted_at` is null limit 1
2018-02-28 13:14:47: select * from `services` where `members_id` = '40' and `payment_status` = 1 and `services`.`deleted_at` is null order by `id` desc limit 1
2018-02-28 13:14:47: select * from `doctors` where `users_id` = 9 and `doctors`.`deleted_at` is null limit 1
2018-02-28 13:14:47: select * from `services` where `members_id` = '40' and `payment_status` = 1 and `services`.`deleted_at` is null order by `id` desc limit 1
2018-02-28 13:14:47: select * from `doctors` where `users_id` = 21 and `doctors`.`deleted_at` is null limit 1
2018-02-28 13:14:47: select * from `services` where `members_id` = '40' and `payment_status` = 1 and `services`.`deleted_at` is null order by `id` desc limit 1
2018-02-28 13:14:47: select * from `doctors` where `users_id` = 12 and `doctors`.`deleted_at` is null limit 1
2018-02-28 13:14:47: select * from `services` where `members_id` = '40' and `payment_status` = 1 and `services`.`deleted_at` is null order by `id` desc limit 1
2018-02-28 13:14:47: select * from `doctors` where `users_id` = 13 and `doctors`.`deleted_at` is null limit 1
2018-02-28 13:14:47: select * from `services` where `members_id` = '40' and `payment_status` = 1 and `services`.`deleted_at` is null order by `id` desc limit 1
2018-02-28 13:14:47: select * from `doctors` where `users_id` = 14 and `doctors`.`deleted_at` is null limit 1
2018-02-28 13:14:47: select * from `services` where `members_id` = '40' and `payment_status` = 1 and `services`.`deleted_at` is null order by `id` desc limit 1
2018-02-28 13:14:47: select * from `doctors` where `users_id` = 15 and `doctors`.`deleted_at` is null limit 1
2018-02-28 13:14:47: select * from `services` where `members_id` = '40' and `payment_status` = 1 and `services`.`deleted_at` is null order by `id` desc limit 1
2018-02-28 13:14:47: select * from `doctors` where `users_id` = 16 and `doctors`.`deleted_at` is null limit 1
2018-02-28 13:14:47: select * from `services` where `members_id` = '40' and `payment_status` = 1 and `services`.`deleted_at` is null order by `id` desc limit 1
2018-02-28 13:14:47: select * from `doctors` where `users_id` = 17 and `doctors`.`deleted_at` is null limit 1
2018-02-28 13:14:47: select * from `services` where `members_id` = '40' and `payment_status` = 1 and `services`.`deleted_at` is null order by `id` desc limit 1
2018-02-28 13:14:47: select * from `doctors` where `users_id` = 22 and `doctors`.`deleted_at` is null limit 1
2018-02-28 13:14:47: select * from `services` where `members_id` = '40' and `payment_status` = 1 and `services`.`deleted_at` is null order by `id` desc limit 1
2018-02-28 13:14:47: select * from `doctors` where `users_id` = 23 and `doctors`.`deleted_at` is null limit 1
2018-02-28 13:14:47: select * from `services` where `members_id` = '40' and `payment_status` = 1 and `services`.`deleted_at` is null order by `id` desc limit 1
2018-02-28 13:14:47: select * from `doctors` where `users_id` = 24 and `doctors`.`deleted_at` is null limit 1
2018-02-28 13:14:47: select * from `services` where `members_id` = '40' and `payment_status` = 1 and `services`.`deleted_at` is null order by `id` desc limit 1
2018-02-28 13:14:47: select * from `doctors` where `users_id` = 25 and `doctors`.`deleted_at` is null limit 1
2018-02-28 13:14:47: select * from `services` where `members_id` = '40' and `payment_status` = 1 and `services`.`deleted_at` is null order by `id` desc limit 1
2018-02-28 13:14:47: select * from `doctors` where `users_id` = 26 and `doctors`.`deleted_at` is null limit 1
2018-02-28 13:14:47: select * from `services` where `members_id` = '40' and `payment_status` = 1 and `services`.`deleted_at` is null order by `id` desc limit 1
2018-02-28 14:00:50: select count(*) as aggregate from `users` where `id` = '40'
2018-02-28 14:00:50: select * from `users` where `id` = '40' and `users`.`deleted_at` is null limit 1
2018-02-28 14:00:50: select * from `users` where `city_id` = 1 and `login_type` = '2' and `online` = 1 and `users`.`deleted_at` is null order by `online_at` desc
2018-02-28 14:00:50: select * from `messages` where `source` = 'doctor' and `started_at` is not null and `messages`.`doctors_id` in (2, 9, 12, 13, 14, 15, 16, 17, 21, 22, 23, 24, 25, 26) and `members_id` = '40' order by `started_at` desc
2018-02-28 14:00:50: select * from `doctors` where `users_id` = 2 and `doctors`.`deleted_at` is null limit 1
2018-02-28 14:00:50: select * from `services` where `members_id` = '40' and `payment_status` = 1 and `services`.`deleted_at` is null order by `id` desc limit 1
2018-02-28 14:00:50: select * from `doctors` where `users_id` = 9 and `doctors`.`deleted_at` is null limit 1
2018-02-28 14:00:50: select * from `services` where `members_id` = '40' and `payment_status` = 1 and `services`.`deleted_at` is null order by `id` desc limit 1
2018-02-28 14:00:50: select * from `doctors` where `users_id` = 21 and `doctors`.`deleted_at` is null limit 1
2018-02-28 14:00:50: select * from `services` where `members_id` = '40' and `payment_status` = 1 and `services`.`deleted_at` is null order by `id` desc limit 1
2018-02-28 14:00:50: select * from `doctors` where `users_id` = 12 and `doctors`.`deleted_at` is null limit 1
2018-02-28 14:00:50: select * from `services` where `members_id` = '40' and `payment_status` = 1 and `services`.`deleted_at` is null order by `id` desc limit 1
2018-02-28 14:00:50: select * from `doctors` where `users_id` = 13 and `doctors`.`deleted_at` is null limit 1
2018-02-28 14:00:50: select * from `services` where `members_id` = '40' and `payment_status` = 1 and `services`.`deleted_at` is null order by `id` desc limit 1
2018-02-28 14:00:50: select * from `doctors` where `users_id` = 14 and `doctors`.`deleted_at` is null limit 1
2018-02-28 14:00:50: select * from `services` where `members_id` = '40' and `payment_status` = 1 and `services`.`deleted_at` is null order by `id` desc limit 1
2018-02-28 14:00:50: select * from `doctors` where `users_id` = 15 and `doctors`.`deleted_at` is null limit 1
2018-02-28 14:00:50: select * from `services` where `members_id` = '40' and `payment_status` = 1 and `services`.`deleted_at` is null order by `id` desc limit 1
2018-02-28 14:00:50: select * from `doctors` where `users_id` = 16 and `doctors`.`deleted_at` is null limit 1
2018-02-28 14:00:50: select * from `services` where `members_id` = '40' and `payment_status` = 1 and `services`.`deleted_at` is null order by `id` desc limit 1
2018-02-28 14:00:50: select * from `doctors` where `users_id` = 17 and `doctors`.`deleted_at` is null limit 1
2018-02-28 14:00:50: select * from `services` where `members_id` = '40' and `payment_status` = 1 and `services`.`deleted_at` is null order by `id` desc limit 1
2018-02-28 14:00:50: select * from `doctors` where `users_id` = 22 and `doctors`.`deleted_at` is null limit 1
2018-02-28 14:00:50: select * from `services` where `members_id` = '40' and `payment_status` = 1 and `services`.`deleted_at` is null order by `id` desc limit 1
2018-02-28 14:00:50: select * from `doctors` where `users_id` = 23 and `doctors`.`deleted_at` is null limit 1
2018-02-28 14:00:50: select * from `services` where `members_id` = '40' and `payment_status` = 1 and `services`.`deleted_at` is null order by `id` desc limit 1
2018-02-28 14:00:50: select * from `doctors` where `users_id` = 24 and `doctors`.`deleted_at` is null limit 1
2018-02-28 14:00:50: select * from `services` where `members_id` = '40' and `payment_status` = 1 and `services`.`deleted_at` is null order by `id` desc limit 1
2018-02-28 14:00:50: select * from `doctors` where `users_id` = 25 and `doctors`.`deleted_at` is null limit 1
2018-02-28 14:00:50: select * from `services` where `members_id` = '40' and `payment_status` = 1 and `services`.`deleted_at` is null order by `id` desc limit 1
2018-02-28 14:00:50: select * from `doctors` where `users_id` = 26 and `doctors`.`deleted_at` is null limit 1
2018-02-28 14:00:50: select * from `services` where `members_id` = '40' and `payment_status` = 1 and `services`.`deleted_at` is null order by `id` desc limit 1
2018-02-28 14:01:09: select count(*) as aggregate from `users` where `id` = '40'
2018-02-28 14:01:09: select * from `users` where `id` = '40' and `users`.`deleted_at` is null limit 1
2018-02-28 14:01:09: select * from `users` where `city_id` = 1 and `login_type` = '2' and `online` = 1 and `users`.`deleted_at` is null order by `online_at` desc
2018-02-28 14:01:09: select * from `messages` where `source` = 'doctor' and `started_at` is not null and `messages`.`doctors_id` in (2, 9, 12, 13, 14, 15, 16, 17, 21, 22, 23, 24, 25, 26) and `members_id` = '40' order by `started_at` desc
2018-02-28 14:01:09: select * from `doctors` where `users_id` = 2 and `doctors`.`deleted_at` is null limit 1
2018-02-28 14:01:09: select * from `services` where `members_id` = '40' and `payment_status` = 1 and `services`.`deleted_at` is null order by `id` desc limit 1
2018-02-28 14:01:09: select * from `doctors` where `users_id` = 9 and `doctors`.`deleted_at` is null limit 1
2018-02-28 14:01:09: select * from `services` where `members_id` = '40' and `payment_status` = 1 and `services`.`deleted_at` is null order by `id` desc limit 1
2018-02-28 14:01:09: select * from `doctors` where `users_id` = 21 and `doctors`.`deleted_at` is null limit 1
2018-02-28 14:01:09: select * from `services` where `members_id` = '40' and `payment_status` = 1 and `services`.`deleted_at` is null order by `id` desc limit 1
2018-02-28 14:01:09: select * from `doctors` where `users_id` = 12 and `doctors`.`deleted_at` is null limit 1
2018-02-28 14:01:09: select * from `services` where `members_id` = '40' and `payment_status` = 1 and `services`.`deleted_at` is null order by `id` desc limit 1
2018-02-28 14:01:09: select * from `doctors` where `users_id` = 13 and `doctors`.`deleted_at` is null limit 1
2018-02-28 14:01:09: select * from `services` where `members_id` = '40' and `payment_status` = 1 and `services`.`deleted_at` is null order by `id` desc limit 1
2018-02-28 14:01:09: select * from `doctors` where `users_id` = 14 and `doctors`.`deleted_at` is null limit 1
2018-02-28 14:01:09: select * from `services` where `members_id` = '40' and `payment_status` = 1 and `services`.`deleted_at` is null order by `id` desc limit 1
2018-02-28 14:01:09: select * from `doctors` where `users_id` = 15 and `doctors`.`deleted_at` is null limit 1
2018-02-28 14:01:09: select * from `services` where `members_id` = '40' and `payment_status` = 1 and `services`.`deleted_at` is null order by `id` desc limit 1
2018-02-28 14:01:09: select * from `doctors` where `users_id` = 16 and `doctors`.`deleted_at` is null limit 1
2018-02-28 14:01:09: select * from `services` where `members_id` = '40' and `payment_status` = 1 and `services`.`deleted_at` is null order by `id` desc limit 1
2018-02-28 14:01:09: select * from `doctors` where `users_id` = 17 and `doctors`.`deleted_at` is null limit 1
2018-02-28 14:01:09: select * from `services` where `members_id` = '40' and `payment_status` = 1 and `services`.`deleted_at` is null order by `id` desc limit 1
2018-02-28 14:01:09: select * from `doctors` where `users_id` = 22 and `doctors`.`deleted_at` is null limit 1
2018-02-28 14:01:09: select * from `services` where `members_id` = '40' and `payment_status` = 1 and `services`.`deleted_at` is null order by `id` desc limit 1
2018-02-28 14:01:09: select * from `doctors` where `users_id` = 23 and `doctors`.`deleted_at` is null limit 1
2018-02-28 14:01:09: select * from `services` where `members_id` = '40' and `payment_status` = 1 and `services`.`deleted_at` is null order by `id` desc limit 1
2018-02-28 14:01:09: select * from `doctors` where `users_id` = 24 and `doctors`.`deleted_at` is null limit 1
2018-02-28 14:01:09: select * from `services` where `members_id` = '40' and `payment_status` = 1 and `services`.`deleted_at` is null order by `id` desc limit 1
2018-02-28 14:01:09: select * from `doctors` where `users_id` = 25 and `doctors`.`deleted_at` is null limit 1
2018-02-28 14:01:09: select * from `services` where `members_id` = '40' and `payment_status` = 1 and `services`.`deleted_at` is null order by `id` desc limit 1
2018-02-28 14:01:09: select * from `doctors` where `users_id` = 26 and `doctors`.`deleted_at` is null limit 1
2018-02-28 14:01:09: select * from `services` where `members_id` = '40' and `payment_status` = 1 and `services`.`deleted_at` is null order by `id` desc limit 1
2018-02-28 14:01:11: select * from `users` where `id` = '13' and `users`.`deleted_at` is null limit 1
2018-02-28 14:01:11: select * from `doctors` where `doctors`.`users_id` = 13 and `doctors`.`users_id` is not null and `doctors`.`deleted_at` is null limit 1
2018-02-28 14:01:11: select count(*) as aggregate from `member_requests` where `member_requests`.`deleted_at` is null
2018-02-28 14:01:11: select count(*) as aggregate from `member_request_doctors` where `doctors_id` = '13'
2018-02-28 14:01:11: select count(*) as aggregate from `services` where `doctors_id` = '13' and `opened_at` is null and `services`.`deleted_at` is null
2018-02-28 14:01:11: select * from `messages` where `doctors_id` = '13' and `doctor_readed_at` is null and `visible` = 1 order by `created_at` desc
2018-02-28 14:01:11: select * from `parameters` where `type` = 'banner'
2018-02-28 14:01:11: select * from `parameters` where `type` = 'setting' and `key` = 'service_email' limit 1
