2018-04-19 04:13:11: select * from `users` where `id` = '2' and `users`.`deleted_at` is null limit 1
2018-04-19 04:13:11: select * from `doctors` where `doctors`.`users_id` = 2 and `doctors`.`users_id` is not null and `doctors`.`deleted_at` is null limit 1
2018-04-19 04:13:11: select count(*) as aggregate from `member_requests` where `member_requests`.`deleted_at` is null
2018-04-19 04:13:11: select count(*) as aggregate from `member_request_doctors` where `doctors_id` = '2'
2018-04-19 04:13:11: select count(*) as aggregate from `services` where `doctors_id` = '2' and `opened_at` is null and `services`.`deleted_at` is null
2018-04-19 04:13:11: select * from `messages` where `doctors_id` = '2' and `doctor_readed_at` is null and `visible` = 1 order by `created_at` desc
2018-04-19 04:13:11: select * from `services` where `members_id` = 47 and `payment_status` = 1 and `services`.`deleted_at` is null order by `id` desc limit 1
2018-04-19 04:13:11: select * from `parameters` where `type` = 'setting' and `key` = 'treatment_days_1' limit 1
2018-04-19 04:13:11: select * from `parameters` where `type` = 'banner'
2018-04-19 04:13:11: select * from `parameters` where `type` = 'setting' and `key` = 'service_email' limit 1
2018-04-19 04:13:13: select * from `users` where `id` = '2' and `users`.`deleted_at` is null limit 1
2018-04-19 04:13:13: select * from `doctors` where `doctors`.`users_id` = 2 and `doctors`.`users_id` is not null and `doctors`.`deleted_at` is null limit 1
2018-04-19 10:55:35: select * from `users` where `id` = '45' and `users`.`deleted_at` is null limit 1
2018-04-19 10:55:35: select * from `doctors` where `doctors`.`users_id` = 45 and `doctors`.`users_id` is not null and `doctors`.`deleted_at` is null limit 1
2018-04-19 10:55:35: select count(*) as aggregate from `member_requests` where `member_requests`.`deleted_at` is null
2018-04-19 10:55:35: select count(*) as aggregate from `member_request_doctors` where `doctors_id` = '45'
2018-04-19 10:55:35: select count(*) as aggregate from `services` where `doctors_id` = '45' and `opened_at` is null and `services`.`deleted_at` is null
2018-04-19 10:55:35: select * from `messages` where `doctors_id` = '45' and `doctor_readed_at` is null and `visible` = 1 order by `created_at` desc
2018-04-19 10:55:35: select * from `services` where `members_id` = 53 and `payment_status` = 1 and `services`.`deleted_at` is null order by `id` desc limit 1
2018-04-19 10:55:35: select * from `parameters` where `type` = 'setting' and `key` = 'treatment_days_1' limit 1
2018-04-19 10:55:35: select * from `services` where `members_id` = 46 and `payment_status` = 1 and `services`.`deleted_at` is null order by `id` desc limit 1
2018-04-19 10:55:35: select * from `parameters` where `type` = 'setting' and `key` = 'treatment_days_1' limit 1
2018-04-19 10:55:35: select * from `parameters` where `type` = 'banner'
2018-04-19 10:55:35: select * from `parameters` where `type` = 'setting' and `key` = 'service_email' limit 1
2018-04-19 10:55:38: select * from `users` where `id` = '45' and `users`.`deleted_at` is null limit 1
2018-04-19 10:55:38: select * from `doctors` where `doctors`.`users_id` = 45 and `doctors`.`users_id` is not null and `doctors`.`deleted_at` is null limit 1
2018-04-19 10:56:46: select * from `users` where `id` = '44' and `users`.`deleted_at` is null limit 1
2018-04-19 10:56:46: select * from `doctors` where `doctors`.`users_id` = 44 and `doctors`.`users_id` is not null and `doctors`.`deleted_at` is null limit 1
2018-04-19 10:56:46: select count(*) as aggregate from `member_requests` where `member_requests`.`deleted_at` is null
2018-04-19 10:56:46: select count(*) as aggregate from `member_request_doctors` where `doctors_id` = '44'
2018-04-19 10:56:46: select count(*) as aggregate from `services` where `doctors_id` = '44' and `opened_at` is null and `services`.`deleted_at` is null
2018-04-19 10:56:46: select * from `messages` where `doctors_id` = '44' and `doctor_readed_at` is null and `visible` = 1 order by `created_at` desc
2018-04-19 10:56:46: select * from `parameters` where `type` = 'banner'
2018-04-19 10:56:46: select * from `parameters` where `type` = 'setting' and `key` = 'service_email' limit 1
2018-04-19 10:57:24: select * from `users` where `id` = '44' and `users`.`deleted_at` is null limit 1
2018-04-19 10:57:24: select * from `doctors` where `doctors`.`users_id` = 44 and `doctors`.`users_id` is not null and `doctors`.`deleted_at` is null limit 1
2018-04-19 10:57:41: select * from `users` where `id` = '2' and `users`.`deleted_at` is null limit 1
2018-04-19 10:57:41: select * from `doctors` where `doctors`.`users_id` = 2 and `doctors`.`users_id` is not null and `doctors`.`deleted_at` is null limit 1
2018-04-19 10:57:41: select count(*) as aggregate from `member_requests` where `member_requests`.`deleted_at` is null
2018-04-19 10:57:41: select count(*) as aggregate from `member_request_doctors` where `doctors_id` = '2'
2018-04-19 10:57:41: select count(*) as aggregate from `services` where `doctors_id` = '2' and `opened_at` is null and `services`.`deleted_at` is null
2018-04-19 10:57:41: select * from `messages` where `doctors_id` = '2' and `doctor_readed_at` is null and `visible` = 1 order by `created_at` desc
2018-04-19 10:57:41: select * from `services` where `members_id` = 47 and `payment_status` = 1 and `services`.`deleted_at` is null order by `id` desc limit 1
2018-04-19 10:57:41: select * from `parameters` where `type` = 'setting' and `key` = 'treatment_days_1' limit 1
2018-04-19 10:57:41: select * from `parameters` where `type` = 'banner'
2018-04-19 10:57:41: select * from `parameters` where `type` = 'setting' and `key` = 'service_email' limit 1
2018-04-19 11:57:14: select * from `users` where `id` = '2' and `users`.`deleted_at` is null limit 1
2018-04-19 11:57:14: select * from `doctors` where `doctors`.`users_id` = 2 and `doctors`.`users_id` is not null and `doctors`.`deleted_at` is null limit 1
2018-04-19 11:57:14: select count(*) as aggregate from `member_requests` where `member_requests`.`deleted_at` is null
2018-04-19 11:57:14: select count(*) as aggregate from `member_request_doctors` where `doctors_id` = '2'
2018-04-19 11:57:14: select count(*) as aggregate from `services` where `doctors_id` = '2' and `opened_at` is null and `services`.`deleted_at` is null
2018-04-19 11:57:14: select * from `messages` where `doctors_id` = '2' and `doctor_readed_at` is null and `visible` = 1 order by `created_at` desc
2018-04-19 11:57:14: select * from `services` where `members_id` = 47 and `payment_status` = 1 and `services`.`deleted_at` is null order by `id` desc limit 1
2018-04-19 11:57:14: select * from `parameters` where `type` = 'setting' and `key` = 'treatment_days_1' limit 1
2018-04-19 11:57:14: select * from `parameters` where `type` = 'banner'
2018-04-19 11:57:14: select * from `parameters` where `type` = 'setting' and `key` = 'service_email' limit 1
2018-04-19 12:06:08: select * from `users` where `id` = '2' and `users`.`deleted_at` is null limit 1
2018-04-19 12:06:08: select * from `doctors` where `doctors`.`users_id` = 2 and `doctors`.`users_id` is not null and `doctors`.`deleted_at` is null limit 1
2018-04-19 12:06:08: select count(*) as aggregate from `member_requests` where `member_requests`.`deleted_at` is null
2018-04-19 12:06:08: select count(*) as aggregate from `member_request_doctors` where `doctors_id` = '2'
2018-04-19 12:06:08: select count(*) as aggregate from `services` where `doctors_id` = '2' and `opened_at` is null and `services`.`deleted_at` is null
2018-04-19 12:06:08: select * from `messages` where `doctors_id` = '2' and `doctor_readed_at` is null and `visible` = 1 order by `created_at` desc
2018-04-19 12:06:08: select * from `services` where `members_id` = 47 and `payment_status` = 1 and `services`.`deleted_at` is null order by `id` desc limit 1
2018-04-19 12:06:08: select * from `parameters` where `type` = 'setting' and `key` = 'treatment_days_1' limit 1
2018-04-19 12:06:08: select * from `parameters` where `type` = 'banner'
2018-04-19 12:06:08: select * from `parameters` where `type` = 'setting' and `key` = 'service_email' limit 1
2018-04-19 12:06:09: select * from `users` where `id` = '2' and `users`.`deleted_at` is null limit 1
2018-04-19 12:06:09: select * from `doctors` where `doctors`.`users_id` = 2 and `doctors`.`users_id` is not null and `doctors`.`deleted_at` is null limit 1
2018-04-19 12:06:15: select * from `users` where `id` = '2' and `users`.`deleted_at` is null limit 1
2018-04-19 12:06:15: select * from `doctors` where `doctors`.`users_id` = 2 and `doctors`.`users_id` is not null and `doctors`.`deleted_at` is null limit 1
2018-04-19 12:06:15: select count(*) as aggregate from `member_requests` where `member_requests`.`deleted_at` is null
2018-04-19 12:06:15: select count(*) as aggregate from `member_request_doctors` where `doctors_id` = '2'
2018-04-19 12:06:15: select count(*) as aggregate from `services` where `doctors_id` = '2' and `opened_at` is null and `services`.`deleted_at` is null
2018-04-19 12:06:15: select * from `messages` where `doctors_id` = '2' and `doctor_readed_at` is null and `visible` = 1 order by `created_at` desc
2018-04-19 12:06:15: select * from `services` where `members_id` = 47 and `payment_status` = 1 and `services`.`deleted_at` is null order by `id` desc limit 1
2018-04-19 12:06:15: select * from `parameters` where `type` = 'setting' and `key` = 'treatment_days_1' limit 1
2018-04-19 12:06:15: select * from `parameters` where `type` = 'banner'
2018-04-19 12:06:15: select * from `parameters` where `type` = 'setting' and `key` = 'service_email' limit 1
2018-04-19 12:08:32: select * from `users` where `id` = '2' and `users`.`deleted_at` is null limit 1
2018-04-19 12:08:32: select * from `doctors` where `doctors`.`users_id` = 2 and `doctors`.`users_id` is not null and `doctors`.`deleted_at` is null limit 1
2018-04-19 12:08:32: select count(*) as aggregate from `member_requests` where `member_requests`.`deleted_at` is null
2018-04-19 12:08:32: select count(*) as aggregate from `member_request_doctors` where `doctors_id` = '2'
2018-04-19 12:08:32: select count(*) as aggregate from `services` where `doctors_id` = '2' and `opened_at` is null and `services`.`deleted_at` is null
2018-04-19 12:08:32: select * from `messages` where `doctors_id` = '2' and `doctor_readed_at` is null and `visible` = 1 order by `created_at` desc
2018-04-19 12:08:32: select * from `services` where `members_id` = 47 and `payment_status` = 1 and `services`.`deleted_at` is null order by `id` desc limit 1
2018-04-19 12:08:32: select * from `parameters` where `type` = 'setting' and `key` = 'treatment_days_1' limit 1
2018-04-19 12:08:32: select * from `parameters` where `type` = 'banner'
2018-04-19 12:08:32: select * from `parameters` where `type` = 'setting' and `key` = 'service_email' limit 1
2018-04-19 12:08:34: select * from `users` where `id` = '2' and `users`.`deleted_at` is null limit 1
2018-04-19 12:08:34: select * from `doctors` where `doctors`.`users_id` = 2 and `doctors`.`users_id` is not null and `doctors`.`deleted_at` is null limit 1
2018-04-19 12:18:04: select * from `users` where `id` = '44' and `users`.`deleted_at` is null limit 1
2018-04-19 12:18:04: select * from `doctors` where `doctors`.`users_id` = 44 and `doctors`.`users_id` is not null and `doctors`.`deleted_at` is null limit 1
2018-04-19 12:18:04: select count(*) as aggregate from `member_requests` where `member_requests`.`deleted_at` is null
2018-04-19 12:18:04: select count(*) as aggregate from `member_request_doctors` where `doctors_id` = '44'
2018-04-19 12:18:04: select count(*) as aggregate from `services` where `doctors_id` = '44' and `opened_at` is null and `services`.`deleted_at` is null
2018-04-19 12:18:04: select * from `messages` where `doctors_id` = '44' and `doctor_readed_at` is null and `visible` = 1 order by `created_at` desc
2018-04-19 12:18:04: select * from `parameters` where `type` = 'banner'
2018-04-19 12:18:04: select * from `parameters` where `type` = 'setting' and `key` = 'service_email' limit 1
2018-04-19 12:18:06: select * from `users` where `id` = '44' and `users`.`deleted_at` is null limit 1
2018-04-19 12:18:06: select * from `doctors` where `doctors`.`users_id` = 44 and `doctors`.`users_id` is not null and `doctors`.`deleted_at` is null limit 1
2018-04-19 12:18:10: select * from `users` where `id` = '44' and `users`.`deleted_at` is null limit 1
2018-04-19 12:18:10: select * from `doctors` where `doctors`.`users_id` = 44 and `doctors`.`users_id` is not null and `doctors`.`deleted_at` is null limit 1
2018-04-19 12:18:11: select * from `users` where `id` = '44' and `users`.`deleted_at` is null limit 1
2018-04-19 12:18:11: select * from `doctors` where `doctors`.`users_id` = 44 and `doctors`.`users_id` is not null and `doctors`.`deleted_at` is null limit 1
2018-04-19 12:18:15: select * from `users` where `id` = '44' and `users`.`deleted_at` is null limit 1
2018-04-19 12:18:15: select * from `doctors` where `doctors`.`users_id` = 44 and `doctors`.`users_id` is not null and `doctors`.`deleted_at` is null limit 1
2018-04-19 12:18:16: select * from `users` where `id` = '44' and `users`.`deleted_at` is null limit 1
2018-04-19 12:18:16: select * from `doctors` where `doctors`.`users_id` = 44 and `doctors`.`users_id` is not null and `doctors`.`deleted_at` is null limit 1
2018-04-19 12:18:16: select count(*) as aggregate from `member_requests` where `member_requests`.`deleted_at` is null
2018-04-19 12:18:16: select count(*) as aggregate from `member_request_doctors` where `doctors_id` = '44'
2018-04-19 12:18:16: select count(*) as aggregate from `services` where `doctors_id` = '44' and `opened_at` is null and `services`.`deleted_at` is null
2018-04-19 12:18:16: select * from `messages` where `doctors_id` = '44' and `doctor_readed_at` is null and `visible` = 1 order by `created_at` desc
2018-04-19 12:18:16: select * from `parameters` where `type` = 'banner'
2018-04-19 12:18:16: select * from `parameters` where `type` = 'setting' and `key` = 'service_email' limit 1
