2018-06-19 00:29:21: select count(*) as aggregate from `users` where `id` = '52'
2018-06-19 00:29:21: select * from `users` where `id` = '52' and `users`.`deleted_at` is null limit 1
2018-06-19 00:29:21: select * from `users` where `city_id` = 1 and `login_type` = '2' and `online` = 1 and `users`.`deleted_at` is null order by `online_at` desc
2018-06-19 00:29:21: select * from `messages` where `source` = 'doctor' and `started_at` is not null and `messages`.`doctors_id` in (2, 9, 11, 12, 13, 14, 15, 16, 17, 21, 22, 23, 24, 25, 26, 44, 45) and `members_id` = '52' order by `started_at` desc
2018-06-19 00:29:21: select * from `doctors` where `users_id` = 45 and `doctors`.`deleted_at` is null limit 1
2018-06-19 00:29:21: select * from `services` where `members_id` = '52' and `payment_status` = 1 and `services`.`deleted_at` is null order by `id` desc limit 1
2018-06-19 00:29:21: select * from `parameters` where `type` = 'setting' and `key` = 'treatment_days_1' limit 1
2018-06-19 00:29:21: select * from `doctors` where `users_id` = 44 and `doctors`.`deleted_at` is null limit 1
2018-06-19 00:29:21: select * from `services` where `members_id` = '52' and `payment_status` = 1 and `services`.`deleted_at` is null order by `id` desc limit 1
2018-06-19 00:29:21: select * from `doctors` where `users_id` = 2 and `doctors`.`deleted_at` is null limit 1
2018-06-19 00:29:21: select * from `services` where `members_id` = '52' and `payment_status` = 1 and `services`.`deleted_at` is null order by `id` desc limit 1
2018-06-19 00:29:21: select * from `doctors` where `users_id` = 24 and `doctors`.`deleted_at` is null limit 1
2018-06-19 00:29:21: select * from `services` where `members_id` = '52' and `payment_status` = 1 and `services`.`deleted_at` is null order by `id` desc limit 1
2018-06-19 00:29:21: select * from `doctors` where `users_id` = 16 and `doctors`.`deleted_at` is null limit 1
2018-06-19 00:29:21: select * from `services` where `members_id` = '52' and `payment_status` = 1 and `services`.`deleted_at` is null order by `id` desc limit 1
2018-06-19 00:29:21: select * from `doctors` where `users_id` = 11 and `doctors`.`deleted_at` is null limit 1
2018-06-19 00:29:21: select * from `services` where `members_id` = '52' and `payment_status` = 1 and `services`.`deleted_at` is null order by `id` desc limit 1
2018-06-19 00:29:21: select * from `doctors` where `users_id` = 9 and `doctors`.`deleted_at` is null limit 1
2018-06-19 00:29:21: select * from `services` where `members_id` = '52' and `payment_status` = 1 and `services`.`deleted_at` is null order by `id` desc limit 1
2018-06-19 00:29:21: select * from `doctors` where `users_id` = 21 and `doctors`.`deleted_at` is null limit 1
2018-06-19 00:29:21: select * from `services` where `members_id` = '52' and `payment_status` = 1 and `services`.`deleted_at` is null order by `id` desc limit 1
2018-06-19 00:29:21: select * from `doctors` where `users_id` = 12 and `doctors`.`deleted_at` is null limit 1
2018-06-19 00:29:21: select * from `services` where `members_id` = '52' and `payment_status` = 1 and `services`.`deleted_at` is null order by `id` desc limit 1
2018-06-19 00:29:21: select * from `doctors` where `users_id` = 13 and `doctors`.`deleted_at` is null limit 1
2018-06-19 00:29:21: select * from `services` where `members_id` = '52' and `payment_status` = 1 and `services`.`deleted_at` is null order by `id` desc limit 1
2018-06-19 00:29:21: select * from `doctors` where `users_id` = 14 and `doctors`.`deleted_at` is null limit 1
2018-06-19 00:29:21: select * from `services` where `members_id` = '52' and `payment_status` = 1 and `services`.`deleted_at` is null order by `id` desc limit 1
2018-06-19 00:29:21: select * from `doctors` where `users_id` = 15 and `doctors`.`deleted_at` is null limit 1
2018-06-19 00:29:21: select * from `services` where `members_id` = '52' and `payment_status` = 1 and `services`.`deleted_at` is null order by `id` desc limit 1
2018-06-19 00:29:21: select * from `doctors` where `users_id` = 17 and `doctors`.`deleted_at` is null limit 1
2018-06-19 00:29:21: select * from `services` where `members_id` = '52' and `payment_status` = 1 and `services`.`deleted_at` is null order by `id` desc limit 1
2018-06-19 00:29:21: select * from `doctors` where `users_id` = 22 and `doctors`.`deleted_at` is null limit 1
2018-06-19 00:29:21: select * from `services` where `members_id` = '52' and `payment_status` = 1 and `services`.`deleted_at` is null order by `id` desc limit 1
2018-06-19 00:29:21: select * from `doctors` where `users_id` = 23 and `doctors`.`deleted_at` is null limit 1
2018-06-19 00:29:21: select * from `services` where `members_id` = '52' and `payment_status` = 1 and `services`.`deleted_at` is null order by `id` desc limit 1
2018-06-19 00:29:21: select * from `doctors` where `users_id` = 25 and `doctors`.`deleted_at` is null limit 1
2018-06-19 00:29:21: select * from `services` where `members_id` = '52' and `payment_status` = 1 and `services`.`deleted_at` is null order by `id` desc limit 1
2018-06-19 00:29:21: select * from `doctors` where `users_id` = 26 and `doctors`.`deleted_at` is null limit 1
2018-06-19 00:29:21: select * from `services` where `members_id` = '52' and `payment_status` = 1 and `services`.`deleted_at` is null order by `id` desc limit 1
2018-06-19 00:29:30: select count(*) as aggregate from `users` where `id` = '52'
2018-06-19 00:29:30: select * from `users` where `id` = '52' and `users`.`deleted_at` is null limit 1
2018-06-19 00:29:30: select * from `users` where `city_id` = 1 and `login_type` = '2' and `online` = 1 and `users`.`deleted_at` is null order by `online_at` desc
2018-06-19 00:29:30: select * from `messages` where `source` = 'doctor' and `started_at` is not null and `messages`.`doctors_id` in (2, 9, 11, 12, 13, 14, 15, 16, 17, 21, 22, 23, 24, 25, 26, 44, 45) and `members_id` = '52' order by `started_at` desc
2018-06-19 00:29:30: select * from `doctors` where `users_id` = 45 and `doctors`.`deleted_at` is null limit 1
2018-06-19 00:29:30: select * from `services` where `members_id` = '52' and `payment_status` = 1 and `services`.`deleted_at` is null order by `id` desc limit 1
2018-06-19 00:29:30: select * from `parameters` where `type` = 'setting' and `key` = 'treatment_days_1' limit 1
2018-06-19 00:29:30: select * from `doctors` where `users_id` = 44 and `doctors`.`deleted_at` is null limit 1
2018-06-19 00:29:30: select * from `services` where `members_id` = '52' and `payment_status` = 1 and `services`.`deleted_at` is null order by `id` desc limit 1
2018-06-19 00:29:30: select * from `doctors` where `users_id` = 2 and `doctors`.`deleted_at` is null limit 1
2018-06-19 00:29:30: select * from `services` where `members_id` = '52' and `payment_status` = 1 and `services`.`deleted_at` is null order by `id` desc limit 1
2018-06-19 00:29:30: select * from `doctors` where `users_id` = 24 and `doctors`.`deleted_at` is null limit 1
2018-06-19 00:29:30: select * from `services` where `members_id` = '52' and `payment_status` = 1 and `services`.`deleted_at` is null order by `id` desc limit 1
2018-06-19 00:29:30: select * from `doctors` where `users_id` = 16 and `doctors`.`deleted_at` is null limit 1
2018-06-19 00:29:30: select * from `services` where `members_id` = '52' and `payment_status` = 1 and `services`.`deleted_at` is null order by `id` desc limit 1
2018-06-19 00:29:30: select * from `doctors` where `users_id` = 11 and `doctors`.`deleted_at` is null limit 1
2018-06-19 00:29:30: select * from `services` where `members_id` = '52' and `payment_status` = 1 and `services`.`deleted_at` is null order by `id` desc limit 1
2018-06-19 00:29:30: select * from `doctors` where `users_id` = 9 and `doctors`.`deleted_at` is null limit 1
2018-06-19 00:29:30: select * from `services` where `members_id` = '52' and `payment_status` = 1 and `services`.`deleted_at` is null order by `id` desc limit 1
2018-06-19 00:29:30: select * from `doctors` where `users_id` = 21 and `doctors`.`deleted_at` is null limit 1
2018-06-19 00:29:30: select * from `services` where `members_id` = '52' and `payment_status` = 1 and `services`.`deleted_at` is null order by `id` desc limit 1
2018-06-19 00:29:30: select * from `doctors` where `users_id` = 12 and `doctors`.`deleted_at` is null limit 1
2018-06-19 00:29:30: select * from `services` where `members_id` = '52' and `payment_status` = 1 and `services`.`deleted_at` is null order by `id` desc limit 1
2018-06-19 00:29:30: select * from `doctors` where `users_id` = 13 and `doctors`.`deleted_at` is null limit 1
2018-06-19 00:29:30: select * from `services` where `members_id` = '52' and `payment_status` = 1 and `services`.`deleted_at` is null order by `id` desc limit 1
2018-06-19 00:29:30: select * from `doctors` where `users_id` = 14 and `doctors`.`deleted_at` is null limit 1
2018-06-19 00:29:30: select * from `services` where `members_id` = '52' and `payment_status` = 1 and `services`.`deleted_at` is null order by `id` desc limit 1
2018-06-19 00:29:30: select * from `doctors` where `users_id` = 15 and `doctors`.`deleted_at` is null limit 1
2018-06-19 00:29:30: select * from `services` where `members_id` = '52' and `payment_status` = 1 and `services`.`deleted_at` is null order by `id` desc limit 1
2018-06-19 00:29:30: select * from `doctors` where `users_id` = 17 and `doctors`.`deleted_at` is null limit 1
2018-06-19 00:29:30: select * from `services` where `members_id` = '52' and `payment_status` = 1 and `services`.`deleted_at` is null order by `id` desc limit 1
2018-06-19 00:29:30: select * from `doctors` where `users_id` = 22 and `doctors`.`deleted_at` is null limit 1
2018-06-19 00:29:30: select * from `services` where `members_id` = '52' and `payment_status` = 1 and `services`.`deleted_at` is null order by `id` desc limit 1
2018-06-19 00:29:30: select * from `doctors` where `users_id` = 23 and `doctors`.`deleted_at` is null limit 1
2018-06-19 00:29:30: select * from `services` where `members_id` = '52' and `payment_status` = 1 and `services`.`deleted_at` is null order by `id` desc limit 1
2018-06-19 00:29:30: select * from `doctors` where `users_id` = 25 and `doctors`.`deleted_at` is null limit 1
2018-06-19 00:29:30: select * from `services` where `members_id` = '52' and `payment_status` = 1 and `services`.`deleted_at` is null order by `id` desc limit 1
2018-06-19 00:29:30: select * from `doctors` where `users_id` = 26 and `doctors`.`deleted_at` is null limit 1
2018-06-19 00:29:30: select * from `services` where `members_id` = '52' and `payment_status` = 1 and `services`.`deleted_at` is null order by `id` desc limit 1
2018-06-19 00:29:48: select * from `users` where `id` = '2' and `users`.`deleted_at` is null limit 1
2018-06-19 00:29:48: select * from `doctors` where `doctors`.`users_id` = 2 and `doctors`.`users_id` is not null and `doctors`.`deleted_at` is null limit 1
2018-06-19 00:29:48: select count(*) as aggregate from `member_requests` where `member_requests`.`deleted_at` is null
2018-06-19 00:29:48: select count(*) as aggregate from `member_request_doctors` where `doctors_id` = '2'
2018-06-19 00:29:48: select count(*) as aggregate from `services` where `doctors_id` = '2' and `opened_at` is null and `services`.`deleted_at` is null
2018-06-19 00:29:48: select * from `messages` where `doctors_id` = '2' and `doctor_readed_at` is null and `visible` = 1 order by `created_at` desc
2018-06-19 00:29:48: select * from `services` where `members_id` = 47 and `payment_status` = 1 and `services`.`deleted_at` is null order by `id` desc limit 1
2018-06-19 00:29:48: select * from `parameters` where `type` = 'setting' and `key` = 'treatment_days_1' limit 1
2018-06-19 00:29:48: select * from `parameters` where `type` = 'banner'
2018-06-19 00:29:48: select * from `parameters` where `type` = 'setting' and `key` = 'service_email' limit 1
2018-06-19 00:30:02: select * from `users` where `id` = '2' and `users`.`deleted_at` is null limit 1
2018-06-19 00:30:02: select * from `doctors` where `doctors`.`users_id` = 2 and `doctors`.`users_id` is not null and `doctors`.`deleted_at` is null limit 1
2018-06-19 00:30:02: select count(*) as aggregate from `member_requests` where `member_requests`.`deleted_at` is null
2018-06-19 00:30:02: select count(*) as aggregate from `member_request_doctors` where `doctors_id` = '2'
2018-06-19 00:30:02: select count(*) as aggregate from `services` where `doctors_id` = '2' and `opened_at` is null and `services`.`deleted_at` is null
2018-06-19 00:30:02: select * from `messages` where `doctors_id` = '2' and `doctor_readed_at` is null and `visible` = 1 order by `created_at` desc
2018-06-19 00:30:02: select * from `services` where `members_id` = 47 and `payment_status` = 1 and `services`.`deleted_at` is null order by `id` desc limit 1
2018-06-19 00:30:02: select * from `parameters` where `type` = 'setting' and `key` = 'treatment_days_1' limit 1
2018-06-19 00:30:02: select * from `parameters` where `type` = 'banner'
2018-06-19 00:30:02: select * from `parameters` where `type` = 'setting' and `key` = 'service_email' limit 1
2018-06-19 20:06:12: select * from `users` where `id` = '2' and `users`.`deleted_at` is null limit 1
2018-06-19 20:06:12: select * from `doctors` where `doctors`.`users_id` = 2 and `doctors`.`users_id` is not null and `doctors`.`deleted_at` is null limit 1
2018-06-19 20:06:12: select count(*) as aggregate from `member_requests` where `member_requests`.`deleted_at` is null
2018-06-19 20:06:12: select count(*) as aggregate from `member_request_doctors` where `doctors_id` = '2'
2018-06-19 20:06:12: select count(*) as aggregate from `services` where `doctors_id` = '2' and `opened_at` is null and `services`.`deleted_at` is null
2018-06-19 20:06:12: select * from `messages` where `doctors_id` = '2' and `doctor_readed_at` is null and `visible` = 1 order by `created_at` desc
2018-06-19 20:06:12: select * from `services` where `members_id` = 47 and `payment_status` = 1 and `services`.`deleted_at` is null order by `id` desc limit 1
2018-06-19 20:06:12: select * from `parameters` where `type` = 'setting' and `key` = 'treatment_days_1' limit 1
2018-06-19 20:06:12: select * from `parameters` where `type` = 'banner'
2018-06-19 20:06:12: select * from `parameters` where `type` = 'setting' and `key` = 'service_email' limit 1
2018-06-19 20:15:05: select count(*) as aggregate from `users` where `id` = '56'
2018-06-19 20:15:05: select * from `users` where `id` = '56' and `users`.`deleted_at` is null limit 1
2018-06-19 20:15:05: select * from `users` where `city_id` = 1 and `login_type` = '2' and `online` = 1 and `users`.`deleted_at` is null order by `online_at` desc
2018-06-19 20:15:05: select * from `messages` where `source` = 'doctor' and `started_at` is not null and `messages`.`doctors_id` in (2, 9, 11, 12, 13, 14, 15, 16, 17, 21, 22, 23, 24, 25, 26, 44, 45) and `members_id` = '56' order by `started_at` desc
2018-06-19 20:15:05: select * from `doctors` where `users_id` = 45 and `doctors`.`deleted_at` is null limit 1
2018-06-19 20:15:05: select * from `services` where `members_id` = '56' and `payment_status` = 1 and `services`.`deleted_at` is null order by `id` desc limit 1
2018-06-19 20:15:05: select * from `doctors` where `users_id` = 44 and `doctors`.`deleted_at` is null limit 1
2018-06-19 20:15:05: select * from `services` where `members_id` = '56' and `payment_status` = 1 and `services`.`deleted_at` is null order by `id` desc limit 1
2018-06-19 20:15:05: select * from `doctors` where `users_id` = 2 and `doctors`.`deleted_at` is null limit 1
2018-06-19 20:15:05: select * from `services` where `members_id` = '56' and `payment_status` = 1 and `services`.`deleted_at` is null order by `id` desc limit 1
2018-06-19 20:15:05: select * from `doctors` where `users_id` = 24 and `doctors`.`deleted_at` is null limit 1
2018-06-19 20:15:05: select * from `services` where `members_id` = '56' and `payment_status` = 1 and `services`.`deleted_at` is null order by `id` desc limit 1
2018-06-19 20:15:05: select * from `doctors` where `users_id` = 16 and `doctors`.`deleted_at` is null limit 1
2018-06-19 20:15:05: select * from `services` where `members_id` = '56' and `payment_status` = 1 and `services`.`deleted_at` is null order by `id` desc limit 1
2018-06-19 20:15:05: select * from `doctors` where `users_id` = 11 and `doctors`.`deleted_at` is null limit 1
2018-06-19 20:15:05: select * from `services` where `members_id` = '56' and `payment_status` = 1 and `services`.`deleted_at` is null order by `id` desc limit 1
2018-06-19 20:15:05: select * from `doctors` where `users_id` = 9 and `doctors`.`deleted_at` is null limit 1
2018-06-19 20:15:05: select * from `services` where `members_id` = '56' and `payment_status` = 1 and `services`.`deleted_at` is null order by `id` desc limit 1
2018-06-19 20:15:05: select * from `doctors` where `users_id` = 21 and `doctors`.`deleted_at` is null limit 1
2018-06-19 20:15:05: select * from `services` where `members_id` = '56' and `payment_status` = 1 and `services`.`deleted_at` is null order by `id` desc limit 1
2018-06-19 20:15:05: select * from `doctors` where `users_id` = 12 and `doctors`.`deleted_at` is null limit 1
2018-06-19 20:15:05: select * from `services` where `members_id` = '56' and `payment_status` = 1 and `services`.`deleted_at` is null order by `id` desc limit 1
2018-06-19 20:15:05: select * from `doctors` where `users_id` = 13 and `doctors`.`deleted_at` is null limit 1
2018-06-19 20:15:05: select * from `services` where `members_id` = '56' and `payment_status` = 1 and `services`.`deleted_at` is null order by `id` desc limit 1
2018-06-19 20:15:05: select * from `doctors` where `users_id` = 14 and `doctors`.`deleted_at` is null limit 1
2018-06-19 20:15:05: select * from `services` where `members_id` = '56' and `payment_status` = 1 and `services`.`deleted_at` is null order by `id` desc limit 1
2018-06-19 20:15:05: select * from `doctors` where `users_id` = 15 and `doctors`.`deleted_at` is null limit 1
2018-06-19 20:15:05: select * from `services` where `members_id` = '56' and `payment_status` = 1 and `services`.`deleted_at` is null order by `id` desc limit 1
2018-06-19 20:15:05: select * from `doctors` where `users_id` = 17 and `doctors`.`deleted_at` is null limit 1
2018-06-19 20:15:05: select * from `services` where `members_id` = '56' and `payment_status` = 1 and `services`.`deleted_at` is null order by `id` desc limit 1
2018-06-19 20:15:05: select * from `doctors` where `users_id` = 22 and `doctors`.`deleted_at` is null limit 1
2018-06-19 20:15:05: select * from `services` where `members_id` = '56' and `payment_status` = 1 and `services`.`deleted_at` is null order by `id` desc limit 1
2018-06-19 20:15:05: select * from `doctors` where `users_id` = 23 and `doctors`.`deleted_at` is null limit 1
2018-06-19 20:15:05: select * from `services` where `members_id` = '56' and `payment_status` = 1 and `services`.`deleted_at` is null order by `id` desc limit 1
2018-06-19 20:15:05: select * from `doctors` where `users_id` = 25 and `doctors`.`deleted_at` is null limit 1
2018-06-19 20:15:05: select * from `services` where `members_id` = '56' and `payment_status` = 1 and `services`.`deleted_at` is null order by `id` desc limit 1
2018-06-19 20:15:05: select * from `doctors` where `users_id` = 26 and `doctors`.`deleted_at` is null limit 1
2018-06-19 20:15:05: select * from `services` where `members_id` = '56' and `payment_status` = 1 and `services`.`deleted_at` is null order by `id` desc limit 1
2018-06-19 20:15:19: select count(*) as aggregate from `users` where `id` = '56'
2018-06-19 20:15:19: select * from `users` where `id` = '56' and `users`.`deleted_at` is null limit 1
2018-06-19 20:15:19: select * from `users` where `city_id` = 1 and `login_type` = '2' and `online` = 1 and `users`.`deleted_at` is null order by `online_at` desc
2018-06-19 20:15:19: select * from `messages` where `source` = 'doctor' and `started_at` is not null and `messages`.`doctors_id` in (2, 9, 11, 12, 13, 14, 15, 16, 17, 21, 22, 23, 24, 25, 26, 44, 45) and `members_id` = '56' order by `started_at` desc
2018-06-19 20:15:19: select * from `doctors` where `users_id` = 45 and `doctors`.`deleted_at` is null limit 1
2018-06-19 20:15:19: select * from `services` where `members_id` = '56' and `payment_status` = 1 and `services`.`deleted_at` is null order by `id` desc limit 1
2018-06-19 20:15:19: select * from `doctors` where `users_id` = 44 and `doctors`.`deleted_at` is null limit 1
2018-06-19 20:15:19: select * from `services` where `members_id` = '56' and `payment_status` = 1 and `services`.`deleted_at` is null order by `id` desc limit 1
2018-06-19 20:15:19: select * from `doctors` where `users_id` = 2 and `doctors`.`deleted_at` is null limit 1
2018-06-19 20:15:19: select * from `services` where `members_id` = '56' and `payment_status` = 1 and `services`.`deleted_at` is null order by `id` desc limit 1
2018-06-19 20:15:19: select * from `doctors` where `users_id` = 24 and `doctors`.`deleted_at` is null limit 1
2018-06-19 20:15:19: select * from `services` where `members_id` = '56' and `payment_status` = 1 and `services`.`deleted_at` is null order by `id` desc limit 1
2018-06-19 20:15:19: select * from `doctors` where `users_id` = 16 and `doctors`.`deleted_at` is null limit 1
2018-06-19 20:15:19: select * from `services` where `members_id` = '56' and `payment_status` = 1 and `services`.`deleted_at` is null order by `id` desc limit 1
2018-06-19 20:15:19: select * from `doctors` where `users_id` = 11 and `doctors`.`deleted_at` is null limit 1
2018-06-19 20:15:19: select * from `services` where `members_id` = '56' and `payment_status` = 1 and `services`.`deleted_at` is null order by `id` desc limit 1
2018-06-19 20:15:19: select * from `doctors` where `users_id` = 9 and `doctors`.`deleted_at` is null limit 1
2018-06-19 20:15:19: select * from `services` where `members_id` = '56' and `payment_status` = 1 and `services`.`deleted_at` is null order by `id` desc limit 1
2018-06-19 20:15:19: select * from `doctors` where `users_id` = 21 and `doctors`.`deleted_at` is null limit 1
2018-06-19 20:15:19: select * from `services` where `members_id` = '56' and `payment_status` = 1 and `services`.`deleted_at` is null order by `id` desc limit 1
2018-06-19 20:15:19: select * from `doctors` where `users_id` = 12 and `doctors`.`deleted_at` is null limit 1
2018-06-19 20:15:19: select * from `services` where `members_id` = '56' and `payment_status` = 1 and `services`.`deleted_at` is null order by `id` desc limit 1
2018-06-19 20:15:19: select * from `doctors` where `users_id` = 13 and `doctors`.`deleted_at` is null limit 1
2018-06-19 20:15:19: select * from `services` where `members_id` = '56' and `payment_status` = 1 and `services`.`deleted_at` is null order by `id` desc limit 1
2018-06-19 20:15:19: select * from `doctors` where `users_id` = 14 and `doctors`.`deleted_at` is null limit 1
2018-06-19 20:15:19: select * from `services` where `members_id` = '56' and `payment_status` = 1 and `services`.`deleted_at` is null order by `id` desc limit 1
2018-06-19 20:15:19: select * from `doctors` where `users_id` = 15 and `doctors`.`deleted_at` is null limit 1
2018-06-19 20:15:19: select * from `services` where `members_id` = '56' and `payment_status` = 1 and `services`.`deleted_at` is null order by `id` desc limit 1
2018-06-19 20:15:19: select * from `doctors` where `users_id` = 17 and `doctors`.`deleted_at` is null limit 1
2018-06-19 20:15:19: select * from `services` where `members_id` = '56' and `payment_status` = 1 and `services`.`deleted_at` is null order by `id` desc limit 1
2018-06-19 20:15:19: select * from `doctors` where `users_id` = 22 and `doctors`.`deleted_at` is null limit 1
2018-06-19 20:15:19: select * from `services` where `members_id` = '56' and `payment_status` = 1 and `services`.`deleted_at` is null order by `id` desc limit 1
2018-06-19 20:15:19: select * from `doctors` where `users_id` = 23 and `doctors`.`deleted_at` is null limit 1
2018-06-19 20:15:19: select * from `services` where `members_id` = '56' and `payment_status` = 1 and `services`.`deleted_at` is null order by `id` desc limit 1
2018-06-19 20:15:19: select * from `doctors` where `users_id` = 25 and `doctors`.`deleted_at` is null limit 1
2018-06-19 20:15:19: select * from `services` where `members_id` = '56' and `payment_status` = 1 and `services`.`deleted_at` is null order by `id` desc limit 1
2018-06-19 20:15:19: select * from `doctors` where `users_id` = 26 and `doctors`.`deleted_at` is null limit 1
2018-06-19 20:15:19: select * from `services` where `members_id` = '56' and `payment_status` = 1 and `services`.`deleted_at` is null order by `id` desc limit 1
2018-06-19 20:15:44: select count(*) as aggregate from `users` where `id` = '56'
2018-06-19 20:15:44: select * from `users` where `id` = '56' and `users`.`deleted_at` is null limit 1
2018-06-19 20:15:44: select * from `users` where `city_id` = 1 and `login_type` = '2' and `online` = 1 and `users`.`deleted_at` is null order by `online_at` desc
2018-06-19 20:15:44: select * from `messages` where `source` = 'doctor' and `started_at` is not null and `messages`.`doctors_id` in (2, 9, 11, 12, 13, 14, 15, 16, 17, 21, 22, 23, 24, 25, 26, 44, 45) and `members_id` = '56' order by `started_at` desc
2018-06-19 20:15:44: select * from `doctors` where `users_id` = 45 and `doctors`.`deleted_at` is null limit 1
2018-06-19 20:15:44: select * from `services` where `members_id` = '56' and `payment_status` = 1 and `services`.`deleted_at` is null order by `id` desc limit 1
2018-06-19 20:15:44: select * from `doctors` where `users_id` = 44 and `doctors`.`deleted_at` is null limit 1
2018-06-19 20:15:44: select * from `services` where `members_id` = '56' and `payment_status` = 1 and `services`.`deleted_at` is null order by `id` desc limit 1
2018-06-19 20:15:44: select * from `doctors` where `users_id` = 2 and `doctors`.`deleted_at` is null limit 1
2018-06-19 20:15:44: select * from `services` where `members_id` = '56' and `payment_status` = 1 and `services`.`deleted_at` is null order by `id` desc limit 1
2018-06-19 20:15:44: select * from `doctors` where `users_id` = 24 and `doctors`.`deleted_at` is null limit 1
2018-06-19 20:15:44: select * from `services` where `members_id` = '56' and `payment_status` = 1 and `services`.`deleted_at` is null order by `id` desc limit 1
2018-06-19 20:15:44: select * from `doctors` where `users_id` = 16 and `doctors`.`deleted_at` is null limit 1
2018-06-19 20:15:44: select * from `services` where `members_id` = '56' and `payment_status` = 1 and `services`.`deleted_at` is null order by `id` desc limit 1
2018-06-19 20:15:44: select * from `doctors` where `users_id` = 11 and `doctors`.`deleted_at` is null limit 1
2018-06-19 20:15:44: select * from `services` where `members_id` = '56' and `payment_status` = 1 and `services`.`deleted_at` is null order by `id` desc limit 1
2018-06-19 20:15:44: select * from `doctors` where `users_id` = 9 and `doctors`.`deleted_at` is null limit 1
2018-06-19 20:15:44: select * from `services` where `members_id` = '56' and `payment_status` = 1 and `services`.`deleted_at` is null order by `id` desc limit 1
2018-06-19 20:15:44: select * from `doctors` where `users_id` = 21 and `doctors`.`deleted_at` is null limit 1
2018-06-19 20:15:44: select * from `services` where `members_id` = '56' and `payment_status` = 1 and `services`.`deleted_at` is null order by `id` desc limit 1
2018-06-19 20:15:44: select * from `doctors` where `users_id` = 12 and `doctors`.`deleted_at` is null limit 1
2018-06-19 20:15:44: select * from `services` where `members_id` = '56' and `payment_status` = 1 and `services`.`deleted_at` is null order by `id` desc limit 1
2018-06-19 20:15:44: select * from `doctors` where `users_id` = 13 and `doctors`.`deleted_at` is null limit 1
2018-06-19 20:15:44: select * from `services` where `members_id` = '56' and `payment_status` = 1 and `services`.`deleted_at` is null order by `id` desc limit 1
2018-06-19 20:15:44: select * from `doctors` where `users_id` = 14 and `doctors`.`deleted_at` is null limit 1
2018-06-19 20:15:44: select * from `services` where `members_id` = '56' and `payment_status` = 1 and `services`.`deleted_at` is null order by `id` desc limit 1
2018-06-19 20:15:44: select * from `doctors` where `users_id` = 15 and `doctors`.`deleted_at` is null limit 1
2018-06-19 20:15:44: select * from `services` where `members_id` = '56' and `payment_status` = 1 and `services`.`deleted_at` is null order by `id` desc limit 1
2018-06-19 20:15:44: select * from `doctors` where `users_id` = 17 and `doctors`.`deleted_at` is null limit 1
2018-06-19 20:15:44: select * from `services` where `members_id` = '56' and `payment_status` = 1 and `services`.`deleted_at` is null order by `id` desc limit 1
2018-06-19 20:15:44: select * from `doctors` where `users_id` = 22 and `doctors`.`deleted_at` is null limit 1
2018-06-19 20:15:44: select * from `services` where `members_id` = '56' and `payment_status` = 1 and `services`.`deleted_at` is null order by `id` desc limit 1
2018-06-19 20:15:44: select * from `doctors` where `users_id` = 23 and `doctors`.`deleted_at` is null limit 1
2018-06-19 20:15:44: select * from `services` where `members_id` = '56' and `payment_status` = 1 and `services`.`deleted_at` is null order by `id` desc limit 1
2018-06-19 20:15:44: select * from `doctors` where `users_id` = 25 and `doctors`.`deleted_at` is null limit 1
2018-06-19 20:15:44: select * from `services` where `members_id` = '56' and `payment_status` = 1 and `services`.`deleted_at` is null order by `id` desc limit 1
2018-06-19 20:15:44: select * from `doctors` where `users_id` = 26 and `doctors`.`deleted_at` is null limit 1
2018-06-19 20:15:44: select * from `services` where `members_id` = '56' and `payment_status` = 1 and `services`.`deleted_at` is null order by `id` desc limit 1
2018-06-19 20:16:26: select count(*) as aggregate from `users` where `id` = '56'
2018-06-19 20:16:26: select * from `users` where `id` = '56' and `users`.`deleted_at` is null limit 1
2018-06-19 20:16:26: select * from `users` where `city_id` = 1 and `login_type` = '2' and `online` = 1 and `users`.`deleted_at` is null order by `online_at` desc
2018-06-19 20:16:26: select * from `messages` where `source` = 'doctor' and `started_at` is not null and `messages`.`doctors_id` in (2, 9, 11, 12, 13, 14, 15, 16, 17, 21, 22, 23, 24, 25, 26, 44, 45) and `members_id` = '56' order by `started_at` desc
2018-06-19 20:16:26: select * from `doctors` where `users_id` = 45 and `doctors`.`deleted_at` is null limit 1
2018-06-19 20:16:26: select * from `services` where `members_id` = '56' and `payment_status` = 1 and `services`.`deleted_at` is null order by `id` desc limit 1
2018-06-19 20:16:26: select * from `doctors` where `users_id` = 44 and `doctors`.`deleted_at` is null limit 1
2018-06-19 20:16:26: select * from `services` where `members_id` = '56' and `payment_status` = 1 and `services`.`deleted_at` is null order by `id` desc limit 1
2018-06-19 20:16:26: select * from `doctors` where `users_id` = 2 and `doctors`.`deleted_at` is null limit 1
2018-06-19 20:16:26: select * from `services` where `members_id` = '56' and `payment_status` = 1 and `services`.`deleted_at` is null order by `id` desc limit 1
2018-06-19 20:16:26: select * from `doctors` where `users_id` = 24 and `doctors`.`deleted_at` is null limit 1
2018-06-19 20:16:26: select * from `services` where `members_id` = '56' and `payment_status` = 1 and `services`.`deleted_at` is null order by `id` desc limit 1
2018-06-19 20:16:26: select * from `doctors` where `users_id` = 16 and `doctors`.`deleted_at` is null limit 1
2018-06-19 20:16:26: select * from `services` where `members_id` = '56' and `payment_status` = 1 and `services`.`deleted_at` is null order by `id` desc limit 1
2018-06-19 20:16:26: select * from `doctors` where `users_id` = 11 and `doctors`.`deleted_at` is null limit 1
2018-06-19 20:16:26: select * from `services` where `members_id` = '56' and `payment_status` = 1 and `services`.`deleted_at` is null order by `id` desc limit 1
2018-06-19 20:16:26: select * from `doctors` where `users_id` = 9 and `doctors`.`deleted_at` is null limit 1
2018-06-19 20:16:26: select * from `services` where `members_id` = '56' and `payment_status` = 1 and `services`.`deleted_at` is null order by `id` desc limit 1
2018-06-19 20:16:26: select * from `doctors` where `users_id` = 21 and `doctors`.`deleted_at` is null limit 1
2018-06-19 20:16:26: select * from `services` where `members_id` = '56' and `payment_status` = 1 and `services`.`deleted_at` is null order by `id` desc limit 1
2018-06-19 20:16:26: select * from `doctors` where `users_id` = 12 and `doctors`.`deleted_at` is null limit 1
2018-06-19 20:16:26: select * from `services` where `members_id` = '56' and `payment_status` = 1 and `services`.`deleted_at` is null order by `id` desc limit 1
2018-06-19 20:16:26: select * from `doctors` where `users_id` = 13 and `doctors`.`deleted_at` is null limit 1
2018-06-19 20:16:26: select * from `services` where `members_id` = '56' and `payment_status` = 1 and `services`.`deleted_at` is null order by `id` desc limit 1
2018-06-19 20:16:26: select * from `doctors` where `users_id` = 14 and `doctors`.`deleted_at` is null limit 1
2018-06-19 20:16:26: select * from `services` where `members_id` = '56' and `payment_status` = 1 and `services`.`deleted_at` is null order by `id` desc limit 1
2018-06-19 20:16:26: select * from `doctors` where `users_id` = 15 and `doctors`.`deleted_at` is null limit 1
2018-06-19 20:16:26: select * from `services` where `members_id` = '56' and `payment_status` = 1 and `services`.`deleted_at` is null order by `id` desc limit 1
2018-06-19 20:16:26: select * from `doctors` where `users_id` = 17 and `doctors`.`deleted_at` is null limit 1
2018-06-19 20:16:26: select * from `services` where `members_id` = '56' and `payment_status` = 1 and `services`.`deleted_at` is null order by `id` desc limit 1
2018-06-19 20:16:26: select * from `doctors` where `users_id` = 22 and `doctors`.`deleted_at` is null limit 1
2018-06-19 20:16:26: select * from `services` where `members_id` = '56' and `payment_status` = 1 and `services`.`deleted_at` is null order by `id` desc limit 1
2018-06-19 20:16:26: select * from `doctors` where `users_id` = 23 and `doctors`.`deleted_at` is null limit 1
2018-06-19 20:16:26: select * from `services` where `members_id` = '56' and `payment_status` = 1 and `services`.`deleted_at` is null order by `id` desc limit 1
2018-06-19 20:16:26: select * from `doctors` where `users_id` = 25 and `doctors`.`deleted_at` is null limit 1
2018-06-19 20:16:26: select * from `services` where `members_id` = '56' and `payment_status` = 1 and `services`.`deleted_at` is null order by `id` desc limit 1
2018-06-19 20:16:26: select * from `doctors` where `users_id` = 26 and `doctors`.`deleted_at` is null limit 1
2018-06-19 20:16:26: select * from `services` where `members_id` = '56' and `payment_status` = 1 and `services`.`deleted_at` is null order by `id` desc limit 1
2018-06-19 20:16:28: select count(*) as aggregate from `users` where `id` = '57'
2018-06-19 20:16:28: select * from `users` where `id` = '57' and `users`.`deleted_at` is null limit 1
2018-06-19 20:16:28: select * from `users` where `city_id` = 18 and `login_type` = '2' and `online` = 1 and `users`.`deleted_at` is null order by `online_at` desc
2018-06-19 20:16:28: select * from `messages` where `source` = 'doctor' and `started_at` is not null and `messages`.`doctors_id` in (5, 6) and `members_id` = '57' order by `started_at` desc
2018-06-19 20:16:28: select * from `doctors` where `users_id` = 5 and `doctors`.`deleted_at` is null limit 1
2018-06-19 20:16:28: select * from `services` where `members_id` = '57' and `payment_status` = 1 and `services`.`deleted_at` is null order by `id` desc limit 1
2018-06-19 20:16:28: select * from `doctors` where `users_id` = 6 and `doctors`.`deleted_at` is null limit 1
2018-06-19 20:16:28: select * from `services` where `members_id` = '57' and `payment_status` = 1 and `services`.`deleted_at` is null order by `id` desc limit 1
2018-06-19 20:16:31: select count(*) as aggregate from `users` where `id` = '56'
2018-06-19 20:16:31: select * from `users` where `id` = '56' and `users`.`deleted_at` is null limit 1
2018-06-19 20:16:31: select * from `users` where `city_id` = 1 and `login_type` = '2' and `online` = 1 and `users`.`deleted_at` is null order by `online_at` desc
2018-06-19 20:16:31: select * from `messages` where `source` = 'doctor' and `started_at` is not null and `messages`.`doctors_id` in (2, 9, 11, 12, 13, 14, 15, 16, 17, 21, 22, 23, 24, 25, 26, 44, 45) and `members_id` = '56' order by `started_at` desc
2018-06-19 20:16:31: select * from `doctors` where `users_id` = 45 and `doctors`.`deleted_at` is null limit 1
2018-06-19 20:16:31: select * from `services` where `members_id` = '56' and `payment_status` = 1 and `services`.`deleted_at` is null order by `id` desc limit 1
2018-06-19 20:16:31: select * from `doctors` where `users_id` = 44 and `doctors`.`deleted_at` is null limit 1
2018-06-19 20:16:31: select * from `services` where `members_id` = '56' and `payment_status` = 1 and `services`.`deleted_at` is null order by `id` desc limit 1
2018-06-19 20:16:31: select * from `doctors` where `users_id` = 2 and `doctors`.`deleted_at` is null limit 1
2018-06-19 20:16:31: select * from `services` where `members_id` = '56' and `payment_status` = 1 and `services`.`deleted_at` is null order by `id` desc limit 1
2018-06-19 20:16:31: select * from `doctors` where `users_id` = 24 and `doctors`.`deleted_at` is null limit 1
2018-06-19 20:16:31: select * from `services` where `members_id` = '56' and `payment_status` = 1 and `services`.`deleted_at` is null order by `id` desc limit 1
2018-06-19 20:16:31: select * from `doctors` where `users_id` = 16 and `doctors`.`deleted_at` is null limit 1
2018-06-19 20:16:31: select * from `services` where `members_id` = '56' and `payment_status` = 1 and `services`.`deleted_at` is null order by `id` desc limit 1
2018-06-19 20:16:31: select * from `doctors` where `users_id` = 11 and `doctors`.`deleted_at` is null limit 1
2018-06-19 20:16:31: select * from `services` where `members_id` = '56' and `payment_status` = 1 and `services`.`deleted_at` is null order by `id` desc limit 1
2018-06-19 20:16:31: select * from `doctors` where `users_id` = 9 and `doctors`.`deleted_at` is null limit 1
2018-06-19 20:16:31: select * from `services` where `members_id` = '56' and `payment_status` = 1 and `services`.`deleted_at` is null order by `id` desc limit 1
2018-06-19 20:16:31: select * from `doctors` where `users_id` = 21 and `doctors`.`deleted_at` is null limit 1
2018-06-19 20:16:31: select * from `services` where `members_id` = '56' and `payment_status` = 1 and `services`.`deleted_at` is null order by `id` desc limit 1
2018-06-19 20:16:31: select * from `doctors` where `users_id` = 12 and `doctors`.`deleted_at` is null limit 1
2018-06-19 20:16:31: select * from `services` where `members_id` = '56' and `payment_status` = 1 and `services`.`deleted_at` is null order by `id` desc limit 1
2018-06-19 20:16:31: select * from `doctors` where `users_id` = 13 and `doctors`.`deleted_at` is null limit 1
2018-06-19 20:16:31: select * from `services` where `members_id` = '56' and `payment_status` = 1 and `services`.`deleted_at` is null order by `id` desc limit 1
2018-06-19 20:16:31: select * from `doctors` where `users_id` = 14 and `doctors`.`deleted_at` is null limit 1
2018-06-19 20:16:31: select * from `services` where `members_id` = '56' and `payment_status` = 1 and `services`.`deleted_at` is null order by `id` desc limit 1
2018-06-19 20:16:31: select * from `doctors` where `users_id` = 15 and `doctors`.`deleted_at` is null limit 1
2018-06-19 20:16:31: select * from `services` where `members_id` = '56' and `payment_status` = 1 and `services`.`deleted_at` is null order by `id` desc limit 1
2018-06-19 20:16:31: select * from `doctors` where `users_id` = 17 and `doctors`.`deleted_at` is null limit 1
2018-06-19 20:16:31: select * from `services` where `members_id` = '56' and `payment_status` = 1 and `services`.`deleted_at` is null order by `id` desc limit 1
2018-06-19 20:16:31: select * from `doctors` where `users_id` = 22 and `doctors`.`deleted_at` is null limit 1
2018-06-19 20:16:31: select * from `services` where `members_id` = '56' and `payment_status` = 1 and `services`.`deleted_at` is null order by `id` desc limit 1
2018-06-19 20:16:31: select * from `doctors` where `users_id` = 23 and `doctors`.`deleted_at` is null limit 1
2018-06-19 20:16:31: select * from `services` where `members_id` = '56' and `payment_status` = 1 and `services`.`deleted_at` is null order by `id` desc limit 1
2018-06-19 20:16:31: select * from `doctors` where `users_id` = 25 and `doctors`.`deleted_at` is null limit 1
2018-06-19 20:16:31: select * from `services` where `members_id` = '56' and `payment_status` = 1 and `services`.`deleted_at` is null order by `id` desc limit 1
2018-06-19 20:16:31: select * from `doctors` where `users_id` = 26 and `doctors`.`deleted_at` is null limit 1
2018-06-19 20:16:31: select * from `services` where `members_id` = '56' and `payment_status` = 1 and `services`.`deleted_at` is null order by `id` desc limit 1
2018-06-19 20:18:18: select count(*) as aggregate from `users` where `id` = '57'
2018-06-19 20:18:18: select count(*) as aggregate from `users` where `id` = '57'
2018-06-19 20:18:18: select * from `users` where `id` = '57' and `users`.`deleted_at` is null limit 1
2018-06-19 20:18:18: select * from `users` where `id` = '57' and `users`.`deleted_at` is null limit 1
2018-06-19 20:18:18: select * from `users` where `city_id` = 18 and `login_type` = '2' and `online` = 1 and `users`.`deleted_at` is null order by `online_at` desc
2018-06-19 20:18:18: select * from `users` where `city_id` = 18 and `login_type` = '2' and `online` = 1 and `users`.`deleted_at` is null order by `online_at` desc
2018-06-19 20:18:18: select * from `messages` where `source` = 'doctor' and `started_at` is not null and `messages`.`doctors_id` in (5, 6) and `members_id` = '57' order by `started_at` desc
2018-06-19 20:18:18: select * from `messages` where `source` = 'doctor' and `started_at` is not null and `messages`.`doctors_id` in (5, 6) and `members_id` = '57' order by `started_at` desc
2018-06-19 20:18:18: select * from `doctors` where `users_id` = 5 and `doctors`.`deleted_at` is null limit 1
2018-06-19 20:18:18: select * from `doctors` where `users_id` = 5 and `doctors`.`deleted_at` is null limit 1
2018-06-19 20:18:18: select * from `services` where `members_id` = '57' and `payment_status` = 1 and `services`.`deleted_at` is null order by `id` desc limit 1
2018-06-19 20:18:18: select * from `services` where `members_id` = '57' and `payment_status` = 1 and `services`.`deleted_at` is null order by `id` desc limit 1
2018-06-19 20:18:18: select * from `doctors` where `users_id` = 6 and `doctors`.`deleted_at` is null limit 1
2018-06-19 20:18:18: select * from `doctors` where `users_id` = 6 and `doctors`.`deleted_at` is null limit 1
2018-06-19 20:18:18: select * from `services` where `members_id` = '57' and `payment_status` = 1 and `services`.`deleted_at` is null order by `id` desc limit 1
2018-06-19 20:18:18: select * from `services` where `members_id` = '57' and `payment_status` = 1 and `services`.`deleted_at` is null order by `id` desc limit 1
2018-06-19 20:18:20: select count(*) as aggregate from `users` where `id` = '57'
2018-06-19 20:18:20: select * from `users` where `id` = '57' and `users`.`deleted_at` is null limit 1
2018-06-19 20:18:20: select * from `users` where `city_id` = 18 and `login_type` = '2' and `online` = 1 and `users`.`deleted_at` is null order by `online_at` desc
2018-06-19 20:18:20: select * from `messages` where `source` = 'doctor' and `started_at` is not null and `messages`.`doctors_id` in (5, 6) and `members_id` = '57' order by `started_at` desc
2018-06-19 20:18:20: select * from `doctors` where `users_id` = 5 and `doctors`.`deleted_at` is null limit 1
2018-06-19 20:18:20: select * from `services` where `members_id` = '57' and `payment_status` = 1 and `services`.`deleted_at` is null order by `id` desc limit 1
2018-06-19 20:18:20: select * from `doctors` where `users_id` = 6 and `doctors`.`deleted_at` is null limit 1
2018-06-19 20:18:20: select * from `services` where `members_id` = '57' and `payment_status` = 1 and `services`.`deleted_at` is null order by `id` desc limit 1
2018-06-19 20:18:20: select count(*) as aggregate from `users` where `id` = '57'
2018-06-19 20:18:20: select * from `users` where `id` = '57' and `users`.`deleted_at` is null limit 1
2018-06-19 20:18:20: select * from `users` where `city_id` = 18 and `login_type` = '2' and `online` = 1 and `users`.`deleted_at` is null order by `online_at` desc
2018-06-19 20:18:20: select * from `messages` where `source` = 'doctor' and `started_at` is not null and `messages`.`doctors_id` in (5, 6) and `members_id` = '57' order by `started_at` desc
2018-06-19 20:18:20: select * from `doctors` where `users_id` = 5 and `doctors`.`deleted_at` is null limit 1
2018-06-19 20:18:20: select * from `services` where `members_id` = '57' and `payment_status` = 1 and `services`.`deleted_at` is null order by `id` desc limit 1
2018-06-19 20:18:20: select * from `doctors` where `users_id` = 6 and `doctors`.`deleted_at` is null limit 1
2018-06-19 20:18:20: select * from `services` where `members_id` = '57' and `payment_status` = 1 and `services`.`deleted_at` is null order by `id` desc limit 1
2018-06-19 20:18:22: select count(*) as aggregate from `users` where `id` = '57'
2018-06-19 20:18:22: select * from `users` where `id` = '57' and `users`.`deleted_at` is null limit 1
2018-06-19 20:18:22: select * from `users` where `city_id` = 18 and `login_type` = '2' and `online` = 1 and `users`.`deleted_at` is null order by `online_at` desc
2018-06-19 20:18:22: select * from `messages` where `source` = 'doctor' and `started_at` is not null and `messages`.`doctors_id` in (5, 6) and `members_id` = '57' order by `started_at` desc
2018-06-19 20:18:22: select * from `doctors` where `users_id` = 5 and `doctors`.`deleted_at` is null limit 1
2018-06-19 20:18:22: select * from `services` where `members_id` = '57' and `payment_status` = 1 and `services`.`deleted_at` is null order by `id` desc limit 1
2018-06-19 20:18:22: select * from `doctors` where `users_id` = 6 and `doctors`.`deleted_at` is null limit 1
2018-06-19 20:18:22: select * from `services` where `members_id` = '57' and `payment_status` = 1 and `services`.`deleted_at` is null order by `id` desc limit 1
2018-06-19 20:18:22: select count(*) as aggregate from `users` where `id` = '57'
2018-06-19 20:18:22: select * from `users` where `id` = '57' and `users`.`deleted_at` is null limit 1
2018-06-19 20:18:22: select * from `users` where `city_id` = 18 and `login_type` = '2' and `online` = 1 and `users`.`deleted_at` is null order by `online_at` desc
2018-06-19 20:18:22: select * from `messages` where `source` = 'doctor' and `started_at` is not null and `messages`.`doctors_id` in (5, 6) and `members_id` = '57' order by `started_at` desc
2018-06-19 20:18:22: select * from `doctors` where `users_id` = 5 and `doctors`.`deleted_at` is null limit 1
2018-06-19 20:18:22: select * from `services` where `members_id` = '57' and `payment_status` = 1 and `services`.`deleted_at` is null order by `id` desc limit 1
2018-06-19 20:18:22: select * from `doctors` where `users_id` = 6 and `doctors`.`deleted_at` is null limit 1
2018-06-19 20:18:22: select * from `services` where `members_id` = '57' and `payment_status` = 1 and `services`.`deleted_at` is null order by `id` desc limit 1
2018-06-19 20:18:25: select count(*) as aggregate from `users` where `id` = '57'
2018-06-19 20:18:25: select * from `users` where `id` = '57' and `users`.`deleted_at` is null limit 1
2018-06-19 20:18:25: select * from `users` where `city_id` = 18 and `login_type` = '2' and `online` = 1 and `users`.`deleted_at` is null order by `online_at` desc
2018-06-19 20:18:25: select * from `messages` where `source` = 'doctor' and `started_at` is not null and `messages`.`doctors_id` in (5, 6) and `members_id` = '57' order by `started_at` desc
2018-06-19 20:18:25: select * from `doctors` where `users_id` = 5 and `doctors`.`deleted_at` is null limit 1
2018-06-19 20:18:25: select * from `services` where `members_id` = '57' and `payment_status` = 1 and `services`.`deleted_at` is null order by `id` desc limit 1
2018-06-19 20:18:25: select * from `doctors` where `users_id` = 6 and `doctors`.`deleted_at` is null limit 1
2018-06-19 20:18:25: select * from `services` where `members_id` = '57' and `payment_status` = 1 and `services`.`deleted_at` is null order by `id` desc limit 1
2018-06-19 20:18:25: select count(*) as aggregate from `users` where `id` = '57'
2018-06-19 20:18:25: select * from `users` where `id` = '57' and `users`.`deleted_at` is null limit 1
2018-06-19 20:18:25: select * from `users` where `city_id` = 18 and `login_type` = '2' and `online` = 1 and `users`.`deleted_at` is null order by `online_at` desc
2018-06-19 20:18:25: select * from `messages` where `source` = 'doctor' and `started_at` is not null and `messages`.`doctors_id` in (5, 6) and `members_id` = '57' order by `started_at` desc
2018-06-19 20:18:25: select * from `doctors` where `users_id` = 5 and `doctors`.`deleted_at` is null limit 1
2018-06-19 20:18:25: select * from `services` where `members_id` = '57' and `payment_status` = 1 and `services`.`deleted_at` is null order by `id` desc limit 1
2018-06-19 20:18:25: select * from `doctors` where `users_id` = 6 and `doctors`.`deleted_at` is null limit 1
2018-06-19 20:18:25: select * from `services` where `members_id` = '57' and `payment_status` = 1 and `services`.`deleted_at` is null order by `id` desc limit 1
2018-06-19 20:18:32: select count(*) as aggregate from `users` where `id` = '57'
2018-06-19 20:18:32: select * from `users` where `id` = '57' and `users`.`deleted_at` is null limit 1
2018-06-19 20:18:32: select * from `users` where `city_id` = 18 and `login_type` = '2' and `online` = 1 and `users`.`deleted_at` is null order by `online_at` desc
2018-06-19 20:18:32: select * from `messages` where `source` = 'doctor' and `started_at` is not null and `messages`.`doctors_id` in (5, 6) and `members_id` = '57' order by `started_at` desc
2018-06-19 20:18:32: select * from `doctors` where `users_id` = 5 and `doctors`.`deleted_at` is null limit 1
2018-06-19 20:18:32: select * from `services` where `members_id` = '57' and `payment_status` = 1 and `services`.`deleted_at` is null order by `id` desc limit 1
2018-06-19 20:18:32: select * from `doctors` where `users_id` = 6 and `doctors`.`deleted_at` is null limit 1
2018-06-19 20:18:32: select * from `services` where `members_id` = '57' and `payment_status` = 1 and `services`.`deleted_at` is null order by `id` desc limit 1
2018-06-19 20:18:32: select count(*) as aggregate from `users` where `id` = '57'
2018-06-19 20:18:32: select * from `users` where `id` = '57' and `users`.`deleted_at` is null limit 1
2018-06-19 20:18:32: select * from `users` where `city_id` = 18 and `login_type` = '2' and `online` = 1 and `users`.`deleted_at` is null order by `online_at` desc
2018-06-19 20:18:32: select * from `messages` where `source` = 'doctor' and `started_at` is not null and `messages`.`doctors_id` in (5, 6) and `members_id` = '57' order by `started_at` desc
2018-06-19 20:18:32: select * from `doctors` where `users_id` = 5 and `doctors`.`deleted_at` is null limit 1
2018-06-19 20:18:32: select * from `services` where `members_id` = '57' and `payment_status` = 1 and `services`.`deleted_at` is null order by `id` desc limit 1
2018-06-19 20:18:32: select * from `doctors` where `users_id` = 6 and `doctors`.`deleted_at` is null limit 1
2018-06-19 20:18:32: select * from `services` where `members_id` = '57' and `payment_status` = 1 and `services`.`deleted_at` is null order by `id` desc limit 1
2018-06-19 20:18:33: select count(*) as aggregate from `users` where `id` = '57'
2018-06-19 20:18:33: select * from `users` where `id` = '57' and `users`.`deleted_at` is null limit 1
2018-06-19 20:18:33: select * from `users` where `city_id` = 18 and `login_type` = '2' and `online` = 1 and `users`.`deleted_at` is null order by `online_at` desc
2018-06-19 20:18:33: select * from `messages` where `source` = 'doctor' and `started_at` is not null and `messages`.`doctors_id` in (5, 6) and `members_id` = '57' order by `started_at` desc
2018-06-19 20:18:33: select * from `doctors` where `users_id` = 5 and `doctors`.`deleted_at` is null limit 1
2018-06-19 20:18:33: select * from `services` where `members_id` = '57' and `payment_status` = 1 and `services`.`deleted_at` is null order by `id` desc limit 1
2018-06-19 20:18:33: select * from `doctors` where `users_id` = 6 and `doctors`.`deleted_at` is null limit 1
2018-06-19 20:18:33: select * from `services` where `members_id` = '57' and `payment_status` = 1 and `services`.`deleted_at` is null order by `id` desc limit 1
2018-06-19 20:18:33: select count(*) as aggregate from `users` where `id` = '57'
2018-06-19 20:18:33: select * from `users` where `id` = '57' and `users`.`deleted_at` is null limit 1
2018-06-19 20:18:33: select * from `users` where `city_id` = 18 and `login_type` = '2' and `online` = 1 and `users`.`deleted_at` is null order by `online_at` desc
2018-06-19 20:18:33: select * from `messages` where `source` = 'doctor' and `started_at` is not null and `messages`.`doctors_id` in (5, 6) and `members_id` = '57' order by `started_at` desc
2018-06-19 20:18:33: select * from `doctors` where `users_id` = 5 and `doctors`.`deleted_at` is null limit 1
2018-06-19 20:18:33: select * from `services` where `members_id` = '57' and `payment_status` = 1 and `services`.`deleted_at` is null order by `id` desc limit 1
2018-06-19 20:18:33: select * from `doctors` where `users_id` = 6 and `doctors`.`deleted_at` is null limit 1
2018-06-19 20:18:33: select * from `services` where `members_id` = '57' and `payment_status` = 1 and `services`.`deleted_at` is null order by `id` desc limit 1
2018-06-19 20:18:35: select count(*) as aggregate from `users` where `id` = '57'
2018-06-19 20:18:35: select * from `users` where `id` = '57' and `users`.`deleted_at` is null limit 1
2018-06-19 20:18:35: select * from `users` where `city_id` = 18 and `login_type` = '2' and `online` = 1 and `users`.`deleted_at` is null order by `online_at` desc
2018-06-19 20:18:35: select * from `messages` where `source` = 'doctor' and `started_at` is not null and `messages`.`doctors_id` in (5, 6) and `members_id` = '57' order by `started_at` desc
2018-06-19 20:18:35: select * from `doctors` where `users_id` = 5 and `doctors`.`deleted_at` is null limit 1
2018-06-19 20:18:35: select * from `services` where `members_id` = '57' and `payment_status` = 1 and `services`.`deleted_at` is null order by `id` desc limit 1
2018-06-19 20:18:35: select * from `doctors` where `users_id` = 6 and `doctors`.`deleted_at` is null limit 1
2018-06-19 20:18:35: select * from `services` where `members_id` = '57' and `payment_status` = 1 and `services`.`deleted_at` is null order by `id` desc limit 1
2018-06-19 20:18:35: select count(*) as aggregate from `users` where `id` = '57'
2018-06-19 20:18:35: select * from `users` where `id` = '57' and `users`.`deleted_at` is null limit 1
2018-06-19 20:18:35: select * from `users` where `city_id` = 18 and `login_type` = '2' and `online` = 1 and `users`.`deleted_at` is null order by `online_at` desc
2018-06-19 20:18:35: select * from `messages` where `source` = 'doctor' and `started_at` is not null and `messages`.`doctors_id` in (5, 6) and `members_id` = '57' order by `started_at` desc
2018-06-19 20:18:35: select * from `doctors` where `users_id` = 5 and `doctors`.`deleted_at` is null limit 1
2018-06-19 20:18:35: select * from `services` where `members_id` = '57' and `payment_status` = 1 and `services`.`deleted_at` is null order by `id` desc limit 1
2018-06-19 20:18:35: select * from `doctors` where `users_id` = 6 and `doctors`.`deleted_at` is null limit 1
2018-06-19 20:18:35: select * from `services` where `members_id` = '57' and `payment_status` = 1 and `services`.`deleted_at` is null order by `id` desc limit 1
2018-06-19 20:18:39: select count(*) as aggregate from `users` where `id` = '57'
2018-06-19 20:18:39: select * from `users` where `id` = '57' and `users`.`deleted_at` is null limit 1
2018-06-19 20:18:39: select * from `users` where `city_id` = 18 and `login_type` = '2' and `online` = 1 and `users`.`deleted_at` is null order by `online_at` desc
2018-06-19 20:18:39: select * from `messages` where `source` = 'doctor' and `started_at` is not null and `messages`.`doctors_id` in (5, 6) and `members_id` = '57' order by `started_at` desc
2018-06-19 20:18:39: select * from `doctors` where `users_id` = 5 and `doctors`.`deleted_at` is null limit 1
2018-06-19 20:18:39: select * from `services` where `members_id` = '57' and `payment_status` = 1 and `services`.`deleted_at` is null order by `id` desc limit 1
2018-06-19 20:18:39: select * from `doctors` where `users_id` = 6 and `doctors`.`deleted_at` is null limit 1
2018-06-19 20:18:39: select * from `services` where `members_id` = '57' and `payment_status` = 1 and `services`.`deleted_at` is null order by `id` desc limit 1
2018-06-19 20:18:39: select count(*) as aggregate from `users` where `id` = '57'
2018-06-19 20:18:39: select * from `users` where `id` = '57' and `users`.`deleted_at` is null limit 1
2018-06-19 20:18:39: select * from `users` where `city_id` = 18 and `login_type` = '2' and `online` = 1 and `users`.`deleted_at` is null order by `online_at` desc
2018-06-19 20:18:39: select * from `messages` where `source` = 'doctor' and `started_at` is not null and `messages`.`doctors_id` in (5, 6) and `members_id` = '57' order by `started_at` desc
2018-06-19 20:18:39: select * from `doctors` where `users_id` = 5 and `doctors`.`deleted_at` is null limit 1
2018-06-19 20:18:39: select * from `services` where `members_id` = '57' and `payment_status` = 1 and `services`.`deleted_at` is null order by `id` desc limit 1
2018-06-19 20:18:39: select * from `doctors` where `users_id` = 6 and `doctors`.`deleted_at` is null limit 1
2018-06-19 20:18:39: select * from `services` where `members_id` = '57' and `payment_status` = 1 and `services`.`deleted_at` is null order by `id` desc limit 1
2018-06-19 20:18:42: select count(*) as aggregate from `users` where `id` = '57'
2018-06-19 20:18:42: select count(*) as aggregate from `users` where `id` = '57'
2018-06-19 20:18:42: select * from `users` where `id` = '57' and `users`.`deleted_at` is null limit 1
2018-06-19 20:18:42: select * from `users` where `id` = '57' and `users`.`deleted_at` is null limit 1
2018-06-19 20:18:42: select * from `users` where `city_id` = 18 and `login_type` = '2' and `online` = 1 and `users`.`deleted_at` is null order by `online_at` desc
2018-06-19 20:18:42: select * from `users` where `city_id` = 18 and `login_type` = '2' and `online` = 1 and `users`.`deleted_at` is null order by `online_at` desc
2018-06-19 20:18:42: select * from `messages` where `source` = 'doctor' and `started_at` is not null and `messages`.`doctors_id` in (5, 6) and `members_id` = '57' order by `started_at` desc
2018-06-19 20:18:42: select * from `messages` where `source` = 'doctor' and `started_at` is not null and `messages`.`doctors_id` in (5, 6) and `members_id` = '57' order by `started_at` desc
2018-06-19 20:18:42: select * from `doctors` where `users_id` = 5 and `doctors`.`deleted_at` is null limit 1
2018-06-19 20:18:42: select * from `doctors` where `users_id` = 5 and `doctors`.`deleted_at` is null limit 1
2018-06-19 20:18:42: select * from `services` where `members_id` = '57' and `payment_status` = 1 and `services`.`deleted_at` is null order by `id` desc limit 1
2018-06-19 20:18:42: select * from `services` where `members_id` = '57' and `payment_status` = 1 and `services`.`deleted_at` is null order by `id` desc limit 1
2018-06-19 20:18:42: select * from `doctors` where `users_id` = 6 and `doctors`.`deleted_at` is null limit 1
2018-06-19 20:18:42: select * from `doctors` where `users_id` = 6 and `doctors`.`deleted_at` is null limit 1
2018-06-19 20:18:42: select * from `services` where `members_id` = '57' and `payment_status` = 1 and `services`.`deleted_at` is null order by `id` desc limit 1
2018-06-19 20:18:42: select * from `services` where `members_id` = '57' and `payment_status` = 1 and `services`.`deleted_at` is null order by `id` desc limit 1
