2018-08-16 16:43:21: select * from `users` where `id` = '44' and `users`.`deleted_at` is null limit 1
2018-08-16 16:43:21: select * from `doctors` where `doctors`.`users_id` = 44 and `doctors`.`users_id` is not null and `doctors`.`deleted_at` is null limit 1
2018-08-16 16:43:21: select count(*) as aggregate from `member_requests` where `member_requests`.`deleted_at` is null
2018-08-16 16:43:21: select count(*) as aggregate from `member_request_doctors` where `doctors_id` = '44'
2018-08-16 16:43:21: select count(*) as aggregate from `services` where `doctors_id` = '44' and `opened_at` is null and `services`.`deleted_at` is null
2018-08-16 16:43:21: select * from `messages` where `doctors_id` = '44' and `doctor_readed_at` is null and `visible` = 1 order by `created_at` desc
2018-08-16 16:43:21: select * from `parameters` where `type` = 'banner'
2018-08-16 16:43:21: select * from `parameters` where `type` = 'setting' and `key` = 'service_email' limit 1
2018-08-16 16:43:29: select * from `users` where `id` = '44' and `users`.`deleted_at` is null limit 1
2018-08-16 16:43:29: select * from `doctors` where `doctors`.`users_id` = 44 and `doctors`.`users_id` is not null and `doctors`.`deleted_at` is null limit 1
2018-08-16 16:43:29: select count(*) as aggregate from `member_requests` where `member_requests`.`deleted_at` is null
2018-08-16 16:43:29: select count(*) as aggregate from `member_request_doctors` where `doctors_id` = '44'
2018-08-16 16:43:29: select count(*) as aggregate from `services` where `doctors_id` = '44' and `opened_at` is null and `services`.`deleted_at` is null
2018-08-16 16:43:29: select * from `messages` where `doctors_id` = '44' and `doctor_readed_at` is null and `visible` = 1 order by `created_at` desc
2018-08-16 16:43:29: select * from `parameters` where `type` = 'banner'
2018-08-16 16:43:29: select * from `parameters` where `type` = 'setting' and `key` = 'service_email' limit 1
2018-08-16 16:43:32: select * from `users` where `id` = '44' and `users`.`deleted_at` is null limit 1
2018-08-16 16:43:32: select * from `doctors` where `doctors`.`users_id` = 44 and `doctors`.`users_id` is not null and `doctors`.`deleted_at` is null limit 1
2018-08-16 16:43:32: select count(*) as aggregate from `member_requests` where `member_requests`.`deleted_at` is null
2018-08-16 16:43:32: select count(*) as aggregate from `member_request_doctors` where `doctors_id` = '44'
2018-08-16 16:43:32: select count(*) as aggregate from `services` where `doctors_id` = '44' and `opened_at` is null and `services`.`deleted_at` is null
2018-08-16 16:43:32: select * from `messages` where `doctors_id` = '44' and `doctor_readed_at` is null and `visible` = 1 order by `created_at` desc
2018-08-16 16:43:32: select * from `parameters` where `type` = 'banner'
2018-08-16 16:43:32: select * from `parameters` where `type` = 'setting' and `key` = 'service_email' limit 1
2018-08-16 16:44:17: select * from `users` where `id` = '44' and `users`.`deleted_at` is null limit 1
2018-08-16 16:44:17: select * from `doctors` where `doctors`.`users_id` = 44 and `doctors`.`users_id` is not null and `doctors`.`deleted_at` is null limit 1
2018-08-16 16:44:17: select count(*) as aggregate from `member_requests` where `member_requests`.`deleted_at` is null
2018-08-16 16:44:17: select count(*) as aggregate from `member_request_doctors` where `doctors_id` = '44'
2018-08-16 16:44:17: select count(*) as aggregate from `services` where `doctors_id` = '44' and `opened_at` is null and `services`.`deleted_at` is null
2018-08-16 16:44:17: select * from `messages` where `doctors_id` = '44' and `doctor_readed_at` is null and `visible` = 1 order by `created_at` desc
2018-08-16 16:44:17: select * from `parameters` where `type` = 'banner'
2018-08-16 16:44:17: select * from `parameters` where `type` = 'setting' and `key` = 'service_email' limit 1
2018-08-16 17:46:37: select * from `users` where `id` = '44' and `users`.`deleted_at` is null limit 1
2018-08-16 17:46:37: select * from `doctors` where `doctors`.`users_id` = 44 and `doctors`.`users_id` is not null and `doctors`.`deleted_at` is null limit 1
2018-08-16 17:46:37: select count(*) as aggregate from `member_requests` where `member_requests`.`deleted_at` is null
2018-08-16 17:46:37: select count(*) as aggregate from `member_request_doctors` where `doctors_id` = '44'
2018-08-16 17:46:37: select count(*) as aggregate from `services` where `doctors_id` = '44' and `opened_at` is null and `services`.`deleted_at` is null
2018-08-16 17:46:37: select * from `messages` where `doctors_id` = '44' and `doctor_readed_at` is null and `visible` = 1 order by `created_at` desc
2018-08-16 17:46:37: select * from `parameters` where `type` = 'banner'
2018-08-16 17:46:37: select * from `parameters` where `type` = 'setting' and `key` = 'service_email' limit 1
2018-08-16 17:47:21: select * from `users` where `id` = '44' and `users`.`deleted_at` is null limit 1
2018-08-16 17:47:21: select * from `doctors` where `doctors`.`users_id` = 44 and `doctors`.`users_id` is not null and `doctors`.`deleted_at` is null limit 1
2018-08-16 17:47:21: select count(*) as aggregate from `member_requests` where `member_requests`.`deleted_at` is null
2018-08-16 17:47:21: select count(*) as aggregate from `member_request_doctors` where `doctors_id` = '44'
2018-08-16 17:47:21: select count(*) as aggregate from `services` where `doctors_id` = '44' and `opened_at` is null and `services`.`deleted_at` is null
2018-08-16 17:47:21: select * from `messages` where `doctors_id` = '44' and `doctor_readed_at` is null and `visible` = 1 order by `created_at` desc
2018-08-16 17:47:21: select * from `parameters` where `type` = 'banner'
2018-08-16 17:47:21: select * from `parameters` where `type` = 'setting' and `key` = 'service_email' limit 1
2018-08-16 17:47:28: select * from `users` where `id` = '44' and `login_type` = 2 and `status` = 1 and `users`.`deleted_at` is null limit 1
2018-08-16 17:47:28: select * from `doctors` where `doctors`.`users_id` in (44) and `doctors`.`deleted_at` is null
2018-08-16 17:47:28: select * from `services` where `doctors_id` = '44' and `members_id` is not null and `services`.`deleted_at` is null
2018-08-16 17:47:28: select * from `services` where `doctors_id` = '44' and `members_id` in (43) and `payment_status` = 1 and `services`.`deleted_at` is null order by `created_at` desc
2018-08-16 17:47:28: select * from `users` where `login_type` = 1 and `users`.`id` in (43) and `users`.`deleted_at` is null
2018-08-16 17:47:28: select * from `parameters` where `type` = 'setting' and `key` = 'treatment_days_1' limit 1
2018-08-16 17:47:28: select * from `parameters` where `type` = 'setting' and `key` = 'treatment_days_1' limit 1
2018-08-16 17:47:28: select * from `parameters` where `type` = 'setting' and `key` = 'treatment_days_1' limit 1
2018-08-16 17:47:28: select * from `parameters` where `type` = 'setting' and `key` = 'message_expire_time' limit 1
2018-08-16 17:47:28: select * from `messages` where `doctors_id` = 44 and `members_id` = 43 and `source` = 'member' order by `created_at` desc limit 1
2018-08-16 17:47:28: select * from `messages` where `doctors_id` = 44 and `members_id` = 43 and `source` = 'doctor' order by `created_at` desc limit 1
2018-08-16 17:47:28: update `services` set `opened_at` = '2018-08-16 17:47:28', `updated_at` = '2018-08-16 17:47:28' where `doctors_id` = '44' and `opened_at` is null and `services`.`deleted_at` is null
2018-08-16 17:47:28: select * from `parameters` where `type` = 'setting' and `key` = 'treatment_days_1' limit 1
2018-08-16 17:47:28: select * from `doctors` where `doctors`.`users_id` = 43 and `doctors`.`users_id` is not null and `doctors`.`deleted_at` is null limit 1
2018-08-16 17:47:36: select * from `users` where `id` = '44' and `login_type` = 2 and `status` = 1 and `users`.`deleted_at` is null limit 1
2018-08-16 17:47:36: select * from `doctors` where `doctors`.`users_id` in (44) and `doctors`.`deleted_at` is null
2018-08-16 17:47:36: select * from `services` where `doctors_id` = '44' and `members_id` is not null and `services`.`deleted_at` is null
2018-08-16 17:47:36: select * from `services` where `doctors_id` = '44' and `members_id` in (43) and `payment_status` = 1 and `services`.`deleted_at` is null order by `created_at` desc
2018-08-16 17:47:36: select * from `users` where `login_type` = 1 and `users`.`id` in (43) and `users`.`deleted_at` is null
2018-08-16 17:47:36: select * from `parameters` where `type` = 'setting' and `key` = 'treatment_days_1' limit 1
2018-08-16 17:47:36: select * from `parameters` where `type` = 'setting' and `key` = 'treatment_days_1' limit 1
2018-08-16 17:47:36: select * from `parameters` where `type` = 'setting' and `key` = 'treatment_days_1' limit 1
2018-08-16 17:47:36: select * from `parameters` where `type` = 'setting' and `key` = 'message_expire_time' limit 1
2018-08-16 17:47:36: select * from `messages` where `doctors_id` = 44 and `members_id` = 43 and `source` = 'member' order by `created_at` desc limit 1
2018-08-16 17:47:36: select * from `messages` where `doctors_id` = 44 and `members_id` = 43 and `source` = 'doctor' order by `created_at` desc limit 1
2018-08-16 17:47:36: update `services` set `opened_at` = '2018-08-16 17:47:36', `updated_at` = '2018-08-16 17:47:36' where `doctors_id` = '44' and `opened_at` is null and `services`.`deleted_at` is null
2018-08-16 17:47:36: select * from `parameters` where `type` = 'setting' and `key` = 'treatment_days_1' limit 1
2018-08-16 17:47:36: select * from `doctors` where `doctors`.`users_id` = 43 and `doctors`.`users_id` is not null and `doctors`.`deleted_at` is null limit 1
2018-08-16 17:47:38: select * from `users` where `id` = '44' and `users`.`deleted_at` is null limit 1
2018-08-16 17:47:38: select * from `doctors` where `doctors`.`users_id` = 44 and `doctors`.`users_id` is not null and `doctors`.`deleted_at` is null limit 1
2018-08-16 17:47:38: select count(*) as aggregate from `member_requests` where `member_requests`.`deleted_at` is null
2018-08-16 17:47:38: select count(*) as aggregate from `member_request_doctors` where `doctors_id` = '44'
2018-08-16 17:47:38: select count(*) as aggregate from `services` where `doctors_id` = '44' and `opened_at` is null and `services`.`deleted_at` is null
2018-08-16 17:47:38: select * from `messages` where `doctors_id` = '44' and `doctor_readed_at` is null and `visible` = 1 order by `created_at` desc
2018-08-16 17:47:38: select * from `parameters` where `type` = 'banner'
2018-08-16 17:47:38: select * from `parameters` where `type` = 'setting' and `key` = 'service_email' limit 1
2018-08-16 17:47:46: select * from `users` where `id` = '44' and `users`.`deleted_at` is null limit 1
2018-08-16 17:47:46: select * from `doctors` where `doctors`.`users_id` = 44 and `doctors`.`users_id` is not null and `doctors`.`deleted_at` is null limit 1
2018-08-16 17:47:53: select * from `users` where `id` = '44' and `users`.`deleted_at` is null limit 1
2018-08-16 17:47:53: select * from `doctors` where `doctors`.`users_id` = 44 and `doctors`.`users_id` is not null and `doctors`.`deleted_at` is null limit 1
2018-08-16 17:47:53: select count(*) as aggregate from `member_requests` where `member_requests`.`deleted_at` is null
2018-08-16 17:47:53: select count(*) as aggregate from `member_request_doctors` where `doctors_id` = '44'
2018-08-16 17:47:53: select count(*) as aggregate from `services` where `doctors_id` = '44' and `opened_at` is null and `services`.`deleted_at` is null
2018-08-16 17:47:53: select * from `messages` where `doctors_id` = '44' and `doctor_readed_at` is null and `visible` = 1 order by `created_at` desc
2018-08-16 17:47:53: select * from `parameters` where `type` = 'banner'
2018-08-16 17:47:53: select * from `parameters` where `type` = 'setting' and `key` = 'service_email' limit 1
2018-08-16 17:48:08: select * from `users` where `id` = '44' and `users`.`deleted_at` is null limit 1
2018-08-16 17:48:08: select * from `doctors` where `doctors`.`users_id` = 44 and `doctors`.`users_id` is not null and `doctors`.`deleted_at` is null limit 1
2018-08-16 17:48:09: select * from `users` where `id` = '44' and `users`.`deleted_at` is null limit 1
2018-08-16 17:48:09: select * from `doctors` where `doctors`.`users_id` = 44 and `doctors`.`users_id` is not null and `doctors`.`deleted_at` is null limit 1
2018-08-16 17:48:09: select count(*) as aggregate from `member_requests` where `member_requests`.`deleted_at` is null
2018-08-16 17:48:09: select count(*) as aggregate from `member_request_doctors` where `doctors_id` = '44'
2018-08-16 17:48:09: select count(*) as aggregate from `services` where `doctors_id` = '44' and `opened_at` is null and `services`.`deleted_at` is null
2018-08-16 17:48:09: select * from `messages` where `doctors_id` = '44' and `doctor_readed_at` is null and `visible` = 1 order by `created_at` desc
2018-08-16 17:48:09: select * from `parameters` where `type` = 'banner'
2018-08-16 17:48:09: select * from `parameters` where `type` = 'setting' and `key` = 'service_email' limit 1
2018-08-16 17:48:11: select * from `users` where `id` = '44' and `login_type` = 2 and `status` = 1 and `users`.`deleted_at` is null limit 1
2018-08-16 17:48:11: select * from `doctors` where `doctors`.`users_id` in (44) and `doctors`.`deleted_at` is null
2018-08-16 17:48:11: select * from `services` where `doctors_id` = '44' and `members_id` is not null and `services`.`deleted_at` is null
2018-08-16 17:48:11: select * from `services` where `doctors_id` = '44' and `members_id` in (43) and `payment_status` in (0, 1) and `services`.`deleted_at` is null order by `created_at` desc
2018-08-16 17:48:11: select * from `users` where `login_type` = 1 and `users`.`id` in (43) and `users`.`deleted_at` is null
2018-08-16 17:48:11: select * from `parameters` where `type` = 'setting' and `key` = 'message_expire_time' limit 1
2018-08-16 17:48:11: select * from `messages` where `doctors_id` = 44 and `members_id` = 43 and `source` = 'member' order by `created_at` desc limit 1
2018-08-16 17:48:11: select * from `messages` where `doctors_id` = 44 and `members_id` = 43 and `source` = 'doctor' order by `created_at` desc limit 1
2018-08-16 17:48:11: update `services` set `opened_at` = '2018-08-16 17:48:11', `updated_at` = '2018-08-16 17:48:11' where `doctors_id` = '44' and `opened_at` is null and `services`.`deleted_at` is null
2018-08-16 17:48:11: select * from `parameters` where `type` = 'setting' and `key` = 'treatment_days_1' limit 1
2018-08-16 17:48:11: select * from `doctors` where `doctors`.`users_id` = 43 and `doctors`.`users_id` is not null and `doctors`.`deleted_at` is null limit 1
2018-08-16 17:48:25: select * from `users` where `id` = '44' and `login_type` = 2 and `status` = 1 and `users`.`deleted_at` is null limit 1
2018-08-16 17:48:25: select * from `doctors` where `doctors`.`users_id` in (44) and `doctors`.`deleted_at` is null
2018-08-16 17:48:25: select * from `services` where `doctors_id` = '44' and `members_id` is not null and `services`.`deleted_at` is null
2018-08-16 17:48:25: select * from `services` where `doctors_id` = '44' and `members_id` in (43) and `payment_status` in (0, 1) and `services`.`deleted_at` is null order by `created_at` desc
2018-08-16 17:48:25: select * from `users` where `login_type` = 1 and `users`.`id` in (43) and `users`.`deleted_at` is null
2018-08-16 17:48:25: select * from `parameters` where `type` = 'setting' and `key` = 'message_expire_time' limit 1
2018-08-16 17:48:25: select * from `messages` where `doctors_id` = 44 and `members_id` = 43 and `source` = 'member' order by `created_at` desc limit 1
2018-08-16 17:48:25: select * from `messages` where `doctors_id` = 44 and `members_id` = 43 and `source` = 'doctor' order by `created_at` desc limit 1
2018-08-16 17:48:25: update `services` set `opened_at` = '2018-08-16 17:48:25', `updated_at` = '2018-08-16 17:48:25' where `doctors_id` = '44' and `opened_at` is null and `services`.`deleted_at` is null
2018-08-16 17:48:25: select * from `parameters` where `type` = 'setting' and `key` = 'treatment_days_1' limit 1
2018-08-16 17:48:25: select * from `doctors` where `doctors`.`users_id` = 43 and `doctors`.`users_id` is not null and `doctors`.`deleted_at` is null limit 1
2018-08-16 17:48:26: select * from `users` where `id` = '44' and `users`.`deleted_at` is null limit 1
2018-08-16 17:48:26: select * from `doctors` where `doctors`.`users_id` = 44 and `doctors`.`users_id` is not null and `doctors`.`deleted_at` is null limit 1
2018-08-16 17:48:26: select count(*) as aggregate from `member_requests` where `member_requests`.`deleted_at` is null
2018-08-16 17:48:26: select count(*) as aggregate from `member_request_doctors` where `doctors_id` = '44'
2018-08-16 17:48:26: select count(*) as aggregate from `services` where `doctors_id` = '44' and `opened_at` is null and `services`.`deleted_at` is null
2018-08-16 17:48:26: select * from `messages` where `doctors_id` = '44' and `doctor_readed_at` is null and `visible` = 1 order by `created_at` desc
2018-08-16 17:48:26: select * from `parameters` where `type` = 'banner'
2018-08-16 17:48:26: select * from `parameters` where `type` = 'setting' and `key` = 'service_email' limit 1
2018-08-16 17:48:35: select * from `users` where `id` = '44' and `login_type` = 2 and `status` = 1 and `users`.`deleted_at` is null limit 1
2018-08-16 17:48:35: select * from `doctors` where `doctors`.`users_id` in (44) and `doctors`.`deleted_at` is null
2018-08-16 17:48:35: select * from `services` where `doctors_id` = '44' and `members_id` is not null and `services`.`deleted_at` is null
2018-08-16 17:48:35: select * from `services` where `doctors_id` = '44' and `members_id` in (43) and `payment_status` = 1 and `services`.`deleted_at` is null order by `created_at` desc
2018-08-16 17:48:35: select * from `users` where `login_type` = 1 and `users`.`id` in (43) and `users`.`deleted_at` is null
2018-08-16 17:48:35: select * from `parameters` where `type` = 'setting' and `key` = 'treatment_days_1' limit 1
2018-08-16 17:48:35: select * from `parameters` where `type` = 'setting' and `key` = 'treatment_days_1' limit 1
2018-08-16 17:48:35: select * from `parameters` where `type` = 'setting' and `key` = 'treatment_days_1' limit 1
2018-08-16 17:48:35: select * from `parameters` where `type` = 'setting' and `key` = 'message_expire_time' limit 1
2018-08-16 17:48:35: select * from `messages` where `doctors_id` = 44 and `members_id` = 43 and `source` = 'member' order by `created_at` desc limit 1
2018-08-16 17:48:35: select * from `messages` where `doctors_id` = 44 and `members_id` = 43 and `source` = 'doctor' order by `created_at` desc limit 1
2018-08-16 17:48:35: update `services` set `opened_at` = '2018-08-16 17:48:35', `updated_at` = '2018-08-16 17:48:35' where `doctors_id` = '44' and `opened_at` is null and `services`.`deleted_at` is null
2018-08-16 17:48:35: select * from `parameters` where `type` = 'setting' and `key` = 'treatment_days_1' limit 1
2018-08-16 17:48:35: select * from `doctors` where `doctors`.`users_id` = 43 and `doctors`.`users_id` is not null and `doctors`.`deleted_at` is null limit 1
2018-08-16 17:48:37: select * from `users` where `id` = '44' and `login_type` = 2 and `status` = 1 and `users`.`deleted_at` is null limit 1
2018-08-16 17:48:37: select * from `doctors` where `doctors`.`users_id` in (44) and `doctors`.`deleted_at` is null
2018-08-16 17:48:37: select * from `services` where `doctors_id` = '44' and `members_id` is not null and `services`.`deleted_at` is null
2018-08-16 17:48:37: select * from `services` where `doctors_id` = '44' and `members_id` in (43) and `payment_status` = 1 and `services`.`deleted_at` is null order by `created_at` desc
2018-08-16 17:48:37: select * from `users` where `login_type` = 1 and `users`.`id` in (43) and `users`.`deleted_at` is null
2018-08-16 17:48:37: select * from `parameters` where `type` = 'setting' and `key` = 'treatment_days_1' limit 1
2018-08-16 17:48:37: select * from `parameters` where `type` = 'setting' and `key` = 'treatment_days_1' limit 1
2018-08-16 17:48:37: select * from `parameters` where `type` = 'setting' and `key` = 'treatment_days_1' limit 1
2018-08-16 17:48:37: select * from `parameters` where `type` = 'setting' and `key` = 'message_expire_time' limit 1
2018-08-16 17:48:37: select * from `messages` where `doctors_id` = 44 and `members_id` = 43 and `source` = 'member' order by `created_at` desc limit 1
2018-08-16 17:48:37: select * from `messages` where `doctors_id` = 44 and `members_id` = 43 and `source` = 'doctor' order by `created_at` desc limit 1
2018-08-16 17:48:37: update `services` set `opened_at` = '2018-08-16 17:48:37', `updated_at` = '2018-08-16 17:48:37' where `doctors_id` = '44' and `opened_at` is null and `services`.`deleted_at` is null
2018-08-16 17:48:37: select * from `parameters` where `type` = 'setting' and `key` = 'treatment_days_1' limit 1
2018-08-16 17:48:37: select * from `doctors` where `doctors`.`users_id` = 43 and `doctors`.`users_id` is not null and `doctors`.`deleted_at` is null limit 1
2018-08-16 17:48:38: select * from `users` where `id` = '44' and `users`.`deleted_at` is null limit 1
2018-08-16 17:48:38: select * from `doctors` where `doctors`.`users_id` = 44 and `doctors`.`users_id` is not null and `doctors`.`deleted_at` is null limit 1
2018-08-16 17:48:38: select count(*) as aggregate from `member_requests` where `member_requests`.`deleted_at` is null
2018-08-16 17:48:38: select count(*) as aggregate from `member_request_doctors` where `doctors_id` = '44'
2018-08-16 17:48:38: select count(*) as aggregate from `services` where `doctors_id` = '44' and `opened_at` is null and `services`.`deleted_at` is null
2018-08-16 17:48:38: select * from `messages` where `doctors_id` = '44' and `doctor_readed_at` is null and `visible` = 1 order by `created_at` desc
2018-08-16 17:48:38: select * from `parameters` where `type` = 'banner'
2018-08-16 17:48:38: select * from `parameters` where `type` = 'setting' and `key` = 'service_email' limit 1
2018-08-16 17:48:40: select * from `users` where `id` = '44' and `users`.`deleted_at` is null limit 1
2018-08-16 17:48:40: select * from `doctors` where `doctors`.`users_id` = 44 and `doctors`.`users_id` is not null and `doctors`.`deleted_at` is null limit 1
2018-08-16 17:48:42: select * from `users` where `id` = '44' and `users`.`deleted_at` is null limit 1
2018-08-16 17:48:42: select * from `doctors` where `doctors`.`users_id` = 44 and `doctors`.`users_id` is not null and `doctors`.`deleted_at` is null limit 1
2018-08-16 17:48:42: select count(*) as aggregate from `member_requests` where `member_requests`.`deleted_at` is null
2018-08-16 17:48:42: select count(*) as aggregate from `member_request_doctors` where `doctors_id` = '44'
2018-08-16 17:48:42: select count(*) as aggregate from `services` where `doctors_id` = '44' and `opened_at` is null and `services`.`deleted_at` is null
2018-08-16 17:48:42: select * from `messages` where `doctors_id` = '44' and `doctor_readed_at` is null and `visible` = 1 order by `created_at` desc
2018-08-16 17:48:42: select * from `parameters` where `type` = 'banner'
2018-08-16 17:48:42: select * from `parameters` where `type` = 'setting' and `key` = 'service_email' limit 1
2018-08-16 17:49:04: select * from `users` where `id` = '44' and `users`.`deleted_at` is null limit 1
2018-08-16 17:49:04: select * from `doctors` where `doctors`.`users_id` = 44 and `doctors`.`users_id` is not null and `doctors`.`deleted_at` is null limit 1
2018-08-16 17:49:04: select count(*) as aggregate from `member_requests` where `member_requests`.`deleted_at` is null
2018-08-16 17:49:04: select count(*) as aggregate from `member_request_doctors` where `doctors_id` = '44'
2018-08-16 17:49:04: select count(*) as aggregate from `services` where `doctors_id` = '44' and `opened_at` is null and `services`.`deleted_at` is null
2018-08-16 17:49:04: select * from `messages` where `doctors_id` = '44' and `doctor_readed_at` is null and `visible` = 1 order by `created_at` desc
2018-08-16 17:49:04: select * from `parameters` where `type` = 'banner'
2018-08-16 17:49:04: select * from `parameters` where `type` = 'setting' and `key` = 'service_email' limit 1
2018-08-16 17:49:05: select * from `users` where `id` = '44' and `login_type` = 2 and `status` = 1 and `users`.`deleted_at` is null limit 1
2018-08-16 17:49:05: select * from `doctors` where `doctors`.`users_id` in (44) and `doctors`.`deleted_at` is null
2018-08-16 17:49:05: select * from `services` where `doctors_id` = '44' and `members_id` is not null and `services`.`deleted_at` is null
2018-08-16 17:49:05: select * from `services` where `doctors_id` = '44' and `members_id` in (43) and `payment_status` in (0, 1) and `services`.`deleted_at` is null order by `created_at` desc
2018-08-16 17:49:05: select * from `users` where `login_type` = 1 and `users`.`id` in (43) and `users`.`deleted_at` is null
2018-08-16 17:49:05: select * from `parameters` where `type` = 'setting' and `key` = 'message_expire_time' limit 1
2018-08-16 17:49:05: select * from `messages` where `doctors_id` = 44 and `members_id` = 43 and `source` = 'member' order by `created_at` desc limit 1
2018-08-16 17:49:05: select * from `messages` where `doctors_id` = 44 and `members_id` = 43 and `source` = 'doctor' order by `created_at` desc limit 1
2018-08-16 17:49:05: update `services` set `opened_at` = '2018-08-16 17:49:05', `updated_at` = '2018-08-16 17:49:05' where `doctors_id` = '44' and `opened_at` is null and `services`.`deleted_at` is null
2018-08-16 17:49:05: select * from `parameters` where `type` = 'setting' and `key` = 'treatment_days_1' limit 1
2018-08-16 17:49:05: select * from `doctors` where `doctors`.`users_id` = 43 and `doctors`.`users_id` is not null and `doctors`.`deleted_at` is null limit 1
2018-08-16 17:49:21: select * from `users` where `id` = '44' and `login_type` = 2 and `status` = 1 and `users`.`deleted_at` is null limit 1
2018-08-16 17:49:21: select * from `doctors` where `doctors`.`users_id` in (44) and `doctors`.`deleted_at` is null
2018-08-16 17:49:21: select * from `services` where `doctors_id` = '44' and `members_id` is not null and `services`.`deleted_at` is null
2018-08-16 17:49:21: select * from `services` where `doctors_id` = '44' and `members_id` in (43) and `payment_status` in (0, 1) and `services`.`deleted_at` is null order by `created_at` desc
2018-08-16 17:49:21: select * from `users` where `login_type` = 1 and `users`.`id` in (43) and `users`.`deleted_at` is null
2018-08-16 17:49:21: select * from `parameters` where `type` = 'setting' and `key` = 'message_expire_time' limit 1
2018-08-16 17:49:21: select * from `messages` where `doctors_id` = 44 and `members_id` = 43 and `source` = 'member' order by `created_at` desc limit 1
2018-08-16 17:49:21: select * from `messages` where `doctors_id` = 44 and `members_id` = 43 and `source` = 'doctor' order by `created_at` desc limit 1
2018-08-16 17:49:21: update `services` set `opened_at` = '2018-08-16 17:49:21', `updated_at` = '2018-08-16 17:49:21' where `doctors_id` = '44' and `opened_at` is null and `services`.`deleted_at` is null
2018-08-16 17:49:21: select * from `parameters` where `type` = 'setting' and `key` = 'treatment_days_1' limit 1
2018-08-16 17:49:21: select * from `doctors` where `doctors`.`users_id` = 43 and `doctors`.`users_id` is not null and `doctors`.`deleted_at` is null limit 1
2018-08-16 17:49:22: select * from `users` where `id` = '44' and `users`.`deleted_at` is null limit 1
2018-08-16 17:49:22: select * from `doctors` where `doctors`.`users_id` = 44 and `doctors`.`users_id` is not null and `doctors`.`deleted_at` is null limit 1
2018-08-16 17:49:22: select count(*) as aggregate from `member_requests` where `member_requests`.`deleted_at` is null
2018-08-16 17:49:22: select count(*) as aggregate from `member_request_doctors` where `doctors_id` = '44'
2018-08-16 17:49:22: select count(*) as aggregate from `services` where `doctors_id` = '44' and `opened_at` is null and `services`.`deleted_at` is null
2018-08-16 17:49:22: select * from `messages` where `doctors_id` = '44' and `doctor_readed_at` is null and `visible` = 1 order by `created_at` desc
2018-08-16 17:49:22: select * from `parameters` where `type` = 'banner'
2018-08-16 17:49:22: select * from `parameters` where `type` = 'setting' and `key` = 'service_email' limit 1
2018-08-16 17:49:24: select * from `users` where `id` = '44' and `users`.`deleted_at` is null limit 1
2018-08-16 17:49:24: select * from `doctors` where `doctors`.`users_id` = 44 and `doctors`.`users_id` is not null and `doctors`.`deleted_at` is null limit 1
2018-08-16 17:49:28: select * from `users` where `id` = '44' and `users`.`deleted_at` is null limit 1
2018-08-16 17:49:28: select * from `doctors` where `doctors`.`users_id` = 44 and `doctors`.`users_id` is not null and `doctors`.`deleted_at` is null limit 1
2018-08-16 17:49:29: select * from `users` where `id` = '44' and `users`.`deleted_at` is null limit 1
2018-08-16 17:49:29: select * from `doctors` where `doctors`.`users_id` = 44 and `doctors`.`users_id` is not null and `doctors`.`deleted_at` is null limit 1
2018-08-16 17:49:29: select count(*) as aggregate from `member_requests` where `member_requests`.`deleted_at` is null
2018-08-16 17:49:29: select count(*) as aggregate from `member_request_doctors` where `doctors_id` = '44'
2018-08-16 17:49:29: select count(*) as aggregate from `services` where `doctors_id` = '44' and `opened_at` is null and `services`.`deleted_at` is null
2018-08-16 17:49:29: select * from `messages` where `doctors_id` = '44' and `doctor_readed_at` is null and `visible` = 1 order by `created_at` desc
2018-08-16 17:49:29: select * from `parameters` where `type` = 'banner'
2018-08-16 17:49:29: select * from `parameters` where `type` = 'setting' and `key` = 'service_email' limit 1
2018-08-16 17:49:30: select * from `users` where `id` = '44' and `login_type` = 2 and `status` = 1 and `users`.`deleted_at` is null limit 1
2018-08-16 17:49:30: select * from `doctors` where `doctors`.`users_id` in (44) and `doctors`.`deleted_at` is null
2018-08-16 17:49:30: select * from `services` where `doctors_id` = '44' and `members_id` is not null and `services`.`deleted_at` is null
2018-08-16 17:49:30: select * from `services` where `doctors_id` = '44' and `members_id` in (43) and `payment_status` = 1 and `services`.`deleted_at` is null order by `created_at` desc
2018-08-16 17:49:30: select * from `users` where `login_type` = 1 and `users`.`id` in (43) and `users`.`deleted_at` is null
2018-08-16 17:49:30: select * from `parameters` where `type` = 'setting' and `key` = 'treatment_days_1' limit 1
2018-08-16 17:49:30: select * from `parameters` where `type` = 'setting' and `key` = 'treatment_days_1' limit 1
2018-08-16 17:49:30: select * from `parameters` where `type` = 'setting' and `key` = 'treatment_days_1' limit 1
2018-08-16 17:49:30: select * from `parameters` where `type` = 'setting' and `key` = 'message_expire_time' limit 1
2018-08-16 17:49:30: select * from `messages` where `doctors_id` = 44 and `members_id` = 43 and `source` = 'member' order by `created_at` desc limit 1
2018-08-16 17:49:30: select * from `messages` where `doctors_id` = 44 and `members_id` = 43 and `source` = 'doctor' order by `created_at` desc limit 1
2018-08-16 17:49:30: update `services` set `opened_at` = '2018-08-16 17:49:30', `updated_at` = '2018-08-16 17:49:30' where `doctors_id` = '44' and `opened_at` is null and `services`.`deleted_at` is null
2018-08-16 17:49:30: select * from `parameters` where `type` = 'setting' and `key` = 'treatment_days_1' limit 1
2018-08-16 17:49:30: select * from `doctors` where `doctors`.`users_id` = 43 and `doctors`.`users_id` is not null and `doctors`.`deleted_at` is null limit 1
2018-08-16 17:49:33: select * from `users` where `id` = '44' and `users`.`deleted_at` is null limit 1
2018-08-16 17:49:33: select * from `doctors` where `doctors`.`users_id` = 44 and `doctors`.`users_id` is not null and `doctors`.`deleted_at` is null limit 1
2018-08-16 17:49:33: select count(*) as aggregate from `member_requests` where `member_requests`.`deleted_at` is null
2018-08-16 17:49:33: select count(*) as aggregate from `member_request_doctors` where `doctors_id` = '44'
2018-08-16 17:49:33: select count(*) as aggregate from `services` where `doctors_id` = '44' and `opened_at` is null and `services`.`deleted_at` is null
2018-08-16 17:49:33: select * from `messages` where `doctors_id` = '44' and `doctor_readed_at` is null and `visible` = 1 order by `created_at` desc
2018-08-16 17:49:33: select * from `parameters` where `type` = 'banner'
2018-08-16 17:49:33: select * from `parameters` where `type` = 'setting' and `key` = 'service_email' limit 1
2018-08-16 17:49:38: select * from `users` where `id` = '44' and `users`.`deleted_at` is null limit 1
2018-08-16 17:49:38: select * from `doctors` where `doctors`.`users_id` = 44 and `doctors`.`users_id` is not null and `doctors`.`deleted_at` is null limit 1
2018-08-16 17:49:38: select count(*) as aggregate from `member_requests` where `member_requests`.`deleted_at` is null
2018-08-16 17:49:38: select count(*) as aggregate from `member_request_doctors` where `doctors_id` = '44'
2018-08-16 17:49:38: select count(*) as aggregate from `services` where `doctors_id` = '44' and `opened_at` is null and `services`.`deleted_at` is null
2018-08-16 17:49:38: select * from `messages` where `doctors_id` = '44' and `doctor_readed_at` is null and `visible` = 1 order by `created_at` desc
2018-08-16 17:49:38: select * from `parameters` where `type` = 'banner'
2018-08-16 17:49:38: select * from `parameters` where `type` = 'setting' and `key` = 'service_email' limit 1
