2018-01-17 16:48:04: select count(*) as aggregate from `users` where `id` = '4'
2018-01-17 16:48:04: select * from `users` where `id` = '4' and `users`.`deleted_at` is null limit 1
2018-01-17 16:48:04: select * from `users` where `city_id` = 1 and `login_type` = '2' and `online` = 1 and `users`.`deleted_at` is null order by `online_at` desc
2018-01-17 16:48:04: select * from `messages` where `source` = 'doctor' and `started_at` is not null and `messages`.`doctors_id` in (9, 11, 12, 13, 14, 15, 16, 17, 21, 22, 23, 24, 25, 26) and `members_id` = '4' order by `started_at` desc
2018-01-17 16:48:04: select * from `doctors` where `users_id` = 21 and `doctors`.`deleted_at` is null limit 1
2018-01-17 16:48:04: select * from `services` where `members_id` = '4' and `payment_status` = 1 and `services`.`deleted_at` is null order by `id` desc limit 1
2018-01-17 16:48:04: select * from `doctors` where `users_id` = 9 and `doctors`.`deleted_at` is null limit 1
2018-01-17 16:48:04: select * from `services` where `members_id` = '4' and `payment_status` = 1 and `services`.`deleted_at` is null order by `id` desc limit 1
2018-01-17 16:48:04: select * from `doctors` where `users_id` = 11 and `doctors`.`deleted_at` is null limit 1
2018-01-17 16:48:04: select * from `services` where `members_id` = '4' and `payment_status` = 1 and `services`.`deleted_at` is null order by `id` desc limit 1
2018-01-17 16:48:04: select * from `doctors` where `users_id` = 12 and `doctors`.`deleted_at` is null limit 1
2018-01-17 16:48:04: select * from `services` where `members_id` = '4' and `payment_status` = 1 and `services`.`deleted_at` is null order by `id` desc limit 1
2018-01-17 16:48:04: select * from `doctors` where `users_id` = 13 and `doctors`.`deleted_at` is null limit 1
2018-01-17 16:48:04: select * from `services` where `members_id` = '4' and `payment_status` = 1 and `services`.`deleted_at` is null order by `id` desc limit 1
2018-01-17 16:48:04: select * from `doctors` where `users_id` = 14 and `doctors`.`deleted_at` is null limit 1
2018-01-17 16:48:04: select * from `services` where `members_id` = '4' and `payment_status` = 1 and `services`.`deleted_at` is null order by `id` desc limit 1
2018-01-17 16:48:04: select * from `doctors` where `users_id` = 15 and `doctors`.`deleted_at` is null limit 1
2018-01-17 16:48:04: select * from `services` where `members_id` = '4' and `payment_status` = 1 and `services`.`deleted_at` is null order by `id` desc limit 1
2018-01-17 16:48:04: select * from `doctors` where `users_id` = 16 and `doctors`.`deleted_at` is null limit 1
2018-01-17 16:48:04: select * from `services` where `members_id` = '4' and `payment_status` = 1 and `services`.`deleted_at` is null order by `id` desc limit 1
2018-01-17 16:48:04: select * from `doctors` where `users_id` = 17 and `doctors`.`deleted_at` is null limit 1
2018-01-17 16:48:04: select * from `services` where `members_id` = '4' and `payment_status` = 1 and `services`.`deleted_at` is null order by `id` desc limit 1
2018-01-17 16:48:04: select * from `doctors` where `users_id` = 22 and `doctors`.`deleted_at` is null limit 1
2018-01-17 16:48:04: select * from `services` where `members_id` = '4' and `payment_status` = 1 and `services`.`deleted_at` is null order by `id` desc limit 1
2018-01-17 16:48:04: select * from `doctors` where `users_id` = 23 and `doctors`.`deleted_at` is null limit 1
2018-01-17 16:48:04: select * from `services` where `members_id` = '4' and `payment_status` = 1 and `services`.`deleted_at` is null order by `id` desc limit 1
2018-01-17 16:48:04: select * from `doctors` where `users_id` = 24 and `doctors`.`deleted_at` is null limit 1
2018-01-17 16:48:04: select * from `services` where `members_id` = '4' and `payment_status` = 1 and `services`.`deleted_at` is null order by `id` desc limit 1
2018-01-17 16:48:04: select * from `doctors` where `users_id` = 25 and `doctors`.`deleted_at` is null limit 1
2018-01-17 16:48:04: select * from `services` where `members_id` = '4' and `payment_status` = 1 and `services`.`deleted_at` is null order by `id` desc limit 1
2018-01-17 16:48:04: select * from `doctors` where `users_id` = 26 and `doctors`.`deleted_at` is null limit 1
2018-01-17 16:48:04: select * from `services` where `members_id` = '4' and `payment_status` = 1 and `services`.`deleted_at` is null order by `id` desc limit 1
2018-01-17 16:48:11: select count(*) as aggregate from `users` where `id` = '4'
2018-01-17 16:48:11: select * from `users` where `id` = '4' and `users`.`deleted_at` is null limit 1
2018-01-17 16:48:11: select * from `users` where `city_id` = 1 and `login_type` = '2' and `online` = 1 and `users`.`deleted_at` is null order by `online_at` desc
2018-01-17 16:48:11: select * from `messages` where `source` = 'doctor' and `started_at` is not null and `messages`.`doctors_id` in (9, 11, 12, 13, 14, 15, 16, 17, 21, 22, 23, 24, 25, 26) and `members_id` = '4' order by `started_at` desc
2018-01-17 16:48:11: select * from `doctors` where `users_id` = 21 and `doctors`.`deleted_at` is null limit 1
2018-01-17 16:48:11: select * from `services` where `members_id` = '4' and `payment_status` = 1 and `services`.`deleted_at` is null order by `id` desc limit 1
2018-01-17 16:48:11: select * from `doctors` where `users_id` = 9 and `doctors`.`deleted_at` is null limit 1
2018-01-17 16:48:11: select * from `services` where `members_id` = '4' and `payment_status` = 1 and `services`.`deleted_at` is null order by `id` desc limit 1
2018-01-17 16:48:11: select * from `doctors` where `users_id` = 11 and `doctors`.`deleted_at` is null limit 1
2018-01-17 16:48:11: select * from `services` where `members_id` = '4' and `payment_status` = 1 and `services`.`deleted_at` is null order by `id` desc limit 1
2018-01-17 16:48:11: select * from `doctors` where `users_id` = 12 and `doctors`.`deleted_at` is null limit 1
2018-01-17 16:48:11: select * from `services` where `members_id` = '4' and `payment_status` = 1 and `services`.`deleted_at` is null order by `id` desc limit 1
2018-01-17 16:48:11: select * from `doctors` where `users_id` = 13 and `doctors`.`deleted_at` is null limit 1
2018-01-17 16:48:11: select * from `services` where `members_id` = '4' and `payment_status` = 1 and `services`.`deleted_at` is null order by `id` desc limit 1
2018-01-17 16:48:11: select * from `doctors` where `users_id` = 14 and `doctors`.`deleted_at` is null limit 1
2018-01-17 16:48:11: select * from `services` where `members_id` = '4' and `payment_status` = 1 and `services`.`deleted_at` is null order by `id` desc limit 1
2018-01-17 16:48:11: select * from `doctors` where `users_id` = 15 and `doctors`.`deleted_at` is null limit 1
2018-01-17 16:48:11: select * from `services` where `members_id` = '4' and `payment_status` = 1 and `services`.`deleted_at` is null order by `id` desc limit 1
2018-01-17 16:48:11: select * from `doctors` where `users_id` = 16 and `doctors`.`deleted_at` is null limit 1
2018-01-17 16:48:11: select * from `services` where `members_id` = '4' and `payment_status` = 1 and `services`.`deleted_at` is null order by `id` desc limit 1
2018-01-17 16:48:11: select * from `doctors` where `users_id` = 17 and `doctors`.`deleted_at` is null limit 1
2018-01-17 16:48:11: select * from `services` where `members_id` = '4' and `payment_status` = 1 and `services`.`deleted_at` is null order by `id` desc limit 1
2018-01-17 16:48:11: select * from `doctors` where `users_id` = 22 and `doctors`.`deleted_at` is null limit 1
2018-01-17 16:48:11: select * from `services` where `members_id` = '4' and `payment_status` = 1 and `services`.`deleted_at` is null order by `id` desc limit 1
2018-01-17 16:48:11: select * from `doctors` where `users_id` = 23 and `doctors`.`deleted_at` is null limit 1
2018-01-17 16:48:11: select * from `services` where `members_id` = '4' and `payment_status` = 1 and `services`.`deleted_at` is null order by `id` desc limit 1
2018-01-17 16:48:11: select * from `doctors` where `users_id` = 24 and `doctors`.`deleted_at` is null limit 1
2018-01-17 16:48:11: select * from `services` where `members_id` = '4' and `payment_status` = 1 and `services`.`deleted_at` is null order by `id` desc limit 1
2018-01-17 16:48:11: select * from `doctors` where `users_id` = 25 and `doctors`.`deleted_at` is null limit 1
2018-01-17 16:48:11: select * from `services` where `members_id` = '4' and `payment_status` = 1 and `services`.`deleted_at` is null order by `id` desc limit 1
2018-01-17 16:48:11: select * from `doctors` where `users_id` = 26 and `doctors`.`deleted_at` is null limit 1
2018-01-17 16:48:11: select * from `services` where `members_id` = '4' and `payment_status` = 1 and `services`.`deleted_at` is null order by `id` desc limit 1
2018-01-17 19:51:32: select * from `users` where `id` = '21' and `users`.`deleted_at` is null limit 1
2018-01-17 19:51:32: select * from `doctors` where `doctors`.`users_id` = 21 and `doctors`.`users_id` is not null and `doctors`.`deleted_at` is null limit 1
2018-01-17 19:51:32: select count(*) as aggregate from `member_requests` where `member_requests`.`deleted_at` is null
2018-01-17 19:51:32: select count(*) as aggregate from `member_request_doctors` where `doctors_id` = '21'
2018-01-17 19:51:32: select count(*) as aggregate from `services` where `doctors_id` = '21' and `opened_at` is null and `services`.`deleted_at` is null
2018-01-17 19:51:32: select * from `messages` where `doctors_id` = '21' and `doctor_readed_at` is null and `visible` = 1 order by `created_at` desc
2018-01-17 19:51:32: select * from `parameters` where `type` = 'banner'
2018-01-17 19:51:32: select * from `parameters` where `type` = 'setting' and `key` = 'service_email' limit 1
2018-01-17 19:52:02: select * from `users` where `id` = '21' and `login_type` = 2 and `status` = 1 and `users`.`deleted_at` is null limit 1
2018-01-17 19:52:02: select * from `doctors` where `doctors`.`users_id` in (21) and `doctors`.`deleted_at` is null
2018-01-17 19:52:02: select * from `services` where `doctors_id` = '21' and `payment_status` = 1 and `paid_at` > '2017-12-17 19:52:02' and `services`.`deleted_at` is null
2018-01-17 19:52:02: select * from `messages` where `doctors_id` = '21' and 1 = 1 and `visible` = 1
2018-01-17 19:52:02: select count(*) as aggregate from `users` where 0 = 1 and `login_type` = 1 and `users`.`deleted_at` is null
2018-01-17 19:55:55: select * from `users` where `id` = '21' and `users`.`deleted_at` is null limit 1
2018-01-17 19:55:55: select * from `doctors` where `doctors`.`users_id` = 21 and `doctors`.`users_id` is not null and `doctors`.`deleted_at` is null limit 1
2018-01-17 19:55:55: select count(*) as aggregate from `member_requests` where `member_requests`.`deleted_at` is null
2018-01-17 19:55:55: select count(*) as aggregate from `member_request_doctors` where `doctors_id` = '21'
2018-01-17 19:55:55: select count(*) as aggregate from `services` where `doctors_id` = '21' and `opened_at` is null and `services`.`deleted_at` is null
2018-01-17 19:55:55: select * from `messages` where `doctors_id` = '21' and `doctor_readed_at` is null and `visible` = 1 order by `created_at` desc
2018-01-17 19:55:55: select * from `parameters` where `type` = 'banner'
2018-01-17 19:55:55: select * from `parameters` where `type` = 'setting' and `key` = 'service_email' limit 1
2018-01-17 19:55:58: select * from `users` where `id` = '21' and `users`.`deleted_at` is null limit 1
2018-01-17 19:55:58: select * from `doctors` where `doctors`.`users_id` = 21 and `doctors`.`users_id` is not null and `doctors`.`deleted_at` is null limit 1
2018-01-17 19:55:58: select count(*) as aggregate from `member_requests` where `member_requests`.`deleted_at` is null
2018-01-17 19:55:58: select count(*) as aggregate from `member_request_doctors` where `doctors_id` = '21'
2018-01-17 19:55:58: select count(*) as aggregate from `services` where `doctors_id` = '21' and `opened_at` is null and `services`.`deleted_at` is null
2018-01-17 19:55:58: select * from `messages` where `doctors_id` = '21' and `doctor_readed_at` is null and `visible` = 1 order by `created_at` desc
2018-01-17 19:55:58: select * from `parameters` where `type` = 'banner'
2018-01-17 19:55:58: select * from `parameters` where `type` = 'setting' and `key` = 'service_email' limit 1
2018-01-17 19:56:22: select * from `users` where `id` = '21' and `users`.`deleted_at` is null limit 1
2018-01-17 19:56:22: select * from `doctors` where `doctors`.`users_id` = 21 and `doctors`.`users_id` is not null and `doctors`.`deleted_at` is null limit 1
2018-01-17 19:56:22: select count(*) as aggregate from `member_requests` where `member_requests`.`deleted_at` is null
2018-01-17 19:56:22: select count(*) as aggregate from `member_request_doctors` where `doctors_id` = '21'
2018-01-17 19:56:22: select count(*) as aggregate from `services` where `doctors_id` = '21' and `opened_at` is null and `services`.`deleted_at` is null
2018-01-17 19:56:22: select * from `messages` where `doctors_id` = '21' and `doctor_readed_at` is null and `visible` = 1 order by `created_at` desc
2018-01-17 19:56:22: select * from `parameters` where `type` = 'banner'
2018-01-17 19:56:22: select * from `parameters` where `type` = 'setting' and `key` = 'service_email' limit 1
2018-01-17 19:56:40: select * from `users` where `id` = '21' and `users`.`deleted_at` is null limit 1
2018-01-17 19:56:40: select * from `doctors` where `doctors`.`users_id` = 21 and `doctors`.`users_id` is not null and `doctors`.`deleted_at` is null limit 1
2018-01-17 19:56:40: select count(*) as aggregate from `member_requests` where `member_requests`.`deleted_at` is null
2018-01-17 19:56:40: select count(*) as aggregate from `member_request_doctors` where `doctors_id` = '21'
2018-01-17 19:56:40: select count(*) as aggregate from `services` where `doctors_id` = '21' and `opened_at` is null and `services`.`deleted_at` is null
2018-01-17 19:56:40: select * from `messages` where `doctors_id` = '21' and `doctor_readed_at` is null and `visible` = 1 order by `created_at` desc
2018-01-17 19:56:40: select * from `parameters` where `type` = 'banner'
2018-01-17 19:56:40: select * from `parameters` where `type` = 'setting' and `key` = 'service_email' limit 1
2018-01-17 19:59:55: select * from `users` where `id` = '21' and `users`.`deleted_at` is null limit 1
2018-01-17 19:59:55: select * from `doctors` where `doctors`.`users_id` = 21 and `doctors`.`users_id` is not null and `doctors`.`deleted_at` is null limit 1
2018-01-17 19:59:55: select count(*) as aggregate from `member_requests` where `member_requests`.`deleted_at` is null
2018-01-17 19:59:55: select count(*) as aggregate from `member_request_doctors` where `doctors_id` = '21'
2018-01-17 19:59:55: select count(*) as aggregate from `services` where `doctors_id` = '21' and `opened_at` is null and `services`.`deleted_at` is null
2018-01-17 19:59:55: select * from `messages` where `doctors_id` = '21' and `doctor_readed_at` is null and `visible` = 1 order by `created_at` desc
2018-01-17 19:59:55: select * from `parameters` where `type` = 'banner'
2018-01-17 19:59:55: select * from `parameters` where `type` = 'setting' and `key` = 'service_email' limit 1
2018-01-17 20:00:55: select * from `users` where `id` = '21' and `users`.`deleted_at` is null limit 1
2018-01-17 20:00:55: select * from `doctors` where `doctors`.`users_id` = 21 and `doctors`.`users_id` is not null and `doctors`.`deleted_at` is null limit 1
2018-01-17 20:00:55: select count(*) as aggregate from `member_requests` where `member_requests`.`deleted_at` is null
2018-01-17 20:00:55: select count(*) as aggregate from `member_request_doctors` where `doctors_id` = '21'
2018-01-17 20:00:55: select count(*) as aggregate from `services` where `doctors_id` = '21' and `opened_at` is null and `services`.`deleted_at` is null
2018-01-17 20:00:55: select * from `messages` where `doctors_id` = '21' and `doctor_readed_at` is null and `visible` = 1 order by `created_at` desc
2018-01-17 20:00:55: select * from `parameters` where `type` = 'banner'
2018-01-17 20:00:55: select * from `parameters` where `type` = 'setting' and `key` = 'service_email' limit 1
2018-01-17 20:04:27: select * from `users` where `id` = '21' and `users`.`deleted_at` is null limit 1
2018-01-17 20:04:27: select * from `doctors` where `doctors`.`users_id` = 21 and `doctors`.`users_id` is not null and `doctors`.`deleted_at` is null limit 1
2018-01-17 20:04:27: select count(*) as aggregate from `member_requests` where `member_requests`.`deleted_at` is null
2018-01-17 20:04:27: select count(*) as aggregate from `member_request_doctors` where `doctors_id` = '21'
2018-01-17 20:04:27: select count(*) as aggregate from `services` where `doctors_id` = '21' and `opened_at` is null and `services`.`deleted_at` is null
2018-01-17 20:04:27: select * from `messages` where `doctors_id` = '21' and `doctor_readed_at` is null and `visible` = 1 order by `created_at` desc
2018-01-17 20:04:27: select * from `parameters` where `type` = 'banner'
2018-01-17 20:04:27: select * from `parameters` where `type` = 'setting' and `key` = 'service_email' limit 1
2018-01-17 20:04:37: select * from `users` where `id` = '21' and `users`.`deleted_at` is null limit 1
2018-01-17 20:04:37: select * from `doctors` where `doctors`.`users_id` = 21 and `doctors`.`users_id` is not null and `doctors`.`deleted_at` is null limit 1
2018-01-17 20:04:37: select count(*) as aggregate from `member_requests` where `member_requests`.`deleted_at` is null
2018-01-17 20:04:37: select count(*) as aggregate from `member_request_doctors` where `doctors_id` = '21'
2018-01-17 20:04:37: select count(*) as aggregate from `services` where `doctors_id` = '21' and `opened_at` is null and `services`.`deleted_at` is null
2018-01-17 20:04:37: select * from `messages` where `doctors_id` = '21' and `doctor_readed_at` is null and `visible` = 1 order by `created_at` desc
2018-01-17 20:04:37: select * from `parameters` where `type` = 'banner'
2018-01-17 20:04:37: select * from `parameters` where `type` = 'setting' and `key` = 'service_email' limit 1
2018-01-17 20:04:39: select * from `users` where `id` = '21' and `users`.`deleted_at` is null limit 1
2018-01-17 20:04:39: select * from `doctors` where `doctors`.`users_id` = 21 and `doctors`.`users_id` is not null and `doctors`.`deleted_at` is null limit 1
2018-01-17 20:04:39: select count(*) as aggregate from `member_requests` where `member_requests`.`deleted_at` is null
2018-01-17 20:04:39: select count(*) as aggregate from `member_request_doctors` where `doctors_id` = '21'
2018-01-17 20:04:39: select count(*) as aggregate from `services` where `doctors_id` = '21' and `opened_at` is null and `services`.`deleted_at` is null
2018-01-17 20:04:39: select * from `messages` where `doctors_id` = '21' and `doctor_readed_at` is null and `visible` = 1 order by `created_at` desc
2018-01-17 20:04:39: select * from `parameters` where `type` = 'banner'
2018-01-17 20:04:39: select * from `parameters` where `type` = 'setting' and `key` = 'service_email' limit 1
2018-01-17 20:04:41: select * from `users` where `id` = '21' and `users`.`deleted_at` is null limit 1
2018-01-17 20:04:41: select * from `doctors` where `doctors`.`users_id` = 21 and `doctors`.`users_id` is not null and `doctors`.`deleted_at` is null limit 1
2018-01-17 20:04:41: select count(*) as aggregate from `member_requests` where `member_requests`.`deleted_at` is null
2018-01-17 20:04:41: select count(*) as aggregate from `member_request_doctors` where `doctors_id` = '21'
2018-01-17 20:04:41: select count(*) as aggregate from `services` where `doctors_id` = '21' and `opened_at` is null and `services`.`deleted_at` is null
2018-01-17 20:04:41: select * from `messages` where `doctors_id` = '21' and `doctor_readed_at` is null and `visible` = 1 order by `created_at` desc
2018-01-17 20:04:41: select * from `parameters` where `type` = 'banner'
2018-01-17 20:04:41: select * from `parameters` where `type` = 'setting' and `key` = 'service_email' limit 1
