2018-01-31 20:27:05: select * from `users` where `id` = '9' and `users`.`deleted_at` is null limit 1
2018-01-31 20:27:05: select * from `doctors` where `doctors`.`users_id` = 9 and `doctors`.`users_id` is not null and `doctors`.`deleted_at` is null limit 1
2018-01-31 20:27:05: select count(*) as aggregate from `member_requests` where `member_requests`.`deleted_at` is null
2018-01-31 20:27:05: select count(*) as aggregate from `member_request_doctors` where `doctors_id` = '9'
2018-01-31 20:27:05: select count(*) as aggregate from `services` where `doctors_id` = '9' and `opened_at` is null and `services`.`deleted_at` is null
2018-01-31 20:27:05: select * from `messages` where `doctors_id` = '9' and `doctor_readed_at` is null and `visible` = 1 order by `created_at` desc
2018-01-31 20:27:05: select * from `services` where `members_id` = 31 and `payment_status` = 1 and `services`.`deleted_at` is null order by `id` desc limit 1
2018-01-31 20:27:05: select * from `parameters` where `type` = 'banner'
2018-01-31 20:27:05: select * from `parameters` where `type` = 'setting' and `key` = 'service_email' limit 1
2018-01-31 20:27:07: select * from `users` where `id` = '9' and `login_type` = 2 and `status` = 1 and `users`.`deleted_at` is null limit 1
2018-01-31 20:27:07: select * from `doctors` where `doctors`.`users_id` in (9) and `doctors`.`deleted_at` is null
2018-01-31 20:27:07: select * from `services` where `doctors_id` = '9' and `members_id` is not null and `services`.`deleted_at` is null
2018-01-31 20:27:07: select * from `services` where `doctors_id` = '9' and `members_id` in (10, 32, 35) and `payment_status` in (0, 1) and `services`.`deleted_at` is null order by `created_at` desc
2018-01-31 20:27:07: select * from `users` where `login_type` = 1 and `users`.`id` in (10, 32, 35) and `users`.`deleted_at` is null
2018-01-31 20:27:07: select * from `parameters` where `type` = 'setting' and `key` = 'message_expire_time' limit 1
2018-01-31 20:27:07: select * from `messages` where `doctors_id` = 9 and `members_id` = 35 and `source` = 'member' order by `created_at` desc limit 1
2018-01-31 20:27:07: select * from `messages` where `doctors_id` = 9 and `members_id` = 35 and `source` = 'doctor' order by `created_at` desc limit 1
2018-01-31 20:27:07: select * from `messages` where `doctors_id` = 9 and `members_id` = 32 and `source` = 'member' order by `created_at` desc limit 1
2018-01-31 20:27:07: select * from `messages` where `doctors_id` = 9 and `members_id` = 32 and `source` = 'doctor' order by `created_at` desc limit 1
2018-01-31 20:27:07: select * from `messages` where `doctors_id` = 9 and `members_id` = 10 and `source` = 'member' order by `created_at` desc limit 1
2018-01-31 20:27:07: select * from `messages` where `doctors_id` = 9 and `members_id` = 10 and `source` = 'doctor' order by `created_at` desc limit 1
2018-01-31 20:27:07: update `services` set `opened_at` = '2018-01-31 20:27:07', `updated_at` = '2018-01-31 20:27:07' where `doctors_id` = '9' and `opened_at` is null and `services`.`deleted_at` is null
2018-01-31 20:27:07: select * from `parameters` where `type` = 'setting' and `key` = 'treatment_days_1' limit 1
2018-01-31 20:27:07: select * from `doctors` where `doctors`.`users_id` = 35 and `doctors`.`users_id` is not null and `doctors`.`deleted_at` is null limit 1
2018-01-31 20:27:07: select * from `parameters` where `type` = 'setting' and `key` = 'treatment_days_1' limit 1
2018-01-31 20:27:07: select * from `doctors` where `doctors`.`users_id` = 32 and `doctors`.`users_id` is not null and `doctors`.`deleted_at` is null limit 1
2018-01-31 20:27:07: select * from `parameters` where `type` = 'setting' and `key` = 'treatment_days_1' limit 1
2018-01-31 20:27:07: select * from `doctors` where `doctors`.`users_id` = 10 and `doctors`.`users_id` is not null and `doctors`.`deleted_at` is null limit 1
2018-01-31 21:17:01: select * from `users` where `id` = '2' and `users`.`deleted_at` is null limit 1
2018-01-31 21:17:01: select * from `doctors` where `doctors`.`users_id` = 2 and `doctors`.`users_id` is not null and `doctors`.`deleted_at` is null limit 1
2018-01-31 21:17:01: select count(*) as aggregate from `member_requests` where `member_requests`.`deleted_at` is null
2018-01-31 21:17:01: select count(*) as aggregate from `member_request_doctors` where `doctors_id` = '2'
2018-01-31 21:17:01: select count(*) as aggregate from `services` where `doctors_id` = '2' and `opened_at` is null and `services`.`deleted_at` is null
2018-01-31 21:17:01: select * from `messages` where `doctors_id` = '2' and `doctor_readed_at` is null and `visible` = 1 order by `created_at` desc
2018-01-31 21:17:01: select * from `parameters` where `type` = 'banner'
2018-01-31 21:17:01: select * from `parameters` where `type` = 'setting' and `key` = 'service_email' limit 1
2018-01-31 21:17:25: select * from `users` where `id` = '2' and `users`.`deleted_at` is null limit 1
2018-01-31 21:17:25: select * from `doctors` where `doctors`.`users_id` = 2 and `doctors`.`users_id` is not null and `doctors`.`deleted_at` is null limit 1
2018-01-31 21:17:44: select * from `users` where `id` = '9' and `users`.`deleted_at` is null limit 1
2018-01-31 21:17:44: select * from `doctors` where `doctors`.`users_id` = 9 and `doctors`.`users_id` is not null and `doctors`.`deleted_at` is null limit 1
2018-01-31 21:17:44: select count(*) as aggregate from `member_requests` where `member_requests`.`deleted_at` is null
2018-01-31 21:17:44: select count(*) as aggregate from `member_request_doctors` where `doctors_id` = '9'
2018-01-31 21:17:44: select count(*) as aggregate from `services` where `doctors_id` = '9' and `opened_at` is null and `services`.`deleted_at` is null
2018-01-31 21:17:44: select * from `messages` where `doctors_id` = '9' and `doctor_readed_at` is null and `visible` = 1 order by `created_at` desc
2018-01-31 21:17:44: select * from `services` where `members_id` = 31 and `payment_status` = 1 and `services`.`deleted_at` is null order by `id` desc limit 1
2018-01-31 21:17:44: select * from `parameters` where `type` = 'banner'
2018-01-31 21:17:44: select * from `parameters` where `type` = 'setting' and `key` = 'service_email' limit 1
2018-01-31 21:17:45: select * from `users` where `id` = '9' and `login_type` = 2 and `status` = 1 and `users`.`deleted_at` is null limit 1
2018-01-31 21:17:45: select * from `doctors` where `doctors`.`users_id` in (9) and `doctors`.`deleted_at` is null
2018-01-31 21:17:45: select * from `services` where `doctors_id` = '9' and `members_id` is not null and `services`.`deleted_at` is null
2018-01-31 21:17:45: select * from `services` where `doctors_id` = '9' and `members_id` in (10, 32, 35) and `payment_status` in (0, 1) and `services`.`deleted_at` is null order by `created_at` desc
2018-01-31 21:17:45: select * from `users` where `login_type` = 1 and `users`.`id` in (10, 32, 35) and `users`.`deleted_at` is null
2018-01-31 21:17:45: select * from `parameters` where `type` = 'setting' and `key` = 'message_expire_time' limit 1
2018-01-31 21:17:45: select * from `messages` where `doctors_id` = 9 and `members_id` = 35 and `source` = 'member' order by `created_at` desc limit 1
2018-01-31 21:17:45: select * from `messages` where `doctors_id` = 9 and `members_id` = 35 and `source` = 'doctor' order by `created_at` desc limit 1
2018-01-31 21:17:45: select * from `messages` where `doctors_id` = 9 and `members_id` = 32 and `source` = 'member' order by `created_at` desc limit 1
2018-01-31 21:17:46: select * from `messages` where `doctors_id` = 9 and `members_id` = 32 and `source` = 'doctor' order by `created_at` desc limit 1
2018-01-31 21:17:46: select * from `messages` where `doctors_id` = 9 and `members_id` = 10 and `source` = 'member' order by `created_at` desc limit 1
2018-01-31 21:17:46: select * from `messages` where `doctors_id` = 9 and `members_id` = 10 and `source` = 'doctor' order by `created_at` desc limit 1
2018-01-31 21:17:46: update `services` set `opened_at` = '2018-01-31 21:17:46', `updated_at` = '2018-01-31 21:17:46' where `doctors_id` = '9' and `opened_at` is null and `services`.`deleted_at` is null
2018-01-31 21:17:46: select * from `parameters` where `type` = 'setting' and `key` = 'treatment_days_1' limit 1
2018-01-31 21:17:46: select * from `doctors` where `doctors`.`users_id` = 35 and `doctors`.`users_id` is not null and `doctors`.`deleted_at` is null limit 1
2018-01-31 21:17:46: select * from `parameters` where `type` = 'setting' and `key` = 'treatment_days_1' limit 1
2018-01-31 21:17:46: select * from `doctors` where `doctors`.`users_id` = 32 and `doctors`.`users_id` is not null and `doctors`.`deleted_at` is null limit 1
2018-01-31 21:17:46: select * from `parameters` where `type` = 'setting' and `key` = 'treatment_days_1' limit 1
2018-01-31 21:17:46: select * from `doctors` where `doctors`.`users_id` = 10 and `doctors`.`users_id` is not null and `doctors`.`deleted_at` is null limit 1
2018-01-31 22:13:14: select * from `users` where `id` = '9' and `users`.`deleted_at` is null limit 1
2018-01-31 22:13:14: select * from `doctors` where `doctors`.`users_id` = 9 and `doctors`.`users_id` is not null and `doctors`.`deleted_at` is null limit 1
2018-01-31 22:13:14: select count(*) as aggregate from `member_requests` where `member_requests`.`deleted_at` is null
2018-01-31 22:13:14: select count(*) as aggregate from `member_request_doctors` where `doctors_id` = '9'
2018-01-31 22:13:14: select count(*) as aggregate from `services` where `doctors_id` = '9' and `opened_at` is null and `services`.`deleted_at` is null
2018-01-31 22:13:14: select * from `messages` where `doctors_id` = '9' and `doctor_readed_at` is null and `visible` = 1 order by `created_at` desc
2018-01-31 22:13:14: select * from `services` where `members_id` = 31 and `payment_status` = 1 and `services`.`deleted_at` is null order by `id` desc limit 1
2018-01-31 22:13:14: select * from `parameters` where `type` = 'banner'
2018-01-31 22:13:14: select * from `parameters` where `type` = 'setting' and `key` = 'service_email' limit 1
2018-01-31 22:13:16: select * from `users` where `id` = '9' and `login_type` = 2 and `status` = 1 and `users`.`deleted_at` is null limit 1
2018-01-31 22:13:16: select * from `doctors` where `doctors`.`users_id` in (9) and `doctors`.`deleted_at` is null
2018-01-31 22:13:16: select * from `services` where `doctors_id` = '9' and `members_id` is not null and `services`.`deleted_at` is null
2018-01-31 22:13:16: select * from `services` where `doctors_id` = '9' and `members_id` in (10, 32, 35) and `payment_status` in (0, 1) and `services`.`deleted_at` is null order by `created_at` desc
2018-01-31 22:13:16: select * from `users` where `login_type` = 1 and `users`.`id` in (10, 32, 35) and `users`.`deleted_at` is null
2018-01-31 22:13:16: select * from `parameters` where `type` = 'setting' and `key` = 'message_expire_time' limit 1
2018-01-31 22:13:16: select * from `messages` where `doctors_id` = 9 and `members_id` = 35 and `source` = 'member' order by `created_at` desc limit 1
2018-01-31 22:13:16: select * from `messages` where `doctors_id` = 9 and `members_id` = 35 and `source` = 'doctor' order by `created_at` desc limit 1
2018-01-31 22:13:16: select * from `messages` where `doctors_id` = 9 and `members_id` = 32 and `source` = 'member' order by `created_at` desc limit 1
2018-01-31 22:13:16: select * from `messages` where `doctors_id` = 9 and `members_id` = 32 and `source` = 'doctor' order by `created_at` desc limit 1
2018-01-31 22:13:16: select * from `messages` where `doctors_id` = 9 and `members_id` = 10 and `source` = 'member' order by `created_at` desc limit 1
2018-01-31 22:13:16: select * from `messages` where `doctors_id` = 9 and `members_id` = 10 and `source` = 'doctor' order by `created_at` desc limit 1
2018-01-31 22:13:16: update `services` set `opened_at` = '2018-01-31 22:13:16', `updated_at` = '2018-01-31 22:13:16' where `doctors_id` = '9' and `opened_at` is null and `services`.`deleted_at` is null
2018-01-31 22:13:16: select * from `parameters` where `type` = 'setting' and `key` = 'treatment_days_1' limit 1
2018-01-31 22:13:16: select * from `doctors` where `doctors`.`users_id` = 35 and `doctors`.`users_id` is not null and `doctors`.`deleted_at` is null limit 1
2018-01-31 22:13:16: select * from `parameters` where `type` = 'setting' and `key` = 'treatment_days_1' limit 1
2018-01-31 22:13:16: select * from `doctors` where `doctors`.`users_id` = 32 and `doctors`.`users_id` is not null and `doctors`.`deleted_at` is null limit 1
2018-01-31 22:13:16: select * from `parameters` where `type` = 'setting' and `key` = 'treatment_days_1' limit 1
2018-01-31 22:13:16: select * from `doctors` where `doctors`.`users_id` = 10 and `doctors`.`users_id` is not null and `doctors`.`deleted_at` is null limit 1
