2018-08-22 18:53:58: select count(*) as aggregate from `users` where `id` = '64'
2018-08-22 18:53:58: select * from `users` where `id` = '64' and `users`.`deleted_at` is null limit 1
2018-08-22 18:53:58: select * from `users` where `city_id` = 18 and `login_type` = '2' and `online` = 1 and `users`.`deleted_at` is null order by `online_at` desc
2018-08-22 18:53:58: select * from `messages` where `source` = 'doctor' and `started_at` is not null and `messages`.`doctors_id` in (5, 6) and `members_id` = '64' order by `started_at` desc
2018-08-22 18:53:58: select * from `doctors` where `users_id` = 5 and `doctors`.`deleted_at` is null limit 1
2018-08-22 18:53:58: select * from `services` where `members_id` = '64' and `payment_status` = 1 and `services`.`deleted_at` is null order by `id` desc limit 1
2018-08-22 18:53:58: select * from `doctors` where `users_id` = 6 and `doctors`.`deleted_at` is null limit 1
2018-08-22 18:53:58: select * from `services` where `members_id` = '64' and `payment_status` = 1 and `services`.`deleted_at` is null order by `id` desc limit 1
2018-08-22 18:54:17: select count(*) as aggregate from `users` where `id` = '64'
2018-08-22 18:54:17: select * from `users` where `id` = '64' and `users`.`deleted_at` is null limit 1
2018-08-22 18:54:17: select * from `users` where `city_id` = 18 and `login_type` = '2' and `online` = 1 and `users`.`deleted_at` is null order by `online_at` desc
2018-08-22 18:54:17: select * from `messages` where `source` = 'doctor' and `started_at` is not null and `messages`.`doctors_id` in (5, 6) and `members_id` = '64' order by `started_at` desc
2018-08-22 18:54:17: select * from `doctors` where `users_id` = 5 and `doctors`.`deleted_at` is null limit 1
2018-08-22 18:54:17: select * from `services` where `members_id` = '64' and `payment_status` = 1 and `services`.`deleted_at` is null order by `id` desc limit 1
2018-08-22 18:54:17: select * from `doctors` where `users_id` = 6 and `doctors`.`deleted_at` is null limit 1
2018-08-22 18:54:17: select * from `services` where `members_id` = '64' and `payment_status` = 1 and `services`.`deleted_at` is null order by `id` desc limit 1
2018-08-22 18:54:21: select count(*) as aggregate from `users` where `id` = '64'
2018-08-22 18:54:21: select * from `users` where `id` = '64' and `users`.`deleted_at` is null limit 1
2018-08-22 18:54:21: select * from `users` where `city_id` = 18 and `login_type` = '2' and `online` = 1 and `users`.`deleted_at` is null order by `online_at` desc
2018-08-22 18:54:21: select * from `messages` where `source` = 'doctor' and `started_at` is not null and `messages`.`doctors_id` in (5, 6) and `members_id` = '64' order by `started_at` desc
2018-08-22 18:54:21: select * from `doctors` where `users_id` = 5 and `doctors`.`deleted_at` is null limit 1
2018-08-22 18:54:21: select * from `services` where `members_id` = '64' and `payment_status` = 1 and `services`.`deleted_at` is null order by `id` desc limit 1
2018-08-22 18:54:21: select * from `doctors` where `users_id` = 6 and `doctors`.`deleted_at` is null limit 1
2018-08-22 18:54:21: select * from `services` where `members_id` = '64' and `payment_status` = 1 and `services`.`deleted_at` is null order by `id` desc limit 1
2018-08-22 18:58:31: select count(*) as aggregate from `users` where `id` = '64'
2018-08-22 18:58:31: select * from `users` where `id` = '64' and `users`.`deleted_at` is null limit 1
2018-08-22 18:58:31: select * from `users` where `city_id` = 18 and `login_type` = '2' and `online` = 1 and `users`.`deleted_at` is null order by `online_at` desc
2018-08-22 18:58:31: select * from `messages` where `source` = 'doctor' and `started_at` is not null and `messages`.`doctors_id` in (5, 6) and `members_id` = '64' order by `started_at` desc
2018-08-22 18:58:31: select * from `doctors` where `users_id` = 5 and `doctors`.`deleted_at` is null limit 1
2018-08-22 18:58:31: select * from `services` where `members_id` = '64' and `payment_status` = 1 and `services`.`deleted_at` is null order by `id` desc limit 1
2018-08-22 18:58:31: select * from `doctors` where `users_id` = 6 and `doctors`.`deleted_at` is null limit 1
2018-08-22 18:58:31: select * from `services` where `members_id` = '64' and `payment_status` = 1 and `services`.`deleted_at` is null order by `id` desc limit 1
2018-08-22 21:38:18: select count(*) as aggregate from `users` where `id` = '64'
2018-08-22 21:38:18: select * from `users` where `id` = '64' and `users`.`deleted_at` is null limit 1
2018-08-22 21:38:18: select * from `users` where `city_id` = 18 and `login_type` = '2' and `online` = 1 and `users`.`deleted_at` is null order by `online_at` desc
2018-08-22 21:38:18: select * from `messages` where `source` = 'doctor' and `started_at` is not null and `messages`.`doctors_id` in (5, 6) and `members_id` = '64' order by `started_at` desc
2018-08-22 21:38:18: select * from `doctors` where `users_id` = 5 and `doctors`.`deleted_at` is null limit 1
2018-08-22 21:38:18: select * from `services` where `members_id` = '64' and `payment_status` = 1 and `services`.`deleted_at` is null order by `id` desc limit 1
2018-08-22 21:38:18: select * from `doctors` where `users_id` = 6 and `doctors`.`deleted_at` is null limit 1
2018-08-22 21:38:18: select * from `services` where `members_id` = '64' and `payment_status` = 1 and `services`.`deleted_at` is null order by `id` desc limit 1
2018-08-22 21:41:07: select count(*) as aggregate from `users` where `id` = '64'
2018-08-22 21:41:07: select * from `users` where `id` = '64' and `users`.`deleted_at` is null limit 1
2018-08-22 21:41:07: select * from `users` where `city_id` = 18 and `login_type` = '2' and `online` = 1 and `users`.`deleted_at` is null order by `online_at` desc
2018-08-22 21:41:07: select * from `messages` where `source` = 'doctor' and `started_at` is not null and `messages`.`doctors_id` in (5, 6) and `members_id` = '64' order by `started_at` desc
2018-08-22 21:41:07: select * from `doctors` where `users_id` = 5 and `doctors`.`deleted_at` is null limit 1
2018-08-22 21:41:07: select * from `services` where `members_id` = '64' and `payment_status` = 1 and `services`.`deleted_at` is null order by `id` desc limit 1
2018-08-22 21:41:07: select * from `doctors` where `users_id` = 6 and `doctors`.`deleted_at` is null limit 1
2018-08-22 21:41:07: select * from `services` where `members_id` = '64' and `payment_status` = 1 and `services`.`deleted_at` is null order by `id` desc limit 1
2018-08-22 21:41:20: select count(*) as aggregate from `users` where `id` = '64'
2018-08-22 21:41:20: select * from `users` where `id` = '64' and `users`.`deleted_at` is null limit 1
2018-08-22 21:41:20: select * from `users` where `city_id` = 18 and `login_type` = '2' and `online` = 1 and `users`.`deleted_at` is null order by `online_at` desc
2018-08-22 21:41:20: select * from `messages` where `source` = 'doctor' and `started_at` is not null and `messages`.`doctors_id` in (5, 6) and `members_id` = '64' order by `started_at` desc
2018-08-22 21:41:21: select * from `doctors` where `users_id` = 5 and `doctors`.`deleted_at` is null limit 1
2018-08-22 21:41:21: select * from `services` where `members_id` = '64' and `payment_status` = 1 and `services`.`deleted_at` is null order by `id` desc limit 1
2018-08-22 21:41:21: select * from `doctors` where `users_id` = 6 and `doctors`.`deleted_at` is null limit 1
2018-08-22 21:41:21: select * from `services` where `members_id` = '64' and `payment_status` = 1 and `services`.`deleted_at` is null order by `id` desc limit 1
2018-08-22 21:41:29: select count(*) as aggregate from `users` where `id` = '64'
2018-08-22 21:41:29: select * from `users` where `id` = '64' and `users`.`deleted_at` is null limit 1
2018-08-22 21:41:29: select * from `users` where `city_id` = 18 and `login_type` = '2' and `online` = 1 and `users`.`deleted_at` is null order by `online_at` desc
2018-08-22 21:41:29: select * from `messages` where `source` = 'doctor' and `started_at` is not null and `messages`.`doctors_id` in (5, 6) and `members_id` = '64' order by `started_at` desc
2018-08-22 21:41:29: select * from `doctors` where `users_id` = 5 and `doctors`.`deleted_at` is null limit 1
2018-08-22 21:41:29: select * from `services` where `members_id` = '64' and `payment_status` = 1 and `services`.`deleted_at` is null order by `id` desc limit 1
2018-08-22 21:41:29: select * from `doctors` where `users_id` = 6 and `doctors`.`deleted_at` is null limit 1
2018-08-22 21:41:29: select * from `services` where `members_id` = '64' and `payment_status` = 1 and `services`.`deleted_at` is null order by `id` desc limit 1
