2018-01-14 09:32:56: select * from `users` where `id` = '21' and `users`.`deleted_at` is null limit 1
2018-01-14 09:32:56: select * from `doctors` where `doctors`.`users_id` = 21 and `doctors`.`users_id` is not null and `doctors`.`deleted_at` is null limit 1
2018-01-14 09:32:56: select count(*) as aggregate from `member_requests` where `member_requests`.`deleted_at` is null
2018-01-14 09:32:56: select count(*) as aggregate from `member_request_doctors` where `doctors_id` = '21'
2018-01-14 09:32:56: select count(*) as aggregate from `services` where `doctors_id` = '21' and `opened_at` is null and `services`.`deleted_at` is null
2018-01-14 09:32:56: select * from `messages` where `doctors_id` = '21' and `doctor_readed_at` is null and `visible` = 1 order by `created_at` desc
2018-01-14 09:32:56: select * from `parameters` where `type` = 'banner'
2018-01-14 09:32:56: select * from `parameters` where `type` = 'setting' and `key` = 'service_email' limit 1
2018-01-14 09:33:13: select * from `users` where `id` = '21' and `users`.`deleted_at` is null limit 1
2018-01-14 09:33:13: select * from `doctors` where `doctors`.`users_id` = 21 and `doctors`.`users_id` is not null and `doctors`.`deleted_at` is null limit 1
2018-01-14 09:33:13: select count(*) as aggregate from `member_requests` where `member_requests`.`deleted_at` is null
2018-01-14 09:33:13: select count(*) as aggregate from `member_request_doctors` where `doctors_id` = '21'
2018-01-14 09:33:13: select count(*) as aggregate from `services` where `doctors_id` = '21' and `opened_at` is null and `services`.`deleted_at` is null
2018-01-14 09:33:13: select * from `messages` where `doctors_id` = '21' and `doctor_readed_at` is null and `visible` = 1 order by `created_at` desc
2018-01-14 09:33:13: select * from `parameters` where `type` = 'banner'
2018-01-14 09:33:13: select * from `parameters` where `type` = 'setting' and `key` = 'service_email' limit 1
2018-01-14 09:33:14: select * from `users` where `id` = '21' and `login_type` = 2 and `status` = 1 and `users`.`deleted_at` is null limit 1
2018-01-14 09:33:14: select * from `doctors` where `doctors`.`users_id` in (21) and `doctors`.`deleted_at` is null
2018-01-14 09:33:14: select * from `services` where `doctors_id` = '21' and `members_id` is not null and `services`.`deleted_at` is null
2018-01-14 09:33:14: select * from `services` where `doctors_id` = '21' and 0 = 1 and `payment_status` = 1 and `services`.`deleted_at` is null order by `created_at` desc
2018-01-14 09:33:14: select * from `parameters` where `type` = 'setting' and `key` = 'message_expire_time' limit 1
2018-01-14 09:33:14: update `services` set `opened_at` = '2018-01-14 09:33:14', `updated_at` = '2018-01-14 09:33:14' where `doctors_id` = '21' and `opened_at` is null and `services`.`deleted_at` is null
2018-01-14 09:33:16: select * from `users` where `id` = '21' and `users`.`deleted_at` is null limit 1
2018-01-14 09:33:16: select * from `doctors` where `doctors`.`users_id` = 21 and `doctors`.`users_id` is not null and `doctors`.`deleted_at` is null limit 1
2018-01-14 09:33:16: select count(*) as aggregate from `member_requests` where `member_requests`.`deleted_at` is null
2018-01-14 09:33:16: select count(*) as aggregate from `member_request_doctors` where `doctors_id` = '21'
2018-01-14 09:33:16: select count(*) as aggregate from `services` where `doctors_id` = '21' and `opened_at` is null and `services`.`deleted_at` is null
2018-01-14 09:33:16: select * from `messages` where `doctors_id` = '21' and `doctor_readed_at` is null and `visible` = 1 order by `created_at` desc
2018-01-14 09:33:16: select * from `parameters` where `type` = 'banner'
2018-01-14 09:33:16: select * from `parameters` where `type` = 'setting' and `key` = 'service_email' limit 1
2018-01-14 19:54:34: select * from `users` where `id` = '21' and `users`.`deleted_at` is null limit 1
2018-01-14 19:54:34: select * from `doctors` where `doctors`.`users_id` = 21 and `doctors`.`users_id` is not null and `doctors`.`deleted_at` is null limit 1
2018-01-14 19:54:34: select count(*) as aggregate from `member_requests` where `member_requests`.`deleted_at` is null
2018-01-14 19:54:34: select count(*) as aggregate from `member_request_doctors` where `doctors_id` = '21'
2018-01-14 19:54:34: select count(*) as aggregate from `services` where `doctors_id` = '21' and `opened_at` is null and `services`.`deleted_at` is null
2018-01-14 19:54:34: select * from `messages` where `doctors_id` = '21' and `doctor_readed_at` is null and `visible` = 1 order by `created_at` desc
2018-01-14 19:54:34: select * from `parameters` where `type` = 'banner'
2018-01-14 19:54:34: select * from `parameters` where `type` = 'setting' and `key` = 'service_email' limit 1
