2018-02-19 11:41:35: select count(*) as aggregate from `users` where `id` = '4'
2018-02-19 11:41:35: select * from `users` where `id` = '4' and `users`.`deleted_at` is null limit 1
2018-02-19 11:41:35: select * from `users` where `city_id` = 1 and `login_type` = '2' and `online` = 1 and `users`.`deleted_at` is null order by `online_at` desc
2018-02-19 11:41:35: select * from `messages` where `source` = 'doctor' and `started_at` is not null and `messages`.`doctors_id` in (9, 12, 13, 14, 15, 16, 17, 21, 22, 23, 24, 25, 26) and `members_id` = '4' order by `started_at` desc
2018-02-19 11:41:35: select * from `doctors` where `users_id` = 9 and `doctors`.`deleted_at` is null limit 1
2018-02-19 11:41:35: select * from `services` where `members_id` = '4' and `payment_status` = 1 and `services`.`deleted_at` is null order by `id` desc limit 1
2018-02-19 11:41:35: select * from `doctors` where `users_id` = 21 and `doctors`.`deleted_at` is null limit 1
2018-02-19 11:41:35: select * from `services` where `members_id` = '4' and `payment_status` = 1 and `services`.`deleted_at` is null order by `id` desc limit 1
2018-02-19 11:41:35: select * from `doctors` where `users_id` = 12 and `doctors`.`deleted_at` is null limit 1
2018-02-19 11:41:35: select * from `services` where `members_id` = '4' and `payment_status` = 1 and `services`.`deleted_at` is null order by `id` desc limit 1
2018-02-19 11:41:35: select * from `doctors` where `users_id` = 13 and `doctors`.`deleted_at` is null limit 1
2018-02-19 11:41:35: select * from `services` where `members_id` = '4' and `payment_status` = 1 and `services`.`deleted_at` is null order by `id` desc limit 1
2018-02-19 11:41:35: select * from `doctors` where `users_id` = 14 and `doctors`.`deleted_at` is null limit 1
2018-02-19 11:41:35: select * from `services` where `members_id` = '4' and `payment_status` = 1 and `services`.`deleted_at` is null order by `id` desc limit 1
2018-02-19 11:41:35: select * from `doctors` where `users_id` = 15 and `doctors`.`deleted_at` is null limit 1
2018-02-19 11:41:35: select * from `services` where `members_id` = '4' and `payment_status` = 1 and `services`.`deleted_at` is null order by `id` desc limit 1
2018-02-19 11:41:35: select * from `doctors` where `users_id` = 16 and `doctors`.`deleted_at` is null limit 1
2018-02-19 11:41:35: select * from `services` where `members_id` = '4' and `payment_status` = 1 and `services`.`deleted_at` is null order by `id` desc limit 1
2018-02-19 11:41:35: select * from `doctors` where `users_id` = 17 and `doctors`.`deleted_at` is null limit 1
2018-02-19 11:41:35: select * from `services` where `members_id` = '4' and `payment_status` = 1 and `services`.`deleted_at` is null order by `id` desc limit 1
2018-02-19 11:41:35: select * from `doctors` where `users_id` = 22 and `doctors`.`deleted_at` is null limit 1
2018-02-19 11:41:35: select * from `services` where `members_id` = '4' and `payment_status` = 1 and `services`.`deleted_at` is null order by `id` desc limit 1
2018-02-19 11:41:35: select * from `doctors` where `users_id` = 23 and `doctors`.`deleted_at` is null limit 1
2018-02-19 11:41:35: select * from `services` where `members_id` = '4' and `payment_status` = 1 and `services`.`deleted_at` is null order by `id` desc limit 1
2018-02-19 11:41:35: select * from `doctors` where `users_id` = 24 and `doctors`.`deleted_at` is null limit 1
2018-02-19 11:41:35: select * from `services` where `members_id` = '4' and `payment_status` = 1 and `services`.`deleted_at` is null order by `id` desc limit 1
2018-02-19 11:41:35: select * from `doctors` where `users_id` = 25 and `doctors`.`deleted_at` is null limit 1
2018-02-19 11:41:35: select * from `services` where `members_id` = '4' and `payment_status` = 1 and `services`.`deleted_at` is null order by `id` desc limit 1
2018-02-19 11:41:35: select * from `doctors` where `users_id` = 26 and `doctors`.`deleted_at` is null limit 1
2018-02-19 11:41:35: select * from `services` where `members_id` = '4' and `payment_status` = 1 and `services`.`deleted_at` is null order by `id` desc limit 1
2018-02-19 11:42:13: select count(*) as aggregate from `users` where `id` = '4'
2018-02-19 11:42:13: select * from `users` where `id` = '4' and `users`.`deleted_at` is null limit 1
2018-02-19 11:42:13: select * from `users` where `city_id` = 1 and `login_type` = '2' and `online` = 1 and `users`.`deleted_at` is null order by `online_at` desc
2018-02-19 11:42:13: select * from `messages` where `source` = 'doctor' and `started_at` is not null and `messages`.`doctors_id` in (9, 12, 13, 14, 15, 16, 17, 21, 22, 23, 24, 25, 26) and `members_id` = '4' order by `started_at` desc
2018-02-19 11:42:13: select * from `doctors` where `users_id` = 9 and `doctors`.`deleted_at` is null limit 1
2018-02-19 11:42:13: select * from `services` where `members_id` = '4' and `payment_status` = 1 and `services`.`deleted_at` is null order by `id` desc limit 1
2018-02-19 11:42:13: select * from `doctors` where `users_id` = 21 and `doctors`.`deleted_at` is null limit 1
2018-02-19 11:42:13: select * from `services` where `members_id` = '4' and `payment_status` = 1 and `services`.`deleted_at` is null order by `id` desc limit 1
2018-02-19 11:42:13: select * from `doctors` where `users_id` = 12 and `doctors`.`deleted_at` is null limit 1
2018-02-19 11:42:13: select * from `services` where `members_id` = '4' and `payment_status` = 1 and `services`.`deleted_at` is null order by `id` desc limit 1
2018-02-19 11:42:13: select * from `doctors` where `users_id` = 13 and `doctors`.`deleted_at` is null limit 1
2018-02-19 11:42:13: select * from `services` where `members_id` = '4' and `payment_status` = 1 and `services`.`deleted_at` is null order by `id` desc limit 1
2018-02-19 11:42:13: select * from `doctors` where `users_id` = 14 and `doctors`.`deleted_at` is null limit 1
2018-02-19 11:42:13: select * from `services` where `members_id` = '4' and `payment_status` = 1 and `services`.`deleted_at` is null order by `id` desc limit 1
2018-02-19 11:42:13: select * from `doctors` where `users_id` = 15 and `doctors`.`deleted_at` is null limit 1
2018-02-19 11:42:13: select * from `services` where `members_id` = '4' and `payment_status` = 1 and `services`.`deleted_at` is null order by `id` desc limit 1
2018-02-19 11:42:13: select * from `doctors` where `users_id` = 16 and `doctors`.`deleted_at` is null limit 1
2018-02-19 11:42:13: select * from `services` where `members_id` = '4' and `payment_status` = 1 and `services`.`deleted_at` is null order by `id` desc limit 1
2018-02-19 11:42:13: select * from `doctors` where `users_id` = 17 and `doctors`.`deleted_at` is null limit 1
2018-02-19 11:42:13: select * from `services` where `members_id` = '4' and `payment_status` = 1 and `services`.`deleted_at` is null order by `id` desc limit 1
2018-02-19 11:42:13: select * from `doctors` where `users_id` = 22 and `doctors`.`deleted_at` is null limit 1
2018-02-19 11:42:13: select * from `services` where `members_id` = '4' and `payment_status` = 1 and `services`.`deleted_at` is null order by `id` desc limit 1
2018-02-19 11:42:13: select * from `doctors` where `users_id` = 23 and `doctors`.`deleted_at` is null limit 1
2018-02-19 11:42:13: select * from `services` where `members_id` = '4' and `payment_status` = 1 and `services`.`deleted_at` is null order by `id` desc limit 1
2018-02-19 11:42:13: select * from `doctors` where `users_id` = 24 and `doctors`.`deleted_at` is null limit 1
2018-02-19 11:42:13: select * from `services` where `members_id` = '4' and `payment_status` = 1 and `services`.`deleted_at` is null order by `id` desc limit 1
2018-02-19 11:42:13: select * from `doctors` where `users_id` = 25 and `doctors`.`deleted_at` is null limit 1
2018-02-19 11:42:13: select * from `services` where `members_id` = '4' and `payment_status` = 1 and `services`.`deleted_at` is null order by `id` desc limit 1
2018-02-19 11:42:13: select * from `doctors` where `users_id` = 26 and `doctors`.`deleted_at` is null limit 1
2018-02-19 11:42:13: select * from `services` where `members_id` = '4' and `payment_status` = 1 and `services`.`deleted_at` is null order by `id` desc limit 1
2018-02-19 11:55:47: select * from `users` where `id` = '2' and `users`.`deleted_at` is null limit 1
2018-02-19 11:55:47: select * from `doctors` where `doctors`.`users_id` = 2 and `doctors`.`users_id` is not null and `doctors`.`deleted_at` is null limit 1
2018-02-19 11:55:47: select count(*) as aggregate from `member_requests` where `member_requests`.`deleted_at` is null
2018-02-19 11:55:47: select count(*) as aggregate from `member_request_doctors` where `doctors_id` = '2'
2018-02-19 11:55:47: select count(*) as aggregate from `services` where `doctors_id` = '2' and `opened_at` is null and `services`.`deleted_at` is null
2018-02-19 11:55:47: select * from `messages` where `doctors_id` = '2' and `doctor_readed_at` is null and `visible` = 1 order by `created_at` desc
2018-02-19 11:55:47: select * from `parameters` where `type` = 'banner'
2018-02-19 11:55:47: select * from `parameters` where `type` = 'setting' and `key` = 'service_email' limit 1
2018-02-19 12:02:27: select count(*) as aggregate from `users` where `id` = '4'
2018-02-19 12:02:27: select * from `users` where `id` = '4' and `users`.`deleted_at` is null limit 1
2018-02-19 12:02:27: select * from `users` where `city_id` = 1 and `login_type` = '2' and `online` = 1 and `users`.`deleted_at` is null order by `online_at` desc
2018-02-19 12:02:27: select * from `messages` where `source` = 'doctor' and `started_at` is not null and `messages`.`doctors_id` in (9, 12, 13, 14, 15, 16, 17, 21, 22, 23, 24, 25, 26) and `members_id` = '4' order by `started_at` desc
2018-02-19 12:02:27: select * from `doctors` where `users_id` = 9 and `doctors`.`deleted_at` is null limit 1
2018-02-19 12:02:27: select * from `services` where `members_id` = '4' and `payment_status` = 1 and `services`.`deleted_at` is null order by `id` desc limit 1
2018-02-19 12:02:27: select * from `doctors` where `users_id` = 21 and `doctors`.`deleted_at` is null limit 1
2018-02-19 12:02:27: select * from `services` where `members_id` = '4' and `payment_status` = 1 and `services`.`deleted_at` is null order by `id` desc limit 1
2018-02-19 12:02:27: select * from `doctors` where `users_id` = 12 and `doctors`.`deleted_at` is null limit 1
2018-02-19 12:02:27: select * from `services` where `members_id` = '4' and `payment_status` = 1 and `services`.`deleted_at` is null order by `id` desc limit 1
2018-02-19 12:02:27: select * from `doctors` where `users_id` = 13 and `doctors`.`deleted_at` is null limit 1
2018-02-19 12:02:27: select * from `services` where `members_id` = '4' and `payment_status` = 1 and `services`.`deleted_at` is null order by `id` desc limit 1
2018-02-19 12:02:27: select * from `doctors` where `users_id` = 14 and `doctors`.`deleted_at` is null limit 1
2018-02-19 12:02:27: select * from `services` where `members_id` = '4' and `payment_status` = 1 and `services`.`deleted_at` is null order by `id` desc limit 1
2018-02-19 12:02:27: select * from `doctors` where `users_id` = 15 and `doctors`.`deleted_at` is null limit 1
2018-02-19 12:02:27: select * from `services` where `members_id` = '4' and `payment_status` = 1 and `services`.`deleted_at` is null order by `id` desc limit 1
2018-02-19 12:02:27: select * from `doctors` where `users_id` = 16 and `doctors`.`deleted_at` is null limit 1
2018-02-19 12:02:27: select * from `services` where `members_id` = '4' and `payment_status` = 1 and `services`.`deleted_at` is null order by `id` desc limit 1
2018-02-19 12:02:27: select * from `doctors` where `users_id` = 17 and `doctors`.`deleted_at` is null limit 1
2018-02-19 12:02:27: select * from `services` where `members_id` = '4' and `payment_status` = 1 and `services`.`deleted_at` is null order by `id` desc limit 1
2018-02-19 12:02:27: select * from `doctors` where `users_id` = 22 and `doctors`.`deleted_at` is null limit 1
2018-02-19 12:02:27: select * from `services` where `members_id` = '4' and `payment_status` = 1 and `services`.`deleted_at` is null order by `id` desc limit 1
2018-02-19 12:02:27: select * from `doctors` where `users_id` = 23 and `doctors`.`deleted_at` is null limit 1
2018-02-19 12:02:27: select * from `services` where `members_id` = '4' and `payment_status` = 1 and `services`.`deleted_at` is null order by `id` desc limit 1
2018-02-19 12:02:27: select * from `doctors` where `users_id` = 24 and `doctors`.`deleted_at` is null limit 1
2018-02-19 12:02:27: select * from `services` where `members_id` = '4' and `payment_status` = 1 and `services`.`deleted_at` is null order by `id` desc limit 1
2018-02-19 12:02:27: select * from `doctors` where `users_id` = 25 and `doctors`.`deleted_at` is null limit 1
2018-02-19 12:02:27: select * from `services` where `members_id` = '4' and `payment_status` = 1 and `services`.`deleted_at` is null order by `id` desc limit 1
2018-02-19 12:02:27: select * from `doctors` where `users_id` = 26 and `doctors`.`deleted_at` is null limit 1
2018-02-19 12:02:27: select * from `services` where `members_id` = '4' and `payment_status` = 1 and `services`.`deleted_at` is null order by `id` desc limit 1
2018-02-19 12:02:33: select count(*) as aggregate from `users` where `id` = '4'
2018-02-19 12:02:33: select * from `users` where `id` = '4' and `users`.`deleted_at` is null limit 1
2018-02-19 12:02:33: select * from `users` where `city_id` = 1 and `login_type` = '2' and `online` = 1 and `users`.`deleted_at` is null order by `online_at` desc
2018-02-19 12:02:33: select * from `messages` where `source` = 'doctor' and `started_at` is not null and `messages`.`doctors_id` in (9, 12, 13, 14, 15, 16, 17, 21, 22, 23, 24, 25, 26) and `members_id` = '4' order by `started_at` desc
2018-02-19 12:02:33: select * from `doctors` where `users_id` = 9 and `doctors`.`deleted_at` is null limit 1
2018-02-19 12:02:33: select * from `services` where `members_id` = '4' and `payment_status` = 1 and `services`.`deleted_at` is null order by `id` desc limit 1
2018-02-19 12:02:33: select * from `doctors` where `users_id` = 21 and `doctors`.`deleted_at` is null limit 1
2018-02-19 12:02:33: select * from `services` where `members_id` = '4' and `payment_status` = 1 and `services`.`deleted_at` is null order by `id` desc limit 1
2018-02-19 12:02:33: select * from `doctors` where `users_id` = 12 and `doctors`.`deleted_at` is null limit 1
2018-02-19 12:02:33: select * from `services` where `members_id` = '4' and `payment_status` = 1 and `services`.`deleted_at` is null order by `id` desc limit 1
2018-02-19 12:02:33: select * from `doctors` where `users_id` = 13 and `doctors`.`deleted_at` is null limit 1
2018-02-19 12:02:33: select * from `services` where `members_id` = '4' and `payment_status` = 1 and `services`.`deleted_at` is null order by `id` desc limit 1
2018-02-19 12:02:33: select * from `doctors` where `users_id` = 14 and `doctors`.`deleted_at` is null limit 1
2018-02-19 12:02:33: select * from `services` where `members_id` = '4' and `payment_status` = 1 and `services`.`deleted_at` is null order by `id` desc limit 1
2018-02-19 12:02:33: select * from `doctors` where `users_id` = 15 and `doctors`.`deleted_at` is null limit 1
2018-02-19 12:02:33: select * from `services` where `members_id` = '4' and `payment_status` = 1 and `services`.`deleted_at` is null order by `id` desc limit 1
2018-02-19 12:02:33: select * from `doctors` where `users_id` = 16 and `doctors`.`deleted_at` is null limit 1
2018-02-19 12:02:33: select * from `services` where `members_id` = '4' and `payment_status` = 1 and `services`.`deleted_at` is null order by `id` desc limit 1
2018-02-19 12:02:33: select * from `doctors` where `users_id` = 17 and `doctors`.`deleted_at` is null limit 1
2018-02-19 12:02:33: select * from `services` where `members_id` = '4' and `payment_status` = 1 and `services`.`deleted_at` is null order by `id` desc limit 1
2018-02-19 12:02:33: select * from `doctors` where `users_id` = 22 and `doctors`.`deleted_at` is null limit 1
2018-02-19 12:02:33: select * from `services` where `members_id` = '4' and `payment_status` = 1 and `services`.`deleted_at` is null order by `id` desc limit 1
2018-02-19 12:02:33: select * from `doctors` where `users_id` = 23 and `doctors`.`deleted_at` is null limit 1
2018-02-19 12:02:33: select * from `services` where `members_id` = '4' and `payment_status` = 1 and `services`.`deleted_at` is null order by `id` desc limit 1
2018-02-19 12:02:33: select * from `doctors` where `users_id` = 24 and `doctors`.`deleted_at` is null limit 1
2018-02-19 12:02:33: select * from `services` where `members_id` = '4' and `payment_status` = 1 and `services`.`deleted_at` is null order by `id` desc limit 1
2018-02-19 12:02:33: select * from `doctors` where `users_id` = 25 and `doctors`.`deleted_at` is null limit 1
2018-02-19 12:02:33: select * from `services` where `members_id` = '4' and `payment_status` = 1 and `services`.`deleted_at` is null order by `id` desc limit 1
2018-02-19 12:02:33: select * from `doctors` where `users_id` = 26 and `doctors`.`deleted_at` is null limit 1
2018-02-19 12:02:33: select * from `services` where `members_id` = '4' and `payment_status` = 1 and `services`.`deleted_at` is null order by `id` desc limit 1
2018-02-19 12:02:40: select count(*) as aggregate from `users` where `id` = '4'
2018-02-19 12:02:40: select * from `users` where `id` = '4' and `users`.`deleted_at` is null limit 1
2018-02-19 12:02:40: select * from `users` where `city_id` = 1 and `login_type` = '2' and `online` = 1 and `users`.`deleted_at` is null order by `online_at` desc
2018-02-19 12:02:40: select * from `messages` where `source` = 'doctor' and `started_at` is not null and `messages`.`doctors_id` in (9, 12, 13, 14, 15, 16, 17, 21, 22, 23, 24, 25, 26) and `members_id` = '4' order by `started_at` desc
2018-02-19 12:02:40: select * from `doctors` where `users_id` = 9 and `doctors`.`deleted_at` is null limit 1
2018-02-19 12:02:40: select * from `services` where `members_id` = '4' and `payment_status` = 1 and `services`.`deleted_at` is null order by `id` desc limit 1
2018-02-19 12:02:40: select * from `doctors` where `users_id` = 21 and `doctors`.`deleted_at` is null limit 1
2018-02-19 12:02:40: select * from `services` where `members_id` = '4' and `payment_status` = 1 and `services`.`deleted_at` is null order by `id` desc limit 1
2018-02-19 12:02:40: select * from `doctors` where `users_id` = 12 and `doctors`.`deleted_at` is null limit 1
2018-02-19 12:02:40: select * from `services` where `members_id` = '4' and `payment_status` = 1 and `services`.`deleted_at` is null order by `id` desc limit 1
2018-02-19 12:02:40: select * from `doctors` where `users_id` = 13 and `doctors`.`deleted_at` is null limit 1
2018-02-19 12:02:40: select * from `services` where `members_id` = '4' and `payment_status` = 1 and `services`.`deleted_at` is null order by `id` desc limit 1
2018-02-19 12:02:40: select * from `doctors` where `users_id` = 14 and `doctors`.`deleted_at` is null limit 1
2018-02-19 12:02:40: select * from `services` where `members_id` = '4' and `payment_status` = 1 and `services`.`deleted_at` is null order by `id` desc limit 1
2018-02-19 12:02:40: select * from `doctors` where `users_id` = 15 and `doctors`.`deleted_at` is null limit 1
2018-02-19 12:02:40: select * from `services` where `members_id` = '4' and `payment_status` = 1 and `services`.`deleted_at` is null order by `id` desc limit 1
2018-02-19 12:02:40: select * from `doctors` where `users_id` = 16 and `doctors`.`deleted_at` is null limit 1
2018-02-19 12:02:40: select * from `services` where `members_id` = '4' and `payment_status` = 1 and `services`.`deleted_at` is null order by `id` desc limit 1
2018-02-19 12:02:40: select * from `doctors` where `users_id` = 17 and `doctors`.`deleted_at` is null limit 1
2018-02-19 12:02:40: select * from `services` where `members_id` = '4' and `payment_status` = 1 and `services`.`deleted_at` is null order by `id` desc limit 1
2018-02-19 12:02:40: select * from `doctors` where `users_id` = 22 and `doctors`.`deleted_at` is null limit 1
2018-02-19 12:02:40: select * from `services` where `members_id` = '4' and `payment_status` = 1 and `services`.`deleted_at` is null order by `id` desc limit 1
2018-02-19 12:02:40: select * from `doctors` where `users_id` = 23 and `doctors`.`deleted_at` is null limit 1
2018-02-19 12:02:40: select * from `services` where `members_id` = '4' and `payment_status` = 1 and `services`.`deleted_at` is null order by `id` desc limit 1
2018-02-19 12:02:40: select * from `doctors` where `users_id` = 24 and `doctors`.`deleted_at` is null limit 1
2018-02-19 12:02:40: select * from `services` where `members_id` = '4' and `payment_status` = 1 and `services`.`deleted_at` is null order by `id` desc limit 1
2018-02-19 12:02:40: select * from `doctors` where `users_id` = 25 and `doctors`.`deleted_at` is null limit 1
2018-02-19 12:02:40: select * from `services` where `members_id` = '4' and `payment_status` = 1 and `services`.`deleted_at` is null order by `id` desc limit 1
2018-02-19 12:02:40: select * from `doctors` where `users_id` = 26 and `doctors`.`deleted_at` is null limit 1
2018-02-19 12:02:40: select * from `services` where `members_id` = '4' and `payment_status` = 1 and `services`.`deleted_at` is null order by `id` desc limit 1
2018-02-19 12:03:08: select count(*) as aggregate from `users` where `id` = '4'
2018-02-19 12:03:08: select * from `users` where `id` = '4' and `users`.`deleted_at` is null limit 1
2018-02-19 12:03:08: select * from `users` where `city_id` = 1 and `login_type` = '2' and `online` = 1 and `users`.`deleted_at` is null order by `online_at` desc
2018-02-19 12:03:08: select * from `messages` where `source` = 'doctor' and `started_at` is not null and `messages`.`doctors_id` in (2, 9, 12, 13, 14, 15, 16, 17, 21, 22, 23, 24, 25, 26) and `members_id` = '4' order by `started_at` desc
2018-02-19 12:03:08: select * from `doctors` where `users_id` = 2 and `doctors`.`deleted_at` is null limit 1
2018-02-19 12:03:08: select * from `services` where `members_id` = '4' and `payment_status` = 1 and `services`.`deleted_at` is null order by `id` desc limit 1
2018-02-19 12:03:08: select * from `doctors` where `users_id` = 9 and `doctors`.`deleted_at` is null limit 1
2018-02-19 12:03:08: select * from `services` where `members_id` = '4' and `payment_status` = 1 and `services`.`deleted_at` is null order by `id` desc limit 1
2018-02-19 12:03:08: select * from `doctors` where `users_id` = 21 and `doctors`.`deleted_at` is null limit 1
2018-02-19 12:03:08: select * from `services` where `members_id` = '4' and `payment_status` = 1 and `services`.`deleted_at` is null order by `id` desc limit 1
2018-02-19 12:03:08: select * from `doctors` where `users_id` = 12 and `doctors`.`deleted_at` is null limit 1
2018-02-19 12:03:08: select * from `services` where `members_id` = '4' and `payment_status` = 1 and `services`.`deleted_at` is null order by `id` desc limit 1
2018-02-19 12:03:08: select * from `doctors` where `users_id` = 13 and `doctors`.`deleted_at` is null limit 1
2018-02-19 12:03:08: select * from `services` where `members_id` = '4' and `payment_status` = 1 and `services`.`deleted_at` is null order by `id` desc limit 1
2018-02-19 12:03:08: select * from `doctors` where `users_id` = 14 and `doctors`.`deleted_at` is null limit 1
2018-02-19 12:03:08: select * from `services` where `members_id` = '4' and `payment_status` = 1 and `services`.`deleted_at` is null order by `id` desc limit 1
2018-02-19 12:03:08: select * from `doctors` where `users_id` = 15 and `doctors`.`deleted_at` is null limit 1
2018-02-19 12:03:08: select * from `services` where `members_id` = '4' and `payment_status` = 1 and `services`.`deleted_at` is null order by `id` desc limit 1
2018-02-19 12:03:08: select * from `doctors` where `users_id` = 16 and `doctors`.`deleted_at` is null limit 1
2018-02-19 12:03:08: select * from `services` where `members_id` = '4' and `payment_status` = 1 and `services`.`deleted_at` is null order by `id` desc limit 1
2018-02-19 12:03:08: select * from `doctors` where `users_id` = 17 and `doctors`.`deleted_at` is null limit 1
2018-02-19 12:03:08: select * from `services` where `members_id` = '4' and `payment_status` = 1 and `services`.`deleted_at` is null order by `id` desc limit 1
2018-02-19 12:03:08: select * from `doctors` where `users_id` = 22 and `doctors`.`deleted_at` is null limit 1
2018-02-19 12:03:08: select * from `services` where `members_id` = '4' and `payment_status` = 1 and `services`.`deleted_at` is null order by `id` desc limit 1
2018-02-19 12:03:08: select * from `doctors` where `users_id` = 23 and `doctors`.`deleted_at` is null limit 1
2018-02-19 12:03:08: select * from `services` where `members_id` = '4' and `payment_status` = 1 and `services`.`deleted_at` is null order by `id` desc limit 1
2018-02-19 12:03:08: select * from `doctors` where `users_id` = 24 and `doctors`.`deleted_at` is null limit 1
2018-02-19 12:03:08: select * from `services` where `members_id` = '4' and `payment_status` = 1 and `services`.`deleted_at` is null order by `id` desc limit 1
2018-02-19 12:03:08: select * from `doctors` where `users_id` = 25 and `doctors`.`deleted_at` is null limit 1
2018-02-19 12:03:08: select * from `services` where `members_id` = '4' and `payment_status` = 1 and `services`.`deleted_at` is null order by `id` desc limit 1
2018-02-19 12:03:08: select * from `doctors` where `users_id` = 26 and `doctors`.`deleted_at` is null limit 1
2018-02-19 12:03:08: select * from `services` where `members_id` = '4' and `payment_status` = 1 and `services`.`deleted_at` is null order by `id` desc limit 1
2018-02-19 12:03:16: select count(*) as aggregate from `users` where `id` = '4'
2018-02-19 12:03:16: select * from `users` where `id` = '4' and `users`.`deleted_at` is null limit 1
2018-02-19 12:03:16: select * from `users` where `city_id` = 1 and `login_type` = '2' and `online` = 1 and `users`.`deleted_at` is null order by `online_at` desc
2018-02-19 12:03:16: select * from `messages` where `source` = 'doctor' and `started_at` is not null and `messages`.`doctors_id` in (2, 9, 12, 13, 14, 15, 16, 17, 21, 22, 23, 24, 25, 26) and `members_id` = '4' order by `started_at` desc
2018-02-19 12:03:16: select * from `doctors` where `users_id` = 2 and `doctors`.`deleted_at` is null limit 1
2018-02-19 12:03:16: select * from `services` where `members_id` = '4' and `payment_status` = 1 and `services`.`deleted_at` is null order by `id` desc limit 1
2018-02-19 12:03:16: select * from `doctors` where `users_id` = 9 and `doctors`.`deleted_at` is null limit 1
2018-02-19 12:03:16: select * from `services` where `members_id` = '4' and `payment_status` = 1 and `services`.`deleted_at` is null order by `id` desc limit 1
2018-02-19 12:03:16: select * from `doctors` where `users_id` = 21 and `doctors`.`deleted_at` is null limit 1
2018-02-19 12:03:16: select * from `services` where `members_id` = '4' and `payment_status` = 1 and `services`.`deleted_at` is null order by `id` desc limit 1
2018-02-19 12:03:16: select * from `doctors` where `users_id` = 12 and `doctors`.`deleted_at` is null limit 1
2018-02-19 12:03:16: select * from `services` where `members_id` = '4' and `payment_status` = 1 and `services`.`deleted_at` is null order by `id` desc limit 1
2018-02-19 12:03:16: select * from `doctors` where `users_id` = 13 and `doctors`.`deleted_at` is null limit 1
2018-02-19 12:03:16: select * from `services` where `members_id` = '4' and `payment_status` = 1 and `services`.`deleted_at` is null order by `id` desc limit 1
2018-02-19 12:03:16: select * from `doctors` where `users_id` = 14 and `doctors`.`deleted_at` is null limit 1
2018-02-19 12:03:16: select * from `services` where `members_id` = '4' and `payment_status` = 1 and `services`.`deleted_at` is null order by `id` desc limit 1
2018-02-19 12:03:16: select * from `doctors` where `users_id` = 15 and `doctors`.`deleted_at` is null limit 1
2018-02-19 12:03:16: select * from `services` where `members_id` = '4' and `payment_status` = 1 and `services`.`deleted_at` is null order by `id` desc limit 1
2018-02-19 12:03:16: select * from `doctors` where `users_id` = 16 and `doctors`.`deleted_at` is null limit 1
2018-02-19 12:03:16: select * from `services` where `members_id` = '4' and `payment_status` = 1 and `services`.`deleted_at` is null order by `id` desc limit 1
2018-02-19 12:03:16: select * from `doctors` where `users_id` = 17 and `doctors`.`deleted_at` is null limit 1
2018-02-19 12:03:16: select * from `services` where `members_id` = '4' and `payment_status` = 1 and `services`.`deleted_at` is null order by `id` desc limit 1
2018-02-19 12:03:16: select * from `doctors` where `users_id` = 22 and `doctors`.`deleted_at` is null limit 1
2018-02-19 12:03:16: select * from `services` where `members_id` = '4' and `payment_status` = 1 and `services`.`deleted_at` is null order by `id` desc limit 1
2018-02-19 12:03:16: select * from `doctors` where `users_id` = 23 and `doctors`.`deleted_at` is null limit 1
2018-02-19 12:03:16: select * from `services` where `members_id` = '4' and `payment_status` = 1 and `services`.`deleted_at` is null order by `id` desc limit 1
2018-02-19 12:03:16: select * from `doctors` where `users_id` = 24 and `doctors`.`deleted_at` is null limit 1
2018-02-19 12:03:16: select * from `services` where `members_id` = '4' and `payment_status` = 1 and `services`.`deleted_at` is null order by `id` desc limit 1
2018-02-19 12:03:16: select * from `doctors` where `users_id` = 25 and `doctors`.`deleted_at` is null limit 1
2018-02-19 12:03:16: select * from `services` where `members_id` = '4' and `payment_status` = 1 and `services`.`deleted_at` is null order by `id` desc limit 1
2018-02-19 12:03:16: select * from `doctors` where `users_id` = 26 and `doctors`.`deleted_at` is null limit 1
2018-02-19 12:03:16: select * from `services` where `members_id` = '4' and `payment_status` = 1 and `services`.`deleted_at` is null order by `id` desc limit 1
2018-02-19 12:03:37: select count(*) as aggregate from `users` where `id` = '4'
2018-02-19 12:03:37: select * from `users` where `id` = '4' and `users`.`deleted_at` is null limit 1
2018-02-19 12:03:37: select * from `users` where `city_id` = 1 and `login_type` = '2' and `online` = 1 and `users`.`deleted_at` is null order by `online_at` desc
2018-02-19 12:03:37: select * from `messages` where `source` = 'doctor' and `started_at` is not null and `messages`.`doctors_id` in (2, 9, 12, 13, 14, 15, 16, 17, 21, 22, 23, 24, 25, 26) and `members_id` = '4' order by `started_at` desc
2018-02-19 12:03:37: select * from `doctors` where `users_id` = 2 and `doctors`.`deleted_at` is null limit 1
2018-02-19 12:03:37: select * from `services` where `members_id` = '4' and `payment_status` = 1 and `services`.`deleted_at` is null order by `id` desc limit 1
2018-02-19 12:03:37: select * from `doctors` where `users_id` = 9 and `doctors`.`deleted_at` is null limit 1
2018-02-19 12:03:37: select * from `services` where `members_id` = '4' and `payment_status` = 1 and `services`.`deleted_at` is null order by `id` desc limit 1
2018-02-19 12:03:37: select * from `doctors` where `users_id` = 21 and `doctors`.`deleted_at` is null limit 1
2018-02-19 12:03:37: select * from `services` where `members_id` = '4' and `payment_status` = 1 and `services`.`deleted_at` is null order by `id` desc limit 1
2018-02-19 12:03:37: select * from `doctors` where `users_id` = 12 and `doctors`.`deleted_at` is null limit 1
2018-02-19 12:03:37: select * from `services` where `members_id` = '4' and `payment_status` = 1 and `services`.`deleted_at` is null order by `id` desc limit 1
2018-02-19 12:03:37: select * from `doctors` where `users_id` = 13 and `doctors`.`deleted_at` is null limit 1
2018-02-19 12:03:37: select * from `services` where `members_id` = '4' and `payment_status` = 1 and `services`.`deleted_at` is null order by `id` desc limit 1
2018-02-19 12:03:37: select * from `doctors` where `users_id` = 14 and `doctors`.`deleted_at` is null limit 1
2018-02-19 12:03:37: select * from `services` where `members_id` = '4' and `payment_status` = 1 and `services`.`deleted_at` is null order by `id` desc limit 1
2018-02-19 12:03:37: select * from `doctors` where `users_id` = 15 and `doctors`.`deleted_at` is null limit 1
2018-02-19 12:03:37: select * from `services` where `members_id` = '4' and `payment_status` = 1 and `services`.`deleted_at` is null order by `id` desc limit 1
2018-02-19 12:03:37: select * from `doctors` where `users_id` = 16 and `doctors`.`deleted_at` is null limit 1
2018-02-19 12:03:37: select * from `services` where `members_id` = '4' and `payment_status` = 1 and `services`.`deleted_at` is null order by `id` desc limit 1
2018-02-19 12:03:37: select * from `doctors` where `users_id` = 17 and `doctors`.`deleted_at` is null limit 1
2018-02-19 12:03:37: select * from `services` where `members_id` = '4' and `payment_status` = 1 and `services`.`deleted_at` is null order by `id` desc limit 1
2018-02-19 12:03:37: select * from `doctors` where `users_id` = 22 and `doctors`.`deleted_at` is null limit 1
2018-02-19 12:03:37: select * from `services` where `members_id` = '4' and `payment_status` = 1 and `services`.`deleted_at` is null order by `id` desc limit 1
2018-02-19 12:03:37: select * from `doctors` where `users_id` = 23 and `doctors`.`deleted_at` is null limit 1
2018-02-19 12:03:37: select * from `services` where `members_id` = '4' and `payment_status` = 1 and `services`.`deleted_at` is null order by `id` desc limit 1
2018-02-19 12:03:37: select * from `doctors` where `users_id` = 24 and `doctors`.`deleted_at` is null limit 1
2018-02-19 12:03:37: select * from `services` where `members_id` = '4' and `payment_status` = 1 and `services`.`deleted_at` is null order by `id` desc limit 1
2018-02-19 12:03:37: select * from `doctors` where `users_id` = 25 and `doctors`.`deleted_at` is null limit 1
2018-02-19 12:03:37: select * from `services` where `members_id` = '4' and `payment_status` = 1 and `services`.`deleted_at` is null order by `id` desc limit 1
2018-02-19 12:03:37: select * from `doctors` where `users_id` = 26 and `doctors`.`deleted_at` is null limit 1
2018-02-19 12:03:37: select * from `services` where `members_id` = '4' and `payment_status` = 1 and `services`.`deleted_at` is null order by `id` desc limit 1
2018-02-19 12:03:48: select count(*) as aggregate from `users` where `id` = '4'
2018-02-19 12:03:48: select * from `users` where `id` = '4' and `users`.`deleted_at` is null limit 1
2018-02-19 12:03:48: select * from `users` where `city_id` = 1 and `login_type` = '2' and `online` = 1 and `users`.`deleted_at` is null order by `online_at` desc
2018-02-19 12:03:48: select * from `messages` where `source` = 'doctor' and `started_at` is not null and `messages`.`doctors_id` in (2, 9, 12, 13, 14, 15, 16, 17, 21, 22, 23, 24, 25, 26) and `members_id` = '4' order by `started_at` desc
2018-02-19 12:03:48: select * from `doctors` where `users_id` = 2 and `doctors`.`deleted_at` is null limit 1
2018-02-19 12:03:48: select * from `services` where `members_id` = '4' and `payment_status` = 1 and `services`.`deleted_at` is null order by `id` desc limit 1
2018-02-19 12:03:48: select * from `doctors` where `users_id` = 9 and `doctors`.`deleted_at` is null limit 1
2018-02-19 12:03:48: select * from `services` where `members_id` = '4' and `payment_status` = 1 and `services`.`deleted_at` is null order by `id` desc limit 1
2018-02-19 12:03:48: select * from `doctors` where `users_id` = 21 and `doctors`.`deleted_at` is null limit 1
2018-02-19 12:03:48: select * from `services` where `members_id` = '4' and `payment_status` = 1 and `services`.`deleted_at` is null order by `id` desc limit 1
2018-02-19 12:03:48: select * from `doctors` where `users_id` = 12 and `doctors`.`deleted_at` is null limit 1
2018-02-19 12:03:48: select * from `services` where `members_id` = '4' and `payment_status` = 1 and `services`.`deleted_at` is null order by `id` desc limit 1
2018-02-19 12:03:48: select * from `doctors` where `users_id` = 13 and `doctors`.`deleted_at` is null limit 1
2018-02-19 12:03:48: select * from `services` where `members_id` = '4' and `payment_status` = 1 and `services`.`deleted_at` is null order by `id` desc limit 1
2018-02-19 12:03:48: select * from `doctors` where `users_id` = 14 and `doctors`.`deleted_at` is null limit 1
2018-02-19 12:03:48: select * from `services` where `members_id` = '4' and `payment_status` = 1 and `services`.`deleted_at` is null order by `id` desc limit 1
2018-02-19 12:03:48: select * from `doctors` where `users_id` = 15 and `doctors`.`deleted_at` is null limit 1
2018-02-19 12:03:48: select * from `services` where `members_id` = '4' and `payment_status` = 1 and `services`.`deleted_at` is null order by `id` desc limit 1
2018-02-19 12:03:48: select * from `doctors` where `users_id` = 16 and `doctors`.`deleted_at` is null limit 1
2018-02-19 12:03:48: select * from `services` where `members_id` = '4' and `payment_status` = 1 and `services`.`deleted_at` is null order by `id` desc limit 1
2018-02-19 12:03:48: select * from `doctors` where `users_id` = 17 and `doctors`.`deleted_at` is null limit 1
2018-02-19 12:03:48: select * from `services` where `members_id` = '4' and `payment_status` = 1 and `services`.`deleted_at` is null order by `id` desc limit 1
2018-02-19 12:03:48: select * from `doctors` where `users_id` = 22 and `doctors`.`deleted_at` is null limit 1
2018-02-19 12:03:48: select * from `services` where `members_id` = '4' and `payment_status` = 1 and `services`.`deleted_at` is null order by `id` desc limit 1
2018-02-19 12:03:48: select * from `doctors` where `users_id` = 23 and `doctors`.`deleted_at` is null limit 1
2018-02-19 12:03:48: select * from `services` where `members_id` = '4' and `payment_status` = 1 and `services`.`deleted_at` is null order by `id` desc limit 1
2018-02-19 12:03:48: select * from `doctors` where `users_id` = 24 and `doctors`.`deleted_at` is null limit 1
2018-02-19 12:03:48: select * from `services` where `members_id` = '4' and `payment_status` = 1 and `services`.`deleted_at` is null order by `id` desc limit 1
2018-02-19 12:03:48: select * from `doctors` where `users_id` = 25 and `doctors`.`deleted_at` is null limit 1
2018-02-19 12:03:48: select * from `services` where `members_id` = '4' and `payment_status` = 1 and `services`.`deleted_at` is null order by `id` desc limit 1
2018-02-19 12:03:48: select * from `doctors` where `users_id` = 26 and `doctors`.`deleted_at` is null limit 1
2018-02-19 12:03:48: select * from `services` where `members_id` = '4' and `payment_status` = 1 and `services`.`deleted_at` is null order by `id` desc limit 1
2018-02-19 12:04:08: select count(*) as aggregate from `users` where `id` = '4'
2018-02-19 12:04:08: select * from `users` where `id` = '4' and `users`.`deleted_at` is null limit 1
2018-02-19 12:04:08: select * from `users` where `city_id` = 1 and `login_type` = '2' and `online` = 1 and `users`.`deleted_at` is null order by `online_at` desc
2018-02-19 12:04:08: select * from `messages` where `source` = 'doctor' and `started_at` is not null and `messages`.`doctors_id` in (2, 9, 12, 13, 14, 15, 16, 17, 21, 22, 23, 24, 25, 26) and `members_id` = '4' order by `started_at` desc
2018-02-19 12:04:08: select * from `doctors` where `users_id` = 2 and `doctors`.`deleted_at` is null limit 1
2018-02-19 12:04:08: select * from `services` where `members_id` = '4' and `payment_status` = 1 and `services`.`deleted_at` is null order by `id` desc limit 1
2018-02-19 12:04:08: select * from `doctors` where `users_id` = 9 and `doctors`.`deleted_at` is null limit 1
2018-02-19 12:04:08: select * from `services` where `members_id` = '4' and `payment_status` = 1 and `services`.`deleted_at` is null order by `id` desc limit 1
2018-02-19 12:04:08: select * from `doctors` where `users_id` = 21 and `doctors`.`deleted_at` is null limit 1
2018-02-19 12:04:08: select * from `services` where `members_id` = '4' and `payment_status` = 1 and `services`.`deleted_at` is null order by `id` desc limit 1
2018-02-19 12:04:08: select * from `doctors` where `users_id` = 12 and `doctors`.`deleted_at` is null limit 1
2018-02-19 12:04:08: select * from `services` where `members_id` = '4' and `payment_status` = 1 and `services`.`deleted_at` is null order by `id` desc limit 1
2018-02-19 12:04:08: select * from `doctors` where `users_id` = 13 and `doctors`.`deleted_at` is null limit 1
2018-02-19 12:04:08: select * from `services` where `members_id` = '4' and `payment_status` = 1 and `services`.`deleted_at` is null order by `id` desc limit 1
2018-02-19 12:04:08: select * from `doctors` where `users_id` = 14 and `doctors`.`deleted_at` is null limit 1
2018-02-19 12:04:08: select * from `services` where `members_id` = '4' and `payment_status` = 1 and `services`.`deleted_at` is null order by `id` desc limit 1
2018-02-19 12:04:08: select * from `doctors` where `users_id` = 15 and `doctors`.`deleted_at` is null limit 1
2018-02-19 12:04:08: select * from `services` where `members_id` = '4' and `payment_status` = 1 and `services`.`deleted_at` is null order by `id` desc limit 1
2018-02-19 12:04:08: select * from `doctors` where `users_id` = 16 and `doctors`.`deleted_at` is null limit 1
2018-02-19 12:04:08: select * from `services` where `members_id` = '4' and `payment_status` = 1 and `services`.`deleted_at` is null order by `id` desc limit 1
2018-02-19 12:04:08: select * from `doctors` where `users_id` = 17 and `doctors`.`deleted_at` is null limit 1
2018-02-19 12:04:08: select * from `services` where `members_id` = '4' and `payment_status` = 1 and `services`.`deleted_at` is null order by `id` desc limit 1
2018-02-19 12:04:08: select * from `doctors` where `users_id` = 22 and `doctors`.`deleted_at` is null limit 1
2018-02-19 12:04:08: select * from `services` where `members_id` = '4' and `payment_status` = 1 and `services`.`deleted_at` is null order by `id` desc limit 1
2018-02-19 12:04:08: select * from `doctors` where `users_id` = 23 and `doctors`.`deleted_at` is null limit 1
2018-02-19 12:04:08: select * from `services` where `members_id` = '4' and `payment_status` = 1 and `services`.`deleted_at` is null order by `id` desc limit 1
2018-02-19 12:04:08: select * from `doctors` where `users_id` = 24 and `doctors`.`deleted_at` is null limit 1
2018-02-19 12:04:08: select * from `services` where `members_id` = '4' and `payment_status` = 1 and `services`.`deleted_at` is null order by `id` desc limit 1
2018-02-19 12:04:08: select * from `doctors` where `users_id` = 25 and `doctors`.`deleted_at` is null limit 1
2018-02-19 12:04:08: select * from `services` where `members_id` = '4' and `payment_status` = 1 and `services`.`deleted_at` is null order by `id` desc limit 1
2018-02-19 12:04:08: select * from `doctors` where `users_id` = 26 and `doctors`.`deleted_at` is null limit 1
2018-02-19 12:04:08: select * from `services` where `members_id` = '4' and `payment_status` = 1 and `services`.`deleted_at` is null order by `id` desc limit 1
2018-02-19 12:04:15: select count(*) as aggregate from `users` where `id` = '4'
2018-02-19 12:04:15: select * from `users` where `id` = '4' and `users`.`deleted_at` is null limit 1
2018-02-19 12:04:15: select * from `users` where `city_id` = 1 and `login_type` = '2' and `online` = 1 and `users`.`deleted_at` is null order by `online_at` desc
2018-02-19 12:04:15: select * from `messages` where `source` = 'doctor' and `started_at` is not null and `messages`.`doctors_id` in (2, 9, 12, 13, 14, 15, 16, 17, 21, 22, 23, 24, 25, 26) and `members_id` = '4' order by `started_at` desc
2018-02-19 12:04:15: select * from `doctors` where `users_id` = 2 and `doctors`.`deleted_at` is null limit 1
2018-02-19 12:04:15: select * from `services` where `members_id` = '4' and `payment_status` = 1 and `services`.`deleted_at` is null order by `id` desc limit 1
2018-02-19 12:04:15: select * from `doctors` where `users_id` = 9 and `doctors`.`deleted_at` is null limit 1
2018-02-19 12:04:15: select * from `services` where `members_id` = '4' and `payment_status` = 1 and `services`.`deleted_at` is null order by `id` desc limit 1
2018-02-19 12:04:15: select * from `doctors` where `users_id` = 21 and `doctors`.`deleted_at` is null limit 1
2018-02-19 12:04:15: select * from `services` where `members_id` = '4' and `payment_status` = 1 and `services`.`deleted_at` is null order by `id` desc limit 1
2018-02-19 12:04:15: select * from `doctors` where `users_id` = 12 and `doctors`.`deleted_at` is null limit 1
2018-02-19 12:04:15: select * from `services` where `members_id` = '4' and `payment_status` = 1 and `services`.`deleted_at` is null order by `id` desc limit 1
2018-02-19 12:04:15: select * from `doctors` where `users_id` = 13 and `doctors`.`deleted_at` is null limit 1
2018-02-19 12:04:15: select * from `services` where `members_id` = '4' and `payment_status` = 1 and `services`.`deleted_at` is null order by `id` desc limit 1
2018-02-19 12:04:15: select * from `doctors` where `users_id` = 14 and `doctors`.`deleted_at` is null limit 1
2018-02-19 12:04:15: select * from `services` where `members_id` = '4' and `payment_status` = 1 and `services`.`deleted_at` is null order by `id` desc limit 1
2018-02-19 12:04:15: select * from `doctors` where `users_id` = 15 and `doctors`.`deleted_at` is null limit 1
2018-02-19 12:04:15: select * from `services` where `members_id` = '4' and `payment_status` = 1 and `services`.`deleted_at` is null order by `id` desc limit 1
2018-02-19 12:04:15: select * from `doctors` where `users_id` = 16 and `doctors`.`deleted_at` is null limit 1
2018-02-19 12:04:15: select * from `services` where `members_id` = '4' and `payment_status` = 1 and `services`.`deleted_at` is null order by `id` desc limit 1
2018-02-19 12:04:15: select * from `doctors` where `users_id` = 17 and `doctors`.`deleted_at` is null limit 1
2018-02-19 12:04:15: select * from `services` where `members_id` = '4' and `payment_status` = 1 and `services`.`deleted_at` is null order by `id` desc limit 1
2018-02-19 12:04:15: select * from `doctors` where `users_id` = 22 and `doctors`.`deleted_at` is null limit 1
2018-02-19 12:04:15: select * from `services` where `members_id` = '4' and `payment_status` = 1 and `services`.`deleted_at` is null order by `id` desc limit 1
2018-02-19 12:04:15: select * from `doctors` where `users_id` = 23 and `doctors`.`deleted_at` is null limit 1
2018-02-19 12:04:15: select * from `services` where `members_id` = '4' and `payment_status` = 1 and `services`.`deleted_at` is null order by `id` desc limit 1
2018-02-19 12:04:15: select * from `doctors` where `users_id` = 24 and `doctors`.`deleted_at` is null limit 1
2018-02-19 12:04:15: select * from `services` where `members_id` = '4' and `payment_status` = 1 and `services`.`deleted_at` is null order by `id` desc limit 1
2018-02-19 12:04:15: select * from `doctors` where `users_id` = 25 and `doctors`.`deleted_at` is null limit 1
2018-02-19 12:04:15: select * from `services` where `members_id` = '4' and `payment_status` = 1 and `services`.`deleted_at` is null order by `id` desc limit 1
2018-02-19 12:04:15: select * from `doctors` where `users_id` = 26 and `doctors`.`deleted_at` is null limit 1
2018-02-19 12:04:15: select * from `services` where `members_id` = '4' and `payment_status` = 1 and `services`.`deleted_at` is null order by `id` desc limit 1
2018-02-19 12:04:18: select count(*) as aggregate from `users` where `id` = '4'
2018-02-19 12:04:18: select * from `users` where `id` = '4' and `users`.`deleted_at` is null limit 1
2018-02-19 12:04:18: select * from `users` where `city_id` = 1 and `login_type` = '2' and `online` = 1 and `users`.`deleted_at` is null order by `online_at` desc
2018-02-19 12:04:18: select * from `messages` where `source` = 'doctor' and `started_at` is not null and `messages`.`doctors_id` in (2, 9, 12, 13, 14, 15, 16, 17, 21, 22, 23, 24, 25, 26) and `members_id` = '4' order by `started_at` desc
2018-02-19 12:04:18: select * from `doctors` where `users_id` = 2 and `doctors`.`deleted_at` is null limit 1
2018-02-19 12:04:18: select * from `services` where `members_id` = '4' and `payment_status` = 1 and `services`.`deleted_at` is null order by `id` desc limit 1
2018-02-19 12:04:18: select * from `doctors` where `users_id` = 9 and `doctors`.`deleted_at` is null limit 1
2018-02-19 12:04:18: select * from `services` where `members_id` = '4' and `payment_status` = 1 and `services`.`deleted_at` is null order by `id` desc limit 1
2018-02-19 12:04:18: select * from `doctors` where `users_id` = 21 and `doctors`.`deleted_at` is null limit 1
2018-02-19 12:04:18: select * from `services` where `members_id` = '4' and `payment_status` = 1 and `services`.`deleted_at` is null order by `id` desc limit 1
2018-02-19 12:04:18: select * from `doctors` where `users_id` = 12 and `doctors`.`deleted_at` is null limit 1
2018-02-19 12:04:18: select * from `services` where `members_id` = '4' and `payment_status` = 1 and `services`.`deleted_at` is null order by `id` desc limit 1
2018-02-19 12:04:18: select * from `doctors` where `users_id` = 13 and `doctors`.`deleted_at` is null limit 1
2018-02-19 12:04:18: select * from `services` where `members_id` = '4' and `payment_status` = 1 and `services`.`deleted_at` is null order by `id` desc limit 1
2018-02-19 12:04:18: select * from `doctors` where `users_id` = 14 and `doctors`.`deleted_at` is null limit 1
2018-02-19 12:04:18: select * from `services` where `members_id` = '4' and `payment_status` = 1 and `services`.`deleted_at` is null order by `id` desc limit 1
2018-02-19 12:04:18: select * from `doctors` where `users_id` = 15 and `doctors`.`deleted_at` is null limit 1
2018-02-19 12:04:18: select * from `services` where `members_id` = '4' and `payment_status` = 1 and `services`.`deleted_at` is null order by `id` desc limit 1
2018-02-19 12:04:18: select * from `doctors` where `users_id` = 16 and `doctors`.`deleted_at` is null limit 1
2018-02-19 12:04:18: select * from `services` where `members_id` = '4' and `payment_status` = 1 and `services`.`deleted_at` is null order by `id` desc limit 1
2018-02-19 12:04:18: select * from `doctors` where `users_id` = 17 and `doctors`.`deleted_at` is null limit 1
2018-02-19 12:04:18: select * from `services` where `members_id` = '4' and `payment_status` = 1 and `services`.`deleted_at` is null order by `id` desc limit 1
2018-02-19 12:04:18: select * from `doctors` where `users_id` = 22 and `doctors`.`deleted_at` is null limit 1
2018-02-19 12:04:18: select * from `services` where `members_id` = '4' and `payment_status` = 1 and `services`.`deleted_at` is null order by `id` desc limit 1
2018-02-19 12:04:18: select * from `doctors` where `users_id` = 23 and `doctors`.`deleted_at` is null limit 1
2018-02-19 12:04:18: select * from `services` where `members_id` = '4' and `payment_status` = 1 and `services`.`deleted_at` is null order by `id` desc limit 1
2018-02-19 12:04:18: select * from `doctors` where `users_id` = 24 and `doctors`.`deleted_at` is null limit 1
2018-02-19 12:04:18: select * from `services` where `members_id` = '4' and `payment_status` = 1 and `services`.`deleted_at` is null order by `id` desc limit 1
2018-02-19 12:04:18: select * from `doctors` where `users_id` = 25 and `doctors`.`deleted_at` is null limit 1
2018-02-19 12:04:18: select * from `services` where `members_id` = '4' and `payment_status` = 1 and `services`.`deleted_at` is null order by `id` desc limit 1
2018-02-19 12:04:18: select * from `doctors` where `users_id` = 26 and `doctors`.`deleted_at` is null limit 1
2018-02-19 12:04:18: select * from `services` where `members_id` = '4' and `payment_status` = 1 and `services`.`deleted_at` is null order by `id` desc limit 1
2018-02-19 12:04:23: select count(*) as aggregate from `users` where `id` = '4'
2018-02-19 12:04:23: select * from `users` where `id` = '4' and `users`.`deleted_at` is null limit 1
2018-02-19 12:04:23: select * from `users` where `city_id` = 1 and `login_type` = '2' and `online` = 1 and `users`.`deleted_at` is null order by `online_at` desc
2018-02-19 12:04:23: select * from `messages` where `source` = 'doctor' and `started_at` is not null and `messages`.`doctors_id` in (2, 9, 12, 13, 14, 15, 16, 17, 21, 22, 23, 24, 25, 26) and `members_id` = '4' order by `started_at` desc
2018-02-19 12:04:23: select * from `doctors` where `users_id` = 2 and `doctors`.`deleted_at` is null limit 1
2018-02-19 12:04:23: select * from `services` where `members_id` = '4' and `payment_status` = 1 and `services`.`deleted_at` is null order by `id` desc limit 1
2018-02-19 12:04:23: select * from `doctors` where `users_id` = 9 and `doctors`.`deleted_at` is null limit 1
2018-02-19 12:04:23: select * from `services` where `members_id` = '4' and `payment_status` = 1 and `services`.`deleted_at` is null order by `id` desc limit 1
2018-02-19 12:04:23: select * from `doctors` where `users_id` = 21 and `doctors`.`deleted_at` is null limit 1
2018-02-19 12:04:23: select * from `services` where `members_id` = '4' and `payment_status` = 1 and `services`.`deleted_at` is null order by `id` desc limit 1
2018-02-19 12:04:23: select * from `doctors` where `users_id` = 12 and `doctors`.`deleted_at` is null limit 1
2018-02-19 12:04:23: select * from `services` where `members_id` = '4' and `payment_status` = 1 and `services`.`deleted_at` is null order by `id` desc limit 1
2018-02-19 12:04:23: select * from `doctors` where `users_id` = 13 and `doctors`.`deleted_at` is null limit 1
2018-02-19 12:04:23: select * from `services` where `members_id` = '4' and `payment_status` = 1 and `services`.`deleted_at` is null order by `id` desc limit 1
2018-02-19 12:04:23: select * from `doctors` where `users_id` = 14 and `doctors`.`deleted_at` is null limit 1
2018-02-19 12:04:23: select * from `services` where `members_id` = '4' and `payment_status` = 1 and `services`.`deleted_at` is null order by `id` desc limit 1
2018-02-19 12:04:23: select * from `doctors` where `users_id` = 15 and `doctors`.`deleted_at` is null limit 1
2018-02-19 12:04:23: select * from `services` where `members_id` = '4' and `payment_status` = 1 and `services`.`deleted_at` is null order by `id` desc limit 1
2018-02-19 12:04:23: select * from `doctors` where `users_id` = 16 and `doctors`.`deleted_at` is null limit 1
2018-02-19 12:04:23: select * from `services` where `members_id` = '4' and `payment_status` = 1 and `services`.`deleted_at` is null order by `id` desc limit 1
2018-02-19 12:04:23: select * from `doctors` where `users_id` = 17 and `doctors`.`deleted_at` is null limit 1
2018-02-19 12:04:23: select * from `services` where `members_id` = '4' and `payment_status` = 1 and `services`.`deleted_at` is null order by `id` desc limit 1
2018-02-19 12:04:23: select * from `doctors` where `users_id` = 22 and `doctors`.`deleted_at` is null limit 1
2018-02-19 12:04:23: select * from `services` where `members_id` = '4' and `payment_status` = 1 and `services`.`deleted_at` is null order by `id` desc limit 1
2018-02-19 12:04:23: select * from `doctors` where `users_id` = 23 and `doctors`.`deleted_at` is null limit 1
2018-02-19 12:04:23: select * from `services` where `members_id` = '4' and `payment_status` = 1 and `services`.`deleted_at` is null order by `id` desc limit 1
2018-02-19 12:04:23: select * from `doctors` where `users_id` = 24 and `doctors`.`deleted_at` is null limit 1
2018-02-19 12:04:23: select * from `services` where `members_id` = '4' and `payment_status` = 1 and `services`.`deleted_at` is null order by `id` desc limit 1
2018-02-19 12:04:23: select * from `doctors` where `users_id` = 25 and `doctors`.`deleted_at` is null limit 1
2018-02-19 12:04:23: select * from `services` where `members_id` = '4' and `payment_status` = 1 and `services`.`deleted_at` is null order by `id` desc limit 1
2018-02-19 12:04:23: select * from `doctors` where `users_id` = 26 and `doctors`.`deleted_at` is null limit 1
2018-02-19 12:04:23: select * from `services` where `members_id` = '4' and `payment_status` = 1 and `services`.`deleted_at` is null order by `id` desc limit 1
2018-02-19 12:04:26: select count(*) as aggregate from `users` where `id` = '4'
2018-02-19 12:04:26: select * from `users` where `id` = '4' and `users`.`deleted_at` is null limit 1
2018-02-19 12:04:26: select * from `users` where `city_id` = 1 and `login_type` = '2' and `online` = 1 and `users`.`deleted_at` is null order by `online_at` desc
2018-02-19 12:04:26: select * from `messages` where `source` = 'doctor' and `started_at` is not null and `messages`.`doctors_id` in (2, 9, 12, 13, 14, 15, 16, 17, 21, 22, 23, 24, 25, 26) and `members_id` = '4' order by `started_at` desc
2018-02-19 12:04:26: select * from `doctors` where `users_id` = 2 and `doctors`.`deleted_at` is null limit 1
2018-02-19 12:04:26: select * from `services` where `members_id` = '4' and `payment_status` = 1 and `services`.`deleted_at` is null order by `id` desc limit 1
2018-02-19 12:04:26: select * from `doctors` where `users_id` = 9 and `doctors`.`deleted_at` is null limit 1
2018-02-19 12:04:26: select * from `services` where `members_id` = '4' and `payment_status` = 1 and `services`.`deleted_at` is null order by `id` desc limit 1
2018-02-19 12:04:26: select * from `doctors` where `users_id` = 21 and `doctors`.`deleted_at` is null limit 1
2018-02-19 12:04:26: select * from `services` where `members_id` = '4' and `payment_status` = 1 and `services`.`deleted_at` is null order by `id` desc limit 1
2018-02-19 12:04:26: select * from `doctors` where `users_id` = 12 and `doctors`.`deleted_at` is null limit 1
2018-02-19 12:04:26: select * from `services` where `members_id` = '4' and `payment_status` = 1 and `services`.`deleted_at` is null order by `id` desc limit 1
2018-02-19 12:04:26: select * from `doctors` where `users_id` = 13 and `doctors`.`deleted_at` is null limit 1
2018-02-19 12:04:26: select * from `services` where `members_id` = '4' and `payment_status` = 1 and `services`.`deleted_at` is null order by `id` desc limit 1
2018-02-19 12:04:26: select * from `doctors` where `users_id` = 14 and `doctors`.`deleted_at` is null limit 1
2018-02-19 12:04:26: select * from `services` where `members_id` = '4' and `payment_status` = 1 and `services`.`deleted_at` is null order by `id` desc limit 1
2018-02-19 12:04:26: select * from `doctors` where `users_id` = 15 and `doctors`.`deleted_at` is null limit 1
2018-02-19 12:04:26: select * from `services` where `members_id` = '4' and `payment_status` = 1 and `services`.`deleted_at` is null order by `id` desc limit 1
2018-02-19 12:04:26: select * from `doctors` where `users_id` = 16 and `doctors`.`deleted_at` is null limit 1
2018-02-19 12:04:26: select * from `services` where `members_id` = '4' and `payment_status` = 1 and `services`.`deleted_at` is null order by `id` desc limit 1
2018-02-19 12:04:26: select * from `doctors` where `users_id` = 17 and `doctors`.`deleted_at` is null limit 1
2018-02-19 12:04:26: select * from `services` where `members_id` = '4' and `payment_status` = 1 and `services`.`deleted_at` is null order by `id` desc limit 1
2018-02-19 12:04:26: select * from `doctors` where `users_id` = 22 and `doctors`.`deleted_at` is null limit 1
2018-02-19 12:04:26: select * from `services` where `members_id` = '4' and `payment_status` = 1 and `services`.`deleted_at` is null order by `id` desc limit 1
2018-02-19 12:04:26: select * from `doctors` where `users_id` = 23 and `doctors`.`deleted_at` is null limit 1
2018-02-19 12:04:26: select * from `services` where `members_id` = '4' and `payment_status` = 1 and `services`.`deleted_at` is null order by `id` desc limit 1
2018-02-19 12:04:26: select * from `doctors` where `users_id` = 24 and `doctors`.`deleted_at` is null limit 1
2018-02-19 12:04:26: select * from `services` where `members_id` = '4' and `payment_status` = 1 and `services`.`deleted_at` is null order by `id` desc limit 1
2018-02-19 12:04:26: select * from `doctors` where `users_id` = 25 and `doctors`.`deleted_at` is null limit 1
2018-02-19 12:04:26: select * from `services` where `members_id` = '4' and `payment_status` = 1 and `services`.`deleted_at` is null order by `id` desc limit 1
2018-02-19 12:04:26: select * from `doctors` where `users_id` = 26 and `doctors`.`deleted_at` is null limit 1
2018-02-19 12:04:26: select * from `services` where `members_id` = '4' and `payment_status` = 1 and `services`.`deleted_at` is null order by `id` desc limit 1
2018-02-19 12:04:33: select count(*) as aggregate from `users` where `id` = '4'
2018-02-19 12:04:33: select * from `users` where `id` = '4' and `users`.`deleted_at` is null limit 1
2018-02-19 12:04:33: select * from `users` where `city_id` = 1 and `login_type` = '2' and `online` = 1 and `users`.`deleted_at` is null order by `online_at` desc
2018-02-19 12:04:33: select * from `messages` where `source` = 'doctor' and `started_at` is not null and `messages`.`doctors_id` in (2, 9, 12, 13, 14, 15, 16, 17, 21, 22, 23, 24, 25, 26) and `members_id` = '4' order by `started_at` desc
2018-02-19 12:04:33: select * from `doctors` where `users_id` = 2 and `doctors`.`deleted_at` is null limit 1
2018-02-19 12:04:33: select * from `services` where `members_id` = '4' and `payment_status` = 1 and `services`.`deleted_at` is null order by `id` desc limit 1
2018-02-19 12:04:33: select * from `doctors` where `users_id` = 9 and `doctors`.`deleted_at` is null limit 1
2018-02-19 12:04:33: select * from `services` where `members_id` = '4' and `payment_status` = 1 and `services`.`deleted_at` is null order by `id` desc limit 1
2018-02-19 12:04:33: select * from `doctors` where `users_id` = 21 and `doctors`.`deleted_at` is null limit 1
2018-02-19 12:04:33: select * from `services` where `members_id` = '4' and `payment_status` = 1 and `services`.`deleted_at` is null order by `id` desc limit 1
2018-02-19 12:04:33: select * from `doctors` where `users_id` = 12 and `doctors`.`deleted_at` is null limit 1
2018-02-19 12:04:33: select * from `services` where `members_id` = '4' and `payment_status` = 1 and `services`.`deleted_at` is null order by `id` desc limit 1
2018-02-19 12:04:33: select * from `doctors` where `users_id` = 13 and `doctors`.`deleted_at` is null limit 1
2018-02-19 12:04:33: select * from `services` where `members_id` = '4' and `payment_status` = 1 and `services`.`deleted_at` is null order by `id` desc limit 1
2018-02-19 12:04:33: select * from `doctors` where `users_id` = 14 and `doctors`.`deleted_at` is null limit 1
2018-02-19 12:04:33: select * from `services` where `members_id` = '4' and `payment_status` = 1 and `services`.`deleted_at` is null order by `id` desc limit 1
2018-02-19 12:04:33: select * from `doctors` where `users_id` = 15 and `doctors`.`deleted_at` is null limit 1
2018-02-19 12:04:33: select * from `services` where `members_id` = '4' and `payment_status` = 1 and `services`.`deleted_at` is null order by `id` desc limit 1
2018-02-19 12:04:33: select * from `doctors` where `users_id` = 16 and `doctors`.`deleted_at` is null limit 1
2018-02-19 12:04:33: select * from `services` where `members_id` = '4' and `payment_status` = 1 and `services`.`deleted_at` is null order by `id` desc limit 1
2018-02-19 12:04:33: select * from `doctors` where `users_id` = 17 and `doctors`.`deleted_at` is null limit 1
2018-02-19 12:04:33: select * from `services` where `members_id` = '4' and `payment_status` = 1 and `services`.`deleted_at` is null order by `id` desc limit 1
2018-02-19 12:04:33: select * from `doctors` where `users_id` = 22 and `doctors`.`deleted_at` is null limit 1
2018-02-19 12:04:33: select * from `services` where `members_id` = '4' and `payment_status` = 1 and `services`.`deleted_at` is null order by `id` desc limit 1
2018-02-19 12:04:33: select * from `doctors` where `users_id` = 23 and `doctors`.`deleted_at` is null limit 1
2018-02-19 12:04:33: select * from `services` where `members_id` = '4' and `payment_status` = 1 and `services`.`deleted_at` is null order by `id` desc limit 1
2018-02-19 12:04:33: select * from `doctors` where `users_id` = 24 and `doctors`.`deleted_at` is null limit 1
2018-02-19 12:04:33: select * from `services` where `members_id` = '4' and `payment_status` = 1 and `services`.`deleted_at` is null order by `id` desc limit 1
2018-02-19 12:04:33: select * from `doctors` where `users_id` = 25 and `doctors`.`deleted_at` is null limit 1
2018-02-19 12:04:33: select * from `services` where `members_id` = '4' and `payment_status` = 1 and `services`.`deleted_at` is null order by `id` desc limit 1
2018-02-19 12:04:33: select * from `doctors` where `users_id` = 26 and `doctors`.`deleted_at` is null limit 1
2018-02-19 12:04:33: select * from `services` where `members_id` = '4' and `payment_status` = 1 and `services`.`deleted_at` is null order by `id` desc limit 1
2018-02-19 12:04:42: select count(*) as aggregate from `users` where `id` = '4'
2018-02-19 12:04:42: select * from `users` where `id` = '4' and `users`.`deleted_at` is null limit 1
2018-02-19 12:04:42: select * from `users` where `city_id` = 1 and `login_type` = '2' and `online` = 1 and `users`.`deleted_at` is null order by `online_at` desc
2018-02-19 12:04:42: select * from `messages` where `source` = 'doctor' and `started_at` is not null and `messages`.`doctors_id` in (2, 9, 12, 13, 14, 15, 16, 17, 21, 22, 23, 24, 25, 26) and `members_id` = '4' order by `started_at` desc
2018-02-19 12:04:42: select * from `doctors` where `users_id` = 2 and `doctors`.`deleted_at` is null limit 1
2018-02-19 12:04:42: select * from `services` where `members_id` = '4' and `payment_status` = 1 and `services`.`deleted_at` is null order by `id` desc limit 1
2018-02-19 12:04:42: select * from `doctors` where `users_id` = 9 and `doctors`.`deleted_at` is null limit 1
2018-02-19 12:04:42: select * from `services` where `members_id` = '4' and `payment_status` = 1 and `services`.`deleted_at` is null order by `id` desc limit 1
2018-02-19 12:04:42: select * from `doctors` where `users_id` = 21 and `doctors`.`deleted_at` is null limit 1
2018-02-19 12:04:42: select * from `services` where `members_id` = '4' and `payment_status` = 1 and `services`.`deleted_at` is null order by `id` desc limit 1
2018-02-19 12:04:42: select * from `doctors` where `users_id` = 12 and `doctors`.`deleted_at` is null limit 1
2018-02-19 12:04:42: select * from `services` where `members_id` = '4' and `payment_status` = 1 and `services`.`deleted_at` is null order by `id` desc limit 1
2018-02-19 12:04:42: select * from `doctors` where `users_id` = 13 and `doctors`.`deleted_at` is null limit 1
2018-02-19 12:04:42: select * from `services` where `members_id` = '4' and `payment_status` = 1 and `services`.`deleted_at` is null order by `id` desc limit 1
2018-02-19 12:04:42: select * from `doctors` where `users_id` = 14 and `doctors`.`deleted_at` is null limit 1
2018-02-19 12:04:42: select * from `services` where `members_id` = '4' and `payment_status` = 1 and `services`.`deleted_at` is null order by `id` desc limit 1
2018-02-19 12:04:42: select * from `doctors` where `users_id` = 15 and `doctors`.`deleted_at` is null limit 1
2018-02-19 12:04:42: select * from `services` where `members_id` = '4' and `payment_status` = 1 and `services`.`deleted_at` is null order by `id` desc limit 1
2018-02-19 12:04:42: select * from `doctors` where `users_id` = 16 and `doctors`.`deleted_at` is null limit 1
2018-02-19 12:04:42: select * from `services` where `members_id` = '4' and `payment_status` = 1 and `services`.`deleted_at` is null order by `id` desc limit 1
2018-02-19 12:04:42: select * from `doctors` where `users_id` = 17 and `doctors`.`deleted_at` is null limit 1
2018-02-19 12:04:42: select * from `services` where `members_id` = '4' and `payment_status` = 1 and `services`.`deleted_at` is null order by `id` desc limit 1
2018-02-19 12:04:42: select * from `doctors` where `users_id` = 22 and `doctors`.`deleted_at` is null limit 1
2018-02-19 12:04:42: select * from `services` where `members_id` = '4' and `payment_status` = 1 and `services`.`deleted_at` is null order by `id` desc limit 1
2018-02-19 12:04:42: select * from `doctors` where `users_id` = 23 and `doctors`.`deleted_at` is null limit 1
2018-02-19 12:04:42: select * from `services` where `members_id` = '4' and `payment_status` = 1 and `services`.`deleted_at` is null order by `id` desc limit 1
2018-02-19 12:04:42: select * from `doctors` where `users_id` = 24 and `doctors`.`deleted_at` is null limit 1
2018-02-19 12:04:42: select * from `services` where `members_id` = '4' and `payment_status` = 1 and `services`.`deleted_at` is null order by `id` desc limit 1
2018-02-19 12:04:42: select * from `doctors` where `users_id` = 25 and `doctors`.`deleted_at` is null limit 1
2018-02-19 12:04:42: select * from `services` where `members_id` = '4' and `payment_status` = 1 and `services`.`deleted_at` is null order by `id` desc limit 1
2018-02-19 12:04:42: select * from `doctors` where `users_id` = 26 and `doctors`.`deleted_at` is null limit 1
2018-02-19 12:04:42: select * from `services` where `members_id` = '4' and `payment_status` = 1 and `services`.`deleted_at` is null order by `id` desc limit 1
