2018-08-21 14:09:21: select * from `users` where `id` = '44' and `users`.`deleted_at` is null limit 1
2018-08-21 14:09:21: select * from `doctors` where `doctors`.`users_id` = 44 and `doctors`.`users_id` is not null and `doctors`.`deleted_at` is null limit 1
2018-08-21 14:09:21: select count(*) as aggregate from `member_requests` where `member_requests`.`deleted_at` is null
2018-08-21 14:09:21: select count(*) as aggregate from `member_request_doctors` where `doctors_id` = '44'
2018-08-21 14:09:21: select count(*) as aggregate from `services` where `doctors_id` = '44' and `opened_at` is null and `services`.`deleted_at` is null
2018-08-21 14:09:21: select * from `messages` where `doctors_id` = '44' and `doctor_readed_at` is null and `visible` = 1 order by `created_at` desc
2018-08-21 14:09:21: select * from `parameters` where `type` = 'banner'
2018-08-21 14:09:21: select * from `parameters` where `type` = 'setting' and `key` = 'service_email' limit 1
2018-08-21 14:09:49: select * from `users` where `id` = '44' and `login_type` = 2 and `status` = 1 and `users`.`deleted_at` is null limit 1
2018-08-21 14:09:49: select * from `doctors` where `doctors`.`users_id` in (44) and `doctors`.`deleted_at` is null
2018-08-21 14:09:49: select * from `services` where `doctors_id` = '44' and `members_id` is not null and `services`.`deleted_at` is null
2018-08-21 14:09:49: select * from `services` where `doctors_id` = '44' and `members_id` in (43) and `payment_status` in (0, 1) and `services`.`deleted_at` is null order by `created_at` desc
2018-08-21 14:09:49: select * from `users` where `login_type` = 1 and `users`.`id` in (43) and `users`.`deleted_at` is null
2018-08-21 14:09:49: select * from `parameters` where `type` = 'setting' and `key` = 'message_expire_time' limit 1
2018-08-21 14:09:49: select * from `messages` where `doctors_id` = 44 and `members_id` = 43 and `source` = 'member' order by `created_at` desc limit 1
2018-08-21 14:09:49: select * from `messages` where `doctors_id` = 44 and `members_id` = 43 and `source` = 'doctor' order by `created_at` desc limit 1
2018-08-21 14:09:49: update `services` set `opened_at` = '2018-08-21 14:09:49', `updated_at` = '2018-08-21 14:09:49' where `doctors_id` = '44' and `opened_at` is null and `services`.`deleted_at` is null
2018-08-21 14:09:49: select * from `parameters` where `type` = 'setting' and `key` = 'treatment_days_1' limit 1
2018-08-21 14:09:49: select * from `doctors` where `doctors`.`users_id` = 43 and `doctors`.`users_id` is not null and `doctors`.`deleted_at` is null limit 1
2018-08-21 14:09:50: select * from `users` where `id` = '44' and `users`.`deleted_at` is null limit 1
2018-08-21 14:09:50: select * from `doctors` where `doctors`.`users_id` = 44 and `doctors`.`users_id` is not null and `doctors`.`deleted_at` is null limit 1
2018-08-21 14:09:50: select count(*) as aggregate from `member_requests` where `member_requests`.`deleted_at` is null
2018-08-21 14:09:50: select count(*) as aggregate from `member_request_doctors` where `doctors_id` = '44'
2018-08-21 14:09:50: select count(*) as aggregate from `services` where `doctors_id` = '44' and `opened_at` is null and `services`.`deleted_at` is null
2018-08-21 14:09:50: select * from `messages` where `doctors_id` = '44' and `doctor_readed_at` is null and `visible` = 1 order by `created_at` desc
2018-08-21 14:09:50: select * from `parameters` where `type` = 'banner'
2018-08-21 14:09:50: select * from `parameters` where `type` = 'setting' and `key` = 'service_email' limit 1
2018-08-21 14:11:24: select * from `users` where `id` = '44' and `users`.`deleted_at` is null limit 1
2018-08-21 14:11:24: select * from `doctors` where `doctors`.`users_id` = 44 and `doctors`.`users_id` is not null and `doctors`.`deleted_at` is null limit 1
2018-08-21 14:11:24: select count(*) as aggregate from `member_requests` where `member_requests`.`deleted_at` is null
2018-08-21 14:11:24: select count(*) as aggregate from `member_request_doctors` where `doctors_id` = '44'
2018-08-21 14:11:24: select count(*) as aggregate from `services` where `doctors_id` = '44' and `opened_at` is null and `services`.`deleted_at` is null
2018-08-21 14:11:24: select * from `messages` where `doctors_id` = '44' and `doctor_readed_at` is null and `visible` = 1 order by `created_at` desc
2018-08-21 14:11:24: select * from `parameters` where `type` = 'banner'
2018-08-21 14:11:24: select * from `parameters` where `type` = 'setting' and `key` = 'service_email' limit 1
2018-08-21 15:08:48: select count(*) as aggregate from `users` where `id` = '54'
2018-08-21 15:08:48: select * from `users` where `id` = '54' and `users`.`deleted_at` is null limit 1
2018-08-21 15:08:48: select * from `users` where `city_id` = 1 and `login_type` = '2' and `online` = 1 and `users`.`deleted_at` is null order by `online_at` desc
2018-08-21 15:08:48: select * from `messages` where `source` = 'doctor' and `started_at` is not null and `messages`.`doctors_id` in (2, 9, 11, 12, 13, 14, 15, 16, 17, 21, 22, 23, 24, 25, 26, 44, 45) and `members_id` = '54' order by `started_at` desc
2018-08-21 15:08:48: select * from `doctors` where `users_id` = 44 and `doctors`.`deleted_at` is null limit 1
2018-08-21 15:08:48: select * from `services` where `members_id` = '54' and `payment_status` = 1 and `services`.`deleted_at` is null order by `id` desc limit 1
2018-08-21 15:08:48: select * from `doctors` where `users_id` = 45 and `doctors`.`deleted_at` is null limit 1
2018-08-21 15:08:48: select * from `services` where `members_id` = '54' and `payment_status` = 1 and `services`.`deleted_at` is null order by `id` desc limit 1
2018-08-21 15:08:48: select * from `doctors` where `users_id` = 2 and `doctors`.`deleted_at` is null limit 1
2018-08-21 15:08:48: select * from `services` where `members_id` = '54' and `payment_status` = 1 and `services`.`deleted_at` is null order by `id` desc limit 1
2018-08-21 15:08:48: select * from `doctors` where `users_id` = 24 and `doctors`.`deleted_at` is null limit 1
2018-08-21 15:08:48: select * from `services` where `members_id` = '54' and `payment_status` = 1 and `services`.`deleted_at` is null order by `id` desc limit 1
2018-08-21 15:08:48: select * from `doctors` where `users_id` = 16 and `doctors`.`deleted_at` is null limit 1
2018-08-21 15:08:48: select * from `services` where `members_id` = '54' and `payment_status` = 1 and `services`.`deleted_at` is null order by `id` desc limit 1
2018-08-21 15:08:48: select * from `doctors` where `users_id` = 11 and `doctors`.`deleted_at` is null limit 1
2018-08-21 15:08:48: select * from `services` where `members_id` = '54' and `payment_status` = 1 and `services`.`deleted_at` is null order by `id` desc limit 1
2018-08-21 15:08:48: select * from `doctors` where `users_id` = 9 and `doctors`.`deleted_at` is null limit 1
2018-08-21 15:08:48: select * from `services` where `members_id` = '54' and `payment_status` = 1 and `services`.`deleted_at` is null order by `id` desc limit 1
2018-08-21 15:08:48: select * from `doctors` where `users_id` = 21 and `doctors`.`deleted_at` is null limit 1
2018-08-21 15:08:48: select * from `services` where `members_id` = '54' and `payment_status` = 1 and `services`.`deleted_at` is null order by `id` desc limit 1
2018-08-21 15:08:48: select * from `doctors` where `users_id` = 12 and `doctors`.`deleted_at` is null limit 1
2018-08-21 15:08:48: select * from `services` where `members_id` = '54' and `payment_status` = 1 and `services`.`deleted_at` is null order by `id` desc limit 1
2018-08-21 15:08:48: select * from `doctors` where `users_id` = 13 and `doctors`.`deleted_at` is null limit 1
2018-08-21 15:08:48: select * from `services` where `members_id` = '54' and `payment_status` = 1 and `services`.`deleted_at` is null order by `id` desc limit 1
2018-08-21 15:08:48: select * from `doctors` where `users_id` = 14 and `doctors`.`deleted_at` is null limit 1
2018-08-21 15:08:48: select * from `services` where `members_id` = '54' and `payment_status` = 1 and `services`.`deleted_at` is null order by `id` desc limit 1
2018-08-21 15:08:48: select * from `doctors` where `users_id` = 15 and `doctors`.`deleted_at` is null limit 1
2018-08-21 15:08:48: select * from `services` where `members_id` = '54' and `payment_status` = 1 and `services`.`deleted_at` is null order by `id` desc limit 1
2018-08-21 15:08:48: select * from `doctors` where `users_id` = 17 and `doctors`.`deleted_at` is null limit 1
2018-08-21 15:08:48: select * from `services` where `members_id` = '54' and `payment_status` = 1 and `services`.`deleted_at` is null order by `id` desc limit 1
2018-08-21 15:08:48: select * from `doctors` where `users_id` = 22 and `doctors`.`deleted_at` is null limit 1
2018-08-21 15:08:48: select * from `services` where `members_id` = '54' and `payment_status` = 1 and `services`.`deleted_at` is null order by `id` desc limit 1
2018-08-21 15:08:48: select * from `doctors` where `users_id` = 23 and `doctors`.`deleted_at` is null limit 1
2018-08-21 15:08:48: select * from `services` where `members_id` = '54' and `payment_status` = 1 and `services`.`deleted_at` is null order by `id` desc limit 1
2018-08-21 15:08:48: select * from `doctors` where `users_id` = 25 and `doctors`.`deleted_at` is null limit 1
2018-08-21 15:08:48: select * from `services` where `members_id` = '54' and `payment_status` = 1 and `services`.`deleted_at` is null order by `id` desc limit 1
2018-08-21 15:08:48: select * from `doctors` where `users_id` = 26 and `doctors`.`deleted_at` is null limit 1
2018-08-21 15:08:48: select * from `services` where `members_id` = '54' and `payment_status` = 1 and `services`.`deleted_at` is null order by `id` desc limit 1
2018-08-21 15:08:55: select count(*) as aggregate from `users` where `id` = '54'
2018-08-21 15:08:55: select * from `users` where `id` = '54' and `users`.`deleted_at` is null limit 1
2018-08-21 15:08:55: select * from `users` where `city_id` = 1 and `login_type` = '2' and `online` = 1 and `users`.`deleted_at` is null order by `online_at` desc
2018-08-21 15:08:55: select * from `messages` where `source` = 'doctor' and `started_at` is not null and `messages`.`doctors_id` in (2, 9, 11, 12, 13, 14, 15, 16, 17, 21, 22, 23, 24, 25, 26, 44, 45) and `members_id` = '54' order by `started_at` desc
2018-08-21 15:08:55: select * from `doctors` where `users_id` = 44 and `doctors`.`deleted_at` is null limit 1
2018-08-21 15:08:55: select * from `services` where `members_id` = '54' and `payment_status` = 1 and `services`.`deleted_at` is null order by `id` desc limit 1
2018-08-21 15:08:55: select * from `doctors` where `users_id` = 45 and `doctors`.`deleted_at` is null limit 1
2018-08-21 15:08:55: select * from `services` where `members_id` = '54' and `payment_status` = 1 and `services`.`deleted_at` is null order by `id` desc limit 1
2018-08-21 15:08:55: select * from `doctors` where `users_id` = 2 and `doctors`.`deleted_at` is null limit 1
2018-08-21 15:08:55: select * from `services` where `members_id` = '54' and `payment_status` = 1 and `services`.`deleted_at` is null order by `id` desc limit 1
2018-08-21 15:08:55: select * from `doctors` where `users_id` = 24 and `doctors`.`deleted_at` is null limit 1
2018-08-21 15:08:55: select * from `services` where `members_id` = '54' and `payment_status` = 1 and `services`.`deleted_at` is null order by `id` desc limit 1
2018-08-21 15:08:55: select * from `doctors` where `users_id` = 16 and `doctors`.`deleted_at` is null limit 1
2018-08-21 15:08:55: select * from `services` where `members_id` = '54' and `payment_status` = 1 and `services`.`deleted_at` is null order by `id` desc limit 1
2018-08-21 15:08:55: select * from `doctors` where `users_id` = 11 and `doctors`.`deleted_at` is null limit 1
2018-08-21 15:08:55: select * from `services` where `members_id` = '54' and `payment_status` = 1 and `services`.`deleted_at` is null order by `id` desc limit 1
2018-08-21 15:08:55: select * from `doctors` where `users_id` = 9 and `doctors`.`deleted_at` is null limit 1
2018-08-21 15:08:55: select * from `services` where `members_id` = '54' and `payment_status` = 1 and `services`.`deleted_at` is null order by `id` desc limit 1
2018-08-21 15:08:55: select * from `doctors` where `users_id` = 21 and `doctors`.`deleted_at` is null limit 1
2018-08-21 15:08:55: select * from `services` where `members_id` = '54' and `payment_status` = 1 and `services`.`deleted_at` is null order by `id` desc limit 1
2018-08-21 15:08:55: select * from `doctors` where `users_id` = 12 and `doctors`.`deleted_at` is null limit 1
2018-08-21 15:08:55: select * from `services` where `members_id` = '54' and `payment_status` = 1 and `services`.`deleted_at` is null order by `id` desc limit 1
2018-08-21 15:08:55: select * from `doctors` where `users_id` = 13 and `doctors`.`deleted_at` is null limit 1
2018-08-21 15:08:55: select * from `services` where `members_id` = '54' and `payment_status` = 1 and `services`.`deleted_at` is null order by `id` desc limit 1
2018-08-21 15:08:55: select * from `doctors` where `users_id` = 14 and `doctors`.`deleted_at` is null limit 1
2018-08-21 15:08:55: select * from `services` where `members_id` = '54' and `payment_status` = 1 and `services`.`deleted_at` is null order by `id` desc limit 1
2018-08-21 15:08:55: select * from `doctors` where `users_id` = 15 and `doctors`.`deleted_at` is null limit 1
2018-08-21 15:08:55: select * from `services` where `members_id` = '54' and `payment_status` = 1 and `services`.`deleted_at` is null order by `id` desc limit 1
2018-08-21 15:08:55: select * from `doctors` where `users_id` = 17 and `doctors`.`deleted_at` is null limit 1
2018-08-21 15:08:55: select * from `services` where `members_id` = '54' and `payment_status` = 1 and `services`.`deleted_at` is null order by `id` desc limit 1
2018-08-21 15:08:55: select * from `doctors` where `users_id` = 22 and `doctors`.`deleted_at` is null limit 1
2018-08-21 15:08:55: select * from `services` where `members_id` = '54' and `payment_status` = 1 and `services`.`deleted_at` is null order by `id` desc limit 1
2018-08-21 15:08:55: select * from `doctors` where `users_id` = 23 and `doctors`.`deleted_at` is null limit 1
2018-08-21 15:08:55: select * from `services` where `members_id` = '54' and `payment_status` = 1 and `services`.`deleted_at` is null order by `id` desc limit 1
2018-08-21 15:08:55: select * from `doctors` where `users_id` = 25 and `doctors`.`deleted_at` is null limit 1
2018-08-21 15:08:55: select * from `services` where `members_id` = '54' and `payment_status` = 1 and `services`.`deleted_at` is null order by `id` desc limit 1
2018-08-21 15:08:55: select * from `doctors` where `users_id` = 26 and `doctors`.`deleted_at` is null limit 1
2018-08-21 15:08:55: select * from `services` where `members_id` = '54' and `payment_status` = 1 and `services`.`deleted_at` is null order by `id` desc limit 1
2018-08-21 15:16:40: select count(*) as aggregate from `users` where `id` = '54'
2018-08-21 15:16:40: select * from `users` where `id` = '54' and `users`.`deleted_at` is null limit 1
2018-08-21 15:16:40: select * from `users` where `city_id` = 1 and `login_type` = '2' and `online` = 1 and `users`.`deleted_at` is null order by `online_at` desc
2018-08-21 15:16:40: select * from `messages` where `source` = 'doctor' and `started_at` is not null and `messages`.`doctors_id` in (2, 9, 11, 12, 13, 14, 15, 16, 17, 21, 22, 23, 24, 25, 26, 44, 45) and `members_id` = '54' order by `started_at` desc
2018-08-21 15:16:40: select * from `doctors` where `users_id` = 44 and `doctors`.`deleted_at` is null limit 1
2018-08-21 15:16:40: select * from `services` where `members_id` = '54' and `payment_status` = 1 and `services`.`deleted_at` is null order by `id` desc limit 1
2018-08-21 15:16:40: select * from `doctors` where `users_id` = 45 and `doctors`.`deleted_at` is null limit 1
2018-08-21 15:16:40: select * from `services` where `members_id` = '54' and `payment_status` = 1 and `services`.`deleted_at` is null order by `id` desc limit 1
2018-08-21 15:16:40: select * from `doctors` where `users_id` = 2 and `doctors`.`deleted_at` is null limit 1
2018-08-21 15:16:40: select * from `services` where `members_id` = '54' and `payment_status` = 1 and `services`.`deleted_at` is null order by `id` desc limit 1
2018-08-21 15:16:40: select * from `doctors` where `users_id` = 24 and `doctors`.`deleted_at` is null limit 1
2018-08-21 15:16:40: select * from `services` where `members_id` = '54' and `payment_status` = 1 and `services`.`deleted_at` is null order by `id` desc limit 1
2018-08-21 15:16:40: select * from `doctors` where `users_id` = 16 and `doctors`.`deleted_at` is null limit 1
2018-08-21 15:16:40: select * from `services` where `members_id` = '54' and `payment_status` = 1 and `services`.`deleted_at` is null order by `id` desc limit 1
2018-08-21 15:16:40: select * from `doctors` where `users_id` = 11 and `doctors`.`deleted_at` is null limit 1
2018-08-21 15:16:40: select * from `services` where `members_id` = '54' and `payment_status` = 1 and `services`.`deleted_at` is null order by `id` desc limit 1
2018-08-21 15:16:40: select * from `doctors` where `users_id` = 9 and `doctors`.`deleted_at` is null limit 1
2018-08-21 15:16:40: select * from `services` where `members_id` = '54' and `payment_status` = 1 and `services`.`deleted_at` is null order by `id` desc limit 1
2018-08-21 15:16:40: select * from `doctors` where `users_id` = 21 and `doctors`.`deleted_at` is null limit 1
2018-08-21 15:16:40: select * from `services` where `members_id` = '54' and `payment_status` = 1 and `services`.`deleted_at` is null order by `id` desc limit 1
2018-08-21 15:16:40: select * from `doctors` where `users_id` = 12 and `doctors`.`deleted_at` is null limit 1
2018-08-21 15:16:40: select * from `services` where `members_id` = '54' and `payment_status` = 1 and `services`.`deleted_at` is null order by `id` desc limit 1
2018-08-21 15:16:40: select * from `doctors` where `users_id` = 13 and `doctors`.`deleted_at` is null limit 1
2018-08-21 15:16:40: select * from `services` where `members_id` = '54' and `payment_status` = 1 and `services`.`deleted_at` is null order by `id` desc limit 1
2018-08-21 15:16:40: select * from `doctors` where `users_id` = 14 and `doctors`.`deleted_at` is null limit 1
2018-08-21 15:16:40: select * from `services` where `members_id` = '54' and `payment_status` = 1 and `services`.`deleted_at` is null order by `id` desc limit 1
2018-08-21 15:16:40: select * from `doctors` where `users_id` = 15 and `doctors`.`deleted_at` is null limit 1
2018-08-21 15:16:40: select * from `services` where `members_id` = '54' and `payment_status` = 1 and `services`.`deleted_at` is null order by `id` desc limit 1
2018-08-21 15:16:40: select * from `doctors` where `users_id` = 17 and `doctors`.`deleted_at` is null limit 1
2018-08-21 15:16:40: select * from `services` where `members_id` = '54' and `payment_status` = 1 and `services`.`deleted_at` is null order by `id` desc limit 1
2018-08-21 15:16:40: select * from `doctors` where `users_id` = 22 and `doctors`.`deleted_at` is null limit 1
2018-08-21 15:16:40: select * from `services` where `members_id` = '54' and `payment_status` = 1 and `services`.`deleted_at` is null order by `id` desc limit 1
2018-08-21 15:16:40: select * from `doctors` where `users_id` = 23 and `doctors`.`deleted_at` is null limit 1
2018-08-21 15:16:40: select * from `services` where `members_id` = '54' and `payment_status` = 1 and `services`.`deleted_at` is null order by `id` desc limit 1
2018-08-21 15:16:40: select * from `doctors` where `users_id` = 25 and `doctors`.`deleted_at` is null limit 1
2018-08-21 15:16:40: select * from `services` where `members_id` = '54' and `payment_status` = 1 and `services`.`deleted_at` is null order by `id` desc limit 1
2018-08-21 15:16:40: select * from `doctors` where `users_id` = 26 and `doctors`.`deleted_at` is null limit 1
2018-08-21 15:16:40: select * from `services` where `members_id` = '54' and `payment_status` = 1 and `services`.`deleted_at` is null order by `id` desc limit 1
2018-08-21 16:32:34: select * from `users` where `id` = '44' and `users`.`deleted_at` is null limit 1
2018-08-21 16:32:34: select * from `doctors` where `doctors`.`users_id` = 44 and `doctors`.`users_id` is not null and `doctors`.`deleted_at` is null limit 1
2018-08-21 16:32:34: select count(*) as aggregate from `member_requests` where `member_requests`.`deleted_at` is null
2018-08-21 16:32:34: select count(*) as aggregate from `member_request_doctors` where `doctors_id` = '44'
2018-08-21 16:32:34: select count(*) as aggregate from `services` where `doctors_id` = '44' and `opened_at` is null and `services`.`deleted_at` is null
2018-08-21 16:32:34: select * from `messages` where `doctors_id` = '44' and `doctor_readed_at` is null and `visible` = 1 order by `created_at` desc
2018-08-21 16:32:34: select * from `parameters` where `type` = 'banner'
2018-08-21 16:32:34: select * from `parameters` where `type` = 'setting' and `key` = 'service_email' limit 1
2018-08-21 16:32:53: select * from `users` where `id` = '44' and `login_type` = 2 and `status` = 1 and `users`.`deleted_at` is null limit 1
2018-08-21 16:32:53: select * from `doctors` where `doctors`.`users_id` in (44) and `doctors`.`deleted_at` is null
2018-08-21 16:32:53: select * from `services` where `doctors_id` = '44' and `payment_status` = 1 and `paid_at` > '2018-07-21 16:32:53' and `services`.`deleted_at` is null
2018-08-21 16:32:53: select * from `messages` where `doctors_id` = '44' and 1 = 1 and `visible` = 1
2018-08-21 16:32:53: select count(*) as aggregate from `users` where `id` in (43) and `login_type` = 1 and `users`.`deleted_at` is null
2018-08-21 16:32:53: select * from `users` where `id` in (43) and `login_type` = 1 and `users`.`deleted_at` is null limit 10 offset 0
2018-08-21 16:32:53: select * from `member_requests` where `member_requests`.`members_id` in (43) and `member_requests`.`deleted_at` is null order by `created_at` desc
2018-08-21 16:32:53: select * from `doctors` where `doctors`.`users_id` = 43 and `doctors`.`users_id` is not null and `doctors`.`deleted_at` is null limit 1
2018-08-21 16:33:00: select * from `users` where `id` = '44' and `users`.`deleted_at` is null limit 1
2018-08-21 16:33:00: select * from `doctors` where `doctors`.`users_id` = 44 and `doctors`.`users_id` is not null and `doctors`.`deleted_at` is null limit 1
2018-08-21 16:33:00: select count(*) as aggregate from `member_requests` where `member_requests`.`deleted_at` is null
2018-08-21 16:33:00: select count(*) as aggregate from `member_request_doctors` where `doctors_id` = '44'
2018-08-21 16:33:00: select count(*) as aggregate from `services` where `doctors_id` = '44' and `opened_at` is null and `services`.`deleted_at` is null
2018-08-21 16:33:00: select * from `messages` where `doctors_id` = '44' and `doctor_readed_at` is null and `visible` = 1 order by `created_at` desc
2018-08-21 16:33:00: select * from `parameters` where `type` = 'banner'
2018-08-21 16:33:00: select * from `parameters` where `type` = 'setting' and `key` = 'service_email' limit 1
2018-08-21 16:33:02: select * from `users` where `id` = '44' and `login_type` = 2 and `status` = 1 and `users`.`deleted_at` is null limit 1
2018-08-21 16:33:02: select * from `doctors` where `doctors`.`users_id` in (44) and `doctors`.`deleted_at` is null
2018-08-21 16:33:02: select * from `services` where `doctors_id` = '44' and `members_id` is not null and `services`.`deleted_at` is null
2018-08-21 16:33:02: select * from `services` where `doctors_id` = '44' and `members_id` in (43) and `payment_status` in (0, 1) and `services`.`deleted_at` is null order by `created_at` desc
2018-08-21 16:33:02: select * from `users` where `login_type` = 1 and `users`.`id` in (43) and `users`.`deleted_at` is null
2018-08-21 16:33:02: select * from `parameters` where `type` = 'setting' and `key` = 'message_expire_time' limit 1
2018-08-21 16:33:02: select * from `messages` where `doctors_id` = 44 and `members_id` = 43 and `source` = 'member' order by `created_at` desc limit 1
2018-08-21 16:33:02: select * from `messages` where `doctors_id` = 44 and `members_id` = 43 and `source` = 'doctor' order by `created_at` desc limit 1
2018-08-21 16:33:02: update `services` set `opened_at` = '2018-08-21 16:33:02', `updated_at` = '2018-08-21 16:33:02' where `doctors_id` = '44' and `opened_at` is null and `services`.`deleted_at` is null
2018-08-21 16:33:02: select * from `parameters` where `type` = 'setting' and `key` = 'treatment_days_1' limit 1
2018-08-21 16:33:02: select * from `doctors` where `doctors`.`users_id` = 43 and `doctors`.`users_id` is not null and `doctors`.`deleted_at` is null limit 1
2018-08-21 16:33:06: select * from `users` where `id` = '44' and `login_type` = 2 and `status` = 1 and `users`.`deleted_at` is null limit 1
2018-08-21 16:33:06: select * from `doctors` where `doctors`.`users_id` in (44) and `doctors`.`deleted_at` is null
2018-08-21 16:33:06: select * from `services` where `doctors_id` = '44' and `members_id` is not null and `services`.`deleted_at` is null
2018-08-21 16:33:06: select * from `services` where `doctors_id` = '44' and `members_id` in (43) and `payment_status` in (0, 1) and `services`.`deleted_at` is null order by `created_at` desc
2018-08-21 16:33:06: select * from `users` where `login_type` = 1 and `users`.`id` in (43) and `users`.`deleted_at` is null
2018-08-21 16:33:06: select * from `parameters` where `type` = 'setting' and `key` = 'message_expire_time' limit 1
2018-08-21 16:33:06: select * from `messages` where `doctors_id` = 44 and `members_id` = 43 and `source` = 'member' order by `created_at` desc limit 1
2018-08-21 16:33:06: select * from `messages` where `doctors_id` = 44 and `members_id` = 43 and `source` = 'doctor' order by `created_at` desc limit 1
2018-08-21 16:33:06: update `services` set `opened_at` = '2018-08-21 16:33:06', `updated_at` = '2018-08-21 16:33:06' where `doctors_id` = '44' and `opened_at` is null and `services`.`deleted_at` is null
2018-08-21 16:33:06: select * from `parameters` where `type` = 'setting' and `key` = 'treatment_days_1' limit 1
2018-08-21 16:33:06: select * from `doctors` where `doctors`.`users_id` = 43 and `doctors`.`users_id` is not null and `doctors`.`deleted_at` is null limit 1
2018-08-21 16:33:07: select * from `users` where `id` = '44' and `users`.`deleted_at` is null limit 1
2018-08-21 16:33:07: select * from `doctors` where `doctors`.`users_id` = 44 and `doctors`.`users_id` is not null and `doctors`.`deleted_at` is null limit 1
2018-08-21 16:33:07: select count(*) as aggregate from `member_requests` where `member_requests`.`deleted_at` is null
2018-08-21 16:33:07: select count(*) as aggregate from `member_request_doctors` where `doctors_id` = '44'
2018-08-21 16:33:07: select count(*) as aggregate from `services` where `doctors_id` = '44' and `opened_at` is null and `services`.`deleted_at` is null
2018-08-21 16:33:07: select * from `messages` where `doctors_id` = '44' and `doctor_readed_at` is null and `visible` = 1 order by `created_at` desc
2018-08-21 16:33:07: select * from `parameters` where `type` = 'banner'
2018-08-21 16:33:07: select * from `parameters` where `type` = 'setting' and `key` = 'service_email' limit 1
2018-08-21 16:33:09: select * from `users` where `id` = '44' and `users`.`deleted_at` is null limit 1
2018-08-21 16:33:09: select * from `doctors` where `doctors`.`users_id` = 44 and `doctors`.`users_id` is not null and `doctors`.`deleted_at` is null limit 1
2018-08-21 16:33:12: select * from `users` where `id` = '44' and `users`.`deleted_at` is null limit 1
2018-08-21 16:33:12: select * from `doctors` where `doctors`.`users_id` = 44 and `doctors`.`users_id` is not null and `doctors`.`deleted_at` is null limit 1
2018-08-21 16:33:16: select * from `users` where `id` = '44' and `users`.`deleted_at` is null limit 1
2018-08-21 16:33:16: select * from `doctors` where `doctors`.`users_id` = 44 and `doctors`.`users_id` is not null and `doctors`.`deleted_at` is null limit 1
2018-08-21 16:33:28: select * from `users` where `id` = '44' and `users`.`deleted_at` is null limit 1
2018-08-21 16:33:28: select * from `doctors` where `doctors`.`users_id` = 44 and `doctors`.`users_id` is not null and `doctors`.`deleted_at` is null limit 1
2018-08-21 16:33:29: select * from `users` where `id` = '44' and `users`.`deleted_at` is null limit 1
2018-08-21 16:33:29: select * from `doctors` where `doctors`.`users_id` = 44 and `doctors`.`users_id` is not null and `doctors`.`deleted_at` is null limit 1
2018-08-21 16:33:29: select count(*) as aggregate from `member_requests` where `member_requests`.`deleted_at` is null
2018-08-21 16:33:29: select count(*) as aggregate from `member_request_doctors` where `doctors_id` = '44'
2018-08-21 16:33:29: select count(*) as aggregate from `services` where `doctors_id` = '44' and `opened_at` is null and `services`.`deleted_at` is null
2018-08-21 16:33:29: select * from `messages` where `doctors_id` = '44' and `doctor_readed_at` is null and `visible` = 1 order by `created_at` desc
2018-08-21 16:33:29: select * from `parameters` where `type` = 'banner'
2018-08-21 16:33:29: select * from `parameters` where `type` = 'setting' and `key` = 'service_email' limit 1
2018-08-21 16:33:30: select * from `users` where `id` = '44' and `users`.`deleted_at` is null limit 1
2018-08-21 16:33:30: select * from `doctors` where `doctors`.`users_id` = 44 and `doctors`.`users_id` is not null and `doctors`.`deleted_at` is null limit 1
2018-08-21 16:33:31: select * from `users` where `id` = '44' and `users`.`deleted_at` is null limit 1
2018-08-21 16:33:31: select * from `doctors` where `doctors`.`users_id` = 44 and `doctors`.`users_id` is not null and `doctors`.`deleted_at` is null limit 1
2018-08-21 16:33:31: select count(*) as aggregate from `member_requests` where `member_requests`.`deleted_at` is null
2018-08-21 16:33:31: select count(*) as aggregate from `member_request_doctors` where `doctors_id` = '44'
2018-08-21 16:33:31: select count(*) as aggregate from `services` where `doctors_id` = '44' and `opened_at` is null and `services`.`deleted_at` is null
2018-08-21 16:33:31: select * from `messages` where `doctors_id` = '44' and `doctor_readed_at` is null and `visible` = 1 order by `created_at` desc
2018-08-21 16:33:31: select * from `parameters` where `type` = 'banner'
2018-08-21 16:33:31: select * from `parameters` where `type` = 'setting' and `key` = 'service_email' limit 1
2018-08-21 16:33:36: select * from `users` where `id` = '44' and `users`.`deleted_at` is null limit 1
2018-08-21 16:33:36: select * from `doctors` where `doctors`.`users_id` = 44 and `doctors`.`users_id` is not null and `doctors`.`deleted_at` is null limit 1
2018-08-21 16:33:36: select count(*) as aggregate from `member_requests` where `member_requests`.`deleted_at` is null
2018-08-21 16:33:36: select count(*) as aggregate from `member_request_doctors` where `doctors_id` = '44'
2018-08-21 16:33:36: select count(*) as aggregate from `services` where `doctors_id` = '44' and `opened_at` is null and `services`.`deleted_at` is null
2018-08-21 16:33:36: select * from `messages` where `doctors_id` = '44' and `doctor_readed_at` is null and `visible` = 1 order by `created_at` desc
2018-08-21 16:33:36: select * from `parameters` where `type` = 'banner'
2018-08-21 16:33:36: select * from `parameters` where `type` = 'setting' and `key` = 'service_email' limit 1
2018-08-21 16:33:40: select * from `users` where `id` = '44' and `login_type` = 2 and `status` = 1 and `users`.`deleted_at` is null limit 1
2018-08-21 16:33:40: select * from `doctors` where `doctors`.`users_id` in (44) and `doctors`.`deleted_at` is null
2018-08-21 16:33:40: select * from `services` where `doctors_id` = '44' and `members_id` is not null and `services`.`deleted_at` is null
2018-08-21 16:33:40: select * from `services` where `doctors_id` = '44' and `members_id` in (43) and `payment_status` in (0, 1) and `services`.`deleted_at` is null order by `created_at` desc
2018-08-21 16:33:40: select * from `users` where `login_type` = 1 and `users`.`id` in (43) and `users`.`deleted_at` is null
2018-08-21 16:33:40: select * from `parameters` where `type` = 'setting' and `key` = 'message_expire_time' limit 1
2018-08-21 16:33:40: select * from `messages` where `doctors_id` = 44 and `members_id` = 43 and `source` = 'member' order by `created_at` desc limit 1
2018-08-21 16:33:40: select * from `messages` where `doctors_id` = 44 and `members_id` = 43 and `source` = 'doctor' order by `created_at` desc limit 1
2018-08-21 16:33:40: update `services` set `opened_at` = '2018-08-21 16:33:40', `updated_at` = '2018-08-21 16:33:40' where `doctors_id` = '44' and `opened_at` is null and `services`.`deleted_at` is null
2018-08-21 16:33:40: select * from `parameters` where `type` = 'setting' and `key` = 'treatment_days_1' limit 1
2018-08-21 16:33:40: select * from `doctors` where `doctors`.`users_id` = 43 and `doctors`.`users_id` is not null and `doctors`.`deleted_at` is null limit 1
2018-08-21 16:33:58: select * from `users` where `id` = '44' and `login_type` = 2 and `status` = 1 and `users`.`deleted_at` is null limit 1
2018-08-21 16:33:58: select * from `doctors` where `doctors`.`users_id` in (44) and `doctors`.`deleted_at` is null
2018-08-21 16:33:58: select * from `services` where `doctors_id` = '44' and `members_id` is not null and `services`.`deleted_at` is null
2018-08-21 16:33:58: select * from `services` where `doctors_id` = '44' and `members_id` in (43) and `payment_status` in (0, 1) and `services`.`deleted_at` is null order by `created_at` desc
2018-08-21 16:33:58: select * from `users` where `login_type` = 1 and `users`.`id` in (43) and `users`.`deleted_at` is null
2018-08-21 16:33:58: select * from `parameters` where `type` = 'setting' and `key` = 'message_expire_time' limit 1
2018-08-21 16:33:58: select * from `messages` where `doctors_id` = 44 and `members_id` = 43 and `source` = 'member' order by `created_at` desc limit 1
2018-08-21 16:33:58: select * from `messages` where `doctors_id` = 44 and `members_id` = 43 and `source` = 'doctor' order by `created_at` desc limit 1
2018-08-21 16:33:58: update `services` set `opened_at` = '2018-08-21 16:33:58', `updated_at` = '2018-08-21 16:33:58' where `doctors_id` = '44' and `opened_at` is null and `services`.`deleted_at` is null
2018-08-21 16:33:58: select * from `parameters` where `type` = 'setting' and `key` = 'treatment_days_1' limit 1
2018-08-21 16:33:58: select * from `doctors` where `doctors`.`users_id` = 43 and `doctors`.`users_id` is not null and `doctors`.`deleted_at` is null limit 1
2018-08-21 16:33:58: select * from `users` where `id` = '44' and `users`.`deleted_at` is null limit 1
2018-08-21 16:33:58: select * from `doctors` where `doctors`.`users_id` = 44 and `doctors`.`users_id` is not null and `doctors`.`deleted_at` is null limit 1
2018-08-21 16:33:58: select count(*) as aggregate from `member_requests` where `member_requests`.`deleted_at` is null
2018-08-21 16:33:58: select count(*) as aggregate from `member_request_doctors` where `doctors_id` = '44'
2018-08-21 16:33:58: select count(*) as aggregate from `services` where `doctors_id` = '44' and `opened_at` is null and `services`.`deleted_at` is null
2018-08-21 16:33:58: select * from `messages` where `doctors_id` = '44' and `doctor_readed_at` is null and `visible` = 1 order by `created_at` desc
2018-08-21 16:33:58: select * from `parameters` where `type` = 'banner'
2018-08-21 16:33:58: select * from `parameters` where `type` = 'setting' and `key` = 'service_email' limit 1
2018-08-21 16:35:07: select * from `users` where `id` = '44' and `users`.`deleted_at` is null limit 1
2018-08-21 16:35:07: select * from `doctors` where `doctors`.`users_id` = 44 and `doctors`.`users_id` is not null and `doctors`.`deleted_at` is null limit 1
2018-08-21 16:35:07: select count(*) as aggregate from `member_requests` where `member_requests`.`deleted_at` is null
2018-08-21 16:35:07: select count(*) as aggregate from `member_request_doctors` where `doctors_id` = '44'
2018-08-21 16:35:07: select count(*) as aggregate from `services` where `doctors_id` = '44' and `opened_at` is null and `services`.`deleted_at` is null
2018-08-21 16:35:07: select * from `messages` where `doctors_id` = '44' and `doctor_readed_at` is null and `visible` = 1 order by `created_at` desc
2018-08-21 16:35:07: select * from `parameters` where `type` = 'banner'
2018-08-21 16:35:07: select * from `parameters` where `type` = 'setting' and `key` = 'service_email' limit 1
2018-08-21 16:35:10: select * from `users` where `id` = '44' and `login_type` = 2 and `status` = 1 and `users`.`deleted_at` is null limit 1
2018-08-21 16:35:10: select * from `doctors` where `doctors`.`users_id` in (44) and `doctors`.`deleted_at` is null
2018-08-21 16:35:10: select * from `services` where `doctors_id` = '44' and `members_id` is not null and `services`.`deleted_at` is null
2018-08-21 16:35:10: select * from `services` where `doctors_id` = '44' and `members_id` in (43) and `payment_status` in (0, 1) and `services`.`deleted_at` is null order by `created_at` desc
2018-08-21 16:35:10: select * from `users` where `login_type` = 1 and `users`.`id` in (43) and `users`.`deleted_at` is null
2018-08-21 16:35:10: select * from `parameters` where `type` = 'setting' and `key` = 'message_expire_time' limit 1
2018-08-21 16:35:10: select * from `messages` where `doctors_id` = 44 and `members_id` = 43 and `source` = 'member' order by `created_at` desc limit 1
2018-08-21 16:35:10: select * from `messages` where `doctors_id` = 44 and `members_id` = 43 and `source` = 'doctor' order by `created_at` desc limit 1
2018-08-21 16:35:10: update `services` set `opened_at` = '2018-08-21 16:35:10', `updated_at` = '2018-08-21 16:35:10' where `doctors_id` = '44' and `opened_at` is null and `services`.`deleted_at` is null
2018-08-21 16:35:10: select * from `parameters` where `type` = 'setting' and `key` = 'treatment_days_1' limit 1
2018-08-21 16:35:10: select * from `doctors` where `doctors`.`users_id` = 43 and `doctors`.`users_id` is not null and `doctors`.`deleted_at` is null limit 1
2018-08-21 16:35:11: select * from `users` where `id` = '44' and `users`.`deleted_at` is null limit 1
2018-08-21 16:35:11: select * from `doctors` where `doctors`.`users_id` = 44 and `doctors`.`users_id` is not null and `doctors`.`deleted_at` is null limit 1
2018-08-21 16:35:11: select count(*) as aggregate from `member_requests` where `member_requests`.`deleted_at` is null
2018-08-21 16:35:11: select count(*) as aggregate from `member_request_doctors` where `doctors_id` = '44'
2018-08-21 16:35:11: select count(*) as aggregate from `services` where `doctors_id` = '44' and `opened_at` is null and `services`.`deleted_at` is null
2018-08-21 16:35:11: select * from `messages` where `doctors_id` = '44' and `doctor_readed_at` is null and `visible` = 1 order by `created_at` desc
2018-08-21 16:35:11: select * from `parameters` where `type` = 'banner'
2018-08-21 16:35:11: select * from `parameters` where `type` = 'setting' and `key` = 'service_email' limit 1
2018-08-21 16:35:15: select * from `users` where `id` = '44' and `users`.`deleted_at` is null limit 1
2018-08-21 16:35:15: select * from `doctors` where `doctors`.`users_id` = 44 and `doctors`.`users_id` is not null and `doctors`.`deleted_at` is null limit 1
2018-08-21 16:35:15: select count(*) as aggregate from `member_requests` where `member_requests`.`deleted_at` is null
2018-08-21 16:35:15: select count(*) as aggregate from `member_request_doctors` where `doctors_id` = '44'
2018-08-21 16:35:15: select count(*) as aggregate from `services` where `doctors_id` = '44' and `opened_at` is null and `services`.`deleted_at` is null
2018-08-21 16:35:15: select * from `messages` where `doctors_id` = '44' and `doctor_readed_at` is null and `visible` = 1 order by `created_at` desc
2018-08-21 16:35:15: select * from `parameters` where `type` = 'banner'
2018-08-21 16:35:15: select * from `parameters` where `type` = 'setting' and `key` = 'service_email' limit 1
2018-08-21 16:35:19: select * from `users` where `id` = '44' and `login_type` = 2 and `status` = 1 and `users`.`deleted_at` is null limit 1
2018-08-21 16:35:19: select * from `doctors` where `doctors`.`users_id` in (44) and `doctors`.`deleted_at` is null
2018-08-21 16:35:19: select * from `services` where `doctors_id` = '44' and `payment_status` = 1 and `paid_at` > '2018-07-21 16:35:19' and `services`.`deleted_at` is null
2018-08-21 16:35:19: select * from `messages` where `doctors_id` = '44' and 1 = 1 and `visible` = 1
2018-08-21 16:35:19: select count(*) as aggregate from `users` where `id` in (43) and `login_type` = 1 and `users`.`deleted_at` is null
2018-08-21 16:35:19: select * from `users` where `id` in (43) and `login_type` = 1 and `users`.`deleted_at` is null limit 10 offset 0
2018-08-21 16:35:19: select * from `member_requests` where `member_requests`.`members_id` in (43) and `member_requests`.`deleted_at` is null order by `created_at` desc
2018-08-21 16:35:19: select * from `doctors` where `doctors`.`users_id` = 43 and `doctors`.`users_id` is not null and `doctors`.`deleted_at` is null limit 1
2018-08-21 16:35:32: select * from `users` where `id` = '44' and `users`.`deleted_at` is null limit 1
2018-08-21 16:35:32: select * from `doctors` where `doctors`.`users_id` = 44 and `doctors`.`users_id` is not null and `doctors`.`deleted_at` is null limit 1
2018-08-21 16:35:32: select count(*) as aggregate from `member_requests` where `member_requests`.`deleted_at` is null
2018-08-21 16:35:32: select count(*) as aggregate from `member_request_doctors` where `doctors_id` = '44'
2018-08-21 16:35:32: select count(*) as aggregate from `services` where `doctors_id` = '44' and `opened_at` is null and `services`.`deleted_at` is null
2018-08-21 16:35:32: select * from `messages` where `doctors_id` = '44' and `doctor_readed_at` is null and `visible` = 1 order by `created_at` desc
2018-08-21 16:35:32: select * from `parameters` where `type` = 'banner'
2018-08-21 16:35:32: select * from `parameters` where `type` = 'setting' and `key` = 'service_email' limit 1
2018-08-21 16:35:35: select * from `users` where `id` = '44' and `users`.`deleted_at` is null limit 1
2018-08-21 16:35:35: select * from `doctors` where `doctors`.`users_id` = 44 and `doctors`.`users_id` is not null and `doctors`.`deleted_at` is null limit 1
2018-08-21 16:35:35: select count(*) as aggregate from `member_requests` where `member_requests`.`deleted_at` is null
2018-08-21 16:35:35: select count(*) as aggregate from `member_request_doctors` where `doctors_id` = '44'
2018-08-21 16:35:35: select count(*) as aggregate from `services` where `doctors_id` = '44' and `opened_at` is null and `services`.`deleted_at` is null
2018-08-21 16:35:35: select * from `messages` where `doctors_id` = '44' and `doctor_readed_at` is null and `visible` = 1 order by `created_at` desc
2018-08-21 16:35:35: select * from `parameters` where `type` = 'banner'
2018-08-21 16:35:35: select * from `parameters` where `type` = 'setting' and `key` = 'service_email' limit 1
2018-08-21 16:35:35: select * from `users` where `id` = '44' and `login_type` = 2 and `status` = 1 and `users`.`deleted_at` is null limit 1
2018-08-21 16:35:35: select * from `doctors` where `doctors`.`users_id` in (44) and `doctors`.`deleted_at` is null
2018-08-21 16:35:35: select * from `services` where `doctors_id` = '44' and `members_id` is not null and `services`.`deleted_at` is null
2018-08-21 16:35:35: select * from `services` where `doctors_id` = '44' and `members_id` in (43) and `payment_status` in (0, 1) and `services`.`deleted_at` is null order by `created_at` desc
2018-08-21 16:35:35: select * from `users` where `login_type` = 1 and `users`.`id` in (43) and `users`.`deleted_at` is null
2018-08-21 16:35:35: select * from `parameters` where `type` = 'setting' and `key` = 'message_expire_time' limit 1
2018-08-21 16:35:35: select * from `messages` where `doctors_id` = 44 and `members_id` = 43 and `source` = 'member' order by `created_at` desc limit 1
2018-08-21 16:35:35: select * from `messages` where `doctors_id` = 44 and `members_id` = 43 and `source` = 'doctor' order by `created_at` desc limit 1
2018-08-21 16:35:35: update `services` set `opened_at` = '2018-08-21 16:35:35', `updated_at` = '2018-08-21 16:35:35' where `doctors_id` = '44' and `opened_at` is null and `services`.`deleted_at` is null
2018-08-21 16:35:35: select * from `parameters` where `type` = 'setting' and `key` = 'treatment_days_1' limit 1
2018-08-21 16:35:35: select * from `doctors` where `doctors`.`users_id` = 43 and `doctors`.`users_id` is not null and `doctors`.`deleted_at` is null limit 1
2018-08-21 16:35:39: select * from `users` where `id` = '44' and `login_type` = 2 and `status` = 1 and `users`.`deleted_at` is null limit 1
2018-08-21 16:35:39: select * from `doctors` where `doctors`.`users_id` in (44) and `doctors`.`deleted_at` is null
2018-08-21 16:35:39: select * from `services` where `doctors_id` = '44' and `members_id` is not null and `services`.`deleted_at` is null
2018-08-21 16:35:39: select * from `services` where `doctors_id` = '44' and `members_id` in (43) and `payment_status` in (0, 1) and `services`.`deleted_at` is null order by `created_at` desc
2018-08-21 16:35:39: select * from `users` where `login_type` = 1 and `users`.`id` in (43) and `users`.`deleted_at` is null
2018-08-21 16:35:39: select * from `parameters` where `type` = 'setting' and `key` = 'message_expire_time' limit 1
2018-08-21 16:35:39: select * from `messages` where `doctors_id` = 44 and `members_id` = 43 and `source` = 'member' order by `created_at` desc limit 1
2018-08-21 16:35:39: select * from `messages` where `doctors_id` = 44 and `members_id` = 43 and `source` = 'doctor' order by `created_at` desc limit 1
2018-08-21 16:35:39: update `services` set `opened_at` = '2018-08-21 16:35:39', `updated_at` = '2018-08-21 16:35:39' where `doctors_id` = '44' and `opened_at` is null and `services`.`deleted_at` is null
2018-08-21 16:35:39: select * from `parameters` where `type` = 'setting' and `key` = 'treatment_days_1' limit 1
2018-08-21 16:35:39: select * from `doctors` where `doctors`.`users_id` = 43 and `doctors`.`users_id` is not null and `doctors`.`deleted_at` is null limit 1
2018-08-21 16:35:40: select * from `users` where `id` = '44' and `users`.`deleted_at` is null limit 1
2018-08-21 16:35:40: select * from `doctors` where `doctors`.`users_id` = 44 and `doctors`.`users_id` is not null and `doctors`.`deleted_at` is null limit 1
2018-08-21 16:35:40: select count(*) as aggregate from `member_requests` where `member_requests`.`deleted_at` is null
2018-08-21 16:35:40: select count(*) as aggregate from `member_request_doctors` where `doctors_id` = '44'
2018-08-21 16:35:40: select count(*) as aggregate from `services` where `doctors_id` = '44' and `opened_at` is null and `services`.`deleted_at` is null
2018-08-21 16:35:40: select * from `messages` where `doctors_id` = '44' and `doctor_readed_at` is null and `visible` = 1 order by `created_at` desc
2018-08-21 16:35:40: select * from `parameters` where `type` = 'banner'
2018-08-21 16:35:40: select * from `parameters` where `type` = 'setting' and `key` = 'service_email' limit 1
2018-08-21 16:35:42: select * from `users` where `id` = '44' and `users`.`deleted_at` is null limit 1
2018-08-21 16:35:42: select * from `doctors` where `doctors`.`users_id` = 44 and `doctors`.`users_id` is not null and `doctors`.`deleted_at` is null limit 1
2018-08-21 16:35:45: select * from `users` where `id` = '44' and `users`.`deleted_at` is null limit 1
2018-08-21 16:35:45: select * from `doctors` where `doctors`.`users_id` = 44 and `doctors`.`users_id` is not null and `doctors`.`deleted_at` is null limit 1
2018-08-21 16:35:46: select * from `users` where `id` = '44' and `users`.`deleted_at` is null limit 1
2018-08-21 16:35:46: select * from `doctors` where `doctors`.`users_id` = 44 and `doctors`.`users_id` is not null and `doctors`.`deleted_at` is null limit 1
2018-08-21 16:35:48: select * from `users` where `id` = '44' and `users`.`deleted_at` is null limit 1
2018-08-21 16:35:48: select * from `doctors` where `doctors`.`users_id` = 44 and `doctors`.`users_id` is not null and `doctors`.`deleted_at` is null limit 1
2018-08-21 16:35:49: select * from `users` where `id` = '44' and `users`.`deleted_at` is null limit 1
2018-08-21 16:35:49: select * from `doctors` where `doctors`.`users_id` = 44 and `doctors`.`users_id` is not null and `doctors`.`deleted_at` is null limit 1
2018-08-21 16:35:49: select count(*) as aggregate from `member_requests` where `member_requests`.`deleted_at` is null
2018-08-21 16:35:49: select count(*) as aggregate from `member_request_doctors` where `doctors_id` = '44'
2018-08-21 16:35:49: select count(*) as aggregate from `services` where `doctors_id` = '44' and `opened_at` is null and `services`.`deleted_at` is null
2018-08-21 16:35:49: select * from `messages` where `doctors_id` = '44' and `doctor_readed_at` is null and `visible` = 1 order by `created_at` desc
2018-08-21 16:35:49: select * from `parameters` where `type` = 'banner'
2018-08-21 16:35:49: select * from `parameters` where `type` = 'setting' and `key` = 'service_email' limit 1
2018-08-21 16:35:50: select * from `users` where `id` = '44' and `users`.`deleted_at` is null limit 1
2018-08-21 16:35:50: select * from `doctors` where `doctors`.`users_id` = 44 and `doctors`.`users_id` is not null and `doctors`.`deleted_at` is null limit 1
2018-08-21 16:35:51: select * from `users` where `id` = '44' and `users`.`deleted_at` is null limit 1
2018-08-21 16:35:51: select * from `doctors` where `doctors`.`users_id` = 44 and `doctors`.`users_id` is not null and `doctors`.`deleted_at` is null limit 1
2018-08-21 16:35:51: select count(*) as aggregate from `member_requests` where `member_requests`.`deleted_at` is null
2018-08-21 16:35:51: select count(*) as aggregate from `member_request_doctors` where `doctors_id` = '44'
2018-08-21 16:35:51: select count(*) as aggregate from `services` where `doctors_id` = '44' and `opened_at` is null and `services`.`deleted_at` is null
2018-08-21 16:35:51: select * from `messages` where `doctors_id` = '44' and `doctor_readed_at` is null and `visible` = 1 order by `created_at` desc
2018-08-21 16:35:51: select * from `parameters` where `type` = 'banner'
2018-08-21 16:35:51: select * from `parameters` where `type` = 'setting' and `key` = 'service_email' limit 1
2018-08-21 16:35:57: select * from `users` where `id` = '44' and `users`.`deleted_at` is null limit 1
2018-08-21 16:35:57: select * from `doctors` where `doctors`.`users_id` = 44 and `doctors`.`users_id` is not null and `doctors`.`deleted_at` is null limit 1
2018-08-21 16:35:57: select count(*) as aggregate from `member_requests` where `member_requests`.`deleted_at` is null
2018-08-21 16:35:57: select count(*) as aggregate from `member_request_doctors` where `doctors_id` = '44'
2018-08-21 16:35:57: select count(*) as aggregate from `services` where `doctors_id` = '44' and `opened_at` is null and `services`.`deleted_at` is null
2018-08-21 16:35:57: select * from `messages` where `doctors_id` = '44' and `doctor_readed_at` is null and `visible` = 1 order by `created_at` desc
2018-08-21 16:35:57: select * from `parameters` where `type` = 'banner'
2018-08-21 16:35:57: select * from `parameters` where `type` = 'setting' and `key` = 'service_email' limit 1
2018-08-21 16:36:07: select * from `users` where `id` = '44' and `users`.`deleted_at` is null limit 1
2018-08-21 16:36:07: select * from `doctors` where `doctors`.`users_id` = 44 and `doctors`.`users_id` is not null and `doctors`.`deleted_at` is null limit 1
2018-08-21 16:36:07: select count(*) as aggregate from `member_requests` where `member_requests`.`deleted_at` is null
2018-08-21 16:36:07: select count(*) as aggregate from `member_request_doctors` where `doctors_id` = '44'
2018-08-21 16:36:07: select count(*) as aggregate from `services` where `doctors_id` = '44' and `opened_at` is null and `services`.`deleted_at` is null
2018-08-21 16:36:07: select * from `messages` where `doctors_id` = '44' and `doctor_readed_at` is null and `visible` = 1 order by `created_at` desc
2018-08-21 16:36:07: select * from `parameters` where `type` = 'banner'
2018-08-21 16:36:07: select * from `parameters` where `type` = 'setting' and `key` = 'service_email' limit 1
2018-08-21 16:36:30: select * from `users` where `id` = '44' and `users`.`deleted_at` is null limit 1
2018-08-21 16:36:30: select * from `doctors` where `doctors`.`users_id` = 44 and `doctors`.`users_id` is not null and `doctors`.`deleted_at` is null limit 1
2018-08-21 16:36:30: select count(*) as aggregate from `member_requests` where `member_requests`.`deleted_at` is null
2018-08-21 16:36:30: select count(*) as aggregate from `member_request_doctors` where `doctors_id` = '44'
2018-08-21 16:36:30: select count(*) as aggregate from `services` where `doctors_id` = '44' and `opened_at` is null and `services`.`deleted_at` is null
2018-08-21 16:36:30: select * from `messages` where `doctors_id` = '44' and `doctor_readed_at` is null and `visible` = 1 order by `created_at` desc
2018-08-21 16:36:30: select * from `parameters` where `type` = 'banner'
2018-08-21 16:36:30: select * from `parameters` where `type` = 'setting' and `key` = 'service_email' limit 1
2018-08-21 16:46:41: select * from `users` where `id` = '44' and `users`.`deleted_at` is null limit 1
2018-08-21 16:46:41: select * from `doctors` where `doctors`.`users_id` = 44 and `doctors`.`users_id` is not null and `doctors`.`deleted_at` is null limit 1
2018-08-21 16:46:41: select count(*) as aggregate from `member_requests` where `member_requests`.`deleted_at` is null
2018-08-21 16:46:41: select count(*) as aggregate from `member_request_doctors` where `doctors_id` = '44'
2018-08-21 16:46:41: select count(*) as aggregate from `services` where `doctors_id` = '44' and `opened_at` is null and `services`.`deleted_at` is null
2018-08-21 16:46:41: select * from `messages` where `doctors_id` = '44' and `doctor_readed_at` is null and `visible` = 1 order by `created_at` desc
2018-08-21 16:46:41: select * from `parameters` where `type` = 'banner'
2018-08-21 16:46:41: select * from `parameters` where `type` = 'setting' and `key` = 'service_email' limit 1
2018-08-21 16:46:57: select * from `users` where `id` = '44' and `users`.`deleted_at` is null limit 1
2018-08-21 16:46:57: select * from `doctors` where `doctors`.`users_id` = 44 and `doctors`.`users_id` is not null and `doctors`.`deleted_at` is null limit 1
2018-08-21 16:46:57: select count(*) as aggregate from `member_requests` where `member_requests`.`deleted_at` is null
2018-08-21 16:46:57: select count(*) as aggregate from `member_request_doctors` where `doctors_id` = '44'
2018-08-21 16:46:57: select count(*) as aggregate from `services` where `doctors_id` = '44' and `opened_at` is null and `services`.`deleted_at` is null
2018-08-21 16:46:57: select * from `messages` where `doctors_id` = '44' and `doctor_readed_at` is null and `visible` = 1 order by `created_at` desc
2018-08-21 16:46:57: select * from `parameters` where `type` = 'banner'
2018-08-21 16:46:57: select * from `parameters` where `type` = 'setting' and `key` = 'service_email' limit 1
2018-08-21 16:46:59: select * from `users` where `id` = '44' and `login_type` = 2 and `status` = 1 and `users`.`deleted_at` is null limit 1
2018-08-21 16:46:59: select * from `doctors` where `doctors`.`users_id` in (44) and `doctors`.`deleted_at` is null
2018-08-21 16:46:59: select * from `services` where `doctors_id` = '44' and `members_id` is not null and `services`.`deleted_at` is null
2018-08-21 16:46:59: select * from `services` where `doctors_id` = '44' and `members_id` in (43) and `payment_status` in (0, 1) and `services`.`deleted_at` is null order by `created_at` desc
2018-08-21 16:46:59: select * from `users` where `login_type` = 1 and `users`.`id` in (43) and `users`.`deleted_at` is null
2018-08-21 16:46:59: select * from `parameters` where `type` = 'setting' and `key` = 'message_expire_time' limit 1
2018-08-21 16:46:59: select * from `messages` where `doctors_id` = 44 and `members_id` = 43 and `source` = 'member' order by `created_at` desc limit 1
2018-08-21 16:46:59: select * from `messages` where `doctors_id` = 44 and `members_id` = 43 and `source` = 'doctor' order by `created_at` desc limit 1
2018-08-21 16:46:59: update `services` set `opened_at` = '2018-08-21 16:46:59', `updated_at` = '2018-08-21 16:46:59' where `doctors_id` = '44' and `opened_at` is null and `services`.`deleted_at` is null
2018-08-21 16:46:59: select * from `parameters` where `type` = 'setting' and `key` = 'treatment_days_1' limit 1
2018-08-21 16:46:59: select * from `doctors` where `doctors`.`users_id` = 43 and `doctors`.`users_id` is not null and `doctors`.`deleted_at` is null limit 1
2018-08-21 16:47:00: select * from `users` where `id` = '44' and `users`.`deleted_at` is null limit 1
2018-08-21 16:47:00: select * from `doctors` where `doctors`.`users_id` = 44 and `doctors`.`users_id` is not null and `doctors`.`deleted_at` is null limit 1
2018-08-21 16:47:00: select count(*) as aggregate from `member_requests` where `member_requests`.`deleted_at` is null
2018-08-21 16:47:00: select count(*) as aggregate from `member_request_doctors` where `doctors_id` = '44'
2018-08-21 16:47:00: select count(*) as aggregate from `services` where `doctors_id` = '44' and `opened_at` is null and `services`.`deleted_at` is null
2018-08-21 16:47:00: select * from `messages` where `doctors_id` = '44' and `doctor_readed_at` is null and `visible` = 1 order by `created_at` desc
2018-08-21 16:47:00: select * from `parameters` where `type` = 'banner'
2018-08-21 16:47:00: select * from `parameters` where `type` = 'setting' and `key` = 'service_email' limit 1
2018-08-21 16:47:01: select * from `users` where `id` = '44' and `users`.`deleted_at` is null limit 1
2018-08-21 16:47:01: select * from `doctors` where `doctors`.`users_id` = 44 and `doctors`.`users_id` is not null and `doctors`.`deleted_at` is null limit 1
2018-08-21 16:47:03: select * from `users` where `id` = '44' and `users`.`deleted_at` is null limit 1
2018-08-21 16:47:03: select * from `doctors` where `doctors`.`users_id` = 44 and `doctors`.`users_id` is not null and `doctors`.`deleted_at` is null limit 1
2018-08-21 16:47:03: select count(*) as aggregate from `member_requests` where `member_requests`.`deleted_at` is null
2018-08-21 16:47:03: select count(*) as aggregate from `member_request_doctors` where `doctors_id` = '44'
2018-08-21 16:47:03: select count(*) as aggregate from `services` where `doctors_id` = '44' and `opened_at` is null and `services`.`deleted_at` is null
2018-08-21 16:47:03: select * from `messages` where `doctors_id` = '44' and `doctor_readed_at` is null and `visible` = 1 order by `created_at` desc
2018-08-21 16:47:03: select * from `parameters` where `type` = 'banner'
2018-08-21 16:47:03: select * from `parameters` where `type` = 'setting' and `key` = 'service_email' limit 1
2018-08-21 16:47:11: select * from `users` where `id` = '44' and `users`.`deleted_at` is null limit 1
2018-08-21 16:47:11: select * from `doctors` where `doctors`.`users_id` = 44 and `doctors`.`users_id` is not null and `doctors`.`deleted_at` is null limit 1
2018-08-21 16:47:12: select * from `users` where `id` = '44' and `users`.`deleted_at` is null limit 1
2018-08-21 16:47:12: select * from `doctors` where `doctors`.`users_id` = 44 and `doctors`.`users_id` is not null and `doctors`.`deleted_at` is null limit 1
2018-08-21 16:47:12: select count(*) as aggregate from `member_requests` where `member_requests`.`deleted_at` is null
2018-08-21 16:47:12: select count(*) as aggregate from `member_request_doctors` where `doctors_id` = '44'
2018-08-21 16:47:12: select count(*) as aggregate from `services` where `doctors_id` = '44' and `opened_at` is null and `services`.`deleted_at` is null
2018-08-21 16:47:12: select * from `messages` where `doctors_id` = '44' and `doctor_readed_at` is null and `visible` = 1 order by `created_at` desc
2018-08-21 16:47:12: select * from `parameters` where `type` = 'banner'
2018-08-21 16:47:12: select * from `parameters` where `type` = 'setting' and `key` = 'service_email' limit 1
2018-08-21 16:47:13: select * from `users` where `id` = '44' and `login_type` = 2 and `status` = 1 and `users`.`deleted_at` is null limit 1
2018-08-21 16:47:13: select * from `doctors` where `doctors`.`users_id` in (44) and `doctors`.`deleted_at` is null
2018-08-21 16:47:13: select * from `services` where `doctors_id` = '44' and `members_id` is not null and `services`.`deleted_at` is null
2018-08-21 16:47:13: select * from `services` where `doctors_id` = '44' and `members_id` in (43) and `payment_status` = 1 and `services`.`deleted_at` is null order by `created_at` desc
2018-08-21 16:47:13: select * from `users` where `login_type` = 1 and `users`.`id` in (43) and `users`.`deleted_at` is null
2018-08-21 16:47:13: select * from `parameters` where `type` = 'setting' and `key` = 'treatment_days_1' limit 1
2018-08-21 16:47:13: select * from `parameters` where `type` = 'setting' and `key` = 'treatment_days_1' limit 1
2018-08-21 16:47:13: select * from `parameters` where `type` = 'setting' and `key` = 'treatment_days_1' limit 1
2018-08-21 16:47:13: select * from `parameters` where `type` = 'setting' and `key` = 'message_expire_time' limit 1
2018-08-21 16:47:13: select * from `messages` where `doctors_id` = 44 and `members_id` = 43 and `source` = 'member' order by `created_at` desc limit 1
2018-08-21 16:47:13: select * from `messages` where `doctors_id` = 44 and `members_id` = 43 and `source` = 'doctor' order by `created_at` desc limit 1
2018-08-21 16:47:13: update `services` set `opened_at` = '2018-08-21 16:47:13', `updated_at` = '2018-08-21 16:47:13' where `doctors_id` = '44' and `opened_at` is null and `services`.`deleted_at` is null
2018-08-21 16:47:13: select * from `parameters` where `type` = 'setting' and `key` = 'treatment_days_1' limit 1
2018-08-21 16:47:13: select * from `doctors` where `doctors`.`users_id` = 43 and `doctors`.`users_id` is not null and `doctors`.`deleted_at` is null limit 1
2018-08-21 16:47:17: select * from `users` where `id` = '44' and `users`.`deleted_at` is null limit 1
2018-08-21 16:47:17: select * from `doctors` where `doctors`.`users_id` = 44 and `doctors`.`users_id` is not null and `doctors`.`deleted_at` is null limit 1
2018-08-21 16:47:17: select count(*) as aggregate from `member_requests` where `member_requests`.`deleted_at` is null
2018-08-21 16:47:17: select count(*) as aggregate from `member_request_doctors` where `doctors_id` = '44'
2018-08-21 16:47:17: select count(*) as aggregate from `services` where `doctors_id` = '44' and `opened_at` is null and `services`.`deleted_at` is null
2018-08-21 16:47:17: select * from `messages` where `doctors_id` = '44' and `doctor_readed_at` is null and `visible` = 1 order by `created_at` desc
2018-08-21 16:47:17: select * from `parameters` where `type` = 'banner'
2018-08-21 16:47:17: select * from `parameters` where `type` = 'setting' and `key` = 'service_email' limit 1
2018-08-21 16:47:38: select * from `users` where `id` = '44' and `login_type` = 2 and `status` = 1 and `users`.`deleted_at` is null limit 1
2018-08-21 16:47:38: select * from `doctors` where `doctors`.`users_id` in (44) and `doctors`.`deleted_at` is null
2018-08-21 16:47:38: select * from `services` where `doctors_id` = '44' and `members_id` is not null and `services`.`deleted_at` is null
2018-08-21 16:47:38: select * from `services` where `doctors_id` = '44' and `members_id` in (43) and `payment_status` = 1 and `services`.`deleted_at` is null order by `created_at` desc
2018-08-21 16:47:38: select * from `users` where `login_type` = 1 and `users`.`id` in (43) and `users`.`deleted_at` is null
2018-08-21 16:47:38: select * from `parameters` where `type` = 'setting' and `key` = 'treatment_days_1' limit 1
2018-08-21 16:47:38: select * from `parameters` where `type` = 'setting' and `key` = 'treatment_days_1' limit 1
2018-08-21 16:47:38: select * from `parameters` where `type` = 'setting' and `key` = 'treatment_days_1' limit 1
2018-08-21 16:47:38: select * from `parameters` where `type` = 'setting' and `key` = 'message_expire_time' limit 1
2018-08-21 16:47:38: select * from `messages` where `doctors_id` = 44 and `members_id` = 43 and `source` = 'member' order by `created_at` desc limit 1
2018-08-21 16:47:38: select * from `messages` where `doctors_id` = 44 and `members_id` = 43 and `source` = 'doctor' order by `created_at` desc limit 1
2018-08-21 16:47:38: update `services` set `opened_at` = '2018-08-21 16:47:38', `updated_at` = '2018-08-21 16:47:38' where `doctors_id` = '44' and `opened_at` is null and `services`.`deleted_at` is null
2018-08-21 16:47:38: select * from `parameters` where `type` = 'setting' and `key` = 'treatment_days_1' limit 1
2018-08-21 16:47:38: select * from `doctors` where `doctors`.`users_id` = 43 and `doctors`.`users_id` is not null and `doctors`.`deleted_at` is null limit 1
2018-08-21 16:48:24: select * from `users` where `id` = '44' and `login_type` = 2 and `status` = 1 and `users`.`deleted_at` is null limit 1
2018-08-21 16:48:24: select * from `doctors` where `doctors`.`users_id` in (44) and `doctors`.`deleted_at` is null
2018-08-21 16:48:24: select * from `services` where `doctors_id` = '44' and `members_id` is not null and `services`.`deleted_at` is null
2018-08-21 16:48:24: select * from `services` where `doctors_id` = '44' and `members_id` in (43) and `payment_status` = 1 and `services`.`deleted_at` is null order by `created_at` desc
2018-08-21 16:48:24: select * from `users` where `login_type` = 1 and `users`.`id` in (43) and `users`.`deleted_at` is null
2018-08-21 16:48:24: select * from `parameters` where `type` = 'setting' and `key` = 'treatment_days_1' limit 1
2018-08-21 16:48:24: select * from `parameters` where `type` = 'setting' and `key` = 'treatment_days_1' limit 1
2018-08-21 16:48:24: select * from `parameters` where `type` = 'setting' and `key` = 'treatment_days_1' limit 1
2018-08-21 16:48:24: select * from `parameters` where `type` = 'setting' and `key` = 'message_expire_time' limit 1
2018-08-21 16:48:24: select * from `messages` where `doctors_id` = 44 and `members_id` = 43 and `source` = 'member' order by `created_at` desc limit 1
2018-08-21 16:48:24: select * from `messages` where `doctors_id` = 44 and `members_id` = 43 and `source` = 'doctor' order by `created_at` desc limit 1
2018-08-21 16:48:24: update `services` set `opened_at` = '2018-08-21 16:48:24', `updated_at` = '2018-08-21 16:48:24' where `doctors_id` = '44' and `opened_at` is null and `services`.`deleted_at` is null
2018-08-21 16:48:24: select * from `parameters` where `type` = 'setting' and `key` = 'treatment_days_1' limit 1
2018-08-21 16:48:24: select * from `doctors` where `doctors`.`users_id` = 43 and `doctors`.`users_id` is not null and `doctors`.`deleted_at` is null limit 1
2018-08-21 16:48:29: select * from `users` where `id` = '44' and `users`.`deleted_at` is null limit 1
2018-08-21 16:48:29: select * from `doctors` where `doctors`.`users_id` = 44 and `doctors`.`users_id` is not null and `doctors`.`deleted_at` is null limit 1
2018-08-21 16:48:29: select count(*) as aggregate from `member_requests` where `member_requests`.`deleted_at` is null
2018-08-21 16:48:29: select count(*) as aggregate from `member_request_doctors` where `doctors_id` = '44'
2018-08-21 16:48:29: select count(*) as aggregate from `services` where `doctors_id` = '44' and `opened_at` is null and `services`.`deleted_at` is null
2018-08-21 16:48:29: select * from `messages` where `doctors_id` = '44' and `doctor_readed_at` is null and `visible` = 1 order by `created_at` desc
2018-08-21 16:48:29: select * from `parameters` where `type` = 'banner'
2018-08-21 16:48:29: select * from `parameters` where `type` = 'setting' and `key` = 'service_email' limit 1
2018-08-21 16:56:41: select count(*) as aggregate from `users` where `id` = '60'
2018-08-21 16:56:41: select * from `users` where `id` = '60' and `users`.`deleted_at` is null limit 1
2018-08-21 16:56:41: select * from `users` where `city_id` = 1 and `login_type` = '2' and `online` = 1 and `users`.`deleted_at` is null order by `online_at` desc
2018-08-21 16:56:41: select * from `messages` where `source` = 'doctor' and `started_at` is not null and `messages`.`doctors_id` in (2, 9, 11, 12, 13, 14, 15, 16, 17, 21, 22, 23, 24, 25, 26, 44, 45) and `members_id` = '60' order by `started_at` desc
2018-08-21 16:56:41: select * from `doctors` where `users_id` = 44 and `doctors`.`deleted_at` is null limit 1
2018-08-21 16:56:41: select * from `services` where `members_id` = '60' and `payment_status` = 1 and `services`.`deleted_at` is null order by `id` desc limit 1
2018-08-21 16:56:41: select * from `doctors` where `users_id` = 45 and `doctors`.`deleted_at` is null limit 1
2018-08-21 16:56:41: select * from `services` where `members_id` = '60' and `payment_status` = 1 and `services`.`deleted_at` is null order by `id` desc limit 1
2018-08-21 16:56:41: select * from `doctors` where `users_id` = 2 and `doctors`.`deleted_at` is null limit 1
2018-08-21 16:56:41: select * from `services` where `members_id` = '60' and `payment_status` = 1 and `services`.`deleted_at` is null order by `id` desc limit 1
2018-08-21 16:56:41: select * from `doctors` where `users_id` = 24 and `doctors`.`deleted_at` is null limit 1
2018-08-21 16:56:41: select * from `services` where `members_id` = '60' and `payment_status` = 1 and `services`.`deleted_at` is null order by `id` desc limit 1
2018-08-21 16:56:41: select * from `doctors` where `users_id` = 16 and `doctors`.`deleted_at` is null limit 1
2018-08-21 16:56:41: select * from `services` where `members_id` = '60' and `payment_status` = 1 and `services`.`deleted_at` is null order by `id` desc limit 1
2018-08-21 16:56:41: select * from `doctors` where `users_id` = 11 and `doctors`.`deleted_at` is null limit 1
2018-08-21 16:56:41: select * from `services` where `members_id` = '60' and `payment_status` = 1 and `services`.`deleted_at` is null order by `id` desc limit 1
2018-08-21 16:56:41: select * from `doctors` where `users_id` = 9 and `doctors`.`deleted_at` is null limit 1
2018-08-21 16:56:41: select * from `services` where `members_id` = '60' and `payment_status` = 1 and `services`.`deleted_at` is null order by `id` desc limit 1
2018-08-21 16:56:41: select * from `doctors` where `users_id` = 21 and `doctors`.`deleted_at` is null limit 1
2018-08-21 16:56:41: select * from `services` where `members_id` = '60' and `payment_status` = 1 and `services`.`deleted_at` is null order by `id` desc limit 1
2018-08-21 16:56:41: select * from `doctors` where `users_id` = 12 and `doctors`.`deleted_at` is null limit 1
2018-08-21 16:56:41: select * from `services` where `members_id` = '60' and `payment_status` = 1 and `services`.`deleted_at` is null order by `id` desc limit 1
2018-08-21 16:56:41: select * from `doctors` where `users_id` = 13 and `doctors`.`deleted_at` is null limit 1
2018-08-21 16:56:41: select * from `services` where `members_id` = '60' and `payment_status` = 1 and `services`.`deleted_at` is null order by `id` desc limit 1
2018-08-21 16:56:41: select * from `doctors` where `users_id` = 14 and `doctors`.`deleted_at` is null limit 1
2018-08-21 16:56:41: select * from `services` where `members_id` = '60' and `payment_status` = 1 and `services`.`deleted_at` is null order by `id` desc limit 1
2018-08-21 16:56:41: select * from `doctors` where `users_id` = 15 and `doctors`.`deleted_at` is null limit 1
2018-08-21 16:56:41: select * from `services` where `members_id` = '60' and `payment_status` = 1 and `services`.`deleted_at` is null order by `id` desc limit 1
2018-08-21 16:56:41: select * from `doctors` where `users_id` = 17 and `doctors`.`deleted_at` is null limit 1
2018-08-21 16:56:41: select * from `services` where `members_id` = '60' and `payment_status` = 1 and `services`.`deleted_at` is null order by `id` desc limit 1
2018-08-21 16:56:41: select * from `doctors` where `users_id` = 22 and `doctors`.`deleted_at` is null limit 1
2018-08-21 16:56:41: select * from `services` where `members_id` = '60' and `payment_status` = 1 and `services`.`deleted_at` is null order by `id` desc limit 1
2018-08-21 16:56:41: select * from `doctors` where `users_id` = 23 and `doctors`.`deleted_at` is null limit 1
2018-08-21 16:56:41: select * from `services` where `members_id` = '60' and `payment_status` = 1 and `services`.`deleted_at` is null order by `id` desc limit 1
2018-08-21 16:56:41: select * from `doctors` where `users_id` = 25 and `doctors`.`deleted_at` is null limit 1
2018-08-21 16:56:41: select * from `services` where `members_id` = '60' and `payment_status` = 1 and `services`.`deleted_at` is null order by `id` desc limit 1
2018-08-21 16:56:41: select * from `doctors` where `users_id` = 26 and `doctors`.`deleted_at` is null limit 1
2018-08-21 16:56:41: select * from `services` where `members_id` = '60' and `payment_status` = 1 and `services`.`deleted_at` is null order by `id` desc limit 1
2018-08-21 16:56:53: select count(*) as aggregate from `users` where `id` = '60'
2018-08-21 16:56:53: select * from `users` where `id` = '60' and `users`.`deleted_at` is null limit 1
2018-08-21 16:56:53: select * from `users` where `city_id` = 1 and `login_type` = '2' and `online` = 1 and `users`.`deleted_at` is null order by `online_at` desc
2018-08-21 16:56:53: select * from `messages` where `source` = 'doctor' and `started_at` is not null and `messages`.`doctors_id` in (2, 9, 11, 12, 13, 14, 15, 16, 17, 21, 22, 23, 24, 25, 26, 44, 45) and `members_id` = '60' order by `started_at` desc
2018-08-21 16:56:53: select * from `doctors` where `users_id` = 44 and `doctors`.`deleted_at` is null limit 1
2018-08-21 16:56:53: select * from `services` where `members_id` = '60' and `payment_status` = 1 and `services`.`deleted_at` is null order by `id` desc limit 1
2018-08-21 16:56:53: select * from `doctors` where `users_id` = 45 and `doctors`.`deleted_at` is null limit 1
2018-08-21 16:56:53: select * from `services` where `members_id` = '60' and `payment_status` = 1 and `services`.`deleted_at` is null order by `id` desc limit 1
2018-08-21 16:56:53: select * from `doctors` where `users_id` = 2 and `doctors`.`deleted_at` is null limit 1
2018-08-21 16:56:53: select * from `services` where `members_id` = '60' and `payment_status` = 1 and `services`.`deleted_at` is null order by `id` desc limit 1
2018-08-21 16:56:53: select * from `doctors` where `users_id` = 24 and `doctors`.`deleted_at` is null limit 1
2018-08-21 16:56:53: select * from `services` where `members_id` = '60' and `payment_status` = 1 and `services`.`deleted_at` is null order by `id` desc limit 1
2018-08-21 16:56:53: select * from `doctors` where `users_id` = 16 and `doctors`.`deleted_at` is null limit 1
2018-08-21 16:56:53: select * from `services` where `members_id` = '60' and `payment_status` = 1 and `services`.`deleted_at` is null order by `id` desc limit 1
2018-08-21 16:56:53: select * from `doctors` where `users_id` = 11 and `doctors`.`deleted_at` is null limit 1
2018-08-21 16:56:53: select * from `services` where `members_id` = '60' and `payment_status` = 1 and `services`.`deleted_at` is null order by `id` desc limit 1
2018-08-21 16:56:53: select * from `doctors` where `users_id` = 9 and `doctors`.`deleted_at` is null limit 1
2018-08-21 16:56:53: select * from `services` where `members_id` = '60' and `payment_status` = 1 and `services`.`deleted_at` is null order by `id` desc limit 1
2018-08-21 16:56:53: select * from `doctors` where `users_id` = 21 and `doctors`.`deleted_at` is null limit 1
2018-08-21 16:56:53: select * from `services` where `members_id` = '60' and `payment_status` = 1 and `services`.`deleted_at` is null order by `id` desc limit 1
2018-08-21 16:56:53: select * from `doctors` where `users_id` = 12 and `doctors`.`deleted_at` is null limit 1
2018-08-21 16:56:53: select * from `services` where `members_id` = '60' and `payment_status` = 1 and `services`.`deleted_at` is null order by `id` desc limit 1
2018-08-21 16:56:53: select * from `doctors` where `users_id` = 13 and `doctors`.`deleted_at` is null limit 1
2018-08-21 16:56:53: select * from `services` where `members_id` = '60' and `payment_status` = 1 and `services`.`deleted_at` is null order by `id` desc limit 1
2018-08-21 16:56:53: select * from `doctors` where `users_id` = 14 and `doctors`.`deleted_at` is null limit 1
2018-08-21 16:56:53: select * from `services` where `members_id` = '60' and `payment_status` = 1 and `services`.`deleted_at` is null order by `id` desc limit 1
2018-08-21 16:56:53: select * from `doctors` where `users_id` = 15 and `doctors`.`deleted_at` is null limit 1
2018-08-21 16:56:53: select * from `services` where `members_id` = '60' and `payment_status` = 1 and `services`.`deleted_at` is null order by `id` desc limit 1
2018-08-21 16:56:53: select * from `doctors` where `users_id` = 17 and `doctors`.`deleted_at` is null limit 1
2018-08-21 16:56:53: select * from `services` where `members_id` = '60' and `payment_status` = 1 and `services`.`deleted_at` is null order by `id` desc limit 1
2018-08-21 16:56:53: select * from `doctors` where `users_id` = 22 and `doctors`.`deleted_at` is null limit 1
2018-08-21 16:56:53: select * from `services` where `members_id` = '60' and `payment_status` = 1 and `services`.`deleted_at` is null order by `id` desc limit 1
2018-08-21 16:56:53: select * from `doctors` where `users_id` = 23 and `doctors`.`deleted_at` is null limit 1
2018-08-21 16:56:53: select * from `services` where `members_id` = '60' and `payment_status` = 1 and `services`.`deleted_at` is null order by `id` desc limit 1
2018-08-21 16:56:53: select * from `doctors` where `users_id` = 25 and `doctors`.`deleted_at` is null limit 1
2018-08-21 16:56:53: select * from `services` where `members_id` = '60' and `payment_status` = 1 and `services`.`deleted_at` is null order by `id` desc limit 1
2018-08-21 16:56:53: select * from `doctors` where `users_id` = 26 and `doctors`.`deleted_at` is null limit 1
2018-08-21 16:56:53: select * from `services` where `members_id` = '60' and `payment_status` = 1 and `services`.`deleted_at` is null order by `id` desc limit 1
2018-08-21 16:57:12: select count(*) as aggregate from `users` where `id` = '60'
2018-08-21 16:57:12: select * from `users` where `id` = '60' and `users`.`deleted_at` is null limit 1
2018-08-21 16:57:12: select * from `users` where `city_id` = 1 and `login_type` = '2' and `online` = 1 and `users`.`deleted_at` is null order by `online_at` desc
2018-08-21 16:57:12: select * from `messages` where `source` = 'doctor' and `started_at` is not null and `messages`.`doctors_id` in (2, 9, 11, 12, 13, 14, 15, 16, 17, 21, 22, 23, 24, 25, 26, 44, 45) and `members_id` = '60' order by `started_at` desc
2018-08-21 16:57:12: select * from `doctors` where `users_id` = 44 and `doctors`.`deleted_at` is null limit 1
2018-08-21 16:57:12: select * from `services` where `members_id` = '60' and `payment_status` = 1 and `services`.`deleted_at` is null order by `id` desc limit 1
2018-08-21 16:57:12: select * from `doctors` where `users_id` = 45 and `doctors`.`deleted_at` is null limit 1
2018-08-21 16:57:12: select * from `services` where `members_id` = '60' and `payment_status` = 1 and `services`.`deleted_at` is null order by `id` desc limit 1
2018-08-21 16:57:12: select * from `doctors` where `users_id` = 2 and `doctors`.`deleted_at` is null limit 1
2018-08-21 16:57:12: select * from `services` where `members_id` = '60' and `payment_status` = 1 and `services`.`deleted_at` is null order by `id` desc limit 1
2018-08-21 16:57:12: select * from `doctors` where `users_id` = 24 and `doctors`.`deleted_at` is null limit 1
2018-08-21 16:57:12: select * from `services` where `members_id` = '60' and `payment_status` = 1 and `services`.`deleted_at` is null order by `id` desc limit 1
2018-08-21 16:57:12: select * from `doctors` where `users_id` = 16 and `doctors`.`deleted_at` is null limit 1
2018-08-21 16:57:12: select * from `services` where `members_id` = '60' and `payment_status` = 1 and `services`.`deleted_at` is null order by `id` desc limit 1
2018-08-21 16:57:12: select * from `doctors` where `users_id` = 11 and `doctors`.`deleted_at` is null limit 1
2018-08-21 16:57:12: select * from `services` where `members_id` = '60' and `payment_status` = 1 and `services`.`deleted_at` is null order by `id` desc limit 1
2018-08-21 16:57:12: select * from `doctors` where `users_id` = 9 and `doctors`.`deleted_at` is null limit 1
2018-08-21 16:57:12: select * from `services` where `members_id` = '60' and `payment_status` = 1 and `services`.`deleted_at` is null order by `id` desc limit 1
2018-08-21 16:57:12: select * from `doctors` where `users_id` = 21 and `doctors`.`deleted_at` is null limit 1
2018-08-21 16:57:12: select * from `services` where `members_id` = '60' and `payment_status` = 1 and `services`.`deleted_at` is null order by `id` desc limit 1
2018-08-21 16:57:12: select * from `doctors` where `users_id` = 12 and `doctors`.`deleted_at` is null limit 1
2018-08-21 16:57:12: select * from `services` where `members_id` = '60' and `payment_status` = 1 and `services`.`deleted_at` is null order by `id` desc limit 1
2018-08-21 16:57:12: select * from `doctors` where `users_id` = 13 and `doctors`.`deleted_at` is null limit 1
2018-08-21 16:57:12: select * from `services` where `members_id` = '60' and `payment_status` = 1 and `services`.`deleted_at` is null order by `id` desc limit 1
2018-08-21 16:57:12: select * from `doctors` where `users_id` = 14 and `doctors`.`deleted_at` is null limit 1
2018-08-21 16:57:12: select * from `services` where `members_id` = '60' and `payment_status` = 1 and `services`.`deleted_at` is null order by `id` desc limit 1
2018-08-21 16:57:12: select * from `doctors` where `users_id` = 15 and `doctors`.`deleted_at` is null limit 1
2018-08-21 16:57:12: select * from `services` where `members_id` = '60' and `payment_status` = 1 and `services`.`deleted_at` is null order by `id` desc limit 1
2018-08-21 16:57:12: select * from `doctors` where `users_id` = 17 and `doctors`.`deleted_at` is null limit 1
2018-08-21 16:57:12: select * from `services` where `members_id` = '60' and `payment_status` = 1 and `services`.`deleted_at` is null order by `id` desc limit 1
2018-08-21 16:57:12: select * from `doctors` where `users_id` = 22 and `doctors`.`deleted_at` is null limit 1
2018-08-21 16:57:12: select * from `services` where `members_id` = '60' and `payment_status` = 1 and `services`.`deleted_at` is null order by `id` desc limit 1
2018-08-21 16:57:12: select * from `doctors` where `users_id` = 23 and `doctors`.`deleted_at` is null limit 1
2018-08-21 16:57:12: select * from `services` where `members_id` = '60' and `payment_status` = 1 and `services`.`deleted_at` is null order by `id` desc limit 1
2018-08-21 16:57:12: select * from `doctors` where `users_id` = 25 and `doctors`.`deleted_at` is null limit 1
2018-08-21 16:57:12: select * from `services` where `members_id` = '60' and `payment_status` = 1 and `services`.`deleted_at` is null order by `id` desc limit 1
2018-08-21 16:57:12: select * from `doctors` where `users_id` = 26 and `doctors`.`deleted_at` is null limit 1
2018-08-21 16:57:12: select * from `services` where `members_id` = '60' and `payment_status` = 1 and `services`.`deleted_at` is null order by `id` desc limit 1
2018-08-21 16:57:18: select count(*) as aggregate from `users` where `id` = '60'
2018-08-21 16:57:18: select * from `users` where `id` = '60' and `users`.`deleted_at` is null limit 1
2018-08-21 16:57:18: select * from `users` where `city_id` = 1 and `login_type` = '2' and `online` = 1 and `users`.`deleted_at` is null order by `online_at` desc
2018-08-21 16:57:18: select * from `messages` where `source` = 'doctor' and `started_at` is not null and `messages`.`doctors_id` in (2, 9, 11, 12, 13, 14, 15, 16, 17, 21, 22, 23, 24, 25, 26, 44, 45) and `members_id` = '60' order by `started_at` desc
2018-08-21 16:57:18: select * from `doctors` where `users_id` = 44 and `doctors`.`deleted_at` is null limit 1
2018-08-21 16:57:18: select * from `services` where `members_id` = '60' and `payment_status` = 1 and `services`.`deleted_at` is null order by `id` desc limit 1
2018-08-21 16:57:18: select * from `doctors` where `users_id` = 45 and `doctors`.`deleted_at` is null limit 1
2018-08-21 16:57:18: select * from `services` where `members_id` = '60' and `payment_status` = 1 and `services`.`deleted_at` is null order by `id` desc limit 1
2018-08-21 16:57:18: select * from `doctors` where `users_id` = 2 and `doctors`.`deleted_at` is null limit 1
2018-08-21 16:57:18: select * from `services` where `members_id` = '60' and `payment_status` = 1 and `services`.`deleted_at` is null order by `id` desc limit 1
2018-08-21 16:57:18: select * from `doctors` where `users_id` = 24 and `doctors`.`deleted_at` is null limit 1
2018-08-21 16:57:18: select * from `services` where `members_id` = '60' and `payment_status` = 1 and `services`.`deleted_at` is null order by `id` desc limit 1
2018-08-21 16:57:18: select * from `doctors` where `users_id` = 16 and `doctors`.`deleted_at` is null limit 1
2018-08-21 16:57:18: select * from `services` where `members_id` = '60' and `payment_status` = 1 and `services`.`deleted_at` is null order by `id` desc limit 1
2018-08-21 16:57:18: select * from `doctors` where `users_id` = 11 and `doctors`.`deleted_at` is null limit 1
2018-08-21 16:57:18: select * from `services` where `members_id` = '60' and `payment_status` = 1 and `services`.`deleted_at` is null order by `id` desc limit 1
2018-08-21 16:57:18: select * from `doctors` where `users_id` = 9 and `doctors`.`deleted_at` is null limit 1
2018-08-21 16:57:18: select * from `services` where `members_id` = '60' and `payment_status` = 1 and `services`.`deleted_at` is null order by `id` desc limit 1
2018-08-21 16:57:18: select * from `doctors` where `users_id` = 21 and `doctors`.`deleted_at` is null limit 1
2018-08-21 16:57:18: select * from `services` where `members_id` = '60' and `payment_status` = 1 and `services`.`deleted_at` is null order by `id` desc limit 1
2018-08-21 16:57:18: select * from `doctors` where `users_id` = 12 and `doctors`.`deleted_at` is null limit 1
2018-08-21 16:57:18: select * from `services` where `members_id` = '60' and `payment_status` = 1 and `services`.`deleted_at` is null order by `id` desc limit 1
2018-08-21 16:57:18: select * from `doctors` where `users_id` = 13 and `doctors`.`deleted_at` is null limit 1
2018-08-21 16:57:18: select * from `services` where `members_id` = '60' and `payment_status` = 1 and `services`.`deleted_at` is null order by `id` desc limit 1
2018-08-21 16:57:18: select * from `doctors` where `users_id` = 14 and `doctors`.`deleted_at` is null limit 1
2018-08-21 16:57:18: select * from `services` where `members_id` = '60' and `payment_status` = 1 and `services`.`deleted_at` is null order by `id` desc limit 1
2018-08-21 16:57:18: select * from `doctors` where `users_id` = 15 and `doctors`.`deleted_at` is null limit 1
2018-08-21 16:57:18: select * from `services` where `members_id` = '60' and `payment_status` = 1 and `services`.`deleted_at` is null order by `id` desc limit 1
2018-08-21 16:57:18: select * from `doctors` where `users_id` = 17 and `doctors`.`deleted_at` is null limit 1
2018-08-21 16:57:18: select * from `services` where `members_id` = '60' and `payment_status` = 1 and `services`.`deleted_at` is null order by `id` desc limit 1
2018-08-21 16:57:18: select * from `doctors` where `users_id` = 22 and `doctors`.`deleted_at` is null limit 1
2018-08-21 16:57:18: select * from `services` where `members_id` = '60' and `payment_status` = 1 and `services`.`deleted_at` is null order by `id` desc limit 1
2018-08-21 16:57:18: select * from `doctors` where `users_id` = 23 and `doctors`.`deleted_at` is null limit 1
2018-08-21 16:57:18: select * from `services` where `members_id` = '60' and `payment_status` = 1 and `services`.`deleted_at` is null order by `id` desc limit 1
2018-08-21 16:57:18: select * from `doctors` where `users_id` = 25 and `doctors`.`deleted_at` is null limit 1
2018-08-21 16:57:18: select * from `services` where `members_id` = '60' and `payment_status` = 1 and `services`.`deleted_at` is null order by `id` desc limit 1
2018-08-21 16:57:18: select * from `doctors` where `users_id` = 26 and `doctors`.`deleted_at` is null limit 1
2018-08-21 16:57:18: select * from `services` where `members_id` = '60' and `payment_status` = 1 and `services`.`deleted_at` is null order by `id` desc limit 1
2018-08-21 16:57:37: select * from `users` where `id` = '44' and `users`.`deleted_at` is null limit 1
2018-08-21 16:57:37: select * from `doctors` where `doctors`.`users_id` = 44 and `doctors`.`users_id` is not null and `doctors`.`deleted_at` is null limit 1
2018-08-21 16:57:37: select count(*) as aggregate from `member_requests` where `member_requests`.`deleted_at` is null
2018-08-21 16:57:37: select count(*) as aggregate from `member_request_doctors` where `doctors_id` = '44'
2018-08-21 16:57:37: select count(*) as aggregate from `services` where `doctors_id` = '44' and `opened_at` is null and `services`.`deleted_at` is null
2018-08-21 16:57:37: select * from `messages` where `doctors_id` = '44' and `doctor_readed_at` is null and `visible` = 1 order by `created_at` desc
2018-08-21 16:57:37: select * from `parameters` where `type` = 'banner'
2018-08-21 16:57:37: select * from `parameters` where `type` = 'setting' and `key` = 'service_email' limit 1
2018-08-21 16:57:40: select * from `users` where `id` = '44' and `login_type` = 2 and `status` = 1 and `users`.`deleted_at` is null limit 1
2018-08-21 16:57:40: select * from `doctors` where `doctors`.`users_id` in (44) and `doctors`.`deleted_at` is null
2018-08-21 16:57:40: select * from `services` where `doctors_id` = '44' and `members_id` is not null and `services`.`deleted_at` is null
2018-08-21 16:57:40: select * from `services` where `doctors_id` = '44' and `members_id` in (43) and `payment_status` in (0, 1) and `services`.`deleted_at` is null order by `created_at` desc
2018-08-21 16:57:40: select * from `users` where `login_type` = 1 and `users`.`id` in (43) and `users`.`deleted_at` is null
2018-08-21 16:57:40: select * from `parameters` where `type` = 'setting' and `key` = 'message_expire_time' limit 1
2018-08-21 16:57:40: select * from `messages` where `doctors_id` = 44 and `members_id` = 43 and `source` = 'member' order by `created_at` desc limit 1
2018-08-21 16:57:40: select * from `messages` where `doctors_id` = 44 and `members_id` = 43 and `source` = 'doctor' order by `created_at` desc limit 1
2018-08-21 16:57:40: update `services` set `opened_at` = '2018-08-21 16:57:40', `updated_at` = '2018-08-21 16:57:40' where `doctors_id` = '44' and `opened_at` is null and `services`.`deleted_at` is null
2018-08-21 16:57:40: select * from `parameters` where `type` = 'setting' and `key` = 'treatment_days_1' limit 1
2018-08-21 16:57:40: select * from `doctors` where `doctors`.`users_id` = 43 and `doctors`.`users_id` is not null and `doctors`.`deleted_at` is null limit 1
2018-08-21 16:57:42: select * from `users` where `id` = '44' and `users`.`deleted_at` is null limit 1
2018-08-21 16:57:42: select * from `doctors` where `doctors`.`users_id` = 44 and `doctors`.`users_id` is not null and `doctors`.`deleted_at` is null limit 1
2018-08-21 16:57:42: select count(*) as aggregate from `member_requests` where `member_requests`.`deleted_at` is null
2018-08-21 16:57:42: select count(*) as aggregate from `member_request_doctors` where `doctors_id` = '44'
2018-08-21 16:57:42: select count(*) as aggregate from `services` where `doctors_id` = '44' and `opened_at` is null and `services`.`deleted_at` is null
2018-08-21 16:57:42: select * from `messages` where `doctors_id` = '44' and `doctor_readed_at` is null and `visible` = 1 order by `created_at` desc
2018-08-21 16:57:42: select * from `parameters` where `type` = 'banner'
2018-08-21 16:57:42: select * from `parameters` where `type` = 'setting' and `key` = 'service_email' limit 1
2018-08-21 16:57:53: select count(*) as aggregate from `users` where `id` = '60'
2018-08-21 16:57:53: select * from `users` where `id` = '60' and `users`.`deleted_at` is null limit 1
2018-08-21 16:57:53: select * from `users` where `city_id` = 1 and `login_type` = '2' and `online` = 1 and `users`.`deleted_at` is null order by `online_at` desc
2018-08-21 16:57:53: select * from `messages` where `source` = 'doctor' and `started_at` is not null and `messages`.`doctors_id` in (2, 9, 11, 12, 13, 14, 15, 16, 17, 21, 22, 23, 24, 25, 26, 44, 45) and `members_id` = '60' order by `started_at` desc
2018-08-21 16:57:53: select * from `doctors` where `users_id` = 44 and `doctors`.`deleted_at` is null limit 1
2018-08-21 16:57:53: select * from `services` where `members_id` = '60' and `payment_status` = 1 and `services`.`deleted_at` is null order by `id` desc limit 1
2018-08-21 16:57:53: select * from `doctors` where `users_id` = 45 and `doctors`.`deleted_at` is null limit 1
2018-08-21 16:57:53: select * from `services` where `members_id` = '60' and `payment_status` = 1 and `services`.`deleted_at` is null order by `id` desc limit 1
2018-08-21 16:57:53: select * from `doctors` where `users_id` = 2 and `doctors`.`deleted_at` is null limit 1
2018-08-21 16:57:53: select * from `services` where `members_id` = '60' and `payment_status` = 1 and `services`.`deleted_at` is null order by `id` desc limit 1
2018-08-21 16:57:53: select * from `doctors` where `users_id` = 24 and `doctors`.`deleted_at` is null limit 1
2018-08-21 16:57:53: select * from `services` where `members_id` = '60' and `payment_status` = 1 and `services`.`deleted_at` is null order by `id` desc limit 1
2018-08-21 16:57:53: select * from `doctors` where `users_id` = 16 and `doctors`.`deleted_at` is null limit 1
2018-08-21 16:57:53: select * from `services` where `members_id` = '60' and `payment_status` = 1 and `services`.`deleted_at` is null order by `id` desc limit 1
2018-08-21 16:57:53: select * from `doctors` where `users_id` = 11 and `doctors`.`deleted_at` is null limit 1
2018-08-21 16:57:53: select * from `services` where `members_id` = '60' and `payment_status` = 1 and `services`.`deleted_at` is null order by `id` desc limit 1
2018-08-21 16:57:53: select * from `doctors` where `users_id` = 9 and `doctors`.`deleted_at` is null limit 1
2018-08-21 16:57:53: select * from `services` where `members_id` = '60' and `payment_status` = 1 and `services`.`deleted_at` is null order by `id` desc limit 1
2018-08-21 16:57:53: select * from `doctors` where `users_id` = 21 and `doctors`.`deleted_at` is null limit 1
2018-08-21 16:57:53: select * from `services` where `members_id` = '60' and `payment_status` = 1 and `services`.`deleted_at` is null order by `id` desc limit 1
2018-08-21 16:57:53: select * from `doctors` where `users_id` = 12 and `doctors`.`deleted_at` is null limit 1
2018-08-21 16:57:53: select * from `services` where `members_id` = '60' and `payment_status` = 1 and `services`.`deleted_at` is null order by `id` desc limit 1
2018-08-21 16:57:53: select * from `doctors` where `users_id` = 13 and `doctors`.`deleted_at` is null limit 1
2018-08-21 16:57:53: select * from `services` where `members_id` = '60' and `payment_status` = 1 and `services`.`deleted_at` is null order by `id` desc limit 1
2018-08-21 16:57:53: select * from `doctors` where `users_id` = 14 and `doctors`.`deleted_at` is null limit 1
2018-08-21 16:57:53: select * from `services` where `members_id` = '60' and `payment_status` = 1 and `services`.`deleted_at` is null order by `id` desc limit 1
2018-08-21 16:57:53: select * from `doctors` where `users_id` = 15 and `doctors`.`deleted_at` is null limit 1
2018-08-21 16:57:53: select * from `services` where `members_id` = '60' and `payment_status` = 1 and `services`.`deleted_at` is null order by `id` desc limit 1
2018-08-21 16:57:53: select * from `doctors` where `users_id` = 17 and `doctors`.`deleted_at` is null limit 1
2018-08-21 16:57:53: select * from `services` where `members_id` = '60' and `payment_status` = 1 and `services`.`deleted_at` is null order by `id` desc limit 1
2018-08-21 16:57:53: select * from `doctors` where `users_id` = 22 and `doctors`.`deleted_at` is null limit 1
2018-08-21 16:57:53: select * from `services` where `members_id` = '60' and `payment_status` = 1 and `services`.`deleted_at` is null order by `id` desc limit 1
2018-08-21 16:57:53: select * from `doctors` where `users_id` = 23 and `doctors`.`deleted_at` is null limit 1
2018-08-21 16:57:53: select * from `services` where `members_id` = '60' and `payment_status` = 1 and `services`.`deleted_at` is null order by `id` desc limit 1
2018-08-21 16:57:53: select * from `doctors` where `users_id` = 25 and `doctors`.`deleted_at` is null limit 1
2018-08-21 16:57:53: select * from `services` where `members_id` = '60' and `payment_status` = 1 and `services`.`deleted_at` is null order by `id` desc limit 1
2018-08-21 16:57:53: select * from `doctors` where `users_id` = 26 and `doctors`.`deleted_at` is null limit 1
2018-08-21 16:57:53: select * from `services` where `members_id` = '60' and `payment_status` = 1 and `services`.`deleted_at` is null order by `id` desc limit 1
2018-08-21 16:58:31: select * from `users` where `id` = '44' and `users`.`deleted_at` is null limit 1
2018-08-21 16:58:31: select * from `doctors` where `doctors`.`users_id` = 44 and `doctors`.`users_id` is not null and `doctors`.`deleted_at` is null limit 1
2018-08-21 16:58:31: select count(*) as aggregate from `member_requests` where `member_requests`.`deleted_at` is null
2018-08-21 16:58:31: select count(*) as aggregate from `member_request_doctors` where `doctors_id` = '44'
2018-08-21 16:58:31: select count(*) as aggregate from `services` where `doctors_id` = '44' and `opened_at` is null and `services`.`deleted_at` is null
2018-08-21 16:58:31: select * from `messages` where `doctors_id` = '44' and `doctor_readed_at` is null and `visible` = 1 order by `created_at` desc
2018-08-21 16:58:31: select * from `parameters` where `type` = 'banner'
2018-08-21 16:58:31: select * from `parameters` where `type` = 'setting' and `key` = 'service_email' limit 1
2018-08-21 17:00:13: select * from `users` where `id` = '44' and `users`.`deleted_at` is null limit 1
2018-08-21 17:00:13: select * from `doctors` where `doctors`.`users_id` = 44 and `doctors`.`users_id` is not null and `doctors`.`deleted_at` is null limit 1
2018-08-21 17:00:13: select count(*) as aggregate from `member_requests` where `member_requests`.`deleted_at` is null
2018-08-21 17:00:13: select count(*) as aggregate from `member_request_doctors` where `doctors_id` = '44'
2018-08-21 17:00:13: select count(*) as aggregate from `services` where `doctors_id` = '44' and `opened_at` is null and `services`.`deleted_at` is null
2018-08-21 17:00:13: select * from `messages` where `doctors_id` = '44' and `doctor_readed_at` is null and `visible` = 1 order by `created_at` desc
2018-08-21 17:00:13: select * from `parameters` where `type` = 'banner'
2018-08-21 17:00:13: select * from `parameters` where `type` = 'setting' and `key` = 'service_email' limit 1
