2018-03-15 15:52:16: select * from `users` where `id` = '44' and `users`.`deleted_at` is null limit 1
2018-03-15 15:52:16: select * from `doctors` where `doctors`.`users_id` = 44 and `doctors`.`users_id` is not null and `doctors`.`deleted_at` is null limit 1
2018-03-15 15:52:16: select count(*) as aggregate from `member_requests` where `member_requests`.`deleted_at` is null
2018-03-15 15:52:16: select count(*) as aggregate from `member_request_doctors` where `doctors_id` = '44'
2018-03-15 15:52:16: select count(*) as aggregate from `services` where `doctors_id` = '44' and `opened_at` is null and `services`.`deleted_at` is null
2018-03-15 15:52:16: select * from `messages` where `doctors_id` = '44' and `doctor_readed_at` is null and `visible` = 1 order by `created_at` desc
2018-03-15 15:52:16: select * from `services` where `members_id` = 43 and `payment_status` = 1 and `services`.`deleted_at` is null order by `id` desc limit 1
2018-03-15 15:52:16: select * from `parameters` where `type` = 'setting' and `key` = 'treatment_days_1' limit 1
2018-03-15 15:52:16: select * from `parameters` where `type` = 'banner'
2018-03-15 15:52:16: select * from `parameters` where `type` = 'setting' and `key` = 'service_email' limit 1
2018-03-15 15:52:18: select * from `users` where `id` = '44' and `login_type` = 2 and `status` = 1 and `users`.`deleted_at` is null limit 1
2018-03-15 15:52:18: select * from `doctors` where `doctors`.`users_id` in (44) and `doctors`.`deleted_at` is null
2018-03-15 15:52:18: select * from `services` where `doctors_id` = '44' and `members_id` is not null and `services`.`deleted_at` is null
2018-03-15 15:52:18: select * from `services` where `doctors_id` = '44' and `members_id` in (43) and `payment_status` = 1 and `services`.`deleted_at` is null order by `created_at` desc
2018-03-15 15:52:18: select * from `users` where `login_type` = 1 and `users`.`id` in (43) and `users`.`deleted_at` is null
2018-03-15 15:52:18: select * from `parameters` where `type` = 'setting' and `key` = 'treatment_days_1' limit 1
2018-03-15 15:52:18: select * from `parameters` where `type` = 'setting' and `key` = 'message_expire_time' limit 1
2018-03-15 15:52:18: select * from `messages` where `doctors_id` = 44 and `members_id` = 43 and `source` = 'member' order by `created_at` desc limit 1
2018-03-15 15:52:18: select * from `messages` where `doctors_id` = 44 and `members_id` = 43 and `source` = 'doctor' order by `created_at` desc limit 1
2018-03-15 15:52:18: update `services` set `opened_at` = '2018-03-15 15:52:18', `updated_at` = '2018-03-15 15:52:18' where `doctors_id` = '44' and `opened_at` is null and `services`.`deleted_at` is null
2018-03-15 15:52:18: select * from `parameters` where `type` = 'setting' and `key` = 'treatment_days_1' limit 1
2018-03-15 15:52:18: select * from `doctors` where `doctors`.`users_id` = 43 and `doctors`.`users_id` is not null and `doctors`.`deleted_at` is null limit 1
2018-03-15 15:52:26: select * from `users` where `id` = '44' and `users`.`deleted_at` is null limit 1
2018-03-15 15:52:26: select * from `doctors` where `doctors`.`users_id` = 44 and `doctors`.`users_id` is not null and `doctors`.`deleted_at` is null limit 1
2018-03-15 15:52:26: select count(*) as aggregate from `member_requests` where `member_requests`.`deleted_at` is null
2018-03-15 15:52:26: select count(*) as aggregate from `member_request_doctors` where `doctors_id` = '44'
2018-03-15 15:52:26: select count(*) as aggregate from `services` where `doctors_id` = '44' and `opened_at` is null and `services`.`deleted_at` is null
2018-03-15 15:52:26: select * from `messages` where `doctors_id` = '44' and `doctor_readed_at` is null and `visible` = 1 order by `created_at` desc
2018-03-15 15:52:26: select * from `services` where `members_id` = 43 and `payment_status` = 1 and `services`.`deleted_at` is null order by `id` desc limit 1
2018-03-15 15:52:26: select * from `parameters` where `type` = 'setting' and `key` = 'treatment_days_1' limit 1
2018-03-15 15:52:26: select * from `parameters` where `type` = 'banner'
2018-03-15 15:52:26: select * from `parameters` where `type` = 'setting' and `key` = 'service_email' limit 1
2018-03-15 15:52:28: select * from `users` where `id` = '44' and `login_type` = 2 and `status` = 1 and `users`.`deleted_at` is null limit 1
2018-03-15 15:52:28: select * from `doctors` where `doctors`.`users_id` in (44) and `doctors`.`deleted_at` is null
2018-03-15 15:52:28: select * from `services` where `doctors_id` = '44' and `members_id` is not null and `services`.`deleted_at` is null
2018-03-15 15:52:28: select * from `services` where `doctors_id` = '44' and `members_id` in (43) and `payment_status` in (0, 1) and `services`.`deleted_at` is null order by `created_at` desc
2018-03-15 15:52:28: select * from `users` where `login_type` = 1 and `users`.`id` in (43) and `users`.`deleted_at` is null
2018-03-15 15:52:28: select * from `parameters` where `type` = 'setting' and `key` = 'message_expire_time' limit 1
2018-03-15 15:52:28: select * from `messages` where `doctors_id` = 44 and `members_id` = 43 and `source` = 'member' order by `created_at` desc limit 1
2018-03-15 15:52:28: select * from `messages` where `doctors_id` = 44 and `members_id` = 43 and `source` = 'doctor' order by `created_at` desc limit 1
2018-03-15 15:52:28: update `services` set `opened_at` = '2018-03-15 15:52:28', `updated_at` = '2018-03-15 15:52:28' where `doctors_id` = '44' and `opened_at` is null and `services`.`deleted_at` is null
2018-03-15 15:52:28: select * from `parameters` where `type` = 'setting' and `key` = 'treatment_days_1' limit 1
2018-03-15 15:52:28: select * from `doctors` where `doctors`.`users_id` = 43 and `doctors`.`users_id` is not null and `doctors`.`deleted_at` is null limit 1
2018-03-15 15:53:50: select * from `users` where `id` = '44' and `login_type` = 2 and `status` = 1 and `users`.`deleted_at` is null limit 1
2018-03-15 15:53:50: select * from `doctors` where `doctors`.`users_id` in (44) and `doctors`.`deleted_at` is null
2018-03-15 15:53:50: select * from `services` where `doctors_id` = '44' and `members_id` is not null and `services`.`deleted_at` is null
2018-03-15 15:53:50: select * from `services` where `doctors_id` = '44' and `members_id` in (43) and `payment_status` in (0, 1) and `services`.`deleted_at` is null order by `created_at` desc
2018-03-15 15:53:50: select * from `users` where `login_type` = 1 and `users`.`id` in (43) and `users`.`deleted_at` is null
2018-03-15 15:53:50: select * from `parameters` where `type` = 'setting' and `key` = 'message_expire_time' limit 1
2018-03-15 15:53:50: select * from `messages` where `doctors_id` = 44 and `members_id` = 43 and `source` = 'member' order by `created_at` desc limit 1
2018-03-15 15:53:50: select * from `messages` where `doctors_id` = 44 and `members_id` = 43 and `source` = 'doctor' order by `created_at` desc limit 1
2018-03-15 15:53:50: update `services` set `opened_at` = '2018-03-15 15:53:50', `updated_at` = '2018-03-15 15:53:50' where `doctors_id` = '44' and `opened_at` is null and `services`.`deleted_at` is null
2018-03-15 15:53:50: select * from `parameters` where `type` = 'setting' and `key` = 'treatment_days_1' limit 1
2018-03-15 15:53:50: select * from `doctors` where `doctors`.`users_id` = 43 and `doctors`.`users_id` is not null and `doctors`.`deleted_at` is null limit 1
2018-03-15 15:53:53: select * from `users` where `id` = '44' and `users`.`deleted_at` is null limit 1
2018-03-15 15:53:53: select * from `doctors` where `doctors`.`users_id` = 44 and `doctors`.`users_id` is not null and `doctors`.`deleted_at` is null limit 1
2018-03-15 15:53:53: select count(*) as aggregate from `member_requests` where `member_requests`.`deleted_at` is null
2018-03-15 15:53:53: select count(*) as aggregate from `member_request_doctors` where `doctors_id` = '44'
2018-03-15 15:53:53: select count(*) as aggregate from `services` where `doctors_id` = '44' and `opened_at` is null and `services`.`deleted_at` is null
2018-03-15 15:53:53: select * from `messages` where `doctors_id` = '44' and `doctor_readed_at` is null and `visible` = 1 order by `created_at` desc
2018-03-15 15:53:53: select * from `parameters` where `type` = 'banner'
2018-03-15 15:53:53: select * from `parameters` where `type` = 'setting' and `key` = 'service_email' limit 1
2018-03-15 15:53:55: select * from `users` where `id` = '44' and `login_type` = 2 and `status` = 1 and `users`.`deleted_at` is null limit 1
2018-03-15 15:53:55: select * from `doctors` where `doctors`.`users_id` in (44) and `doctors`.`deleted_at` is null
2018-03-15 15:53:55: select * from `services` where `doctors_id` = '44' and `members_id` is not null and `services`.`deleted_at` is null
2018-03-15 15:53:55: select * from `services` where `doctors_id` = '44' and `members_id` in (43) and `payment_status` = 1 and `services`.`deleted_at` is null order by `created_at` desc
2018-03-15 15:53:55: select * from `users` where `login_type` = 1 and `users`.`id` in (43) and `users`.`deleted_at` is null
2018-03-15 15:53:55: select * from `parameters` where `type` = 'setting' and `key` = 'treatment_days_1' limit 1
2018-03-15 15:53:55: select * from `parameters` where `type` = 'setting' and `key` = 'message_expire_time' limit 1
2018-03-15 15:53:55: select * from `messages` where `doctors_id` = 44 and `members_id` = 43 and `source` = 'member' order by `created_at` desc limit 1
2018-03-15 15:53:55: select * from `messages` where `doctors_id` = 44 and `members_id` = 43 and `source` = 'doctor' order by `created_at` desc limit 1
2018-03-15 15:53:55: update `services` set `opened_at` = '2018-03-15 15:53:55', `updated_at` = '2018-03-15 15:53:55' where `doctors_id` = '44' and `opened_at` is null and `services`.`deleted_at` is null
2018-03-15 15:53:55: select * from `parameters` where `type` = 'setting' and `key` = 'treatment_days_1' limit 1
2018-03-15 15:53:55: select * from `doctors` where `doctors`.`users_id` = 43 and `doctors`.`users_id` is not null and `doctors`.`deleted_at` is null limit 1
2018-03-15 15:53:58: select * from `users` where `id` = '44' and `users`.`deleted_at` is null limit 1
2018-03-15 15:53:58: select * from `doctors` where `doctors`.`users_id` = 44 and `doctors`.`users_id` is not null and `doctors`.`deleted_at` is null limit 1
2018-03-15 15:53:58: select count(*) as aggregate from `member_requests` where `member_requests`.`deleted_at` is null
2018-03-15 15:53:58: select count(*) as aggregate from `member_request_doctors` where `doctors_id` = '44'
2018-03-15 15:53:58: select count(*) as aggregate from `services` where `doctors_id` = '44' and `opened_at` is null and `services`.`deleted_at` is null
2018-03-15 15:53:58: select * from `messages` where `doctors_id` = '44' and `doctor_readed_at` is null and `visible` = 1 order by `created_at` desc
2018-03-15 15:53:58: select * from `parameters` where `type` = 'banner'
2018-03-15 15:53:58: select * from `parameters` where `type` = 'setting' and `key` = 'service_email' limit 1
2018-03-15 15:54:01: select * from `users` where `id` = '44' and `login_type` = 2 and `status` = 1 and `users`.`deleted_at` is null limit 1
2018-03-15 15:54:01: select * from `doctors` where `doctors`.`users_id` in (44) and `doctors`.`deleted_at` is null
2018-03-15 15:54:01: select * from `services` where `doctors_id` = '44' and `payment_status` = 1 and `paid_at` > '2018-02-15 15:54:01' and `services`.`deleted_at` is null
2018-03-15 15:54:01: select * from `messages` where `doctors_id` = '44' and `members_id` not in (43) and `visible` = 1
2018-03-15 15:54:01: select count(*) as aggregate from `users` where 0 = 1 and `login_type` = 1 and `users`.`deleted_at` is null
2018-03-15 15:54:04: select * from `users` where `id` = '44' and `users`.`deleted_at` is null limit 1
2018-03-15 15:54:04: select * from `doctors` where `doctors`.`users_id` = 44 and `doctors`.`users_id` is not null and `doctors`.`deleted_at` is null limit 1
2018-03-15 15:54:04: select count(*) as aggregate from `member_requests` where `member_requests`.`deleted_at` is null
2018-03-15 15:54:04: select count(*) as aggregate from `member_request_doctors` where `doctors_id` = '44'
2018-03-15 15:54:04: select count(*) as aggregate from `services` where `doctors_id` = '44' and `opened_at` is null and `services`.`deleted_at` is null
2018-03-15 15:54:04: select * from `messages` where `doctors_id` = '44' and `doctor_readed_at` is null and `visible` = 1 order by `created_at` desc
2018-03-15 15:54:04: select * from `parameters` where `type` = 'banner'
2018-03-15 15:54:04: select * from `parameters` where `type` = 'setting' and `key` = 'service_email' limit 1
2018-03-15 15:54:05: select * from `users` where `id` = '44' and `users`.`deleted_at` is null limit 1
2018-03-15 15:54:05: select * from `doctors` where `doctors`.`users_id` = 44 and `doctors`.`users_id` is not null and `doctors`.`deleted_at` is null limit 1
2018-03-15 15:54:09: select * from `users` where `id` = '44' and `users`.`deleted_at` is null limit 1
2018-03-15 15:54:09: select * from `doctors` where `doctors`.`users_id` = 44 and `doctors`.`users_id` is not null and `doctors`.`deleted_at` is null limit 1
2018-03-15 15:54:12: select * from `users` where `id` = '44' and `users`.`deleted_at` is null limit 1
2018-03-15 15:54:12: select * from `doctors` where `doctors`.`users_id` = 44 and `doctors`.`users_id` is not null and `doctors`.`deleted_at` is null limit 1
2018-03-15 15:54:21: select * from `users` where `id` = '44' and `users`.`deleted_at` is null limit 1
2018-03-15 15:54:21: select * from `doctors` where `doctors`.`users_id` = 44 and `doctors`.`users_id` is not null and `doctors`.`deleted_at` is null limit 1
2018-03-15 15:54:25: select * from `users` where `id` = '44' and `users`.`deleted_at` is null limit 1
2018-03-15 15:54:25: select * from `doctors` where `doctors`.`users_id` = 44 and `doctors`.`users_id` is not null and `doctors`.`deleted_at` is null limit 1
2018-03-15 15:54:31: select * from `users` where `id` = '44' and `users`.`deleted_at` is null limit 1
2018-03-15 15:54:31: select * from `doctors` where `doctors`.`users_id` = 44 and `doctors`.`users_id` is not null and `doctors`.`deleted_at` is null limit 1
2018-03-15 15:54:31: select count(*) as aggregate from `member_requests` where `member_requests`.`deleted_at` is null
2018-03-15 15:54:31: select count(*) as aggregate from `member_request_doctors` where `doctors_id` = '44'
2018-03-15 15:54:31: select count(*) as aggregate from `services` where `doctors_id` = '44' and `opened_at` is null and `services`.`deleted_at` is null
2018-03-15 15:54:31: select * from `messages` where `doctors_id` = '44' and `doctor_readed_at` is null and `visible` = 1 order by `created_at` desc
2018-03-15 15:54:31: select * from `parameters` where `type` = 'banner'
2018-03-15 15:54:31: select * from `parameters` where `type` = 'setting' and `key` = 'service_email' limit 1
2018-03-15 15:54:34: select * from `users` where `id` = '44' and `login_type` = 2 and `status` = 1 and `users`.`deleted_at` is null limit 1
2018-03-15 15:54:34: select * from `doctors` where `doctors`.`users_id` in (44) and `doctors`.`deleted_at` is null
2018-03-15 15:54:34: select * from `services` where `doctors_id` = '44' and `members_id` is not null and `services`.`deleted_at` is null
2018-03-15 15:54:34: select * from `services` where `doctors_id` = '44' and `members_id` in (43) and `payment_status` = 1 and `services`.`deleted_at` is null order by `created_at` desc
2018-03-15 15:54:34: select * from `users` where `login_type` = 1 and `users`.`id` in (43) and `users`.`deleted_at` is null
2018-03-15 15:54:34: select * from `parameters` where `type` = 'setting' and `key` = 'treatment_days_1' limit 1
2018-03-15 15:54:34: select * from `parameters` where `type` = 'setting' and `key` = 'message_expire_time' limit 1
2018-03-15 15:54:34: select * from `messages` where `doctors_id` = 44 and `members_id` = 43 and `source` = 'member' order by `created_at` desc limit 1
2018-03-15 15:54:34: select * from `messages` where `doctors_id` = 44 and `members_id` = 43 and `source` = 'doctor' order by `created_at` desc limit 1
2018-03-15 15:54:34: update `services` set `opened_at` = '2018-03-15 15:54:34', `updated_at` = '2018-03-15 15:54:34' where `doctors_id` = '44' and `opened_at` is null and `services`.`deleted_at` is null
2018-03-15 15:54:34: select * from `parameters` where `type` = 'setting' and `key` = 'treatment_days_1' limit 1
2018-03-15 15:54:34: select * from `doctors` where `doctors`.`users_id` = 43 and `doctors`.`users_id` is not null and `doctors`.`deleted_at` is null limit 1
2018-03-15 15:54:36: select * from `users` where `id` = '44' and `users`.`deleted_at` is null limit 1
2018-03-15 15:54:36: select * from `doctors` where `doctors`.`users_id` = 44 and `doctors`.`users_id` is not null and `doctors`.`deleted_at` is null limit 1
2018-03-15 15:54:36: select count(*) as aggregate from `member_requests` where `member_requests`.`deleted_at` is null
2018-03-15 15:54:36: select count(*) as aggregate from `member_request_doctors` where `doctors_id` = '44'
2018-03-15 15:54:36: select count(*) as aggregate from `services` where `doctors_id` = '44' and `opened_at` is null and `services`.`deleted_at` is null
2018-03-15 15:54:36: select * from `messages` where `doctors_id` = '44' and `doctor_readed_at` is null and `visible` = 1 order by `created_at` desc
2018-03-15 15:54:36: select * from `parameters` where `type` = 'banner'
2018-03-15 15:54:36: select * from `parameters` where `type` = 'setting' and `key` = 'service_email' limit 1
2018-03-15 15:54:41: select * from `users` where `id` = '44' and `login_type` = 2 and `status` = 1 and `users`.`deleted_at` is null limit 1
2018-03-15 15:54:41: select * from `doctors` where `doctors`.`users_id` in (44) and `doctors`.`deleted_at` is null
2018-03-15 15:54:41: select * from `services` where `doctors_id` = '44' and `members_id` is not null and `services`.`deleted_at` is null
2018-03-15 15:54:41: select * from `services` where `doctors_id` = '44' and `members_id` in (43) and `payment_status` in (0, 1) and `services`.`deleted_at` is null order by `created_at` desc
2018-03-15 15:54:41: select * from `users` where `login_type` = 1 and `users`.`id` in (43) and `users`.`deleted_at` is null
2018-03-15 15:54:41: select * from `parameters` where `type` = 'setting' and `key` = 'message_expire_time' limit 1
2018-03-15 15:54:41: select * from `messages` where `doctors_id` = 44 and `members_id` = 43 and `source` = 'member' order by `created_at` desc limit 1
2018-03-15 15:54:41: select * from `messages` where `doctors_id` = 44 and `members_id` = 43 and `source` = 'doctor' order by `created_at` desc limit 1
2018-03-15 15:54:41: update `services` set `opened_at` = '2018-03-15 15:54:41', `updated_at` = '2018-03-15 15:54:41' where `doctors_id` = '44' and `opened_at` is null and `services`.`deleted_at` is null
2018-03-15 15:54:41: select * from `parameters` where `type` = 'setting' and `key` = 'treatment_days_1' limit 1
2018-03-15 15:54:41: select * from `doctors` where `doctors`.`users_id` = 43 and `doctors`.`users_id` is not null and `doctors`.`deleted_at` is null limit 1
2018-03-15 15:54:45: select * from `users` where `id` = '44' and `login_type` = 2 and `status` = 1 and `users`.`deleted_at` is null limit 1
2018-03-15 15:54:45: select * from `doctors` where `doctors`.`users_id` in (44) and `doctors`.`deleted_at` is null
2018-03-15 15:54:45: select * from `services` where `doctors_id` = '44' and `members_id` is not null and `services`.`deleted_at` is null
2018-03-15 15:54:45: select * from `services` where `doctors_id` = '44' and `members_id` in (43) and `payment_status` in (0, 1) and `services`.`deleted_at` is null order by `created_at` desc
2018-03-15 15:54:45: select * from `users` where `login_type` = 1 and `users`.`id` in (43) and `users`.`deleted_at` is null
2018-03-15 15:54:45: select * from `parameters` where `type` = 'setting' and `key` = 'message_expire_time' limit 1
2018-03-15 15:54:45: select * from `messages` where `doctors_id` = 44 and `members_id` = 43 and `source` = 'member' order by `created_at` desc limit 1
2018-03-15 15:54:45: select * from `messages` where `doctors_id` = 44 and `members_id` = 43 and `source` = 'doctor' order by `created_at` desc limit 1
2018-03-15 15:54:45: update `services` set `opened_at` = '2018-03-15 15:54:45', `updated_at` = '2018-03-15 15:54:45' where `doctors_id` = '44' and `opened_at` is null and `services`.`deleted_at` is null
2018-03-15 15:54:45: select * from `parameters` where `type` = 'setting' and `key` = 'treatment_days_1' limit 1
2018-03-15 15:54:45: select * from `doctors` where `doctors`.`users_id` = 43 and `doctors`.`users_id` is not null and `doctors`.`deleted_at` is null limit 1
2018-03-15 15:54:46: select * from `users` where `id` = '44' and `users`.`deleted_at` is null limit 1
2018-03-15 15:54:46: select * from `doctors` where `doctors`.`users_id` = 44 and `doctors`.`users_id` is not null and `doctors`.`deleted_at` is null limit 1
2018-03-15 15:54:46: select count(*) as aggregate from `member_requests` where `member_requests`.`deleted_at` is null
2018-03-15 15:54:46: select count(*) as aggregate from `member_request_doctors` where `doctors_id` = '44'
2018-03-15 15:54:46: select count(*) as aggregate from `services` where `doctors_id` = '44' and `opened_at` is null and `services`.`deleted_at` is null
2018-03-15 15:54:46: select * from `messages` where `doctors_id` = '44' and `doctor_readed_at` is null and `visible` = 1 order by `created_at` desc
2018-03-15 15:54:46: select * from `parameters` where `type` = 'banner'
2018-03-15 15:54:46: select * from `parameters` where `type` = 'setting' and `key` = 'service_email' limit 1
2018-03-15 15:54:58: select * from `users` where `id` = '44' and `login_type` = 2 and `status` = 1 and `users`.`deleted_at` is null limit 1
2018-03-15 15:54:58: select * from `doctors` where `doctors`.`users_id` in (44) and `doctors`.`deleted_at` is null
2018-03-15 15:54:58: select * from `services` where `doctors_id` = '44' and `payment_status` = 1 and `paid_at` > '2018-02-15 15:54:58' and `services`.`deleted_at` is null
2018-03-15 15:54:58: select * from `messages` where `doctors_id` = '44' and `members_id` not in (43) and `visible` = 1
2018-03-15 15:54:58: select count(*) as aggregate from `users` where 0 = 1 and `login_type` = 1 and `users`.`deleted_at` is null
2018-03-15 15:55:04: select * from `users` where `id` = '44' and `users`.`deleted_at` is null limit 1
2018-03-15 15:55:04: select * from `doctors` where `doctors`.`users_id` = 44 and `doctors`.`users_id` is not null and `doctors`.`deleted_at` is null limit 1
2018-03-15 15:55:04: select count(*) as aggregate from `member_requests` where `member_requests`.`deleted_at` is null
2018-03-15 15:55:04: select count(*) as aggregate from `member_request_doctors` where `doctors_id` = '44'
2018-03-15 15:55:04: select count(*) as aggregate from `services` where `doctors_id` = '44' and `opened_at` is null and `services`.`deleted_at` is null
2018-03-15 15:55:04: select * from `messages` where `doctors_id` = '44' and `doctor_readed_at` is null and `visible` = 1 order by `created_at` desc
2018-03-15 15:55:04: select * from `parameters` where `type` = 'banner'
2018-03-15 15:55:04: select * from `parameters` where `type` = 'setting' and `key` = 'service_email' limit 1
2018-03-15 15:55:05: select * from `users` where `id` = '44' and `login_type` = 2 and `status` = 1 and `users`.`deleted_at` is null limit 1
2018-03-15 15:55:05: select * from `doctors` where `doctors`.`users_id` in (44) and `doctors`.`deleted_at` is null
2018-03-15 15:55:05: select * from `services` where `doctors_id` = '44' and `members_id` is not null and `services`.`deleted_at` is null
2018-03-15 15:55:05: select * from `services` where `doctors_id` = '44' and `members_id` in (43) and `payment_status` = 1 and `services`.`deleted_at` is null order by `created_at` desc
2018-03-15 15:55:05: select * from `users` where `login_type` = 1 and `users`.`id` in (43) and `users`.`deleted_at` is null
2018-03-15 15:55:05: select * from `parameters` where `type` = 'setting' and `key` = 'treatment_days_1' limit 1
2018-03-15 15:55:05: select * from `parameters` where `type` = 'setting' and `key` = 'message_expire_time' limit 1
2018-03-15 15:55:05: select * from `messages` where `doctors_id` = 44 and `members_id` = 43 and `source` = 'member' order by `created_at` desc limit 1
2018-03-15 15:55:05: select * from `messages` where `doctors_id` = 44 and `members_id` = 43 and `source` = 'doctor' order by `created_at` desc limit 1
2018-03-15 15:55:05: update `services` set `opened_at` = '2018-03-15 15:55:05', `updated_at` = '2018-03-15 15:55:05' where `doctors_id` = '44' and `opened_at` is null and `services`.`deleted_at` is null
2018-03-15 15:55:05: select * from `parameters` where `type` = 'setting' and `key` = 'treatment_days_1' limit 1
2018-03-15 15:55:05: select * from `doctors` where `doctors`.`users_id` = 43 and `doctors`.`users_id` is not null and `doctors`.`deleted_at` is null limit 1
2018-03-15 15:55:09: select * from `users` where `id` = '44' and `users`.`deleted_at` is null limit 1
2018-03-15 15:55:09: select * from `doctors` where `doctors`.`users_id` = 44 and `doctors`.`users_id` is not null and `doctors`.`deleted_at` is null limit 1
2018-03-15 15:55:09: select count(*) as aggregate from `member_requests` where `member_requests`.`deleted_at` is null
2018-03-15 15:55:09: select count(*) as aggregate from `member_request_doctors` where `doctors_id` = '44'
2018-03-15 15:55:09: select count(*) as aggregate from `services` where `doctors_id` = '44' and `opened_at` is null and `services`.`deleted_at` is null
2018-03-15 15:55:09: select * from `messages` where `doctors_id` = '44' and `doctor_readed_at` is null and `visible` = 1 order by `created_at` desc
2018-03-15 15:55:09: select * from `parameters` where `type` = 'banner'
2018-03-15 15:55:09: select * from `parameters` where `type` = 'setting' and `key` = 'service_email' limit 1
2018-03-15 15:55:36: select * from `users` where `id` = '44' and `login_type` = 2 and `status` = 1 and `users`.`deleted_at` is null limit 1
2018-03-15 15:55:36: select * from `doctors` where `doctors`.`users_id` in (44) and `doctors`.`deleted_at` is null
2018-03-15 15:55:36: select * from `services` where `doctors_id` = '44' and `members_id` is not null and `services`.`deleted_at` is null
2018-03-15 15:55:36: select * from `services` where `doctors_id` = '44' and `members_id` in (43) and `payment_status` in (0, 1) and `services`.`deleted_at` is null order by `created_at` desc
2018-03-15 15:55:36: select * from `users` where `login_type` = 1 and `users`.`id` in (43) and `users`.`deleted_at` is null
2018-03-15 15:55:36: select * from `parameters` where `type` = 'setting' and `key` = 'message_expire_time' limit 1
2018-03-15 15:55:36: select * from `messages` where `doctors_id` = 44 and `members_id` = 43 and `source` = 'member' order by `created_at` desc limit 1
2018-03-15 15:55:36: select * from `messages` where `doctors_id` = 44 and `members_id` = 43 and `source` = 'doctor' order by `created_at` desc limit 1
2018-03-15 15:55:36: update `services` set `opened_at` = '2018-03-15 15:55:36', `updated_at` = '2018-03-15 15:55:36' where `doctors_id` = '44' and `opened_at` is null and `services`.`deleted_at` is null
2018-03-15 15:55:36: select * from `parameters` where `type` = 'setting' and `key` = 'treatment_days_1' limit 1
2018-03-15 15:55:36: select * from `doctors` where `doctors`.`users_id` = 43 and `doctors`.`users_id` is not null and `doctors`.`deleted_at` is null limit 1
2018-03-15 15:55:40: select * from `users` where `id` = '44' and `login_type` = 2 and `status` = 1 and `users`.`deleted_at` is null limit 1
2018-03-15 15:55:40: select * from `doctors` where `doctors`.`users_id` in (44) and `doctors`.`deleted_at` is null
2018-03-15 15:55:40: select * from `services` where `doctors_id` = '44' and `members_id` is not null and `services`.`deleted_at` is null
2018-03-15 15:55:40: select * from `services` where `doctors_id` = '44' and `members_id` in (43) and `payment_status` in (0, 1) and `services`.`deleted_at` is null order by `created_at` desc
2018-03-15 15:55:40: select * from `users` where `login_type` = 1 and `users`.`id` in (43) and `users`.`deleted_at` is null
2018-03-15 15:55:40: select * from `parameters` where `type` = 'setting' and `key` = 'message_expire_time' limit 1
2018-03-15 15:55:40: select * from `messages` where `doctors_id` = 44 and `members_id` = 43 and `source` = 'member' order by `created_at` desc limit 1
2018-03-15 15:55:40: select * from `messages` where `doctors_id` = 44 and `members_id` = 43 and `source` = 'doctor' order by `created_at` desc limit 1
2018-03-15 15:55:40: update `services` set `opened_at` = '2018-03-15 15:55:40', `updated_at` = '2018-03-15 15:55:40' where `doctors_id` = '44' and `opened_at` is null and `services`.`deleted_at` is null
2018-03-15 15:55:40: select * from `parameters` where `type` = 'setting' and `key` = 'treatment_days_1' limit 1
2018-03-15 15:55:40: select * from `doctors` where `doctors`.`users_id` = 43 and `doctors`.`users_id` is not null and `doctors`.`deleted_at` is null limit 1
2018-03-15 15:55:41: select * from `users` where `id` = '44' and `users`.`deleted_at` is null limit 1
2018-03-15 15:55:41: select * from `doctors` where `doctors`.`users_id` = 44 and `doctors`.`users_id` is not null and `doctors`.`deleted_at` is null limit 1
2018-03-15 15:55:41: select count(*) as aggregate from `member_requests` where `member_requests`.`deleted_at` is null
2018-03-15 15:55:41: select count(*) as aggregate from `member_request_doctors` where `doctors_id` = '44'
2018-03-15 15:55:41: select count(*) as aggregate from `services` where `doctors_id` = '44' and `opened_at` is null and `services`.`deleted_at` is null
2018-03-15 15:55:41: select * from `messages` where `doctors_id` = '44' and `doctor_readed_at` is null and `visible` = 1 order by `created_at` desc
2018-03-15 15:55:41: select * from `parameters` where `type` = 'banner'
2018-03-15 15:55:41: select * from `parameters` where `type` = 'setting' and `key` = 'service_email' limit 1
2018-03-15 15:56:25: select * from `users` where `id` = '44' and `users`.`deleted_at` is null limit 1
2018-03-15 15:56:25: select * from `doctors` where `doctors`.`users_id` = 44 and `doctors`.`users_id` is not null and `doctors`.`deleted_at` is null limit 1
2018-03-15 15:56:25: select count(*) as aggregate from `member_requests` where `member_requests`.`deleted_at` is null
2018-03-15 15:56:25: select count(*) as aggregate from `member_request_doctors` where `doctors_id` = '44'
2018-03-15 15:56:25: select count(*) as aggregate from `services` where `doctors_id` = '44' and `opened_at` is null and `services`.`deleted_at` is null
2018-03-15 15:56:25: select * from `messages` where `doctors_id` = '44' and `doctor_readed_at` is null and `visible` = 1 order by `created_at` desc
2018-03-15 15:56:25: select * from `parameters` where `type` = 'banner'
2018-03-15 15:56:25: select * from `parameters` where `type` = 'setting' and `key` = 'service_email' limit 1
2018-03-15 15:56:27: select * from `users` where `id` = '44' and `login_type` = 2 and `status` = 1 and `users`.`deleted_at` is null limit 1
2018-03-15 15:56:27: select * from `doctors` where `doctors`.`users_id` in (44) and `doctors`.`deleted_at` is null
2018-03-15 15:56:27: select * from `services` where `doctors_id` = '44' and `members_id` is not null and `services`.`deleted_at` is null
2018-03-15 15:56:27: select * from `services` where `doctors_id` = '44' and `members_id` in (43) and `payment_status` = 1 and `services`.`deleted_at` is null order by `created_at` desc
2018-03-15 15:56:27: select * from `users` where `login_type` = 1 and `users`.`id` in (43) and `users`.`deleted_at` is null
2018-03-15 15:56:27: select * from `parameters` where `type` = 'setting' and `key` = 'treatment_days_1' limit 1
2018-03-15 15:56:27: select * from `parameters` where `type` = 'setting' and `key` = 'message_expire_time' limit 1
2018-03-15 15:56:27: select * from `messages` where `doctors_id` = 44 and `members_id` = 43 and `source` = 'member' order by `created_at` desc limit 1
2018-03-15 15:56:27: select * from `messages` where `doctors_id` = 44 and `members_id` = 43 and `source` = 'doctor' order by `created_at` desc limit 1
2018-03-15 15:56:27: update `services` set `opened_at` = '2018-03-15 15:56:27', `updated_at` = '2018-03-15 15:56:27' where `doctors_id` = '44' and `opened_at` is null and `services`.`deleted_at` is null
2018-03-15 15:56:27: select * from `parameters` where `type` = 'setting' and `key` = 'treatment_days_1' limit 1
2018-03-15 15:56:27: select * from `doctors` where `doctors`.`users_id` = 43 and `doctors`.`users_id` is not null and `doctors`.`deleted_at` is null limit 1
2018-03-15 15:56:29: select * from `users` where `id` = '44' and `users`.`deleted_at` is null limit 1
2018-03-15 15:56:29: select * from `doctors` where `doctors`.`users_id` = 44 and `doctors`.`users_id` is not null and `doctors`.`deleted_at` is null limit 1
2018-03-15 15:56:29: select count(*) as aggregate from `member_requests` where `member_requests`.`deleted_at` is null
2018-03-15 15:56:29: select count(*) as aggregate from `member_request_doctors` where `doctors_id` = '44'
2018-03-15 15:56:29: select count(*) as aggregate from `services` where `doctors_id` = '44' and `opened_at` is null and `services`.`deleted_at` is null
2018-03-15 15:56:29: select * from `messages` where `doctors_id` = '44' and `doctor_readed_at` is null and `visible` = 1 order by `created_at` desc
2018-03-15 15:56:29: select * from `parameters` where `type` = 'banner'
2018-03-15 15:56:29: select * from `parameters` where `type` = 'setting' and `key` = 'service_email' limit 1
2018-03-15 15:56:31: select * from `users` where `id` = '44' and `login_type` = 2 and `status` = 1 and `users`.`deleted_at` is null limit 1
2018-03-15 15:56:31: select * from `doctors` where `doctors`.`users_id` in (44) and `doctors`.`deleted_at` is null
2018-03-15 15:56:31: select * from `services` where `doctors_id` = '44' and `members_id` is not null and `services`.`deleted_at` is null
2018-03-15 15:56:31: select * from `services` where `doctors_id` = '44' and `members_id` in (43) and `payment_status` in (0, 1) and `services`.`deleted_at` is null order by `created_at` desc
2018-03-15 15:56:31: select * from `users` where `login_type` = 1 and `users`.`id` in (43) and `users`.`deleted_at` is null
2018-03-15 15:56:31: select * from `parameters` where `type` = 'setting' and `key` = 'message_expire_time' limit 1
2018-03-15 15:56:31: select * from `messages` where `doctors_id` = 44 and `members_id` = 43 and `source` = 'member' order by `created_at` desc limit 1
2018-03-15 15:56:31: select * from `messages` where `doctors_id` = 44 and `members_id` = 43 and `source` = 'doctor' order by `created_at` desc limit 1
2018-03-15 15:56:31: update `services` set `opened_at` = '2018-03-15 15:56:31', `updated_at` = '2018-03-15 15:56:31' where `doctors_id` = '44' and `opened_at` is null and `services`.`deleted_at` is null
2018-03-15 15:56:31: select * from `parameters` where `type` = 'setting' and `key` = 'treatment_days_1' limit 1
2018-03-15 15:56:31: select * from `doctors` where `doctors`.`users_id` = 43 and `doctors`.`users_id` is not null and `doctors`.`deleted_at` is null limit 1
2018-03-15 15:57:09: select * from `users` where `id` = '44' and `users`.`deleted_at` is null limit 1
2018-03-15 15:57:09: select * from `doctors` where `doctors`.`users_id` = 44 and `doctors`.`users_id` is not null and `doctors`.`deleted_at` is null limit 1
2018-03-15 15:57:09: select count(*) as aggregate from `member_requests` where `member_requests`.`deleted_at` is null
2018-03-15 15:57:09: select count(*) as aggregate from `member_request_doctors` where `doctors_id` = '44'
2018-03-15 15:57:09: select count(*) as aggregate from `services` where `doctors_id` = '44' and `opened_at` is null and `services`.`deleted_at` is null
2018-03-15 15:57:09: select * from `messages` where `doctors_id` = '44' and `doctor_readed_at` is null and `visible` = 1 order by `created_at` desc
2018-03-15 15:57:09: select * from `parameters` where `type` = 'banner'
2018-03-15 15:57:09: select * from `parameters` where `type` = 'setting' and `key` = 'service_email' limit 1
2018-03-15 15:57:12: select * from `users` where `id` = '44' and `login_type` = 2 and `status` = 1 and `users`.`deleted_at` is null limit 1
2018-03-15 15:57:12: select * from `doctors` where `doctors`.`users_id` in (44) and `doctors`.`deleted_at` is null
2018-03-15 15:57:12: select * from `services` where `doctors_id` = '44' and `members_id` is not null and `services`.`deleted_at` is null
2018-03-15 15:57:12: select * from `services` where `doctors_id` = '44' and `members_id` in (43) and `payment_status` in (0, 1) and `services`.`deleted_at` is null order by `created_at` desc
2018-03-15 15:57:12: select * from `users` where `login_type` = 1 and `users`.`id` in (43) and `users`.`deleted_at` is null
2018-03-15 15:57:12: select * from `parameters` where `type` = 'setting' and `key` = 'message_expire_time' limit 1
2018-03-15 15:57:12: select * from `messages` where `doctors_id` = 44 and `members_id` = 43 and `source` = 'member' order by `created_at` desc limit 1
2018-03-15 15:57:12: select * from `messages` where `doctors_id` = 44 and `members_id` = 43 and `source` = 'doctor' order by `created_at` desc limit 1
2018-03-15 15:57:12: update `services` set `opened_at` = '2018-03-15 15:57:12', `updated_at` = '2018-03-15 15:57:12' where `doctors_id` = '44' and `opened_at` is null and `services`.`deleted_at` is null
2018-03-15 15:57:12: select * from `parameters` where `type` = 'setting' and `key` = 'treatment_days_1' limit 1
2018-03-15 15:57:12: select * from `doctors` where `doctors`.`users_id` = 43 and `doctors`.`users_id` is not null and `doctors`.`deleted_at` is null limit 1
2018-03-15 15:57:35: select * from `users` where `id` = '44' and `login_type` = 2 and `status` = 1 and `users`.`deleted_at` is null limit 1
2018-03-15 15:57:35: select * from `doctors` where `doctors`.`users_id` in (44) and `doctors`.`deleted_at` is null
2018-03-15 15:57:35: select * from `services` where `doctors_id` = '44' and `members_id` is not null and `services`.`deleted_at` is null
2018-03-15 15:57:35: select * from `services` where `doctors_id` = '44' and `members_id` in (43) and `payment_status` in (0, 1) and `services`.`deleted_at` is null order by `created_at` desc
2018-03-15 15:57:35: select * from `users` where `login_type` = 1 and `users`.`id` in (43) and `users`.`deleted_at` is null
2018-03-15 15:57:35: select * from `parameters` where `type` = 'setting' and `key` = 'message_expire_time' limit 1
2018-03-15 15:57:35: select * from `messages` where `doctors_id` = 44 and `members_id` = 43 and `source` = 'member' order by `created_at` desc limit 1
2018-03-15 15:57:35: select * from `messages` where `doctors_id` = 44 and `members_id` = 43 and `source` = 'doctor' order by `created_at` desc limit 1
2018-03-15 15:57:35: update `services` set `opened_at` = '2018-03-15 15:57:35', `updated_at` = '2018-03-15 15:57:35' where `doctors_id` = '44' and `opened_at` is null and `services`.`deleted_at` is null
2018-03-15 15:57:35: select * from `parameters` where `type` = 'setting' and `key` = 'treatment_days_1' limit 1
2018-03-15 15:57:35: select * from `doctors` where `doctors`.`users_id` = 43 and `doctors`.`users_id` is not null and `doctors`.`deleted_at` is null limit 1
2018-03-15 15:57:37: select * from `users` where `id` = '44' and `users`.`deleted_at` is null limit 1
2018-03-15 15:57:37: select * from `doctors` where `doctors`.`users_id` = 44 and `doctors`.`users_id` is not null and `doctors`.`deleted_at` is null limit 1
2018-03-15 15:57:37: select count(*) as aggregate from `member_requests` where `member_requests`.`deleted_at` is null
2018-03-15 15:57:37: select count(*) as aggregate from `member_request_doctors` where `doctors_id` = '44'
2018-03-15 15:57:37: select count(*) as aggregate from `services` where `doctors_id` = '44' and `opened_at` is null and `services`.`deleted_at` is null
2018-03-15 15:57:37: select * from `messages` where `doctors_id` = '44' and `doctor_readed_at` is null and `visible` = 1 order by `created_at` desc
2018-03-15 15:57:37: select * from `parameters` where `type` = 'banner'
2018-03-15 15:57:37: select * from `parameters` where `type` = 'setting' and `key` = 'service_email' limit 1
2018-03-15 15:57:42: select * from `users` where `id` = '44' and `login_type` = 2 and `status` = 1 and `users`.`deleted_at` is null limit 1
2018-03-15 15:57:42: select * from `doctors` where `doctors`.`users_id` in (44) and `doctors`.`deleted_at` is null
2018-03-15 15:57:42: select * from `services` where `doctors_id` = '44' and `members_id` is not null and `services`.`deleted_at` is null
2018-03-15 15:57:42: select * from `services` where `doctors_id` = '44' and `members_id` in (43) and `payment_status` = 1 and `services`.`deleted_at` is null order by `created_at` desc
2018-03-15 15:57:42: select * from `users` where `login_type` = 1 and `users`.`id` in (43) and `users`.`deleted_at` is null
2018-03-15 15:57:42: select * from `parameters` where `type` = 'setting' and `key` = 'treatment_days_1' limit 1
2018-03-15 15:57:42: select * from `parameters` where `type` = 'setting' and `key` = 'message_expire_time' limit 1
2018-03-15 15:57:42: select * from `messages` where `doctors_id` = 44 and `members_id` = 43 and `source` = 'member' order by `created_at` desc limit 1
2018-03-15 15:57:42: select * from `messages` where `doctors_id` = 44 and `members_id` = 43 and `source` = 'doctor' order by `created_at` desc limit 1
2018-03-15 15:57:42: update `services` set `opened_at` = '2018-03-15 15:57:42', `updated_at` = '2018-03-15 15:57:42' where `doctors_id` = '44' and `opened_at` is null and `services`.`deleted_at` is null
2018-03-15 15:57:42: select * from `parameters` where `type` = 'setting' and `key` = 'treatment_days_1' limit 1
2018-03-15 15:57:42: select * from `doctors` where `doctors`.`users_id` = 43 and `doctors`.`users_id` is not null and `doctors`.`deleted_at` is null limit 1
2018-03-15 15:57:48: select * from `users` where `id` = '44' and `users`.`deleted_at` is null limit 1
2018-03-15 15:57:48: select * from `doctors` where `doctors`.`users_id` = 44 and `doctors`.`users_id` is not null and `doctors`.`deleted_at` is null limit 1
2018-03-15 15:57:48: select count(*) as aggregate from `member_requests` where `member_requests`.`deleted_at` is null
2018-03-15 15:57:48: select count(*) as aggregate from `member_request_doctors` where `doctors_id` = '44'
2018-03-15 15:57:48: select count(*) as aggregate from `services` where `doctors_id` = '44' and `opened_at` is null and `services`.`deleted_at` is null
2018-03-15 15:57:48: select * from `messages` where `doctors_id` = '44' and `doctor_readed_at` is null and `visible` = 1 order by `created_at` desc
2018-03-15 15:57:48: select * from `parameters` where `type` = 'banner'
2018-03-15 15:57:48: select * from `parameters` where `type` = 'setting' and `key` = 'service_email' limit 1
2018-03-15 15:57:50: select * from `users` where `id` = '44' and `login_type` = 2 and `status` = 1 and `users`.`deleted_at` is null limit 1
2018-03-15 15:57:50: select * from `doctors` where `doctors`.`users_id` in (44) and `doctors`.`deleted_at` is null
2018-03-15 15:57:50: select * from `services` where `doctors_id` = '44' and `members_id` is not null and `services`.`deleted_at` is null
2018-03-15 15:57:50: select * from `services` where `doctors_id` = '44' and `members_id` in (43) and `payment_status` in (0, 1) and `services`.`deleted_at` is null order by `created_at` desc
2018-03-15 15:57:50: select * from `users` where `login_type` = 1 and `users`.`id` in (43) and `users`.`deleted_at` is null
2018-03-15 15:57:50: select * from `parameters` where `type` = 'setting' and `key` = 'message_expire_time' limit 1
2018-03-15 15:57:50: select * from `messages` where `doctors_id` = 44 and `members_id` = 43 and `source` = 'member' order by `created_at` desc limit 1
2018-03-15 15:57:50: select * from `messages` where `doctors_id` = 44 and `members_id` = 43 and `source` = 'doctor' order by `created_at` desc limit 1
2018-03-15 15:57:50: update `services` set `opened_at` = '2018-03-15 15:57:50', `updated_at` = '2018-03-15 15:57:50' where `doctors_id` = '44' and `opened_at` is null and `services`.`deleted_at` is null
2018-03-15 15:57:50: select * from `parameters` where `type` = 'setting' and `key` = 'treatment_days_1' limit 1
2018-03-15 15:57:50: select * from `doctors` where `doctors`.`users_id` = 43 and `doctors`.`users_id` is not null and `doctors`.`deleted_at` is null limit 1
2018-03-15 16:01:24: select * from `users` where `id` = '44' and `users`.`deleted_at` is null limit 1
2018-03-15 16:01:24: select * from `doctors` where `doctors`.`users_id` = 44 and `doctors`.`users_id` is not null and `doctors`.`deleted_at` is null limit 1
2018-03-15 16:01:24: select count(*) as aggregate from `member_requests` where `member_requests`.`deleted_at` is null
2018-03-15 16:01:24: select count(*) as aggregate from `member_request_doctors` where `doctors_id` = '44'
2018-03-15 16:01:24: select count(*) as aggregate from `services` where `doctors_id` = '44' and `opened_at` is null and `services`.`deleted_at` is null
2018-03-15 16:01:24: select * from `messages` where `doctors_id` = '44' and `doctor_readed_at` is null and `visible` = 1 order by `created_at` desc
2018-03-15 16:01:24: select * from `parameters` where `type` = 'banner'
2018-03-15 16:01:24: select * from `parameters` where `type` = 'setting' and `key` = 'service_email' limit 1
2018-03-15 16:01:26: select * from `users` where `id` = '44' and `login_type` = 2 and `status` = 1 and `users`.`deleted_at` is null limit 1
2018-03-15 16:01:26: select * from `doctors` where `doctors`.`users_id` in (44) and `doctors`.`deleted_at` is null
2018-03-15 16:01:26: select * from `services` where `doctors_id` = '44' and `members_id` is not null and `services`.`deleted_at` is null
2018-03-15 16:01:26: select * from `services` where `doctors_id` = '44' and `members_id` in (43) and `payment_status` in (0, 1) and `services`.`deleted_at` is null order by `created_at` desc
2018-03-15 16:01:26: select * from `users` where `login_type` = 1 and `users`.`id` in (43) and `users`.`deleted_at` is null
2018-03-15 16:01:26: select * from `parameters` where `type` = 'setting' and `key` = 'message_expire_time' limit 1
2018-03-15 16:01:26: select * from `messages` where `doctors_id` = 44 and `members_id` = 43 and `source` = 'member' order by `created_at` desc limit 1
2018-03-15 16:01:26: select * from `messages` where `doctors_id` = 44 and `members_id` = 43 and `source` = 'doctor' order by `created_at` desc limit 1
2018-03-15 16:01:26: update `services` set `opened_at` = '2018-03-15 16:01:26', `updated_at` = '2018-03-15 16:01:26' where `doctors_id` = '44' and `opened_at` is null and `services`.`deleted_at` is null
2018-03-15 16:01:26: select * from `parameters` where `type` = 'setting' and `key` = 'treatment_days_1' limit 1
2018-03-15 16:01:26: select * from `doctors` where `doctors`.`users_id` = 43 and `doctors`.`users_id` is not null and `doctors`.`deleted_at` is null limit 1
2018-03-15 16:01:36: select * from `users` where `id` = '44' and `login_type` = 2 and `status` = 1 and `users`.`deleted_at` is null limit 1
2018-03-15 16:01:36: select * from `doctors` where `doctors`.`users_id` in (44) and `doctors`.`deleted_at` is null
2018-03-15 16:01:36: select * from `services` where `doctors_id` = '44' and `members_id` is not null and `services`.`deleted_at` is null
2018-03-15 16:01:36: select * from `services` where `doctors_id` = '44' and `members_id` in (43) and `payment_status` in (0, 1) and `services`.`deleted_at` is null order by `created_at` desc
2018-03-15 16:01:36: select * from `users` where `login_type` = 1 and `users`.`id` in (43) and `users`.`deleted_at` is null
2018-03-15 16:01:36: select * from `parameters` where `type` = 'setting' and `key` = 'message_expire_time' limit 1
2018-03-15 16:01:36: select * from `messages` where `doctors_id` = 44 and `members_id` = 43 and `source` = 'member' order by `created_at` desc limit 1
2018-03-15 16:01:36: select * from `messages` where `doctors_id` = 44 and `members_id` = 43 and `source` = 'doctor' order by `created_at` desc limit 1
2018-03-15 16:01:36: update `services` set `opened_at` = '2018-03-15 16:01:36', `updated_at` = '2018-03-15 16:01:36' where `doctors_id` = '44' and `opened_at` is null and `services`.`deleted_at` is null
2018-03-15 16:01:36: select * from `parameters` where `type` = 'setting' and `key` = 'treatment_days_1' limit 1
2018-03-15 16:01:36: select * from `doctors` where `doctors`.`users_id` = 43 and `doctors`.`users_id` is not null and `doctors`.`deleted_at` is null limit 1
2018-03-15 16:01:37: select * from `users` where `id` = '44' and `users`.`deleted_at` is null limit 1
2018-03-15 16:01:37: select * from `doctors` where `doctors`.`users_id` = 44 and `doctors`.`users_id` is not null and `doctors`.`deleted_at` is null limit 1
2018-03-15 16:01:37: select count(*) as aggregate from `member_requests` where `member_requests`.`deleted_at` is null
2018-03-15 16:01:37: select count(*) as aggregate from `member_request_doctors` where `doctors_id` = '44'
2018-03-15 16:01:37: select count(*) as aggregate from `services` where `doctors_id` = '44' and `opened_at` is null and `services`.`deleted_at` is null
2018-03-15 16:01:37: select * from `messages` where `doctors_id` = '44' and `doctor_readed_at` is null and `visible` = 1 order by `created_at` desc
2018-03-15 16:01:37: select * from `parameters` where `type` = 'banner'
2018-03-15 16:01:37: select * from `parameters` where `type` = 'setting' and `key` = 'service_email' limit 1
2018-03-15 16:01:41: select * from `users` where `id` = '44' and `login_type` = 2 and `status` = 1 and `users`.`deleted_at` is null limit 1
2018-03-15 16:01:41: select * from `doctors` where `doctors`.`users_id` in (44) and `doctors`.`deleted_at` is null
2018-03-15 16:01:41: select * from `services` where `doctors_id` = '44' and `payment_status` = 1 and `paid_at` > '2018-02-15 16:01:41' and `services`.`deleted_at` is null
2018-03-15 16:01:41: select * from `messages` where `doctors_id` = '44' and `members_id` not in (43) and `visible` = 1
2018-03-15 16:01:41: select count(*) as aggregate from `users` where 0 = 1 and `login_type` = 1 and `users`.`deleted_at` is null
2018-03-15 16:01:44: select * from `users` where `id` = '44' and `users`.`deleted_at` is null limit 1
2018-03-15 16:01:44: select * from `doctors` where `doctors`.`users_id` = 44 and `doctors`.`users_id` is not null and `doctors`.`deleted_at` is null limit 1
2018-03-15 16:01:44: select count(*) as aggregate from `member_requests` where `member_requests`.`deleted_at` is null
2018-03-15 16:01:44: select count(*) as aggregate from `member_request_doctors` where `doctors_id` = '44'
2018-03-15 16:01:44: select count(*) as aggregate from `services` where `doctors_id` = '44' and `opened_at` is null and `services`.`deleted_at` is null
2018-03-15 16:01:44: select * from `messages` where `doctors_id` = '44' and `doctor_readed_at` is null and `visible` = 1 order by `created_at` desc
2018-03-15 16:01:44: select * from `parameters` where `type` = 'banner'
2018-03-15 16:01:44: select * from `parameters` where `type` = 'setting' and `key` = 'service_email' limit 1
