2018-03-20 16:04:07: select count(*) as aggregate from `users` where `id` = '4'
2018-03-20 16:04:07: select * from `users` where `id` = '4' and `users`.`deleted_at` is null limit 1
2018-03-20 16:04:07: select * from `users` where `city_id` = 1 and `login_type` = '2' and `online` = 1 and `users`.`deleted_at` is null order by `online_at` desc
2018-03-20 16:04:07: select * from `messages` where `source` = 'doctor' and `started_at` is not null and `messages`.`doctors_id` in (2, 9, 11, 12, 13, 14, 15, 16, 17, 21, 22, 23, 24, 25, 26, 44, 45) and `members_id` = '4' order by `started_at` desc
2018-03-20 16:04:07: select * from `doctors` where `users_id` = 44 and `doctors`.`deleted_at` is null limit 1
2018-03-20 16:04:07: select * from `services` where `members_id` = '4' and `payment_status` = 1 and `services`.`deleted_at` is null order by `id` desc limit 1
2018-03-20 16:04:07: select * from `doctors` where `users_id` = 45 and `doctors`.`deleted_at` is null limit 1
2018-03-20 16:04:07: select * from `services` where `members_id` = '4' and `payment_status` = 1 and `services`.`deleted_at` is null order by `id` desc limit 1
2018-03-20 16:04:07: select * from `doctors` where `users_id` = 24 and `doctors`.`deleted_at` is null limit 1
2018-03-20 16:04:07: select * from `services` where `members_id` = '4' and `payment_status` = 1 and `services`.`deleted_at` is null order by `id` desc limit 1
2018-03-20 16:04:07: select * from `doctors` where `users_id` = 16 and `doctors`.`deleted_at` is null limit 1
2018-03-20 16:04:07: select * from `services` where `members_id` = '4' and `payment_status` = 1 and `services`.`deleted_at` is null order by `id` desc limit 1
2018-03-20 16:04:07: select * from `doctors` where `users_id` = 11 and `doctors`.`deleted_at` is null limit 1
2018-03-20 16:04:07: select * from `services` where `members_id` = '4' and `payment_status` = 1 and `services`.`deleted_at` is null order by `id` desc limit 1
2018-03-20 16:04:07: select * from `doctors` where `users_id` = 2 and `doctors`.`deleted_at` is null limit 1
2018-03-20 16:04:07: select * from `services` where `members_id` = '4' and `payment_status` = 1 and `services`.`deleted_at` is null order by `id` desc limit 1
2018-03-20 16:04:07: select * from `doctors` where `users_id` = 9 and `doctors`.`deleted_at` is null limit 1
2018-03-20 16:04:07: select * from `services` where `members_id` = '4' and `payment_status` = 1 and `services`.`deleted_at` is null order by `id` desc limit 1
2018-03-20 16:04:07: select * from `doctors` where `users_id` = 21 and `doctors`.`deleted_at` is null limit 1
2018-03-20 16:04:07: select * from `services` where `members_id` = '4' and `payment_status` = 1 and `services`.`deleted_at` is null order by `id` desc limit 1
2018-03-20 16:04:07: select * from `doctors` where `users_id` = 12 and `doctors`.`deleted_at` is null limit 1
2018-03-20 16:04:07: select * from `services` where `members_id` = '4' and `payment_status` = 1 and `services`.`deleted_at` is null order by `id` desc limit 1
2018-03-20 16:04:07: select * from `doctors` where `users_id` = 13 and `doctors`.`deleted_at` is null limit 1
2018-03-20 16:04:07: select * from `services` where `members_id` = '4' and `payment_status` = 1 and `services`.`deleted_at` is null order by `id` desc limit 1
2018-03-20 16:04:07: select * from `doctors` where `users_id` = 14 and `doctors`.`deleted_at` is null limit 1
2018-03-20 16:04:07: select * from `services` where `members_id` = '4' and `payment_status` = 1 and `services`.`deleted_at` is null order by `id` desc limit 1
2018-03-20 16:04:07: select * from `doctors` where `users_id` = 15 and `doctors`.`deleted_at` is null limit 1
2018-03-20 16:04:07: select * from `services` where `members_id` = '4' and `payment_status` = 1 and `services`.`deleted_at` is null order by `id` desc limit 1
2018-03-20 16:04:07: select * from `doctors` where `users_id` = 17 and `doctors`.`deleted_at` is null limit 1
2018-03-20 16:04:07: select * from `services` where `members_id` = '4' and `payment_status` = 1 and `services`.`deleted_at` is null order by `id` desc limit 1
2018-03-20 16:04:07: select * from `doctors` where `users_id` = 22 and `doctors`.`deleted_at` is null limit 1
2018-03-20 16:04:07: select * from `services` where `members_id` = '4' and `payment_status` = 1 and `services`.`deleted_at` is null order by `id` desc limit 1
2018-03-20 16:04:07: select * from `doctors` where `users_id` = 23 and `doctors`.`deleted_at` is null limit 1
2018-03-20 16:04:07: select * from `services` where `members_id` = '4' and `payment_status` = 1 and `services`.`deleted_at` is null order by `id` desc limit 1
2018-03-20 16:04:07: select * from `doctors` where `users_id` = 25 and `doctors`.`deleted_at` is null limit 1
2018-03-20 16:04:07: select * from `services` where `members_id` = '4' and `payment_status` = 1 and `services`.`deleted_at` is null order by `id` desc limit 1
2018-03-20 16:04:07: select * from `doctors` where `users_id` = 26 and `doctors`.`deleted_at` is null limit 1
2018-03-20 16:04:07: select * from `services` where `members_id` = '4' and `payment_status` = 1 and `services`.`deleted_at` is null order by `id` desc limit 1
2018-03-20 16:04:14: select count(*) as aggregate from `users` where `id` = '4'
2018-03-20 16:04:14: select * from `users` where `id` = '4' and `users`.`deleted_at` is null limit 1
2018-03-20 16:04:14: select * from `users` where `city_id` = 1 and `login_type` = '2' and `online` = 1 and `users`.`deleted_at` is null order by `online_at` desc
2018-03-20 16:04:14: select * from `messages` where `source` = 'doctor' and `started_at` is not null and `messages`.`doctors_id` in (2, 9, 11, 12, 13, 14, 15, 16, 17, 21, 22, 23, 24, 25, 26, 44, 45) and `members_id` = '4' order by `started_at` desc
2018-03-20 16:04:14: select * from `doctors` where `users_id` = 44 and `doctors`.`deleted_at` is null limit 1
2018-03-20 16:04:14: select * from `services` where `members_id` = '4' and `payment_status` = 1 and `services`.`deleted_at` is null order by `id` desc limit 1
2018-03-20 16:04:14: select * from `doctors` where `users_id` = 45 and `doctors`.`deleted_at` is null limit 1
2018-03-20 16:04:14: select * from `services` where `members_id` = '4' and `payment_status` = 1 and `services`.`deleted_at` is null order by `id` desc limit 1
2018-03-20 16:04:14: select * from `doctors` where `users_id` = 24 and `doctors`.`deleted_at` is null limit 1
2018-03-20 16:04:14: select * from `services` where `members_id` = '4' and `payment_status` = 1 and `services`.`deleted_at` is null order by `id` desc limit 1
2018-03-20 16:04:14: select * from `doctors` where `users_id` = 16 and `doctors`.`deleted_at` is null limit 1
2018-03-20 16:04:14: select * from `services` where `members_id` = '4' and `payment_status` = 1 and `services`.`deleted_at` is null order by `id` desc limit 1
2018-03-20 16:04:14: select * from `doctors` where `users_id` = 11 and `doctors`.`deleted_at` is null limit 1
2018-03-20 16:04:14: select * from `services` where `members_id` = '4' and `payment_status` = 1 and `services`.`deleted_at` is null order by `id` desc limit 1
2018-03-20 16:04:14: select * from `doctors` where `users_id` = 2 and `doctors`.`deleted_at` is null limit 1
2018-03-20 16:04:14: select * from `services` where `members_id` = '4' and `payment_status` = 1 and `services`.`deleted_at` is null order by `id` desc limit 1
2018-03-20 16:04:14: select * from `doctors` where `users_id` = 9 and `doctors`.`deleted_at` is null limit 1
2018-03-20 16:04:14: select * from `services` where `members_id` = '4' and `payment_status` = 1 and `services`.`deleted_at` is null order by `id` desc limit 1
2018-03-20 16:04:14: select * from `doctors` where `users_id` = 21 and `doctors`.`deleted_at` is null limit 1
2018-03-20 16:04:14: select * from `services` where `members_id` = '4' and `payment_status` = 1 and `services`.`deleted_at` is null order by `id` desc limit 1
2018-03-20 16:04:14: select * from `doctors` where `users_id` = 12 and `doctors`.`deleted_at` is null limit 1
2018-03-20 16:04:14: select * from `services` where `members_id` = '4' and `payment_status` = 1 and `services`.`deleted_at` is null order by `id` desc limit 1
2018-03-20 16:04:14: select * from `doctors` where `users_id` = 13 and `doctors`.`deleted_at` is null limit 1
2018-03-20 16:04:14: select * from `services` where `members_id` = '4' and `payment_status` = 1 and `services`.`deleted_at` is null order by `id` desc limit 1
2018-03-20 16:04:14: select * from `doctors` where `users_id` = 14 and `doctors`.`deleted_at` is null limit 1
2018-03-20 16:04:14: select * from `services` where `members_id` = '4' and `payment_status` = 1 and `services`.`deleted_at` is null order by `id` desc limit 1
2018-03-20 16:04:14: select * from `doctors` where `users_id` = 15 and `doctors`.`deleted_at` is null limit 1
2018-03-20 16:04:14: select * from `services` where `members_id` = '4' and `payment_status` = 1 and `services`.`deleted_at` is null order by `id` desc limit 1
2018-03-20 16:04:14: select * from `doctors` where `users_id` = 17 and `doctors`.`deleted_at` is null limit 1
2018-03-20 16:04:14: select * from `services` where `members_id` = '4' and `payment_status` = 1 and `services`.`deleted_at` is null order by `id` desc limit 1
2018-03-20 16:04:14: select * from `doctors` where `users_id` = 22 and `doctors`.`deleted_at` is null limit 1
2018-03-20 16:04:14: select * from `services` where `members_id` = '4' and `payment_status` = 1 and `services`.`deleted_at` is null order by `id` desc limit 1
2018-03-20 16:04:14: select * from `doctors` where `users_id` = 23 and `doctors`.`deleted_at` is null limit 1
2018-03-20 16:04:14: select * from `services` where `members_id` = '4' and `payment_status` = 1 and `services`.`deleted_at` is null order by `id` desc limit 1
2018-03-20 16:04:14: select * from `doctors` where `users_id` = 25 and `doctors`.`deleted_at` is null limit 1
2018-03-20 16:04:14: select * from `services` where `members_id` = '4' and `payment_status` = 1 and `services`.`deleted_at` is null order by `id` desc limit 1
2018-03-20 16:04:14: select * from `doctors` where `users_id` = 26 and `doctors`.`deleted_at` is null limit 1
2018-03-20 16:04:14: select * from `services` where `members_id` = '4' and `payment_status` = 1 and `services`.`deleted_at` is null order by `id` desc limit 1
2018-03-20 17:10:34: select * from `users` where `id` = '45' and `users`.`deleted_at` is null limit 1
2018-03-20 17:10:34: select * from `doctors` where `doctors`.`users_id` = 45 and `doctors`.`users_id` is not null and `doctors`.`deleted_at` is null limit 1
2018-03-20 17:10:34: select count(*) as aggregate from `member_requests` where `member_requests`.`deleted_at` is null
2018-03-20 17:10:34: select count(*) as aggregate from `member_request_doctors` where `doctors_id` = '45'
2018-03-20 17:10:34: select count(*) as aggregate from `services` where `doctors_id` = '45' and `opened_at` is null and `services`.`deleted_at` is null
2018-03-20 17:10:34: select * from `messages` where `doctors_id` = '45' and `doctor_readed_at` is null and `visible` = 1 order by `created_at` desc
2018-03-20 17:10:35: select * from `parameters` where `type` = 'banner'
2018-03-20 17:10:35: select * from `parameters` where `type` = 'setting' and `key` = 'service_email' limit 1
2018-03-20 17:10:45: select * from `users` where `id` = '45' and `login_type` = 2 and `status` = 1 and `users`.`deleted_at` is null limit 1
2018-03-20 17:10:45: select * from `doctors` where `doctors`.`users_id` in (45) and `doctors`.`deleted_at` is null
2018-03-20 17:10:45: select * from `services` where `doctors_id` = '45' and `members_id` is not null and `services`.`deleted_at` is null
2018-03-20 17:10:45: select * from `services` where `doctors_id` = '45' and `members_id` in (43) and `payment_status` in (0, 1) and `services`.`deleted_at` is null order by `created_at` desc
2018-03-20 17:10:45: select * from `users` where `login_type` = 1 and `users`.`id` in (43) and `users`.`deleted_at` is null
2018-03-20 17:10:45: select * from `parameters` where `type` = 'setting' and `key` = 'message_expire_time' limit 1
2018-03-20 17:10:45: select * from `messages` where `doctors_id` = 45 and `members_id` = 43 and `source` = 'member' order by `created_at` desc limit 1
2018-03-20 17:10:45: select * from `messages` where `doctors_id` = 45 and `members_id` = 43 and `source` = 'doctor' order by `created_at` desc limit 1
2018-03-20 17:10:45: update `services` set `opened_at` = '2018-03-20 17:10:45', `updated_at` = '2018-03-20 17:10:45' where `doctors_id` = '45' and `opened_at` is null and `services`.`deleted_at` is null
2018-03-20 17:10:45: select * from `doctors` where `doctors`.`users_id` = 43 and `doctors`.`users_id` is not null and `doctors`.`deleted_at` is null limit 1
2018-03-20 17:10:46: select * from `users` where `id` = '45' and `users`.`deleted_at` is null limit 1
2018-03-20 17:10:46: select * from `doctors` where `doctors`.`users_id` = 45 and `doctors`.`users_id` is not null and `doctors`.`deleted_at` is null limit 1
2018-03-20 17:10:46: select count(*) as aggregate from `member_requests` where `member_requests`.`deleted_at` is null
2018-03-20 17:10:46: select count(*) as aggregate from `member_request_doctors` where `doctors_id` = '45'
2018-03-20 17:10:46: select count(*) as aggregate from `services` where `doctors_id` = '45' and `opened_at` is null and `services`.`deleted_at` is null
2018-03-20 17:10:46: select * from `messages` where `doctors_id` = '45' and `doctor_readed_at` is null and `visible` = 1 order by `created_at` desc
2018-03-20 17:10:46: select * from `parameters` where `type` = 'banner'
2018-03-20 17:10:46: select * from `parameters` where `type` = 'setting' and `key` = 'service_email' limit 1
2018-03-20 17:10:46: select * from `users` where `id` = '45' and `users`.`deleted_at` is null limit 1
2018-03-20 17:10:46: select * from `doctors` where `doctors`.`users_id` = 45 and `doctors`.`users_id` is not null and `doctors`.`deleted_at` is null limit 1
2018-03-20 17:21:55: select * from `users` where `id` = '45' and `users`.`deleted_at` is null limit 1
2018-03-20 17:21:55: select * from `doctors` where `doctors`.`users_id` = 45 and `doctors`.`users_id` is not null and `doctors`.`deleted_at` is null limit 1
2018-03-20 17:36:10: select * from `users` where `id` = '45' and `users`.`deleted_at` is null limit 1
2018-03-20 17:36:10: select * from `doctors` where `doctors`.`users_id` = 45 and `doctors`.`users_id` is not null and `doctors`.`deleted_at` is null limit 1
2018-03-20 17:36:11: select * from `users` where `id` = '45' and `users`.`deleted_at` is null limit 1
2018-03-20 17:36:11: select * from `doctors` where `doctors`.`users_id` = 45 and `doctors`.`users_id` is not null and `doctors`.`deleted_at` is null limit 1
2018-03-20 17:36:11: select count(*) as aggregate from `member_requests` where `member_requests`.`deleted_at` is null
2018-03-20 17:36:11: select count(*) as aggregate from `member_request_doctors` where `doctors_id` = '45'
2018-03-20 17:36:11: select count(*) as aggregate from `services` where `doctors_id` = '45' and `opened_at` is null and `services`.`deleted_at` is null
2018-03-20 17:36:11: select * from `messages` where `doctors_id` = '45' and `doctor_readed_at` is null and `visible` = 1 order by `created_at` desc
2018-03-20 17:36:11: select * from `parameters` where `type` = 'banner'
2018-03-20 17:36:11: select * from `parameters` where `type` = 'setting' and `key` = 'service_email' limit 1
