2018-06-21 11:28:31: select * from `users` where `id` = '13' and `users`.`deleted_at` is null limit 1
2018-06-21 11:28:31: select * from `doctors` where `doctors`.`users_id` = 13 and `doctors`.`users_id` is not null and `doctors`.`deleted_at` is null limit 1
2018-06-21 11:28:31: select count(*) as aggregate from `member_requests` where `member_requests`.`deleted_at` is null
2018-06-21 11:28:31: select count(*) as aggregate from `member_request_doctors` where `doctors_id` = '13'
2018-06-21 11:28:31: select count(*) as aggregate from `services` where `doctors_id` = '13' and `opened_at` is null and `services`.`deleted_at` is null
2018-06-21 11:28:31: select * from `messages` where `doctors_id` = '13' and `doctor_readed_at` is null and `visible` = 1 order by `created_at` desc
2018-06-21 11:28:31: select * from `parameters` where `type` = 'banner'
2018-06-21 11:28:31: select * from `parameters` where `type` = 'setting' and `key` = 'service_email' limit 1
2018-06-21 11:28:53: select * from `users` where `id` = '13' and `users`.`deleted_at` is null limit 1
2018-06-21 11:28:53: select * from `doctors` where `doctors`.`users_id` = 13 and `doctors`.`users_id` is not null and `doctors`.`deleted_at` is null limit 1
2018-06-21 11:28:53: select count(*) as aggregate from `member_requests` where `member_requests`.`deleted_at` is null
2018-06-21 11:28:53: select count(*) as aggregate from `member_request_doctors` where `doctors_id` = '13'
2018-06-21 11:28:53: select count(*) as aggregate from `services` where `doctors_id` = '13' and `opened_at` is null and `services`.`deleted_at` is null
2018-06-21 11:28:53: select * from `messages` where `doctors_id` = '13' and `doctor_readed_at` is null and `visible` = 1 order by `created_at` desc
2018-06-21 11:28:53: select * from `parameters` where `type` = 'banner'
2018-06-21 11:28:53: select * from `parameters` where `type` = 'setting' and `key` = 'service_email' limit 1
2018-06-21 11:28:55: select * from `users` where `id` = '13' and `login_type` = 2 and `status` = 1 and `users`.`deleted_at` is null limit 1
2018-06-21 11:28:55: select * from `doctors` where `doctors`.`users_id` in (13) and `doctors`.`deleted_at` is null
2018-06-21 11:28:55: select * from `services` where `doctors_id` = '13' and `members_id` is not null and `services`.`deleted_at` is null
2018-06-21 11:28:55: select * from `services` where `doctors_id` = '13' and 0 = 1 and `payment_status` = 1 and `services`.`deleted_at` is null order by `created_at` desc
2018-06-21 11:28:55: select * from `parameters` where `type` = 'setting' and `key` = 'message_expire_time' limit 1
2018-06-21 11:28:55: update `services` set `opened_at` = '2018-06-21 11:28:55', `updated_at` = '2018-06-21 11:28:55' where `doctors_id` = '13' and `opened_at` is null and `services`.`deleted_at` is null
2018-06-21 11:28:58: select * from `users` where `id` = '13' and `users`.`deleted_at` is null limit 1
2018-06-21 11:28:58: select * from `doctors` where `doctors`.`users_id` = 13 and `doctors`.`users_id` is not null and `doctors`.`deleted_at` is null limit 1
2018-06-21 11:28:58: select count(*) as aggregate from `member_requests` where `member_requests`.`deleted_at` is null
2018-06-21 11:28:58: select count(*) as aggregate from `member_request_doctors` where `doctors_id` = '13'
2018-06-21 11:28:58: select count(*) as aggregate from `services` where `doctors_id` = '13' and `opened_at` is null and `services`.`deleted_at` is null
2018-06-21 11:28:58: select * from `messages` where `doctors_id` = '13' and `doctor_readed_at` is null and `visible` = 1 order by `created_at` desc
2018-06-21 11:28:58: select * from `parameters` where `type` = 'banner'
2018-06-21 11:28:58: select * from `parameters` where `type` = 'setting' and `key` = 'service_email' limit 1
2018-06-21 11:28:59: select * from `users` where `id` = '13' and `users`.`deleted_at` is null limit 1
2018-06-21 11:28:59: select * from `doctors` where `doctors`.`users_id` = 13 and `doctors`.`users_id` is not null and `doctors`.`deleted_at` is null limit 1
2018-06-21 11:29:04: select * from `users` where `id` = '13' and `users`.`deleted_at` is null limit 1
2018-06-21 11:29:04: select * from `doctors` where `doctors`.`users_id` = 13 and `doctors`.`users_id` is not null and `doctors`.`deleted_at` is null limit 1
2018-06-21 11:29:04: select count(*) as aggregate from `member_requests` where `member_requests`.`deleted_at` is null
2018-06-21 11:29:04: select count(*) as aggregate from `member_request_doctors` where `doctors_id` = '13'
2018-06-21 11:29:04: select count(*) as aggregate from `services` where `doctors_id` = '13' and `opened_at` is null and `services`.`deleted_at` is null
2018-06-21 11:29:04: select * from `messages` where `doctors_id` = '13' and `doctor_readed_at` is null and `visible` = 1 order by `created_at` desc
2018-06-21 11:29:04: select * from `parameters` where `type` = 'banner'
2018-06-21 11:29:04: select * from `parameters` where `type` = 'setting' and `key` = 'service_email' limit 1
2018-06-21 11:29:31: select * from `users` where `id` = '13' and `users`.`deleted_at` is null limit 1
2018-06-21 11:29:31: select * from `doctors` where `doctors`.`users_id` = 13 and `doctors`.`users_id` is not null and `doctors`.`deleted_at` is null limit 1
2018-06-21 11:29:31: select count(*) as aggregate from `member_requests` where `member_requests`.`deleted_at` is null
2018-06-21 11:29:31: select count(*) as aggregate from `member_request_doctors` where `doctors_id` = '13'
2018-06-21 11:29:31: select count(*) as aggregate from `services` where `doctors_id` = '13' and `opened_at` is null and `services`.`deleted_at` is null
2018-06-21 11:29:31: select * from `messages` where `doctors_id` = '13' and `doctor_readed_at` is null and `visible` = 1 order by `created_at` desc
2018-06-21 11:29:31: select * from `parameters` where `type` = 'banner'
2018-06-21 11:29:31: select * from `parameters` where `type` = 'setting' and `key` = 'service_email' limit 1
2018-06-21 16:43:18: select * from `users` where `id` = '2' and `users`.`deleted_at` is null limit 1
2018-06-21 16:43:18: select * from `doctors` where `doctors`.`users_id` = 2 and `doctors`.`users_id` is not null and `doctors`.`deleted_at` is null limit 1
2018-06-21 16:43:18: select count(*) as aggregate from `member_requests` where `member_requests`.`deleted_at` is null
2018-06-21 16:43:18: select count(*) as aggregate from `member_request_doctors` where `doctors_id` = '2'
2018-06-21 16:43:18: select count(*) as aggregate from `services` where `doctors_id` = '2' and `opened_at` is null and `services`.`deleted_at` is null
2018-06-21 16:43:18: select * from `messages` where `doctors_id` = '2' and `doctor_readed_at` is null and `visible` = 1 order by `created_at` desc
2018-06-21 16:43:18: select * from `services` where `members_id` = 47 and `payment_status` = 1 and `services`.`deleted_at` is null order by `id` desc limit 1
2018-06-21 16:43:18: select * from `parameters` where `type` = 'setting' and `key` = 'treatment_days_1' limit 1
2018-06-21 16:43:18: select * from `parameters` where `type` = 'banner'
2018-06-21 16:43:18: select * from `parameters` where `type` = 'setting' and `key` = 'service_email' limit 1
