2018-08-07 14:39:59: select count(*) as aggregate from `users` where `id` = '59'
2018-08-07 14:39:59: select * from `users` where `id` = '59' and `users`.`deleted_at` is null limit 1
2018-08-07 14:39:59: select * from `users` where `city_id` = 18 and `login_type` = '2' and `online` = 1 and `users`.`deleted_at` is null order by `online_at` desc
2018-08-07 14:39:59: select * from `messages` where `source` = 'doctor' and `started_at` is not null and `messages`.`doctors_id` in (5, 6) and `members_id` = '59' order by `started_at` desc
2018-08-07 14:39:59: select * from `doctors` where `users_id` = 5 and `doctors`.`deleted_at` is null limit 1
2018-08-07 14:39:59: select * from `services` where `members_id` = '59' and `payment_status` = 1 and `services`.`deleted_at` is null order by `id` desc limit 1
2018-08-07 14:39:59: select * from `doctors` where `users_id` = 6 and `doctors`.`deleted_at` is null limit 1
2018-08-07 14:39:59: select * from `services` where `members_id` = '59' and `payment_status` = 1 and `services`.`deleted_at` is null order by `id` desc limit 1
2018-08-07 14:39:59: select * from `parameters` where `parameters`.`key` = 18 and `parameters`.`key` is not null and `type` = 'city' limit 1
2018-08-07 17:46:06: select count(*) as aggregate from `users` where `id` = '60'
2018-08-07 17:46:06: select * from `users` where `id` = '60' and `users`.`deleted_at` is null limit 1
2018-08-07 17:46:06: select * from `users` where `city_id` = 1 and `login_type` = '2' and `online` = 1 and `users`.`deleted_at` is null order by `online_at` desc
2018-08-07 17:46:06: select * from `messages` where `source` = 'doctor' and `started_at` is not null and `messages`.`doctors_id` in (2, 9, 11, 12, 13, 14, 15, 16, 17, 21, 22, 23, 24, 25, 26, 44, 45) and `members_id` = '60' order by `started_at` desc
2018-08-07 17:46:06: select * from `doctors` where `users_id` = 44 and `doctors`.`deleted_at` is null limit 1
2018-08-07 17:46:06: select * from `services` where `members_id` = '60' and `payment_status` = 1 and `services`.`deleted_at` is null order by `id` desc limit 1
2018-08-07 17:46:06: select * from `doctors` where `users_id` = 45 and `doctors`.`deleted_at` is null limit 1
2018-08-07 17:46:06: select * from `services` where `members_id` = '60' and `payment_status` = 1 and `services`.`deleted_at` is null order by `id` desc limit 1
2018-08-07 17:46:06: select * from `doctors` where `users_id` = 2 and `doctors`.`deleted_at` is null limit 1
2018-08-07 17:46:06: select * from `services` where `members_id` = '60' and `payment_status` = 1 and `services`.`deleted_at` is null order by `id` desc limit 1
2018-08-07 17:46:06: select * from `doctors` where `users_id` = 24 and `doctors`.`deleted_at` is null limit 1
2018-08-07 17:46:06: select * from `services` where `members_id` = '60' and `payment_status` = 1 and `services`.`deleted_at` is null order by `id` desc limit 1
2018-08-07 17:46:06: select * from `doctors` where `users_id` = 16 and `doctors`.`deleted_at` is null limit 1
2018-08-07 17:46:06: select * from `services` where `members_id` = '60' and `payment_status` = 1 and `services`.`deleted_at` is null order by `id` desc limit 1
2018-08-07 17:46:06: select * from `doctors` where `users_id` = 11 and `doctors`.`deleted_at` is null limit 1
2018-08-07 17:46:06: select * from `services` where `members_id` = '60' and `payment_status` = 1 and `services`.`deleted_at` is null order by `id` desc limit 1
2018-08-07 17:46:06: select * from `doctors` where `users_id` = 9 and `doctors`.`deleted_at` is null limit 1
2018-08-07 17:46:06: select * from `services` where `members_id` = '60' and `payment_status` = 1 and `services`.`deleted_at` is null order by `id` desc limit 1
2018-08-07 17:46:06: select * from `doctors` where `users_id` = 21 and `doctors`.`deleted_at` is null limit 1
2018-08-07 17:46:06: select * from `services` where `members_id` = '60' and `payment_status` = 1 and `services`.`deleted_at` is null order by `id` desc limit 1
2018-08-07 17:46:06: select * from `doctors` where `users_id` = 12 and `doctors`.`deleted_at` is null limit 1
2018-08-07 17:46:06: select * from `services` where `members_id` = '60' and `payment_status` = 1 and `services`.`deleted_at` is null order by `id` desc limit 1
2018-08-07 17:46:06: select * from `doctors` where `users_id` = 13 and `doctors`.`deleted_at` is null limit 1
2018-08-07 17:46:06: select * from `services` where `members_id` = '60' and `payment_status` = 1 and `services`.`deleted_at` is null order by `id` desc limit 1
2018-08-07 17:46:06: select * from `doctors` where `users_id` = 14 and `doctors`.`deleted_at` is null limit 1
2018-08-07 17:46:06: select * from `services` where `members_id` = '60' and `payment_status` = 1 and `services`.`deleted_at` is null order by `id` desc limit 1
2018-08-07 17:46:06: select * from `doctors` where `users_id` = 15 and `doctors`.`deleted_at` is null limit 1
2018-08-07 17:46:06: select * from `services` where `members_id` = '60' and `payment_status` = 1 and `services`.`deleted_at` is null order by `id` desc limit 1
2018-08-07 17:46:06: select * from `doctors` where `users_id` = 17 and `doctors`.`deleted_at` is null limit 1
2018-08-07 17:46:06: select * from `services` where `members_id` = '60' and `payment_status` = 1 and `services`.`deleted_at` is null order by `id` desc limit 1
2018-08-07 17:46:06: select * from `doctors` where `users_id` = 22 and `doctors`.`deleted_at` is null limit 1
2018-08-07 17:46:06: select * from `services` where `members_id` = '60' and `payment_status` = 1 and `services`.`deleted_at` is null order by `id` desc limit 1
2018-08-07 17:46:06: select * from `doctors` where `users_id` = 23 and `doctors`.`deleted_at` is null limit 1
2018-08-07 17:46:06: select * from `services` where `members_id` = '60' and `payment_status` = 1 and `services`.`deleted_at` is null order by `id` desc limit 1
2018-08-07 17:46:06: select * from `doctors` where `users_id` = 25 and `doctors`.`deleted_at` is null limit 1
2018-08-07 17:46:06: select * from `services` where `members_id` = '60' and `payment_status` = 1 and `services`.`deleted_at` is null order by `id` desc limit 1
2018-08-07 17:46:06: select * from `doctors` where `users_id` = 26 and `doctors`.`deleted_at` is null limit 1
2018-08-07 17:46:06: select * from `services` where `members_id` = '60' and `payment_status` = 1 and `services`.`deleted_at` is null order by `id` desc limit 1
2018-08-07 22:36:27: select * from `users` where `id` = '13' and `users`.`deleted_at` is null limit 1
2018-08-07 22:36:27: select * from `doctors` where `doctors`.`users_id` = 13 and `doctors`.`users_id` is not null and `doctors`.`deleted_at` is null limit 1
2018-08-07 22:36:27: select count(*) as aggregate from `member_requests` where `member_requests`.`deleted_at` is null
2018-08-07 22:36:27: select count(*) as aggregate from `member_request_doctors` where `doctors_id` = '13'
2018-08-07 22:36:27: select count(*) as aggregate from `services` where `doctors_id` = '13' and `opened_at` is null and `services`.`deleted_at` is null
2018-08-07 22:36:27: select * from `messages` where `doctors_id` = '13' and `doctor_readed_at` is null and `visible` = 1 order by `created_at` desc
2018-08-07 22:36:27: select * from `parameters` where `type` = 'banner'
2018-08-07 22:36:27: select * from `parameters` where `type` = 'setting' and `key` = 'service_email' limit 1
