2018-02-07 16:50:15: select * from `users` where `id` = '13' and `users`.`deleted_at` is null limit 1
2018-02-07 16:50:15: select * from `doctors` where `doctors`.`users_id` = 13 and `doctors`.`users_id` is not null and `doctors`.`deleted_at` is null limit 1
2018-02-07 16:50:15: select count(*) as aggregate from `member_requests` where `member_requests`.`deleted_at` is null
2018-02-07 16:50:15: select count(*) as aggregate from `member_request_doctors` where `doctors_id` = '13'
2018-02-07 16:50:15: select count(*) as aggregate from `services` where `doctors_id` = '13' and `opened_at` is null and `services`.`deleted_at` is null
2018-02-07 16:50:15: select * from `messages` where `doctors_id` = '13' and `doctor_readed_at` is null and `visible` = 1 order by `created_at` desc
2018-02-07 16:50:15: select * from `parameters` where `type` = 'banner'
2018-02-07 16:50:15: select * from `parameters` where `type` = 'setting' and `key` = 'service_email' limit 1
2018-02-07 16:50:20: select * from `users` where `id` = '13' and `login_type` = 2 and `status` = 1 and `users`.`deleted_at` is null limit 1
2018-02-07 16:50:20: select * from `doctors` where `doctors`.`users_id` in (13) and `doctors`.`deleted_at` is null
2018-02-07 16:50:20: select * from `services` where `doctors_id` = '13' and `members_id` is not null and `services`.`deleted_at` is null
2018-02-07 16:50:20: select * from `services` where `doctors_id` = '13' and 0 = 1 and `payment_status` in (0, 1) and `services`.`deleted_at` is null order by `created_at` desc
2018-02-07 16:50:20: select * from `parameters` where `type` = 'setting' and `key` = 'message_expire_time' limit 1
2018-02-07 16:50:20: update `services` set `opened_at` = '2018-02-07 16:50:20', `updated_at` = '2018-02-07 16:50:20' where `doctors_id` = '13' and `opened_at` is null and `services`.`deleted_at` is null
2018-02-07 16:50:22: select * from `users` where `id` = '13' and `users`.`deleted_at` is null limit 1
2018-02-07 16:50:22: select * from `doctors` where `doctors`.`users_id` = 13 and `doctors`.`users_id` is not null and `doctors`.`deleted_at` is null limit 1
2018-02-07 16:50:22: select count(*) as aggregate from `member_requests` where `member_requests`.`deleted_at` is null
2018-02-07 16:50:22: select count(*) as aggregate from `member_request_doctors` where `doctors_id` = '13'
2018-02-07 16:50:22: select count(*) as aggregate from `services` where `doctors_id` = '13' and `opened_at` is null and `services`.`deleted_at` is null
2018-02-07 16:50:22: select * from `messages` where `doctors_id` = '13' and `doctor_readed_at` is null and `visible` = 1 order by `created_at` desc
2018-02-07 16:50:22: select * from `parameters` where `type` = 'banner'
2018-02-07 16:50:22: select * from `parameters` where `type` = 'setting' and `key` = 'service_email' limit 1
2018-02-07 16:50:23: select * from `users` where `id` = '13' and `login_type` = 2 and `status` = 1 and `users`.`deleted_at` is null limit 1
2018-02-07 16:50:23: select * from `doctors` where `doctors`.`users_id` in (13) and `doctors`.`deleted_at` is null
2018-02-07 16:50:23: select * from `services` where `doctors_id` = '13' and `members_id` is not null and `services`.`deleted_at` is null
2018-02-07 16:50:23: select * from `services` where `doctors_id` = '13' and 0 = 1 and `payment_status` in (0, 1) and `services`.`deleted_at` is null order by `created_at` desc
2018-02-07 16:50:23: select * from `parameters` where `type` = 'setting' and `key` = 'message_expire_time' limit 1
2018-02-07 16:50:23: update `services` set `opened_at` = '2018-02-07 16:50:23', `updated_at` = '2018-02-07 16:50:23' where `doctors_id` = '13' and `opened_at` is null and `services`.`deleted_at` is null
2018-02-07 16:50:25: select * from `users` where `id` = '13' and `users`.`deleted_at` is null limit 1
2018-02-07 16:50:25: select * from `doctors` where `doctors`.`users_id` = 13 and `doctors`.`users_id` is not null and `doctors`.`deleted_at` is null limit 1
2018-02-07 16:50:25: select count(*) as aggregate from `member_requests` where `member_requests`.`deleted_at` is null
2018-02-07 16:50:25: select count(*) as aggregate from `member_request_doctors` where `doctors_id` = '13'
2018-02-07 16:50:26: select count(*) as aggregate from `services` where `doctors_id` = '13' and `opened_at` is null and `services`.`deleted_at` is null
2018-02-07 16:50:26: select * from `messages` where `doctors_id` = '13' and `doctor_readed_at` is null and `visible` = 1 order by `created_at` desc
2018-02-07 16:50:26: select * from `parameters` where `type` = 'banner'
2018-02-07 16:50:26: select * from `parameters` where `type` = 'setting' and `key` = 'service_email' limit 1
