2018-02-24 14:55:00: select count(*) as aggregate from `users` where `id` = '28'
2018-02-24 14:55:00: select * from `users` where `id` = '28' and `users`.`deleted_at` is null limit 1
2018-02-24 14:55:00: select * from `users` where `city_id` = 1 and `login_type` = '2' and `online` = 1 and `users`.`deleted_at` is null order by `online_at` desc
2018-02-24 14:55:00: select * from `messages` where `source` = 'doctor' and `started_at` is not null and `messages`.`doctors_id` in (2, 9, 12, 13, 14, 15, 16, 17, 21, 22, 23, 24, 25, 26) and `members_id` = '28' order by `started_at` desc
2018-02-24 14:55:00: select * from `doctors` where `users_id` = 2 and `doctors`.`deleted_at` is null limit 1
2018-02-24 14:55:00: select * from `services` where `members_id` = '28' and `payment_status` = 1 and `services`.`deleted_at` is null order by `id` desc limit 1
2018-02-24 14:55:00: select * from `doctors` where `users_id` = 9 and `doctors`.`deleted_at` is null limit 1
2018-02-24 14:55:00: select * from `services` where `members_id` = '28' and `payment_status` = 1 and `services`.`deleted_at` is null order by `id` desc limit 1
2018-02-24 14:55:00: select * from `doctors` where `users_id` = 21 and `doctors`.`deleted_at` is null limit 1
2018-02-24 14:55:00: select * from `services` where `members_id` = '28' and `payment_status` = 1 and `services`.`deleted_at` is null order by `id` desc limit 1
2018-02-24 14:55:00: select * from `doctors` where `users_id` = 12 and `doctors`.`deleted_at` is null limit 1
2018-02-24 14:55:00: select * from `services` where `members_id` = '28' and `payment_status` = 1 and `services`.`deleted_at` is null order by `id` desc limit 1
2018-02-24 14:55:00: select * from `doctors` where `users_id` = 13 and `doctors`.`deleted_at` is null limit 1
2018-02-24 14:55:00: select * from `services` where `members_id` = '28' and `payment_status` = 1 and `services`.`deleted_at` is null order by `id` desc limit 1
2018-02-24 14:55:00: select * from `doctors` where `users_id` = 14 and `doctors`.`deleted_at` is null limit 1
2018-02-24 14:55:00: select * from `services` where `members_id` = '28' and `payment_status` = 1 and `services`.`deleted_at` is null order by `id` desc limit 1
2018-02-24 14:55:00: select * from `doctors` where `users_id` = 15 and `doctors`.`deleted_at` is null limit 1
2018-02-24 14:55:00: select * from `services` where `members_id` = '28' and `payment_status` = 1 and `services`.`deleted_at` is null order by `id` desc limit 1
2018-02-24 14:55:00: select * from `doctors` where `users_id` = 16 and `doctors`.`deleted_at` is null limit 1
2018-02-24 14:55:00: select * from `services` where `members_id` = '28' and `payment_status` = 1 and `services`.`deleted_at` is null order by `id` desc limit 1
2018-02-24 14:55:00: select * from `doctors` where `users_id` = 17 and `doctors`.`deleted_at` is null limit 1
2018-02-24 14:55:00: select * from `services` where `members_id` = '28' and `payment_status` = 1 and `services`.`deleted_at` is null order by `id` desc limit 1
2018-02-24 14:55:00: select * from `doctors` where `users_id` = 22 and `doctors`.`deleted_at` is null limit 1
2018-02-24 14:55:00: select * from `services` where `members_id` = '28' and `payment_status` = 1 and `services`.`deleted_at` is null order by `id` desc limit 1
2018-02-24 14:55:00: select * from `doctors` where `users_id` = 23 and `doctors`.`deleted_at` is null limit 1
2018-02-24 14:55:00: select * from `services` where `members_id` = '28' and `payment_status` = 1 and `services`.`deleted_at` is null order by `id` desc limit 1
2018-02-24 14:55:00: select * from `doctors` where `users_id` = 24 and `doctors`.`deleted_at` is null limit 1
2018-02-24 14:55:00: select * from `services` where `members_id` = '28' and `payment_status` = 1 and `services`.`deleted_at` is null order by `id` desc limit 1
2018-02-24 14:55:00: select * from `doctors` where `users_id` = 25 and `doctors`.`deleted_at` is null limit 1
2018-02-24 14:55:00: select * from `services` where `members_id` = '28' and `payment_status` = 1 and `services`.`deleted_at` is null order by `id` desc limit 1
2018-02-24 14:55:00: select * from `doctors` where `users_id` = 26 and `doctors`.`deleted_at` is null limit 1
2018-02-24 14:55:00: select * from `services` where `members_id` = '28' and `payment_status` = 1 and `services`.`deleted_at` is null order by `id` desc limit 1
2018-02-24 14:55:42: select * from `users` where `id` = '2' and `users`.`deleted_at` is null limit 1
2018-02-24 14:55:42: select * from `doctors` where `doctors`.`users_id` = 2 and `doctors`.`users_id` is not null and `doctors`.`deleted_at` is null limit 1
2018-02-24 14:55:42: select count(*) as aggregate from `member_requests` where `member_requests`.`deleted_at` is null
2018-02-24 14:55:42: select count(*) as aggregate from `member_request_doctors` where `doctors_id` = '2'
2018-02-24 14:55:42: select count(*) as aggregate from `services` where `doctors_id` = '2' and `opened_at` is null and `services`.`deleted_at` is null
2018-02-24 14:55:42: select * from `messages` where `doctors_id` = '2' and `doctor_readed_at` is null and `visible` = 1 order by `created_at` desc
2018-02-24 14:55:42: select * from `parameters` where `type` = 'banner'
2018-02-24 14:55:42: select * from `parameters` where `type` = 'setting' and `key` = 'service_email' limit 1
2018-02-24 14:55:42: select count(*) as aggregate from `users` where `id` = '28'
2018-02-24 14:55:42: select * from `users` where `id` = '28' and `users`.`deleted_at` is null limit 1
2018-02-24 14:55:42: select * from `users` where `city_id` = 1 and `login_type` = '2' and `online` = 1 and `users`.`deleted_at` is null order by `online_at` desc
2018-02-24 14:55:42: select * from `messages` where `source` = 'doctor' and `started_at` is not null and `messages`.`doctors_id` in (2, 9, 12, 13, 14, 15, 16, 17, 21, 22, 23, 24, 25, 26) and `members_id` = '28' order by `started_at` desc
2018-02-24 14:55:42: select * from `doctors` where `users_id` = 2 and `doctors`.`deleted_at` is null limit 1
2018-02-24 14:55:42: select * from `services` where `members_id` = '28' and `payment_status` = 1 and `services`.`deleted_at` is null order by `id` desc limit 1
2018-02-24 14:55:42: select * from `doctors` where `users_id` = 9 and `doctors`.`deleted_at` is null limit 1
2018-02-24 14:55:42: select * from `services` where `members_id` = '28' and `payment_status` = 1 and `services`.`deleted_at` is null order by `id` desc limit 1
2018-02-24 14:55:42: select * from `doctors` where `users_id` = 21 and `doctors`.`deleted_at` is null limit 1
2018-02-24 14:55:42: select * from `services` where `members_id` = '28' and `payment_status` = 1 and `services`.`deleted_at` is null order by `id` desc limit 1
2018-02-24 14:55:42: select * from `doctors` where `users_id` = 12 and `doctors`.`deleted_at` is null limit 1
2018-02-24 14:55:42: select * from `services` where `members_id` = '28' and `payment_status` = 1 and `services`.`deleted_at` is null order by `id` desc limit 1
2018-02-24 14:55:42: select * from `doctors` where `users_id` = 13 and `doctors`.`deleted_at` is null limit 1
2018-02-24 14:55:42: select * from `services` where `members_id` = '28' and `payment_status` = 1 and `services`.`deleted_at` is null order by `id` desc limit 1
2018-02-24 14:55:42: select * from `doctors` where `users_id` = 14 and `doctors`.`deleted_at` is null limit 1
2018-02-24 14:55:42: select * from `services` where `members_id` = '28' and `payment_status` = 1 and `services`.`deleted_at` is null order by `id` desc limit 1
2018-02-24 14:55:42: select * from `doctors` where `users_id` = 15 and `doctors`.`deleted_at` is null limit 1
2018-02-24 14:55:42: select * from `services` where `members_id` = '28' and `payment_status` = 1 and `services`.`deleted_at` is null order by `id` desc limit 1
2018-02-24 14:55:42: select * from `doctors` where `users_id` = 16 and `doctors`.`deleted_at` is null limit 1
2018-02-24 14:55:42: select * from `services` where `members_id` = '28' and `payment_status` = 1 and `services`.`deleted_at` is null order by `id` desc limit 1
2018-02-24 14:55:42: select * from `doctors` where `users_id` = 17 and `doctors`.`deleted_at` is null limit 1
2018-02-24 14:55:42: select * from `services` where `members_id` = '28' and `payment_status` = 1 and `services`.`deleted_at` is null order by `id` desc limit 1
2018-02-24 14:55:42: select * from `doctors` where `users_id` = 22 and `doctors`.`deleted_at` is null limit 1
2018-02-24 14:55:42: select * from `services` where `members_id` = '28' and `payment_status` = 1 and `services`.`deleted_at` is null order by `id` desc limit 1
2018-02-24 14:55:42: select * from `doctors` where `users_id` = 23 and `doctors`.`deleted_at` is null limit 1
2018-02-24 14:55:42: select * from `services` where `members_id` = '28' and `payment_status` = 1 and `services`.`deleted_at` is null order by `id` desc limit 1
2018-02-24 14:55:42: select * from `doctors` where `users_id` = 24 and `doctors`.`deleted_at` is null limit 1
2018-02-24 14:55:42: select * from `services` where `members_id` = '28' and `payment_status` = 1 and `services`.`deleted_at` is null order by `id` desc limit 1
2018-02-24 14:55:42: select * from `doctors` where `users_id` = 25 and `doctors`.`deleted_at` is null limit 1
2018-02-24 14:55:42: select * from `services` where `members_id` = '28' and `payment_status` = 1 and `services`.`deleted_at` is null order by `id` desc limit 1
2018-02-24 14:55:42: select * from `doctors` where `users_id` = 26 and `doctors`.`deleted_at` is null limit 1
2018-02-24 14:55:42: select * from `services` where `members_id` = '28' and `payment_status` = 1 and `services`.`deleted_at` is null order by `id` desc limit 1
2018-02-24 14:57:21: select * from `users` where `id` = '2' and `users`.`deleted_at` is null limit 1
2018-02-24 14:57:21: select * from `doctors` where `doctors`.`users_id` = 2 and `doctors`.`users_id` is not null and `doctors`.`deleted_at` is null limit 1
2018-02-24 14:57:21: select count(*) as aggregate from `member_requests` where `member_requests`.`deleted_at` is null
2018-02-24 14:57:21: select count(*) as aggregate from `member_request_doctors` where `doctors_id` = '2'
2018-02-24 14:57:21: select count(*) as aggregate from `services` where `doctors_id` = '2' and `opened_at` is null and `services`.`deleted_at` is null
2018-02-24 14:57:21: select * from `messages` where `doctors_id` = '2' and `doctor_readed_at` is null and `visible` = 1 order by `created_at` desc
2018-02-24 14:57:21: select * from `parameters` where `type` = 'banner'
2018-02-24 14:57:21: select * from `parameters` where `type` = 'setting' and `key` = 'service_email' limit 1
2018-02-24 14:57:22: select * from `users` where `id` = '2' and `login_type` = 2 and `status` = 1 and `users`.`deleted_at` is null limit 1
2018-02-24 14:57:22: select * from `doctors` where `doctors`.`users_id` in (2) and `doctors`.`deleted_at` is null
2018-02-24 14:57:22: select * from `services` where `doctors_id` = '2' and `members_id` is not null and `services`.`deleted_at` is null
2018-02-24 14:57:22: select * from `services` where `doctors_id` = '2' and `members_id` in (7, 31) and `payment_status` in (0, 1) and `services`.`deleted_at` is null order by `created_at` desc
2018-02-24 14:57:22: select * from `users` where `login_type` = 1 and `users`.`id` in (7, 31) and `users`.`deleted_at` is null
2018-02-24 14:57:22: select * from `parameters` where `type` = 'setting' and `key` = 'message_expire_time' limit 1
2018-02-24 14:57:22: select * from `messages` where `doctors_id` = 2 and `members_id` = 7 and `source` = 'member' order by `created_at` desc limit 1
2018-02-24 14:57:22: select * from `messages` where `doctors_id` = 2 and `members_id` = 7 and `source` = 'doctor' order by `created_at` desc limit 1
2018-02-24 14:57:22: select * from `messages` where `doctors_id` = 2 and `members_id` = 31 and `source` = 'member' order by `created_at` desc limit 1
2018-02-24 14:57:22: select * from `messages` where `doctors_id` = 2 and `members_id` = 31 and `source` = 'doctor' order by `created_at` desc limit 1
2018-02-24 14:57:22: update `services` set `opened_at` = '2018-02-24 14:57:22', `updated_at` = '2018-02-24 14:57:22' where `doctors_id` = '2' and `opened_at` is null and `services`.`deleted_at` is null
2018-02-24 14:57:22: select * from `parameters` where `type` = 'setting' and `key` = 'treatment_days_1' limit 1
2018-02-24 14:57:22: select * from `doctors` where `doctors`.`users_id` = 7 and `doctors`.`users_id` is not null and `doctors`.`deleted_at` is null limit 1
2018-02-24 14:57:22: select * from `parameters` where `type` = 'setting' and `key` = 'treatment_days_1' limit 1
2018-02-24 14:57:22: select * from `doctors` where `doctors`.`users_id` = 31 and `doctors`.`users_id` is not null and `doctors`.`deleted_at` is null limit 1
