2018-06-22 14:59:42: select * from `users` where `id` = '12' and `users`.`deleted_at` is null limit 1
2018-06-22 14:59:42: select * from `doctors` where `doctors`.`users_id` = 12 and `doctors`.`users_id` is not null and `doctors`.`deleted_at` is null limit 1
2018-06-22 14:59:42: select count(*) as aggregate from `member_requests` where `member_requests`.`deleted_at` is null
2018-06-22 14:59:42: select count(*) as aggregate from `member_request_doctors` where `doctors_id` = '12'
2018-06-22 14:59:42: select count(*) as aggregate from `services` where `doctors_id` = '12' and `opened_at` is null and `services`.`deleted_at` is null
2018-06-22 14:59:42: select * from `messages` where `doctors_id` = '12' and `doctor_readed_at` is null and `visible` = 1 order by `created_at` desc
2018-06-22 14:59:42: select * from `parameters` where `type` = 'banner'
2018-06-22 14:59:42: select * from `parameters` where `type` = 'setting' and `key` = 'service_email' limit 1
2018-06-22 15:00:24: select * from `users` where `id` = '12' and `login_type` = 2 and `status` = 1 and `users`.`deleted_at` is null limit 1
2018-06-22 15:00:24: select * from `doctors` where `doctors`.`users_id` in (12) and `doctors`.`deleted_at` is null
2018-06-22 15:00:24: select * from `services` where `doctors_id` = '12' and `payment_status` = 1 and `paid_at` > '2018-05-22 15:00:24' and `services`.`deleted_at` is null
2018-06-22 15:00:24: select * from `messages` where `doctors_id` = '12' and 1 = 1 and `visible` = 1
2018-06-22 15:00:24: select count(*) as aggregate from `users` where 0 = 1 and `login_type` = 1 and `users`.`deleted_at` is null
2018-06-22 15:00:28: select * from `users` where `id` = '12' and `users`.`deleted_at` is null limit 1
2018-06-22 15:00:28: select * from `doctors` where `doctors`.`users_id` = 12 and `doctors`.`users_id` is not null and `doctors`.`deleted_at` is null limit 1
2018-06-22 15:00:28: select count(*) as aggregate from `member_requests` where `member_requests`.`deleted_at` is null
2018-06-22 15:00:28: select count(*) as aggregate from `member_request_doctors` where `doctors_id` = '12'
2018-06-22 15:00:28: select count(*) as aggregate from `services` where `doctors_id` = '12' and `opened_at` is null and `services`.`deleted_at` is null
2018-06-22 15:00:28: select * from `messages` where `doctors_id` = '12' and `doctor_readed_at` is null and `visible` = 1 order by `created_at` desc
2018-06-22 15:00:28: select * from `parameters` where `type` = 'banner'
2018-06-22 15:00:28: select * from `parameters` where `type` = 'setting' and `key` = 'service_email' limit 1
2018-06-22 15:00:30: select * from `users` where `id` = '12' and `login_type` = 2 and `status` = 1 and `users`.`deleted_at` is null limit 1
2018-06-22 15:00:30: select * from `doctors` where `doctors`.`users_id` in (12) and `doctors`.`deleted_at` is null
2018-06-22 15:00:30: select * from `services` where `doctors_id` = '12' and `members_id` is not null and `services`.`deleted_at` is null
2018-06-22 15:00:30: select * from `services` where `doctors_id` = '12' and 0 = 1 and `payment_status` = 1 and `services`.`deleted_at` is null order by `created_at` desc
2018-06-22 15:00:30: select * from `parameters` where `type` = 'setting' and `key` = 'message_expire_time' limit 1
2018-06-22 15:00:30: update `services` set `opened_at` = '2018-06-22 15:00:30', `updated_at` = '2018-06-22 15:00:30' where `doctors_id` = '12' and `opened_at` is null and `services`.`deleted_at` is null
2018-06-22 15:00:33: select * from `users` where `id` = '12' and `users`.`deleted_at` is null limit 1
2018-06-22 15:00:33: select * from `doctors` where `doctors`.`users_id` = 12 and `doctors`.`users_id` is not null and `doctors`.`deleted_at` is null limit 1
2018-06-22 15:00:33: select count(*) as aggregate from `member_requests` where `member_requests`.`deleted_at` is null
2018-06-22 15:00:33: select count(*) as aggregate from `member_request_doctors` where `doctors_id` = '12'
2018-06-22 15:00:33: select count(*) as aggregate from `services` where `doctors_id` = '12' and `opened_at` is null and `services`.`deleted_at` is null
2018-06-22 15:00:33: select * from `messages` where `doctors_id` = '12' and `doctor_readed_at` is null and `visible` = 1 order by `created_at` desc
2018-06-22 15:00:33: select * from `parameters` where `type` = 'banner'
2018-06-22 15:00:33: select * from `parameters` where `type` = 'setting' and `key` = 'service_email' limit 1
2018-06-22 15:00:37: select * from `users` where `id` = '12' and `login_type` = 2 and `status` = 1 and `users`.`deleted_at` is null limit 1
2018-06-22 15:00:37: select * from `doctors` where `doctors`.`users_id` in (12) and `doctors`.`deleted_at` is null
2018-06-22 15:00:37: select * from `services` where `doctors_id` = '12' and `members_id` is not null and `services`.`deleted_at` is null
2018-06-22 15:00:37: select * from `services` where `doctors_id` = '12' and 0 = 1 and `payment_status` in (0, 1) and `services`.`deleted_at` is null order by `created_at` desc
2018-06-22 15:00:37: select * from `parameters` where `type` = 'setting' and `key` = 'message_expire_time' limit 1
2018-06-22 15:00:37: update `services` set `opened_at` = '2018-06-22 15:00:37', `updated_at` = '2018-06-22 15:00:37' where `doctors_id` = '12' and `opened_at` is null and `services`.`deleted_at` is null
2018-06-22 15:00:40: select * from `users` where `id` = '12' and `users`.`deleted_at` is null limit 1
2018-06-22 15:00:40: select * from `doctors` where `doctors`.`users_id` = 12 and `doctors`.`users_id` is not null and `doctors`.`deleted_at` is null limit 1
2018-06-22 15:00:40: select count(*) as aggregate from `member_requests` where `member_requests`.`deleted_at` is null
2018-06-22 15:00:40: select count(*) as aggregate from `member_request_doctors` where `doctors_id` = '12'
2018-06-22 15:00:40: select count(*) as aggregate from `services` where `doctors_id` = '12' and `opened_at` is null and `services`.`deleted_at` is null
2018-06-22 15:00:40: select * from `messages` where `doctors_id` = '12' and `doctor_readed_at` is null and `visible` = 1 order by `created_at` desc
2018-06-22 15:00:40: select * from `parameters` where `type` = 'banner'
2018-06-22 15:00:40: select * from `parameters` where `type` = 'setting' and `key` = 'service_email' limit 1
2018-06-22 15:00:41: select * from `users` where `id` = '12' and `users`.`deleted_at` is null limit 1
2018-06-22 15:00:41: select * from `doctors` where `doctors`.`users_id` = 12 and `doctors`.`users_id` is not null and `doctors`.`deleted_at` is null limit 1
