2018-05-23 17:06:08: select count(*) as aggregate from `users` where `id` = '37'
2018-05-23 17:06:08: select * from `users` where `id` = '37' and `users`.`deleted_at` is null limit 1
2018-05-23 17:06:08: select * from `users` where `city_id` = 18 and `login_type` = '2' and `online` = 1 and `users`.`deleted_at` is null order by `online_at` desc
2018-05-23 17:06:08: select * from `messages` where `source` = 'doctor' and `started_at` is not null and `messages`.`doctors_id` in (5, 6) and `members_id` = '37' order by `started_at` desc
2018-05-23 17:06:08: select * from `doctors` where `users_id` = 5 and `doctors`.`deleted_at` is null limit 1
2018-05-23 17:06:08: select * from `services` where `members_id` = '37' and `payment_status` = 1 and `services`.`deleted_at` is null order by `id` desc limit 1
2018-05-23 17:06:08: select * from `doctors` where `users_id` = 6 and `doctors`.`deleted_at` is null limit 1
2018-05-23 17:06:08: select * from `services` where `members_id` = '37' and `payment_status` = 1 and `services`.`deleted_at` is null order by `id` desc limit 1
2018-05-23 17:06:08: select * from `parameters` where `parameters`.`key` = 18 and `parameters`.`key` is not null and `type` = 'city' limit 1
2018-05-23 17:06:30: select count(*) as aggregate from `users` where `id` = '37'
2018-05-23 17:06:30: select * from `users` where `id` = '37' and `users`.`deleted_at` is null limit 1
2018-05-23 17:06:30: select * from `users` where `city_id` = 18 and `login_type` = '2' and `online` = 1 and `users`.`deleted_at` is null order by `online_at` desc
2018-05-23 17:06:30: select * from `messages` where `source` = 'doctor' and `started_at` is not null and `messages`.`doctors_id` in (5, 6) and `members_id` = '37' order by `started_at` desc
2018-05-23 17:06:30: select * from `doctors` where `users_id` = 5 and `doctors`.`deleted_at` is null limit 1
2018-05-23 17:06:30: select * from `services` where `members_id` = '37' and `payment_status` = 1 and `services`.`deleted_at` is null order by `id` desc limit 1
2018-05-23 17:06:30: select * from `doctors` where `users_id` = 6 and `doctors`.`deleted_at` is null limit 1
2018-05-23 17:06:30: select * from `services` where `members_id` = '37' and `payment_status` = 1 and `services`.`deleted_at` is null order by `id` desc limit 1
2018-05-23 17:06:38: select count(*) as aggregate from `users` where `id` = '37'
2018-05-23 17:06:38: select * from `users` where `id` = '37' and `users`.`deleted_at` is null limit 1
2018-05-23 17:06:38: select * from `users` where `city_id` = 18 and `login_type` = '2' and `online` = 1 and `users`.`deleted_at` is null order by `online_at` desc
2018-05-23 17:06:38: select * from `messages` where `source` = 'doctor' and `started_at` is not null and `messages`.`doctors_id` in (5, 6) and `members_id` = '37' order by `started_at` desc
2018-05-23 17:06:38: select * from `doctors` where `users_id` = 5 and `doctors`.`deleted_at` is null limit 1
2018-05-23 17:06:38: select * from `services` where `members_id` = '37' and `payment_status` = 1 and `services`.`deleted_at` is null order by `id` desc limit 1
2018-05-23 17:06:38: select * from `doctors` where `users_id` = 6 and `doctors`.`deleted_at` is null limit 1
2018-05-23 17:06:38: select * from `services` where `members_id` = '37' and `payment_status` = 1 and `services`.`deleted_at` is null order by `id` desc limit 1
2018-05-23 17:06:41: select count(*) as aggregate from `users` where `id` = '37'
2018-05-23 17:06:41: select * from `users` where `id` = '37' and `users`.`deleted_at` is null limit 1
2018-05-23 17:06:41: select * from `users` where `city_id` = 18 and `login_type` = '2' and `online` = 1 and `users`.`deleted_at` is null order by `online_at` desc
2018-05-23 17:06:41: select * from `messages` where `source` = 'doctor' and `started_at` is not null and `messages`.`doctors_id` in (5, 6) and `members_id` = '37' order by `started_at` desc
2018-05-23 17:06:41: select * from `doctors` where `users_id` = 5 and `doctors`.`deleted_at` is null limit 1
2018-05-23 17:06:41: select * from `services` where `members_id` = '37' and `payment_status` = 1 and `services`.`deleted_at` is null order by `id` desc limit 1
2018-05-23 17:06:41: select * from `doctors` where `users_id` = 6 and `doctors`.`deleted_at` is null limit 1
2018-05-23 17:06:41: select * from `services` where `members_id` = '37' and `payment_status` = 1 and `services`.`deleted_at` is null order by `id` desc limit 1
