2018-01-09 09:38:51: select count(*) as aggregate from `users` where `id` = '31'
2018-01-09 09:38:51: select * from `users` where `id` = '31' and `users`.`deleted_at` is null limit 1
2018-01-09 09:38:51: select * from `users` where `city_id` = 1 and `login_type` = '2' and `online` = 1 and `users`.`deleted_at` is null order by `online_at` desc
2018-01-09 09:38:51: select * from `messages` where `source` = 'doctor' and `started_at` is not null and `messages`.`doctors_id` in (9, 11, 12, 13, 14, 15, 16, 17, 21, 22, 23, 24, 25, 26) and `members_id` = '31' order by `started_at` desc
2018-01-09 09:38:51: select * from `doctors` where `users_id` = 21 and `doctors`.`deleted_at` is null limit 1
2018-01-09 09:38:51: select * from `services` where `members_id` = '31' and `payment_status` = 1 and `services`.`deleted_at` is null order by `id` desc limit 1
2018-01-09 09:38:51: select * from `doctors` where `users_id` = 9 and `doctors`.`deleted_at` is null limit 1
2018-01-09 09:38:51: select * from `services` where `members_id` = '31' and `payment_status` = 1 and `services`.`deleted_at` is null order by `id` desc limit 1
2018-01-09 09:38:51: select * from `doctors` where `users_id` = 11 and `doctors`.`deleted_at` is null limit 1
2018-01-09 09:38:51: select * from `services` where `members_id` = '31' and `payment_status` = 1 and `services`.`deleted_at` is null order by `id` desc limit 1
2018-01-09 09:38:51: select * from `doctors` where `users_id` = 12 and `doctors`.`deleted_at` is null limit 1
2018-01-09 09:38:51: select * from `services` where `members_id` = '31' and `payment_status` = 1 and `services`.`deleted_at` is null order by `id` desc limit 1
2018-01-09 09:38:51: select * from `doctors` where `users_id` = 13 and `doctors`.`deleted_at` is null limit 1
2018-01-09 09:38:51: select * from `services` where `members_id` = '31' and `payment_status` = 1 and `services`.`deleted_at` is null order by `id` desc limit 1
2018-01-09 09:38:51: select * from `doctors` where `users_id` = 14 and `doctors`.`deleted_at` is null limit 1
2018-01-09 09:38:51: select * from `services` where `members_id` = '31' and `payment_status` = 1 and `services`.`deleted_at` is null order by `id` desc limit 1
2018-01-09 09:38:51: select * from `doctors` where `users_id` = 15 and `doctors`.`deleted_at` is null limit 1
2018-01-09 09:38:51: select * from `services` where `members_id` = '31' and `payment_status` = 1 and `services`.`deleted_at` is null order by `id` desc limit 1
2018-01-09 09:38:51: select * from `doctors` where `users_id` = 16 and `doctors`.`deleted_at` is null limit 1
2018-01-09 09:38:51: select * from `services` where `members_id` = '31' and `payment_status` = 1 and `services`.`deleted_at` is null order by `id` desc limit 1
2018-01-09 09:38:51: select * from `doctors` where `users_id` = 17 and `doctors`.`deleted_at` is null limit 1
2018-01-09 09:38:51: select * from `services` where `members_id` = '31' and `payment_status` = 1 and `services`.`deleted_at` is null order by `id` desc limit 1
2018-01-09 09:38:51: select * from `doctors` where `users_id` = 22 and `doctors`.`deleted_at` is null limit 1
2018-01-09 09:38:51: select * from `services` where `members_id` = '31' and `payment_status` = 1 and `services`.`deleted_at` is null order by `id` desc limit 1
2018-01-09 09:38:51: select * from `doctors` where `users_id` = 23 and `doctors`.`deleted_at` is null limit 1
2018-01-09 09:38:51: select * from `services` where `members_id` = '31' and `payment_status` = 1 and `services`.`deleted_at` is null order by `id` desc limit 1
2018-01-09 09:38:51: select * from `doctors` where `users_id` = 24 and `doctors`.`deleted_at` is null limit 1
2018-01-09 09:38:51: select * from `services` where `members_id` = '31' and `payment_status` = 1 and `services`.`deleted_at` is null order by `id` desc limit 1
2018-01-09 09:38:51: select * from `doctors` where `users_id` = 25 and `doctors`.`deleted_at` is null limit 1
2018-01-09 09:38:51: select * from `services` where `members_id` = '31' and `payment_status` = 1 and `services`.`deleted_at` is null order by `id` desc limit 1
2018-01-09 09:38:51: select * from `doctors` where `users_id` = 26 and `doctors`.`deleted_at` is null limit 1
2018-01-09 09:38:51: select * from `services` where `members_id` = '31' and `payment_status` = 1 and `services`.`deleted_at` is null order by `id` desc limit 1
2018-01-09 09:39:16: select count(*) as aggregate from `users` where `id` = '31'
2018-01-09 09:39:16: select * from `users` where `id` = '31' and `users`.`deleted_at` is null limit 1
2018-01-09 09:39:16: select * from `users` where `city_id` = 1 and `login_type` = '2' and `online` = 1 and `users`.`deleted_at` is null order by `online_at` desc
2018-01-09 09:39:16: select * from `messages` where `source` = 'doctor' and `started_at` is not null and `messages`.`doctors_id` in (9, 11, 12, 13, 14, 15, 16, 17, 21, 22, 23, 24, 25, 26) and `members_id` = '31' order by `started_at` desc
2018-01-09 09:39:16: select * from `doctors` where `users_id` = 21 and `doctors`.`deleted_at` is null limit 1
2018-01-09 09:39:16: select * from `services` where `members_id` = '31' and `payment_status` = 1 and `services`.`deleted_at` is null order by `id` desc limit 1
2018-01-09 09:39:16: select * from `doctors` where `users_id` = 9 and `doctors`.`deleted_at` is null limit 1
2018-01-09 09:39:16: select * from `services` where `members_id` = '31' and `payment_status` = 1 and `services`.`deleted_at` is null order by `id` desc limit 1
2018-01-09 09:39:16: select * from `doctors` where `users_id` = 11 and `doctors`.`deleted_at` is null limit 1
2018-01-09 09:39:16: select * from `services` where `members_id` = '31' and `payment_status` = 1 and `services`.`deleted_at` is null order by `id` desc limit 1
2018-01-09 09:39:16: select * from `doctors` where `users_id` = 12 and `doctors`.`deleted_at` is null limit 1
2018-01-09 09:39:16: select * from `services` where `members_id` = '31' and `payment_status` = 1 and `services`.`deleted_at` is null order by `id` desc limit 1
2018-01-09 09:39:16: select * from `doctors` where `users_id` = 13 and `doctors`.`deleted_at` is null limit 1
2018-01-09 09:39:16: select * from `services` where `members_id` = '31' and `payment_status` = 1 and `services`.`deleted_at` is null order by `id` desc limit 1
2018-01-09 09:39:16: select * from `doctors` where `users_id` = 14 and `doctors`.`deleted_at` is null limit 1
2018-01-09 09:39:16: select * from `services` where `members_id` = '31' and `payment_status` = 1 and `services`.`deleted_at` is null order by `id` desc limit 1
2018-01-09 09:39:16: select * from `doctors` where `users_id` = 15 and `doctors`.`deleted_at` is null limit 1
2018-01-09 09:39:16: select * from `services` where `members_id` = '31' and `payment_status` = 1 and `services`.`deleted_at` is null order by `id` desc limit 1
2018-01-09 09:39:16: select * from `doctors` where `users_id` = 16 and `doctors`.`deleted_at` is null limit 1
2018-01-09 09:39:16: select * from `services` where `members_id` = '31' and `payment_status` = 1 and `services`.`deleted_at` is null order by `id` desc limit 1
2018-01-09 09:39:16: select * from `doctors` where `users_id` = 17 and `doctors`.`deleted_at` is null limit 1
2018-01-09 09:39:16: select * from `services` where `members_id` = '31' and `payment_status` = 1 and `services`.`deleted_at` is null order by `id` desc limit 1
2018-01-09 09:39:16: select * from `doctors` where `users_id` = 22 and `doctors`.`deleted_at` is null limit 1
2018-01-09 09:39:16: select * from `services` where `members_id` = '31' and `payment_status` = 1 and `services`.`deleted_at` is null order by `id` desc limit 1
2018-01-09 09:39:16: select * from `doctors` where `users_id` = 23 and `doctors`.`deleted_at` is null limit 1
2018-01-09 09:39:16: select * from `services` where `members_id` = '31' and `payment_status` = 1 and `services`.`deleted_at` is null order by `id` desc limit 1
2018-01-09 09:39:16: select * from `doctors` where `users_id` = 24 and `doctors`.`deleted_at` is null limit 1
2018-01-09 09:39:16: select * from `services` where `members_id` = '31' and `payment_status` = 1 and `services`.`deleted_at` is null order by `id` desc limit 1
2018-01-09 09:39:16: select * from `doctors` where `users_id` = 25 and `doctors`.`deleted_at` is null limit 1
2018-01-09 09:39:16: select * from `services` where `members_id` = '31' and `payment_status` = 1 and `services`.`deleted_at` is null order by `id` desc limit 1
2018-01-09 09:39:16: select * from `doctors` where `users_id` = 26 and `doctors`.`deleted_at` is null limit 1
2018-01-09 09:39:16: select * from `services` where `members_id` = '31' and `payment_status` = 1 and `services`.`deleted_at` is null order by `id` desc limit 1
2018-01-09 09:40:36: select count(*) as aggregate from `users` where `id` = '31'
2018-01-09 09:40:36: select * from `users` where `id` = '31' and `users`.`deleted_at` is null limit 1
2018-01-09 09:40:36: select * from `users` where `city_id` = 1 and `login_type` = '2' and `online` = 1 and `users`.`deleted_at` is null order by `online_at` desc
2018-01-09 09:40:36: select * from `messages` where `source` = 'doctor' and `started_at` is not null and `messages`.`doctors_id` in (9, 11, 12, 13, 14, 15, 16, 17, 21, 22, 23, 24, 25, 26) and `members_id` = '31' order by `started_at` desc
2018-01-09 09:40:36: select * from `doctors` where `users_id` = 21 and `doctors`.`deleted_at` is null limit 1
2018-01-09 09:40:36: select * from `services` where `members_id` = '31' and `payment_status` = 1 and `services`.`deleted_at` is null order by `id` desc limit 1
2018-01-09 09:40:36: select * from `doctors` where `users_id` = 9 and `doctors`.`deleted_at` is null limit 1
2018-01-09 09:40:36: select * from `services` where `members_id` = '31' and `payment_status` = 1 and `services`.`deleted_at` is null order by `id` desc limit 1
2018-01-09 09:40:36: select * from `doctors` where `users_id` = 11 and `doctors`.`deleted_at` is null limit 1
2018-01-09 09:40:36: select * from `services` where `members_id` = '31' and `payment_status` = 1 and `services`.`deleted_at` is null order by `id` desc limit 1
2018-01-09 09:40:36: select * from `doctors` where `users_id` = 12 and `doctors`.`deleted_at` is null limit 1
2018-01-09 09:40:36: select * from `services` where `members_id` = '31' and `payment_status` = 1 and `services`.`deleted_at` is null order by `id` desc limit 1
2018-01-09 09:40:36: select * from `doctors` where `users_id` = 13 and `doctors`.`deleted_at` is null limit 1
2018-01-09 09:40:36: select * from `services` where `members_id` = '31' and `payment_status` = 1 and `services`.`deleted_at` is null order by `id` desc limit 1
2018-01-09 09:40:36: select * from `doctors` where `users_id` = 14 and `doctors`.`deleted_at` is null limit 1
2018-01-09 09:40:36: select * from `services` where `members_id` = '31' and `payment_status` = 1 and `services`.`deleted_at` is null order by `id` desc limit 1
2018-01-09 09:40:36: select * from `doctors` where `users_id` = 15 and `doctors`.`deleted_at` is null limit 1
2018-01-09 09:40:36: select * from `services` where `members_id` = '31' and `payment_status` = 1 and `services`.`deleted_at` is null order by `id` desc limit 1
2018-01-09 09:40:36: select * from `doctors` where `users_id` = 16 and `doctors`.`deleted_at` is null limit 1
2018-01-09 09:40:36: select * from `services` where `members_id` = '31' and `payment_status` = 1 and `services`.`deleted_at` is null order by `id` desc limit 1
2018-01-09 09:40:36: select * from `doctors` where `users_id` = 17 and `doctors`.`deleted_at` is null limit 1
2018-01-09 09:40:36: select * from `services` where `members_id` = '31' and `payment_status` = 1 and `services`.`deleted_at` is null order by `id` desc limit 1
2018-01-09 09:40:36: select * from `doctors` where `users_id` = 22 and `doctors`.`deleted_at` is null limit 1
2018-01-09 09:40:36: select * from `services` where `members_id` = '31' and `payment_status` = 1 and `services`.`deleted_at` is null order by `id` desc limit 1
2018-01-09 09:40:36: select * from `doctors` where `users_id` = 23 and `doctors`.`deleted_at` is null limit 1
2018-01-09 09:40:36: select * from `services` where `members_id` = '31' and `payment_status` = 1 and `services`.`deleted_at` is null order by `id` desc limit 1
2018-01-09 09:40:36: select * from `doctors` where `users_id` = 24 and `doctors`.`deleted_at` is null limit 1
2018-01-09 09:40:36: select * from `services` where `members_id` = '31' and `payment_status` = 1 and `services`.`deleted_at` is null order by `id` desc limit 1
2018-01-09 09:40:36: select * from `doctors` where `users_id` = 25 and `doctors`.`deleted_at` is null limit 1
2018-01-09 09:40:36: select * from `services` where `members_id` = '31' and `payment_status` = 1 and `services`.`deleted_at` is null order by `id` desc limit 1
2018-01-09 09:40:36: select * from `doctors` where `users_id` = 26 and `doctors`.`deleted_at` is null limit 1
2018-01-09 09:40:36: select * from `services` where `members_id` = '31' and `payment_status` = 1 and `services`.`deleted_at` is null order by `id` desc limit 1
2018-01-09 22:45:09: select * from `users` where `id` = '21' and `users`.`deleted_at` is null limit 1
2018-01-09 22:45:09: select * from `doctors` where `doctors`.`users_id` = 21 and `doctors`.`users_id` is not null and `doctors`.`deleted_at` is null limit 1
2018-01-09 22:45:09: select count(*) as aggregate from `member_requests` where `member_requests`.`deleted_at` is null
2018-01-09 22:45:09: select count(*) as aggregate from `member_request_doctors` where `doctors_id` = '21'
2018-01-09 22:45:09: select count(*) as aggregate from `services` where `doctors_id` = '21' and `opened_at` is null and `services`.`deleted_at` is null
2018-01-09 22:45:09: select * from `messages` where `doctors_id` = '21' and `doctor_readed_at` is null and `visible` = 1 order by `created_at` desc
2018-01-09 22:45:09: select * from `parameters` where `type` = 'banner'
2018-01-09 22:45:09: select * from `parameters` where `type` = 'setting' and `key` = 'service_email' limit 1
2018-01-09 22:45:10: select * from `users` where `id` = '21' and `users`.`deleted_at` is null limit 1
2018-01-09 22:45:10: select * from `doctors` where `doctors`.`users_id` = 21 and `doctors`.`users_id` is not null and `doctors`.`deleted_at` is null limit 1
2018-01-09 22:45:32: select * from `users` where `id` = '21' and `users`.`deleted_at` is null limit 1
2018-01-09 22:45:32: select * from `doctors` where `doctors`.`users_id` = 21 and `doctors`.`users_id` is not null and `doctors`.`deleted_at` is null limit 1
2018-01-09 22:45:34: select * from `users` where `id` = '21' and `users`.`deleted_at` is null limit 1
2018-01-09 22:45:34: select * from `doctors` where `doctors`.`users_id` = 21 and `doctors`.`users_id` is not null and `doctors`.`deleted_at` is null limit 1
